

Starting up. 16:17.31
---------------------

[16:24:42]ATTACK: <font color='red'>Ace Myles (silentium) attacked Ace Myles (silentium) with stone blade (INTENT: HELP) (DAMTYE: BRUTE)</font>
[16:24:47]ATTACK: <font color='red'>Ace Myles (silentium) attacked Ace Myles (silentium) with stone blade (INTENT: HELP) (DAMTYE: BRUTE)</font>
[16:29:55]ATTACK: <font color='red'>The human () was hit by the makeshift spear thrown by (Silentium)</font>
[16:30:08]ATTACK: <font color='red'>The human () was hit by the makeshift spear thrown by (Silentium)</font>
[16:30:20]ATTACK: <font color='red'>The human () was hit by the makeshift spear thrown by (Silentium)</font>
[16:30:30]ATTACK: <font color='red'>The human () was hit by the makeshift spear thrown by (Silentium)</font>


Starting up. 16:46.09
---------------------



Starting up. 23:14.07
---------------------



Starting up. 23:14.40
---------------------

[23:20:04]ATTACK: <font color='red'>Ace Myles (silentium) shot the human () with a the Bullet</font>
[23:20:21]ATTACK: <font color='red'>Ace Myles (silentium) shot Unknown () with a the Bullet</font>
[23:21:34]ATTACK: <font color='red'>Ace Myles (silentium) attacked Unknown () with Boomstick (INTENT: HELP) (DAMTYE: BRUTE)</font>
[23:23:16]ATTACK: <font color='red'>Ace Myles (silentium) attacked human () with hammer (INTENT: HELP) (DAMTYE: BRUTE)</font>
[23:24:13]ATTACK: <font color='red'>Ace Myles (silentium) attacked human () with makeshift knife (INTENT: HELP) (DAMTYE: BRUTE)</font>
[23:24:17]ATTACK: <font color='red'>Ace Myles (silentium) attacked Unknown () with makeshift knife (INTENT: HELP) (DAMTYE: BRUTE)</font>
[23:24:19]ATTACK: <font color='red'>Ace Myles (silentium) attacked Unknown () with makeshift knife (INTENT: HELP) (DAMTYE: BRUTE)</font>
[23:24:20]ATTACK: <font color='red'>Ace Myles (silentium) attacked Unknown () with makeshift knife (INTENT: HELP) (DAMTYE: BRUTE)</font>
[23:24:53]ATTACK: <font color='red'>Ace Myles (silentium) attacked human () with makeshift knife (INTENT: HELP) (DAMTYE: BRUTE)</font>
[23:24:57]ATTACK: <font color='red'>Ace Myles (silentium) attacked human () with makeshift knife (INTENT: HELP) (DAMTYE: BRUTE)</font>
[23:24:58]ATTACK: <font color='red'>Ace Myles (silentium) attacked human () with makeshift knife (INTENT: HELP) (DAMTYE: BRUTE)</font>
[23:24:59]ATTACK: <font color='red'>Ace Myles (silentium) attacked human () with makeshift knife (INTENT: HELP) (DAMTYE: BRUTE)</font>
[23:25:00]ATTACK: <font color='red'>Ace Myles (silentium) attacked human () with makeshift knife (INTENT: HELP) (DAMTYE: BRUTE)</font>
[23:25:01]ATTACK: <font color='red'>Ace Myles (silentium) attacked Unknown () with makeshift knife (INTENT: HELP) (DAMTYE: BRUTE)</font>
[23:25:03]ATTACK: <font color='red'>Ace Myles (silentium) attacked Unknown () with makeshift knife (INTENT: HELP) (DAMTYE: BRUTE)</font>
[23:25:04]ATTACK: <font color='red'>Ace Myles (silentium) attacked Unknown () with makeshift knife (INTENT: HELP) (DAMTYE: BRUTE)</font>
[23:25:06]ATTACK: <font color='red'>Ace Myles (silentium) attacked Unknown () with makeshift knife (INTENT: HELP) (DAMTYE: BRUTE)</font>
[23:25:08]ATTACK: <font color='red'>Ace Myles (silentium) attacked Unknown () with makeshift knife (INTENT: HELP) (DAMTYE: BRUTE)</font>
[23:25:09]ATTACK: <font color='red'>Ace Myles (silentium) attacked Unknown () with makeshift knife (INTENT: HELP) (DAMTYE: BRUTE)</font>
[23:29:02]ATTACK: <font color='red'>Ace Myles (silentium) shot the human () with a the Bullet</font>
[23:29:06]ATTACK: <font color='red'>Ace Myles (silentium) shot the human () with a the Bullet</font>
[23:29:14]ATTACK: <font color='red'>Ace Myles (silentium) shot the human () with a the Bullet</font>
[23:29:21]ATTACK: <font color='red'>Ace Myles (silentium) shot the human () with a the Bullet</font>
[23:29:25]ATTACK: <font color='red'>Ace Myles (silentium) shot the human () with a the Bullet</font>
[23:29:55]ATTACK: <font color='red'>Ace Myles (silentium) attacked Unknown () with makeshift knife (INTENT: HELP) (DAMTYE: BRUTE)</font>
[23:29:56]ATTACK: <font color='red'>Ace Myles (silentium) attacked Unknown () with makeshift knife (INTENT: HELP) (DAMTYE: BRUTE)</font>
[23:30:14]ATTACK: <font color='red'>Ace Myles (silentium) attacked Unknown () with makeshift knife (INTENT: HELP) (DAMTYE: BRUTE)</font>
[23:30:15]ATTACK: <font color='red'>Ace Myles (silentium) attacked Unknown () with makeshift knife (INTENT: HELP) (DAMTYE: BRUTE)</font>
[23:30:16]ATTACK: <font color='red'>Ace Myles (silentium) attacked Unknown () with makeshift knife (INTENT: HELP) (DAMTYE: BRUTE)</font>
[23:30:20]ATTACK: <font color='red'>Ace Myles (silentium) attacked Unknown () with makeshift knife (INTENT: HURT) (DAMTYE: BRUTE)</font>
[23:30:22]ATTACK: <font color='red'>Ace Myles (silentium) attacked Unknown () with makeshift knife (INTENT: HURT) (DAMTYE: BRUTE)</font>
[23:30:23]ATTACK: <font color='red'>Ace Myles (silentium) attacked Unknown () with makeshift knife (INTENT: HURT) (DAMTYE: BRUTE)</font>
[23:30:24]ATTACK: <font color='red'>Ace Myles (silentium) attacked Unknown () with makeshift knife (INTENT: HURT) (DAMTYE: BRUTE)</font>
[23:30:25]ATTACK: <font color='red'>Ace Myles (silentium) attacked Unknown () with makeshift knife (INTENT: HURT) (DAMTYE: BRUTE)</font>
[23:30:26]ATTACK: <font color='red'>Ace Myles (silentium) attacked Unknown () with makeshift knife (INTENT: HURT) (DAMTYE: BRUTE)</font>
[23:30:27]ATTACK: <font color='red'>Ace Myles (silentium) attacked Unknown () with makeshift knife (INTENT: HURT) (DAMTYE: BRUTE)</font>
[23:30:28]ATTACK: <font color='red'>Ace Myles (silentium) attacked Unknown () with makeshift knife (INTENT: HURT) (DAMTYE: BRUTE)</font>
[23:30:30]ATTACK: <font color='red'>Ace Myles (silentium) attacked Unknown () with makeshift knife (INTENT: HURT) (DAMTYE: BRUTE)</font>
[23:30:31]ATTACK: <font color='red'>Ace Myles (silentium) attacked Unknown () with makeshift knife (INTENT: HURT) (DAMTYE: BRUTE)</font>
[23:38:38]ATTACK: <font color='red'>Ace Myles (silentium) attacked Ace Myles (silentium) with Broken Bottle (INTENT: HELP) (DAMTYE: BRUTE)</font>
[23:38:47]ATTACK: <font color='red'>Ace Myles (silentium) attacked Ace Myles (silentium) with Broken Bottle (INTENT: HELP) (DAMTYE: BRUTE)</font>
[23:38:49]ATTACK: <font color='red'>Ace Myles (silentium) attacked Ace Myles (silentium) with Broken Bottle (INTENT: HELP) (DAMTYE: BRUTE)</font>
[23:38:50]ATTACK: <font color='red'>Ace Myles (silentium) attacked Ace Myles (silentium) with Broken Bottle (INTENT: HELP) (DAMTYE: BRUTE)</font>
[23:38:51]ATTACK: <font color='red'>Ace Myles (silentium) attacked Ace Myles (silentium) with Broken Bottle (INTENT: HELP) (DAMTYE: BRUTE)</font>
