

Starting up. 16:17.31
---------------------

[16:17:31]ADMIN: Loading jobban_rank
[16:17:31]ADMIN: jobban_keylist was empty
[16:17:31]ADMIN: Updating jobbanfile!
[16:17:31]ADMIN: Loading Banlist
Reading donators.txt
[16:18:31]ACCESS: Login: Silentium/(Silentium) from 127.0.0.1-9016090 || BYOND v509
[16:18:31]ACCESS: Login: Silentium/(Silentium) from 127.0.0.1
[16:22:49]ACCESS: Logout: *no client*/(Silentium)
[16:22:49]ACCESS: Login: Silentium/(Ace Myles) from 127.0.0.1-9016090 || BYOND v509
[16:24:42]ADMIN: ATTACK: Ace Myles (silentium) attacked Ace Myles (silentium) with the stone blade.
[16:24:47]ADMIN: ATTACK: Ace Myles (silentium) attacked Ace Myles (silentium) with the stone blade.
[16:29:49]ADMIN: Silentium/(Ace Myles) created a /mob/living/carbon/human
[16:29:55]ADMIN: ATTACK: the human () was hit by the makeshift spear thrown by (Silentium)
[16:30:08]ADMIN: ATTACK: the human () was hit by the makeshift spear thrown by (Silentium)
[16:30:20]ADMIN: ATTACK: the human () was hit by the makeshift spear thrown by (Silentium)
[16:30:30]ADMIN: ATTACK: the human () was hit by the makeshift spear thrown by (Silentium)
[16:33:03]ADMIN: Silentium/(Ace Myles) created a /obj/item/weapon/crafty/rifleframe
[16:33:09]ADMIN: Silentium/(Ace Myles) created a /obj/item/weapon/crafty/zipgunframe
[16:36:56]ADMIN: Silentium/(Ace Myles) created a /obj/item/weapon/gun/projectile/craftrifle
[16:42:29]ACCESS: Logout: Silentium/(Ace Myles)


Starting up. 16:46.09
---------------------

[16:46:09]ADMIN: Loading jobban_rank
[16:46:09]ADMIN: jobban_keylist was empty
[16:46:09]ADMIN: Updating jobbanfile!
[16:46:09]ADMIN: Loading Banlist
Reading donators.txt
[16:46:46]ACCESS: Login: Silentium/(Silentium) from 127.0.0.1-9016090 || BYOND v509
[16:46:46]ACCESS: Login: Silentium/(Silentium) from 127.0.0.1
[16:48:44]ADMIN: Silentium has started the game.
[16:48:45]ACCESS: Logout: *no client*/(Silentium)
[16:48:45]ACCESS: Login: Silentium/(Ace Myles) from 127.0.0.1-9016090 || BYOND v509
[16:49:19]ACCESS: Logout: Silentium/(Ace Myles)


Starting up. 23:14.07
---------------------

[23:14:07]ADMIN: Loading jobban_rank
[23:14:07]ADMIN: jobban_keylist was empty
[23:14:07]ADMIN: Updating jobbanfile!
[23:14:07]ADMIN: Loading Banlist
Reading donators.txt


Starting up. 23:14.40
---------------------

[23:14:40]ADMIN: Loading jobban_rank
[23:14:40]ADMIN: jobban_keylist was empty
[23:14:40]ADMIN: Updating jobbanfile!
[23:14:40]ADMIN: Loading Banlist
Reading donators.txt
[23:14:47]ACCESS: Login: Silentium/(Silentium) from 127.0.0.1-9016090 || BYOND v509
[23:14:47]ACCESS: Login: Silentium/(Silentium) from 127.0.0.1
[23:16:07]ADMIN: Silentium has started the game.
[23:16:07]ACCESS: Logout: *no client*/(Silentium)
[23:16:07]ACCESS: Login: Silentium/(Ace Myles) from 127.0.0.1-9016090 || BYOND v509
[23:18:42]ADMIN: Silentium/(Ace Myles) created a /mob/living/carbon/human
[23:19:50]ADMIN: Silentium/(Ace Myles) created a /obj/item/weapon/gun/projectile/craftrifle
[23:20:04]ADMIN: ATTACK: Ace Myles (silentium) shot the human () with the Bullet.
[23:20:05]EMOTE: human/ : <B>The human</B> screams!
[23:20:06]EMOTE: human/ : <B>The human</B> screams!
[23:20:21]ADMIN: ATTACK: Ace Myles (silentium) shot Unknown () with the Bullet.
[23:20:22]EMOTE: Unknown/ : <B>Unknown</B> screams!
[23:21:34]ADMIN: ATTACK: Ace Myles (silentium) attacked Unknown () with Boomstick.
[23:21:35]EMOTE: Unknown/ : <B>Unknown</B> screams!
[23:21:36]EMOTE: Unknown/ : <B>Unknown</B> screams!
[23:21:36]EMOTE: Unknown/ : <B>Unknown</B> screams!
[23:21:36]EMOTE: Unknown/ : <B>Unknown</B> seizes up and falls limp, his eyes dead and lifeless...
[23:22:09]ADMIN: Silentium/(Ace Myles) created a /mob/living/carbon/human
[23:22:30]ADMIN: Silentium/(Ace Myles) created a /obj/item/weapon/gun/projectile/zipgun
[23:23:16]ADMIN: ATTACK: Ace Myles (silentium) attacked the human () with the hammer.
[23:24:13]ADMIN: ATTACK: Ace Myles (silentium) attacked the human () with the makeshift knife.
[23:24:14]EMOTE: human/ : <B>The human</B> screams!
[23:24:15]EMOTE: human/ : <B>The human</B> screams!
[23:24:17]ADMIN: ATTACK: Ace Myles (silentium) attacked Unknown () with the makeshift knife.
[23:24:19]ADMIN: ATTACK: Ace Myles (silentium) attacked Unknown () with the makeshift knife.
[23:24:20]ADMIN: ATTACK: Ace Myles (silentium) attacked Unknown () with the makeshift knife.
[23:24:21]EMOTE: Unknown/ : <B>Unknown</B> screams!
[23:24:22]EMOTE: Unknown/ : <B>Unknown</B> screams!
[23:24:26]EMOTE: Unknown/ : <B>Unknown</B> gasps!
[23:24:30]EMOTE: Unknown/ : <B>Unknown</B> seizes up and falls limp, his eyes dead and lifeless...
[23:24:50]ADMIN: Silentium/(Ace Myles) created a /mob/living/carbon/human
[23:24:53]ADMIN: ATTACK: Ace Myles (silentium) attacked the human () with the makeshift knife.
[23:24:57]ADMIN: ATTACK: Ace Myles (silentium) attacked the human () with the makeshift knife.
[23:24:58]ADMIN: ATTACK: Ace Myles (silentium) attacked the human () with the makeshift knife.
[23:24:59]ADMIN: ATTACK: Ace Myles (silentium) attacked the human () with the makeshift knife.
[23:24:59]EMOTE: human/ : <B>The human</B> screams!
[23:25:00]ADMIN: ATTACK: Ace Myles (silentium) attacked the human () with the makeshift knife.
[23:25:00]EMOTE: human/ : <B>The human</B> screams!
[23:25:01]EMOTE: Unknown/ : <B>The human</B> screams!
[23:25:01]ADMIN: ATTACK: Ace Myles (silentium) attacked Unknown () with the makeshift knife.
[23:25:02]EMOTE: Unknown/ : <B>Unknown</B> screams!
[23:25:02]EMOTE: Unknown/ : <B>Unknown</B> screams!
[23:25:03]ADMIN: ATTACK: Ace Myles (silentium) attacked Unknown () with the makeshift knife.
[23:25:03]EMOTE: Unknown/ : <B>Unknown</B> screams!
[23:25:04]EMOTE: Unknown/ : <B>Unknown</B> screams!
[23:25:04]ADMIN: ATTACK: Ace Myles (silentium) attacked Unknown () with the makeshift knife.
[23:25:05]EMOTE: Unknown/ : <B>Unknown</B> screams!
[23:25:05]EMOTE: Unknown/ : <B>Unknown</B> screams!
[23:25:05]EMOTE: Unknown/ : <B>Unknown</B> seizes up and falls limp, his eyes dead and lifeless...
[23:25:05]EMOTE: Unknown/ : <B>Unknown</B> screams!
[23:25:06]ADMIN: ATTACK: Ace Myles (silentium) attacked Unknown () with the makeshift knife.
[23:25:08]ADMIN: ATTACK: Ace Myles (silentium) attacked Unknown () with the makeshift knife.
[23:25:09]ADMIN: ATTACK: Ace Myles (silentium) attacked Unknown () with the makeshift knife.
[23:25:50]ADMIN: Silentium/(Ace Myles) created a /obj/item/weapon/crafty/crossbowframe
[23:25:54]ADMIN: Silentium/(Ace Myles) created a /obj/item/weapon/crafty/rifleframe
[23:25:57]ADMIN: Silentium/(Ace Myles) created a /obj/item/weapon/crafty/rifleframe
[23:28:58]ADMIN: Silentium/(Ace Myles) created a /mob/living/carbon/human
[23:29:02]ADMIN: ATTACK: Ace Myles (silentium) shot the human () with the Bullet.
[23:29:06]ADMIN: ATTACK: Ace Myles (silentium) shot the human () with the Bullet.
[23:29:14]ADMIN: ATTACK: Ace Myles (silentium) shot the human () with the Bullet.
[23:29:21]ADMIN: ATTACK: Ace Myles (silentium) shot the human () with the Bullet.
[23:29:25]ADMIN: ATTACK: Ace Myles (silentium) shot the human () with the Bullet.
[23:29:27]EMOTE: human/ : <B>The human</B> screams!
[23:29:28]EMOTE: human/ : <B>The human</B> screams!
[23:29:55]ADMIN: ATTACK: Ace Myles (silentium) attacked Unknown () with the makeshift knife.
[23:29:56]ADMIN: ATTACK: Ace Myles (silentium) attacked Unknown () with the makeshift knife.
[23:29:56]EMOTE: Unknown/ : <B>Unknown</B> screams!
[23:29:57]EMOTE: Unknown/ : <B>Unknown</B> screams!
[23:29:58]EMOTE: Unknown/ : <B>Unknown</B> screams!
[23:30:06]EMOTE: Unknown/ : <B>Unknown</B> seizes up and falls limp, his eyes dead and lifeless...
[23:30:14]ADMIN: ATTACK: Ace Myles (silentium) attacked Unknown () with the makeshift knife.
[23:30:15]ADMIN: ATTACK: Ace Myles (silentium) attacked Unknown () with the makeshift knife.
[23:30:16]ADMIN: ATTACK: Ace Myles (silentium) attacked Unknown () with the makeshift knife.
[23:30:20]ADMIN: ATTACK: Ace Myles (silentium) attacked Unknown () with the makeshift knife.
[23:30:22]ADMIN: ATTACK: Ace Myles (silentium) attacked Unknown () with the makeshift knife.
[23:30:23]ADMIN: ATTACK: Ace Myles (silentium) attacked Unknown () with the makeshift knife.
[23:30:24]ADMIN: ATTACK: Ace Myles (silentium) attacked Unknown () with the makeshift knife.
[23:30:25]ADMIN: ATTACK: Ace Myles (silentium) attacked Unknown () with the makeshift knife.
[23:30:26]ADMIN: ATTACK: Ace Myles (silentium) attacked Unknown () with the makeshift knife.
[23:30:27]ADMIN: ATTACK: Ace Myles (silentium) attacked Unknown () with the makeshift knife.
[23:30:28]ADMIN: ATTACK: Ace Myles (silentium) attacked Unknown () with the makeshift knife.
[23:30:30]ADMIN: ATTACK: Ace Myles (silentium) attacked Unknown () with the makeshift knife.
[23:30:31]ADMIN: ATTACK: Ace Myles (silentium) attacked Unknown () with the makeshift knife.
[23:33:56]ADMIN: Silentium/(Ace Myles) created a /obj/item/weapon/lighter/zippo
[23:34:34]GAME: Explosion with size (-1, -1, 2) in area Sewers 
[23:35:20]ADMIN: Silentium/(Ace Myles) created a /obj/item/weapon/fragnade
[23:35:27]ADMIN: Silentium/(Ace Myles) created a /obj/item/weapon/fragnade
[23:35:46]ADMIN: Silentium/(Ace Myles) created a /obj/item/weapon/fragbomb/fragnade
[23:36:01]EMOTE: Ace Myles/Silentium : <B>Ace Myles</B> gasps!
[23:36:02]EMOTE: Ace Myles/Silentium : <B>Ace Myles</B> screams!
[23:36:06]EMOTE: Ace Myles/Silentium : <B>Ace Myles</B> screams!
[23:36:17]ADMIN: Silentium/(Ace Myles) healed / revived Silentium/(Ace Myles)
[23:36:48]ADMIN: Silentium/(Ace Myles) created a /obj/item/weapon/fragbomb/fragnade
[23:37:02]ADMIN: Silentium/(Ace Myles) created a /obj/item/weapon/cable_coil
[23:37:17]ADMIN: Silentium/(Ace Myles) created a /obj/item/weapon/cable_coil/blue
[23:37:40]GAME: Explosion with size (-1, -1, 2) in area Street 
[23:38:38]ADMIN: ATTACK: Ace Myles (silentium) attacked Ace Myles (silentium) with Broken Bottle.
[23:38:47]ADMIN: ATTACK: Ace Myles (silentium) attacked Ace Myles (silentium) with Broken Bottle.
[23:38:49]ADMIN: ATTACK: Ace Myles (silentium) attacked Ace Myles (silentium) with Broken Bottle.
[23:38:50]ADMIN: ATTACK: Ace Myles (silentium) attacked Ace Myles (silentium) with Broken Bottle.
[23:38:51]ADMIN: ATTACK: Ace Myles (silentium) attacked Ace Myles (silentium) with Broken Bottle.
[23:38:56]ACCESS: Logout: Silentium/(Ace Myles)
