

Starting up. 14:02.45
---------------------

[14:02:45]ADMIN: Loading jobban_rank
[14:02:45]ADMIN: jobban_keylist was empty
[14:02:45]ADMIN: Updating jobbanfile!
[14:02:45]ADMIN: Loading Banlist
Reading donators.txt
[14:03:10]ACCESS: Login: Silentium/(Silentium) from 127.0.0.1-9016090 || BYOND v509
[14:03:10]ACCESS: Login: Silentium/(Silentium) from 127.0.0.1
[14:03:32]ADMIN: Silentium has started the game.
[14:03:32]ACCESS: Logout: *no client*/(Silentium)
[14:03:32]ACCESS: Login: Silentium/(Ace Myles) from 127.0.0.1-9016090 || BYOND v509
[14:05:47]ACCESS: Logout: Silentium/(Ace Myles)


Starting up. 14:12.23
---------------------

[14:12:23]ADMIN: Loading jobban_rank
[14:12:23]ADMIN: jobban_keylist was empty
[14:12:23]ADMIN: Updating jobbanfile!
[14:12:23]ADMIN: Loading Banlist
Reading donators.txt
[14:13:42]ACCESS: Login: Silentium/(Silentium) from 127.0.0.1-9016090 || BYOND v509
[14:13:42]ACCESS: Login: Silentium/(Silentium) from 127.0.0.1
[14:13:55]ADMIN: Silentium has started the game.
[14:13:56]ACCESS: Logout: *no client*/(Silentium)
[14:13:56]ACCESS: Login: Silentium/(Ace Myles) from 127.0.0.1-9016090 || BYOND v509
[14:14:59]ACCESS: Logout: Silentium/(Ace Myles)


Starting up. 14:18.19
---------------------

[14:18:19]ADMIN: Loading jobban_rank
[14:18:19]ADMIN: jobban_keylist was empty
[14:18:19]ADMIN: Updating jobbanfile!
[14:18:19]ADMIN: Loading Banlist
Reading donators.txt
[14:18:30]ACCESS: Login: Silentium/(Silentium) from 127.0.0.1-9016090 || BYOND v509
[14:18:30]ACCESS: Login: Silentium/(Silentium) from 127.0.0.1
[14:19:05]ADMIN: Silentium has started the game.
[14:19:05]ACCESS: Logout: *no client*/(Silentium)
[14:19:05]ACCESS: Login: Silentium/(Ace Myles) from 127.0.0.1-9016090 || BYOND v509
[14:23:54]ADMIN: Silentium/(Ace Myles) created a /mob/living/carbon/human
[14:23:59]ADMIN: ATTACK: Ace Myles (silentium) attacked the human () with the chainsaw.
[14:24:01]ADMIN: ATTACK: Ace Myles (silentium) attacked the human () with the chainsaw.
[14:24:02]ADMIN: ATTACK: Ace Myles (silentium) attacked the human () with the chainsaw.
[14:24:02]EMOTE: human/ : <B>The human</B> screams!
[14:24:03]EMOTE: human/ : <B>The human</B> screams!
[14:24:04]ADMIN: ATTACK: Ace Myles (silentium) attacked Unknown () with the chainsaw.
[14:24:05]EMOTE: Unknown/ : <B>Unknown</B> screams!
[14:24:05]ADMIN: ATTACK: Ace Myles (silentium) attacked Unknown () with the chainsaw.
[14:24:06]EMOTE: Unknown/ : <B>Unknown</B> screams!
[14:24:06]EMOTE: Unknown/ : <B>Unknown</B> screams!
[14:24:07]EMOTE: Unknown/ : <B>Unknown</B> screams!
[14:24:07]EMOTE: Unknown/ : <B>Unknown</B> seizes up and falls limp, his eyes dead and lifeless...
[14:24:07]EMOTE: Unknown/ : <B>Unknown</B> screams!
[14:24:07]ADMIN: ATTACK: Ace Myles (silentium) attacked Unknown () with the chainsaw.
[14:24:08]ADMIN: ATTACK: Ace Myles (silentium) attacked Unknown () with the chainsaw.
[14:24:09]ADMIN: ATTACK: Ace Myles (silentium) attacked Unknown () with the chainsaw.
[14:24:11]ADMIN: ATTACK: Ace Myles (silentium) attacked Unknown () with the chainsaw.
[14:24:15]ADMIN: ATTACK: Ace Myles (silentium) attacked Unknown () with the chainsaw.
[14:24:16]ADMIN: ATTACK: Ace Myles (silentium) attacked Unknown () with the chainsaw.
[14:24:17]ADMIN: ATTACK: Ace Myles (silentium) attacked Unknown () with the chainsaw.
[14:24:18]ADMIN: ATTACK: Ace Myles (silentium) attacked Unknown () with the chainsaw.
[14:24:19]ADMIN: ATTACK: Ace Myles (silentium) attacked Unknown () with the chainsaw.
[14:24:20]ADMIN: ATTACK: Ace Myles (silentium) attacked Unknown () with the chainsaw.
[14:24:22]ADMIN: ATTACK: Ace Myles (silentium) attacked Unknown () with the chainsaw.
[14:24:23]ADMIN: ATTACK: Ace Myles (silentium) attacked Unknown () with the chainsaw.
[14:24:24]ADMIN: ATTACK: Ace Myles (silentium) attacked Unknown () with the chainsaw.
[14:26:11]ADMIN: ATTACK: Ace Myles (silentium) attacked Unknown () with Match.


Starting up. 14:36.30
---------------------

[14:36:30]ADMIN: Loading jobban_rank
[14:36:30]ADMIN: jobban_keylist was empty
[14:36:30]ADMIN: Updating jobbanfile!
[14:36:30]ADMIN: Loading Banlist
Reading donators.txt
[14:36:51]ACCESS: Login: Silentium/(Silentium) from 127.0.0.1-9016090 || BYOND v509
[14:36:51]ACCESS: Login: Silentium/(Silentium) from 127.0.0.1
[14:37:32]ADMIN: Silentium has started the game.
[14:37:32]ACCESS: Logout: *no client*/(Silentium)
[14:37:32]ACCESS: Login: Silentium/(Ace Myles) from 127.0.0.1-9016090 || BYOND v509
[14:38:36]ADMIN: Silentium/(Ace Myles) healed / revived Silentium/(Ace Myles)
[14:39:46]ACCESS: Logout: Silentium/(Ace Myles)
