

Starting up. 14:02.45
---------------------



Starting up. 14:12.23
---------------------



Starting up. 14:18.19
---------------------

[14:23:59]ATTACK: <font color='red'>Ace Myles (silentium) attacked human () with chainsaw (INTENT: HELP) (DAMTYE: BRUTE)</font>
[14:24:01]ATTACK: <font color='red'>Ace Myles (silentium) attacked human () with chainsaw (INTENT: HELP) (DAMTYE: BRUTE)</font>
[14:24:02]ATTACK: <font color='red'>Ace Myles (silentium) attacked human () with chainsaw (INTENT: HELP) (DAMTYE: BRUTE)</font>
[14:24:04]ATTACK: <font color='red'>Ace Myles (silentium) attacked Unknown () with chainsaw (INTENT: HELP) (DAMTYE: BRUTE)</font>
[14:24:05]ATTACK: <font color='red'>Ace Myles (silentium) attacked Unknown () with chainsaw (INTENT: HELP) (DAMTYE: BRUTE)</font>
[14:24:07]ATTACK: <font color='red'>Ace Myles (silentium) attacked Unknown () with chainsaw (INTENT: HELP) (DAMTYE: BRUTE)</font>
[14:24:08]ATTACK: <font color='red'>Ace Myles (silentium) attacked Unknown () with chainsaw (INTENT: HELP) (DAMTYE: BRUTE)</font>
[14:24:09]ATTACK: <font color='red'>Ace Myles (silentium) attacked Unknown () with chainsaw (INTENT: HELP) (DAMTYE: BRUTE)</font>
[14:24:11]ATTACK: <font color='red'>Ace Myles (silentium) attacked Unknown () with chainsaw (INTENT: HELP) (DAMTYE: BRUTE)</font>
[14:24:15]ATTACK: <font color='red'>Ace Myles (silentium) attacked Unknown () with chainsaw (INTENT: HELP) (DAMTYE: BRUTE)</font>
[14:24:16]ATTACK: <font color='red'>Ace Myles (silentium) attacked Unknown () with chainsaw (INTENT: HELP) (DAMTYE: BRUTE)</font>
[14:24:17]ATTACK: <font color='red'>Ace Myles (silentium) attacked Unknown () with chainsaw (INTENT: HELP) (DAMTYE: BRUTE)</font>
[14:24:18]ATTACK: <font color='red'>Ace Myles (silentium) attacked Unknown () with chainsaw (INTENT: HELP) (DAMTYE: BRUTE)</font>
[14:24:19]ATTACK: <font color='red'>Ace Myles (silentium) attacked Unknown () with chainsaw (INTENT: HELP) (DAMTYE: BRUTE)</font>
[14:24:20]ATTACK: <font color='red'>Ace Myles (silentium) attacked Unknown () with chainsaw (INTENT: HELP) (DAMTYE: BRUTE)</font>
[14:24:22]ATTACK: <font color='red'>Ace Myles (silentium) attacked Unknown () with chainsaw (INTENT: HELP) (DAMTYE: BRUTE)</font>
[14:24:23]ATTACK: <font color='red'>Ace Myles (silentium) attacked Unknown () with chainsaw (INTENT: HELP) (DAMTYE: BRUTE)</font>
[14:24:24]ATTACK: <font color='red'>Ace Myles (silentium) attacked Unknown () with chainsaw (INTENT: HELP) (DAMTYE: BRUTE)</font>
[14:26:11]ATTACK: <font color='red'>Ace Myles (silentium) attacked Unknown () with Match (INTENT: HELP) (DAMTYE: BRUTE)</font>


Starting up. 14:36.30
---------------------

