

Starting up. 11:09.52
---------------------



Starting up. 11:33.43
---------------------



Starting up. 13:18.56
---------------------



Starting up. 13:33.28
---------------------



Starting up. 14:35.47
---------------------



Starting up. 15:26.24
---------------------



Starting up. 19:57.14
---------------------



Starting up. 20:15.32
---------------------



Starting up. 20:25.57
---------------------



Starting up. 20:32.51
---------------------



Starting up. 20:46.23
---------------------



Starting up. 20:50.21
---------------------



Starting up. 21:13.36
---------------------



Starting up. 21:24.39
---------------------



Starting up. 21:40.17
---------------------



Starting up. 21:45.46
---------------------

[21:53:26]ATTACK: <font color='red'>Ace Myles (silentium) attacked Ace Myles (silentium) with metal parts (INTENT: HELP) (DAMTYE: BRUTE)</font>
[21:54:11]ATTACK: <font color='red'>Bruce Bratton (teretox) attacked Tom Noide (maglaj) with brick (INTENT: DISARM) (DAMTYE: BRUTE)</font>
[21:54:12]ATTACK: <font color='red'>Elliot Lineman (sanu17) attacked Tom Noide (maglaj) with brick (INTENT: HURT) (DAMTYE: BRUTE)</font>
[21:54:19]ATTACK: <font color='red'>Bruce Bratton (teretox) attacked Tom Noide (maglaj) with brick (INTENT: DISARM) (DAMTYE: BRUTE)</font>
[21:54:20]ATTACK: <font color='red'>Bruce Bratton (teretox) attacked Tom Noide (maglaj) with brick (INTENT: DISARM) (DAMTYE: BRUTE)</font>
[21:54:21]ATTACK: <font color='red'>Elliot Lineman (sanu17) attacked Unknown (maglaj) with brick (INTENT: HURT) (DAMTYE: BRUTE)</font>
[21:54:21]ATTACK: <font color='red'>Bruce Bratton (teretox) attacked Unknown (maglaj) with brick (INTENT: DISARM) (DAMTYE: BRUTE)</font>
[21:54:22]ATTACK: <font color='red'>Elliot Lineman (sanu17) attacked Unknown (maglaj) with brick (INTENT: HURT) (DAMTYE: BRUTE)</font>
[21:54:23]ATTACK: <font color='red'>Bruce Bratton (teretox) attacked Unknown (maglaj) with brick (INTENT: DISARM) (DAMTYE: BRUTE)</font>
[21:54:23]ATTACK: <font color='red'>Elliot Lineman (sanu17) attacked Unknown (maglaj) with brick (INTENT: HURT) (DAMTYE: BRUTE)</font>
[21:54:24]ATTACK: <font color='red'>Bruce Bratton (teretox) attacked Unknown (maglaj) with brick (INTENT: DISARM) (DAMTYE: BRUTE)</font>
[21:54:24]ATTACK: <font color='red'>Elliot Lineman (sanu17) attacked Unknown (maglaj) with brick (INTENT: HURT) (DAMTYE: BRUTE)</font>
[21:54:25]ATTACK: <font color='red'>Bruce Bratton (teretox) attacked Unknown (maglaj) with brick (INTENT: DISARM) (DAMTYE: BRUTE)</font>
[21:54:25]ATTACK: <font color='red'>Elliot Lineman (sanu17) attacked Unknown (maglaj) with brick (INTENT: HURT) (DAMTYE: BRUTE)</font>
[21:54:26]ATTACK: <font color='red'>Bruce Bratton (teretox) attacked Unknown (maglaj) with brick (INTENT: DISARM) (DAMTYE: BRUTE)</font>
[22:00:06]ATTACK: <font color='red'>Bruce Bratton (teretox) fed Elliot Lineman (sanu17) with Anti-toxins pill (INTENT: DISARM)</font>
[22:00:20]ATTACK: <font color='red'>Unknown (epicjoe) attacked Huepidor Blyat (camer) with fire extinguisher (INTENT: DISARM) (DAMTYE: BRUTE)</font>
[22:00:22]ATTACK: <font color='red'>Huepidor Blyat (camer) disarmed Unknown (epicjoe)</font>
[22:00:22]ATTACK: <font color='red'>Unknown (epicjoe) attacked Huepidor Blyat (camer) with fire extinguisher (INTENT: DISARM) (DAMTYE: BRUTE)</font>
[22:00:33]ATTACK: <font color='red'>Unknown (epicjoe) grabbed the neck of Huepidor Blyat (camer)</font>
[22:00:33]ATTACK: <font color='red'>Unknown (epicjoe) Strangled (kill intent) Huepidor Blyat (camer)</font>
[22:00:36]ATTACK: <font color='red'>Unknown (epicjoe) Strangled (kill intent) Huepidor Blyat (camer)</font>
[22:01:29]ATTACK: <font color='red'>Huepidor Blyat (camer) was hit by Frag Nanobots grenade thrown by (Neray)</font>
[22:01:59]ATTACK: <font color='red'>Unknown (epicjoe) shot Huepidor Blyat (camer) with a the Bullet</font>
[22:02:05]ATTACK: <font color='red'>Unknown (epicjoe) primed a flashbang.</font>
[22:02:13]ATTACK: <font color='red'>Unknown (epicjoe) shot Werner Diels (neray) with a the Bullet</font>
[22:02:14]ATTACK: <font color='red'>Unknown (epicjoe) shot Werner Diels (neray) with a the Bullet</font>
[22:02:23]ATTACK: <font color='red'>Unknown (epicjoe) shot Unknown as (Werner Diels) (neray) with a the Bullet</font>
[22:02:23]ATTACK: <font color='red'>Unknown as (Werner Diels) (neray) primed a frag grenade.</font>
[22:02:24]ATTACK: <font color='red'>Unknown (epicjoe) shot Unknown as (Werner Diels) (neray) with a the Bullet</font>
[22:08:35]ATTACK: <font color='red'>Unknown (epicjoe) shot Jean Creeping Things Guess (dafiop) with a the lead</font>
[22:11:07]ATTACK: <font color='red'>Hovenbeth Hels (hovenbeth) implanted Hovenbeth Hels (hovenbeth) with Nanoaugmentation Implaner (Short-range Psionic Radar) (INTENT: HELP)</font>
[22:11:25]ATTACK: <font color='red'>Hovenbeth Hels (hovenbeth) implanted Hovenbeth Hels (hovenbeth) with Nanoaugmentation Implaner (Regenerative Nanobots) (INTENT: HELP)</font>
[22:12:26]ATTACK: <font color='red'>Carter Powers (striker12345) attacked Jean Creeping Things Guess (dafiop) with hatchet (INTENT: HELP) (DAMTYE: BRUTE)</font>
[22:14:08]ATTACK: <font color='red'>Werner Diels (silentium) shot George Michael (camer) with a the Bullet</font>
[22:14:08]ATTACK: <font color='red'>Werner Diels (silentium) shot George Michael (camer) with a the Bullet</font>
[22:20:21]ATTACK: <font color='red'>Tyler News (ferriangardson) attacked Wolf Lebovsky (techpriestwolfy) with brick (INTENT: DISARM) (DAMTYE: BRUTE)</font>
[22:20:22]ATTACK: <font color='red'>Tyler News (ferriangardson) attacked Wolf Lebovsky (techpriestwolfy) with brick (INTENT: DISARM) (DAMTYE: BRUTE)</font>
[22:20:23]ATTACK: <font color='red'>Tyler News (ferriangardson) attacked Wolf Lebovsky (techpriestwolfy) with brick (INTENT: DISARM) (DAMTYE: BRUTE)</font>
[22:20:24]ATTACK: <font color='red'>Tyler News (ferriangardson) attacked Unknown (techpriestwolfy) with brick (INTENT: DISARM) (DAMTYE: BRUTE)</font>
[22:20:25]ATTACK: <font color='red'>Tyler News (ferriangardson) attacked Unknown (techpriestwolfy) with brick (INTENT: DISARM) (DAMTYE: BRUTE)</font>
[22:20:27]ATTACK: <font color='red'>Tyler News (ferriangardson) attacked Unknown (techpriestwolfy) with brick (INTENT: DISARM) (DAMTYE: BRUTE)</font>
[22:20:28]ATTACK: <font color='red'>Tyler News (ferriangardson) attacked Unknown (techpriestwolfy) with brick (INTENT: DISARM) (DAMTYE: BRUTE)</font>
[22:20:35]ATTACK: <font color='red'>Tyler News (ferriangardson) Attempted to handcuff Unknown (techpriestwolfy)</font>
[22:22:06]ATTACK: <font color='red'>Tyler News (ferriangardson) attacked Carter Walker (sanu17) with brick (INTENT: DISARM) (DAMTYE: BRUTE)</font>
[22:22:08]ATTACK: <font color='red'>Tyler News (ferriangardson) attacked Carter Walker (sanu17) with brick (INTENT: DISARM) (DAMTYE: BRUTE)</font>
[22:22:10]ATTACK: <font color='red'>Tyler News (ferriangardson) attacked Carter Walker (sanu17) with brick (INTENT: DISARM) (DAMTYE: BRUTE)</font>
[22:22:11]ATTACK: <font color='red'>Tyler News (ferriangardson) attacked Unknown (sanu17) with brick (INTENT: DISARM) (DAMTYE: BRUTE)</font>
[22:22:14]ATTACK: <font color='red'>Bruce Bratton (teretox) shot Unknown (sanu17) with a bow ()</font>
[22:23:01]ATTACK: <font color='red'>Tyler News (ferriangardson) attacked Bruce Bratton (teretox) with brick (INTENT: DISARM) (DAMTYE: BRUTE)</font>
[22:23:09]ATTACK: <font color='red'>Tyler News (ferriangardson) attacked Bruce Bratton (teretox) with brick (INTENT: DISARM) (DAMTYE: BRUTE)</font>
[22:23:33]ATTACK: <font color='red'>Bruce Bratton (teretox) attacked Tyler News (ferriangardson) with kitchen knife (INTENT: HELP) (DAMTYE: BRUTE)</font>
[22:23:33]ATTACK: <font color='red'>Tyler News (ferriangardson) attacked Bruce Bratton (teretox) with brick (INTENT: DISARM) (DAMTYE: BRUTE)</font>
[22:23:36]ATTACK: <font color='red'>Bruce Bratton (teretox) attacked Tyler News (ferriangardson) with kitchen knife (INTENT: HELP) (DAMTYE: BRUTE)</font>
[22:23:40]ATTACK: <font color='red'>Bruce Bratton (teretox) attacked Tyler News (ferriangardson) with kitchen knife (INTENT: HELP) (DAMTYE: BRUTE)</font>
[22:23:41]ATTACK: <font color='red'>Bruce Bratton (teretox) attacked Unknown (ferriangardson) with kitchen knife (INTENT: HELP) (DAMTYE: BRUTE)</font>
[22:23:43]ATTACK: <font color='red'>Bruce Bratton (teretox) attacked Unknown (ferriangardson) with kitchen knife (INTENT: HELP) (DAMTYE: BRUTE)</font>
[22:23:44]ATTACK: <font color='red'>Bruce Bratton (teretox) attacked Unknown (ferriangardson) with kitchen knife (INTENT: HELP) (DAMTYE: BRUTE)</font>
[22:23:46]ATTACK: <font color='red'>Bruce Bratton (teretox) attacked Unknown (ferriangardson) with kitchen knife (INTENT: HELP) (DAMTYE: BRUTE)</font>
[22:23:51]ATTACK: <font color='red'>Bruce Bratton (teretox) attacked Bruce Bratton (teretox) with Tyler News's head (INTENT: HELP) (DAMTYE: BRUTE)</font>
[22:24:25]ATTACK: <font color='red'>Bruce Bratton (teretox) attacked Unknown (ferriangardson) with kitchen knife (INTENT: HELP) (DAMTYE: BRUTE)</font>
[22:24:53]ATTACK: <font color='red'>Werner Diels (silentium) shot Billy Idol (1cogwheel1) with a the Bullet</font>
[22:24:53]ATTACK: <font color='red'>Werner Diels (silentium) shot Billy Idol (1cogwheel1) with a the Bullet</font>
[22:28:41]ATTACK: <font color='red'>Tom Jones (camer) primed a flashbang.</font>
[22:28:42]ATTACK: <font color='red'>Bruce Bratton (teretox) shot Bruno Mantana (rigget) with a bow ()</font>
[22:28:56]ATTACK: <font color='red'>Bruce Bratton (teretox) shot Bruno Mantana (rigget) with a bow ()</font>
[22:28:58]ATTACK: <font color='red'>Tom Jones (camer) shot Werner Diels (silentium) with a the Bullet</font>
[22:29:00]ATTACK: <font color='red'>Bruce Bratton (teretox) attacked Bruno Mantana (rigget) with kitchen knife (INTENT: HELP) (DAMTYE: BRUTE)</font>
[22:29:01]ATTACK: <font color='red'>Bruno Mantana (rigget) attacked Bruce Bratton (teretox) with knife (INTENT: DISARM) (DAMTYE: BRUTE)</font>
[22:29:03]ATTACK: <font color='red'>Bruno Mantana (rigget) attacked Bruce Bratton (teretox) with knife (INTENT: DISARM) (DAMTYE: BRUTE)</font>
[22:29:04]ATTACK: <font color='red'>Bruno Mantana (rigget) attacked Bruce Bratton (teretox) with knife (INTENT: DISARM) (DAMTYE: BRUTE)</font>
[22:29:06]ATTACK: <font color='red'>Bruno Mantana (rigget) attacked Unknown (teretox) with knife (INTENT: DISARM) (DAMTYE: BRUTE)</font>
[22:29:07]ATTACK: <font color='red'>Bruno Mantana (rigget) attacked Unknown (teretox) with knife (INTENT: DISARM) (DAMTYE: BRUTE)</font>
[22:29:14]ATTACK: <font color='red'>Werner Diels (silentium) attacked Unknown as (Billy Idol) (1cogwheel1) with police baton (INTENT: HURT)</font>
[22:29:14]ATTACK: <font color='red'>Werner Diels (silentium) attacked Unknown as (Billy Idol) (1cogwheel1) with police baton (INTENT: HURT) (DAMTYE: BRUTE)</font>
[22:29:16]ATTACK: <font color='red'>Werner Diels (silentium) attacked Unknown as (Billy Idol) (1cogwheel1) with police baton (INTENT: HURT)</font>
[22:29:16]ATTACK: <font color='red'>Werner Diels (silentium) attacked Unknown as (Billy Idol) (1cogwheel1) with police baton (INTENT: HURT) (DAMTYE: BRUTE)</font>
[22:29:17]ATTACK: <font color='red'>Werner Diels (silentium) attacked Unknown as (Billy Idol) (1cogwheel1) with police baton (INTENT: HURT)</font>
[22:29:17]ATTACK: <font color='red'>Werner Diels (silentium) attacked Unknown as (Billy Idol) (1cogwheel1) with police baton (INTENT: HURT) (DAMTYE: BRUTE)</font>
[22:29:20]ATTACK: <font color='red'>Werner Diels (silentium) attacked Tom Jones (camer) with police baton (INTENT: HURT)</font>
[22:29:20]ATTACK: <font color='red'>Werner Diels (silentium) attacked Tom Jones (camer) with police baton (INTENT: HURT) (DAMTYE: BRUTE)</font>
[22:29:21]ATTACK: <font color='red'>Werner Diels (silentium) attacked Tom Jones (camer) with police baton (INTENT: HURT)</font>
[22:29:21]ATTACK: <font color='red'>Werner Diels (silentium) attacked Tom Jones (camer) with police baton (INTENT: HURT) (DAMTYE: BRUTE)</font>
[22:29:25]ATTACK: <font color='red'>Werner Diels (silentium) attacked Tom Jones (camer) with MAC-15 (INTENT: HURT) (DAMTYE: BRUTE)</font>
[22:29:26]ATTACK: <font color='red'>Werner Diels (silentium) attacked Tom Jones (camer) with MAC-15 (INTENT: HURT) (DAMTYE: BRUTE)</font>
[22:29:29]ATTACK: <font color='red'>Werner Diels (silentium) attacked Tom Jones (camer) with MAC-15 (INTENT: HURT) (DAMTYE: BRUTE)</font>
[22:29:31]ATTACK: <font color='red'>Werner Diels (silentium) attacked Tom Jones (camer) with police baton (INTENT: HURT)</font>
[22:29:31]ATTACK: <font color='red'>Werner Diels (silentium) attacked Tom Jones (camer) with police baton (INTENT: HURT) (DAMTYE: BRUTE)</font>
[22:29:32]ATTACK: <font color='red'>Werner Diels (silentium) attacked Tom Jones (camer) with police baton (INTENT: HURT)</font>
[22:29:32]ATTACK: <font color='red'>Werner Diels (silentium) attacked Tom Jones (camer) with police baton (INTENT: HURT) (DAMTYE: BRUTE)</font>
[22:29:34]ATTACK: <font color='red'>Werner Diels (silentium) attacked Tom Jones (camer) with police baton (INTENT: HURT)</font>
[22:29:34]ATTACK: <font color='red'>Werner Diels (silentium) attacked Tom Jones (camer) with police baton (INTENT: HURT) (DAMTYE: BRUTE)</font>
[22:29:35]ATTACK: <font color='red'>Werner Diels (silentium) attacked Unknown as (Billy Idol) (1cogwheel1) with police baton (INTENT: HURT)</font>
[22:29:35]ATTACK: <font color='red'>Werner Diels (silentium) attacked Unknown as (Billy Idol) (1cogwheel1) with police baton (INTENT: HURT) (DAMTYE: BRUTE)</font>
[22:29:37]ATTACK: <font color='red'>Werner Diels (silentium) attacked Tom Jones (camer) with Smith-W (INTENT: HURT) (DAMTYE: BRUTE)</font>
[22:29:39]ATTACK: <font color='red'>Werner Diels (silentium) attacked Tom Jones (camer) with Smith-W (INTENT: HURT) (DAMTYE: BRUTE)</font>
[22:29:41]ATTACK: <font color='red'>Werner Diels (silentium) attacked Tom Jones (camer) with police baton (INTENT: HURT)</font>
[22:29:41]ATTACK: <font color='red'>Werner Diels (silentium) attacked Tom Jones (camer) with police baton (INTENT: HURT) (DAMTYE: BRUTE)</font>
[22:29:43]ATTACK: <font color='red'>Werner Diels (silentium) attacked Unknown as (Tom Jones) (camer) with police baton (INTENT: HURT)</font>
[22:29:43]ATTACK: <font color='red'>Werner Diels (silentium) attacked Unknown as (Tom Jones) (camer) with police baton (INTENT: HURT) (DAMTYE: BRUTE)</font>
[22:29:44]ATTACK: <font color='red'>Werner Diels (silentium) attacked Unknown as (Billy Idol) (1cogwheel1) with police baton (INTENT: HURT)</font>
[22:29:44]ATTACK: <font color='red'>Werner Diels (silentium) attacked Unknown as (Billy Idol) (1cogwheel1) with police baton (INTENT: HURT) (DAMTYE: BRUTE)</font>
[22:29:45]ATTACK: <font color='red'>Werner Diels (silentium) attacked Unknown as (Billy Idol) (1cogwheel1) with police baton (INTENT: HURT)</font>
[22:29:45]ATTACK: <font color='red'>Werner Diels (silentium) attacked Unknown as (Billy Idol) (1cogwheel1) with police baton (INTENT: HURT) (DAMTYE: BRUTE)</font>
[22:29:46]ATTACK: <font color='red'>Werner Diels (silentium) attacked Unknown as (Billy Idol) (1cogwheel1) with police baton (INTENT: HURT)</font>
[22:29:46]ATTACK: <font color='red'>Werner Diels (silentium) attacked Unknown as (Billy Idol) (1cogwheel1) with police baton (INTENT: HURT) (DAMTYE: BRUTE)</font>
[22:30:17]ATTACK: <font color='red'>Rasmus Baum (dafiop) punched Rasmus Baum (dafiop)</font>
[22:31:49]ATTACK: <font color='red'>Julius Neely (vovanhur) attacked Unknown as (Tom Jones) () with butcher's cleaver (INTENT: GRAB) (DAMTYE: BRUTE)</font>
[22:31:52]ATTACK: <font color='red'>Julius Neely (vovanhur) attacked Unknown as (Tom Jones) () with butcher's cleaver (INTENT: GRAB) (DAMTYE: BRUTE)</font>
[22:31:53]ATTACK: <font color='red'>Julius Neely (vovanhur) attacked Unknown as (Tom Jones) () with butcher's cleaver (INTENT: GRAB) (DAMTYE: BRUTE)</font>
[22:32:13]ATTACK: <font color='red'>Beu Jerome (donblackbob) attacked Hovenbeth Hels (hovenbeth) with stone (INTENT: HURT) (DAMTYE: BRUTE)</font>
[22:32:16]ATTACK: <font color='red'>Beu Jerome (donblackbob) attacked Hovenbeth Hels (hovenbeth) with stone (INTENT: HURT) (DAMTYE: BRUTE)</font>
[22:32:16]ATTACK: <font color='red'>Julius Neely (vovanhur) attacked Unknown as (Tom Jones) () with butcher's cleaver (INTENT: GRAB) (DAMTYE: BRUTE)</font>
[22:32:17]ATTACK: <font color='red'>Julius Neely (vovanhur) attacked Unknown as (Tom Jones) () with butcher's cleaver (INTENT: GRAB) (DAMTYE: BRUTE)</font>
[22:32:18]ATTACK: <font color='red'>Julius Neely (vovanhur) attacked Unknown as (Tom Jones) () with butcher's cleaver (INTENT: GRAB) (DAMTYE: BRUTE)</font>
[22:32:21]ATTACK: <font color='red'>Julius Neely (vovanhur) attacked Unknown as (Tom Jones) () with butcher's cleaver (INTENT: GRAB) (DAMTYE: BRUTE)</font>
[22:32:23]ATTACK: <font color='red'>Julius Neely (vovanhur) attacked Unknown as (Tom Jones) () with butcher's cleaver (INTENT: GRAB) (DAMTYE: BRUTE)</font>
[22:32:24]ATTACK: <font color='red'>Julius Neely (vovanhur) attacked Unknown as (Tom Jones) () with butcher's cleaver (INTENT: GRAB) (DAMTYE: BRUTE)</font>
[22:32:34]ATTACK: <font color='red'>Julius Neely (vovanhur) attacked Huepidor Blyat (striker12345) with butcher's cleaver (INTENT: GRAB) (DAMTYE: BRUTE)</font>
[22:32:37]ATTACK: <font color='red'>Julius Neely (vovanhur) attacked Huepidor Blyat (striker12345) with butcher's cleaver (INTENT: GRAB) (DAMTYE: BRUTE)</font>
[22:32:45]ATTACK: <font color='red'>Huepidor Blyat (striker12345) disarmed Julius Neely (vovanhur)</font>
[22:32:47]ATTACK: <font color='red'>Huepidor Blyat (striker12345) disarmed Julius Neely (vovanhur)</font>
[22:32:51]ATTACK: <font color='red'>Huepidor Blyat (striker12345) attacked Julius Neely (vovanhur) with butcher's cleaver (INTENT: DISARM) (DAMTYE: BRUTE)</font>
[22:32:52]ATTACK: <font color='red'>Huepidor Blyat (striker12345) attacked Julius Neely (vovanhur) with butcher's cleaver (INTENT: DISARM) (DAMTYE: BRUTE)</font>
[22:32:54]ATTACK: <font color='red'>Huepidor Blyat (striker12345) attacked Unknown (vovanhur) with butcher's cleaver (INTENT: DISARM) (DAMTYE: BRUTE)</font>
[22:32:55]ATTACK: <font color='red'>Huepidor Blyat (striker12345) attacked Unknown (vovanhur) with butcher's cleaver (INTENT: DISARM) (DAMTYE: BRUTE)</font>
[22:32:56]ATTACK: <font color='red'>Huepidor Blyat (striker12345) attacked Unknown (vovanhur) with butcher's cleaver (INTENT: DISARM) (DAMTYE: BRUTE)</font>
[22:32:57]ATTACK: <font color='red'>Huepidor Blyat (striker12345) attacked Unknown (vovanhur) with butcher's cleaver (INTENT: DISARM) (DAMTYE: BRUTE)</font>
[22:33:50]ATTACK: <font color='red'>Beu Jerome (donblackbob) attacked Bruno Mantana (rigget) with large pipe (INTENT: HURT) (DAMTYE: BRUTE)</font>
[22:33:51]ATTACK: <font color='red'>Bruno Mantana (rigget) attacked Beu Jerome (donblackbob) with knife (INTENT: DISARM) (DAMTYE: BRUTE)</font>
[22:33:53]ATTACK: <font color='red'>Bruno Mantana (rigget) attacked Beu Jerome (donblackbob) with knife (INTENT: DISARM) (DAMTYE: BRUTE)</font>
[22:33:54]ATTACK: <font color='red'>Bruno Mantana (rigget) attacked Beu Jerome (donblackbob) with knife (INTENT: DISARM) (DAMTYE: BRUTE)</font>
[22:38:14]ATTACK: <font color='red'>Unknown (epicjoe) primed a frag grenade.</font>
[22:38:31]ATTACK: <font color='red'>Werner Diels (silentium) implanted Werner Diels (silentium) with Confess Implanter (INTENT: HELP)</font>


Starting up. 22:39.34
---------------------

[22:42:48]ATTACK: <font color='red'>Arlim Westland (arlim) disarmed Max Damage (1cogwheel1)</font>
[22:42:49]ATTACK: <font color='red'>Arlim Westland (arlim) disarmed Max Damage (1cogwheel1)</font>
[22:42:50]ATTACK: <font color='red'>Arlim Westland (arlim) disarmed Max Damage (1cogwheel1)</font>
[22:42:51]ATTACK: <font color='red'>Arlim Westland (arlim) disarmed Max Damage (1cogwheel1)</font>
[22:42:54]ATTACK: <font color='red'>Arlim Westland (arlim) disarmed Max Damage (1cogwheel1)</font>
[22:42:56]ATTACK: <font color='red'>Arlim Westland (arlim) disarmed Max Damage (1cogwheel1)</font>
[22:43:01]ATTACK: <font color='red'>Arlim Westland (arlim) grabbed the neck of Max Damage (1cogwheel1)</font>
[22:43:01]ATTACK: <font color='red'>Arlim Westland (arlim) Strangled (kill intent) Max Damage (1cogwheel1)</font>
[22:43:12]ATTACK: <font color='red'>Max Damage (1cogwheel1) punched Arlim Westland (arlim)</font>
[22:43:19]ATTACK: <font color='red'>Max Damage (1cogwheel1) punched Arlim Westland (arlim)</font>
[22:43:21]ATTACK: <font color='red'>Max Damage (1cogwheel1) punched Arlim Westland (arlim)</font>
[22:43:22]ATTACK: <font color='red'>Arlim Westland (arlim) disarmed Max Damage (1cogwheel1)</font>
[22:43:37]ATTACK: <font color='red'>Max Damage (1cogwheel1) punched Arlim Westland (arlim)</font>
[22:43:37]ATTACK: <font color='red'>Arlim Westland (arlim) disarmed Max Damage (1cogwheel1)</font>
[22:44:06]ATTACK: <font color='red'>Arlim Westland (arlim) disarmed Max Damage (1cogwheel1)</font>
[22:44:45]ATTACK: <font color='red'>Max Damage (1cogwheel1) punched Arlim Westland (arlim)</font>
[22:44:45]ATTACK: <font color='red'>Arlim Westland (arlim) disarmed Max Damage (1cogwheel1)</font>
[22:44:49]ATTACK: <font color='red'>Arlim Westland (arlim) disarmed Max Damage (1cogwheel1)</font>
[22:44:52]ATTACK: <font color='red'>Lief Chauvin (vovanhur) attacked Swamp Snake (camer) with butcher's cleaver (INTENT: HELP) (DAMTYE: BRUTE)</font>
[22:44:54]ATTACK: <font color='red'>Max Damage (1cogwheel1) punched Arlim Westland (arlim)</font>
[22:45:07]ATTACK: <font color='red'>Lief Chauvin (vovanhur) attacked Swamp Snake (camer) with butcher's cleaver (INTENT: HELP) (DAMTYE: BRUTE)</font>
[22:45:15]ATTACK: <font color='red'>Max Damage (1cogwheel1) punched Arlim Westland (arlim)</font>
[22:45:39]ATTACK: <font color='red'>Arlim Westland (arlim) was hit by the brick thrown by (1CogwheeL1)</font>
[22:46:03]ATTACK: <font color='red'>Max Damage (1cogwheel1) attacked Arlim Westland (arlim) with Wood Planks (INTENT: HURT) (DAMTYE: BRUTE)</font>
[22:46:39]ATTACK: <font color='red'>Tyler News (ferriangardson) attacked Arlim Westland (arlim) with chain (INTENT: DISARM) (DAMTYE: BRUTE)</font>
[22:46:56]ATTACK: <font color='red'>Tyler News (ferriangardson) attacked Leo Herz (odst97) with chain (INTENT: DISARM) (DAMTYE: BRUTE)</font>
[22:46:57]ATTACK: <font color='red'>Leo Herz (odst97) attacked Tyler News (ferriangardson) with shard (INTENT: HURT) (DAMTYE: BRUTE)</font>
[22:47:17]ATTACK: <font color='red'>Arlim Westland (arlim) disarmed Tyler News (ferriangardson)</font>
[22:47:18]ATTACK: <font color='red'>Tyler News (ferriangardson) attacked Arlim Westland (arlim) with chain (INTENT: DISARM) (DAMTYE: BRUTE)</font>
[22:47:18]ATTACK: <font color='red'>Arlim Westland (arlim) disarmed Tyler News (ferriangardson)</font>
[22:47:20]ATTACK: <font color='red'>Tyler News (ferriangardson) disarmed Arlim Westland (arlim)</font>
[22:47:20]ATTACK: <font color='red'>Arlim Westland (arlim) disarmed Tyler News (ferriangardson)</font>
[22:47:21]ATTACK: <font color='red'>Arlim Westland (arlim) disarmed Tyler News (ferriangardson)</font>
[22:47:22]ATTACK: <font color='red'>Tyler News (ferriangardson) disarmed Arlim Westland (arlim)</font>
[22:47:27]ATTACK: <font color='red'>Tyler News (ferriangardson) attacked Arlim Westland (arlim) with chain (INTENT: DISARM) (DAMTYE: BRUTE)</font>
[22:47:28]ATTACK: <font color='red'>Arlim Westland (arlim) disarmed Max Damage (1cogwheel1)</font>
[22:47:32]ATTACK: <font color='red'>Tyler News (ferriangardson) attacked Tyler News (ferriangardson) with chain (INTENT: DISARM) (DAMTYE: BRUTE)</font>
[22:47:42]ATTACK: <font color='red'>Max Damage (1cogwheel1) implanted Max Damage (1cogwheel1) with Nanoaugmentation Implaner (Short-range Psionic Radar) (INTENT: HURT)</font>
[22:47:56]ATTACK: <font color='red'>Leo Herz (odst97) implanted Leo Herz (odst97) with Nanoaugmentation Implaner (Regenerative Nanobots) (INTENT: HELP)</font>
[22:50:14]ATTACK: <font color='red'>Tyler News (ferriangardson) disarmed Anna Moore (catratcat)</font>
[22:50:17]ATTACK: <font color='red'>Tyler News (ferriangardson) attacked Anna Moore (catratcat) with brick (INTENT: DISARM) (DAMTYE: BRUTE)</font>
[22:50:18]ATTACK: <font color='red'>Tyler News (ferriangardson) attacked Anna Moore (catratcat) with brick (INTENT: DISARM) (DAMTYE: BRUTE)</font>
[22:50:20]ATTACK: <font color='red'>Tyler News (ferriangardson) attacked Anna Moore (catratcat) with brick (INTENT: DISARM) (DAMTYE: BRUTE)</font>
[22:50:21]ATTACK: <font color='red'>Tyler News (ferriangardson) attacked Anna Moore (catratcat) with brick (INTENT: DISARM) (DAMTYE: BRUTE)</font>
[22:50:23]ATTACK: <font color='red'>Tyler News (ferriangardson) attacked Unknown (catratcat) with brick (INTENT: DISARM) (DAMTYE: BRUTE)</font>
[22:50:24]ATTACK: <font color='red'>Tyler News (ferriangardson) attacked Unknown (catratcat) with brick (INTENT: DISARM) (DAMTYE: BRUTE)</font>
[22:50:25]ATTACK: <font color='red'>Tyler News (ferriangardson) attacked Unknown (catratcat) with brick (INTENT: DISARM) (DAMTYE: BRUTE)</font>
[22:50:27]ATTACK: <font color='red'>Tyler News (ferriangardson) attacked Unknown (catratcat) with brick (INTENT: DISARM) (DAMTYE: BRUTE)</font>
[22:50:28]ATTACK: <font color='red'>Tyler News (ferriangardson) attacked Unknown (catratcat) with brick (INTENT: DISARM) (DAMTYE: BRUTE)</font>
[22:50:29]ATTACK: <font color='red'>Tyler News (ferriangardson) attacked Unknown (catratcat) with brick (INTENT: DISARM) (DAMTYE: BRUTE)</font>
[22:57:31]ATTACK: <font color='red'>Unknown (camer) fed Tyler News (ferriangardson) with Anti-toxins pill (INTENT: GRAB)</font>
[23:15:45]ATTACK: <font color='red'>John Bolon (epicjoe) shot John Smith (catratcat) with a the Bullet</font>
[23:15:46]ATTACK: <font color='red'>John Smith (catratcat) shot Rasmus Baum (dafiop) with a the Bullet</font>
[23:15:46]ATTACK: <font color='red'>John Smith (catratcat) shot Rasmus Baum (dafiop) with a the Bullet</font>
[23:17:08]ATTACK: <font color='red'>John Bolon (epicjoe) punched Unknown as (John Smith) ()</font>
[23:26:56]ATTACK: <font color='red'>Lief Chauvin (vovanhur) primed a flashbang.</font>
[23:29:24]ATTACK: <font color='red'>Lief Chauvin (vovanhur) Used the flash to flash Lief Chauvin (vovanhur)</font>
[23:30:08]ATTACK: <font color='red'>John Bolon (epicjoe) shot Tyler News (ferriangardson) with a the Bullet</font>
[23:30:08]ATTACK: <font color='red'>John Bolon (epicjoe) shot Tyler News (ferriangardson) with a the Bullet</font>
[23:31:40]ATTACK: <font color='red'>Unknown (hovenbeth) shot Weston Burkett (nodos) with a the Bullet</font>
[23:31:44]ATTACK: <font color='red'>Unknown (hovenbeth) shot Weston Burkett (nodos) with a the Bullet</font>
[23:32:18]ATTACK: <font color='red'>Wolf Lebovsky (techpriestwolfy) attacked Jean Creeping Things Guess (dafiop) with chain (INTENT: HURT) (DAMTYE: BRUTE)</font>
[23:32:31]ATTACK: <font color='red'>Wolf Lebovsky (techpriestwolfy) was hit by the brick thrown by (Dafiop)</font>
[23:32:35]ATTACK: <font color='red'>Wolf Lebovsky (techpriestwolfy) was hit by the brick thrown by (Dafiop)</font>
[23:32:54]ATTACK: <font color='red'>Wolf Lebovsky (techpriestwolfy) was hit by the brick thrown by (Dafiop)</font>
[23:33:03]ATTACK: <font color='red'>Wolf Lebovsky (techpriestwolfy) was hit by the brick thrown by (Dafiop)</font>
[23:33:32]ATTACK: <font color='red'>Unknown (hovenbeth) attacked Unknown as (Weston Burkett) (nodos) with hatchet (INTENT: HURT) (DAMTYE: BRUTE)</font>
[23:33:33]ATTACK: <font color='red'>Unknown (hovenbeth) attacked Unknown as (Weston Burkett) (nodos) with hatchet (INTENT: HURT) (DAMTYE: BRUTE)</font>
[23:33:34]ATTACK: <font color='red'>Unknown (hovenbeth) attacked Unknown as (Weston Burkett) (nodos) with hatchet (INTENT: HURT) (DAMTYE: BRUTE)</font>
[23:33:35]ATTACK: <font color='red'>Unknown (hovenbeth) attacked Unknown as (Weston Burkett) (nodos) with hatchet (INTENT: HURT) (DAMTYE: BRUTE)</font>
[23:33:37]ATTACK: <font color='red'>Wolf Lebovsky (techpriestwolfy) was hit by the brick thrown by (Dafiop)</font>
[23:33:37]ATTACK: <font color='red'>Unknown (hovenbeth) attacked Unknown as (Weston Burkett) (nodos) with hatchet (INTENT: HURT) (DAMTYE: BRUTE)</font>
[23:33:38]ATTACK: <font color='red'>Unknown (hovenbeth) attacked Unknown as (Weston Burkett) (nodos) with hatchet (INTENT: HURT) (DAMTYE: BRUTE)</font>
[23:33:48]ATTACK: <font color='red'>Wolf Lebovsky (techpriestwolfy) was hit by the brick thrown by (Dafiop)</font>
[23:33:55]ATTACK: <font color='red'>Jean Creeping Things Guess (dafiop) attacked Wolf Lebovsky (techpriestwolfy) with brick (INTENT: HELP) (DAMTYE: BRUTE)</font>
[23:33:56]ATTACK: <font color='red'>Jean Creeping Things Guess (dafiop) attacked Wolf Lebovsky (techpriestwolfy) with brick (INTENT: HELP) (DAMTYE: BRUTE)</font>
[23:33:57]ATTACK: <font color='red'>Jean Creeping Things Guess (dafiop) attacked Unknown (techpriestwolfy) with brick (INTENT: HELP) (DAMTYE: BRUTE)</font>
[23:33:59]ATTACK: <font color='red'>Jean Creeping Things Guess (dafiop) attacked Unknown (techpriestwolfy) with brick (INTENT: HELP) (DAMTYE: BRUTE)</font>
[23:34:05]ATTACK: <font color='red'>Jack (rizus) attacked Jean Creeping Things Guess (dafiop) with scalpel (INTENT: HURT) (DAMTYE: BRUTE)</font>
[23:34:07]ATTACK: <font color='red'>Jack (rizus) attacked Jean Creeping Things Guess (dafiop) with scalpel (INTENT: HURT) (DAMTYE: BRUTE)</font>
[23:34:08]ATTACK: <font color='red'>Jack (rizus) attacked Jean Creeping Things Guess (dafiop) with scalpel (INTENT: HURT) (DAMTYE: BRUTE)</font>
[23:34:09]ATTACK: <font color='red'>Jack (rizus) attacked Unknown (dafiop) with scalpel (INTENT: HURT) (DAMTYE: BRUTE)</font>
[23:34:10]ATTACK: <font color='red'>Jack (rizus) attacked Unknown (dafiop) with scalpel (INTENT: HURT) (DAMTYE: BRUTE)</font>
[23:34:11]ATTACK: <font color='red'>Jack (rizus) attacked Unknown (dafiop) with scalpel (INTENT: HURT) (DAMTYE: BRUTE)</font>
[23:34:13]ATTACK: <font color='red'>Tyler News (ferriangardson) attacked Arlim Westland (arlim) with kitchen knife (INTENT: DISARM) (DAMTYE: BRUTE)</font>
[23:34:13]ATTACK: <font color='red'>Jack (rizus) attacked Unknown (dafiop) with scalpel (INTENT: HURT) (DAMTYE: BRUTE)</font>
[23:34:14]ATTACK: <font color='red'>Tyler News (ferriangardson) attacked Arlim Westland (arlim) with kitchen knife (INTENT: DISARM) (DAMTYE: BRUTE)</font>
[23:34:15]ATTACK: <font color='red'>Tyler News (ferriangardson) attacked Arlim Westland (arlim) with kitchen knife (INTENT: DISARM) (DAMTYE: BRUTE)</font>
[23:34:16]ATTACK: <font color='red'>Tyler News (ferriangardson) attacked Arlim Westland (arlim) with kitchen knife (INTENT: DISARM) (DAMTYE: BRUTE)</font>
[23:34:17]ATTACK: <font color='red'>Tyler News (ferriangardson) attacked Arlim Westland (arlim) with kitchen knife (INTENT: DISARM) (DAMTYE: BRUTE)</font>
[23:34:19]ATTACK: <font color='red'>Tyler News (ferriangardson) attacked Arlim Westland (arlim) with kitchen knife (INTENT: DISARM) (DAMTYE: BRUTE)</font>
[23:34:20]ATTACK: <font color='red'>Tyler News (ferriangardson) attacked Arlim Westland (arlim) with kitchen knife (INTENT: DISARM) (DAMTYE: BRUTE)</font>
[23:34:23]ATTACK: <font color='red'>Unknown (camer) was hit by Frag Nanobots grenade thrown by (vovanhur)</font>
[23:34:26]ATTACK: <font color='red'>Tyler News (ferriangardson) attacked Arlim Westland (arlim) with nailed bat (INTENT: DISARM) (DAMTYE: BRUTE)</font>
[23:34:27]ATTACK: <font color='red'>Tyler News (ferriangardson) attacked Arlim Westland (arlim) with nailed bat (INTENT: DISARM) (DAMTYE: BRUTE)</font>
[23:34:29]ATTACK: <font color='red'>Tyler News (ferriangardson) attacked Arlim Westland (arlim) with nailed bat (INTENT: DISARM) (DAMTYE: BRUTE)</font>
[23:34:30]ATTACK: <font color='red'>Lief Chauvin (vovanhur) shot Wilhelm Sundberg  (airenjon) with a the Bullet</font>
[23:34:30]ATTACK: <font color='red'>Tyler News (ferriangardson) attacked Arlim Westland (arlim) with nailed bat (INTENT: DISARM) (DAMTYE: BRUTE)</font>
[23:34:31]ATTACK: <font color='red'>Tyler News (ferriangardson) attacked Arlim Westland (arlim) with nailed bat (INTENT: DISARM) (DAMTYE: BRUTE)</font>
[23:34:32]ATTACK: <font color='red'>Tyler News (ferriangardson) attacked Arlim Westland (arlim) with nailed bat (INTENT: DISARM) (DAMTYE: BRUTE)</font>
[23:34:33]ATTACK: <font color='red'>Tyler News (ferriangardson) attacked Arlim Westland (arlim) with nailed bat (INTENT: DISARM) (DAMTYE: BRUTE)</font>
[23:34:34]ATTACK: <font color='red'>Tyler News (ferriangardson) attacked Arlim Westland (arlim) with nailed bat (INTENT: DISARM) (DAMTYE: BRUTE)</font>
[23:34:35]ATTACK: <font color='red'>Tyler News (ferriangardson) attacked Arlim Westland (arlim) with nailed bat (INTENT: DISARM) (DAMTYE: BRUTE)</font>
[23:34:37]ATTACK: <font color='red'>Lief Chauvin (vovanhur) shot Unknown as (Weston Burkett) (nodos) with a the Bullet</font>
[23:34:37]ATTACK: <font color='red'>Tyler News (ferriangardson) attacked Arlim Westland (arlim) with nailed bat (INTENT: DISARM) (DAMTYE: BRUTE)</font>
[23:34:38]ATTACK: <font color='red'>Tyler News (ferriangardson) attacked Arlim Westland (arlim) with nailed bat (INTENT: DISARM) (DAMTYE: BRUTE)</font>
[23:34:40]ATTACK: <font color='red'>Tyler News (ferriangardson) attacked Arlim Westland (arlim) with nailed bat (INTENT: DISARM) (DAMTYE: BRUTE)</font>
[23:34:41]ATTACK: <font color='red'>Tyler News (ferriangardson) attacked Arlim Westland (arlim) with nailed bat (INTENT: DISARM) (DAMTYE: BRUTE)</font>
[23:34:42]ATTACK: <font color='red'>Tyler News (ferriangardson) attacked Arlim Westland (arlim) with nailed bat (INTENT: DISARM) (DAMTYE: BRUTE)</font>
[23:38:12]ATTACK: <font color='red'>Lief Chauvin (vovanhur) shot Unknown (camer) with a the Bullet</font>
[23:38:15]ATTACK: <font color='red'>Lief Chauvin (vovanhur) shot John Bolon (epicjoe) with a the Bullet</font>
[23:38:43]ATTACK: <font color='red'>Lief Chauvin (vovanhur) shot Unknown (camer) with a the Bullet</font>
[23:38:44]ATTACK: <font color='red'>Lief Chauvin (vovanhur) shot Wilhelm Sundberg  (airenjon) with a the Bullet</font>
[23:38:54]ATTACK: <font color='red'>Unknown (camer) disarmed Lief Chauvin (vovanhur)</font>
[23:38:56]ATTACK: <font color='red'>Lief Chauvin (vovanhur) shot Unknown (camer) with a the Bullet</font>
[23:38:58]ATTACK: <font color='red'>Lief Chauvin (vovanhur) shot Unknown (camer) with a the Bullet</font>
[23:38:58]ATTACK: <font color='red'>Lief Chauvin (vovanhur) shot Unknown (camer) with a the Bullet</font>
[23:39:03]ATTACK: <font color='red'>Lief Chauvin (vovanhur) shot Unknown (camer) with a the Bullet</font>
[23:39:19]ATTACK: <font color='red'>Jack (rizus) attacked Unknown as (Weston Burkett) (nodos) with scalpel (INTENT: HURT) (DAMTYE: BRUTE)</font>
[23:39:20]ATTACK: <font color='red'>Jack (rizus) attacked Unknown as (Weston Burkett) (nodos) with scalpel (INTENT: HURT) (DAMTYE: BRUTE)</font>
[23:39:22]ATTACK: <font color='red'>Jack (rizus) attacked Unknown as (Weston Burkett) (nodos) with scalpel (INTENT: HURT) (DAMTYE: BRUTE)</font>
[23:39:23]ATTACK: <font color='red'>Jack (rizus) attacked Unknown as (Weston Burkett) (nodos) with scalpel (INTENT: HURT) (DAMTYE: BRUTE)</font>
[23:39:38]ATTACK: <font color='red'>Lief Chauvin (vovanhur) attacked Unknown (camer) with kitchen knife (INTENT: HURT) (DAMTYE: BRUTE)</font>
[23:39:39]ATTACK: <font color='red'>Lief Chauvin (vovanhur) attacked Unknown (camer) with kitchen knife (INTENT: HURT) (DAMTYE: BRUTE)</font>
[23:39:41]ATTACK: <font color='red'>Lief Chauvin (vovanhur) attacked Unknown (camer) with kitchen knife (INTENT: HURT) (DAMTYE: BRUTE)</font>
[23:39:43]ATTACK: <font color='red'>Lief Chauvin (vovanhur) attacked Unknown (camer) with kitchen knife (INTENT: HURT) (DAMTYE: BRUTE)</font>
[23:39:44]ATTACK: <font color='red'>Lief Chauvin (vovanhur) attacked Unknown (camer) with kitchen knife (INTENT: HURT) (DAMTYE: BRUTE)</font>
[23:39:47]ATTACK: <font color='red'>Lief Chauvin (vovanhur) attacked Unknown (camer) with kitchen knife (INTENT: HURT) (DAMTYE: BRUTE)</font>
[23:39:49]ATTACK: <font color='red'>Lief Chauvin (vovanhur) attacked Unknown (camer) with kitchen knife (INTENT: HURT) (DAMTYE: BRUTE)</font>
[23:39:50]ATTACK: <font color='red'>Lief Chauvin (vovanhur) attacked Unknown (camer) with kitchen knife (INTENT: HURT) (DAMTYE: BRUTE)</font>
[23:39:51]ATTACK: <font color='red'>Lief Chauvin (vovanhur) attacked Unknown (camer) with kitchen knife (INTENT: HURT) (DAMTYE: BRUTE)</font>
[23:40:38]ATTACK: <font color='red'>Lief Chauvin (vovanhur) attacked Unknown (camer) with kitchen knife (INTENT: HURT) (DAMTYE: BRUTE)</font>
[23:40:39]ATTACK: <font color='red'>Lief Chauvin (vovanhur) attacked Unknown (camer) with kitchen knife (INTENT: HURT) (DAMTYE: BRUTE)</font>
[23:40:40]ATTACK: <font color='red'>Lief Chauvin (vovanhur) attacked Unknown (camer) with kitchen knife (INTENT: HURT) (DAMTYE: BRUTE)</font>
[23:40:41]ATTACK: <font color='red'>Lief Chauvin (vovanhur) attacked Unknown (camer) with kitchen knife (INTENT: HURT) (DAMTYE: BRUTE)</font>
[23:40:42]ATTACK: <font color='red'>Lief Chauvin (vovanhur) attacked Unknown (camer) with kitchen knife (INTENT: HURT) (DAMTYE: BRUTE)</font>
[23:40:43]ATTACK: <font color='red'>Lief Chauvin (vovanhur) attacked Unknown (camer) with kitchen knife (INTENT: HURT) (DAMTYE: BRUTE)</font>
[23:40:44]ATTACK: <font color='red'>Lief Chauvin (vovanhur) attacked Unknown (camer) with kitchen knife (INTENT: HURT) (DAMTYE: BRUTE)</font>
[23:40:46]ATTACK: <font color='red'>Lief Chauvin (vovanhur) attacked Unknown () with kitchen knife (INTENT: HURT) (DAMTYE: BRUTE)</font>
[23:41:00]ATTACK: <font color='red'>Lief Chauvin (vovanhur) attacked Unknown () with kitchen knife (INTENT: HURT) (DAMTYE: BRUTE)</font>
[23:41:27]ATTACK: <font color='red'>Unknown (epicjoe) shot Jack as (Weston Burkett) (rizus) with a the Bullet</font>
[23:41:27]ATTACK: <font color='red'>Unknown (epicjoe) shot Jack as (Weston Burkett) (rizus) with a the Bullet</font>
[23:42:44]ATTACK: <font color='red'>Lief Chauvin (vovanhur) primed a frag grenade.</font>
[23:43:03]ATTACK: <font color='red'>Lief Chauvin (vovanhur) shot Unknown (epicjoe) with a the Bullet</font>
[23:43:05]ATTACK: <font color='red'>Lief Chauvin (vovanhur) shot Unknown (epicjoe) with a the Bullet</font>
[23:43:19]ATTACK: <font color='red'>Lief Chauvin (vovanhur) shot Unknown (airenjon) with a the Bullet</font>
[23:44:24]ATTACK: <font color='red'>Unknown (silentium) primed a frag grenade.</font>
[23:44:37]ATTACK: <font color='red'>Lief Chauvin (vovanhur) shot Unknown (silentium) with a the Bullet</font>
[23:45:03]ATTACK: <font color='red'>Lief Chauvin (vovanhur) shot Unknown (silentium) with a the lead</font>
[23:45:03]ATTACK: <font color='red'>Unknown (silentium) attacked Lief Chauvin (vovanhur) with fire extinguisher (INTENT: HURT) (DAMTYE: BRUTE)</font>
[23:45:10]ATTACK: <font color='red'>Lief Chauvin (vovanhur) attacked Unknown (silentium) with Silenced Trencher MK2 (INTENT: HURT) (DAMTYE: BRUTE)</font>
[23:45:12]ATTACK: <font color='red'>Lief Chauvin (vovanhur) attacked Unknown (silentium) with Silenced Trencher MK2 (INTENT: HURT) (DAMTYE: BRUTE)</font>
[23:47:10]ATTACK: <font color='red'>Lief Chauvin (vovanhur) shot Sam Sergios (camer) with a the lead</font>
[23:47:18]ATTACK: <font color='red'>Lief Chauvin (vovanhur) attacked Sam Sergios (camer) with Silenced Trencher MK2 (INTENT: HELP) (DAMTYE: BRUTE)</font>
[23:47:19]ATTACK: <font color='red'>Lief Chauvin (vovanhur) attacked Unknown (camer) with Silenced Trencher MK2 (INTENT: HELP) (DAMTYE: BRUTE)</font>
[23:47:22]ATTACK: <font color='red'>Lief Chauvin (vovanhur) attacked Unknown (camer) with Silenced Trencher MK2 (INTENT: HELP) (DAMTYE: BRUTE)</font>
[23:48:38]ATTACK: <font color='red'>Lief Chauvin (vovanhur) shot Unknown (silentium) with a the Bullet</font>
[23:48:38]ATTACK: <font color='red'>Unknown (silentium) punched Lief Chauvin (vovanhur)</font>
[23:48:53]ATTACK: <font color='red'>Lief Chauvin (vovanhur) shot Unknown (silentium) with a the Bullet</font>
[23:48:54]ATTACK: <font color='red'>Lief Chauvin (vovanhur) shot Unknown (camer) with a the Bullet</font>
[23:48:59]ATTACK: <font color='red'>Unknown (silentium) attacked Lief Chauvin (vovanhur) with knife (INTENT: HURT) (DAMTYE: BRUTE)</font>
[23:49:01]ATTACK: <font color='red'>Lief Chauvin (vovanhur) shot Unknown (silentium) with a the Bullet</font>
[23:49:17]ATTACK: <font color='red'>Lief Chauvin (vovanhur) shot Unknown (silentium) with a the Bullet</font>
[23:49:26]ATTACK: <font color='red'>Lief Chauvin (vovanhur) shot Unknown (silentium) with a the Bullet</font>
[23:49:36]ATTACK: <font color='red'>Lief Chauvin (vovanhur) attacked Unknown (silentium) with knife (INTENT: HURT) (DAMTYE: BRUTE)</font>
[23:49:37]ATTACK: <font color='red'>Unknown (silentium) disarmed Lief Chauvin (vovanhur)</font>
[23:49:40]ATTACK: <font color='red'>Unknown (silentium) disarmed Lief Chauvin (vovanhur)</font>
[23:49:42]ATTACK: <font color='red'>Unknown (silentium) disarmed Lief Chauvin (vovanhur)</font>
[23:49:42]ATTACK: <font color='red'>Lief Chauvin (vovanhur) attacked Unknown (silentium) with knife (INTENT: HURT) (DAMTYE: BRUTE)</font>
[23:50:09]ATTACK: <font color='red'>Lief Chauvin (vovanhur) attacked Unknown (silentium) with fire extinguisher (INTENT: HURT) (DAMTYE: BRUTE)</font>
[23:50:13]ATTACK: <font color='red'>Unknown (silentium) punched Lief Chauvin (vovanhur)</font>
[23:50:15]ATTACK: <font color='red'>Unknown (silentium) punched Lief Chauvin (vovanhur)</font>
[23:50:16]ATTACK: <font color='red'>Lief Chauvin (vovanhur) attacked Unknown (silentium) with fire extinguisher (INTENT: HURT) (DAMTYE: BRUTE)</font>
[23:50:22]ATTACK: <font color='red'>Unknown (silentium) was hit by the fire extinguisher thrown by (vovanhur)</font>
[23:50:38]ATTACK: <font color='red'>Unknown (silentium) punched Lief Chauvin (vovanhur)</font>
[23:50:44]ATTACK: <font color='red'>Unknown (silentium) punched Lief Chauvin (vovanhur)</font>
[23:50:47]ATTACK: <font color='red'>Unknown (silentium) punched Lief Chauvin (vovanhur)</font>
[23:50:47]ATTACK: <font color='red'>Lief Chauvin (vovanhur) punched Unknown (silentium)</font>
[23:50:50]ATTACK: <font color='red'>Unknown (silentium) punched Lief Chauvin (vovanhur)</font>
[23:50:51]ATTACK: <font color='red'>Lief Chauvin (vovanhur) punched Unknown (silentium)</font>
[23:50:51]ATTACK: <font color='red'>Unknown (silentium) punched Lief Chauvin (vovanhur)</font>
[23:50:53]ATTACK: <font color='red'>Unknown (silentium) punched Lief Chauvin (vovanhur)</font>
[23:51:06]ATTACK: <font color='red'>Unknown (silentium) punched Lief Chauvin (vovanhur)</font>
[23:51:06]ATTACK: <font color='red'>Lief Chauvin (vovanhur) attacked Unknown (silentium) with fire extinguisher (INTENT: HURT) (DAMTYE: BRUTE)</font>
[23:51:10]ATTACK: <font color='red'>Unknown (silentium) punched Unknown (camer)</font>
[23:51:13]ATTACK: <font color='red'>Unknown (silentium) punched Lief Chauvin (vovanhur)</font>
[23:51:14]ATTACK: <font color='red'>Lief Chauvin (vovanhur) attacked Unknown (silentium) with fire extinguisher (INTENT: HURT) (DAMTYE: BRUTE)</font>
[23:51:15]ATTACK: <font color='red'>Unknown (silentium) punched Lief Chauvin (vovanhur)</font>
[23:51:17]ATTACK: <font color='red'>Unknown (silentium) punched Lief Chauvin (vovanhur)</font>
[23:51:18]ATTACK: <font color='red'>Lief Chauvin (vovanhur) attacked Unknown (silentium) with fire extinguisher (INTENT: HURT) (DAMTYE: BRUTE)</font>
[23:51:23]ATTACK: <font color='red'>Lief Chauvin (vovanhur) attacked Unknown (silentium) with fire extinguisher (INTENT: HURT) (DAMTYE: BRUTE)</font>
[23:51:27]ATTACK: <font color='red'>Lief Chauvin (vovanhur) attacked Unknown (silentium) with fire extinguisher (INTENT: HURT) (DAMTYE: BRUTE)</font>
[23:51:28]ATTACK: <font color='red'>Lief Chauvin (vovanhur) attacked Unknown (silentium) with fire extinguisher (INTENT: HURT) (DAMTYE: BRUTE)</font>
[23:51:29]ATTACK: <font color='red'>Lief Chauvin (vovanhur) attacked Unknown (silentium) with fire extinguisher (INTENT: HURT) (DAMTYE: BRUTE)</font>
[23:51:30]ATTACK: <font color='red'>Lief Chauvin (vovanhur) attacked Unknown (silentium) with fire extinguisher (INTENT: HURT) (DAMTYE: BRUTE)</font>
[23:51:39]ATTACK: <font color='red'>Lief Chauvin (vovanhur) attacked Unknown (silentium) with knife (INTENT: HURT) (DAMTYE: BRUTE)</font>
[23:51:40]ATTACK: <font color='red'>Lief Chauvin (vovanhur) attacked Unknown (silentium) with knife (INTENT: HURT) (DAMTYE: BRUTE)</font>
[23:51:42]ATTACK: <font color='red'>Lief Chauvin (vovanhur) attacked Unknown (silentium) with knife (INTENT: HURT) (DAMTYE: BRUTE)</font>
[23:51:43]ATTACK: <font color='red'>Lief Chauvin (vovanhur) attacked Unknown (silentium) with knife (INTENT: HURT) (DAMTYE: BRUTE)</font>
[23:51:48]ATTACK: <font color='red'>Lief Chauvin (vovanhur) attacked Unknown (silentium) with knife (INTENT: HURT) (DAMTYE: BRUTE)</font>
[23:51:50]ATTACK: <font color='red'>Lief Chauvin (vovanhur) attacked Unknown (silentium) with knife (INTENT: HURT) (DAMTYE: BRUTE)</font>
[23:51:51]ATTACK: <font color='red'>Lief Chauvin (vovanhur) attacked Unknown (silentium) with knife (INTENT: HURT) (DAMTYE: BRUTE)</font>
[23:51:52]ATTACK: <font color='red'>Lief Chauvin (vovanhur) attacked Unknown (silentium) with knife (INTENT: HURT) (DAMTYE: BRUTE)</font>
[23:51:53]ATTACK: <font color='red'>Lief Chauvin (vovanhur) attacked Unknown (silentium) with knife (INTENT: HURT) (DAMTYE: BRUTE)</font>
[23:51:54]ATTACK: <font color='red'>Unknown (silentium) punched Lief Chauvin (vovanhur)</font>
[23:51:55]ATTACK: <font color='red'>Lief Chauvin (vovanhur) attacked Unknown (silentium) with knife (INTENT: HURT) (DAMTYE: BRUTE)</font>
[23:52:04]ATTACK: <font color='red'>Unknown (silentium) punched Lief Chauvin (vovanhur)</font>
[23:52:05]ATTACK: <font color='red'>Lief Chauvin (vovanhur) attacked Unknown (silentium) with knife (INTENT: HURT) (DAMTYE: BRUTE)</font>
[23:52:06]ATTACK: <font color='red'>Lief Chauvin (vovanhur) attacked Unknown (silentium) with knife (INTENT: HURT) (DAMTYE: BRUTE)</font>
[23:52:08]ATTACK: <font color='red'>Lief Chauvin (vovanhur) attacked Unknown (silentium) with knife (INTENT: HURT) (DAMTYE: BRUTE)</font>
[23:52:10]ATTACK: <font color='red'>Lief Chauvin (vovanhur) attacked Unknown (silentium) with knife (INTENT: HURT) (DAMTYE: BRUTE)</font>
[23:52:11]ATTACK: <font color='red'>Lief Chauvin (vovanhur) attacked Unknown (silentium) with knife (INTENT: HURT) (DAMTYE: BRUTE)</font>
[23:52:12]ATTACK: <font color='red'>Unknown (epicjoe) punched Unknown ()</font>
[23:52:12]ATTACK: <font color='red'>Lief Chauvin (vovanhur) attacked Unknown (silentium) with knife (INTENT: HURT) (DAMTYE: BRUTE)</font>
[23:52:13]ATTACK: <font color='red'>Lief Chauvin (vovanhur) attacked Unknown (silentium) with knife (INTENT: HURT) (DAMTYE: BRUTE)</font>
[23:52:13]ATTACK: <font color='red'>Unknown (epicjoe) punched Unknown ()</font>
[23:52:14]ATTACK: <font color='red'>Lief Chauvin (vovanhur) attacked Unknown (silentium) with knife (INTENT: HURT) (DAMTYE: BRUTE)</font>
[23:52:15]ATTACK: <font color='red'>Unknown (epicjoe) punched Unknown ()</font>
[23:52:16]ATTACK: <font color='red'>Unknown (epicjoe) punched Unknown ()</font>
[23:52:17]ATTACK: <font color='red'>Unknown (epicjoe) punched Unknown ()</font>
[23:52:18]ATTACK: <font color='red'>Lief Chauvin (vovanhur) attacked Unknown (silentium) with knife (INTENT: HURT) (DAMTYE: BRUTE)</font>
[23:52:19]ATTACK: <font color='red'>Lief Chauvin (vovanhur) attacked Unknown (silentium) with knife (INTENT: HURT) (DAMTYE: BRUTE)</font>
[23:52:20]ATTACK: <font color='red'>Jack as (Weston Burkett) (rizus) attacked Unknown (hovenbeth) with scalpel (INTENT: HURT) (DAMTYE: BRUTE)</font>
[23:52:21]ATTACK: <font color='red'>Lief Chauvin (vovanhur) attacked Unknown (silentium) with knife (INTENT: HURT) (DAMTYE: BRUTE)</font>
[23:52:22]ATTACK: <font color='red'>Unknown (silentium) punched Lief Chauvin (vovanhur)</font>
[23:52:22]ATTACK: <font color='red'>Lief Chauvin (vovanhur) attacked Unknown (silentium) with knife (INTENT: HURT) (DAMTYE: BRUTE)</font>
[23:52:25]ATTACK: <font color='red'>Unknown (silentium) punched Lief Chauvin (vovanhur)</font>
[23:52:27]ATTACK: <font color='red'>Unknown (silentium) punched Lief Chauvin (vovanhur)</font>
[23:52:32]ATTACK: <font color='red'>Lief Chauvin (vovanhur) attacked Unknown (silentium) with knife (INTENT: HURT) (DAMTYE: BRUTE)</font>
[23:52:34]ATTACK: <font color='red'>Lief Chauvin (vovanhur) attacked Unknown (silentium) with knife (INTENT: HURT) (DAMTYE: BRUTE)</font>
[23:52:34]ATTACK: <font color='red'>Unknown (silentium) disarmed Lief Chauvin (vovanhur)</font>
[23:52:39]ATTACK: <font color='red'>Lief Chauvin (vovanhur) punched Unknown (silentium)</font>
[23:52:40]ATTACK: <font color='red'>Lief Chauvin (vovanhur) punched Unknown (silentium)</font>
[23:52:43]ATTACK: <font color='red'>Lief Chauvin (vovanhur) attacked Unknown (silentium) with knife (INTENT: HURT) (DAMTYE: BRUTE)</font>
[23:52:45]ATTACK: <font color='red'>Lief Chauvin (vovanhur) attacked Unknown (silentium) with knife (INTENT: HURT) (DAMTYE: BRUTE)</font>
[23:52:46]ATTACK: <font color='red'>Lief Chauvin (vovanhur) attacked Unknown (silentium) with knife (INTENT: HURT) (DAMTYE: BRUTE)</font>
[23:53:50]ATTACK: <font color='red'>Unknown (epicjoe) punched Jack as (Weston Burkett) (rizus)</font>
[23:53:52]ATTACK: <font color='red'>Unknown (epicjoe) punched Jack as (Weston Burkett) (rizus)</font>
[23:53:53]ATTACK: <font color='red'>Unknown (epicjoe) punched Jack as (Weston Burkett) (rizus)</font>
[23:53:54]ATTACK: <font color='red'>Unknown (epicjoe) punched Jack as (Weston Burkett) (rizus)</font>
[23:53:57]ATTACK: <font color='red'>Unknown (epicjoe) punched Jack as (Weston Burkett) (rizus)</font>
[23:54:06]ATTACK: <font color='red'>Unknown (epicjoe) disarmed Jack as (Weston Burkett) (rizus)</font>
[23:54:06]ATTACK: <font color='red'>Unknown (ferriangardson) attacked Unknown (epicjoe) with nailed bat (INTENT: GRAB) (DAMTYE: BRUTE)</font>
[23:54:06]ATTACK: <font color='red'>Jack as (Weston Burkett) (rizus) attacked Unknown (epicjoe) with scalpel (INTENT: HURT) (DAMTYE: BRUTE)</font>
[23:54:07]ATTACK: <font color='red'>Unknown (epicjoe) disarmed Jack as (Weston Burkett) (rizus)</font>
[23:54:11]ATTACK: <font color='red'>Unknown (ferriangardson) attacked Unknown (epicjoe) with nailed bat (INTENT: GRAB) (DAMTYE: BRUTE)</font>
[23:54:12]ATTACK: <font color='red'>Unknown (ferriangardson) attacked Unknown (epicjoe) with nailed bat (INTENT: GRAB) (DAMTYE: BRUTE)</font>
[23:54:20]ATTACK: <font color='red'>Lief Chauvin (vovanhur) attacked Unknown (silentium) with knife (INTENT: HELP) (DAMTYE: BRUTE)</font>
[23:54:23]ATTACK: <font color='red'>Unknown (silentium) disarmed Lief Chauvin (vovanhur)</font>
[23:54:26]ATTACK: <font color='red'>Unknown (silentium) disarmed Lief Chauvin (vovanhur)</font>
[23:54:33]ATTACK: <font color='red'>Unknown (silentium) punched Lief Chauvin (vovanhur)</font>
[23:54:36]ATTACK: <font color='red'>Lief Chauvin (vovanhur) shot Unknown (silentium) with a the lead</font>
[23:54:38]ATTACK: <font color='red'>Jack as (Weston Burkett) (rizus) attacked Unknown (epicjoe) with scalpel (INTENT: HURT) (DAMTYE: BRUTE)</font>
[23:54:41]ATTACK: <font color='red'>Jack as (Weston Burkett) (rizus) attacked Unknown (epicjoe) with scalpel (INTENT: HURT) (DAMTYE: BRUTE)</font>
[23:54:43]ATTACK: <font color='red'>Lief Chauvin (vovanhur) attacked Unknown (silentium) with knife (INTENT: GRAB) (DAMTYE: BRUTE)</font>
[23:54:44]ATTACK: <font color='red'>Lief Chauvin (vovanhur) attacked Unknown (silentium) with knife (INTENT: GRAB) (DAMTYE: BRUTE)</font>
[23:54:45]ATTACK: <font color='red'>Lief Chauvin (vovanhur) attacked Unknown (silentium) with knife (INTENT: GRAB) (DAMTYE: BRUTE)</font>
[23:54:46]ATTACK: <font color='red'>Unknown (ferriangardson) attacked Unknown (epicjoe) with nailed bat (INTENT: GRAB) (DAMTYE: BRUTE)</font>
[23:54:47]ATTACK: <font color='red'>Lief Chauvin (vovanhur) attacked Unknown (silentium) with knife (INTENT: GRAB) (DAMTYE: BRUTE)</font>
[23:54:48]ATTACK: <font color='red'>Lief Chauvin (vovanhur) attacked Unknown (silentium) with knife (INTENT: GRAB) (DAMTYE: BRUTE)</font>
[23:54:49]ATTACK: <font color='red'>Lief Chauvin (vovanhur) attacked Unknown (silentium) with knife (INTENT: GRAB) (DAMTYE: BRUTE)</font>
[23:54:51]ATTACK: <font color='red'>Lief Chauvin (vovanhur) attacked Unknown (silentium) with knife (INTENT: GRAB) (DAMTYE: BRUTE)</font>
[23:54:52]ATTACK: <font color='red'>Lief Chauvin (vovanhur) attacked Unknown (silentium) with knife (INTENT: GRAB) (DAMTYE: BRUTE)</font>
[23:54:54]ATTACK: <font color='red'>Lief Chauvin (vovanhur) attacked Unknown (silentium) with knife (INTENT: GRAB) (DAMTYE: BRUTE)</font>
[23:54:54]ATTACK: <font color='red'>Unknown (silentium) punched Lief Chauvin (vovanhur)</font>
[23:54:55]ATTACK: <font color='red'>Lief Chauvin (vovanhur) attacked Unknown (silentium) with knife (INTENT: GRAB) (DAMTYE: BRUTE)</font>
[23:54:56]ATTACK: <font color='red'>Unknown (silentium) punched Lief Chauvin (vovanhur)</font>
[23:55:02]ATTACK: <font color='red'>Lief Chauvin (vovanhur) shot Unknown (silentium) with a the lead</font>
[23:55:02]ATTACK: <font color='red'>Unknown (silentium) attacked Lief Chauvin (vovanhur) with shotgun lead shell (INTENT: HURT) (DAMTYE: BRUTE)</font>
[23:55:05]ATTACK: <font color='red'>Unknown (epicjoe) disarmed Jack as (Weston Burkett) (rizus)</font>
[23:55:10]ATTACK: <font color='red'>Jack as (Weston Burkett) (rizus) attacked Unknown (epicjoe) with scalpel (INTENT: HURT) (DAMTYE: BRUTE)</font>
[23:55:10]ATTACK: <font color='red'>Unknown (ferriangardson) attacked Unknown (epicjoe) with nailed bat (INTENT: GRAB) (DAMTYE: BRUTE)</font>
[23:55:14]ATTACK: <font color='red'>Unknown (ferriangardson) attacked Unknown (epicjoe) with nailed bat (INTENT: GRAB) (DAMTYE: BRUTE)</font>
[23:55:14]ATTACK: <font color='red'>Jack as (Weston Burkett) (rizus) attacked Unknown (epicjoe) with scalpel (INTENT: HURT) (DAMTYE: BRUTE)</font>
[23:55:15]ATTACK: <font color='red'>Unknown (ferriangardson) attacked Unknown (epicjoe) with nailed bat (INTENT: GRAB) (DAMTYE: BRUTE)</font>
[23:55:15]ATTACK: <font color='red'>Jack as (Weston Burkett) (rizus) attacked Unknown (epicjoe) with scalpel (INTENT: HURT) (DAMTYE: BRUTE)</font>
[23:55:16]ATTACK: <font color='red'>Unknown (ferriangardson) attacked Unknown (epicjoe) with nailed bat (INTENT: GRAB) (DAMTYE: BRUTE)</font>
[23:55:16]ATTACK: <font color='red'>Jack as (Weston Burkett) (rizus) attacked Unknown (epicjoe) with scalpel (INTENT: HURT) (DAMTYE: BRUTE)</font>
[23:55:17]ATTACK: <font color='red'>Unknown (ferriangardson) attacked Unknown (epicjoe) with nailed bat (INTENT: GRAB) (DAMTYE: BRUTE)</font>
[23:55:18]ATTACK: <font color='red'>Jack as (Weston Burkett) (rizus) attacked Unknown (epicjoe) with scalpel (INTENT: HURT) (DAMTYE: BRUTE)</font>
[23:55:19]ATTACK: <font color='red'>Jack as (Weston Burkett) (rizus) attacked Unknown (epicjoe) with scalpel (INTENT: HURT) (DAMTYE: BRUTE)</font>
[23:55:19]ATTACK: <font color='red'>Unknown (ferriangardson) attacked Unknown (epicjoe) with nailed bat (INTENT: GRAB) (DAMTYE: BRUTE)</font>
[23:55:20]ATTACK: <font color='red'>Jack as (Weston Burkett) (rizus) attacked Unknown (epicjoe) with scalpel (INTENT: HURT) (DAMTYE: BRUTE)</font>
[23:55:21]ATTACK: <font color='red'>Jack as (Weston Burkett) (rizus) attacked Unknown (epicjoe) with scalpel (INTENT: HURT) (DAMTYE: BRUTE)</font>
[23:55:23]ATTACK: <font color='red'>Jack as (Weston Burkett) (rizus) attacked Unknown (epicjoe) with scalpel (INTENT: HURT) (DAMTYE: BRUTE)</font>
[23:55:27]ATTACK: <font color='red'>Unknown (ferriangardson) attacked Unknown (epicjoe) with nailed bat (INTENT: GRAB) (DAMTYE: BRUTE)</font>
[23:55:28]ATTACK: <font color='red'>Unknown (epicjoe) punched Unknown (ferriangardson)</font>
[23:55:29]ATTACK: <font color='red'>Unknown (ferriangardson) attacked Unknown (epicjoe) with nailed bat (INTENT: GRAB) (DAMTYE: BRUTE)</font>
[23:55:30]ATTACK: <font color='red'>Unknown (ferriangardson) attacked Unknown (epicjoe) with nailed bat (INTENT: GRAB) (DAMTYE: BRUTE)</font>
[23:55:30]ATTACK: <font color='red'>Jack as (Weston Burkett) (rizus) attacked Unknown (epicjoe) with scalpel (INTENT: HURT) (DAMTYE: BRUTE)</font>
[23:55:31]ATTACK: <font color='red'>Unknown (ferriangardson) attacked Unknown (epicjoe) with nailed bat (INTENT: GRAB) (DAMTYE: BRUTE)</font>
[23:55:33]ATTACK: <font color='red'>Unknown (ferriangardson) attacked Unknown (epicjoe) with nailed bat (INTENT: GRAB) (DAMTYE: BRUTE)</font>
[23:55:33]ATTACK: <font color='red'>Jack as (Weston Burkett) (rizus) attacked Unknown (epicjoe) with scalpel (INTENT: HURT) (DAMTYE: BRUTE)</font>
[23:55:34]ATTACK: <font color='red'>Unknown (ferriangardson) attacked Unknown (epicjoe) with nailed bat (INTENT: GRAB) (DAMTYE: BRUTE)</font>
[23:55:34]ATTACK: <font color='red'>Jack as (Weston Burkett) (rizus) attacked Unknown (epicjoe) with scalpel (INTENT: HURT) (DAMTYE: BRUTE)</font>
[23:55:35]ATTACK: <font color='red'>Unknown (ferriangardson) attacked Unknown (epicjoe) with nailed bat (INTENT: GRAB) (DAMTYE: BRUTE)</font>
[23:55:35]ATTACK: <font color='red'>Jack as (Weston Burkett) (rizus) attacked Unknown (epicjoe) with scalpel (INTENT: HURT) (DAMTYE: BRUTE)</font>
[23:55:36]ATTACK: <font color='red'>Unknown (ferriangardson) attacked Unknown (epicjoe) with nailed bat (INTENT: GRAB) (DAMTYE: BRUTE)</font>
[23:55:37]ATTACK: <font color='red'>Jack as (Weston Burkett) (rizus) attacked Unknown (epicjoe) with scalpel (INTENT: HURT) (DAMTYE: BRUTE)</font>
[23:55:38]ATTACK: <font color='red'>Unknown (ferriangardson) attacked Unknown (epicjoe) with nailed bat (INTENT: GRAB) (DAMTYE: BRUTE)</font>
[23:55:38]ATTACK: <font color='red'>Jack as (Weston Burkett) (rizus) attacked Unknown (epicjoe) with scalpel (INTENT: HURT) (DAMTYE: BRUTE)</font>
[23:55:39]ATTACK: <font color='red'>Unknown (ferriangardson) attacked Unknown (epicjoe) with nailed bat (INTENT: GRAB) (DAMTYE: BRUTE)</font>
[23:55:39]ATTACK: <font color='red'>Jack as (Weston Burkett) (rizus) attacked Unknown (epicjoe) with scalpel (INTENT: HURT) (DAMTYE: BRUTE)</font>
[23:55:40]ATTACK: <font color='red'>Unknown (ferriangardson) attacked Unknown (epicjoe) with nailed bat (INTENT: GRAB) (DAMTYE: BRUTE)</font>
[23:55:40]ATTACK: <font color='red'>Jack as (Weston Burkett) (rizus) attacked Unknown (epicjoe) with scalpel (INTENT: HURT) (DAMTYE: BRUTE)</font>
[23:55:41]ATTACK: <font color='red'>Unknown (ferriangardson) attacked Unknown (epicjoe) with nailed bat (INTENT: GRAB) (DAMTYE: BRUTE)</font>
[23:55:43]ATTACK: <font color='red'>Unknown (ferriangardson) attacked Unknown (epicjoe) with nailed bat (INTENT: GRAB) (DAMTYE: BRUTE)</font>
[23:55:43]ATTACK: <font color='red'>Jack as (Weston Burkett) (rizus) attacked Unknown (epicjoe) with scalpel (INTENT: HURT) (DAMTYE: BRUTE)</font>
[23:55:44]ATTACK: <font color='red'>Unknown (ferriangardson) attacked Unknown (epicjoe) with nailed bat (INTENT: GRAB) (DAMTYE: BRUTE)</font>
[23:55:44]ATTACK: <font color='red'>Jack as (Weston Burkett) (rizus) attacked Unknown (epicjoe) with scalpel (INTENT: HURT) (DAMTYE: BRUTE)</font>
[23:55:45]ATTACK: <font color='red'>Jack as (Weston Burkett) (rizus) attacked Unknown (epicjoe) with scalpel (INTENT: HURT) (DAMTYE: BRUTE)</font>
[23:55:45]ATTACK: <font color='red'>Unknown (ferriangardson) attacked Unknown (epicjoe) with nailed bat (INTENT: GRAB) (DAMTYE: BRUTE)</font>
[23:55:46]ATTACK: <font color='red'>Unknown (ferriangardson) attacked Unknown (epicjoe) with nailed bat (INTENT: GRAB) (DAMTYE: BRUTE)</font>
[23:55:47]ATTACK: <font color='red'>Jack as (Weston Burkett) (rizus) attacked Unknown (epicjoe) with scalpel (INTENT: HURT) (DAMTYE: BRUTE)</font>
[23:55:48]ATTACK: <font color='red'>Jack as (Weston Burkett) (rizus) attacked Unknown (epicjoe) with scalpel (INTENT: HURT) (DAMTYE: BRUTE)</font>
[23:55:48]ATTACK: <font color='red'>Unknown (ferriangardson) attacked Unknown (epicjoe) with nailed bat (INTENT: GRAB) (DAMTYE: BRUTE)</font>
[23:55:49]ATTACK: <font color='red'>Jack as (Weston Burkett) (rizus) attacked Unknown (epicjoe) with scalpel (INTENT: HURT) (DAMTYE: BRUTE)</font>
[23:55:49]ATTACK: <font color='red'>Unknown (ferriangardson) attacked Unknown (epicjoe) with nailed bat (INTENT: GRAB) (DAMTYE: BRUTE)</font>
[23:55:50]ATTACK: <font color='red'>Unknown (ferriangardson) attacked Unknown (epicjoe) with nailed bat (INTENT: GRAB) (DAMTYE: BRUTE)</font>
[23:55:50]ATTACK: <font color='red'>Jack as (Weston Burkett) (rizus) attacked Unknown (epicjoe) with scalpel (INTENT: HURT) (DAMTYE: BRUTE)</font>
[23:55:51]ATTACK: <font color='red'>Jack as (Weston Burkett) (rizus) attacked Unknown (epicjoe) with scalpel (INTENT: HURT) (DAMTYE: BRUTE)</font>
[23:55:51]ATTACK: <font color='red'>Unknown (ferriangardson) attacked Unknown (epicjoe) with nailed bat (INTENT: GRAB) (DAMTYE: BRUTE)</font>
[23:55:52]ATTACK: <font color='red'>Jack as (Weston Burkett) (rizus) attacked Unknown (epicjoe) with scalpel (INTENT: HURT) (DAMTYE: BRUTE)</font>
[23:55:53]ATTACK: <font color='red'>Unknown (ferriangardson) attacked Unknown (epicjoe) with nailed bat (INTENT: GRAB) (DAMTYE: BRUTE)</font>
[23:55:54]ATTACK: <font color='red'>Jack as (Weston Burkett) (rizus) attacked Unknown (epicjoe) with scalpel (INTENT: HURT) (DAMTYE: BRUTE)</font>
[23:55:54]ATTACK: <font color='red'>Unknown (ferriangardson) attacked Unknown (epicjoe) with nailed bat (INTENT: GRAB) (DAMTYE: BRUTE)</font>
[23:55:55]ATTACK: <font color='red'>Unknown (ferriangardson) attacked Unknown (epicjoe) with nailed bat (INTENT: GRAB) (DAMTYE: BRUTE)</font>
[23:55:55]ATTACK: <font color='red'>Jack as (Weston Burkett) (rizus) attacked Unknown (epicjoe) with scalpel (INTENT: HURT) (DAMTYE: BRUTE)</font>
[23:55:56]ATTACK: <font color='red'>Jack as (Weston Burkett) (rizus) attacked Unknown (epicjoe) with scalpel (INTENT: HURT) (DAMTYE: BRUTE)</font>
[23:55:56]ATTACK: <font color='red'>Unknown (ferriangardson) attacked Unknown (epicjoe) with nailed bat (INTENT: GRAB) (DAMTYE: BRUTE)</font>
[23:55:58]ATTACK: <font color='red'>Jack as (Weston Burkett) (rizus) attacked Unknown (epicjoe) with scalpel (INTENT: HURT) (DAMTYE: BRUTE)</font>
[23:55:58]ATTACK: <font color='red'>Unknown (ferriangardson) attacked Unknown (epicjoe) with nailed bat (INTENT: GRAB) (DAMTYE: BRUTE)</font>
[23:56:01]ATTACK: <font color='red'>Jack as (Weston Burkett) (rizus) attacked Unknown (epicjoe) with scalpel (INTENT: HURT) (DAMTYE: BRUTE)</font>
[23:56:02]ATTACK: <font color='red'>Jack as (Weston Burkett) (rizus) attacked Unknown (epicjoe) with scalpel (INTENT: HURT) (DAMTYE: BRUTE)</font>
[23:56:03]ATTACK: <font color='red'>Jack as (Weston Burkett) (rizus) attacked Unknown (epicjoe) with scalpel (INTENT: HURT) (DAMTYE: BRUTE)</font>
[23:56:04]ATTACK: <font color='red'>Unknown (ferriangardson) attacked Unknown (epicjoe) with nailed bat (INTENT: GRAB) (DAMTYE: BRUTE)</font>
[23:56:05]ATTACK: <font color='red'>Unknown (ferriangardson) attacked Unknown (epicjoe) with nailed bat (INTENT: GRAB) (DAMTYE: BRUTE)</font>
[23:56:05]ATTACK: <font color='red'>Jack as (Weston Burkett) (rizus) attacked Unknown (epicjoe) with scalpel (INTENT: HURT) (DAMTYE: BRUTE)</font>
[23:56:06]ATTACK: <font color='red'>Unknown (ferriangardson) attacked Unknown (epicjoe) with nailed bat (INTENT: GRAB) (DAMTYE: BRUTE)</font>
[23:56:07]ATTACK: <font color='red'>Jack as (Weston Burkett) (rizus) attacked Unknown (epicjoe) with scalpel (INTENT: HURT) (DAMTYE: BRUTE)</font>
[23:56:08]ATTACK: <font color='red'>Unknown (ferriangardson) attacked Unknown (epicjoe) with nailed bat (INTENT: GRAB) (DAMTYE: BRUTE)</font>
[23:56:09]ATTACK: <font color='red'>Unknown (ferriangardson) attacked Unknown (epicjoe) with nailed bat (INTENT: GRAB) (DAMTYE: BRUTE)</font>
[23:56:27]ATTACK: <font color='red'>Jack as (Weston Burkett) (rizus) punched Unknown ()</font>
[23:56:37]ATTACK: <font color='red'>Jack as (Weston Burkett) (rizus) grabbed the neck of Unknown ()</font>
[23:56:45]ATTACK: <font color='red'>Lief Chauvin (vovanhur) shot Unknown (hovenbeth) with a the lead</font>
[23:57:49]ATTACK: <font color='red'>Lief Chauvin (vovanhur) shot Unknown (camer) with a the Bullet</font>
[23:57:49]ATTACK: <font color='red'>Lief Chauvin (vovanhur) shot Unknown (camer) with a the Bullet</font>
[23:57:53]ATTACK: <font color='red'>Lief Chauvin (vovanhur) attacked Unknown (camer) with chainsaw (INTENT: GRAB) (DAMTYE: BRUTE)</font>
[23:57:58]ATTACK: <font color='red'>Lief Chauvin (vovanhur) attacked Unknown (camer) with chainsaw (INTENT: GRAB) (DAMTYE: BRUTE)</font>
[23:57:59]ATTACK: <font color='red'>Lief Chauvin (vovanhur) attacked Unknown (camer) with chainsaw (INTENT: GRAB) (DAMTYE: BRUTE)</font>
[23:58:00]ATTACK: <font color='red'>Lief Chauvin (vovanhur) attacked Unknown (camer) with chainsaw (INTENT: GRAB) (DAMTYE: BRUTE)</font>
[23:58:01]ATTACK: <font color='red'>Lief Chauvin (vovanhur) attacked Unknown (camer) with chainsaw (INTENT: GRAB) (DAMTYE: BRUTE)</font>
[23:58:03]ATTACK: <font color='red'>Lief Chauvin (vovanhur) attacked Unknown (camer) with chainsaw (INTENT: GRAB) (DAMTYE: BRUTE)</font>
[23:58:05]ATTACK: <font color='red'>Lief Chauvin (vovanhur) attacked Unknown (camer) with chainsaw (INTENT: GRAB) (DAMTYE: BRUTE)</font>
[23:58:06]ATTACK: <font color='red'>Lief Chauvin (vovanhur) attacked Unknown (camer) with chainsaw (INTENT: GRAB) (DAMTYE: BRUTE)</font>
[23:58:08]ATTACK: <font color='red'>Lief Chauvin (vovanhur) attacked Unknown (camer) with chainsaw (INTENT: GRAB) (DAMTYE: BRUTE)</font>
[23:58:09]ATTACK: <font color='red'>Lief Chauvin (vovanhur) attacked Unknown (camer) with chainsaw (INTENT: GRAB) (DAMTYE: BRUTE)</font>
[23:58:11]ATTACK: <font color='red'>Lief Chauvin (vovanhur) attacked Unknown (camer) with chainsaw (INTENT: GRAB) (DAMTYE: BRUTE)</font>
[23:58:12]ATTACK: <font color='red'>Lief Chauvin (vovanhur) attacked Unknown (camer) with chainsaw (INTENT: GRAB) (DAMTYE: BRUTE)</font>
[23:58:58]ATTACK: <font color='red'>Unknown (camer) punched Unknown (hovenbeth)</font>
[23:59:01]ATTACK: <font color='red'>Unknown (camer) punched Unknown (hovenbeth)</font>
[23:59:03]ATTACK: <font color='red'>Unknown (camer) punched Unknown (hovenbeth)</font>
[23:59:05]ATTACK: <font color='red'>Unknown (camer) attacked Unknown (hovenbeth) with chainsaw (INTENT: HURT) (DAMTYE: BRUTE)</font>
[23:59:07]ATTACK: <font color='red'>Unknown (camer) attacked Unknown (hovenbeth) with chainsaw (INTENT: HURT) (DAMTYE: BRUTE)</font>
[23:59:08]ATTACK: <font color='red'>Unknown (camer) attacked Unknown (hovenbeth) with chainsaw (INTENT: HURT) (DAMTYE: BRUTE)</font>
[23:59:09]ATTACK: <font color='red'>Unknown (camer) attacked Unknown (hovenbeth) with chainsaw (INTENT: HURT) (DAMTYE: BRUTE)</font>
[23:59:10]ATTACK: <font color='red'>Unknown (camer) attacked Unknown (hovenbeth) with chainsaw (INTENT: HURT) (DAMTYE: BRUTE)</font>
[23:59:11]ATTACK: <font color='red'>Unknown (camer) attacked Unknown (hovenbeth) with chainsaw (INTENT: HURT) (DAMTYE: BRUTE)</font>
[23:59:12]ATTACK: <font color='red'>Unknown (camer) attacked Unknown (hovenbeth) with chainsaw (INTENT: HURT) (DAMTYE: BRUTE)</font>
[23:59:14]ATTACK: <font color='red'>Unknown (camer) attacked Unknown (hovenbeth) with chainsaw (INTENT: HURT) (DAMTYE: BRUTE)</font>
[23:59:15]ATTACK: <font color='red'>Unknown (camer) attacked Unknown (hovenbeth) with chainsaw (INTENT: HURT) (DAMTYE: BRUTE)</font>
[23:59:16]ATTACK: <font color='red'>Unknown (camer) attacked Unknown (hovenbeth) with chainsaw (INTENT: HURT) (DAMTYE: BRUTE)</font>
[23:59:17]ATTACK: <font color='red'>Unknown (camer) attacked Unknown (hovenbeth) with chainsaw (INTENT: HURT) (DAMTYE: BRUTE)</font>
[23:59:18]ATTACK: <font color='red'>Unknown (camer) attacked Unknown (hovenbeth) with chainsaw (INTENT: HURT) (DAMTYE: BRUTE)</font>
[23:59:40]ATTACK: <font color='red'>Unknown as (John Smith) (camer) attacked Arlim Westland (arlim) with chainsaw (INTENT: HURT) (DAMTYE: BRUTE)</font>
[00:01:33]ATTACK: <font color='red'>Unknown as (John Smith) (camer) attacked Lief Chauvin (vovanhur) with chainsaw (INTENT: HURT) (DAMTYE: BRUTE)</font>
[00:01:35]ATTACK: <font color='red'>Unknown as (John Smith) (camer) attacked Lief Chauvin (vovanhur) with chainsaw (INTENT: HURT) (DAMTYE: BRUTE)</font>
[00:01:36]ATTACK: <font color='red'>Unknown as (John Smith) (camer) attacked Lief Chauvin (vovanhur) with chainsaw (INTENT: HURT) (DAMTYE: BRUTE)</font>
[00:01:37]ATTACK: <font color='red'>Unknown as (John Smith) (camer) attacked Lief Chauvin (vovanhur) with chainsaw (INTENT: HURT) (DAMTYE: BRUTE)</font>
[00:01:38]ATTACK: <font color='red'>Unknown as (John Smith) (camer) attacked Lief Chauvin (vovanhur) with chainsaw (INTENT: HURT) (DAMTYE: BRUTE)</font>
[00:01:39]ATTACK: <font color='red'>Unknown as (John Smith) (camer) attacked Lief Chauvin (vovanhur) with chainsaw (INTENT: HURT) (DAMTYE: BRUTE)</font>
[00:01:40]ATTACK: <font color='red'>Unknown as (John Smith) (camer) attacked Lief Chauvin (vovanhur) with chainsaw (INTENT: HURT) (DAMTYE: BRUTE)</font>
[00:01:42]ATTACK: <font color='red'>Unknown as (John Smith) (camer) attacked Lief Chauvin (vovanhur) with chainsaw (INTENT: HURT) (DAMTYE: BRUTE)</font>
[00:01:43]ATTACK: <font color='red'>Unknown as (John Smith) (camer) attacked Lief Chauvin (vovanhur) with chainsaw (INTENT: HURT) (DAMTYE: BRUTE)</font>
[00:01:44]ATTACK: <font color='red'>Unknown as (John Smith) (camer) attacked Lief Chauvin (vovanhur) with chainsaw (INTENT: HURT) (DAMTYE: BRUTE)</font>
[00:01:45]ATTACK: <font color='red'>Unknown as (John Smith) (camer) attacked Lief Chauvin (vovanhur) with chainsaw (INTENT: HURT) (DAMTYE: BRUTE)</font>
[00:01:46]ATTACK: <font color='red'>Unknown as (John Smith) (camer) attacked Lief Chauvin (vovanhur) with chainsaw (INTENT: HURT) (DAMTYE: BRUTE)</font>
[00:01:48]ATTACK: <font color='red'>Unknown as (John Smith) (camer) attacked Lief Chauvin (vovanhur) with chainsaw (INTENT: HURT) (DAMTYE: BRUTE)</font>
[00:01:49]ATTACK: <font color='red'>Unknown as (John Smith) (camer) attacked Lief Chauvin (vovanhur) with chainsaw (INTENT: HURT) (DAMTYE: BRUTE)</font>
[00:01:51]ATTACK: <font color='red'>Unknown as (John Smith) (camer) punched Lief Chauvin (vovanhur)</font>
[00:02:11]ATTACK: <font color='red'>Arlim Westland (arlim) attacked Unknown as (John Smith) (camer) with chainsaw (INTENT: DISARM) (DAMTYE: BRUTE)</font>
[00:02:13]ATTACK: <font color='red'>Arlim Westland (arlim) attacked Unknown as (John Smith) (camer) with chainsaw (INTENT: DISARM) (DAMTYE: BRUTE)</font>
[00:02:17]ATTACK: <font color='red'>Arlim Westland (arlim) attacked Unknown as (John Smith) (camer) with chainsaw (INTENT: DISARM) (DAMTYE: BRUTE)</font>
[00:02:21]ATTACK: <font color='red'>Arlim Westland (arlim) attacked Unknown as (John Smith) (camer) with chainsaw (INTENT: DISARM) (DAMTYE: BRUTE)</font>
[00:02:23]ATTACK: <font color='red'>Arlim Westland (arlim) attacked Unknown as (John Smith) (camer) with chainsaw (INTENT: DISARM) (DAMTYE: BRUTE)</font>
[00:02:24]ATTACK: <font color='red'>Arlim Westland (arlim) attacked Unknown as (John Smith) (camer) with chainsaw (INTENT: DISARM) (DAMTYE: BRUTE)</font>
[00:02:25]ATTACK: <font color='red'>Arlim Westland (arlim) attacked Unknown as (John Smith) (camer) with chainsaw (INTENT: DISARM) (DAMTYE: BRUTE)</font>
[00:02:26]ATTACK: <font color='red'>Arlim Westland (arlim) attacked Unknown as (John Smith) (camer) with chainsaw (INTENT: DISARM) (DAMTYE: BRUTE)</font>
[00:02:28]ATTACK: <font color='red'>Arlim Westland (arlim) attacked Unknown as (John Smith) (camer) with chainsaw (INTENT: DISARM) (DAMTYE: BRUTE)</font>
[00:02:29]ATTACK: <font color='red'>Arlim Westland (arlim) attacked Unknown as (John Smith) (camer) with chainsaw (INTENT: DISARM) (DAMTYE: BRUTE)</font>
[00:02:30]ATTACK: <font color='red'>Arlim Westland (arlim) attacked Unknown as (John Smith) (camer) with chainsaw (INTENT: DISARM) (DAMTYE: BRUTE)</font>
[00:02:31]ATTACK: <font color='red'>Arlim Westland (arlim) attacked Unknown as (John Smith) (camer) with chainsaw (INTENT: DISARM) (DAMTYE: BRUTE)</font>
[00:02:35]ATTACK: <font color='red'>Unknown (airenjon) shot Unknown as (John Smith) (camer) with a the Bullet</font>
[00:02:41]ATTACK: <font color='red'>Arlim Westland (arlim) attacked Unknown as (John Smith) (camer) with chainsaw (INTENT: DISARM) (DAMTYE: BRUTE)</font>
[00:02:42]ATTACK: <font color='red'>Arlim Westland (arlim) attacked Unknown as (John Smith) (camer) with chainsaw (INTENT: DISARM) (DAMTYE: BRUTE)</font>
[00:02:44]ATTACK: <font color='red'>Arlim Westland (arlim) attacked Unknown as (John Smith) (camer) with chainsaw (INTENT: DISARM) (DAMTYE: BRUTE)</font>
[00:02:45]ATTACK: <font color='red'>Arlim Westland (arlim) attacked Unknown as (John Smith) (camer) with chainsaw (INTENT: DISARM) (DAMTYE: BRUTE)</font>
[00:02:46]ATTACK: <font color='red'>Arlim Westland (arlim) attacked Unknown as (John Smith) (camer) with chainsaw (INTENT: DISARM) (DAMTYE: BRUTE)</font>
