

Starting up. 00:01.17
---------------------

[00:01:17]ADMIN: Loading jobban_rank
[00:01:17]ADMIN: jobban_keylist was empty
[00:01:17]ADMIN: Updating jobbanfile!
[00:01:17]ADMIN: Loading Banlist
Reading donators.txt
[00:01:25]ACCESS: Login: Catratcat/(Catratcat) from 127.0.0.1-3781439013 || BYOND v498
[00:01:25]ACCESS: Login: Catratcat/(Catratcat) from 127.0.0.1
[00:01:39]ADMIN: Catratcat has started the game.
[00:01:39]ACCESS: Logout: *no client*/(Catratcat)
[00:01:39]ACCESS: Login: Catratcat/(Morgan Bickerson) from 127.0.0.1-3781439013 || BYOND v498
[00:02:39]ACCESS: Logout: Catratcat/(Morgan Bickerson)


Starting up. 00:10.26
---------------------

[00:10:26]ADMIN: Loading jobban_rank
[00:10:26]ADMIN: jobban_keylist was empty
[00:10:26]ADMIN: Updating jobbanfile!
[00:10:26]ADMIN: Loading Banlist
Reading donators.txt
[00:10:57]ACCESS: Login: Catratcat/(Catratcat) from 127.0.0.1-3781439013 || BYOND v498
[00:10:57]ACCESS: Login: Catratcat/(Catratcat) from 127.0.0.1
[00:11:02]ADMIN: Catratcat has started the game.
[00:11:03]ACCESS: Logout: *no client*/(Catratcat)
[00:11:03]ACCESS: Login: Catratcat/(Morgan Bickerson) from 127.0.0.1-3781439013 || BYOND v498
[00:11:58]ACCESS: Logout: Catratcat/(Morgan Bickerson)


Starting up. 00:14.11
---------------------

[00:14:11]ADMIN: Loading jobban_rank
[00:14:11]ADMIN: jobban_keylist was empty
[00:14:11]ADMIN: Updating jobbanfile!
[00:14:11]ADMIN: Loading Banlist
Reading donators.txt
[00:14:24]ACCESS: Login: Catratcat/(Catratcat) from 127.0.0.1-3781439013 || BYOND v498
[00:14:24]ACCESS: Login: Catratcat/(Catratcat) from 127.0.0.1
[00:14:29]ADMIN: Catratcat has started the game.
[00:14:29]ACCESS: Logout: *no client*/(Catratcat)
[00:14:29]ACCESS: Login: Catratcat/(Morgan Bickerson) from 127.0.0.1-3781439013 || BYOND v498
[00:15:26]ACCESS: Logout: Catratcat/(Morgan Bickerson)


Starting up. 00:29.53
---------------------

[00:29:53]ADMIN: Loading jobban_rank
[00:29:53]ADMIN: jobban_keylist was empty
[00:29:53]ADMIN: Updating jobbanfile!
[00:29:53]ADMIN: Loading Banlist
Reading donators.txt
[00:29:57]ACCESS: Login: Catratcat/(Catratcat) from 127.0.0.1-3781439013 || BYOND v498
[00:29:57]ACCESS: Login: Catratcat/(Catratcat) from 127.0.0.1
[00:30:14]ADMIN: Catratcat has started the game.
[00:30:15]ACCESS: Logout: *no client*/(Catratcat)
[00:30:15]ACCESS: Login: Catratcat/(Morgan Bickerson) from 127.0.0.1-3781439013 || BYOND v498
[00:31:31]ACCESS: Logout: Catratcat/(Morgan Bickerson)


Starting up. 00:35.36
---------------------

[00:35:36]ADMIN: Loading jobban_rank
[00:35:36]ADMIN: jobban_keylist was empty
[00:35:36]ADMIN: Updating jobbanfile!
[00:35:36]ADMIN: Loading Banlist
Reading donators.txt
[00:35:40]ACCESS: Login: Catratcat/(Catratcat) from 127.0.0.1-3781439013 || BYOND v498
[00:35:40]ACCESS: Login: Catratcat/(Catratcat) from 127.0.0.1
[00:35:49]ADMIN: Catratcat has started the game.
[00:35:50]ACCESS: Logout: *no client*/(Catratcat)
[00:35:50]ACCESS: Login: Catratcat/(Morgan Bickerson) from 127.0.0.1-3781439013 || BYOND v498
[00:36:16]ACCESS: Logout: Catratcat/(Morgan Bickerson)


Starting up. 00:52.32
---------------------

[00:52:32]ADMIN: Loading jobban_rank
[00:52:32]ADMIN: jobban_keylist was empty
[00:52:32]ADMIN: Updating jobbanfile!
[00:52:32]ADMIN: Loading Banlist
Reading donators.txt
[00:53:37]ACCESS: Login: Catratcat/(Catratcat) from 127.0.0.1-3781439013 || BYOND v498
[00:53:37]ACCESS: Login: Catratcat/(Catratcat) from 127.0.0.1
[00:53:45]ADMIN: Catratcat has started the game.
[00:53:46]ACCESS: Logout: *no client*/(Catratcat)
[00:53:46]ACCESS: Login: Catratcat/(Morgan Bickerson) from 127.0.0.1-3781439013 || BYOND v498
[00:54:22]ACCESS: Logout: Catratcat/(Morgan Bickerson)


Starting up. 01:10.49
---------------------

[01:10:49]ADMIN: Loading jobban_rank
[01:10:49]ADMIN: jobban_keylist was empty
[01:10:49]ADMIN: Updating jobbanfile!
[01:10:49]ADMIN: Loading Banlist
Reading donators.txt
[01:11:07]ACCESS: Login: Catratcat/(Catratcat) from 127.0.0.1-3781439013 || BYOND v498
[01:11:07]ACCESS: Login: Catratcat/(Catratcat) from 127.0.0.1
[01:11:16]ADMIN: Catratcat has started the game.
[01:11:17]ACCESS: Logout: *no client*/(Catratcat)
[01:11:17]ACCESS: Login: Catratcat/(Morgan Bickerson) from 127.0.0.1-3781439013 || BYOND v498
[01:12:01]ACCESS: Logout: Catratcat/(Morgan Bickerson)


Starting up. 14:20.42
---------------------

[14:20:42]ADMIN: Loading jobban_rank
[14:20:42]ADMIN: jobban_keylist was empty
[14:20:42]ADMIN: Updating jobbanfile!
[14:20:42]ADMIN: Loading Banlist
Reading donators.txt
[14:24:55]ACCESS: Login: Catratcat/(Catratcat) from 127.0.0.1-3781439013 || BYOND v498
[14:24:56]ACCESS: Login: Catratcat/(Catratcat) from 127.0.0.1
[14:25:02]ADMIN: Catratcat has started the game.
[14:25:03]ACCESS: Logout: *no client*/(Catratcat)
[14:25:03]ACCESS: Login: Catratcat/(Morgan Bickerson) from 127.0.0.1-3781439013 || BYOND v498
[14:25:23]ADMIN: Catratcat/(Morgan Bickerson) jumped to 43,58,1 in the Quartermasters


Starting up. 14:26.30
---------------------

[14:26:30]ADMIN: Loading jobban_rank
[14:26:30]ADMIN: jobban_keylist was empty
[14:26:30]ADMIN: Updating jobbanfile!
[14:26:30]ADMIN: Loading Banlist
Reading donators.txt
[14:26:34]ACCESS: Login: Catratcat/(Catratcat) from 127.0.0.1-3781439013 || BYOND v498
[14:26:34]ACCESS: Login: Catratcat/(Catratcat) from 127.0.0.1
[14:26:43]ADMIN: Catratcat has started the game.
[14:26:43]ACCESS: Logout: *no client*/(Catratcat)
[14:26:43]ACCESS: Login: Catratcat/(Morgan Bickerson) from 127.0.0.1-3781439013 || BYOND v498


Starting up. 14:42.59
---------------------

[14:42:59]ADMIN: Loading jobban_rank
[14:42:59]ADMIN: jobban_keylist was empty
[14:42:59]ADMIN: Updating jobbanfile!
[14:42:59]ADMIN: Loading Banlist
Reading donators.txt
[14:43:34]ACCESS: Login: Catratcat/(Catratcat) from 127.0.0.1-3781439013 || BYOND v498
[14:43:34]ACCESS: Login: Catratcat/(Catratcat) from 127.0.0.1
[14:43:41]ADMIN: Catratcat has started the game.
[14:43:41]ACCESS: Logout: *no client*/(Catratcat)
[14:43:41]ACCESS: Login: Catratcat/(Morgan Bickerson) from 127.0.0.1-3781439013 || BYOND v498
[14:44:19]ADMIN: Catratcat/(Morgan Bickerson) modified Morgan Bickerson's drowsyness to 1
[14:44:53]ACCESS: Logout: Catratcat/(Morgan Bickerson)


Starting up. 14:49.29
---------------------

[14:49:29]ADMIN: Loading jobban_rank
[14:49:29]ADMIN: jobban_keylist was empty
[14:49:29]ADMIN: Updating jobbanfile!
[14:49:29]ADMIN: Loading Banlist
Reading donators.txt
[14:49:33]ACCESS: Login: Catratcat/(Catratcat) from 127.0.0.1-3781439013 || BYOND v498
[14:49:33]ACCESS: Login: Catratcat/(Catratcat) from 127.0.0.1
[14:49:43]ADMIN: Catratcat has started the game.
[14:49:43]ACCESS: Logout: *no client*/(Catratcat)
[14:49:43]ACCESS: Login: Catratcat/(Morgan Bickerson) from 127.0.0.1-3781439013 || BYOND v498
[14:50:25]ADMIN: Catratcat/(Morgan Bickerson) deleted the spotlight at (39,54,2)
[14:50:42]ADMIN: Catratcat/(Morgan Bickerson) deleted the spotlight at (39,47,2)
[14:51:01]ACCESS: Logout: Catratcat/(Morgan Bickerson)


Starting up. 14:59.52
---------------------

[14:59:52]ADMIN: Loading jobban_rank
[14:59:52]ADMIN: jobban_keylist was empty
[14:59:52]ADMIN: Updating jobbanfile!
[14:59:52]ADMIN: Loading Banlist
Reading donators.txt
[15:01:40]ACCESS: Login: Catratcat/(Catratcat) from 127.0.0.1-3781439013 || BYOND v498
[15:01:40]ACCESS: Login: Catratcat/(Catratcat) from 127.0.0.1
[15:01:46]ADMIN: Catratcat has started the game.
[15:01:46]ACCESS: Logout: *no client*/(Catratcat)
[15:01:46]ACCESS: Login: Catratcat/(Morgan Bickerson) from 127.0.0.1-3781439013 || BYOND v498
[15:02:34]ACCESS: Logout: Catratcat/(Morgan Bickerson)


Starting up. 15:06.17
---------------------

[15:06:17]ADMIN: Loading jobban_rank
[15:06:17]ADMIN: jobban_keylist was empty
[15:06:17]ADMIN: Updating jobbanfile!
[15:06:17]ADMIN: Loading Banlist
Reading donators.txt
[15:06:21]ACCESS: Login: Catratcat/(Catratcat) from 127.0.0.1-3781439013 || BYOND v498
[15:06:21]ACCESS: Login: Catratcat/(Catratcat) from 127.0.0.1
[15:06:31]ADMIN: Catratcat has started the game.
[15:06:31]ACCESS: Logout: *no client*/(Catratcat)
[15:06:31]ACCESS: Login: Catratcat/(Morgan Bickerson) from 127.0.0.1-3781439013 || BYOND v498
[15:07:35]ACCESS: Logout: Catratcat/(Morgan Bickerson)


Starting up. 15:28.51
---------------------

[15:28:51]ADMIN: Loading jobban_rank
[15:28:51]ADMIN: jobban_keylist was empty
[15:28:51]ADMIN: Updating jobbanfile!
[15:28:51]ADMIN: Loading Banlist
Reading donators.txt
[15:29:01]ACCESS: Login: Catratcat/(Catratcat) from 127.0.0.1-3781439013 || BYOND v498
[15:29:01]ACCESS: Login: Catratcat/(Catratcat) from 127.0.0.1
[15:29:09]ADMIN: Catratcat has started the game.
[15:29:10]ACCESS: Logout: *no client*/(Catratcat)
[15:29:10]ACCESS: Login: Catratcat/(Morgan Bickerson) from 127.0.0.1-3781439013 || BYOND v498
[15:31:57]ACCESS: Logout: Catratcat/(Morgan Bickerson)


Starting up. 15:47.31
---------------------

[15:47:31]ADMIN: Loading jobban_rank
[15:47:31]ADMIN: jobban_keylist was empty
[15:47:31]ADMIN: Updating jobbanfile!
[15:47:31]ADMIN: Loading Banlist
Reading donators.txt
[15:52:36]ACCESS: Login: Catratcat/(Catratcat) from 127.0.0.1-3781439013 || BYOND v498
[15:52:36]ACCESS: Login: Catratcat/(Catratcat) from 127.0.0.1
[15:52:42]ADMIN: Catratcat has started the game.
[15:52:42]ACCESS: Logout: *no client*/(Catratcat)
[15:52:42]ACCESS: Login: Catratcat/(Morgan Bickerson) from 127.0.0.1-3781439013 || BYOND v498
[15:55:06]ADMIN: Catratcat/(Morgan Bickerson) modified Morgan Bickerson's drowning to 1
[15:55:39]ACCESS: Logout: Catratcat/(Morgan Bickerson)


Starting up. 16:07.02
---------------------

[16:07:02]ADMIN: Loading jobban_rank
[16:07:02]ADMIN: jobban_keylist was empty
[16:07:02]ADMIN: Updating jobbanfile!
[16:07:02]ADMIN: Loading Banlist
Reading donators.txt
[16:07:06]ACCESS: Login: Catratcat/(Catratcat) from 127.0.0.1-3781439013 || BYOND v498
[16:07:06]ACCESS: Login: Catratcat/(Catratcat) from 127.0.0.1
[16:07:15]ADMIN: Catratcat has started the game.
[16:07:16]ACCESS: Logout: *no client*/(Catratcat)
[16:07:16]ACCESS: Login: Catratcat/(Morgan Bickerson) from 127.0.0.1-3781439013 || BYOND v498
[16:08:54]ADMIN: Catratcat/(Morgan Bickerson) modified Morgan Bickerson's drowning to 0
[16:09:08]ADMIN: Catratcat/(Morgan Bickerson) healed / revived Catratcat/(Morgan Bickerson)
[16:10:01]ADMIN: Catratcat/(Morgan Bickerson) healed / revived Catratcat/(Morgan Bickerson)
[16:10:30]ACCESS: Logout: Catratcat/(Morgan Bickerson)


Starting up. 16:19.50
---------------------

[16:19:50]ADMIN: Loading jobban_rank
[16:19:50]ADMIN: jobban_keylist was empty
[16:19:50]ADMIN: Updating jobbanfile!
[16:19:50]ADMIN: Loading Banlist
Reading donators.txt
[16:20:04]ACCESS: Login: Catratcat/(Catratcat) from 127.0.0.1-3781439013 || BYOND v498
[16:20:04]ACCESS: Login: Catratcat/(Catratcat) from 127.0.0.1
[16:20:11]ADMIN: Catratcat has started the game.
[16:20:12]ACCESS: Logout: *no client*/(Catratcat)
[16:20:12]ACCESS: Login: Catratcat/(Morgan Bickerson) from 127.0.0.1-3781439013 || BYOND v498
[16:21:03]EMOTE: Morgan Bickerson/Catratcat : <B>Morgan Bickerson</B> breathes.
[16:23:34]ADMIN: Catratcat/(Morgan Bickerson) healed / revived Catratcat/(Morgan Bickerson)
[16:24:28]ACCESS: Logout: Catratcat/(Morgan Bickerson)


Starting up. 16:33.14
---------------------

[16:33:14]ADMIN: Loading jobban_rank
[16:33:14]ADMIN: jobban_keylist was empty
[16:33:14]ADMIN: Updating jobbanfile!
[16:33:14]ADMIN: Loading Banlist
Reading donators.txt
[16:33:36]ACCESS: Login: Catratcat/(Catratcat) from 127.0.0.1-3781439013 || BYOND v498
[16:33:36]ACCESS: Login: Catratcat/(Catratcat) from 127.0.0.1
[16:33:42]ADMIN: Catratcat has started the game.
[16:33:42]ACCESS: Logout: *no client*/(Catratcat)
[16:33:42]ACCESS: Login: Catratcat/(Morgan Bickerson) from 127.0.0.1-3781439013 || BYOND v498
[16:34:24]ADMIN: Catratcat/(Morgan Bickerson) deleted the spotlight at (39,54,2)
[16:34:28]ACCESS: Logout: Catratcat/(Morgan Bickerson)


Starting up. 16:40.54
---------------------

[16:40:54]ADMIN: Loading jobban_rank
[16:40:54]ADMIN: jobban_keylist was empty
[16:40:54]ADMIN: Updating jobbanfile!
[16:40:54]ADMIN: Loading Banlist
Reading donators.txt
[16:40:59]ACCESS: Login: Catratcat/(Catratcat) from 127.0.0.1-3781439013 || BYOND v498
[16:40:59]ACCESS: Login: Catratcat/(Catratcat) from 127.0.0.1
[16:41:11]ADMIN: Catratcat has started the game.
[16:41:11]ACCESS: Logout: *no client*/(Catratcat)
[16:41:11]ACCESS: Login: Catratcat/(Morgan Bickerson) from 127.0.0.1-3781439013 || BYOND v498
[16:42:03]EMOTE: Morgan Bickerson/Catratcat : <B>Morgan Bickerson</B> breathes.
[16:42:46]ACCESS: Logout: Catratcat/(Morgan Bickerson)


Starting up. 16:47.16
---------------------

[16:47:16]ADMIN: Loading jobban_rank
[16:47:16]ADMIN: jobban_keylist was empty
[16:47:16]ADMIN: Updating jobbanfile!
[16:47:16]ADMIN: Loading Banlist
Reading donators.txt
[16:47:29]ACCESS: Login: Catratcat/(Catratcat) from 127.0.0.1-3781439013 || BYOND v498
[16:47:29]ACCESS: Login: Catratcat/(Catratcat) from 127.0.0.1
[16:47:34]ADMIN: Catratcat has started the game.
[16:47:35]ACCESS: Logout: *no client*/(Catratcat)
[16:47:35]ACCESS: Login: Catratcat/(Morgan Bickerson) from 127.0.0.1-3781439013 || BYOND v498
[16:48:31]EMOTE: Morgan Bickerson/Catratcat : <B>Morgan Bickerson</B> breathes.
[16:49:50]EMOTE: Morgan Bickerson/Catratcat : <B>Morgan Bickerson</B> breathes.
[16:49:57]ACCESS: Logout: Catratcat/(Morgan Bickerson)


Starting up. 16:52.55
---------------------

[16:52:55]ADMIN: Loading jobban_rank
[16:52:55]ADMIN: jobban_keylist was empty
[16:52:55]ADMIN: Updating jobbanfile!
[16:52:55]ADMIN: Loading Banlist
Reading donators.txt
[16:53:05]ACCESS: Login: Catratcat/(Catratcat) from 127.0.0.1-3781439013 || BYOND v498
[16:53:05]ACCESS: Login: Catratcat/(Catratcat) from 127.0.0.1
[16:53:10]ADMIN: Catratcat has started the game.
[16:53:10]ACCESS: Logout: *no client*/(Catratcat)
[16:53:10]ACCESS: Login: Catratcat/(Morgan Bickerson) from 127.0.0.1-3781439013 || BYOND v498
[16:53:52]EMOTE: Morgan Bickerson/Catratcat : <B>Morgan Bickerson</B> breathes.
[16:54:44]EMOTE: Morgan Bickerson/Catratcat : <B>Morgan Bickerson</B> breathes.
[16:55:21]ACCESS: Logout: Catratcat/(Morgan Bickerson)
