

Starting up. 18:05.10
---------------------



Starting up. 19:20.30
---------------------

[19:21:30]ATTACK: <font color='red'>Morgan Bickerson (catratcat) attacked Morgan Bickerson (catratcat) with Nipper MK1 (INTENT: HELP) (DAMTYE: BRUTE)</font>


Starting up. 19:38.45
---------------------



Starting up. 20:00.01
---------------------



Starting up. 20:01.44
---------------------



Starting up. 20:02.01
---------------------

[20:15:27]ATTACK: <font color='red'>Jacob Ulery (jarlo) implanted Jacob Ulery (jarlo) with Nanoaugmentation Implaner (Regenerative Nanobots) (INTENT: HELP)</font>
[20:15:36]ATTACK: <font color='red'>Jacob Ulery (jarlo) implanted Jacob Ulery (jarlo) with Nanoaugmentation Implaner (Short-range Psionic Radar) (INTENT: HELP)</font>
[20:16:22]ATTACK: <font color='red'>Jacob Ulery (jarlo) attacked Roman Leslie () with metal rods (INTENT: HELP) (DAMTYE: BRUTE)</font>
[20:16:23]ATTACK: <font color='red'>Jacob Ulery (jarlo) attacked Roman Leslie () with metal rods (INTENT: HELP) (DAMTYE: BRUTE)</font>
[20:16:25]ATTACK: <font color='red'>Jacob Ulery (jarlo) attacked Roman Leslie () with metal rods (INTENT: HELP) (DAMTYE: BRUTE)</font>
[20:16:26]ATTACK: <font color='red'>Jacob Ulery (jarlo) attacked Roman Leslie () with metal rods (INTENT: HELP) (DAMTYE: BRUTE)</font>
[20:16:27]ATTACK: <font color='red'>Jacob Ulery (jarlo) attacked Roman Leslie () with metal rods (INTENT: HELP) (DAMTYE: BRUTE)</font>
[20:16:28]ATTACK: <font color='red'>Jacob Ulery (jarlo) attacked Roman Leslie () with metal rods (INTENT: HELP) (DAMTYE: BRUTE)</font>
[20:16:29]ATTACK: <font color='red'>Jacob Ulery (jarlo) attacked Roman Leslie () with metal rods (INTENT: HELP) (DAMTYE: BRUTE)</font>
[20:16:30]ATTACK: <font color='red'>Jacob Ulery (jarlo) attacked Roman Leslie () with metal rods (INTENT: HELP) (DAMTYE: BRUTE)</font>
[20:16:31]ATTACK: <font color='red'>Jacob Ulery (jarlo) attacked Roman Leslie () with metal rods (INTENT: HELP) (DAMTYE: BRUTE)</font>
[20:16:33]ATTACK: <font color='red'>Jacob Ulery (jarlo) attacked Roman Leslie () with metal rods (INTENT: HELP) (DAMTYE: BRUTE)</font>
[20:16:34]ATTACK: <font color='red'>Jacob Ulery (jarlo) attacked Roman Leslie () with metal rods (INTENT: HELP) (DAMTYE: BRUTE)</font>
[20:16:35]ATTACK: <font color='red'>Jacob Ulery (jarlo) attacked Roman Leslie () with metal rods (INTENT: HELP) (DAMTYE: BRUTE)</font>
[20:16:36]ATTACK: <font color='red'>Jacob Ulery (jarlo) attacked Roman Leslie () with metal rods (INTENT: HELP) (DAMTYE: BRUTE)</font>
[20:16:38]ATTACK: <font color='red'>Jacob Ulery (jarlo) attacked Roman Leslie () with metal rods (INTENT: HELP) (DAMTYE: BRUTE)</font>
[20:16:40]ATTACK: <font color='red'>Jacob Ulery (jarlo) attacked Roman Leslie () with metal rods (INTENT: HELP) (DAMTYE: BRUTE)</font>
[20:16:42]ATTACK: <font color='red'>Jacob Ulery (jarlo) attacked Roman Leslie () with metal rods (INTENT: HELP) (DAMTYE: BRUTE)</font>
[20:16:43]ATTACK: <font color='red'>Jacob Ulery (jarlo) attacked Roman Leslie () with metal rods (INTENT: HELP) (DAMTYE: BRUTE)</font>
[20:16:44]ATTACK: <font color='red'>Jacob Ulery (jarlo) attacked Roman Leslie () with metal rods (INTENT: HELP) (DAMTYE: BRUTE)</font>
[20:16:45]ATTACK: <font color='red'>Jacob Ulery (jarlo) attacked Roman Leslie () with metal rods (INTENT: HELP) (DAMTYE: BRUTE)</font>
[20:16:49]ATTACK: <font color='red'>Jacob Ulery (jarlo) attacked Roman Leslie () with metal rods (INTENT: HELP) (DAMTYE: BRUTE)</font>
[20:17:49]ATTACK: <font color='red'>Kyle Andreev (zazaza1112) attacked Tate Stroh (zyba) with chain (INTENT: HURT) (DAMTYE: BRUTE)</font>
[20:17:52]ATTACK: <font color='red'>Kyle Andreev (zazaza1112) attacked Tate Stroh (zyba) with chain (INTENT: HURT) (DAMTYE: BRUTE)</font>
[20:17:55]ATTACK: <font color='red'>Kyle Andreev (zazaza1112) attacked Unknown (zyba) with chain (INTENT: HURT) (DAMTYE: BRUTE)</font>
[20:17:57]ATTACK: <font color='red'>Kyle Andreev (zazaza1112) attacked Unknown (zyba) with chain (INTENT: HURT) (DAMTYE: BRUTE)</font>
[20:17:58]ATTACK: <font color='red'>Kyle Andreev (zazaza1112) attacked Unknown (zyba) with chain (INTENT: HURT) (DAMTYE: BRUTE)</font>
[20:21:35]ATTACK: <font color='red'>Bruno Mantana (rigget) disarmed Conrad Nominox (diustin)</font>
[20:21:38]ATTACK: <font color='red'>Jacob Ulery (jarlo) attacked Bill Karlos (tima33) with balisong knife (INTENT: HELP) (DAMTYE: BRUTE)</font>
[20:21:39]ATTACK: <font color='red'>Conrad Nominox (diustin) attacked Jeremy Pritchard (kypetc) with fire extinguisher (INTENT: HELP) (DAMTYE: BRUTE)</font>
[20:21:40]ATTACK: <font color='red'>Jacob Ulery (jarlo) attacked Bill Karlos (tima33) with balisong knife (INTENT: HELP) (DAMTYE: BRUTE)</font>
[20:21:40]ATTACK: <font color='red'>Conrad Nominox (diustin) attacked Jeremy Pritchard (kypetc) with fire extinguisher (INTENT: HELP) (DAMTYE: BRUTE)</font>
[20:21:42]ATTACK: <font color='red'>Jacob Ulery (jarlo) attacked Bill Karlos (tima33) with balisong knife (INTENT: HELP) (DAMTYE: BRUTE)</font>
[20:21:42]ATTACK: <font color='red'>Conrad Nominox (diustin) attacked Jeremy Pritchard (kypetc) with fire extinguisher (INTENT: HELP) (DAMTYE: BRUTE)</font>
[20:21:43]ATTACK: <font color='red'>Jacob Ulery (jarlo) attacked Bill Karlos (tima33) with balisong knife (INTENT: HELP) (DAMTYE: BRUTE)</font>
[20:21:43]ATTACK: <font color='red'>Conrad Nominox (diustin) attacked Jeremy Pritchard (kypetc) with fire extinguisher (INTENT: HELP) (DAMTYE: BRUTE)</font>
[20:21:44]ATTACK: <font color='red'>Jacob Ulery (jarlo) attacked Unknown (tima33) with balisong knife (INTENT: HELP) (DAMTYE: BRUTE)</font>
[20:21:45]ATTACK: <font color='red'>Conrad Nominox (diustin) attacked Bruno Mantana (rigget) with fire extinguisher (INTENT: HELP) (DAMTYE: BRUTE)</font>
[20:21:45]ATTACK: <font color='red'>Jacob Ulery (jarlo) attacked Unknown (tima33) with balisong knife (INTENT: HELP) (DAMTYE: BRUTE)</font>
[20:21:47]ATTACK: <font color='red'>Conrad Nominox (diustin) attacked Unknown (kypetc) with fire extinguisher (INTENT: HELP) (DAMTYE: BRUTE)</font>
[20:21:47]ATTACK: <font color='red'>Jacob Ulery (jarlo) attacked Unknown (tima33) with balisong knife (INTENT: HELP) (DAMTYE: BRUTE)</font>
[20:21:50]ATTACK: <font color='red'>Conrad Nominox (diustin) attacked Unknown (kypetc) with fire extinguisher (INTENT: HELP) (DAMTYE: BRUTE)</font>
[20:21:50]ATTACK: <font color='red'>Jacob Ulery (jarlo) attacked Unknown (tima33) with balisong knife (INTENT: HELP) (DAMTYE: BRUTE)</font>
[20:21:51]ATTACK: <font color='red'>Conrad Nominox (diustin) attacked Unknown (kypetc) with fire extinguisher (INTENT: HELP) (DAMTYE: BRUTE)</font>
[20:21:51]ATTACK: <font color='red'>Jacob Ulery (jarlo) attacked Unknown (tima33) with balisong knife (INTENT: HELP) (DAMTYE: BRUTE)</font>
[20:21:52]ATTACK: <font color='red'>Conrad Nominox (diustin) attacked Unknown (kypetc) with fire extinguisher (INTENT: HELP) (DAMTYE: BRUTE)</font>
[20:21:53]ATTACK: <font color='red'>Jacob Ulery (jarlo) attacked Unknown (tima33) with balisong knife (INTENT: HELP) (DAMTYE: BRUTE)</font>
[20:22:41]ATTACK: <font color='red'>Jack (rizus) attacked Miguel Werner (hspear26) with scalpel (INTENT: HELP) (DAMTYE: BRUTE)</font>
[20:23:08]ATTACK: <font color='red'>Kyle Andreev (zazaza1112) attacked Jeffrey Weisgarber (altehor) with chain (INTENT: HURT) (DAMTYE: BRUTE)</font>
[20:23:34]ATTACK: <font color='red'>Jack (rizus) attacked Jeffrey Weisgarber (altehor) with scalpel (INTENT: HELP) (DAMTYE: BRUTE)</font>
[20:23:35]ATTACK: <font color='red'>Jeffrey Weisgarber (altehor) disarmed Jack (rizus)</font>
[20:23:39]ATTACK: <font color='red'>Kyle Andreev (zazaza1112) attacked Jeffrey Weisgarber (altehor) with chain (INTENT: HURT) (DAMTYE: BRUTE)</font>
[20:23:40]ATTACK: <font color='red'>Jeffrey Weisgarber (altehor) attacked Kyle Andreev (zazaza1112) with scalpel (INTENT: DISARM) (DAMTYE: BRUTE)</font>
[20:23:49]ATTACK: <font color='red'>Jack (rizus) disarmed Jeffrey Weisgarber (altehor)</font>
[20:23:51]ATTACK: <font color='red'>Jack (rizus) disarmed Jeffrey Weisgarber (altehor)</font>
[20:23:55]ATTACK: <font color='red'>Jeffrey Weisgarber (altehor) attacked Jeffrey Weisgarber (altehor) with scalpel (INTENT: DISARM) (DAMTYE: BRUTE)</font>
[20:23:56]ATTACK: <font color='red'>Kyle Andreev (zazaza1112) attacked Jeffrey Weisgarber (altehor) with chain (INTENT: HURT) (DAMTYE: BRUTE)</font>
[20:23:57]ATTACK: <font color='red'>Jeffrey Weisgarber (altehor) attacked Kyle Andreev (zazaza1112) with scalpel (INTENT: DISARM) (DAMTYE: BRUTE)</font>
[20:23:57]ATTACK: <font color='red'>Bruno Mantana (rigget) disarmed Jacob Ulery (jarlo)</font>
[20:23:58]ATTACK: <font color='red'>Kyle Andreev (zazaza1112) attacked Jeffrey Weisgarber (altehor) with chain (INTENT: HURT) (DAMTYE: BRUTE)</font>
[20:23:59]ATTACK: <font color='red'>Bruno Mantana (rigget) disarmed Jacob Ulery (jarlo)</font>
[20:24:00]ATTACK: <font color='red'>Kyle Andreev (zazaza1112) attacked Jeffrey Weisgarber (altehor) with chain (INTENT: HURT) (DAMTYE: BRUTE)</font>
[20:24:01]ATTACK: <font color='red'>Kyle Andreev (zazaza1112) attacked Unknown as (Jeffrey Weisgarber) (altehor) with chain (INTENT: HURT) (DAMTYE: BRUTE)</font>
[20:24:03]ATTACK: <font color='red'>Kyle Andreev (zazaza1112) attacked Unknown as (Jeffrey Weisgarber) (altehor) with chain (INTENT: HURT) (DAMTYE: BRUTE)</font>
[20:24:03]ATTACK: <font color='red'>Jack (rizus) attacked Unknown as (Jeffrey Weisgarber) (altehor) with scalpel (INTENT: DISARM) (DAMTYE: BRUTE)</font>
[20:24:04]ATTACK: <font color='red'>Gus Bear (nikaks) shot Miguel Werner (hspear26) with a bow ()</font>
[20:24:05]ATTACK: <font color='red'>Jack (rizus) attacked Unknown as (Jeffrey Weisgarber) (altehor) with scalpel (INTENT: DISARM) (DAMTYE: BRUTE)</font>
[20:24:06]ATTACK: <font color='red'>Jack (rizus) attacked Unknown as (Jeffrey Weisgarber) (altehor) with scalpel (INTENT: DISARM) (DAMTYE: BRUTE)</font>
[20:24:07]ATTACK: <font color='red'>Jack (rizus) attacked Unknown as (Jeffrey Weisgarber) (altehor) with scalpel (INTENT: DISARM) (DAMTYE: BRUTE)</font>
[20:24:08]ATTACK: <font color='red'>Jack (rizus) attacked Kyle Andreev (zazaza1112) with scalpel (INTENT: DISARM) (DAMTYE: BRUTE)</font>
[20:24:09]ATTACK: <font color='red'>Gus Bear (nikaks) shot Miguel Werner (hspear26) with a bow ()</font>
[20:24:09]ATTACK: <font color='red'>Jack (rizus) attacked Kyle Andreev (zazaza1112) with scalpel (INTENT: DISARM) (DAMTYE: BRUTE)</font>
[20:24:10]ATTACK: <font color='red'>Bruno Mantana (rigget) disarmed Jacob Ulery (jarlo)</font>
[20:24:10]ATTACK: <font color='red'>Jack (rizus) attacked Unknown (zazaza1112) with scalpel (INTENT: DISARM) (DAMTYE: BRUTE)</font>
[20:24:14]ATTACK: <font color='red'>Unknown (zazaza1112) attacked Jack (rizus) with chain (INTENT: HURT) (DAMTYE: BRUTE)</font>
[20:24:15]ATTACK: <font color='red'>Miguel Werner (hspear26) disarmed Miguel Werner (hspear26)</font>
[20:24:23]ATTACK: <font color='red'>Jack (rizus) attacked Unknown (zazaza1112) with scalpel (INTENT: DISARM) (DAMTYE: BRUTE)</font>
[20:24:26]ATTACK: <font color='red'>Jack (rizus) attacked Unknown (zazaza1112) with scalpel (INTENT: DISARM) (DAMTYE: BRUTE)</font>
[20:24:27]ATTACK: <font color='red'>Jack (rizus) attacked Unknown (zazaza1112) with scalpel (INTENT: DISARM) (DAMTYE: BRUTE)</font>
[20:24:29]ATTACK: <font color='red'>Jack (rizus) attacked Unknown (zazaza1112) with scalpel (INTENT: DISARM) (DAMTYE: BRUTE)</font>
[20:24:30]ATTACK: <font color='red'>Jack (rizus) attacked Unknown (zazaza1112) with scalpel (INTENT: DISARM) (DAMTYE: BRUTE)</font>
[20:24:31]ATTACK: <font color='red'>Jack (rizus) attacked Unknown (zazaza1112) with scalpel (INTENT: DISARM) (DAMTYE: BRUTE)</font>
[20:24:34]ATTACK: <font color='red'>Gus Bear (nikaks) shot Miguel Werner (hspear26) with a bow ()</font>
[20:24:48]ATTACK: <font color='red'>Miguel Werner (hspear26) disarmed Miguel Werner (hspear26)</font>
[20:24:50]ATTACK: <font color='red'>Miguel Werner (hspear26) disarmed Miguel Werner (hspear26)</font>
[20:25:03]ATTACK: <font color='red'>Gus Bear (nikaks) shot Miguel Werner (hspear26) with a bow ()</font>
[20:25:18]ATTACK: <font color='red'>Bruno Mantana (rigget) attacked Unknown (airenjon) with Broken Bottle (INTENT: DISARM) (DAMTYE: BRUTE)</font>
[20:25:19]ATTACK: <font color='red'>Bruno Mantana (rigget) attacked Unknown (airenjon) with Broken Bottle (INTENT: DISARM) (DAMTYE: BRUTE)</font>
[20:25:20]ATTACK: <font color='red'>Unknown (airenjon) attacked Bruno Mantana (rigget) with butcher's cleaver (INTENT: HELP) (DAMTYE: BRUTE)</font>
[20:25:21]ATTACK: <font color='red'>Bruno Mantana (rigget) disarmed Unknown (airenjon)</font>
[20:25:24]ATTACK: <font color='red'>Bruno Mantana (rigget) attacked Unknown (airenjon) with Broken Bottle (INTENT: DISARM) (DAMTYE: BRUTE)</font>
[20:25:25]ATTACK: <font color='red'>Bruno Mantana (rigget) attacked Unknown (airenjon) with butcher's cleaver (INTENT: DISARM) (DAMTYE: BRUTE)</font>
[20:25:27]ATTACK: <font color='red'>Bruno Mantana (rigget) attacked Unknown (airenjon) with butcher's cleaver (INTENT: DISARM) (DAMTYE: BRUTE)</font>
[20:25:28]ATTACK: <font color='red'>Bruno Mantana (rigget) attacked Unknown (airenjon) with butcher's cleaver (INTENT: DISARM) (DAMTYE: BRUTE)</font>
[20:25:29]ATTACK: <font color='red'>Bruno Mantana (rigget) attacked Unknown (airenjon) with butcher's cleaver (INTENT: DISARM) (DAMTYE: BRUTE)</font>
[20:25:30]ATTACK: <font color='red'>Bruno Mantana (rigget) attacked Unknown (airenjon) with butcher's cleaver (INTENT: DISARM) (DAMTYE: BRUTE)</font>
[20:25:31]ATTACK: <font color='red'>Bruno Mantana (rigget) attacked Unknown (airenjon) with butcher's cleaver (INTENT: DISARM) (DAMTYE: BRUTE)</font>
[20:25:32]ATTACK: <font color='red'>Bruno Mantana (rigget) attacked Unknown (airenjon) with butcher's cleaver (INTENT: DISARM) (DAMTYE: BRUTE)</font>
[20:26:03]ATTACK: <font color='red'>Jack as (Jeffrey Weisgarber) (rizus) attacked Miguel Werner (hspear26) with scalpel (INTENT: HURT) (DAMTYE: BRUTE)</font>
[20:26:04]ATTACK: <font color='red'>Jack as (Jeffrey Weisgarber) (rizus) attacked Miguel Werner (hspear26) with scalpel (INTENT: HURT) (DAMTYE: BRUTE)</font>
[20:26:06]ATTACK: <font color='red'>Jack as (Jeffrey Weisgarber) (rizus) attacked Miguel Werner (hspear26) with scalpel (INTENT: HURT) (DAMTYE: BRUTE)</font>
[20:26:07]ATTACK: <font color='red'>Jack as (Jeffrey Weisgarber) (rizus) attacked Miguel Werner (hspear26) with scalpel (INTENT: HURT) (DAMTYE: BRUTE)</font>
[20:26:08]ATTACK: <font color='red'>Jack as (Jeffrey Weisgarber) (rizus) attacked Unknown as (Miguel Werner) (hspear26) with scalpel (INTENT: HURT) (DAMTYE: BRUTE)</font>
[20:26:11]ATTACK: <font color='red'>Gus Bear (nikaks) shot Jack as (Jeffrey Weisgarber) (rizus) with a bow ()</font>
[20:26:19]ATTACK: <font color='red'>Gus Bear (nikaks) shot Jack as (Jeffrey Weisgarber) (rizus) with a bow ()</font>
[20:26:28]ATTACK: <font color='red'>Jack as (Jeffrey Weisgarber) (rizus) punched Gus Bear (nikaks)</font>
[20:26:30]ATTACK: <font color='red'>Gus Bear (nikaks) attacked Jack as (Jeffrey Weisgarber) (rizus) with scalpel (INTENT: HELP) (DAMTYE: BRUTE)</font>
[20:26:37]ATTACK: <font color='red'>Gus Bear (nikaks) attacked Jack as (Jeffrey Weisgarber) (rizus) with scalpel (INTENT: HELP) (DAMTYE: BRUTE)</font>
[20:26:49]ATTACK: <font color='red'>Gus Bear (nikaks) attacked Jack as (Jeffrey Weisgarber) (rizus) with scalpel (INTENT: HELP) (DAMTYE: BRUTE)</font>
[20:26:50]ATTACK: <font color='red'>Gus Bear (nikaks) attacked Jack as (Jeffrey Weisgarber) (rizus) with scalpel (INTENT: HELP) (DAMTYE: BRUTE)</font>
[20:26:50]ATTACK: <font color='red'>Jack as (Jeffrey Weisgarber) (rizus) disarmed Gus Bear (nikaks)</font>
[20:26:56]ATTACK: <font color='red'>Jack as (Jeffrey Weisgarber) (rizus) disarmed Gus Bear (nikaks)</font>
[20:26:57]ATTACK: <font color='red'>Jack as (Jeffrey Weisgarber) (rizus) disarmed Gus Bear (nikaks)</font>
[20:26:59]ATTACK: <font color='red'>Bruno Mantana (rigget) attacked Unknown () with hatchet (INTENT: DISARM) (DAMTYE: BRUTE)</font>
[20:27:06]ATTACK: <font color='red'>Gus Bear (nikaks) attacked Jack as (Jeffrey Weisgarber) (rizus) with scalpel (INTENT: HELP) (DAMTYE: BRUTE)</font>
[20:27:10]ATTACK: <font color='red'>Gus Bear (nikaks) attacked Jack as (Jeffrey Weisgarber) (rizus) with scalpel (INTENT: HELP) (DAMTYE: BRUTE)</font>
[20:27:13]ATTACK: <font color='red'>Conrad Nominox (diustin) attacked Moses Momomo (randysandy) with fire extinguisher (INTENT: HELP) (DAMTYE: BRUTE)</font>
[20:27:14]ATTACK: <font color='red'>Gus Bear (nikaks) attacked Jack as (Jeffrey Weisgarber) (rizus) with scalpel (INTENT: HELP) (DAMTYE: BRUTE)</font>
[20:27:15]ATTACK: <font color='red'>Gus Bear (nikaks) attacked Jack as (Jeffrey Weisgarber) (rizus) with scalpel (INTENT: HELP) (DAMTYE: BRUTE)</font>
[20:27:16]ATTACK: <font color='red'>Gus Bear (nikaks) attacked Jack as (Jeffrey Weisgarber) (rizus) with scalpel (INTENT: HELP) (DAMTYE: BRUTE)</font>
[20:27:17]ATTACK: <font color='red'>Gus Bear (nikaks) attacked Jack as (Jeffrey Weisgarber) (rizus) with scalpel (INTENT: HELP) (DAMTYE: BRUTE)</font>
[20:27:18]ATTACK: <font color='red'>Gus Bear (nikaks) attacked Jack as (Jeffrey Weisgarber) (rizus) with scalpel (INTENT: HELP) (DAMTYE: BRUTE)</font>
[20:27:19]ATTACK: <font color='red'>Gus Bear (nikaks) attacked Jack as (Jeffrey Weisgarber) (rizus) with scalpel (INTENT: HELP) (DAMTYE: BRUTE)</font>
[20:28:52]ATTACK: <font color='red'>Morgan Bickerson (catratcat) attacked Moses Momomo (randysandy) with brick (INTENT: HELP) (DAMTYE: BRUTE)</font>
[20:28:53]ATTACK: <font color='red'>Morgan Bickerson (catratcat) attacked Moses Momomo (randysandy) with brick (INTENT: HELP) (DAMTYE: BRUTE)</font>
[20:29:31]ATTACK: <font color='red'>Morgan Bickerson (catratcat) was hit by the egg thrown by (DiUsTin)</font>
[20:29:33]ATTACK: <font color='red'>Conrad Nominox (diustin) was hit by the brick thrown by (Catratcat)</font>
[20:31:09]ATTACK: <font color='red'>Nick Thompson (moroz10) attacked Bruno Mantana (rigget) with bat (INTENT: DISARM) (DAMTYE: BRUTE)</font>
[20:32:06]ATTACK: <font color='red'>Ace Myles (silentium) Attempted to handcuff Nathaniel Lauffer (fasterthenveryfast)</font>
[20:32:49]ATTACK: <font color='red'>Unknown as (Miguel Werner) (hspear26) attacked Jack (rizus) with Bolt (INTENT: HURT) (DAMTYE: BRUTE)</font>
[20:32:50]ATTACK: <font color='red'>Unknown as (Miguel Werner) (hspear26) attacked Jack (rizus) with Bolt (INTENT: HURT) (DAMTYE: BRUTE)</font>
[20:33:16]ATTACK: <font color='red'>Morgan Bickerson (catratcat) attacked Ace Myles (silentium) with large pipe (INTENT: HELP) (DAMTYE: BRUTE)</font>
[20:33:20]ATTACK: <font color='red'>Ace Myles (silentium) shot Morgan Bickerson (catratcat) with a the Bullet</font>
[20:33:35]ATTACK: <font color='red'>Bruno Mantana (rigget) disarmed Jacob Ulery (jarlo)</font>
[20:33:56]ATTACK: <font color='red'>Bruno Mantana (rigget) disarmed Jacob Ulery (jarlo)</font>
[20:34:00]ATTACK: <font color='red'>Bruno Mantana (rigget) disarmed Jacob Ulery (jarlo)</font>
[20:34:08]ATTACK: <font color='red'>Jacob Ulery (jarlo) attacked Bruno Mantana (rigget) with balisong knife (INTENT: DISARM) (DAMTYE: BRUTE)</font>
[20:34:10]ATTACK: <font color='red'>Bruno Mantana (rigget) disarmed Jacob Ulery (jarlo)</font>
[20:34:31]ATTACK: <font color='red'>Jacob Ulery (jarlo) attacked Bruno Mantana (rigget) with balisong knife (INTENT: DISARM) (DAMTYE: BRUTE)</font>
[20:34:34]ATTACK: <font color='red'>Jacob Ulery (jarlo) attacked Bruno Mantana (rigget) with balisong knife (INTENT: DISARM) (DAMTYE: BRUTE)</font>
[20:34:35]ATTACK: <font color='red'>Jacob Ulery (jarlo) attacked Bruno Mantana (rigget) with balisong knife (INTENT: DISARM) (DAMTYE: BRUTE)</font>
[20:34:36]ATTACK: <font color='red'>Jacob Ulery (jarlo) attacked Bruno Mantana (rigget) with balisong knife (INTENT: DISARM) (DAMTYE: BRUTE)</font>
[20:34:36]ATTACK: <font color='red'>Bruno Mantana (rigget) disarmed Jacob Ulery (jarlo)</font>
[20:34:46]ATTACK: <font color='red'>Bruno Mantana (rigget) attacked Jacob Ulery (jarlo) with butcher's cleaver (INTENT: DISARM) (DAMTYE: BRUTE)</font>
[20:34:47]ATTACK: <font color='red'>Jacob Ulery (jarlo) attacked Bruno Mantana (rigget) with balisong knife (INTENT: DISARM) (DAMTYE: BRUTE)</font>
[20:34:56]ATTACK: <font color='red'>Jacob Ulery (jarlo) attacked Bruno Mantana (rigget) with balisong knife (INTENT: DISARM) (DAMTYE: BRUTE)</font>
[20:34:57]ATTACK: <font color='red'>Bruno Mantana (rigget) attacked Jacob Ulery (jarlo) with butcher's cleaver (INTENT: DISARM) (DAMTYE: BRUTE)</font>
[20:35:05]ATTACK: <font color='red'>Bruno Mantana (rigget) attacked Jacob Ulery (jarlo) with butcher's cleaver (INTENT: DISARM) (DAMTYE: BRUTE)</font>
[20:35:10]ATTACK: <font color='red'>Bruno Mantana (rigget) attacked Unknown (jarlo) with butcher's cleaver (INTENT: DISARM) (DAMTYE: BRUTE)</font>
[20:35:11]ATTACK: <font color='red'>Bruno Mantana (rigget) attacked Unknown (jarlo) with butcher's cleaver (INTENT: DISARM) (DAMTYE: BRUTE)</font>
[20:35:12]ATTACK: <font color='red'>Bruno Mantana (rigget) attacked Unknown (jarlo) with butcher's cleaver (INTENT: DISARM) (DAMTYE: BRUTE)</font>
[20:35:13]ATTACK: <font color='red'>Bruno Mantana (rigget) attacked Unknown (jarlo) with butcher's cleaver (INTENT: DISARM) (DAMTYE: BRUTE)</font>
[20:35:14]ATTACK: <font color='red'>Bruno Mantana (rigget) attacked Unknown (jarlo) with butcher's cleaver (INTENT: DISARM) (DAMTYE: BRUTE)</font>
[20:35:16]ATTACK: <font color='red'>Bruno Mantana (rigget) attacked Unknown (jarlo) with butcher's cleaver (INTENT: DISARM) (DAMTYE: BRUTE)</font>
[20:36:24]ATTACK: <font color='red'>Bruno Mantana (rigget) fed Unknown (jarlo) with Caccavo Guaranteed Quality Tequilla (INTENT: DISARM)</font>
[20:37:32]ATTACK: <font color='red'>Bruno Mantana (rigget) fed Unknown (jarlo) with Caccavo Guaranteed Quality Tequilla (INTENT: DISARM)</font>
[20:37:33]ATTACK: <font color='red'>Bruno Mantana (rigget) fed Unknown (jarlo) with Caccavo Guaranteed Quality Tequilla (INTENT: DISARM)</font>
[20:39:15]ATTACK: <font color='red'>Unknown (jarlo) primed a flashbang.</font>
[20:43:44]ATTACK: <font color='red'>Bruno Mantana (rigget) disarmed Unknown ()</font>
[20:44:27]ATTACK: <font color='red'>Jack as (Miguel Werner) (rizus) attacked Unknown () with bat (INTENT: HURT) (DAMTYE: BRUTE)</font>
[20:44:28]ATTACK: <font color='red'>Jack as (Miguel Werner) (rizus) attacked Unknown () with bat (INTENT: HURT) (DAMTYE: BRUTE)</font>
[20:44:29]ATTACK: <font color='red'>Jack as (Miguel Werner) (rizus) attacked Unknown () with bat (INTENT: HURT) (DAMTYE: BRUTE)</font>
[20:46:27]ATTACK: <font color='red'>Jack as (Miguel Werner) (rizus) punched Jack as (Miguel Werner) (rizus)</font>
[20:49:36]ATTACK: <font color='red'>Jack as (Miguel Werner) (rizus) attacked Unknown () with hatchet (INTENT: HURT) (DAMTYE: BRUTE)</font>
[20:49:38]ATTACK: <font color='red'>Jack as (Miguel Werner) (rizus) attacked Unknown () with hatchet (INTENT: HURT) (DAMTYE: BRUTE)</font>
[20:51:49]ATTACK: <font color='red'>Jack as (Miguel Werner) (rizus) attacked Edgar Smirnov (johngrammaticus) with hatchet (INTENT: HURT) (DAMTYE: BRUTE)</font>
[20:51:50]ATTACK: <font color='red'>Jack as (Miguel Werner) (rizus) attacked Edgar Smirnov (johngrammaticus) with hatchet (INTENT: HURT) (DAMTYE: BRUTE)</font>
[20:51:51]ATTACK: <font color='red'>Jack as (Miguel Werner) (rizus) attacked Edgar Smirnov (johngrammaticus) with hatchet (INTENT: HURT) (DAMTYE: BRUTE)</font>
[20:51:52]ATTACK: <font color='red'>Jack as (Miguel Werner) (rizus) attacked Unknown (johngrammaticus) with hatchet (INTENT: HURT) (DAMTYE: BRUTE)</font>
[20:51:54]ATTACK: <font color='red'>Jack as (Miguel Werner) (rizus) attacked Unknown (johngrammaticus) with hatchet (INTENT: HURT) (DAMTYE: BRUTE)</font>
[20:51:55]ATTACK: <font color='red'>Jack as (Miguel Werner) (rizus) attacked Unknown (johngrammaticus) with hatchet (INTENT: HURT) (DAMTYE: BRUTE)</font>
[20:51:57]ATTACK: <font color='red'>Jack as (Miguel Werner) (rizus) attacked Unknown (johngrammaticus) with hatchet (INTENT: HURT) (DAMTYE: BRUTE)</font>
[20:51:58]ATTACK: <font color='red'>Jack as (Miguel Werner) (rizus) attacked Unknown (johngrammaticus) with hatchet (INTENT: HURT) (DAMTYE: BRUTE)</font>
[20:51:59]ATTACK: <font color='red'>Jack as (Miguel Werner) (rizus) attacked Unknown (johngrammaticus) with hatchet (INTENT: HURT) (DAMTYE: BRUTE)</font>
[20:52:00]ATTACK: <font color='red'>Jack as (Miguel Werner) (rizus) attacked Unknown (johngrammaticus) with hatchet (INTENT: HURT) (DAMTYE: BRUTE)</font>
[20:52:29]ATTACK: <font color='red'>Amano Yukiteru (airenjon) attacked Wutrist McOwl () with knife (INTENT: HURT) (DAMTYE: BRUTE)</font>
[20:52:30]ATTACK: <font color='red'>Amano Yukiteru (airenjon) attacked Wutrist McOwl () with knife (INTENT: HURT) (DAMTYE: BRUTE)</font>
[20:52:31]ATTACK: <font color='red'>Amano Yukiteru (airenjon) attacked Wutrist McOwl () with knife (INTENT: HURT) (DAMTYE: BRUTE)</font>
[20:52:33]ATTACK: <font color='red'>Amano Yukiteru (airenjon) attacked Wutrist McOwl () with knife (INTENT: HURT) (DAMTYE: BRUTE)</font>
[20:52:34]ATTACK: <font color='red'>Amano Yukiteru (airenjon) attacked Wutrist McOwl () with knife (INTENT: HURT) (DAMTYE: BRUTE)</font>
[20:53:01]ATTACK: <font color='red'>Jack as (Miguel Werner) (rizus) attacked Unknown (hspear26) with hatchet (INTENT: HURT) (DAMTYE: BRUTE)</font>
[20:53:02]ATTACK: <font color='red'>Jack as (Miguel Werner) (rizus) attacked Unknown (hspear26) with hatchet (INTENT: HURT) (DAMTYE: BRUTE)</font>
[20:53:04]ATTACK: <font color='red'>Jack as (Miguel Werner) (rizus) attacked Unknown (hspear26) with hatchet (INTENT: HURT) (DAMTYE: BRUTE)</font>
[20:53:05]ATTACK: <font color='red'>Jack as (Miguel Werner) (rizus) attacked Unknown (hspear26) with hatchet (INTENT: HURT) (DAMTYE: BRUTE)</font>
[20:53:36]ATTACK: <font color='red'>Jack as (Miguel Werner) (rizus) attacked Benna Murcatto (lagius) with hatchet (INTENT: HURT) (DAMTYE: BRUTE)</font>
[20:53:37]ATTACK: <font color='red'>Jack as (Miguel Werner) (rizus) attacked Benna Murcatto (lagius) with hatchet (INTENT: HURT) (DAMTYE: BRUTE)</font>
[20:53:38]ATTACK: <font color='red'>Jack as (Miguel Werner) (rizus) attacked Benna Murcatto (lagius) with hatchet (INTENT: HURT) (DAMTYE: BRUTE)</font>
[20:53:39]ATTACK: <font color='red'>Jack as (Miguel Werner) (rizus) attacked Unknown (lagius) with hatchet (INTENT: HURT) (DAMTYE: BRUTE)</font>
[20:53:40]ATTACK: <font color='red'>Jack as (Miguel Werner) (rizus) attacked Unknown (lagius) with hatchet (INTENT: HURT) (DAMTYE: BRUTE)</font>
[20:55:09]ATTACK: <font color='red'>Bruno Mantana (rigget) disarmed Jack as (Miguel Werner) (rizus)</font>
[20:55:27]ATTACK: <font color='red'>Bruno Mantana (rigget) disarmed Jack as (Miguel Werner) (rizus)</font>
[20:55:28]ATTACK: <font color='red'>Jack as (Miguel Werner) (rizus) punched Bruno Mantana (rigget)</font>
[20:55:32]ATTACK: <font color='red'>Bruno Mantana (rigget) attacked Jack as (Miguel Werner) (rizus) with kitchen knife (INTENT: DISARM) (DAMTYE: BRUTE)</font>
[20:55:33]ATTACK: <font color='red'>Amano Yukiteru (airenjon) attacked Unknown (hspear26) with knife (INTENT: HURT) (DAMTYE: BRUTE)</font>
[20:55:34]ATTACK: <font color='red'>Amano Yukiteru (airenjon) attacked Unknown (hspear26) with knife (INTENT: HURT) (DAMTYE: BRUTE)</font>
[20:55:35]ATTACK: <font color='red'>Amano Yukiteru (airenjon) attacked Unknown (hspear26) with knife (INTENT: HURT) (DAMTYE: BRUTE)</font>
[20:55:36]ATTACK: <font color='red'>Amano Yukiteru (airenjon) attacked Unknown (hspear26) with knife (INTENT: HURT) (DAMTYE: BRUTE)</font>
[20:55:37]ATTACK: <font color='red'>Amano Yukiteru (airenjon) attacked Unknown (hspear26) with knife (INTENT: HURT) (DAMTYE: BRUTE)</font>
[20:55:38]ATTACK: <font color='red'>Amano Yukiteru (airenjon) attacked Unknown (hspear26) with knife (INTENT: HURT) (DAMTYE: BRUTE)</font>
[20:55:42]ATTACK: <font color='red'>Amano Yukiteru (airenjon) attacked Unknown (hspear26) with knife (INTENT: HURT) (DAMTYE: BRUTE)</font>
[20:55:43]ATTACK: <font color='red'>Amano Yukiteru (airenjon) attacked Unknown () with knife (INTENT: HURT) (DAMTYE: BRUTE)</font>
[20:55:53]ATTACK: <font color='red'>Bruno Mantana (rigget) attacked Jack as (Miguel Werner) (rizus) with kitchen knife (INTENT: DISARM) (DAMTYE: BRUTE)</font>
[20:55:57]ATTACK: <font color='red'>Bruno Mantana (rigget) attacked Jack as (Miguel Werner) (rizus) with kitchen knife (INTENT: DISARM) (DAMTYE: BRUTE)</font>
[20:55:57]ATTACK: <font color='red'>Amano Yukiteru (airenjon) attacked Unknown () with knife (INTENT: HURT) (DAMTYE: BRUTE)</font>
[20:56:01]ATTACK: <font color='red'>Bruno Mantana (rigget) attacked Jack as (Miguel Werner) (rizus) with kitchen knife (INTENT: DISARM) (DAMTYE: BRUTE)</font>
[20:56:02]ATTACK: <font color='red'>Amano Yukiteru (airenjon) attacked Jack () with knife (INTENT: HURT) (DAMTYE: BRUTE)</font>
[20:56:04]ATTACK: <font color='red'>Bruno Mantana (rigget) attacked Jack as (Miguel Werner) (rizus) with kitchen knife (INTENT: DISARM) (DAMTYE: BRUTE)</font>
[20:56:15]ATTACK: <font color='red'>Bruno Mantana (rigget) attacked Unknown as (Miguel Werner) (rizus) with kitchen knife (INTENT: DISARM) (DAMTYE: BRUTE)</font>
[20:56:15]ATTACK: <font color='red'>Amano Yukiteru (airenjon) attacked Jack () with knife (INTENT: HURT) (DAMTYE: BRUTE)</font>
[20:56:16]ATTACK: <font color='red'>Bruno Mantana (rigget) attacked Unknown as (Miguel Werner) (rizus) with kitchen knife (INTENT: DISARM) (DAMTYE: BRUTE)</font>
[20:56:17]ATTACK: <font color='red'>Amano Yukiteru (airenjon) attacked Jack () with knife (INTENT: HURT) (DAMTYE: BRUTE)</font>
[20:56:18]ATTACK: <font color='red'>Amano Yukiteru (airenjon) attacked Jack () with knife (INTENT: HURT) (DAMTYE: BRUTE)</font>
[20:56:19]ATTACK: <font color='red'>Amano Yukiteru (airenjon) attacked Jack () with knife (INTENT: HURT) (DAMTYE: BRUTE)</font>
[20:56:20]ATTACK: <font color='red'>Amano Yukiteru (airenjon) attacked Jack () with knife (INTENT: HURT) (DAMTYE: BRUTE)</font>
[20:56:28]ATTACK: <font color='red'>Amano Yukiteru (airenjon) attacked Unknown (lagius) with knife (INTENT: HURT) (DAMTYE: BRUTE)</font>
[20:59:11]ATTACK: <font color='red'>Amano Yukiteru (airenjon) attacked Atarabashi Nihondzin (editorrus) with knife (INTENT: HELP) (DAMTYE: BRUTE)</font>
[20:59:14]ATTACK: <font color='red'>Amano Yukiteru (airenjon) attacked Atarabashi Nihondzin (editorrus) with knife (INTENT: HELP) (DAMTYE: BRUTE)</font>
[20:59:15]ATTACK: <font color='red'>Amano Yukiteru (airenjon) attacked Atarabashi Nihondzin (editorrus) with knife (INTENT: HELP) (DAMTYE: BRUTE)</font>
[20:59:17]ATTACK: <font color='red'>Amano Yukiteru (airenjon) attacked Unknown (editorrus) with knife (INTENT: HELP) (DAMTYE: BRUTE)</font>
[20:59:18]ATTACK: <font color='red'>Amano Yukiteru (airenjon) attacked Unknown (editorrus) with knife (INTENT: HELP) (DAMTYE: BRUTE)</font>
[20:59:19]ATTACK: <font color='red'>Amano Yukiteru (airenjon) attacked Unknown (editorrus) with knife (INTENT: HELP) (DAMTYE: BRUTE)</font>
[21:02:48]ATTACK: <font color='red'>Amano Yukiteru (airenjon) was hit by Wutrist McOwl's head thrown by (Airen_Jon)</font>
[21:03:19]ATTACK: <font color='red'>Unknown as (Roman Leslie) (diustin) shot Amano Yukiteru (airenjon) with a the Bullet</font>
[21:03:25]ATTACK: <font color='red'>Unknown as (Roman Leslie) (diustin) shot Amano Yukiteru (airenjon) with a the Bullet</font>
[21:03:25]ATTACK: <font color='red'>Unknown as (Roman Leslie) (diustin) shot Amano Yukiteru (airenjon) with a the Bullet</font>
[21:03:32]ATTACK: <font color='red'>Unknown as (Roman Leslie) (diustin) shot Unknown (airenjon) with a the Bullet</font>
[21:04:06]ATTACK: <font color='red'>Unknown as (Roman Leslie) (diustin) shot Unknown (airenjon) with a the Bullet</font>
[21:04:12]ATTACK: <font color='red'>Unknown as (Roman Leslie) (diustin) shot Unknown (airenjon) with a the Bullet</font>
[21:06:07]ATTACK: <font color='red'>Unknown as (Roman Leslie) (diustin) fed Bruno Mantana (rigget) with 4no Raisins (INTENT: HELP)</font>
[21:06:08]ATTACK: <font color='red'>Unknown as (Roman Leslie) (diustin) fed Bruno Mantana (rigget) with 4no Raisins (INTENT: HELP)</font>
[21:06:10]ATTACK: <font color='red'>Unknown as (Roman Leslie) (diustin) fed Bruno Mantana (rigget) with 4no Raisins (INTENT: HELP)</font>
[21:06:11]ATTACK: <font color='red'>Unknown as (Roman Leslie) (diustin) fed Bruno Mantana (rigget) with 4no Raisins (INTENT: HELP)</font>
[21:06:12]ATTACK: <font color='red'>Unknown as (Roman Leslie) (diustin) fed Bruno Mantana (rigget) with 4no Raisins (INTENT: HELP)</font>
[21:06:13]ATTACK: <font color='red'>Unknown as (Roman Leslie) (diustin) fed Bruno Mantana (rigget) with 4no Raisins (INTENT: HELP)</font>
[21:06:26]ATTACK: <font color='red'>Unknown as (Roman Leslie) (diustin) fed Bruno Mantana (rigget) with 4no Raisins (INTENT: HELP)</font>
[21:06:27]ATTACK: <font color='red'>Unknown as (Roman Leslie) (diustin) fed Bruno Mantana (rigget) with 4no Raisins (INTENT: HELP)</font>
[21:06:28]ATTACK: <font color='red'>Unknown as (Roman Leslie) (diustin) fed Bruno Mantana (rigget) with 4no Raisins (INTENT: HELP)</font>
[21:06:29]ATTACK: <font color='red'>Unknown as (Roman Leslie) (diustin) fed Bruno Mantana (rigget) with 4no Raisins (INTENT: HELP)</font>
[21:06:30]ATTACK: <font color='red'>Unknown as (Roman Leslie) (diustin) fed Bruno Mantana (rigget) with 4no Raisins (INTENT: HELP)</font>
[21:06:32]ATTACK: <font color='red'>Unknown as (Roman Leslie) (diustin) fed Bruno Mantana (rigget) with 4no Raisins (INTENT: HELP)</font>
[21:07:16]ATTACK: <font color='red'>Unknown as (Roman Leslie) (diustin) fed Bruno Mantana (rigget) with flour (INTENT: HELP)</font>
[21:07:22]ATTACK: <font color='red'>Unknown (jarlo) attacked Arthur Lynch () with kitchen knife (INTENT: HELP) (DAMTYE: BRUTE)</font>
[21:07:23]ATTACK: <font color='red'>Unknown as (Roman Leslie) (diustin) fed Bruno Mantana (rigget) with flour (INTENT: HELP)</font>
[21:07:24]ATTACK: <font color='red'>Unknown (jarlo) attacked Arthur Lynch () with kitchen knife (INTENT: HELP) (DAMTYE: BRUTE)</font>
[21:07:24]ATTACK: <font color='red'>Unknown as (Roman Leslie) (diustin) fed Bruno Mantana (rigget) with flour (INTENT: HELP)</font>
[21:07:25]ATTACK: <font color='red'>Unknown (jarlo) attacked Arthur Lynch () with kitchen knife (INTENT: HELP) (DAMTYE: BRUTE)</font>
[21:07:26]ATTACK: <font color='red'>Unknown (jarlo) attacked Arthur Lynch () with kitchen knife (INTENT: HELP) (DAMTYE: BRUTE)</font>
[21:07:27]ATTACK: <font color='red'>Unknown (jarlo) attacked Arthur Lynch () with kitchen knife (INTENT: HELP) (DAMTYE: BRUTE)</font>
[21:07:28]ATTACK: <font color='red'>Unknown (jarlo) attacked Arthur Lynch () with kitchen knife (INTENT: HELP) (DAMTYE: BRUTE)</font>
[21:08:07]ATTACK: <font color='red'>Unknown as (Roman Leslie) (diustin) fed Bruno Mantana (rigget) with flour (INTENT: HELP)</font>
[21:08:08]ATTACK: <font color='red'>Unknown as (Roman Leslie) (diustin) fed Bruno Mantana (rigget) with flour (INTENT: HELP)</font>
[21:08:18]ATTACK: <font color='red'>Unknown as (Roman Leslie) (diustin) fed Bruno Mantana (rigget) with flour (INTENT: HELP)</font>
[21:08:19]ATTACK: <font color='red'>Unknown as (Roman Leslie) (diustin) fed Bruno Mantana (rigget) with flour (INTENT: HELP)</font>
[21:10:12]ATTACK: <font color='red'>Unknown (jarlo) attacked Unknown (jarlo) with Trencher MK2 (INTENT: HURT) (DAMTYE: BRUTE)</font>
[21:10:41]ATTACK: <font color='red'>Adrian Swarner (andreybelov) attacked Adrian Swarner (andreybelov) with Jack's head (INTENT: DISARM) (DAMTYE: BRUTE)</font>
[21:11:23]ATTACK: <font color='red'>Adrian Swarner (andreybelov) disarmed Adrian Swarner (andreybelov)</font>
[21:12:16]ATTACK: <font color='red'>Bruno Mantana (rigget) fed Jack (rizus) with Tunguska Triple Distilled (INTENT: HURT)</font>
[21:12:17]ATTACK: <font color='red'>Bruno Mantana (rigget) fed Jack (rizus) with Tunguska Triple Distilled (INTENT: HURT)</font>
[21:12:18]ATTACK: <font color='red'>Bruno Mantana (rigget) fed Jack (rizus) with Tunguska Triple Distilled (INTENT: HURT)</font>
[21:12:20]ATTACK: <font color='red'>Bruno Mantana (rigget) fed Jack (rizus) with Tunguska Triple Distilled (INTENT: HURT)</font>
[21:12:21]ATTACK: <font color='red'>Bruno Mantana (rigget) fed Jack (rizus) with Tunguska Triple Distilled (INTENT: HURT)</font>
[21:12:23]ATTACK: <font color='red'>Bruno Mantana (rigget) fed Jack (rizus) with Tunguska Triple Distilled (INTENT: HURT)</font>
[21:12:24]ATTACK: <font color='red'>Bruno Mantana (rigget) fed Jack (rizus) with Tunguska Triple Distilled (INTENT: HURT)</font>
[21:12:25]ATTACK: <font color='red'>Bruno Mantana (rigget) fed Jack (rizus) with Tunguska Triple Distilled (INTENT: HURT)</font>
[21:12:26]ATTACK: <font color='red'>Bruno Mantana (rigget) fed Jack (rizus) with Tunguska Triple Distilled (INTENT: HURT)</font>
[21:12:27]ATTACK: <font color='red'>Bruno Mantana (rigget) fed Jack (rizus) with Tunguska Triple Distilled (INTENT: HURT)</font>
[21:12:28]ATTACK: <font color='red'>Bruno Mantana (rigget) fed Jack (rizus) with Tunguska Triple Distilled (INTENT: HURT)</font>
[21:12:29]ATTACK: <font color='red'>Bruno Mantana (rigget) fed Jack (rizus) with Tunguska Triple Distilled (INTENT: HURT)</font>
[21:12:31]ATTACK: <font color='red'>Bruno Mantana (rigget) fed Jack (rizus) with Tunguska Triple Distilled (INTENT: HURT)</font>
[21:13:30]ATTACK: <font color='red'>Tyler News (ferriangardson) attacked Bruno Mantana (rigget) with brick (INTENT: HURT) (DAMTYE: BRUTE)</font>
[21:13:35]ATTACK: <font color='red'>Tyler News (ferriangardson) attacked Bruno Mantana (rigget) with brick (INTENT: HURT) (DAMTYE: BRUTE)</font>
[21:13:35]ATTACK: <font color='red'>Bruno Mantana (rigget) disarmed Tyler News (ferriangardson)</font>
[21:13:41]ATTACK: <font color='red'>Bruno Mantana (rigget) attacked Tyler News (ferriangardson) with butcher's cleaver (INTENT: DISARM) (DAMTYE: BRUTE)</font>
[21:13:44]ATTACK: <font color='red'>Bruno Mantana (rigget) attacked Tyler News (ferriangardson) with butcher's cleaver (INTENT: DISARM) (DAMTYE: BRUTE)</font>
[21:13:45]ATTACK: <font color='red'>Bruno Mantana (rigget) attacked Unknown (ferriangardson) with butcher's cleaver (INTENT: DISARM) (DAMTYE: BRUTE)</font>
[21:13:46]ATTACK: <font color='red'>Bruno Mantana (rigget) attacked Unknown (ferriangardson) with butcher's cleaver (INTENT: DISARM) (DAMTYE: BRUTE)</font>
[21:13:47]ATTACK: <font color='red'>Bruno Mantana (rigget) attacked Unknown (ferriangardson) with butcher's cleaver (INTENT: DISARM) (DAMTYE: BRUTE)</font>


Starting up. 21:15.50
---------------------

