

Starting up. 10:32.26
---------------------

[10:32:26]ADMIN: Loading jobban_rank
[10:32:26]ADMIN: jobban_keylist was empty
[10:32:26]ADMIN: Updating jobbanfile!
[10:32:26]ADMIN: Loading Banlist
Reading donators.txt


Starting up. 10:36.38
---------------------

[10:36:38]ADMIN: Loading jobban_rank
[10:36:38]ADMIN: jobban_keylist was empty
[10:36:38]ADMIN: Updating jobbanfile!
[10:36:38]ADMIN: Loading Banlist
Reading donators.txt
[10:37:04]ACCESS: Login: Catratcat/(Catratcat) from 127.0.0.1-2406761028 || BYOND v498
[10:37:04]ACCESS: Login: Catratcat/(Catratcat) from 127.0.0.1
[10:37:13]ADMIN: Catratcat has started the game.
[10:37:13]ACCESS: Logout: *no client*/(Catratcat)
[10:37:13]ACCESS: Login: Catratcat/(Morgan Bickerson) from 127.0.0.1-2406761028 || BYOND v498
[10:37:29]ADMIN: Catratcat/(Morgan Bickerson) deleted the spotlight at (33,57,1)
[10:37:34]ADMIN: Catratcat/(Morgan Bickerson) deleted the fov at (0,0,0)
[10:37:43]ADMIN: Catratcat/(Morgan Bickerson) deleted the spotlight at (37,57,1)
[10:37:46]ADMIN: Catratcat/(Morgan Bickerson) deleted the spotlight at (37,62,1)
[10:37:52]ADMIN: Catratcat/(Morgan Bickerson) deleted the spotlight at (44,54,1)
[10:38:00]ADMIN: Catratcat/(Morgan Bickerson) deleted the spotlight at (39,58,1)
[10:38:07]ADMIN: Catratcat/(Morgan Bickerson) deleted the spotlight at (46,61,1)
[10:38:10]ADMIN: Catratcat/(Morgan Bickerson) deleted the spotlight at (46,63,1)
[10:38:14]ADMIN: Catratcat/(Morgan Bickerson) deleted the spotlight at (40,67,1)
[10:38:19]ADMIN: Catratcat/(Morgan Bickerson) deleted the spotlight at (46,66,1)
[10:38:27]ADMIN: Catratcat/(Morgan Bickerson) deleted the spotlight at (51,58,1)
[10:38:33]ADMIN: Catratcat/(Morgan Bickerson) deleted the spotlight at (55,58,1)
[10:39:09]ADMIN: Catratcat/(Morgan Bickerson) created a /obj/item/device/flashlight/flare
[10:39:29]ADMIN: Catratcat/(Morgan Bickerson) deleted the flare at (0,0,0)
[10:40:18]ADMIN: Catratcat/(Morgan Bickerson) has used rudimentary transformation on Catratcat/(Morgan Bickerson). Transforming to human; deletemob=1
[10:40:18]ACCESS: Logout: *no client*/(Morgan Bickerson)
[10:40:18]ACCESS: Login: catratcat/(Morgan Bickerson) from 127.0.0.1-2406761028 || BYOND v498
[10:40:23]ADMIN: catratcat/(Morgan Bickerson) deleted the fov at (0,0,0)
[10:40:56]ADMIN: catratcat/(Morgan Bickerson) created a /obj/item/clothing/head/helmet/space/rig
[10:42:23]ADMIN: catratcat/(Morgan Bickerson) created a /obj/item/clothing/head/helmet/hardhat
[10:43:17]ADMIN: catratcat/(Morgan Bickerson) deleted the spotlight at (59,58,1)
[10:44:06]ACCESS: Logout: catratcat/(Morgan Bickerson)


Starting up. 11:38.53
---------------------

[11:38:53]ADMIN: Loading jobban_rank
[11:38:53]ADMIN: jobban_keylist was empty
[11:38:53]ADMIN: Updating jobbanfile!
[11:38:53]ADMIN: Loading Banlist
Reading donators.txt
[11:39:03]ACCESS: Login: Catratcat/(Catratcat) from 127.0.0.1-2406761028 || BYOND v498
[11:39:03]ACCESS: Login: Catratcat/(Catratcat) from 127.0.0.1
[11:39:11]ADMIN: Catratcat has started the game.
[11:39:11]ACCESS: Logout: *no client*/(Catratcat)
[11:39:11]ACCESS: Login: Catratcat/(Morgan Bickerson) from 127.0.0.1-2406761028 || BYOND v498
[11:39:22]ACCESS: Logout: Catratcat/(Morgan Bickerson)


Starting up. 12:28.42
---------------------

[12:28:42]ADMIN: Loading jobban_rank
[12:28:42]ADMIN: jobban_keylist was empty
[12:28:42]ADMIN: Updating jobbanfile!
[12:28:42]ADMIN: Loading Banlist
Reading donators.txt
[12:29:53]ACCESS: Login: Catratcat/(Catratcat) from 127.0.0.1-2406761028 || BYOND v498
[12:29:53]ACCESS: Login: Catratcat/(Catratcat) from 127.0.0.1
[12:30:02]ADMIN: Catratcat has started the game.
[12:30:02]ACCESS: Logout: *no client*/(Catratcat)
[12:30:02]ACCESS: Login: Catratcat/(Morgan Bickerson) from 127.0.0.1-2406761028 || BYOND v498
[12:30:21]ACCESS: Logout: Catratcat/(Morgan Bickerson)


Starting up. 12:38.16
---------------------

[12:38:16]ADMIN: Loading jobban_rank
[12:38:16]ADMIN: jobban_keylist was empty
[12:38:16]ADMIN: Updating jobbanfile!
[12:38:16]ADMIN: Loading Banlist
Reading donators.txt
[12:38:21]ACCESS: Login: Catratcat/(Catratcat) from 127.0.0.1-2406761028 || BYOND v498
[12:38:21]ACCESS: Login: Catratcat/(Catratcat) from 127.0.0.1
[12:38:26]ADMIN: Catratcat has started the game.
[12:38:26]ACCESS: Logout: *no client*/(Catratcat)
[12:38:26]ACCESS: Login: Catratcat/(Morgan Bickerson) from 127.0.0.1-2406761028 || BYOND v498
[12:40:07]EMOTE: Morgan Bickerson/Catratcat : <B>Morgan Bickerson</B> breathes.
[12:40:31]ADMIN: Catratcat/(Morgan Bickerson) deleted Shutters at (36,44,2)
[12:40:37]ADMIN: Catratcat/(Morgan Bickerson) deleted the wooden barricade at (36,43,2)
[12:41:20]ADMIN: Catratcat/(Morgan Bickerson) healed / revived Catratcat/(Morgan Bickerson)
[12:42:12]ADMIN: Catratcat/(Morgan Bickerson) deleted the light fixture at (44,10,1)
[12:42:21]ACCESS: Logout: Catratcat/(Morgan Bickerson)


Starting up. 12:53.30
---------------------

[12:53:30]ADMIN: Loading jobban_rank
[12:53:30]ADMIN: jobban_keylist was empty
[12:53:30]ADMIN: Updating jobbanfile!
[12:53:30]ADMIN: Loading Banlist
Reading donators.txt
[12:53:32]ACCESS: Login: Catratcat/(Catratcat) from 127.0.0.1-2406761028 || BYOND v498
[12:53:32]ACCESS: Login: Catratcat/(Catratcat) from 127.0.0.1
[12:53:41]ADMIN: Catratcat has started the game.
[12:53:42]ACCESS: Logout: *no client*/(Catratcat)
[12:53:42]ACCESS: Login: Catratcat/(Morgan Bickerson) from 127.0.0.1-2406761028 || BYOND v498
[12:53:59]ADMIN: Catratcat/(Morgan Bickerson) jumped to 41,42,2 in Street
[12:54:11]ADMIN: Catratcat/(Morgan Bickerson) created a /mob/living/carbon/human
[12:54:26]ADMIN: Catratcat/(Morgan Bickerson) deleted the fov at (0,0,0)
[12:54:44]ACCESS: Logout: Catratcat/(Morgan Bickerson)


Starting up. 13:04.24
---------------------

[13:04:24]ADMIN: Loading jobban_rank
[13:04:24]ADMIN: jobban_keylist was empty
[13:04:24]ADMIN: Updating jobbanfile!
[13:04:24]ADMIN: Loading Banlist
Reading donators.txt
[13:04:30]ACCESS: Login: Catratcat/(Catratcat) from 127.0.0.1-2406761028 || BYOND v498
[13:04:30]ACCESS: Login: Catratcat/(Catratcat) from 127.0.0.1
[13:04:35]ADMIN: Catratcat has started the game.
[13:04:36]ACCESS: Logout: *no client*/(Catratcat)
[13:04:36]ACCESS: Login: Catratcat/(Morgan Bickerson) from 127.0.0.1-2406761028 || BYOND v498
[13:04:41]ADMIN: Catratcat/(Morgan Bickerson) jumped to 41,41,2 in Street
[13:04:51]ADMIN: Catratcat/(Morgan Bickerson) created a /mob/living/carbon/human
[13:04:59]ADMIN: Catratcat/(Morgan Bickerson) created a /mob/living/carbon/human
[13:05:03]ADMIN: Catratcat/(Morgan Bickerson) created a /mob/living/carbon/human
[13:05:58]ADMIN: Catratcat/(Morgan Bickerson) modified human's icon_state to m-non
[13:06:07]ACCESS: Logout: Catratcat/(Morgan Bickerson)
[13:07:14]ACCESS: Login: Catratcat/(Morgan Bickerson) from 127.0.0.1-2406761028 || BYOND v498
[13:07:15]ACCESS: Login: Catratcat/(Morgan Bickerson) from 127.0.0.1
[13:07:19]ACCESS: Logout: Catratcat/(Morgan Bickerson)


Starting up. 13:07.27
---------------------

[13:07:27]ADMIN: Loading jobban_rank
[13:07:27]ADMIN: jobban_keylist was empty
[13:07:27]ADMIN: Updating jobbanfile!
[13:07:27]ADMIN: Loading Banlist
Reading donators.txt
[13:07:31]ACCESS: Login: Catratcat/(Catratcat) from 127.0.0.1-2406761028 || BYOND v498
[13:07:31]ACCESS: Login: Catratcat/(Catratcat) from 127.0.0.1
[13:07:36]ADMIN: Catratcat has started the game.
[13:07:37]ACCESS: Logout: *no client*/(Catratcat)
[13:07:37]ACCESS: Login: Catratcat/(Morgan Bickerson) from 127.0.0.1-2406761028 || BYOND v498
[13:07:43]ADMIN: Catratcat/(Morgan Bickerson) jumped to 41,42,2 in Street
[13:07:53]ADMIN: Catratcat/(Morgan Bickerson) created a /mob/living/carbon/human
[13:07:57]ADMIN: Catratcat/(Morgan Bickerson) created a /mob/living/carbon/human
[13:08:02]ADMIN: Catratcat/(Morgan Bickerson) created a /mob/living/carbon/human
[13:08:36]ADMIN: Catratcat/(Morgan Bickerson) deleted the fov at (0,0,0)
[13:08:39]ADMIN: Catratcat/(Morgan Bickerson) deleted   at (0,0,0)
[13:08:45]ACCESS: Logout: Catratcat/(Morgan Bickerson)


Starting up. 13:10.09
---------------------

[13:10:09]ADMIN: Loading jobban_rank
[13:10:09]ADMIN: jobban_keylist was empty
[13:10:09]ADMIN: Updating jobbanfile!
[13:10:09]ADMIN: Loading Banlist
Reading donators.txt
[13:10:20]ACCESS: Login: Catratcat/(Catratcat) from 127.0.0.1-2406761028 || BYOND v498
[13:10:20]ACCESS: Login: Catratcat/(Catratcat) from 127.0.0.1
[13:10:27]ADMIN: Catratcat has started the game.
[13:10:28]ACCESS: Logout: *no client*/(Catratcat)
[13:10:28]ACCESS: Login: Catratcat/(Morgan Bickerson) from 127.0.0.1-2406761028 || BYOND v498
[13:10:33]ADMIN: Catratcat/(Morgan Bickerson) jumped to 40,42,2 in Street
[13:10:48]ADMIN: Catratcat/(Morgan Bickerson) created a /mob/living/carbon/human
[13:10:52]ADMIN: Catratcat/(Morgan Bickerson) created a /mob/living/carbon/human
[13:10:55]ADMIN: Catratcat/(Morgan Bickerson) created a /mob/living/carbon/human
[13:11:08]ACCESS: Logout: Catratcat/(Morgan Bickerson)


Starting up. 13:26.50
---------------------

[13:26:50]ADMIN: Loading jobban_rank
[13:26:50]ADMIN: jobban_keylist was empty
[13:26:50]ADMIN: Updating jobbanfile!
[13:26:50]ADMIN: Loading Banlist
Reading donators.txt
[13:26:54]ACCESS: Login: Catratcat/(Catratcat) from 127.0.0.1-2406761028 || BYOND v498
[13:26:54]ACCESS: Login: Catratcat/(Catratcat) from 127.0.0.1
[13:27:01]ADMIN: Catratcat has started the game.
[13:27:01]ACCESS: Logout: *no client*/(Catratcat)
[13:27:01]ACCESS: Login: Catratcat/(Morgan Bickerson) from 127.0.0.1-2406761028 || BYOND v498
[13:27:07]ADMIN: Catratcat/(Morgan Bickerson) jumped to 41,41,2 in Street
[13:27:20]ADMIN: Catratcat/(Morgan Bickerson) created a /mob/living/carbon/human
[13:27:23]ADMIN: Catratcat/(Morgan Bickerson) created a /mob/living/carbon/human
[13:27:26]ADMIN: Catratcat/(Morgan Bickerson) created a /mob/living/carbon/human
[13:28:03]ADMIN: Catratcat/(Morgan Bickerson) deleted the fov at (0,0,0)
[13:28:10]ACCESS: Logout: Catratcat/(Morgan Bickerson)


Starting up. 14:18.47
---------------------

[14:18:47]ADMIN: Loading jobban_rank
[14:18:47]ADMIN: jobban_keylist was empty
[14:18:47]ADMIN: Updating jobbanfile!
[14:18:47]ADMIN: Loading Banlist
Reading donators.txt
[14:18:51]ACCESS: Login: Catratcat/(Catratcat) from 127.0.0.1-2406761028 || BYOND v498
[14:18:51]ACCESS: Login: Catratcat/(Catratcat) from 127.0.0.1
[14:18:59]ADMIN: Catratcat has started the game.
[14:18:59]ACCESS: Logout: *no client*/(Catratcat)
[14:18:59]ACCESS: Login: Catratcat/(Morgan Bickerson) from 127.0.0.1-2406761028 || BYOND v498
[14:19:06]ADMIN: Catratcat/(Morgan Bickerson) jumped to 40,41,2 in Street
[14:19:17]ADMIN: Catratcat/(Morgan Bickerson) created a /mob/living/carbon/human
[14:19:20]ADMIN: Catratcat/(Morgan Bickerson) created a /mob/living/carbon/human
[14:19:24]ADMIN: Catratcat/(Morgan Bickerson) created a /mob/living/carbon/human
[14:19:28]ADMIN: Catratcat/(Morgan Bickerson) created a /mob/living/carbon/human
[14:20:40]ACCESS: Logout: Catratcat/(Morgan Bickerson)


Starting up. 14:33.44
---------------------

[14:33:44]ADMIN: Loading jobban_rank
[14:33:44]ADMIN: jobban_keylist was empty
[14:33:44]ADMIN: Updating jobbanfile!
[14:33:44]ADMIN: Loading Banlist
Reading donators.txt
[14:33:48]ACCESS: Login: Catratcat/(Catratcat) from 127.0.0.1-2406761028 || BYOND v498
[14:33:48]ACCESS: Login: Catratcat/(Catratcat) from 127.0.0.1
[14:33:55]ADMIN: Catratcat has started the game.
[14:33:56]ACCESS: Logout: *no client*/(Catratcat)
[14:33:56]ACCESS: Login: Catratcat/(Morgan Bickerson) from 127.0.0.1-2406761028 || BYOND v498
[14:34:02]ADMIN: Catratcat/(Morgan Bickerson) jumped to 40,41,2 in Street
[14:34:06]ADMIN: Catratcat/(Morgan Bickerson) teleported Catratcat/(Morgan Bickerson)
[14:34:20]ADMIN: Catratcat/(Morgan Bickerson) created a /mob/living/carbon/human
[14:34:22]ADMIN: Catratcat/(Morgan Bickerson) created a /mob/living/carbon/human
[14:34:24]ADMIN: Catratcat/(Morgan Bickerson) created a /mob/living/carbon/human
[14:34:46]ACCESS: Logout: *no client*/(Morgan Bickerson)
[14:34:46]ACCESS: Login: Catratcat/(Morgan Bickerson) from 127.0.0.1-2406761028 || BYOND v498
[14:34:52]EMOTE: Morgan Bickerson/ : <B>Morgan Bickerson</B> snores.
[14:34:54]EMOTE: Morgan Bickerson/ : <B>Morgan Bickerson</B> snores.
[14:34:56]EMOTE: Morgan Bickerson/ : <B>Morgan Bickerson</B> snores.
[14:35:03]EMOTE: Morgan Bickerson/ : <B>Morgan Bickerson</B> snores.
[14:35:03]ADMIN: Catratcat/(Morgan Bickerson) deleted the fov at (0,0,0)
[14:35:12]EMOTE: Morgan Bickerson/ : <B>Morgan Bickerson</B> snores.
[14:35:37]EMOTE: Morgan Bickerson/ : <B>Morgan Bickerson</B> snores.
[14:35:42]EMOTE: Morgan Bickerson/ : <B>Morgan Bickerson</B> snores.
[14:35:55]ACCESS: Logout: Catratcat/(Morgan Bickerson)


Starting up. 14:42.39
---------------------

[14:42:39]ADMIN: Loading jobban_rank
[14:42:39]ADMIN: jobban_keylist was empty
[14:42:39]ADMIN: Updating jobbanfile!
[14:42:39]ADMIN: Loading Banlist
Reading donators.txt
[14:42:43]ACCESS: Login: Catratcat/(Catratcat) from 127.0.0.1-2406761028 || BYOND v498
[14:42:43]ACCESS: Login: Catratcat/(Catratcat) from 127.0.0.1
[14:42:51]ADMIN: Catratcat has started the game.
[14:42:52]ACCESS: Logout: *no client*/(Catratcat)
[14:42:52]ACCESS: Login: Catratcat/(Morgan Bickerson) from 127.0.0.1-2406761028 || BYOND v498
[14:42:58]ADMIN: Catratcat/(Morgan Bickerson) jumped to 37,41,2 in Street
[14:43:09]ADMIN: Catratcat/(Morgan Bickerson) created a /mob/living/carbon/human
[14:43:12]ADMIN: Catratcat/(Morgan Bickerson) created a /mob/living/carbon/human
[14:43:14]ADMIN: Catratcat/(Morgan Bickerson) created a /mob/living/carbon/human
[14:43:31]ACCESS: Logout: *no client*/(Morgan Bickerson)
[14:43:31]ACCESS: Login: catratcat/(human) from 127.0.0.1-2406761028 || BYOND v498
[14:43:31]ADMIN: *no client*/(Morgan Bickerson) assumed direct control of the human.
[14:44:02]EMOTE: Morgan Bickerson/ : <B>Morgan Bickerson</B> snores.
[14:44:30]ADMIN: catratcat/(human) changed the equipment of *no client*/(human) to gunslinger.
[14:44:35]ADMIN: catratcat/(human) changed the equipment of *no client*/(human) to arcology agent.
[14:44:45]EMOTE: Morgan Bickerson/ : <B>Morgan Bickerson</B> snores.
[14:44:49]EMOTE: Morgan Bickerson/ : <B>Morgan Bickerson</B> snores.
[14:44:52]EMOTE: Morgan Bickerson/ : <B>Morgan Bickerson</B> snores.
[14:44:54]ACCESS: Logout: catratcat/(human)


Starting up. 14:49.05
---------------------

[14:49:05]ADMIN: Loading jobban_rank
[14:49:05]ADMIN: jobban_keylist was empty
[14:49:05]ADMIN: Updating jobbanfile!
[14:49:05]ADMIN: Loading Banlist
Reading donators.txt
[14:49:32]ACCESS: Login: Catratcat/(Catratcat) from 127.0.0.1-2406761028 || BYOND v498
[14:49:32]ACCESS: Login: Catratcat/(Catratcat) from 127.0.0.1
[14:49:38]ADMIN: Catratcat has started the game.
[14:49:39]ACCESS: Logout: *no client*/(Catratcat)
[14:49:39]ACCESS: Login: Catratcat/(Morgan Bickerson) from 127.0.0.1-2406761028 || BYOND v498
[14:49:46]ADMIN: Catratcat/(Morgan Bickerson) jumped to 40,42,2 in Street
[14:50:01]ADMIN: Catratcat/(Morgan Bickerson) created a /mob/living/carbon/human
[14:50:02]ADMIN: Catratcat/(Morgan Bickerson) created a /mob/living/carbon/human
[14:50:04]ADMIN: Catratcat/(Morgan Bickerson) created a /mob/living/carbon/human
[14:50:40]ADMIN: Catratcat/(Morgan Bickerson) changed the equipment of *no client*/(human) to arcology agent.
[14:50:47]ADMIN: Catratcat/(Morgan Bickerson) changed the equipment of *no client*/(human) to metropolis police.
[14:51:10]ACCESS: Logout: Catratcat/(Morgan Bickerson)


Starting up. 15:02.30
---------------------

[15:02:30]ADMIN: Loading jobban_rank
[15:02:30]ADMIN: jobban_keylist was empty
[15:02:30]ADMIN: Updating jobbanfile!
[15:02:30]ADMIN: Loading Banlist
Reading donators.txt
[15:02:34]ACCESS: Login: Catratcat/(Catratcat) from 127.0.0.1-2406761028 || BYOND v498
[15:02:34]ACCESS: Login: Catratcat/(Catratcat) from 127.0.0.1
[15:02:40]ADMIN: Catratcat has started the game.
[15:02:41]ACCESS: Logout: *no client*/(Catratcat)
[15:02:41]ACCESS: Login: Catratcat/(Morgan Bickerson) from 127.0.0.1-2406761028 || BYOND v498
[15:02:47]ADMIN: Catratcat/(Morgan Bickerson) jumped to 41,42,2 in Street
[15:03:53]ADMIN: Catratcat/(Morgan Bickerson) created a /mob/living/carbon/human
[15:03:55]ADMIN: Catratcat/(Morgan Bickerson) created a /mob/living/carbon/human
[15:03:58]ADMIN: Catratcat/(Morgan Bickerson) created a /mob/living/carbon/human
[15:04:02]ADMIN: Catratcat/(Morgan Bickerson) created a /mob/living/carbon/human
[15:04:05]ADMIN: Catratcat/(Morgan Bickerson) created a /mob/living/carbon/human
[15:04:57]ACCESS: Logout: Catratcat/(Morgan Bickerson)


Starting up. 16:25.42
---------------------

[16:25:42]ADMIN: Loading jobban_rank
[16:25:42]ADMIN: jobban_keylist was empty
[16:25:42]ADMIN: Updating jobbanfile!
[16:25:42]ADMIN: Loading Banlist
Reading donators.txt
[16:25:46]ACCESS: Login: Catratcat/(Catratcat) from 127.0.0.1-2406761028 || BYOND v498
[16:25:46]ACCESS: Login: Catratcat/(Catratcat) from 127.0.0.1
[16:25:52]ADMIN: Catratcat has started the game.
[16:25:52]ACCESS: Logout: *no client*/(Catratcat)
[16:25:52]ACCESS: Login: Catratcat/(Morgan Bickerson) from 127.0.0.1-2406761028 || BYOND v498
[16:25:59]ADMIN: Catratcat/(Morgan Bickerson) jumped to 40,42,2 in Street
[16:26:23]ADMIN: Catratcat/(Morgan Bickerson) created a /mob/living/carbon/human
[16:26:25]ADMIN: Catratcat/(Morgan Bickerson) created a /mob/living/carbon/human
[16:26:28]ADMIN: Catratcat/(Morgan Bickerson) created a /mob/living/carbon/human
[16:26:31]ADMIN: Catratcat/(Morgan Bickerson) created a /mob/living/carbon/human
[16:27:16]ACCESS: Logout: Catratcat/(Morgan Bickerson)


Starting up. 16:39.27
---------------------

[16:39:27]ADMIN: Loading jobban_rank
[16:39:27]ADMIN: jobban_keylist was empty
[16:39:27]ADMIN: Updating jobbanfile!
[16:39:27]ADMIN: Loading Banlist
Reading donators.txt
[16:39:31]ACCESS: Login: Catratcat/(Catratcat) from 127.0.0.1-2406761028 || BYOND v498
[16:39:31]ACCESS: Login: Catratcat/(Catratcat) from 127.0.0.1
[16:39:37]ADMIN: Catratcat has started the game.
[16:39:38]ACCESS: Logout: *no client*/(Catratcat)
[16:39:38]ACCESS: Login: Catratcat/(Morgan Bickerson) from 127.0.0.1-2406761028 || BYOND v498
[16:39:44]ADMIN: Catratcat/(Morgan Bickerson) jumped to 41,41,2 in Street
[16:39:55]ADMIN: Catratcat/(Morgan Bickerson) created a /mob/living/carbon/human
[16:39:59]ADMIN: Catratcat/(Morgan Bickerson) created a /mob/living/carbon/human
[16:40:02]ADMIN: Catratcat/(Morgan Bickerson) created a /mob/living/carbon/human
[16:40:46]ACCESS: Logout: Catratcat/(Morgan Bickerson)


Starting up. 16:44.16
---------------------

[16:44:16]ADMIN: Loading jobban_rank
[16:44:16]ADMIN: jobban_keylist was empty
[16:44:16]ADMIN: Updating jobbanfile!
[16:44:16]ADMIN: Loading Banlist
Reading donators.txt
[16:44:20]ACCESS: Login: Catratcat/(Catratcat) from 127.0.0.1-2406761028 || BYOND v498
[16:44:20]ACCESS: Login: Catratcat/(Catratcat) from 127.0.0.1
[16:44:25]ADMIN: Catratcat has started the game.
[16:44:25]ACCESS: Logout: *no client*/(Catratcat)
[16:44:25]ACCESS: Login: Catratcat/(Morgan Bickerson) from 127.0.0.1-2406761028 || BYOND v498
[16:44:31]ADMIN: Catratcat/(Morgan Bickerson) jumped to 37,41,2 in Street
[16:44:40]ADMIN: Catratcat/(Morgan Bickerson) created a /mob/living/carbon/human
[16:44:41]ADMIN: Catratcat/(Morgan Bickerson) created a /mob/living/carbon/human
[16:44:43]ADMIN: Catratcat/(Morgan Bickerson) created a /mob/living/carbon/human
[16:44:59]ACCESS: Logout: Catratcat/(Morgan Bickerson)


Starting up. 16:49.57
---------------------

[16:49:57]ADMIN: Loading jobban_rank
[16:49:57]ADMIN: jobban_keylist was empty
[16:49:57]ADMIN: Updating jobbanfile!
[16:49:57]ADMIN: Loading Banlist
Reading donators.txt
[16:50:01]ACCESS: Login: Catratcat/(Catratcat) from 127.0.0.1-2406761028 || BYOND v498
[16:50:01]ACCESS: Login: Catratcat/(Catratcat) from 127.0.0.1
[16:50:07]ADMIN: Catratcat has started the game.
[16:50:08]ACCESS: Logout: *no client*/(Catratcat)
[16:50:08]ACCESS: Login: Catratcat/(Morgan Bickerson) from 127.0.0.1-2406761028 || BYOND v498
[16:50:16]ADMIN: Catratcat/(Morgan Bickerson) jumped to 40,42,2 in Street
[16:50:21]ADMIN: Catratcat/(Morgan Bickerson) created a /mob/living/carbon/human
[16:50:23]ADMIN: Catratcat/(Morgan Bickerson) created a /mob/living/carbon/human
[16:50:24]ADMIN: Catratcat/(Morgan Bickerson) created a /mob/living/carbon/human
[16:51:19]ACCESS: Logout: Catratcat/(Morgan Bickerson)


Starting up. 16:56.03
---------------------

[16:56:03]ADMIN: Loading jobban_rank
[16:56:03]ADMIN: jobban_keylist was empty
[16:56:03]ADMIN: Updating jobbanfile!
[16:56:03]ADMIN: Loading Banlist
Reading donators.txt
[17:02:07]ACCESS: Login: Catratcat/(Catratcat) from 127.0.0.1-2406761028 || BYOND v498
[17:02:07]ACCESS: Login: Catratcat/(Catratcat) from 127.0.0.1
[17:02:22]ADMIN: Catratcat has started the game.
[17:02:23]ACCESS: Logout: *no client*/(Catratcat)
[17:02:23]ACCESS: Login: Catratcat/(Morgan Bickerson) from 127.0.0.1-2406761028 || BYOND v498
[17:02:30]ADMIN: Catratcat/(Morgan Bickerson) jumped to 39,42,2 in Street
[17:02:42]ADMIN: Catratcat/(Morgan Bickerson) created a /mob/living/carbon/human
[17:02:44]ADMIN: Catratcat/(Morgan Bickerson) created a /mob/living/carbon/human
[17:02:46]ADMIN: Catratcat/(Morgan Bickerson) created a /mob/living/carbon/human
[17:03:09]ACCESS: Logout: Catratcat/(Morgan Bickerson)


Starting up. 17:28.57
---------------------

[17:28:57]ADMIN: Loading jobban_rank
[17:28:57]ADMIN: jobban_keylist was empty
[17:28:57]ADMIN: Updating jobbanfile!
[17:28:57]ADMIN: Loading Banlist
Reading donators.txt
[17:29:01]ACCESS: Login: Catratcat/(Catratcat) from 127.0.0.1-2406761028 || BYOND v498
[17:29:01]ACCESS: Login: Catratcat/(Catratcat) from 127.0.0.1
[17:29:07]ADMIN: Catratcat has started the game.
[17:29:07]ACCESS: Logout: *no client*/(Catratcat)
[17:29:07]ACCESS: Login: Catratcat/(Morgan Bickerson) from 127.0.0.1-2406761028 || BYOND v498
[17:29:14]ADMIN: Catratcat/(Morgan Bickerson) jumped to 39,42,2 in Street
[17:29:24]ADMIN: Catratcat/(Morgan Bickerson) created a /mob/living/carbon/human
[17:29:26]ADMIN: Catratcat/(Morgan Bickerson) created a /mob/living/carbon/human
[17:29:30]ADMIN: Catratcat/(Morgan Bickerson) created a /mob/living/carbon/human
[17:29:34]ADMIN: Catratcat/(Morgan Bickerson) created a /mob/living/carbon/human
[17:30:13]ACCESS: Logout: Catratcat/(Morgan Bickerson)


Starting up. 17:37.05
---------------------

[17:37:05]ADMIN: Loading jobban_rank
[17:37:05]ADMIN: jobban_keylist was empty
[17:37:05]ADMIN: Updating jobbanfile!
[17:37:05]ADMIN: Loading Banlist
Reading donators.txt
[17:37:11]ACCESS: Login: Catratcat/(Catratcat) from 127.0.0.1-2406761028 || BYOND v498
[17:37:11]ACCESS: Login: Catratcat/(Catratcat) from 127.0.0.1
[17:37:16]ADMIN: Catratcat has started the game.
[17:37:17]ACCESS: Logout: *no client*/(Catratcat)
[17:37:17]ACCESS: Login: Catratcat/(Morgan Bickerson) from 127.0.0.1-2406761028 || BYOND v498
[17:37:22]ADMIN: Catratcat/(Morgan Bickerson) jumped to 38,40,2 in Street
[17:37:32]ADMIN: Catratcat/(Morgan Bickerson) created a /mob/living/carbon/human
[17:37:34]ADMIN: Catratcat/(Morgan Bickerson) created a /mob/living/carbon/human
[17:37:37]ADMIN: Catratcat/(Morgan Bickerson) created a /mob/living/carbon/human
[17:37:42]ADMIN: Catratcat/(Morgan Bickerson) created a /mob/living/carbon/human
[17:38:22]ACCESS: Logout: Catratcat/(Morgan Bickerson)


Starting up. 17:40.24
---------------------

[17:40:24]ADMIN: Loading jobban_rank
[17:40:24]ADMIN: jobban_keylist was empty
[17:40:24]ADMIN: Updating jobbanfile!
[17:40:24]ADMIN: Loading Banlist
Reading donators.txt
[17:40:28]ACCESS: Login: Catratcat/(Catratcat) from 127.0.0.1-2406761028 || BYOND v498
[17:40:28]ACCESS: Login: Catratcat/(Catratcat) from 127.0.0.1
[17:40:35]ADMIN: Catratcat has started the game.
[17:40:36]ACCESS: Logout: *no client*/(Catratcat)
[17:40:36]ACCESS: Login: Catratcat/(Morgan Bickerson) from 127.0.0.1-2406761028 || BYOND v498
[17:40:43]ADMIN: Catratcat/(Morgan Bickerson) jumped to 36,41,2 in Street
[17:40:52]ADMIN: Catratcat/(Morgan Bickerson) created a /mob/living/carbon/human
[17:40:54]ADMIN: Catratcat/(Morgan Bickerson) created a /mob/living/carbon/human
[17:40:57]ADMIN: Catratcat/(Morgan Bickerson) created a /mob/living/carbon/human
[17:41:25]ACCESS: Logout: Catratcat/(Morgan Bickerson)


Starting up. 17:46.24
---------------------

[17:46:24]ADMIN: Loading jobban_rank
[17:46:24]ADMIN: jobban_keylist was empty
[17:46:24]ADMIN: Updating jobbanfile!
[17:46:24]ADMIN: Loading Banlist
Reading donators.txt
[17:46:29]ACCESS: Login: Catratcat/(Catratcat) from 127.0.0.1-2406761028 || BYOND v498
[17:46:29]ACCESS: Login: Catratcat/(Catratcat) from 127.0.0.1
[17:46:34]ADMIN: Catratcat has started the game.
[17:46:34]ACCESS: Logout: *no client*/(Catratcat)
[17:46:34]ACCESS: Login: Catratcat/(Morgan Bickerson) from 127.0.0.1-2406761028 || BYOND v498
[17:46:40]ADMIN: Catratcat/(Morgan Bickerson) jumped to 40,41,2 in Street
[17:46:48]ADMIN: Catratcat/(Morgan Bickerson) created a /mob/living/carbon/human
[17:46:52]ADMIN: Catratcat/(Morgan Bickerson) created a /mob/living/carbon/human
[17:46:56]ADMIN: Catratcat/(Morgan Bickerson) created a /mob/living/carbon/human
[17:47:19]ACCESS: Logout: Catratcat/(Morgan Bickerson)


Starting up. 17:49.09
---------------------

[17:49:09]ADMIN: Loading jobban_rank
[17:49:09]ADMIN: jobban_keylist was empty
[17:49:09]ADMIN: Updating jobbanfile!
[17:49:09]ADMIN: Loading Banlist
Reading donators.txt
[17:49:16]ACCESS: Login: Catratcat/(Catratcat) from 127.0.0.1-2406761028 || BYOND v498
[17:49:16]ACCESS: Login: Catratcat/(Catratcat) from 127.0.0.1
[17:49:22]ADMIN: Catratcat has started the game.
[17:49:22]ACCESS: Logout: *no client*/(Catratcat)
[17:49:23]ACCESS: Login: Catratcat/(Morgan Bickerson) from 127.0.0.1-2406761028 || BYOND v498
[17:49:32]ADMIN: Catratcat/(Morgan Bickerson) jumped to 35,40,2 in Street
[17:49:42]ADMIN: Catratcat/(Morgan Bickerson) created a /mob/living/carbon/human
[17:49:43]ADMIN: Catratcat/(Morgan Bickerson) created a /mob/living/carbon/human
[17:49:45]ADMIN: Catratcat/(Morgan Bickerson) created a /mob/living/carbon/human
[17:49:46]ADMIN: Catratcat/(Morgan Bickerson) created a /mob/living/carbon/human
[17:49:48]ADMIN: Catratcat/(Morgan Bickerson) created a /mob/living/carbon/human
[17:51:25]ACCESS: Logout: Catratcat/(Morgan Bickerson)


Starting up. 20:01.50
---------------------

[20:01:50]ADMIN: Loading jobban_rank
[20:01:50]ADMIN: jobban_keylist was empty
[20:01:50]ADMIN: Updating jobbanfile!
[20:01:50]ADMIN: Loading Banlist
Reading donators.txt
[20:02:00]ACCESS: Login: Catratcat/(Catratcat) from 127.0.0.1-3781439013 || BYOND v498
[20:02:00]ACCESS: Login: Catratcat/(Catratcat) from 127.0.0.1
[20:02:06]ADMIN: Catratcat has started the game.
[20:02:06]ACCESS: Logout: *no client*/(Catratcat)
[20:02:06]ACCESS: Login: Catratcat/(Morgan Bickerson) from 127.0.0.1-3781439013 || BYOND v498
[20:02:14]ADMIN: Catratcat/(Morgan Bickerson) jumped to 37,41,2 in Street
[20:02:34]ADMIN: Catratcat/(Morgan Bickerson) created a /mob/living/carbon/human
[20:02:36]ADMIN: Catratcat/(Morgan Bickerson) created a /mob/living/carbon/human
[20:02:37]ADMIN: Catratcat/(Morgan Bickerson) created a /mob/living/carbon/human
[20:02:39]ADMIN: Catratcat/(Morgan Bickerson) created a /mob/living/carbon/human
[20:02:42]ADMIN: Catratcat/(Morgan Bickerson) created a /mob/living/carbon/human
[20:03:42]ACCESS: Logout: Catratcat/(Morgan Bickerson)


Starting up. 20:20.50
---------------------

[20:20:50]ADMIN: Loading jobban_rank
[20:20:50]ADMIN: jobban_keylist was empty
[20:20:50]ADMIN: Updating jobbanfile!
[20:20:50]ADMIN: Loading Banlist
Reading donators.txt
[20:20:53]ACCESS: Login: Catratcat/(Catratcat) from 127.0.0.1-3781439013 || BYOND v498
[20:20:53]ACCESS: Login: Catratcat/(Catratcat) from 127.0.0.1
[20:21:03]ADMIN: Catratcat has started the game.
[20:21:04]ACCESS: Logout: *no client*/(Catratcat)
[20:21:04]ACCESS: Login: Catratcat/(Morgan Bickerson) from 127.0.0.1-3781439013 || BYOND v498
[20:21:12]ADMIN: Catratcat/(Morgan Bickerson) jumped to 42,42,2 in Street
[20:21:54]ADMIN: Catratcat/(Morgan Bickerson) created a /mob/living/carbon/human
[20:21:56]ADMIN: Catratcat/(Morgan Bickerson) created a /mob/living/carbon/human
[20:21:57]ADMIN: Catratcat/(Morgan Bickerson) created a /mob/living/carbon/human
[20:21:59]ADMIN: Catratcat/(Morgan Bickerson) created a /mob/living/carbon/human
[20:22:08]ACCESS: Logout: Catratcat/(Morgan Bickerson)


Starting up. 20:28.29
---------------------

[20:28:29]ADMIN: Loading jobban_rank
[20:28:29]ADMIN: jobban_keylist was empty
[20:28:29]ADMIN: Updating jobbanfile!
[20:28:29]ADMIN: Loading Banlist
Reading donators.txt
[20:28:32]ACCESS: Login: Catratcat/(Catratcat) from 127.0.0.1-3781439013 || BYOND v498
[20:28:32]ACCESS: Login: Catratcat/(Catratcat) from 127.0.0.1
[20:28:42]ADMIN: Catratcat has started the game.
[20:28:42]ACCESS: Logout: *no client*/(Catratcat)
[20:28:42]ACCESS: Login: Catratcat/(Morgan Bickerson) from 127.0.0.1-3781439013 || BYOND v498
[20:28:48]ADMIN: Catratcat/(Morgan Bickerson) jumped to 42,41,2 in Street
[20:29:13]ADMIN: Catratcat/(Morgan Bickerson) created a /mob/living/carbon/human
[20:29:14]ADMIN: Catratcat/(Morgan Bickerson) created a /mob/living/carbon/human
[20:29:15]ADMIN: Catratcat/(Morgan Bickerson) created a /mob/living/carbon/human
[20:29:19]ADMIN: Catratcat/(Morgan Bickerson) created a /mob/living/carbon/human
[20:29:28]ADMIN: Catratcat/(Morgan Bickerson) jumped to 42,47,2 in Street
[20:29:42]ADMIN: Catratcat/(Morgan Bickerson) jumped to 39,41,2 in Street
[20:31:07]ACCESS: Logout: Catratcat/(Morgan Bickerson)


Starting up. 20:34.42
---------------------

[20:34:42]ADMIN: Loading jobban_rank
[20:34:42]ADMIN: jobban_keylist was empty
[20:34:42]ADMIN: Updating jobbanfile!
[20:34:42]ADMIN: Loading Banlist
Reading donators.txt
[20:34:53]ACCESS: Login: Catratcat/(Catratcat) from 127.0.0.1-3781439013 || BYOND v498
[20:34:53]ACCESS: Login: Catratcat/(Catratcat) from 127.0.0.1
[20:35:06]ADMIN: Catratcat has started the game.
[20:35:06]ACCESS: Logout: *no client*/(Catratcat)
[20:35:06]ACCESS: Login: Catratcat/(Morgan Bickerson) from 127.0.0.1-3781439013 || BYOND v498
[20:35:11]ADMIN: Catratcat/(Morgan Bickerson) jumped to 41,42,2 in Street
[20:35:18]ADMIN: Catratcat/(Morgan Bickerson) created a /mob/living/carbon/human
[20:35:20]ADMIN: Catratcat/(Morgan Bickerson) created a /mob/living/carbon/human
[20:35:21]ADMIN: Catratcat/(Morgan Bickerson) created a /mob/living/carbon/human
[20:35:23]ADMIN: Catratcat/(Morgan Bickerson) created a /mob/living/carbon/human
[20:36:29]ADMIN: Catratcat/(Morgan Bickerson) deleted the wooden barricade at (36,29,2)
[20:37:16]ACCESS: Logout: Catratcat/(Morgan Bickerson)
[20:40:20]ACCESS: Login: Catratcat/(Morgan Bickerson) from 127.0.0.1-3781439013 || BYOND v498
[20:40:20]ACCESS: Login: Catratcat/(Morgan Bickerson) from 127.0.0.1
[20:40:25]ACCESS: Logout: Catratcat/(Morgan Bickerson)


Starting up. 20:40.33
---------------------

[20:40:33]ADMIN: Loading jobban_rank
[20:40:33]ADMIN: jobban_keylist was empty
[20:40:33]ADMIN: Updating jobbanfile!
[20:40:33]ADMIN: Loading Banlist
Reading donators.txt
[20:40:42]ACCESS: Login: Catratcat/(Catratcat) from 127.0.0.1-3781439013 || BYOND v498
[20:40:42]ACCESS: Login: Catratcat/(Catratcat) from 127.0.0.1
[20:40:49]ADMIN: Catratcat has started the game.
[20:40:49]ACCESS: Logout: *no client*/(Catratcat)
[20:40:49]ACCESS: Login: Catratcat/(Morgan Bickerson) from 127.0.0.1-3781439013 || BYOND v498
[20:40:55]ADMIN: Catratcat/(Morgan Bickerson) jumped to 41,41,2 in Street
[20:41:03]ADMIN: Catratcat/(Morgan Bickerson) created a /mob/living/carbon/human
[20:41:04]ADMIN: Catratcat/(Morgan Bickerson) created a /mob/living/carbon/human
[20:41:06]ADMIN: Catratcat/(Morgan Bickerson) created a /mob/living/carbon/human
[20:41:09]ADMIN: Catratcat/(Morgan Bickerson) created a /mob/living/carbon/human
[20:41:11]ADMIN: Catratcat/(Morgan Bickerson) created a /mob/living/carbon/human
[20:42:12]ACCESS: Logout: Catratcat/(Morgan Bickerson)


Starting up. 20:45.05
---------------------

[20:45:05]ADMIN: Loading jobban_rank
[20:45:05]ADMIN: jobban_keylist was empty
[20:45:05]ADMIN: Updating jobbanfile!
[20:45:05]ADMIN: Loading Banlist
Reading donators.txt
[20:45:23]ACCESS: Login: Catratcat/(Catratcat) from 127.0.0.1-3781439013 || BYOND v498
[20:45:23]ACCESS: Login: Catratcat/(Catratcat) from 127.0.0.1
[20:45:31]ADMIN: Catratcat has started the game.
[20:45:31]ACCESS: Logout: *no client*/(Catratcat)
[20:45:31]ACCESS: Login: Catratcat/(Morgan Bickerson) from 127.0.0.1-3781439013 || BYOND v498
[20:45:38]ADMIN: Catratcat/(Morgan Bickerson) jumped to 41,41,2 in Street
[20:45:47]ADMIN: Catratcat/(Morgan Bickerson) created a /mob/living/carbon/human
[20:45:48]ADMIN: Catratcat/(Morgan Bickerson) created a /mob/living/carbon/human
[20:45:50]ADMIN: Catratcat/(Morgan Bickerson) created a /mob/living/carbon/human
[20:45:53]ADMIN: Catratcat/(Morgan Bickerson) created a /mob/living/carbon/human
[20:45:55]ADMIN: Catratcat/(Morgan Bickerson) created a /mob/living/carbon/human
[20:46:53]ACCESS: Logout: Catratcat/(Morgan Bickerson)


Starting up. 20:53.09
---------------------

[20:53:09]ADMIN: Loading jobban_rank
[20:53:09]ADMIN: jobban_keylist was empty
[20:53:09]ADMIN: Updating jobbanfile!
[20:53:09]ADMIN: Loading Banlist
Reading donators.txt
[20:53:21]ACCESS: Login: Catratcat/(Catratcat) from 127.0.0.1-3781439013 || BYOND v498
[20:53:21]ACCESS: Login: Catratcat/(Catratcat) from 127.0.0.1
[20:53:27]ADMIN: Catratcat has started the game.
[20:53:27]ACCESS: Logout: *no client*/(Catratcat)
[20:53:27]ACCESS: Login: Catratcat/(Morgan Bickerson) from 127.0.0.1-3781439013 || BYOND v498
[20:53:32]ADMIN: Catratcat/(Morgan Bickerson) jumped to 41,41,2 in Street
[20:53:41]ADMIN: Catratcat/(Morgan Bickerson) created a /mob/living/carbon/human
[20:53:42]ADMIN: Catratcat/(Morgan Bickerson) created a /mob/living/carbon/human
[20:53:44]ADMIN: Catratcat/(Morgan Bickerson) created a /mob/living/carbon/human
[20:53:47]ADMIN: Catratcat/(Morgan Bickerson) created a /mob/living/carbon/human
[20:53:49]ADMIN: Catratcat/(Morgan Bickerson) created a /mob/living/carbon/human
[20:54:08]ACCESS: Logout: *no client*/(Morgan Bickerson)
[20:54:08]ACCESS: Login: catratcat/(human) from 127.0.0.1-3781439013 || BYOND v498
[20:54:08]ADMIN: *no client*/(Morgan Bickerson) assumed direct control of the human.
[20:54:09]EMOTE: Morgan Bickerson/ : <B>Morgan Bickerson</B> snores.
[20:54:12]EMOTE: Morgan Bickerson/ : <B>Morgan Bickerson</B> snores.
[20:54:27]ACCESS: Logout: *no client*/(human)
[20:54:27]ACCESS: Login: catratcat/(Morgan Bickerson) from 127.0.0.1-3781439013 || BYOND v498
[20:54:27]ADMIN: *no client*/(human) assumed direct control of Morgan Bickerson.
[20:54:28]EMOTE: human/ : <B>The human</B> snores.
[20:54:30]EMOTE: human/ : <B>The human</B> snores.
[20:54:30]ADMIN: catratcat/(Morgan Bickerson) jumped to 44,47,2 in Street
[20:54:41]ADMIN: catratcat/(Morgan Bickerson) jumped to 42,42,2 in Street
[20:54:44]EMOTE: human/ : <B>The human</B> snores.
[20:54:46]EMOTE: human/ : <B>The human</B> snores.
[20:54:55]EMOTE: human/ : <B>The human</B> snores.
[20:55:00]EMOTE: human/ : <B>The human</B> snores.
[20:55:05]ACCESS: Logout: catratcat/(Morgan Bickerson)


Starting up. 21:35.56
---------------------

[21:35:56]ADMIN: Loading jobban_rank
[21:35:56]ADMIN: jobban_keylist was empty
[21:35:56]ADMIN: Updating jobbanfile!
[21:35:56]ADMIN: Loading Banlist
Reading donators.txt
[21:36:00]ACCESS: Login: Catratcat/(Catratcat) from 127.0.0.1-3781439013 || BYOND v498
[21:36:00]ACCESS: Login: Catratcat/(Catratcat) from 127.0.0.1
[21:36:09]ADMIN: Catratcat has started the game.
[21:36:10]ACCESS: Logout: *no client*/(Catratcat)
[21:36:10]ACCESS: Login: Catratcat/(Morgan Bickerson) from 127.0.0.1-3781439013 || BYOND v498
[21:36:18]EMOTE: Morgan Bickerson/Catratcat : <B>Morgan Bickerson</B> loud call out.
[21:36:20]EMOTE: Morgan Bickerson/Catratcat : <B>Morgan Bickerson</B> loud call out.
[21:36:21]EMOTE: Morgan Bickerson/Catratcat : <B>Morgan Bickerson</B> loud call out.
[21:36:23]EMOTE: Morgan Bickerson/Catratcat : <B>Morgan Bickerson</B> loud call out.
[21:36:27]EMOTE: Morgan Bickerson/Catratcat : <B>Morgan Bickerson</B> groans!
[21:36:28]EMOTE: Morgan Bickerson/Catratcat : <B>Morgan Bickerson</B> groans!
[21:36:30]EMOTE: Morgan Bickerson/Catratcat : <B>Morgan Bickerson</B> groans!
[21:36:31]EMOTE: Morgan Bickerson/Catratcat : <B>Morgan Bickerson</B> groans!
[21:36:39]SAY: Morgan Bickerson/Catratcat : Asfas
[21:36:40]SAY: Morgan Bickerson/Catratcat : Asf
[21:36:40]SAY: Morgan Bickerson/Catratcat : Asf
[21:36:44]EMOTE: Morgan Bickerson/Catratcat : <B>Morgan Bickerson</B> asf
[21:36:45]SAY: Morgan Bickerson/Catratcat : Asf
[21:36:45]SAY: Morgan Bickerson/Catratcat : Asf
[21:36:46]SAY: Morgan Bickerson/Catratcat : As
[21:36:58]ADMIN: Catratcat/(Morgan Bickerson) created a /mob/living/carbon/human
[21:37:00]ADMIN: Catratcat/(Morgan Bickerson) created a /mob/living/carbon/human
[21:37:10]ADMIN: ATTACK: Morgan Bickerson (catratcat) punched the human ().
[21:37:12]ADMIN: ATTACK: Morgan Bickerson (catratcat) punched the human ().
[21:37:13]ADMIN: ATTACK: Morgan Bickerson (catratcat) punched the human ().
[21:37:18]ADMIN: ATTACK: Morgan Bickerson (catratcat) punched the human ().
[21:37:19]ADMIN: ATTACK: Morgan Bickerson (catratcat) punched the human ().
[21:37:24]ADMIN: Catratcat/(Morgan Bickerson) healed / revived *no client*/(human)
[21:37:34]ADMIN: ATTACK: Morgan Bickerson (catratcat) shot the human () point blank with Nipper MK1.
[21:37:34]EMOTE: human/ : <B>The human</B> stops breathing...
[21:37:35]EMOTE: human/ : <B>The human</B> screams!
[21:37:42]EMOTE: human/ : <B>The human</B> seizes up and falls limp, his eyes dead and lifeless...
[21:37:46]ADMIN: ATTACK: Morgan Bickerson (catratcat) attacked the human () with Nipper MK1.
[21:38:07]ACCESS: Logout: Catratcat/(Morgan Bickerson)


Starting up. 21:40.29
---------------------

[21:40:29]ADMIN: Loading jobban_rank
[21:40:29]ADMIN: jobban_keylist was empty
[21:40:29]ADMIN: Updating jobbanfile!
[21:40:29]ADMIN: Loading Banlist
Reading donators.txt
[21:41:59]ACCESS: Login: Catratcat/(Catratcat) from 127.0.0.1-3781439013 || BYOND v498
[21:41:59]ACCESS: Login: Catratcat/(Catratcat) from 127.0.0.1
[21:42:05]ADMIN: Catratcat/(Catratcat) delayed the game.
[21:42:42]ACCESS: Login: EditorRUS/(EditorRUS) from 83.149.35.74-2664223764 || BYOND v496
[21:42:42]ACCESS: Login: EditorRUS/(EditorRUS) from 83.149.35.74
[21:42:59]OOC: EditorRUS/EditorRUS : Сразу включай
[21:43:05]OOC: EditorRUS/EditorRUS : Раз тест
[21:43:29]OOC: Catratcat/Catratcat : подождем
[21:45:23]OOC: Catratcat/Catratcat : еще двое зайдут хот&#255; бы
[21:45:38]OOC: EditorRUS/EditorRUS : Врем&#255; 23:43 (+5)
[21:45:40]OOC: EditorRUS/EditorRUS : не зайдут
[21:46:00]ACCESS: Login: Smet19/(Smet19) from 37.145.210.245-3272461766 || BYOND v498
[21:46:01]ACCESS: Login: Smet19/(Smet19) from 37.145.210.245
[21:46:17]ACCESS: Login: OdSt_97/(OdSt_97) from 80.250.78.232-2019073278 || BYOND v498
[21:46:17]ACCESS: Login: OdSt_97/(OdSt_97) from 80.250.78.232
[21:46:21]OOC: Smet19/Smet19 : Карта кака&#255;?
[21:46:25]OOC: Catratcat/Catratcat : ну можно начинать
[21:46:29]OOC: Catratcat/Catratcat : стара&#255;
[21:46:37]ADMIN: Catratcat has started the game.
[21:46:38]ACCESS: Logout: *no client*/(EditorRUS)
[21:46:38]ACCESS: Login: EditorRUS/(Atarabashi Nihondzin) from 83.149.35.74-2664223764 || BYOND v496
[21:46:38]ACCESS: Logout: *no client*/(Smet19)
[21:46:38]ACCESS: Login: Smet19/(Adam Johnson) from 37.145.210.245-3272461766 || BYOND v498
[21:46:41]ACCESS: Logout: *no client*/(Catratcat)
[21:46:41]ACCESS: Login: Catratcat/(ghost) from 127.0.0.1-3781439013 || BYOND v498
[21:47:01]SAY: Adam Johnson/Smet19 : Я теб&#255; вижу
[21:47:11]ACCESS: Logout: *no client*/(OdSt_97)
[21:47:11]ACCESS: Login: OdSt_97/(Leo Herz) from 80.250.78.232-2019073278 || BYOND v498
[21:47:13]OOC: Adam Johnson/Smet19 : Багота или фича с гостатой?
[21:47:20]OOC: Atarabashi Nihondzin/EditorRUS : Эээ...
[21:47:23]OOC: Morgan Bickerson/Catratcat : багота
[21:47:24]OOC: Atarabashi Nihondzin/EditorRUS : Я вижу что сзади, спереди
[21:47:28]SAY: Adam Johnson/Smet19 : Я ВИЖУ ТЕБЯ
[21:47:31]SAY: Adam Johnson/Smet19 : УЛЕТАЙ
[21:47:33]OOC: Atarabashi Nihondzin/EditorRUS : Но одно из них темнее, а другое светлее
[21:47:33]ADMIN: Catratcat/(Morgan Bickerson) jumped to EditorRUS/(Atarabashi Nihondzin)
[21:47:42]ACCESS: Login: Randy Sandy/(Randy Sandy) from 5.228.46.167-3665324714 || BYOND v499
[21:47:42]ACCESS: Login: Randy Sandy/(Randy Sandy) from 5.228.46.167
[21:47:44]SAY: Atarabashi Nihondzin/EditorRUS : ГОСТ
[21:47:49]SAY: Leo Herz/OdSt_97 : Открывайте
[21:47:49]ACCESS: Logout: *no client*/(Randy Sandy)
[21:47:49]ACCESS: Login: Randy Sandy/(Moses Momomo) from 5.228.46.167-3665324714 || BYOND v499
[21:47:54]SAY: Atarabashi Nihondzin/EditorRUS : стой
[21:48:01]SAY: Atarabashi Nihondzin/EditorRUS : Стой сука
[21:48:03]SAY: Atarabashi Nihondzin/EditorRUS : Теб&#255; видно
[21:48:07]SAY: Adam Johnson/Smet19 : ЛОмай
[21:48:24]OOC: Leo Herz/OdSt_97 : Ого
[21:48:29]OOC: Leo Herz/OdSt_97 : Госты
[21:48:31]OOC: Atarabashi Nihondzin/EditorRUS : Гостов видно
[21:48:33]ACCESS: Login: Egorkor/(Egorkor) from 87.251.152.110-435085645 || BYOND v498
[21:48:33]ACCESS: Login: Egorkor/(Egorkor) from 87.251.152.110
[21:48:37]OOC: Morgan Bickerson/Catratcat : Да, с гостами пока баг
[21:48:40]EMOTE: Moses Momomo/Randy Sandy : <B>Moses Momomo</B> screams!
[21:49:05]OOC: Moses Momomo/Randy Sandy : пиздец.
[21:49:08]OOC: Atarabashi Nihondzin/EditorRUS : Ебать какой быстрый реген
[21:49:15]OOC: Atarabashi Nihondzin/EditorRUS : Упал в &#255;му @ Восстановилс&#255; за 10 секунд
[21:49:15]ACCESS: Logout: *no client*/(Egorkor)
[21:49:15]ACCESS: Login: Egorkor/(Graham Maclagan) from 87.251.152.110-435085645 || BYOND v498
[21:49:22]ADMIN: Catratcat/(Morgan Bickerson) jumped to Randy Sandy/(Moses Momomo)
[21:49:34]ACCESS: Logout: Randy Sandy/(Moses Momomo)
[21:49:38]OOC: Graham Maclagan/Egorkor : фов тестим?
[21:49:38]EMOTE: Moses Momomo/Randy Sandy : <B>Moses Momomo</B> snores.
[21:49:38]ACCESS: Login: MrEchoRU/(MrEchoRU) from 5.138.150.56-1330443238 || BYOND v498
[21:49:38]ACCESS: Login: MrEchoRU/(MrEchoRU) from 5.138.150.56
[21:49:43]OOC: Morgan Bickerson/Catratcat : да
[21:49:47]ACCESS: Logout: *no client*/(MrEchoRU)
[21:49:47]ACCESS: Login: MrEchoRU/(ghost) from 5.138.150.56-1330443238 || BYOND v498
[21:49:49]OOC: Graham Maclagan/Egorkor : Так видно же всё
[21:49:50]OOC: Atarabashi Nihondzin/EditorRUS : Фова нет
[21:50:00]OOC: Graham Maclagan/Egorkor : Просто всё темнее за спиной
[21:50:03]OOC: Atarabashi Nihondzin/EditorRUS : Просто сзади чуть темнее
[21:50:03]OOC: Morgan Bickerson/Catratcat : пока только не видно мобов за спиной
[21:50:08]ACCESS: Login: Oxidon/(Oxidon) from 95.30.215.104-1007765461 || BYOND v499
[21:50:08]ACCESS: Login: Oxidon/(Oxidon) from 95.30.215.104
[21:50:12]OOC: Morgan Bickerson/Catratcat : мобов не видно
[21:50:14]OOC: Graham Maclagan/Egorkor : Вообще не видно?
[21:50:18]OOC: Morgan Bickerson/Catratcat : да
[21:50:21]OOC: Adam Johnson/Smet19 : Обзор 100 градусов?
[21:50:24]ACCESS: Logout: *no client*/(Oxidon)
[21:50:24]ACCESS: Login: Oxidon/(Henry Murray) from 95.30.215.104-1007765461 || BYOND v499
[21:50:25]OOC: Morgan Bickerson/Catratcat :  есть удары сзади
[21:50:26]OOC: Atarabashi Nihondzin/EditorRUS : Гостов тоже не видно
[21:50:42]OOC: Graham Maclagan/Egorkor : ЛОЛ
[21:50:44]ADMIN: MrEchoRU/(Preston Poehl) : Ренди зобанил?
[21:50:44]OOC: Graham Maclagan/Egorkor : Я вижу госта
[21:50:46]OOC: Atarabashi Nihondzin/EditorRUS : Видно всех мобов сзади
[21:50:51]ADMIN: PM: Catratcat/(Morgan Bickerson)->MrEchoRU/(Preston Poehl): да
[21:50:52]OOC: Atarabashi Nihondzin/EditorRUS : Так что не пизди
[21:50:53]ACCESS: Login: Moroz 10/(Moroz 10) from 217.118.95.87-4201752828 || BYOND v496
[21:50:53]ACCESS: Login: Moroz 10/(Moroz 10) from 217.118.95.87
[21:50:55]OOC: Graham Maclagan/Egorkor : Я Атарабашку вижу
[21:50:56]SAY: Atarabashi Nihondzin/EditorRUS : Я теб&#255; вижу
[21:50:59]OOC: Graham Maclagan/Egorkor : А спереди увидел госта
[21:51:00]EMOTE: Moses Momomo/Randy Sandy : <B>Moses Momomo</B> snores.
[21:51:01]SAY: Graham Maclagan/Egorkor : I SEE YOU
[21:51:03]EMOTE: Moses Momomo/Randy Sandy : <B>Moses Momomo</B> snores.
[21:51:06]OOC: Leo Herz/OdSt_97 : мобов видно
[21:51:07]SAY: Graham Maclagan/Egorkor : Фу
[21:51:08]ADMIN: PM: MrEchoRU/(Preston Poehl)->Catratcat/(Morgan Bickerson): Теб&#255; не учили не играть с порохом?
[21:51:10]SAY: Atarabashi Nihondzin/EditorRUS : НЕ СМОТРИ НА МЕНЯ
[21:51:11]SAY: Atarabashi Nihondzin/EditorRUS : ПИДОР
[21:51:12]OOC: Graham Maclagan/Egorkor : Фу, Эдитор
[21:51:17]SAY: Atarabashi Nihondzin/EditorRUS : Я БЛЮЮ ОТ ТВОЕЙ КРАСОТЫ
[21:51:18]OOC: Graham Maclagan/Egorkor : Я на теб&#255; гл&#255;нул - ты блеванул
[21:51:22]ADMIN: PM: Catratcat/(Morgan Bickerson)->MrEchoRU/(Preston Poehl): в смысле?
[21:51:23]SAY: Graham Maclagan/Egorkor : БУ
[21:51:24]EMOTE: Moses Momomo/Randy Sandy : <B>Moses Momomo</B> snores.
[21:51:27]ACCESS: Logout: *no client*/(Moroz 10)
[21:51:27]ACCESS: Login: Moroz 10/(Nick Thompson) from 217.118.95.87-4201752828 || BYOND v496
[21:51:28]SAY: Graham Maclagan/Egorkor : ИДИ СЮДА
[21:51:28]OOC: Adam Johnson/Smet19 : Шлем обзор нерфит
[21:51:28]OOC: Atarabashi Nihondzin/EditorRUS : Южный парк смотрел?
[21:51:31]SAY: Graham Maclagan/Egorkor : СУКА
[21:51:32]EMOTE: Moses Momomo/Randy Sandy : <B>Moses Momomo</B> snores.
[21:51:34]SAY: Graham Maclagan/Egorkor : СТОЙ
[21:51:35]GAME: Explosion with size (-1, -1, 2) in area Sewers 
[21:51:35]EMOTE: Moses Momomo/Randy Sandy : <B>Moses Momomo</B> snores.
[21:51:39]OOC: Graham Maclagan/Egorkor : ЛОЛ
[21:51:39]ACCESS: Login: Nyuu99/(Nyuu99) from 178.90.33.32-1826058117 || BYOND v498
[21:51:39]ACCESS: Login: Nyuu99/(Nyuu99) from 178.90.33.32
[21:51:46]ADMIN: PM: MrEchoRU/(Preston Poehl)->Catratcat/(Morgan Bickerson): КОКОКОК, ФОРУМОТВИТТЕР, ДВУЛИЧНОСТЬ, МОКРЕНЬКИЕ ТИРАНЫ БЕЗ СМС И РЕГИСТРАЦИИ
[21:51:47]OOC: Graham Maclagan/Egorkor : Гон&#255;лс&#255; за гостом, налетел на мину.
[21:51:48]ACCESS: Logout: *no client*/(Nyuu99)
[21:51:48]ACCESS: Login: Nyuu99/(Brienne) from 178.90.33.32-1826058117 || BYOND v498
[21:51:49]EMOTE: Moses Momomo/Randy Sandy : <B>Moses Momomo</B> snores.
[21:51:50]SAY: Atarabashi Nihondzin/EditorRUS : Не стой над &#255;мой
[21:51:52]EMOTE: Moses Momomo/Randy Sandy : <B>Moses Momomo</B> snores.
[21:51:53]OOC: Morgan Bickerson/Catratcat : Какие первые баги с ФОВом вы обнаружили? ПОмимо гостов
[21:51:53]EMOTE: Moses Momomo/Randy Sandy : <B>Moses Momomo</B> snores.
[21:51:58]OOC: Graham Maclagan/Egorkor : Людей видно.
[21:52:05]EMOTE: Moses Momomo/Randy Sandy : <B>Moses Momomo</B> snores.
[21:52:05]OOC: Leo Herz/OdSt_97 : видно всех
[21:52:06]ACCESS: Login: Lagius/(Lagius) from 93.175.7.38-1863371033 || BYOND v496
[21:52:07]ACCESS: Login: Lagius/(Lagius) from 93.175.7.38
[21:52:07]OOC: Atarabashi Nihondzin/EditorRUS : Сзади чуть темнее, но видно
[21:52:09]OOC: Morgan Bickerson/Catratcat : даже спиной? быть не может
[21:52:11]OOC: Leo Herz/OdSt_97 : за спиной
[21:52:12]EMOTE: Moses Momomo/Randy Sandy : <B>Moses Momomo</B> snores.
[21:52:12]OOC: Graham Maclagan/Egorkor : Может, в темноте не видно будет
[21:52:18]ACCESS: Logout: MrEchoRU/(Preston Poehl)
[21:52:18]OOC: Leo Herz/OdSt_97 : И не только
[21:52:19]OOC: Adam Johnson/Smet19 : Я не видел за спиной
[21:52:20]ACCESS: Logout: *no client*/(Lagius)
[21:52:20]ACCESS: Login: Lagius/(Benna Murcatto) from 93.175.7.38-1863371033 || BYOND v496
[21:52:24]EMOTE: Nick Thompson/Moroz 10 : <B>Nick Thompson</B> screams!
[21:52:26]EMOTE: Nick Thompson/Moroz 10 : <B>Nick Thompson</B> seizes up and falls limp, his eyes dead and lifeless...
[21:52:32]ACCESS: Logout: *no client*/(Nick Thompson)
[21:52:32]ACCESS: Login: Moroz 10/(Nick Thompson) from 217.118.95.87-4201752828 || BYOND v496
[21:52:32]OOC: Leo Herz/OdSt_97 : Я вижу и собак и эдитора\
[21:52:32]OOC: Brienne/Nyuu99 : Почему лагает обзор
[21:52:35]OOC: Brienne/Nyuu99 : при поворотах
[21:52:47]OOC: Atarabashi Nihondzin/EditorRUS : кэт не может на turn приписать
[21:52:53]EMOTE: Moses Momomo/Randy Sandy : <B>Moses Momomo</B> snores.
[21:52:57]EMOTE: Moses Momomo/Randy Sandy : <B>Moses Momomo</B> snores.
[21:53:00]ACCESS: Login: Olidood/(Olidood) from 2.60.87.71-340319771 || BYOND v498
[21:53:01]ACCESS: Login: Olidood/(Olidood) from 2.60.87.71
[21:53:03]OOC: Morgan Bickerson/Catratcat : Где турн лежит? 
[21:53:03]SAY: Adam Johnson/Smet19 : Займитесь разгрузкой транспорта,заодно загрузите &#255;щики
[21:53:13]OOC: Morgan Bickerson/Catratcat : Я только Move нашел
[21:53:14]OOC: Atarabashi Nihondzin/EditorRUS : Это стандартна&#255; операци&#255; бъонда...
[21:53:22]EMOTE: Moses Momomo/Randy Sandy : <B>Moses Momomo</B> snores.
[21:53:24]ACCESS: Logout: *no client*/(Olidood)
[21:53:24]ACCESS: Login: Olidood/(ghost) from 2.60.87.71-340319771 || BYOND v498
[21:53:26]EMOTE: Moses Momomo/Randy Sandy : <B>Moses Momomo</B> snores.
[21:53:26]OOC: Graham Maclagan/Egorkor : Пиздец реген быстрый
[21:53:27]OOC: Atarabashi Nihondzin/EditorRUS : Она не определена в коде
[21:53:28]EMOTE: Moses Momomo/Randy Sandy : <B>Moses Momomo</B> snores.
[21:53:34]ADMIN: ATTACK: Adam Johnson (smet19) disarmed Brienne (nyuu99).
[21:53:37]ACCESS: Logout: Egorkor/(Graham Maclagan)
[21:53:38]OOC: Atarabashi Nihondzin/EditorRUS : /mob/Turn()
[21:53:41]OOC: Atarabashi Nihondzin/EditorRUS : ..()
[21:53:42]ADMIN: ATTACK: Adam Johnson (smet19) shot Henry Murray (oxidon) with the lead.
[21:53:44]OOC: Atarabashi Nihondzin/EditorRUS : SetFOV()
[21:53:45]EMOTE: Henry Murray/Oxidon : <B>Henry Murray</B> stops breathing...
[21:53:50]EMOTE: Moses Momomo/Randy Sandy : <B>Moses Momomo</B> snores.
[21:53:50]ADMIN: ATTACK: Adam Johnson (smet19) attacked Brienne (nyuu99) with Trencher MK2.
[21:53:52]EMOTE: Moses Momomo/Randy Sandy : <B>Moses Momomo</B> snores.
[21:53:56]EMOTE: Moses Momomo/Randy Sandy : <B>Moses Momomo</B> snores.
[21:53:56]ACCESS: Login: Hank667/(Hank667) from 94.233.190.25-1466714497 || BYOND v499
[21:53:57]ACCESS: Login: Hank667/(Hank667) from 94.233.190.25
[21:54:03]EMOTE: Graham Maclagan/Egorkor : <B>Graham Maclagan</B> snores.
[21:54:05]OOC: Morgan Bickerson/Catratcat : а, ок
[21:54:06]ACCESS: Logout: *no client*/(Hank667)
[21:54:06]ACCESS: Login: Hank667/(Hank Callison) from 94.233.190.25-1466714497 || BYOND v499
[21:54:06]ADMIN: ATTACK: Adam Johnson (smet19) disarmed Atarabashi Nihondzin (editorrus).
[21:54:08]EMOTE: Graham Maclagan/Egorkor : <B>Graham Maclagan</B> snores.
[21:54:09]EMOTE: Moses Momomo/Randy Sandy : <B>Moses Momomo</B> snores.
[21:54:11]EMOTE: Henry Murray/Oxidon : <B>Henry Murray</B> laughs.
[21:54:13]EMOTE: Henry Murray/Oxidon : <B>Henry Murray</B> laughs.
[21:54:13]GAME: Explosion with size (-1, -1, 2) in area Sewers 
[21:54:15]EMOTE: Henry Murray/Oxidon : <B>Henry Murray</B> gasps!
[21:54:15]EMOTE: Henry Murray/Oxidon : <B>Henry Murray</B> laughs.
[21:54:16]ACCESS: Logout: *no client*/(Morgan Bickerson)
[21:54:16]ACCESS: Login: Catratcat/(Morgan Bickerson) from 127.0.0.1-3781439013 || BYOND v498
[21:54:16]EMOTE: Henry Murray/Oxidon : <B>Henry Murray</B> laughs.
[21:54:18]EMOTE: Henry Murray/Oxidon : <B>Henry Murray</B> laughs.
[21:54:20]EMOTE: Henry Murray/Oxidon : <B>Henry Murray</B> laughs.
[21:54:21]EMOTE: Henry Murray/Oxidon : <B>Henry Murray</B> smiles.
[21:54:23]EMOTE: Henry Murray/Oxidon : <B>Henry Murray</B> giggles.
[21:54:26]EMOTE: Henry Murray/Oxidon : <B>Henry Murray</B> groans!
[21:54:26]ADMIN: HELP: Hank667/(Hank Callison): Кэт, что с анимацией?
[21:54:29]EMOTE: Henry Murray/Oxidon : <B>Henry Murray</B> claps.
[21:54:31]EMOTE: Henry Murray/Oxidon : <B>Henry Murray</B> claps.
[21:54:32]EMOTE: Henry Murray/Oxidon : <B>Henry Murray</B> claps.
[21:54:33]EMOTE: Henry Murray/Oxidon : <B>Henry Murray</B> laughs.
[21:54:34]ADMIN: PM: Catratcat/(Morgan Bickerson)->Hank667/(Hank Callison): все нормально
[21:54:35]ACCESS: Login: Redomine/(Redomine) from 188.244.46.5-2538650834 || BYOND v499
[21:54:35]ACCESS: Login: Redomine/(Redomine) from 188.244.46.5
[21:54:38]EMOTE: Graham Maclagan/Egorkor : <B>Graham Maclagan</B> snores.
[21:54:39]EMOTE: Henry Murray/Oxidon : <B>Henry Murray</B> screams!
[21:54:40]EMOTE: Graham Maclagan/Egorkor : <B>Graham Maclagan</B> snores.
[21:54:41]EMOTE: Henry Murray/Oxidon : <B>Henry Murray</B> screams!
[21:54:42]EMOTE: Graham Maclagan/Egorkor : <B>Graham Maclagan</B> snores.
[21:54:42]ADMIN: HELP: Hank667/(Hank Callison): Значит у мен&#255; глаз отвык.
[21:54:42]EMOTE: Henry Murray/Oxidon : <B>Henry Murray</B> screams!
[21:54:45]EMOTE: Graham Maclagan/Egorkor : <B>Graham Maclagan</B> snores.
[21:54:45]EMOTE: Henry Murray/Oxidon : <B>Henry Murray</B> screams!
[21:54:46]EMOTE: Henry Murray/Oxidon : <B>Henry Murray</B> loud call out.
[21:54:48]EMOTE: Henry Murray/Oxidon : <B>Henry Murray</B> loud call out.
[21:54:50]EMOTE: Henry Murray/Oxidon : <B>Henry Murray</B> loud call out.
[21:54:50]ACCESS: Logout: *no client*/(Redomine)
[21:54:50]ACCESS: Login: Redomine/(Trey Fischer) from 188.244.46.5-2538650834 || BYOND v499
[21:54:50]SAY: Leo Herz/OdSt_97 : Юно
[21:54:52]EMOTE: Moses Momomo/Randy Sandy : <B>Moses Momomo</B> snores.
[21:54:53]EMOTE: Henry Murray/Oxidon : <B>Henry Murray</B> loud call out.
[21:54:54]EMOTE: Moses Momomo/Randy Sandy : <B>Moses Momomo</B> snores.
[21:54:54]SAY: Adam Johnson/Smet19 : А
[21:54:57]EMOTE: Henry Murray/Oxidon : <B>Henry Murray</B> seizes up and falls limp, his eyes dead and lifeless...
[21:54:58]SAY: Leo Herz/OdSt_97 : Привет в общем
[21:54:58]SAY: Adam Johnson/Smet19 : Так это юно
[21:55:01]EMOTE: Moses Momomo/Randy Sandy : <B>Moses Momomo</B> snores.
[21:55:01]SAY: Adam Johnson/Smet19 : Я ее знаю
[21:55:04]ADMIN: HELP: Hank667/(Hank Callison): Новое освещение?
[21:55:05]EMOTE: Graham Maclagan/Egorkor : <B>Graham Maclagan</B> snores.
[21:55:05]EMOTE: Moses Momomo/Randy Sandy : <B>Moses Momomo</B> snores.
[21:55:05]SAY: Leo Herz/OdSt_97 : Я тоже
[21:55:05]SAY: Adam Johnson/Smet19 : ЮНО
[21:55:07]SAY: Adam Johnson/Smet19 : Ты так не пугай
[21:55:08]ACCESS: Logout: *no client*/(Henry Murray)
[21:55:08]ACCESS: Login: Oxidon/(Henry Murray) from 95.30.215.104-1007765461 || BYOND v499
[21:55:09]ACCESS: Logout: Moroz 10/(Nick Thompson)
[21:55:12]ADMIN: ATTACK: Morgan Bickerson (catratcat) attacked Benna Murcatto (lagius) with the metal parts.
[21:55:13]ADMIN: ATTACK: Morgan Bickerson (catratcat) attacked Benna Murcatto (lagius) with the metal parts.
[21:55:14]ADMIN: ATTACK: Morgan Bickerson (catratcat) attacked Benna Murcatto (lagius) with the metal parts.
[21:55:15]ADMIN: ATTACK: Morgan Bickerson (catratcat) attacked Benna Murcatto (lagius) with the metal parts.
[21:55:16]ADMIN: ATTACK: Brienne (nyuu99) primed a frag grenade.
[21:55:18]EMOTE: Moses Momomo/Randy Sandy : <B>Moses Momomo</B> snores.
[21:55:19]GAME: Explosion with size (-1, 0, 2) in area Central Primary Hallway 
[21:55:29]OOC: Benna Murcatto/Lagius : О, &#255; вижу прогресс есть
[21:55:31]VOTE: Voting to change mode started by Atarabashi Nihondzin/EditorRUS
[21:55:32]EMOTE: Moses Momomo/Randy Sandy : <B>Moses Momomo</B> snores.
[21:55:32]OOC: Trey Fischer/Redomine : Так гораздо лучше, чем с темнотой в анусе.
[21:55:34]EMOTE: Graham Maclagan/Egorkor : <B>Graham Maclagan</B> snores.
[21:55:35]EMOTE: Atarabashi Nihondzin/EditorRUS : <B>Atarabashi Nihondzin</B> is having trouble keeping their eyes open.
[21:55:36]ADMIN: ATTACK: Leo Herz (odst97) shot Brienne (nyuu99) with the Bullet.
[21:55:36]ADMIN: ATTACK: Leo Herz (odst97) shot Brienne (nyuu99) with the Bullet.
[21:55:38]ADMIN: ATTACK: Leo Herz (odst97) shot Brienne (nyuu99) with the Bullet.
[21:55:40]ADMIN: ATTACK: Leo Herz (odst97) shot Brienne (nyuu99) with the Bullet.
[21:55:41]EMOTE: Moses Momomo/Randy Sandy : <B>Moses Momomo</B> snores.
[21:55:45]EMOTE: Brienne/Nyuu99 : <B>Brienne</B> seizes up and falls limp, her eyes dead and lifeless...
[21:55:46]ADMIN: ATTACK: Leo Herz (odst97) shot Brienne (nyuu99) with the Bullet.
[21:55:46]ADMIN: ATTACK: Leo Herz (odst97) shot Brienne (nyuu99) with the Bullet.
[21:55:48]EMOTE: Brienne/Nyuu99 : <B>Brienne</B> screams!
[21:55:49]ADMIN: Mode voting toggled to Off by Catratcat/(Morgan Bickerson).
[21:55:49]OOC: Atarabashi Nihondzin/EditorRUS : Бл&#255;
[21:55:51]OOC: Trey Fischer/Redomine : И почему &#255; вижу приведений?
[21:55:54]EMOTE: Brienne/Nyuu99 : <B>Brienne</B> stops breathing...
[21:55:55]OOC: Hank Callison/Hank667 : То самое освещение? Круто.
[21:55:58]GAME: Explosion with size (-1, -1, 2) in area Sewers 
[21:55:59]OOC: Morgan Bickerson/Catratcat : ПОтому, что баг
[21:56:01]EMOTE: Graham Maclagan/Egorkor : <B>Graham Maclagan</B> snores.
[21:56:11]EMOTE: Graham Maclagan/Egorkor : <B>Graham Maclagan</B> snores.
[21:56:12]EMOTE: Moses Momomo/Randy Sandy : <B>Moses Momomo</B> snores.
[21:56:16]EMOTE: Graham Maclagan/Egorkor : <B>Graham Maclagan</B> snores.
[21:56:19]EMOTE: Graham Maclagan/Egorkor : <B>Graham Maclagan</B> snores.
[21:56:20]ACCESS: Login: Robust Grifferman/(Robust Grifferman) from 92.50.143.254-79453843 || BYOND v499
[21:56:20]ACCESS: Login: Robust Grifferman/(Robust Grifferman) from 92.50.143.254
[21:56:28]OOC: Atarabashi Nihondzin/EditorRUS : Реген быстрый
[21:56:28]EMOTE: Graham Maclagan/Egorkor : <B>Graham Maclagan</B> snores.
[21:56:28]OOC: Brienne/Nyuu99 : Кэт. Убери ФОВ. Совсем.
[21:56:29]OOC: Atarabashi Nihondzin/EditorRUS : ОЧЕ быстрый
[21:56:41]VOTE: Voting closed, result was nuclear
[21:56:43]OOC: Atarabashi Nihondzin/EditorRUS : Врем&#255; весель&#255;
[21:56:45]EMOTE: Moses Momomo/Randy Sandy : <B>Moses Momomo</B> snores.
[21:56:46]EMOTE: Graham Maclagan/Egorkor : <B>Graham Maclagan</B> snores.
[21:56:51]OOC: Morgan Bickerson/Catratcat : мудила
[21:56:51]GAME: Rebooting due to mode vote
[21:56:51]ACCESS: Logout: Catratcat/(Morgan Bickerson)
[21:56:51]ACCESS: Logout: Smet19/(Adam Johnson)
[21:56:51]ACCESS: Logout: Redomine/(Trey Fischer)
[21:56:51]ACCESS: Logout: Robust Grifferman/(Robust Grifferman)
[21:56:51]ACCESS: Logout: EditorRUS/(Atarabashi Nihondzin)
[21:56:51]ACCESS: Logout: OdSt_97/(Leo Herz)
[21:56:51]ACCESS: Logout: Nyuu99/(Brienne)
[21:56:51]ACCESS: Logout: Olidood/(Jack Taylor)
[21:56:51]ACCESS: Logout: Oxidon/(Henry Murray)
[21:56:51]ACCESS: Logout: Hank667/(Hank Callison)
[21:56:51]ACCESS: Logout: Lagius/(Benna Murcatto)


Starting up. 21:56.58
---------------------

[21:56:58]ADMIN: Loading jobban_rank
[21:56:58]ADMIN: jobban_keylist was empty
[21:56:58]ADMIN: Updating jobbanfile!
[21:56:58]ADMIN: Loading Banlist
Reading donators.txt
[21:57:29]ACCESS: Login: Catratcat/(Catratcat) from 127.0.0.1-3781439013 || BYOND v498
[21:57:29]ACCESS: Login: Catratcat/(Catratcat) from 127.0.0.1
[21:57:32]ACCESS: Login: Smet19/(Smet19) from 37.145.210.245-3272461766 || BYOND v498
[21:57:32]ACCESS: Login: Smet19/(Smet19) from 37.145.210.245
[21:57:38]ACCESS: Login: OdSt_97/(OdSt_97) from 80.250.78.232-2019073278 || BYOND v498
[21:57:38]ACCESS: Login: OdSt_97/(OdSt_97) from 80.250.78.232
[21:57:54]OOC: Smet19/Smet19 : Жидор пидорнул раунд
[21:58:07]OOC: OdSt_97/OdSt_97 : Ye lf
[21:58:10]ACCESS: Login: Hank667/(Hank667) from 94.233.190.25-1466714497 || BYOND v499
[21:58:10]ACCESS: Login: Hank667/(Hank667) from 94.233.190.25
[21:58:10]OOC: OdSt_97/OdSt_97 : Ну да
[21:58:11]ADMIN: Catratcat/(Catratcat) delayed the game.
[21:58:24]OOC: OdSt_97/OdSt_97 : А при чем туту нюка?
[21:58:26]OOC: Smet19/Smet19 : Режимы автоматом не пашут?
[21:58:36]OOC: Catratcat/Catratcat : Многие не работают
[21:58:43]ADMIN: Catratcat/(Catratcat) removed the delay.
[21:58:43]OOC: Hank667/Hank667 : Их вроде нет вообще.
[21:58:44]OOC: Smet19/Smet19 : Какие пашут:
[21:58:53]OOC: OdSt_97/OdSt_97 : Голосовалку как и режимы можно отключать же.
[21:58:54]OOC: Catratcat/Catratcat : культ. Чейнджлинг
[21:58:55]OOC: Smet19/Smet19 : Андреев,бери главу
[21:59:01]OOC: Hank667/Hank667 : Вз&#255;л уже.
[21:59:04]OOC: Smet19/Smet19 : А нюка вообще не пашет?
[21:59:10]OOC: OdSt_97/OdSt_97 : Да.
[21:59:12]OOC: Catratcat/Catratcat : не пашет
[21:59:15]OOC: OdSt_97/OdSt_97 : Тот же вопрос
[21:59:17]OOC: Hank667/Hank667 : Как по-твоему они буду спавнитс&#255;?
[21:59:19]ACCESS: Logout: *no client*/(Catratcat)
[21:59:19]ACCESS: Login: Catratcat/(ghost) from 127.0.0.1-3781439013 || BYOND v498
[21:59:24]ACCESS: Login: Redomine/(Redomine) from 188.244.46.5-2538650834 || BYOND v499
[21:59:24]ACCESS: Login: Redomine/(Redomine) from 188.244.46.5
[21:59:24]OOC: Smet19/Smet19 : Поставь культ
[21:59:30]OOC: OdSt_97/OdSt_97 : Лендмаки же.
[21:59:30]OOC: Hank667/Hank667 : Чейнж же.
[21:59:31]ACCESS: Login: Nyuu99/(Nyuu99) from 178.90.33.32-1826058117 || BYOND v498
[21:59:31]ACCESS: Login: Nyuu99/(Nyuu99) from 178.90.33.32
[21:59:48]OOC: Morgan Bickerson/Catratcat : Насчет ФОВа. Почему вы утверждали, что мобов за спиной видно?
[21:59:48]OOC: Hank667/Hank667 : Какого
[21:59:57]OOC: Hank667/Hank667 : Когда это упал онлайн на флеге?
[22:00:01]OOC: OdSt_97/OdSt_97 : Видно
[22:00:04]OOC: Redomine/Redomine : Кэт, расширь поле зрение за спиной на один тайтл. потому что маленькие проблемы с шмонанием тел
[22:00:05]OOC: Nyuu99/Nyuu99 : Без ограничени&#255; поворотов и каких-то штрафов за них это пиздец
[22:00:09]OOC: OdSt_97/OdSt_97 : Я собак и юно видел
[22:00:13]OOC: OdSt_97/OdSt_97 : Долго
[22:00:27]ADMIN: HELP: Hank667/(Hank667): Режим
[22:00:30]ADMIN: HELP: Hank667/(Hank667): Смени режим
[22:00:33]OOC: Redomine/Redomine : Алсо. Хэнк - хуенк
[22:00:41]ADMIN: PM: Catratcat/(Morgan Bickerson)->Hank667/(Hank667): какой?
[22:00:53]ADMIN: Catratcat/(Morgan Bickerson) used secret check_antagonist
[22:00:57]ADMIN: HELP: Hank667/(Hank667): Любой, у теб&#255; нюка стоит
[22:00:58]OOC: Smet19/Smet19 : Видно
[22:01:03]ADMIN: Catratcat/(Morgan Bickerson) set the mode as extended.
[22:01:03]OOC: Smet19/Smet19 : Во врем&#255; бо&#255; не пропадают
[22:01:07]ADMIN: Catratcat has started the game.
[22:01:07]OOC: Hank667/Hank667 : А то :3
[22:01:08]ACCESS: Logout: *no client*/(Redomine)
[22:01:08]ACCESS: Login: Redomine/(Elias Beach) from 188.244.46.5-2538650834 || BYOND v499
[22:01:08]ACCESS: Logout: *no client*/(Smet19)
[22:01:08]ACCESS: Login: Smet19/(Adam Johnson) from 37.145.210.245-3272461766 || BYOND v498
[22:01:08]ACCESS: Logout: *no client*/(OdSt_97)
[22:01:08]ACCESS: Login: OdSt_97/(Leo Herz) from 80.250.78.232-2019073278 || BYOND v498
[22:01:08]ACCESS: Logout: *no client*/(Hank667)
[22:01:08]ACCESS: Login: Hank667/(Hank Callison) from 94.233.190.25-1466714497 || BYOND v499
[22:01:08]ACCESS: Logout: *no client*/(Nyuu99)
[22:01:08]ACCESS: Login: Nyuu99/(Benna) from 178.90.33.32-1826058117 || BYOND v498
[22:01:25]ACCESS: Login: Lagius/(Lagius) from 93.175.7.38-1863371033 || BYOND v496
[22:01:25]ACCESS: Login: Lagius/(Lagius) from 93.175.7.38
[22:01:28]ACCESS: Login: Oxidon/(Oxidon) from 95.30.215.104-1007765461 || BYOND v499
[22:01:28]ACCESS: Login: Oxidon/(Oxidon) from 95.30.215.104
[22:01:35]OOC: Morgan Bickerson/Catratcat : странно. Сколько тестирповал пропадали
[22:01:36]ACCESS: Logout: *no client*/(Oxidon)
[22:01:36]ACCESS: Login: Oxidon/(Marcus Chapman) from 95.30.215.104-1007765461 || BYOND v499
[22:01:37]ACCESS: Logout: *no client*/(Lagius)
[22:01:37]ACCESS: Login: Lagius/(Benna Murcatto) from 93.175.7.38-1863371033 || BYOND v496
[22:01:40]ADMIN: HELP: Hank667/(Hank Callison): Когда успел упасть гребанный онлайн?
[22:01:46]ADMIN: PM: Catratcat/(Morgan Bickerson)->Hank667/(Hank Callison): не знаю
[22:02:03]ADMIN: HELP: Hank667/(Hank Callison): Но все выгл&#255;дит круто.
[22:02:04]SAY: Marcus Chapman/Oxidon : A-APPLES!
[22:02:09]SAY: Adam Johnson/Smet19 : Опосайтесь юно
[22:02:12]ACCESS: Logout: Oxidon/(Marcus Chapman)
[22:02:13]SAY: Adam Johnson/Smet19 : Она вас пидорнет
[22:02:13]EMOTE: Marcus Chapman/Oxidon : <B>Marcus Chapman</B> snores.
[22:02:16]EMOTE: Marcus Chapman/Oxidon : <B>Marcus Chapman</B> snores.
[22:02:20]EMOTE: Marcus Chapman/Oxidon : <B>Marcus Chapman</B> snores.
[22:02:20]ADMIN: ATTACK: Elias Beach (redomine) implanted Elias Beach (redomine) with Nanoaugmentation Implaner (Short-range Psionic Radar).
[22:02:21]SAY: Benna/Nyuu99 : Окей
[22:02:27]EMOTE: Marcus Chapman/Oxidon : <B>Marcus Chapman</B> snores.
[22:02:29]EMOTE: Marcus Chapman/Oxidon : <B>Marcus Chapman</B> twitches violently.
[22:02:31]ADMIN: ATTACK: Elias Beach (redomine) implanted Elias Beach (redomine) with Nanoaugmentation Implaner (Regenerative Nanobots).
[22:02:32]ADMIN: Catratcat/(Morgan Bickerson) has turned their invisibility ON
[22:02:39]EMOTE: Marcus Chapman/Oxidon : <B>Marcus Chapman</B> snores.
[22:02:40]ADMIN: HELP: Hank667/(Hank Callison): Сам освещение делал?
[22:02:44]EMOTE: Benna Murcatto/Lagius : <B>Benna Murcatto</B> screams!
[22:02:49]ADMIN: PM: Catratcat/(Morgan Bickerson)->Hank667/(Hank Callison): какое? День-ночь? да
[22:02:59]EMOTE: Marcus Chapman/Oxidon : <B>Marcus Chapman</B> snores.
[22:03:00]EMOTE: Benna Murcatto/Lagius : <B>Benna Murcatto</B> seizes up and falls limp, his eyes dead and lifeless...
[22:03:04]ADMIN: HELP: Hank667/(Hank Callison): А за спиной темнота. Ты тоже?
[22:03:05]EMOTE: Marcus Chapman/Oxidon : <B>Marcus Chapman</B> snores.
[22:03:06]EMOTE: Marcus Chapman/Oxidon : <B>Marcus Chapman</B> snores.
[22:03:06]ACCESS: Logout: *no client*/(Benna Murcatto)
[22:03:06]ACCESS: Login: Lagius/(Benna Murcatto) from 93.175.7.38-1863371033 || BYOND v496
[22:03:25]SAY: Hank Callison/Hank667 : Господа.
[22:03:26]EMOTE: Marcus Chapman/Oxidon : <B>Marcus Chapman</B> snores.
[22:03:32]SAY: Hank Callison/Hank667 : Чем мы займемс&#255; сегодн&#255;?
[22:03:36]EMOTE: Marcus Chapman/Oxidon : <B>Marcus Chapman</B> snores.
[22:03:39]SAY: Adam Johnson/Smet19 : Как и обычно Хенки
[22:03:41]SAY: Benna/Nyuu99 : I SEE DEAD PEOPLE
[22:03:43]ADMIN: PM: Catratcat/(Morgan Bickerson)->Hank667/(Hank Callison): да
[22:03:51]SAY: Adam Johnson/Smet19 : Попробуем захватить мир
[22:04:02]SAY: Adam Johnson/Smet19 : И да
[22:04:05]EMOTE: Marcus Chapman/Oxidon : <B>Marcus Chapman</B> snores.
[22:04:06]EMOTE: Marcus Chapman/Oxidon : <B>Marcus Chapman</B> snores.
[22:04:06]SAY: Adam Johnson/Smet19 : Все вид&#255;т их
[22:04:08]ADMIN: ATTACK: Benna (nyuu99) shot Hank Callison (hank667) with the Bullet.
[22:04:10]EMOTE: Hank Callison/Hank667 : <B>Hank Callison</B> screams!
[22:04:11]EMOTE: Hank Callison/Hank667 : <B>Hank Callison</B> screams!
[22:04:12]ADMIN: ATTACK: Benna (nyuu99) shot Unknown as (Hank Callison) (hank667) with the Bullet.
[22:04:13]EMOTE: Unknown as (Hank Callison)/Hank667 : <B>Unknown as (Hank Callison)</B> screams!
[22:04:14]EMOTE: Unknown as (Hank Callison)/Hank667 : <B>Unknown as (Hank Callison)</B> screams!
[22:04:14]ADMIN: ATTACK: Benna (nyuu99) shot Unknown as (Hank Callison) (hank667) with the Bullet.
[22:04:14]EMOTE: Unknown as (Hank Callison)/Hank667 : <B>Unknown as (Hank Callison)</B> seizes up and falls limp, his eyes dead and lifeless...
[22:04:24]ADMIN: HELP: Hank667/(Hank Callison): Эм.
[22:04:27]ADMIN: HELP: Hank667/(Hank Callison): Круто.
[22:04:30]ACCESS: Logout: *no client*/(Hank Callison)
[22:04:30]ACCESS: Login: Hank667/(Unknown as (Hank Callison)) from 94.233.190.25-1466714497 || BYOND v499
[22:04:31]EMOTE: Marcus Chapman/Oxidon : <B>Marcus Chapman</B> twitches violently.
[22:04:31]EMOTE: Marcus Chapman/Oxidon : <B>Marcus Chapman</B> snores.
[22:04:31]SAY: Benna/Nyuu99 : Это
[22:04:32]ADMIN: Catratcat/(Morgan Bickerson) jumped to *no client*/(Hank Callison)
[22:04:33]SAY: Benna/Nyuu99 : Там траблы
[22:04:39]ADMIN: HELP: Hank667/(Unknown as (Hank Callison)): Глава убил глава
[22:04:40]ADMIN: ATTACK: Benna (nyuu99) shot Adam Johnson (smet19) with the Bullet.
[22:04:40]EMOTE: Marcus Chapman/Oxidon : <B>Marcus Chapman</B> snores.
[22:04:41]EMOTE: Adam Johnson/Smet19 : <B>Adam Johnson</B> screams!
[22:04:42]ADMIN: HELP: Hank667/(Unknown as (Hank Callison)): *главу
[22:04:42]EMOTE: Adam Johnson/Smet19 : <B>Adam Johnson</B> screams!
[22:04:43]ADMIN: ATTACK: Benna (nyuu99) shot Unknown as (Adam Johnson) (smet19) with the Bullet.
[22:04:44]EMOTE: Unknown as (Adam Johnson)/Smet19 : <B>Unknown as (Adam Johnson)</B> screams!
[22:04:44]ADMIN: ATTACK: Benna (nyuu99) shot Unknown as (Adam Johnson) (smet19) with the Bullet.
[22:04:44]EMOTE: Unknown as (Adam Johnson)/Smet19 : <B>Unknown as (Adam Johnson)</B> seizes up and falls limp, his eyes dead and lifeless...
[22:04:45]EMOTE: Unknown as (Adam Johnson)/Smet19 : <B>Unknown as (Adam Johnson)</B> screams!
[22:04:49]SAY: Benna/Nyuu99 : Дебил, епта
[22:04:50]ACCESS: Logout: *no client*/(Adam Johnson)
[22:04:50]ACCESS: Login: Smet19/(Unknown as (Adam Johnson)) from 37.145.210.245-3272461766 || BYOND v498
[22:04:59]OOC: Adam Johnson/Smet19 : Да ты охуел
[22:05:06]OOC: Adam Johnson/Smet19 : Хули своих уебываешь?
[22:05:10]EMOTE: Marcus Chapman/Oxidon : <B>Marcus Chapman</B> snores.
[22:05:12]EMOTE: Marcus Chapman/Oxidon : <B>Marcus Chapman</B> snores.
[22:05:13]OOC: Hank Callison/Hank667 : Фух.
[22:05:19]OOC: Leo Herz/OdSt_97 : Это кто такой?
[22:05:23]OOC: Hank Callison/Hank667 : Я уже подумал, что мен&#255; одного хуесос&#255;т.
[22:05:25]OOC: Adam Johnson/Smet19 : Пидорните Бенна
[22:05:27]OOC: Morgan Bickerson/Catratcat : Ню
[22:05:30]OOC: Benna/Nyuu99 : Чо
[22:05:44]OOC: Morgan Bickerson/Catratcat : Это ответ на вопрос
[22:05:49]OOC: Benna/Nyuu99 : Я отстрелил две головы и стал хоз&#255;ином бункера, все ок
[22:05:57]OOC: Adam Johnson/Smet19 : Ты бл&#255; поехавший
[22:06:03]OOC: Adam Johnson/Smet19 : Смысл пидорить своих?
[22:06:03]ACCESS: Login: AleksCr/(AleksCr) from 188.134.4.206-2729272358 || BYOND v498
[22:06:03]ACCESS: Login: AleksCr/(AleksCr) from 188.134.4.206
[22:06:05]EMOTE: Marcus Chapman/Oxidon : <B>Marcus Chapman</B> snores.
[22:06:08]OOC: Adam Johnson/Smet19 : Бункер и так твой
[22:06:10]ACCESS: Logout: *no client*/(AleksCr)
[22:06:10]ACCESS: Login: AleksCr/(Nena Lord) from 188.134.4.206-2729272358 || BYOND v498
[22:06:19]OOC: Benna/Nyuu99 : не свой ты мне, гнида смолгейска&#255;
[22:06:24]ACCESS: Logout: Lagius/(Benna Murcatto)
[22:06:26]ACCESS: Login: Lagius/(Benna Murcatto) from 93.175.7.38-1863371033 || BYOND v496
[22:06:26]ACCESS: Login: Lagius/(Benna Murcatto) from 93.175.7.38
[22:06:29]EMOTE: Marcus Chapman/Oxidon : <B>Marcus Chapman</B> snores.
[22:06:30]EMOTE: Marcus Chapman/Oxidon : <B>Marcus Chapman</B> snores.
[22:06:31]OOC: Adam Johnson/Smet19 : Ебать ты Нуй
[22:06:34]EMOTE: Marcus Chapman/Oxidon : <B>Marcus Chapman</B> snores.
[22:06:36]OOC: Adam Johnson/Smet19 : Зр&#255; голосовал за теб&#255;
[22:06:38]EMOTE: Marcus Chapman/Oxidon : <B>Marcus Chapman</B> snores.
[22:07:05]EMOTE: Marcus Chapman/Oxidon : <B>Marcus Chapman</B> snores.
[22:07:16]EMOTE: Marcus Chapman/Oxidon : <B>Marcus Chapman</B> snores.
[22:07:19]EMOTE: Marcus Chapman/Oxidon : <B>Marcus Chapman</B> snores.
[22:07:21]EMOTE: Marcus Chapman/Oxidon : <B>Marcus Chapman</B> snores.
[22:07:25]OOC: Hank Callison/Hank667 : Голосовал?
[22:07:25]EMOTE: Marcus Chapman/Oxidon : <B>Marcus Chapman</B> snores.
[22:07:31]OOC: Adam Johnson/Smet19 : Выборы же
[22:07:33]OOC: Hank Callison/Hank667 : Где Шепард?
[22:07:35]OOC: Adam Johnson/Smet19 : Шнур был прав
[22:07:42]OOC: Hank Callison/Hank667 : Только не говорите
[22:07:48]OOC: Adam Johnson/Smet19 : Андреев,ты же уже читал про шепарда
[22:07:48]OOC: Hank Callison/Hank667 : Что Морфей вернулс&#255;
[22:07:53]EMOTE: Marcus Chapman/Oxidon : <B>Marcus Chapman</B> snores.
[22:08:01]OOC: Hank Callison/Hank667 : Я думал он вернулс&#255;
[22:08:10]EMOTE: Marcus Chapman/Oxidon : <B>Marcus Chapman</B> twitches violently.
[22:08:10]OOC: Hank Callison/Hank667 : Через день
[22:08:12]ADMIN: Catratcat/(Morgan Bickerson) jumped to Lagius/(Benna Murcatto)
[22:08:13]OOC: Adam Johnson/Smet19 : Не,морфей вернулс&#255;
[22:08:16]EMOTE: Marcus Chapman/Oxidon : <B>Marcus Chapman</B> snores.
[22:08:19]EMOTE: Marcus Chapman/Oxidon : <B>Marcus Chapman</B> snores.
[22:08:33]OOC: Hank Callison/Hank667 : А &#255; то думаю.
[22:08:35]OOC: Hank Callison/Hank667 : [20:13:42] Viol: Кстати, а не желаете ли пожертвовать пару серебр&#255;нников на благо русской демократии?
[22:08:45]OOC: Benna/Nyuu99 : Тридцать.
[22:08:57]EMOTE: Marcus Chapman/Oxidon : <B>Marcus Chapman</B> snores.
[22:09:06]EMOTE: Marcus Chapman/Oxidon : <B>Marcus Chapman</B> snores.
[22:09:26]EMOTE: Marcus Chapman/Oxidon : <B>Marcus Chapman</B> snores.
[22:09:28]GAME: Explosion with size (-1, -1, 2) in area Sewers 
[22:09:43]EMOTE: Marcus Chapman/Oxidon : <B>Marcus Chapman</B> snores.
[22:09:49]OOC: Adam Johnson/Smet19 : Ты даже 14 рублей не смог достать
[22:09:53]OOC: Adam Johnson/Smet19 : Хот&#255; нет
[22:09:56]OOC: Adam Johnson/Smet19 : Только их и смог
[22:10:06]EMOTE: Marcus Chapman/Oxidon : <B>Marcus Chapman</B> snores.
[22:10:09]EMOTE: Marcus Chapman/Oxidon : <B>Marcus Chapman</B> snores.
[22:10:14]EMOTE: Marcus Chapman/Oxidon : <B>Marcus Chapman</B> snores.
[22:10:24]GAME: Explosion with size (-1, -1, 2) in area Sewers 
[22:10:35]EMOTE: Marcus Chapman/Oxidon : <B>Marcus Chapman</B> snores.
[22:10:40]EMOTE: Marcus Chapman/Oxidon : <B>Marcus Chapman</B> snores.
[22:10:46]EMOTE: Marcus Chapman/Oxidon : <B>Marcus Chapman</B> snores.
[22:10:50]ADMIN: ATTACK: Benna (nyuu99) shot Leo Herz (odst97) with the lead.
[22:10:51]ADMIN: ATTACK: Leo Herz (odst97) attacked Benna (nyuu99) with the balisong knife.
[22:10:53]ADMIN: ATTACK: Leo Herz (odst97) attacked Benna (nyuu99) with the balisong knife.
[22:10:57]ADMIN: ATTACK: Leo Herz (odst97) attacked Benna (nyuu99) with the balisong knife.
[22:10:57]EMOTE: Marcus Chapman/Oxidon : <B>Marcus Chapman</B> snores.
[22:10:58]ADMIN: ATTACK: Leo Herz (odst97) attacked Benna (nyuu99) with the balisong knife.
[22:11:00]ADMIN: ATTACK: Leo Herz (odst97) attacked Benna (nyuu99) with the balisong knife.
[22:11:01]ADMIN: ATTACK: Leo Herz (odst97) attacked Benna (nyuu99) with the balisong knife.
[22:11:02]ADMIN: ATTACK: Leo Herz (odst97) attacked Benna (nyuu99) with the balisong knife.
[22:11:04]ADMIN: ATTACK: Leo Herz (odst97) attacked Benna (nyuu99) with the balisong knife.
[22:11:04]EMOTE: Benna/Nyuu99 : <B>Benna</B> seizes up and falls limp, his eyes dead and lifeless...
[22:11:05]ADMIN: ATTACK: Leo Herz (odst97) attacked Benna (nyuu99) with the balisong knife.
[22:11:07]EMOTE: Marcus Chapman/Oxidon : <B>Marcus Chapman</B> snores.
[22:11:08]EMOTE: Marcus Chapman/Oxidon : <B>Marcus Chapman</B> snores.
[22:11:14]SAY: Leo Herz/OdSt_97 : уродец
[22:11:18]SAY: Leo Herz/OdSt_97 : Ну и ладно
[22:11:23]EMOTE: Marcus Chapman/Oxidon : <B>Marcus Chapman</B> snores.
[22:11:27]ADMIN: ATTACK: Benna (nyuu99) shot Leo Herz (odst97) with the Bullet.
[22:11:28]ADMIN: ATTACK: Benna (nyuu99) shot Leo Herz (odst97) with the Bullet.
[22:11:28]EMOTE: Leo Herz/OdSt_97 : <B>Leo Herz</B> stops breathing...
[22:11:29]EMOTE: Leo Herz/OdSt_97 : <B>Leo Herz</B> screams!
[22:11:30]EMOTE: Leo Herz/OdSt_97 : <B>Leo Herz</B> screams!
[22:11:33]ADMIN: ATTACK: Benna (nyuu99) shot Unknown (odst97) with the Bullet.
[22:11:35]EMOTE: Unknown/OdSt_97 : <B>Unknown</B> screams!
[22:11:36]ADMIN: ATTACK: Benna (nyuu99) shot Unknown (odst97) with the Bullet.
[22:11:36]EMOTE: Unknown/OdSt_97 : <B>Unknown</B> seizes up and falls limp, his eyes dead and lifeless...
[22:11:36]EMOTE: Unknown/OdSt_97 : <B>Unknown</B> screams!
[22:11:42]SAY: Benna/Nyuu99 : Вот ебланище
[22:11:51]ACCESS: Logout: Lagius/(Benna Murcatto)
[22:11:52]ADMIN: ATTACK: Benna (nyuu99) primed a frag grenade.
[22:11:54]SAY: Elias Beach/Redomine : СЪЕБИ
[22:11:55]EMOTE: Marcus Chapman/Oxidon : <B>Marcus Chapman</B> snores.
[22:11:55]GAME: Explosion with size (-1, 0, 2) in area Cafeteria 
[22:12:11]EMOTE: Marcus Chapman/Oxidon : <B>Marcus Chapman</B> twitches violently.
[22:12:15]EMOTE: Marcus Chapman/Oxidon : <B>Marcus Chapman</B> snores.
[22:12:16]ACCESS: Logout: OdSt_97/(Leo Herz)
[22:12:25]EMOTE: Marcus Chapman/Oxidon : <B>Marcus Chapman</B> snores.
[22:12:38]EMOTE: Marcus Chapman/Oxidon : <B>Marcus Chapman</B> snores.
[22:12:39]EMOTE: Marcus Chapman/Oxidon : <B>Marcus Chapman</B> snores.
[22:12:51]EMOTE: Marcus Chapman/Oxidon : <B>Marcus Chapman</B> snores.
[22:13:01]EMOTE: Marcus Chapman/Oxidon : <B>Marcus Chapman</B> snores.
[22:13:02]OOC: Benna/Nyuu99 : Короче, в боевке ФОВ такого типа - автофейл
[22:13:09]OOC: Benna/Nyuu99 : Его надо полностью мен&#255;ть
[22:13:14]OOC: Morgan Bickerson/Catratcat : как?
[22:13:22]OOC: Benna/Nyuu99 : Чуть уменьшить скорость
[22:13:23]OOC: Morgan Bickerson/Catratcat : предложени&#255;
[22:13:26]EMOTE: Benna/Nyuu99 : <B>Benna</B> is having trouble keeping their eyes open.
[22:13:28]OOC: Benna/Nyuu99 : штрафы на скорость при поворотах тела
[22:13:32]EMOTE: Marcus Chapman/Oxidon : <B>Marcus Chapman</B> snores.
[22:13:35]EMOTE: Marcus Chapman/Oxidon : <B>Marcus Chapman</B> snores.
[22:13:35]ADMIN: ATTACK: Benna (nyuu99) shot Benna (nyuu99) point blank with the Handy MK2.
[22:13:36]ADMIN: ATTACK: Benna (nyuu99) punched Benna (nyuu99).
[22:13:38]EMOTE: Benna/Nyuu99 : <B>Benna</B> screams!
[22:13:38]EMOTE: Benna/Nyuu99 : <B>Benna</B> seizes up and falls limp, his eyes dead and lifeless...
[22:13:42]ACCESS: Logout: *no client*/(Benna)
[22:13:42]ACCESS: Login: Nyuu99/(Unknown as (Benna)) from 178.90.33.32-1826058117 || BYOND v498
[22:13:43]OOC: Adam Johnson/Smet19 : И на минуту при попадании в голый участок тела
[22:13:52]OOC: Adam Johnson/Smet19 : Пули всмысле
[22:13:53]EMOTE: Marcus Chapman/Oxidon : <B>Marcus Chapman</B> snores.
[22:13:54]EMOTE: Marcus Chapman/Oxidon : <B>Marcus Chapman</B> snores.
[22:13:55]OOC: Morgan Bickerson/Catratcat : Так вчера наоборот жаловались, что мелдленно поворачивает
[22:14:00]OOC: Benna/Nyuu99 : Что ты несешь поехавший
[22:14:06]OOC: Benna/Nyuu99 : Поворачивать-то пусть быстро
[22:14:13]EMOTE: Marcus Chapman/Oxidon : <B>Marcus Chapman</B> snores.
[22:14:14]OOC: Benna/Nyuu99 : Но скорость при этом  должна сбрасыватьс&#255;
[22:14:31]OOC: Benna/Nyuu99 : Алсо, нужны ЗВУКИ шагов
[22:14:32]EMOTE: Marcus Chapman/Oxidon : <B>Marcus Chapman</B> snores.
[22:14:34]OOC: Benna/Nyuu99 : нутыпонел
[22:14:45]OOC: Morgan Bickerson/Catratcat : визуализаци&#255; звуков?
[22:14:45]OOC: Benna/Nyuu99 : видимые звуки
[22:14:48]OOC: Morgan Bickerson/Catratcat : ага
[22:14:50]EMOTE: Marcus Chapman/Oxidon : <B>Marcus Chapman</B> snores.
[22:15:00]EMOTE: Marcus Chapman/Oxidon : <B>Marcus Chapman</B> snores.
[22:15:03]EMOTE: Marcus Chapman/Oxidon : <B>Marcus Chapman</B> snores.
[22:15:03]ADMIN: ATTACK: Elias Beach (redomine) disarmed Nena Lord (alekscr).
[22:15:07]ADMIN: ATTACK: Elias Beach (redomine) attacked Nena Lord (alekscr) with the fire extinguisher.
[22:15:09]ADMIN: ATTACK: Elias Beach (redomine) attacked Nena Lord (alekscr) with the fire extinguisher.
[22:15:12]ADMIN: ATTACK: Elias Beach (redomine) attacked Nena Lord (alekscr) with the fire extinguisher.
[22:15:13]EMOTE: Nena Lord/AleksCr : <B>Nena Lord</B> screams!
[22:15:13]ADMIN: ATTACK: Elias Beach (redomine) attacked Nena Lord (alekscr) with the fire extinguisher.
[22:15:14]EMOTE: Nena Lord/AleksCr : <B>Nena Lord</B> screams!
[22:15:14]EMOTE: Unknown/AleksCr : <B>Nena Lord</B> screams!
[22:15:14]ADMIN: ATTACK: Elias Beach (redomine) attacked Unknown (alekscr) with the fire extinguisher.
[22:15:15]EMOTE: Unknown/AleksCr : <B>Unknown</B> screams!
[22:15:15]EMOTE: Unknown/AleksCr : <B>Unknown</B> screams!
[22:15:15]ADMIN: ATTACK: Elias Beach (redomine) attacked Unknown (alekscr) with the fire extinguisher.
[22:15:16]EMOTE: Unknown/AleksCr : <B>Unknown</B> screams!
[22:15:16]EMOTE: Unknown/AleksCr : <B>Unknown</B> screams!
[22:15:16]ADMIN: ATTACK: Elias Beach (redomine) attacked Unknown (alekscr) with the fire extinguisher.
[22:15:17]EMOTE: Unknown/AleksCr : <B>Unknown</B> screams!
[22:15:17]EMOTE: Unknown/AleksCr : <B>Unknown</B> screams!
[22:15:17]ADMIN: ATTACK: Elias Beach (redomine) attacked Unknown (alekscr) with the fire extinguisher.
[22:15:18]EMOTE: Unknown/AleksCr : <B>Unknown</B> screams!
[22:15:18]EMOTE: Unknown/AleksCr : <B>Unknown</B> seizes up and falls limp, her eyes dead and lifeless...
[22:15:18]EMOTE: Unknown/AleksCr : <B>Unknown</B> screams!
[22:15:18]EMOTE: Unknown/AleksCr : <B>Unknown</B> screams!
[22:15:19]ADMIN: ATTACK: Elias Beach (redomine) attacked Unknown (alekscr) with the fire extinguisher.
[22:15:21]ADMIN: ATTACK: Elias Beach (redomine) attacked Unknown (alekscr) with the fire extinguisher.
[22:15:22]ACCESS: Logout: *no client*/(Nena Lord)
[22:15:22]ACCESS: Login: AleksCr/(Unknown) from 188.134.4.206-2729272358 || BYOND v498
[22:15:29]SAY: Ghost/Smet19 : Юно пидорнулм
[22:15:31]SAY: Ghost/Smet19 : Оп&#255;ть
[22:15:36]GAME: Adam Johnson/Smet19 used abandon mob.
[22:15:36]ACCESS: Logout: *no client*/(Unknown as (Adam Johnson))
[22:15:36]ACCESS: Login: Smet19/(new player) from 37.145.210.245-3272461766 || BYOND v498
[22:15:40]EMOTE: Marcus Chapman/Oxidon : <B>Marcus Chapman</B> snores.
[22:15:44]EMOTE: Marcus Chapman/Oxidon : <B>Marcus Chapman</B> snores.
[22:15:50]EMOTE: Marcus Chapman/Oxidon : <B>Marcus Chapman</B> snores.
[22:15:51]ACCESS: Logout: *no client*/(new player)
[22:15:51]ACCESS: Login: Smet19/(Adam Johnson) from 37.145.210.245-3272461766 || BYOND v498
[22:15:52]EMOTE: Marcus Chapman/Oxidon : <B>Marcus Chapman</B> snores.
[22:15:58]ACCESS: Logout: AleksCr/(Unknown)
[22:16:11]OOC: Morgan Bickerson/Catratcat : Ладно. Людей нед. А код нужно улучшать. Всем спасибо
[22:16:12]EMOTE: Marcus Chapman/Oxidon : <B>Marcus Chapman</B> snores.
[22:16:13]EMOTE: Marcus Chapman/Oxidon : <B>Marcus Chapman</B> snores.
[22:16:14]EMOTE: Marcus Chapman/Oxidon : <B>Marcus Chapman</B> snores.
[22:16:15]OOC: Morgan Bickerson/Catratcat : *нет
[22:16:23]EMOTE: Marcus Chapman/Oxidon : <B>Marcus Chapman</B> snores.
[22:16:25]EMOTE: Marcus Chapman/Oxidon : <B>Marcus Chapman</B> snores.
[22:16:25]ACCESS: Logout: Catratcat/(Morgan Bickerson)
[22:16:27]OOC: Elias Beach/Redomine : Покасики
[22:16:28]ACCESS: Logout: Smet19/(Adam Johnson)
[22:16:28]ACCESS: Logout: Redomine/(Elias Beach)
[22:16:28]ACCESS: Logout: Hank667/(Unknown as (Hank Callison))
[22:16:28]ACCESS: Logout: Nyuu99/(Unknown as (Benna))
