

Starting up. 10:32.26
---------------------



Starting up. 10:36.38
---------------------



Starting up. 11:38.53
---------------------



Starting up. 12:28.42
---------------------



Starting up. 12:38.16
---------------------



Starting up. 12:53.30
---------------------



Starting up. 13:04.24
---------------------



Starting up. 13:07.27
---------------------



Starting up. 13:10.09
---------------------



Starting up. 13:26.50
---------------------



Starting up. 14:18.47
---------------------



Starting up. 14:33.44
---------------------



Starting up. 14:42.39
---------------------



Starting up. 14:49.05
---------------------



Starting up. 15:02.30
---------------------



Starting up. 16:25.42
---------------------



Starting up. 16:39.27
---------------------



Starting up. 16:44.16
---------------------



Starting up. 16:49.57
---------------------



Starting up. 16:56.03
---------------------



Starting up. 17:28.57
---------------------



Starting up. 17:37.05
---------------------



Starting up. 17:40.24
---------------------



Starting up. 17:46.24
---------------------



Starting up. 17:49.09
---------------------



Starting up. 20:01.50
---------------------



Starting up. 20:20.50
---------------------



Starting up. 20:28.29
---------------------



Starting up. 20:34.42
---------------------



Starting up. 20:40.33
---------------------



Starting up. 20:45.05
---------------------



Starting up. 20:53.09
---------------------



Starting up. 21:35.56
---------------------

[21:37:10]ATTACK: <font color='red'>Morgan Bickerson (catratcat) punched human ()</font>
[21:37:12]ATTACK: <font color='red'>Morgan Bickerson (catratcat) punched human ()</font>
[21:37:13]ATTACK: <font color='red'>Morgan Bickerson (catratcat) punched human ()</font>
[21:37:18]ATTACK: <font color='red'>Morgan Bickerson (catratcat) punched human ()</font>
[21:37:19]ATTACK: <font color='red'>Morgan Bickerson (catratcat) punched human ()</font>
[21:37:46]ATTACK: <font color='red'>Morgan Bickerson (catratcat) attacked human () with Nipper MK1 (INTENT: HELP) (DAMTYE: BRUTE)</font>


Starting up. 21:40.29
---------------------

[21:53:34]ATTACK: <font color='red'>Brienne (nyuu99) disarmed Adam Johnson (smet19)</font>
[21:53:42]ATTACK: <font color='red'>Adam Johnson (smet19) shot Henry Murray (oxidon) with a the lead</font>
[21:53:50]ATTACK: <font color='red'>Adam Johnson (smet19) attacked Brienne (nyuu99) with Trencher MK2 (INTENT: HELP) (DAMTYE: BRUTE)</font>
[21:54:06]ATTACK: <font color='red'>Atarabashi Nihondzin (editorrus) disarmed Adam Johnson (smet19)</font>
[21:55:12]ATTACK: <font color='red'>Morgan Bickerson (catratcat) attacked Benna Murcatto (lagius) with metal parts (INTENT: HURT) (DAMTYE: BRUTE)</font>
[21:55:13]ATTACK: <font color='red'>Morgan Bickerson (catratcat) attacked Benna Murcatto (lagius) with metal parts (INTENT: HURT) (DAMTYE: BRUTE)</font>
[21:55:14]ATTACK: <font color='red'>Morgan Bickerson (catratcat) attacked Benna Murcatto (lagius) with metal parts (INTENT: HURT) (DAMTYE: BRUTE)</font>
[21:55:15]ATTACK: <font color='red'>Morgan Bickerson (catratcat) attacked Benna Murcatto (lagius) with metal parts (INTENT: HURT) (DAMTYE: BRUTE)</font>
[21:55:16]ATTACK: <font color='red'>Brienne (nyuu99) primed a frag grenade.</font>
[21:55:36]ATTACK: <font color='red'>Leo Herz (odst97) shot Brienne (nyuu99) with a the Bullet</font>
[21:55:36]ATTACK: <font color='red'>Leo Herz (odst97) shot Brienne (nyuu99) with a the Bullet</font>
[21:55:38]ATTACK: <font color='red'>Leo Herz (odst97) shot Brienne (nyuu99) with a the Bullet</font>
[21:55:40]ATTACK: <font color='red'>Leo Herz (odst97) shot Brienne (nyuu99) with a the Bullet</font>
[21:55:46]ATTACK: <font color='red'>Leo Herz (odst97) shot Brienne (nyuu99) with a the Bullet</font>
[21:55:46]ATTACK: <font color='red'>Leo Herz (odst97) shot Brienne (nyuu99) with a the Bullet</font>


Starting up. 21:56.58
---------------------

[22:02:20]ATTACK: <font color='red'>Elias Beach (redomine) implanted Elias Beach (redomine) with Nanoaugmentation Implaner (Short-range Psionic Radar) (INTENT: HELP)</font>
[22:02:31]ATTACK: <font color='red'>Elias Beach (redomine) implanted Elias Beach (redomine) with Nanoaugmentation Implaner (Regenerative Nanobots) (INTENT: HELP)</font>
[22:04:08]ATTACK: <font color='red'>Benna (nyuu99) shot Hank Callison (hank667) with a the Bullet</font>
[22:04:12]ATTACK: <font color='red'>Benna (nyuu99) shot Unknown as (Hank Callison) (hank667) with a the Bullet</font>
[22:04:14]ATTACK: <font color='red'>Benna (nyuu99) shot Unknown as (Hank Callison) (hank667) with a the Bullet</font>
[22:04:40]ATTACK: <font color='red'>Benna (nyuu99) shot Adam Johnson (smet19) with a the Bullet</font>
[22:04:43]ATTACK: <font color='red'>Benna (nyuu99) shot Unknown as (Adam Johnson) (smet19) with a the Bullet</font>
[22:04:44]ATTACK: <font color='red'>Benna (nyuu99) shot Unknown as (Adam Johnson) (smet19) with a the Bullet</font>
[22:10:50]ATTACK: <font color='red'>Benna (nyuu99) shot Leo Herz (odst97) with a the lead</font>
[22:10:51]ATTACK: <font color='red'>Leo Herz (odst97) attacked Benna (nyuu99) with balisong knife (INTENT: HELP) (DAMTYE: BRUTE)</font>
[22:10:53]ATTACK: <font color='red'>Leo Herz (odst97) attacked Benna (nyuu99) with balisong knife (INTENT: HELP) (DAMTYE: BRUTE)</font>
[22:10:57]ATTACK: <font color='red'>Leo Herz (odst97) attacked Benna (nyuu99) with balisong knife (INTENT: HELP) (DAMTYE: BRUTE)</font>
[22:10:58]ATTACK: <font color='red'>Leo Herz (odst97) attacked Benna (nyuu99) with balisong knife (INTENT: HELP) (DAMTYE: BRUTE)</font>
[22:11:00]ATTACK: <font color='red'>Leo Herz (odst97) attacked Benna (nyuu99) with balisong knife (INTENT: HELP) (DAMTYE: BRUTE)</font>
[22:11:01]ATTACK: <font color='red'>Leo Herz (odst97) attacked Benna (nyuu99) with balisong knife (INTENT: HELP) (DAMTYE: BRUTE)</font>
[22:11:02]ATTACK: <font color='red'>Leo Herz (odst97) attacked Benna (nyuu99) with balisong knife (INTENT: HELP) (DAMTYE: BRUTE)</font>
[22:11:04]ATTACK: <font color='red'>Leo Herz (odst97) attacked Benna (nyuu99) with balisong knife (INTENT: HELP) (DAMTYE: BRUTE)</font>
[22:11:05]ATTACK: <font color='red'>Leo Herz (odst97) attacked Benna (nyuu99) with balisong knife (INTENT: HELP) (DAMTYE: BRUTE)</font>
[22:11:27]ATTACK: <font color='red'>Benna (nyuu99) shot Leo Herz (odst97) with a the Bullet</font>
[22:11:28]ATTACK: <font color='red'>Benna (nyuu99) shot Leo Herz (odst97) with a the Bullet</font>
[22:11:33]ATTACK: <font color='red'>Benna (nyuu99) shot Unknown (odst97) with a the Bullet</font>
[22:11:36]ATTACK: <font color='red'>Benna (nyuu99) shot Unknown (odst97) with a the Bullet</font>
[22:11:52]ATTACK: <font color='red'>Benna (nyuu99) primed a frag grenade.</font>
[22:13:36]ATTACK: <font color='red'>Benna (nyuu99) punched Benna (nyuu99)</font>
[22:14:03]ATTACK: <font color='red'>Nena Lord (alekscr) grabbed the neck of Benna Murcatto ()</font>
[22:14:15]ATTACK: <font color='red'>Nena Lord (alekscr) grabbed the neck of Benna Murcatto ()</font>
[22:15:03]ATTACK: <font color='red'>Nena Lord (alekscr) disarmed Elias Beach (redomine)</font>
[22:15:07]ATTACK: <font color='red'>Elias Beach (redomine) attacked Nena Lord (alekscr) with fire extinguisher (INTENT: HELP) (DAMTYE: BRUTE)</font>
[22:15:09]ATTACK: <font color='red'>Elias Beach (redomine) attacked Nena Lord (alekscr) with fire extinguisher (INTENT: HELP) (DAMTYE: BRUTE)</font>
[22:15:12]ATTACK: <font color='red'>Elias Beach (redomine) attacked Nena Lord (alekscr) with fire extinguisher (INTENT: HELP) (DAMTYE: BRUTE)</font>
[22:15:13]ATTACK: <font color='red'>Elias Beach (redomine) attacked Nena Lord (alekscr) with fire extinguisher (INTENT: HELP) (DAMTYE: BRUTE)</font>
[22:15:14]ATTACK: <font color='red'>Elias Beach (redomine) attacked Unknown (alekscr) with fire extinguisher (INTENT: HELP) (DAMTYE: BRUTE)</font>
[22:15:15]ATTACK: <font color='red'>Elias Beach (redomine) attacked Unknown (alekscr) with fire extinguisher (INTENT: HELP) (DAMTYE: BRUTE)</font>
[22:15:16]ATTACK: <font color='red'>Elias Beach (redomine) attacked Unknown (alekscr) with fire extinguisher (INTENT: HELP) (DAMTYE: BRUTE)</font>
[22:15:17]ATTACK: <font color='red'>Elias Beach (redomine) attacked Unknown (alekscr) with fire extinguisher (INTENT: HELP) (DAMTYE: BRUTE)</font>
[22:15:19]ATTACK: <font color='red'>Elias Beach (redomine) attacked Unknown (alekscr) with fire extinguisher (INTENT: HELP) (DAMTYE: BRUTE)</font>
[22:15:21]ATTACK: <font color='red'>Elias Beach (redomine) attacked Unknown (alekscr) with fire extinguisher (INTENT: HELP) (DAMTYE: BRUTE)</font>
