

Starting up. 00:38.52
---------------------

[00:38:52]ADMIN: Loading jobban_rank
[00:38:52]ADMIN: jobban_keylist was empty
[00:38:52]ADMIN: Updating jobbanfile!
[00:38:52]ADMIN: Loading Banlist
Reading donators.txt
[00:39:02]ACCESS: Login: Catratcat/(Catratcat) from 127.0.0.1-3781439013 || BYOND v498
[00:39:02]ACCESS: Login: Catratcat/(Catratcat) from 127.0.0.1
[00:39:09]ADMIN: Catratcat has started the game.
[00:39:10]ACCESS: Logout: *no client*/(Catratcat)
[00:39:10]ACCESS: Login: Catratcat/(Morgan Bickerson) from 127.0.0.1-3781439013 || BYOND v498
[00:39:27]ACCESS: Logout: Catratcat/(Morgan Bickerson)


Starting up. 01:32.28
---------------------

[01:32:28]ADMIN: Loading jobban_rank
[01:32:28]ADMIN: jobban_keylist was empty
[01:32:28]ADMIN: Updating jobbanfile!
[01:32:28]ADMIN: Loading Banlist
Reading donators.txt
[01:32:39]ACCESS: Login: Catratcat/(Catratcat) from 127.0.0.1-3781439013 || BYOND v498
[01:32:39]ACCESS: Login: Catratcat/(Catratcat) from 127.0.0.1
[01:32:45]ACCESS: Logout: Catratcat/(Catratcat)
[01:32:45]ACCESS: Login: Catratcat/(Catratcat) from 127.0.0.1-3781439013 || BYOND v498
[01:32:45]ACCESS: Login: Catratcat/(Catratcat) from 127.0.0.1
[01:32:59]ADMIN: Catratcat has started the game.
[01:33:00]ACCESS: Logout: *no client*/(Catratcat)
[01:33:00]ACCESS: Login: Catratcat/(Morgan Bickerson) from 127.0.0.1-3781439013 || BYOND v498
[01:33:39]ADMIN: Catratcat/(Morgan Bickerson) modified fov's dir to 4
[01:33:47]ACCESS: Logout: Catratcat/(Morgan Bickerson)


Starting up. 01:44.35
---------------------

[01:44:35]ADMIN: Loading jobban_rank
[01:44:35]ADMIN: jobban_keylist was empty
[01:44:35]ADMIN: Updating jobbanfile!
[01:44:35]ADMIN: Loading Banlist
Reading donators.txt
[01:44:39]ACCESS: Login: Catratcat/(Catratcat) from 127.0.0.1-3781439013 || BYOND v498
[01:44:39]ACCESS: Login: Catratcat/(Catratcat) from 127.0.0.1
[01:44:50]ADMIN: Catratcat has started the game.
[01:44:50]ACCESS: Logout: *no client*/(Catratcat)
[01:44:50]ACCESS: Login: Catratcat/(Morgan Bickerson) from 127.0.0.1-3781439013 || BYOND v498
[01:46:38]ACCESS: Logout: Catratcat/(Morgan Bickerson)


Starting up. 01:52.42
---------------------

[01:52:42]ADMIN: Loading jobban_rank
[01:52:42]ADMIN: jobban_keylist was empty
[01:52:42]ADMIN: Updating jobbanfile!
[01:52:42]ADMIN: Loading Banlist
Reading donators.txt
[01:52:52]ACCESS: Login: Catratcat/(Catratcat) from 127.0.0.1-3781439013 || BYOND v498
[01:52:52]ACCESS: Login: Catratcat/(Catratcat) from 127.0.0.1
[01:52:59]ADMIN: Catratcat has started the game.
[01:53:00]ACCESS: Logout: *no client*/(Catratcat)
[01:53:00]ACCESS: Login: Catratcat/(Morgan Bickerson) from 127.0.0.1-3781439013 || BYOND v498
[01:53:34]ACCESS: Logout: Catratcat/(Morgan Bickerson)


Starting up. 02:05.19
---------------------

[02:05:19]ADMIN: Loading jobban_rank
[02:05:19]ADMIN: jobban_keylist was empty
[02:05:19]ADMIN: Updating jobbanfile!
[02:05:19]ADMIN: Loading Banlist
Reading donators.txt
[02:05:29]ACCESS: Login: Catratcat/(Catratcat) from 127.0.0.1-3781439013 || BYOND v498
[02:05:29]ACCESS: Login: Catratcat/(Catratcat) from 127.0.0.1
[02:05:35]ADMIN: Catratcat has started the game.
[02:05:35]ACCESS: Logout: *no client*/(Catratcat)
[02:05:35]ACCESS: Login: Catratcat/(Morgan Bickerson) from 127.0.0.1-3781439013 || BYOND v498
[02:06:50]ADMIN: Catratcat/(Morgan Bickerson) jumped to 39,41,2 in Street
[02:07:08]ADMIN: Catratcat/(Morgan Bickerson) created a /mob/living/carbon/human
[02:07:09]ADMIN: Catratcat/(Morgan Bickerson) created a /mob/living/carbon/human
[02:07:11]ADMIN: Catratcat/(Morgan Bickerson) created a /mob/living/carbon/human
[02:07:12]ADMIN: Catratcat/(Morgan Bickerson) created a /mob/living/carbon/human
[02:07:14]ADMIN: Catratcat/(Morgan Bickerson) created a /mob/living/carbon/human
[02:07:38]ACCESS: Logout: Catratcat/(Morgan Bickerson)


Starting up. 02:19.04
---------------------

[02:19:04]ADMIN: Loading jobban_rank
[02:19:04]ADMIN: jobban_keylist was empty
[02:19:04]ADMIN: Updating jobbanfile!
[02:19:04]ADMIN: Loading Banlist
Reading donators.txt
[02:19:16]ACCESS: Login: Catratcat/(Catratcat) from 127.0.0.1-3781439013 || BYOND v498
[02:19:16]ACCESS: Login: Catratcat/(Catratcat) from 127.0.0.1
[02:19:23]ADMIN: Catratcat has started the game.
[02:19:24]ACCESS: Logout: *no client*/(Catratcat)
[02:19:24]ACCESS: Login: Catratcat/(Morgan Bickerson) from 127.0.0.1-3781439013 || BYOND v498
[02:20:06]ADMIN: Catratcat/(Morgan Bickerson) jumped to 42,41,2 in Street
[02:21:24]ACCESS: Logout: Catratcat/(Morgan Bickerson)


Starting up. 10:52.00
---------------------

[10:52:00]ADMIN: Loading jobban_rank
[10:52:00]ADMIN: jobban_keylist was empty
[10:52:00]ADMIN: Updating jobbanfile!
[10:52:00]ADMIN: Loading Banlist
Reading donators.txt
[10:52:54]ACCESS: Login: Catratcat/(Catratcat) from 127.0.0.1-2406761028 || BYOND v498
[10:52:54]ACCESS: Login: Catratcat/(Catratcat) from 127.0.0.1
[10:53:06]ADMIN: Catratcat has started the game.
[10:53:07]ACCESS: Logout: *no client*/(Catratcat)
[10:53:07]ACCESS: Login: Catratcat/(Morgan Bickerson) from 127.0.0.1-2406761028 || BYOND v498
[10:53:46]ADMIN: Catratcat/(Morgan Bickerson) jumped to 38,41,2 in Street
[10:53:58]ADMIN: Catratcat/(Morgan Bickerson) created a /mob/living/carbon/human
[10:54:00]ADMIN: Catratcat/(Morgan Bickerson) created a /mob/living/carbon/human
[10:54:02]ADMIN: Catratcat/(Morgan Bickerson) created a /mob/living/carbon/human
[10:54:51]ADMIN: Catratcat/(Morgan Bickerson) created a /mob/dead/observer
[10:55:08]ACCESS: Logout: Catratcat/(Morgan Bickerson)


Starting up. 10:58.54
---------------------

[10:58:54]ADMIN: Loading jobban_rank
[10:58:54]ADMIN: jobban_keylist was empty
[10:58:54]ADMIN: Updating jobbanfile!
[10:58:54]ADMIN: Loading Banlist
Reading donators.txt
[10:58:58]ACCESS: Login: Catratcat/(Catratcat) from 127.0.0.1-2406761028 || BYOND v498
[10:58:58]ACCESS: Login: Catratcat/(Catratcat) from 127.0.0.1
[10:59:04]ADMIN: Catratcat has started the game.
[10:59:05]ACCESS: Logout: *no client*/(Catratcat)
[10:59:05]ACCESS: Login: Catratcat/(Morgan Bickerson) from 127.0.0.1-2406761028 || BYOND v498
[10:59:33]ADMIN: Catratcat/(Morgan Bickerson) jumped to 39,41,2 in Street
[10:59:43]ADMIN: Catratcat/(Morgan Bickerson) created a /mob/living/carbon/human
[10:59:53]ADMIN: Catratcat/(Morgan Bickerson) created a /mob/living/carbon/human
[11:00:18]ADMIN: Catratcat/(Morgan Bickerson) jumped to 42,47,2 in Street
[11:00:32]ADMIN: Catratcat/(Morgan Bickerson) jumped to 36,42,2 in Street
[11:01:34]ACCESS: Logout: Catratcat/(Morgan Bickerson)


Starting up. 11:08.53
---------------------

[11:08:53]ADMIN: Loading jobban_rank
[11:08:53]ADMIN: jobban_keylist was empty
[11:08:53]ADMIN: Updating jobbanfile!
[11:08:53]ADMIN: Loading Banlist
Reading donators.txt
[11:08:58]ACCESS: Login: Catratcat/(Catratcat) from 127.0.0.1-2406761028 || BYOND v498
[11:08:58]ACCESS: Login: Catratcat/(Catratcat) from 127.0.0.1
[11:09:06]ADMIN: Catratcat has started the game.
[11:09:07]ACCESS: Logout: *no client*/(Catratcat)
[11:09:07]ACCESS: Login: Catratcat/(Morgan Bickerson) from 127.0.0.1-2406761028 || BYOND v498
[11:09:14]ADMIN: Catratcat/(Morgan Bickerson) jumped to 40,42,2 in Street
[11:09:23]ADMIN: Catratcat/(Morgan Bickerson) created a /mob/living/carbon/human
[11:09:26]ADMIN: Catratcat/(Morgan Bickerson) created a /mob/living/carbon/human
[11:09:49]ADMIN: Catratcat/(Morgan Bickerson) changed the equipment of *no client*/(human) to arcology agent.
[11:09:58]ACCESS: Logout: Catratcat/(Morgan Bickerson)


Starting up. 11:12.40
---------------------

[11:12:40]ADMIN: Loading jobban_rank
[11:12:40]ADMIN: jobban_keylist was empty
[11:12:40]ADMIN: Updating jobbanfile!
[11:12:40]ADMIN: Loading Banlist
Reading donators.txt
[11:12:45]ACCESS: Login: Catratcat/(Catratcat) from 127.0.0.1-2406761028 || BYOND v498
[11:12:45]ACCESS: Login: Catratcat/(Catratcat) from 127.0.0.1
[11:12:51]ADMIN: Catratcat has started the game.
[11:12:52]ACCESS: Logout: *no client*/(Catratcat)
[11:12:52]ACCESS: Login: Catratcat/(Morgan Bickerson) from 127.0.0.1-2406761028 || BYOND v498
[11:12:58]ADMIN: Catratcat/(Morgan Bickerson) jumped to 38,41,2 in Street
[11:13:06]ADMIN: Catratcat/(Morgan Bickerson) created a /mob/living/carbon/human
[11:13:09]ADMIN: Catratcat/(Morgan Bickerson) created a /mob/living/carbon/human
[11:13:11]ADMIN: Catratcat/(Morgan Bickerson) created a /mob/living/carbon/human
[11:13:28]ACCESS: Logout: Catratcat/(Morgan Bickerson)


Starting up. 11:31.15
---------------------

[11:31:15]ADMIN: Loading jobban_rank
[11:31:15]ADMIN: jobban_keylist was empty
[11:31:15]ADMIN: Updating jobbanfile!
[11:31:15]ADMIN: Loading Banlist
Reading donators.txt
[11:31:19]ACCESS: Login: Catratcat/(Catratcat) from 127.0.0.1-2406761028 || BYOND v498
[11:31:19]ACCESS: Login: Catratcat/(Catratcat) from 127.0.0.1
[11:31:25]ADMIN: Catratcat has started the game.
[11:31:26]ACCESS: Logout: *no client*/(Catratcat)
[11:31:26]ACCESS: Login: Catratcat/(Morgan Bickerson) from 127.0.0.1-2406761028 || BYOND v498
[11:31:32]ADMIN: Catratcat/(Morgan Bickerson) jumped to 41,41,2 in Street
[11:31:40]ADMIN: Catratcat/(Morgan Bickerson) created a /mob/living/carbon/human
[11:31:43]ADMIN: Catratcat/(Morgan Bickerson) created a /mob/living/carbon/human
[11:31:46]ADMIN: Catratcat/(Morgan Bickerson) created a /mob/living/carbon/human
[11:40:11]ACCESS: Logout: Catratcat/(Morgan Bickerson)


Starting up. 11:45.55
---------------------

[11:45:55]ADMIN: Loading jobban_rank
[11:45:55]ADMIN: jobban_keylist was empty
[11:45:55]ADMIN: Updating jobbanfile!
[11:45:55]ADMIN: Loading Banlist
Reading donators.txt


Starting up. 11:46.08
---------------------

[11:46:08]ADMIN: Loading jobban_rank
[11:46:08]ADMIN: jobban_keylist was empty
[11:46:08]ADMIN: Updating jobbanfile!
[11:46:08]ADMIN: Loading Banlist
Reading donators.txt
[11:46:12]ACCESS: Login: Catratcat/(Catratcat) from 127.0.0.1-2406761028 || BYOND v498
[11:46:12]ACCESS: Login: Catratcat/(Catratcat) from 127.0.0.1
[11:46:18]ADMIN: Catratcat has started the game.
[11:46:19]ACCESS: Logout: *no client*/(Catratcat)
[11:46:19]ACCESS: Login: Catratcat/(Morgan Bickerson) from 127.0.0.1-2406761028 || BYOND v498
[11:46:24]ADMIN: Catratcat/(Morgan Bickerson) jumped to 37,41,2 in Street
[11:46:35]ADMIN: Catratcat/(Morgan Bickerson) created a /mob/living/carbon/human
[11:46:37]ADMIN: Catratcat/(Morgan Bickerson) created a /mob/living/carbon/human
[11:46:40]ADMIN: Catratcat/(Morgan Bickerson) created a /mob/living/carbon/human
[11:47:35]ADMIN: Catratcat/(Morgan Bickerson) changed the equipment of *no client*/(human) to main force patrol.
[11:47:45]ADMIN: Catratcat/(Morgan Bickerson) changed the equipment of Catratcat/(Morgan Bickerson) to arcology agent.
[11:47:50]ADMIN: ATTACK: Morgan Bickerson (catratcat) shot the human () with the Bullet.
[11:47:52]EMOTE: human/ : <B>The human</B> screams!
[11:48:23]ACCESS: Logout: Catratcat/(Morgan Bickerson)


Starting up. 12:00.27
---------------------

[12:00:27]ADMIN: Loading jobban_rank
[12:00:27]ADMIN: jobban_keylist was empty
[12:00:27]ADMIN: Updating jobbanfile!
[12:00:27]ADMIN: Loading Banlist
Reading donators.txt
[12:00:31]ACCESS: Login: Catratcat/(Catratcat) from 127.0.0.1-2406761028 || BYOND v498
[12:00:31]ACCESS: Login: Catratcat/(Catratcat) from 127.0.0.1
[12:00:38]ADMIN: Catratcat has started the game.
[12:00:38]ACCESS: Logout: *no client*/(Catratcat)
[12:00:38]ACCESS: Login: Catratcat/(Morgan Bickerson) from 127.0.0.1-2406761028 || BYOND v498
[12:00:44]ADMIN: Catratcat/(Morgan Bickerson) jumped to 38,41,2 in Street
[12:00:58]ADMIN: Catratcat/(Morgan Bickerson) created a /mob/living/carbon/human
[12:01:01]ADMIN: Catratcat/(Morgan Bickerson) created a /mob/living/carbon/human
[12:01:03]ADMIN: Catratcat/(Morgan Bickerson) created a /mob/living/carbon/human
[12:01:35]ACCESS: Logout: Catratcat/(Morgan Bickerson)


Starting up. 12:05.39
---------------------

[12:05:39]ADMIN: Loading jobban_rank
[12:05:39]ADMIN: jobban_keylist was empty
[12:05:39]ADMIN: Updating jobbanfile!
[12:05:39]ADMIN: Loading Banlist
Reading donators.txt
[12:05:43]ACCESS: Login: Catratcat/(Catratcat) from 127.0.0.1-2406761028 || BYOND v498
[12:05:43]ACCESS: Login: Catratcat/(Catratcat) from 127.0.0.1
[12:05:50]ADMIN: Catratcat has started the game.
[12:05:51]ACCESS: Logout: *no client*/(Catratcat)
[12:05:51]ACCESS: Login: Catratcat/(Morgan Bickerson) from 127.0.0.1-2406761028 || BYOND v498
[12:05:56]ADMIN: Catratcat/(Morgan Bickerson) jumped to 39,40,2 in Street
[12:06:19]ADMIN: Catratcat/(Morgan Bickerson) created a /mob/living/carbon/human
[12:06:21]ADMIN: Catratcat/(Morgan Bickerson) created a /mob/living/carbon/human
[12:06:23]ADMIN: Catratcat/(Morgan Bickerson) created a /mob/living/carbon/human
[12:07:04]ACCESS: Logout: Catratcat/(Morgan Bickerson)


Starting up. 17:54.47
---------------------

[17:54:47]ADMIN: Loading jobban_rank
[17:54:47]ADMIN: jobban_keylist was empty
[17:54:47]ADMIN: Updating jobbanfile!
[17:54:47]ADMIN: Loading Banlist
Reading donators.txt
[17:55:05]ACCESS: Login: Catratcat/(Catratcat) from 127.0.0.1-2406761028 || BYOND v498
[17:55:05]ACCESS: Login: Catratcat/(Catratcat) from 127.0.0.1
[17:55:11]ADMIN: Catratcat has started the game.
[17:55:11]ACCESS: Logout: *no client*/(Catratcat)
[17:55:11]ACCESS: Login: Catratcat/(Morgan Bickerson) from 127.0.0.1-2406761028 || BYOND v498
[17:55:17]ADMIN: Catratcat/(Morgan Bickerson) jumped to 38,41,2 in Street
[17:55:29]ADMIN: Catratcat/(Morgan Bickerson) created a /mob/living/carbon/human
[17:55:31]ADMIN: Catratcat/(Morgan Bickerson) created a /mob/living/carbon/human
[17:55:33]ADMIN: Catratcat/(Morgan Bickerson) created a /mob/living/carbon/human
[17:55:51]ACCESS: Logout: Catratcat/(Morgan Bickerson)
