

Starting up. 16:37.56
---------------------

[16:37:56]ADMIN: Loading jobban_rank
[16:37:56]ADMIN: jobban_keylist was empty
[16:37:56]ADMIN: Updating jobbanfile!
[16:37:56]ADMIN: Loading Banlist
Reading donators.txt
[16:38:11]ACCESS: Login: Catratcat/(Catratcat) from 127.0.0.1-2406761028 || BYOND v498
[16:38:11]ACCESS: Login: Catratcat/(Catratcat) from 127.0.0.1
[16:38:20]ADMIN: Catratcat has started the game.
[16:38:23]ACCESS: Logout: *no client*/(Catratcat)
[16:38:23]ACCESS: Login: Catratcat/(Morgan Bickerson) from 127.0.0.1-2406761028 || BYOND v498
[16:38:49]ADMIN: Catratcat/(Morgan Bickerson) jumped to 41,42,2 in Street
[16:38:58]ADMIN: Catratcat/(Morgan Bickerson) created a /mob/living/carbon/human
[16:39:00]ADMIN: Catratcat/(Morgan Bickerson) created a /mob/living/carbon/human
[16:39:03]ADMIN: Catratcat/(Morgan Bickerson) created a /mob/living/carbon/human
[16:39:07]ADMIN: Catratcat/(Morgan Bickerson) created a /mob/living/carbon/human
[16:39:12]ADMIN: Catratcat/(Morgan Bickerson) created a /mob/living/carbon/human
[16:39:16]ADMIN: Catratcat/(Morgan Bickerson) created a /mob/living/carbon/human
[16:39:38]ADMIN: Catratcat/(Morgan Bickerson) deleted all objects of scrict type with subtypes /obj/effect/effect/noise (23 objects deleted) 
[16:40:06]ADMIN: Catratcat/(Morgan Bickerson) modified floor's luminosity to 5
[16:40:11]ADMIN: Catratcat/(Morgan Bickerson) modified floor's luminosity to 10
[16:40:44]ADMIN: Catratcat/(Morgan Bickerson) modified Street's luminosity to 8
[16:40:48]ADMIN: Catratcat/(Morgan Bickerson) modified Street's luminosity to 6
[16:41:31]ADMIN: Catratcat/(Morgan Bickerson) deleted all objects of scrict type /obj/effect/effect/noise (6 objects deleted) 
[16:42:02]ACCESS: Logout: Catratcat/(Morgan Bickerson)
