

Starting up. 15:37.06
---------------------

[15:37:06]ADMIN: Loading jobban_rank
[15:37:06]ADMIN: jobban_keylist was empty
[15:37:06]ADMIN: Updating jobbanfile!
[15:37:06]ADMIN: Loading Banlist
Reading donators.txt
[15:37:11]ACCESS: Login: Catratcat/(Catratcat) from 127.0.0.1-2406761028 || BYOND v498
[15:37:11]ACCESS: Login: Catratcat/(Catratcat) from 127.0.0.1
[15:37:18]ADMIN: Catratcat has started the game.
[15:37:18]ACCESS: Logout: *no client*/(Catratcat)
[15:37:18]ACCESS: Login: Catratcat/(Morgan Bickerson) from 127.0.0.1-2406761028 || BYOND v498
[15:37:24]ADMIN: Catratcat/(Morgan Bickerson) jumped to 41,42,2 in Street
[15:37:45]ADMIN: Catratcat/(Morgan Bickerson) created a /mob/living/carbon/human
[15:37:48]ADMIN: Catratcat/(Morgan Bickerson) created a /mob/living/carbon/human
[15:37:50]ADMIN: Catratcat/(Morgan Bickerson) created a /mob/living/carbon/human
[15:37:53]ADMIN: Catratcat/(Morgan Bickerson) created a /mob/living/carbon/human
[15:38:09]ACCESS: Logout: Catratcat/(Morgan Bickerson)


Starting up. 15:52.21
---------------------

[15:52:21]ADMIN: Loading jobban_rank
[15:52:21]ADMIN: jobban_keylist was empty
[15:52:21]ADMIN: Updating jobbanfile!
[15:52:21]ADMIN: Loading Banlist
Reading donators.txt
[15:52:25]ACCESS: Login: Catratcat/(Catratcat) from 127.0.0.1-2406761028 || BYOND v498
[15:52:25]ACCESS: Login: Catratcat/(Catratcat) from 127.0.0.1
[15:52:31]ADMIN: Catratcat has started the game.
[15:52:31]ACCESS: Logout: *no client*/(Catratcat)
[15:52:31]ACCESS: Login: Catratcat/(Morgan Bickerson) from 127.0.0.1-2406761028 || BYOND v498
[15:53:01]ACCESS: Logout: Catratcat/(Morgan Bickerson)


Starting up. 15:55.09
---------------------

[15:55:09]ADMIN: Loading jobban_rank
[15:55:09]ADMIN: jobban_keylist was empty
[15:55:09]ADMIN: Updating jobbanfile!
[15:55:09]ADMIN: Loading Banlist
Reading donators.txt
[15:55:13]ACCESS: Login: Catratcat/(Catratcat) from 127.0.0.1-2406761028 || BYOND v498
[15:55:13]ACCESS: Login: Catratcat/(Catratcat) from 127.0.0.1
[15:55:18]ADMIN: Catratcat has started the game.
[15:55:18]ACCESS: Logout: *no client*/(Catratcat)
[15:55:18]ACCESS: Login: Catratcat/(Morgan Bickerson) from 127.0.0.1-2406761028 || BYOND v498
[15:55:32]ADMIN: Catratcat/(Morgan Bickerson) jumped to 43,42,2 in Street
[15:55:42]ACCESS: Logout: Catratcat/(Morgan Bickerson)


Starting up. 16:02.42
---------------------

[16:02:42]ADMIN: Loading jobban_rank
[16:02:42]ADMIN: jobban_keylist was empty
[16:02:42]ADMIN: Updating jobbanfile!
[16:02:42]ADMIN: Loading Banlist
Reading donators.txt
[16:03:17]ACCESS: Login: Catratcat/(Catratcat) from 127.0.0.1-2406761028 || BYOND v498
[16:03:17]ACCESS: Login: Catratcat/(Catratcat) from 127.0.0.1
[16:04:07]ADMIN: Catratcat has started the game.
[16:04:07]ACCESS: Logout: *no client*/(Catratcat)
[16:04:07]ACCESS: Login: Catratcat/(Morgan Bickerson) from 127.0.0.1-2406761028 || BYOND v498
[16:04:55]ACCESS: Logout: Catratcat/(Morgan Bickerson)


Starting up. 16:12.51
---------------------

[16:12:51]ADMIN: Loading jobban_rank
[16:12:51]ADMIN: jobban_keylist was empty
[16:12:51]ADMIN: Updating jobbanfile!
[16:12:51]ADMIN: Loading Banlist
Reading donators.txt
[16:13:37]ACCESS: Login: Catratcat/(Catratcat) from 127.0.0.1-2406761028 || BYOND v498
[16:13:37]ACCESS: Login: Catratcat/(Catratcat) from 127.0.0.1
[16:13:48]ADMIN: Catratcat has started the game.
[16:13:48]ACCESS: Logout: *no client*/(Catratcat)
[16:13:48]ACCESS: Login: Catratcat/(Morgan Bickerson) from 127.0.0.1-2406761028 || BYOND v498
[16:14:14]ACCESS: Logout: Catratcat/(Morgan Bickerson)


Starting up. 16:15.51
---------------------

[16:15:51]ADMIN: Loading jobban_rank
[16:15:51]ADMIN: jobban_keylist was empty
[16:15:51]ADMIN: Updating jobbanfile!
[16:15:51]ADMIN: Loading Banlist
Reading donators.txt


Starting up. 16:31.13
---------------------

[16:31:13]ADMIN: Loading jobban_rank
[16:31:13]ADMIN: jobban_keylist was empty
[16:31:13]ADMIN: Updating jobbanfile!
[16:31:13]ADMIN: Loading Banlist
Reading donators.txt
[16:31:17]ACCESS: Login: Catratcat/(Catratcat) from 127.0.0.1-2406761028 || BYOND v498
[16:31:17]ACCESS: Login: Catratcat/(Catratcat) from 127.0.0.1
[16:31:22]ADMIN: Catratcat has started the game.
[16:31:23]ACCESS: Logout: *no client*/(Catratcat)
[16:31:23]ACCESS: Login: Catratcat/(Morgan Bickerson) from 127.0.0.1-2406761028 || BYOND v498
[16:32:37]ACCESS: Logout: Catratcat/(Morgan Bickerson)


Starting up. 16:35.08
---------------------

[16:35:08]ADMIN: Loading jobban_rank
[16:35:08]ADMIN: jobban_keylist was empty
[16:35:08]ADMIN: Updating jobbanfile!
[16:35:08]ADMIN: Loading Banlist
Reading donators.txt
[16:35:14]ACCESS: Login: Catratcat/(Catratcat) from 127.0.0.1-2406761028 || BYOND v498
[16:35:14]ACCESS: Login: Catratcat/(Catratcat) from 127.0.0.1
[16:35:20]ADMIN: Catratcat has started the game.
[16:35:21]ACCESS: Logout: *no client*/(Catratcat)
[16:35:21]ACCESS: Login: Catratcat/(Morgan Bickerson) from 127.0.0.1-2406761028 || BYOND v498
[16:35:36]ACCESS: Logout: Catratcat/(Morgan Bickerson)


Starting up. 16:42.07
---------------------

[16:42:07]ADMIN: Loading jobban_rank
[16:42:07]ADMIN: jobban_keylist was empty
[16:42:07]ADMIN: Updating jobbanfile!
[16:42:07]ADMIN: Loading Banlist
Reading donators.txt
[16:42:12]ACCESS: Login: Catratcat/(Catratcat) from 127.0.0.1-2406761028 || BYOND v498
[16:42:12]ACCESS: Login: Catratcat/(Catratcat) from 127.0.0.1
[16:42:19]ADMIN: Catratcat has started the game.
[16:42:20]ACCESS: Logout: *no client*/(Catratcat)
[16:42:20]ACCESS: Login: Catratcat/(Morgan Bickerson) from 127.0.0.1-2406761028 || BYOND v498
[16:42:56]ACCESS: Logout: Catratcat/(Morgan Bickerson)
