

Starting up. 18:27.17
---------------------

[18:27:17]ADMIN: Loading jobban_rank
[18:27:17]ADMIN: jobban_keylist was empty
[18:27:17]ADMIN: Updating jobbanfile!
[18:27:17]ADMIN: Loading Banlist
Reading donators.txt
[18:27:27]ACCESS: Login: Catratcat/(Catratcat) from 127.0.0.1-3781439013 || BYOND v498
[18:27:27]ACCESS: Login: Catratcat/(Catratcat) from 127.0.0.1
[18:28:44]ADMIN: Catratcat has started the game.
[18:28:45]ACCESS: Logout: *no client*/(Catratcat)
[18:28:45]ACCESS: Login: Catratcat/(Morgan Bickerson) from 127.0.0.1-3781439013 || BYOND v498
[18:29:00]ADMIN: Catratcat/(Morgan Bickerson) jumped to 40,41,2 in Street
[18:29:15]ADMIN: Catratcat/(Morgan Bickerson) created a /mob/living/carbon/human
[18:29:16]ADMIN: Catratcat/(Morgan Bickerson) created a /mob/living/carbon/human
[18:29:33]ACCESS: Logout: Catratcat/(Morgan Bickerson)


Starting up. 18:36.58
---------------------

[18:36:58]ADMIN: Loading jobban_rank
[18:36:58]ADMIN: jobban_keylist was empty
[18:36:58]ADMIN: Updating jobbanfile!
[18:36:58]ADMIN: Loading Banlist
Reading donators.txt
[18:37:03]ACCESS: Login: Catratcat/(Catratcat) from 127.0.0.1-3781439013 || BYOND v498
[18:37:03]ACCESS: Login: Catratcat/(Catratcat) from 127.0.0.1
[18:37:10]ACCESS: Logout: Catratcat/(Catratcat)
[18:37:10]ACCESS: Login: Catratcat/(Catratcat) from 127.0.0.1-3781439013 || BYOND v498
[18:37:10]ACCESS: Login: Catratcat/(Catratcat) from 127.0.0.1
[18:37:22]ADMIN: Catratcat has started the game.
[18:37:22]ACCESS: Logout: *no client*/(Catratcat)
[18:37:22]ACCESS: Login: Catratcat/(Morgan Bickerson) from 127.0.0.1-3781439013 || BYOND v498
[18:38:17]ACCESS: Logout: Catratcat/(Morgan Bickerson)


Starting up. 18:45.01
---------------------

[18:45:01]ADMIN: Loading jobban_rank
[18:45:01]ADMIN: jobban_keylist was empty
[18:45:01]ADMIN: Updating jobbanfile!
[18:45:01]ADMIN: Loading Banlist
Reading donators.txt
[18:45:15]ACCESS: Login: Catratcat/(Catratcat) from 127.0.0.1-3781439013 || BYOND v498
[18:45:15]ACCESS: Login: Catratcat/(Catratcat) from 127.0.0.1
[18:45:22]ADMIN: Catratcat has started the game.
[18:45:23]ACCESS: Logout: *no client*/(Catratcat)
[18:45:23]ACCESS: Login: Catratcat/(Morgan Bickerson) from 127.0.0.1-3781439013 || BYOND v498
[18:45:43]ADMIN: Catratcat/(Morgan Bickerson) jumped to 39,41,2 in Street
[18:46:11]ACCESS: Logout: Catratcat/(Morgan Bickerson)


Starting up. 19:04.39
---------------------

[19:04:39]ADMIN: Loading jobban_rank
[19:04:39]ADMIN: jobban_keylist was empty
[19:04:39]ADMIN: Updating jobbanfile!
[19:04:39]ADMIN: Loading Banlist
Reading donators.txt
[19:04:48]ACCESS: Login: Catratcat/(Catratcat) from 127.0.0.1-3781439013 || BYOND v498
[19:04:48]ACCESS: Login: Catratcat/(Catratcat) from 127.0.0.1
[19:04:55]ADMIN: Catratcat has started the game.
[19:04:55]ACCESS: Logout: *no client*/(Catratcat)
[19:04:55]ACCESS: Login: Catratcat/(Morgan Bickerson) from 127.0.0.1-3781439013 || BYOND v498
[19:05:25]ADMIN: Catratcat/(Morgan Bickerson) jumped to 41,42,2 in Street
[19:05:42]ADMIN: Catratcat/(Morgan Bickerson) created a /mob/living/carbon/human
[19:05:43]ADMIN: Catratcat/(Morgan Bickerson) created a /mob/living/carbon/human
[19:05:48]ADMIN: Catratcat/(Morgan Bickerson) created a /mob/living/carbon/human
[19:05:49]ADMIN: Catratcat/(Morgan Bickerson) created a /mob/living/carbon/human
[19:06:03]ACCESS: Logout: Catratcat/(Morgan Bickerson)


Starting up. 19:18.21
---------------------

[19:18:21]ADMIN: Loading jobban_rank
[19:18:21]ADMIN: jobban_keylist was empty
[19:18:21]ADMIN: Updating jobbanfile!
[19:18:21]ADMIN: Loading Banlist
Reading donators.txt
[19:18:25]ACCESS: Login: Catratcat/(Catratcat) from 127.0.0.1-3781439013 || BYOND v498
[19:18:25]ACCESS: Login: Catratcat/(Catratcat) from 127.0.0.1
[19:18:35]ADMIN: Catratcat has started the game.
[19:18:36]ACCESS: Logout: *no client*/(Catratcat)
[19:18:36]ACCESS: Login: Catratcat/(Morgan Bickerson) from 127.0.0.1-3781439013 || BYOND v498
[19:18:50]ADMIN: Catratcat/(Morgan Bickerson) jumped to 40,42,2 in Street
[19:19:23]ACCESS: Logout: Catratcat/(Morgan Bickerson)


Starting up. 19:21.51
---------------------

[19:21:51]ADMIN: Loading jobban_rank
[19:21:51]ADMIN: jobban_keylist was empty
[19:21:51]ADMIN: Updating jobbanfile!
[19:21:51]ADMIN: Loading Banlist
Reading donators.txt
[19:21:55]ACCESS: Login: Catratcat/(Catratcat) from 127.0.0.1-3781439013 || BYOND v498
[19:21:55]ACCESS: Login: Catratcat/(Catratcat) from 127.0.0.1
[19:22:18]ADMIN: Catratcat has started the game.
[19:22:18]ACCESS: Logout: *no client*/(Catratcat)
[19:22:18]ACCESS: Login: Catratcat/(Morgan Bickerson) from 127.0.0.1-3781439013 || BYOND v498
[19:22:31]ADMIN: Catratcat/(Morgan Bickerson) jumped to 41,41,2 in Street
[19:23:12]ACCESS: Logout: Catratcat/(Morgan Bickerson)


Starting up. 19:30.55
---------------------

[19:30:55]ADMIN: Loading jobban_rank
[19:30:55]ADMIN: jobban_keylist was empty
[19:30:55]ADMIN: Updating jobbanfile!
[19:30:55]ADMIN: Loading Banlist
Reading donators.txt
[19:31:04]ACCESS: Login: Catratcat/(Catratcat) from 127.0.0.1-3781439013 || BYOND v498
[19:31:04]ACCESS: Login: Catratcat/(Catratcat) from 127.0.0.1
[19:31:10]ADMIN: Catratcat has started the game.
[19:31:11]ACCESS: Logout: *no client*/(Catratcat)
[19:31:11]ACCESS: Login: Catratcat/(Morgan Bickerson) from 127.0.0.1-3781439013 || BYOND v498
[19:31:23]ADMIN: Catratcat/(Morgan Bickerson) jumped to 39,41,2 in Street
[19:31:48]ADMIN: Catratcat/(Morgan Bickerson) deleted the fov at (0,0,0)
[19:31:53]ACCESS: Logout: Catratcat/(Morgan Bickerson)


Starting up. 19:41.28
---------------------

[19:41:28]ADMIN: Loading jobban_rank
[19:41:28]ADMIN: jobban_keylist was empty
[19:41:28]ADMIN: Updating jobbanfile!
[19:41:28]ADMIN: Loading Banlist
Reading donators.txt
[19:41:33]ACCESS: Login: Catratcat/(Catratcat) from 127.0.0.1-3781439013 || BYOND v498
[19:41:33]ACCESS: Login: Catratcat/(Catratcat) from 127.0.0.1
[19:41:42]ADMIN: Catratcat has started the game.
[19:41:42]ACCESS: Logout: *no client*/(Catratcat)
[19:41:42]ACCESS: Login: Catratcat/(Morgan Bickerson) from 127.0.0.1-3781439013 || BYOND v498
[19:41:49]ADMIN: Catratcat/(Morgan Bickerson) jumped to 42,41,2 in Street
[19:42:43]ACCESS: Logout: Catratcat/(Morgan Bickerson)


Starting up. 19:49.38
---------------------

[19:49:38]ADMIN: Loading jobban_rank
[19:49:38]ADMIN: jobban_keylist was empty
[19:49:38]ADMIN: Updating jobbanfile!
[19:49:38]ADMIN: Loading Banlist
Reading donators.txt
[19:50:05]ACCESS: Login: Catratcat/(Catratcat) from 127.0.0.1-3781439013 || BYOND v498
[19:50:05]ACCESS: Login: Catratcat/(Catratcat) from 127.0.0.1
[19:50:17]ADMIN: Catratcat has started the game.
[19:50:17]ACCESS: Logout: *no client*/(Catratcat)
[19:50:17]ACCESS: Login: Catratcat/(Morgan Bickerson) from 127.0.0.1-3781439013 || BYOND v498
[19:50:33]ADMIN: Catratcat/(Morgan Bickerson) jumped to 39,41,2 in Street
[19:51:32]ADMIN: Catratcat/(Morgan Bickerson) created a /mob/living/carbon/human
[19:51:33]ADMIN: Catratcat/(Morgan Bickerson) created a /mob/living/carbon/human
[19:51:35]ADMIN: Catratcat/(Morgan Bickerson) created a /mob/living/carbon/human
[19:51:44]ACCESS: Logout: Catratcat/(Morgan Bickerson)


Starting up. 19:57.34
---------------------

[19:57:34]ADMIN: Loading jobban_rank
[19:57:34]ADMIN: jobban_keylist was empty
[19:57:34]ADMIN: Updating jobbanfile!
[19:57:34]ADMIN: Loading Banlist
Reading donators.txt
[19:58:01]ACCESS: Login: Catratcat/(Catratcat) from 127.0.0.1-3781439013 || BYOND v498
[19:58:01]ACCESS: Login: Catratcat/(Catratcat) from 127.0.0.1
[19:58:07]ADMIN: Catratcat has started the game.
[19:58:07]ACCESS: Logout: *no client*/(Catratcat)
[19:58:07]ACCESS: Login: Catratcat/(Morgan Bickerson) from 127.0.0.1-3781439013 || BYOND v498
[19:58:27]ADMIN: Catratcat/(Morgan Bickerson) jumped to 39,42,2 in Street
[19:58:38]ADMIN: Catratcat/(Morgan Bickerson) created a /mob/living/carbon/human
[19:58:40]ADMIN: Catratcat/(Morgan Bickerson) created a /mob/living/carbon/human
[19:58:42]ADMIN: Catratcat/(Morgan Bickerson) created a /mob/living/carbon/human
[19:58:44]ADMIN: Catratcat/(Morgan Bickerson) created a /mob/living/carbon/human
[19:58:54]ACCESS: Logout: Catratcat/(Morgan Bickerson)


Starting up. 20:03.03
---------------------

[20:03:03]ADMIN: Loading jobban_rank
[20:03:03]ADMIN: jobban_keylist was empty
[20:03:03]ADMIN: Updating jobbanfile!
[20:03:03]ADMIN: Loading Banlist
Reading donators.txt
[20:03:15]ACCESS: Login: Catratcat/(Catratcat) from 127.0.0.1-3781439013 || BYOND v498
[20:03:15]ACCESS: Login: Catratcat/(Catratcat) from 127.0.0.1
[20:03:21]ADMIN: Catratcat has started the game.
[20:03:22]ACCESS: Logout: *no client*/(Catratcat)
[20:03:22]ACCESS: Login: Catratcat/(Morgan Bickerson) from 127.0.0.1-3781439013 || BYOND v498
[20:03:36]ADMIN: Catratcat/(Morgan Bickerson) jumped to 39,41,2 in Street
[20:03:44]ADMIN: Catratcat/(Morgan Bickerson) created a /mob/living/carbon/human
[20:03:45]ADMIN: Catratcat/(Morgan Bickerson) created a /mob/living/carbon/human
[20:03:47]ADMIN: Catratcat/(Morgan Bickerson) created a /mob/living/carbon/human
[20:03:48]ADMIN: Catratcat/(Morgan Bickerson) created a /mob/living/carbon/human
[20:03:56]ACCESS: Logout: Catratcat/(Morgan Bickerson)


Starting up. 20:05.22
---------------------

[20:05:22]ADMIN: Loading jobban_rank
[20:05:22]ADMIN: jobban_keylist was empty
[20:05:22]ADMIN: Updating jobbanfile!
[20:05:22]ADMIN: Loading Banlist
Reading donators.txt
[20:05:32]ACCESS: Login: Catratcat/(Catratcat) from 127.0.0.1-3781439013 || BYOND v498
[20:05:32]ACCESS: Login: Catratcat/(Catratcat) from 127.0.0.1
[20:05:38]ADMIN: Catratcat has started the game.
[20:05:38]ACCESS: Logout: *no client*/(Catratcat)
[20:05:38]ACCESS: Login: Catratcat/(Morgan Bickerson) from 127.0.0.1-3781439013 || BYOND v498
[20:05:52]ADMIN: Catratcat/(Morgan Bickerson) created a /mob/living/carbon/human
[20:05:54]ADMIN: Catratcat/(Morgan Bickerson) created a /mob/living/carbon/human
[20:05:56]ADMIN: Catratcat/(Morgan Bickerson) created a /mob/living/carbon/human
[20:07:06]ACCESS: Logout: Catratcat/(Morgan Bickerson)


Starting up. 20:09.45
---------------------

[20:09:45]ADMIN: Loading jobban_rank
[20:09:45]ADMIN: jobban_keylist was empty
[20:09:45]ADMIN: Updating jobbanfile!
[20:09:45]ADMIN: Loading Banlist
Reading donators.txt
[20:09:55]ACCESS: Login: Catratcat/(Catratcat) from 127.0.0.1-3781439013 || BYOND v498
[20:09:55]ACCESS: Login: Catratcat/(Catratcat) from 127.0.0.1
[20:10:01]ADMIN: Catratcat has started the game.
[20:10:02]ACCESS: Logout: *no client*/(Catratcat)
[20:10:02]ACCESS: Login: Catratcat/(Morgan Bickerson) from 127.0.0.1-3781439013 || BYOND v498
[20:10:07]ADMIN: Catratcat/(Morgan Bickerson) jumped to 40,41,2 in Street
[20:10:15]ADMIN: Catratcat/(Morgan Bickerson) created a /mob/living/carbon/human
[20:10:16]ADMIN: Catratcat/(Morgan Bickerson) created a /mob/living/carbon/human
[20:10:17]ADMIN: Catratcat/(Morgan Bickerson) created a /mob/living/carbon/human
[20:10:38]ADMIN: Catratcat/(Morgan Bickerson) jumped to 43,47,2 in Street
[20:10:47]ADMIN: Catratcat/(Morgan Bickerson) jumped to 42,41,2 in Street
[20:12:09]ACCESS: Logout: Catratcat/(Morgan Bickerson)


Starting up. 23:11.27
---------------------

[23:11:27]ADMIN: Loading jobban_rank
[23:11:27]ADMIN: jobban_keylist was empty
[23:11:27]ADMIN: Updating jobbanfile!
[23:11:27]ADMIN: Loading Banlist
Reading donators.txt
[23:11:36]ACCESS: Login: Catratcat/(Catratcat) from 127.0.0.1-3781439013 || BYOND v498
[23:11:36]ACCESS: Login: Catratcat/(Catratcat) from 127.0.0.1
[23:11:46]ADMIN: Catratcat has started the game.
[23:11:47]ACCESS: Logout: *no client*/(Catratcat)
[23:11:47]ACCESS: Login: Catratcat/(Morgan Bickerson) from 127.0.0.1-3781439013 || BYOND v498
[23:11:52]ADMIN: Catratcat/(Morgan Bickerson) jumped to 43,41,2 in Street
[23:12:20]ADMIN: Catratcat/(Morgan Bickerson) modified Sosjerky's icon to greencar_.PNG
[23:13:13]ADMIN: Catratcat/(Morgan Bickerson) modified Sosjerky's density to 1
[23:14:08]ACCESS: Logout: Catratcat/(Morgan Bickerson)
