

Starting up. 01:21.44
---------------------

[01:21:44]ADMIN: Loading jobban_rank
[01:21:44]ADMIN: jobban_keylist was empty
[01:21:44]ADMIN: Updating jobbanfile!
[01:21:44]ADMIN: Loading Banlist
Reading donators.txt
[01:21:53]ACCESS: Login: Catratcat/(Catratcat) from 127.0.0.1-3781439013 || BYOND v498
[01:21:53]ACCESS: Login: Catratcat/(Catratcat) from 127.0.0.1
[01:22:23]ADMIN: Catratcat has started the game.
[01:22:25]ACCESS: Logout: *no client*/(Catratcat)
[01:22:25]ACCESS: Login: Catratcat/(Morgan Bickerson) from 127.0.0.1-3781439013 || BYOND v498
[01:22:33]ADMIN: Catratcat/(Morgan Bickerson) jumped to 40,41,2 in Street
[01:24:09]ADMIN: Catratcat/(Morgan Bickerson) created a /obj/item/clothing/under/captainmal
[01:24:20]ADMIN: Catratcat/(Morgan Bickerson) created a /obj/item/clothing/under/rank/captain
[01:24:29]ADMIN: Catratcat/(Morgan Bickerson) created a /obj/item/clothing/under/gimmick/rank/captain/suit
[01:24:32]ADMIN: Catratcat/(Morgan Bickerson) created a /obj/item/clothing/under/gimmick/rank/captain
[01:24:40]ADMIN: Catratcat/(Morgan Bickerson) created a /obj/item/clothing/suit/armor/captain
[01:24:58]ADMIN: Catratcat/(Morgan Bickerson) created a /obj/item/wardrobe/captain
[01:25:42]ADMIN: Catratcat/(Morgan Bickerson) modified Airlock's icon to 2.png
[01:26:11]ADMIN: Catratcat/(Morgan Bickerson) modified Airlock's opacity to 0
[01:30:45]ADMIN: Catratcat/(Morgan Bickerson) created a /obj/structure/car/back
[01:30:49]ADMIN: Catratcat/(Morgan Bickerson) created a /obj/structure/car/middle
[01:30:53]ADMIN: Catratcat/(Morgan Bickerson) created a /obj/structure/car/front
[01:32:05]ADMIN: Catratcat/(Morgan Bickerson) modified back's icon to greencar__12.png
[01:32:23]ADMIN: Catratcat/(Morgan Bickerson) modified middle's icon to greencar__13.png
[01:32:48]ADMIN: Catratcat/(Morgan Bickerson) modified front's icon to greencar__14.png
[01:33:04]ADMIN: Catratcat/(Morgan Bickerson) modified middle's layer to 3
[01:33:06]ADMIN: Catratcat/(Morgan Bickerson) modified middle's layer to 20
[01:33:11]ADMIN: Catratcat/(Morgan Bickerson) modified middle's layer to 10
[01:33:14]ADMIN: Catratcat/(Morgan Bickerson) modified middle's layer to 8
[01:33:29]ADMIN: Catratcat/(Morgan Bickerson) mass modified front's layer to 8
[01:33:44]ADMIN: Catratcat/(Morgan Bickerson) modified back's layer to 8
[01:34:41]ADMIN: Catratcat/(Morgan Bickerson) modified Sosjerky's luminosity to 0
[01:34:43]ADMIN: Catratcat/(Morgan Bickerson) modified Sosjerky's luminosity to 8
[01:34:47]ADMIN: Catratcat/(Morgan Bickerson) modified Sosjerky's luminosity to 10
[01:35:16]ADMIN: Catratcat/(Morgan Bickerson) modified stone's luminosity to 10
[01:35:27]ADMIN: Catratcat/(Morgan Bickerson) modified floor's luminosity to 10
[01:35:37]ADMIN: Catratcat/(Morgan Bickerson) modified wooden barricade's luminosity to 12
[01:36:23]ADMIN: Catratcat/(Morgan Bickerson) jumped to 38,36,2 in Street
[01:41:34]ACCESS: Logout: Catratcat/(Morgan Bickerson)


Starting up. 22:06.24
---------------------

[22:06:24]ADMIN: Loading jobban_rank
[22:06:24]ADMIN: jobban_keylist was empty
[22:06:24]ADMIN: Updating jobbanfile!
[22:06:24]ADMIN: Loading Banlist
Reading donators.txt
[22:06:39]ACCESS: Login: Catratcat/(Catratcat) from 127.0.0.1-3781439013 || BYOND v498
[22:06:39]ACCESS: Login: Catratcat/(Catratcat) from 127.0.0.1
[22:06:49]ADMIN: Catratcat has started the game.
[22:06:50]ACCESS: Logout: *no client*/(Catratcat)
[22:06:50]ACCESS: Login: Catratcat/(Morgan Bickerson) from 127.0.0.1-3781439013 || BYOND v498
[22:06:57]ADMIN: Catratcat/(Morgan Bickerson) jumped to 40,42,2 in Street
[22:07:25]ADMIN: Catratcat/(Morgan Bickerson) created a /obj/structure/stool/bed/chair/motorcycle
[22:07:34]ADMIN: Catratcat/(Morgan Bickerson) created a /obj/item/key
[22:08:54]ADMIN: Catratcat/(Morgan Bickerson) modified captain's hoverbike's density to 0
[22:08:57]ADMIN: Catratcat/(Morgan Bickerson) modified captain's hoverbike's density to 1
[22:09:24]ADMIN: Catratcat/(Morgan Bickerson) modified captain's hoverbike's pixel_step_size to 32
[22:09:45]ADMIN: Catratcat/(Morgan Bickerson) has possessed the captain's hoverbike (/obj/structure/stool/bed/chair/motorcycle) at (36, 36, 2)
[22:10:09]ADMIN: ATTACK: the captain's hoverbike as (Morgan Bickerson) (catratcat) attacked the captain's hoverbike as (Morgan Bickerson) (catratcat) with the captain's hoverbike key.
[22:10:46]ACCESS: Logout: Catratcat/(captain's hoverbike)


Starting up. 22:24.36
---------------------

[22:24:36]ADMIN: Loading jobban_rank
[22:24:36]ADMIN: jobban_keylist was empty
[22:24:36]ADMIN: Updating jobbanfile!
[22:24:36]ADMIN: Loading Banlist
Reading donators.txt


Starting up. 22:25.38
---------------------

[22:25:38]ADMIN: Loading jobban_rank
[22:25:38]ADMIN: jobban_keylist was empty
[22:25:38]ADMIN: Updating jobbanfile!
[22:25:38]ADMIN: Loading Banlist
Reading donators.txt
[22:26:23]ACCESS: Login: Catratcat/(Catratcat) from 127.0.0.1-3781439013 || BYOND v498
[22:26:23]ACCESS: Login: Catratcat/(Catratcat) from 127.0.0.1
[22:26:31]ADMIN: Catratcat has started the game.
[22:26:32]ACCESS: Logout: *no client*/(Catratcat)
[22:26:32]ACCESS: Login: Catratcat/(Morgan Bickerson) from 127.0.0.1-3781439013 || BYOND v498
[22:26:37]ADMIN: Catratcat/(Morgan Bickerson) jumped to 41,42,2 in Street
[22:27:04]ADMIN: Catratcat/(Morgan Bickerson) created a /obj/structure/stool/bed/chair/motorcycle
[22:27:10]ADMIN: Catratcat/(Morgan Bickerson) created a /obj/item/key
[22:27:38]ADMIN: Catratcat/(Morgan Bickerson) has possessed the captain's hoverbike (/obj/structure/stool/bed/chair/motorcycle) at (36, 36, 2)
[22:29:15]ACCESS: Logout: Catratcat/(captain's hoverbike)


Starting up. 22:37.00
---------------------

[22:37:00]ADMIN: Loading jobban_rank
[22:37:00]ADMIN: jobban_keylist was empty
[22:37:00]ADMIN: Updating jobbanfile!
[22:37:00]ADMIN: Loading Banlist
Reading donators.txt
[22:37:09]ACCESS: Login: Catratcat/(Catratcat) from 127.0.0.1-3781439013 || BYOND v498
[22:37:09]ACCESS: Login: Catratcat/(Catratcat) from 127.0.0.1
[22:37:18]ADMIN: Catratcat has started the game.
[22:37:19]ACCESS: Logout: *no client*/(Catratcat)
[22:37:19]ACCESS: Login: Catratcat/(Morgan Bickerson) from 127.0.0.1-3781439013 || BYOND v498
[22:37:25]ADMIN: Catratcat/(Morgan Bickerson) jumped to 41,41,2 in Street
[22:42:49]ADMIN: Catratcat/(Morgan Bickerson) created a /obj/structure/stool/bed/chair/motorcycle
[22:43:01]ADMIN: Catratcat/(Morgan Bickerson) created a /obj/item/key
[22:43:20]ADMIN: Catratcat/(Morgan Bickerson) has possessed the captain's hoverbike (/obj/structure/stool/bed/chair/motorcycle) at (36, 37, 2)
[22:43:28]ADMIN: ATTACK: the captain's hoverbike as (Morgan Bickerson) (catratcat) attacked the captain's hoverbike as (Morgan Bickerson) (catratcat) with the captain's hoverbike key.
[22:44:35]ACCESS: Logout: Catratcat/(captain's hoverbike)


Starting up. 22:51.20
---------------------

[22:51:20]ADMIN: Loading jobban_rank
[22:51:20]ADMIN: jobban_keylist was empty
[22:51:20]ADMIN: Updating jobbanfile!
[22:51:20]ADMIN: Loading Banlist
Reading donators.txt
[22:51:29]ACCESS: Login: Catratcat/(Catratcat) from 127.0.0.1-3781439013 || BYOND v498
[22:51:29]ACCESS: Login: Catratcat/(Catratcat) from 127.0.0.1
[22:51:35]ADMIN: Catratcat has started the game.
[22:51:36]ACCESS: Logout: *no client*/(Catratcat)
[22:51:36]ACCESS: Login: Catratcat/(Morgan Bickerson) from 127.0.0.1-3781439013 || BYOND v498
[22:51:41]ADMIN: Catratcat/(Morgan Bickerson) jumped to 42,42,2 in Street
[22:52:09]ADMIN: Catratcat/(Morgan Bickerson) created a /obj/structure/stool/bed/chair/motorcycle
[22:52:15]ADMIN: Catratcat/(Morgan Bickerson) created a /obj/item/key
[22:57:21]ACCESS: Logout: Catratcat/(Morgan Bickerson)


Starting up. 23:02.31
---------------------

[23:02:31]ADMIN: Loading jobban_rank
[23:02:31]ADMIN: jobban_keylist was empty
[23:02:31]ADMIN: Updating jobbanfile!
[23:02:31]ADMIN: Loading Banlist
Reading donators.txt
[23:03:18]ACCESS: Login: Catratcat/(Catratcat) from 127.0.0.1-3781439013 || BYOND v498
[23:03:18]ACCESS: Login: Catratcat/(Catratcat) from 127.0.0.1
[23:03:23]ADMIN: Catratcat has started the game.
[23:03:23]ACCESS: Logout: *no client*/(Catratcat)
[23:03:23]ACCESS: Login: Catratcat/(Morgan Bickerson) from 127.0.0.1-3781439013 || BYOND v498
[23:03:29]ADMIN: Catratcat/(Morgan Bickerson) jumped to 39,40,2 in Street
[23:05:42]ADMIN: Catratcat/(Morgan Bickerson) created a /obj/structure/stool/bed/chair/motorcycle
[23:05:49]ADMIN: Catratcat/(Morgan Bickerson) created a /obj/item/key
[23:06:18]ADMIN: Catratcat/(Morgan Bickerson) modified captain's hoverbike's anchored to 0
[23:06:30]ADMIN: Catratcat/(Morgan Bickerson) modified Morgan Bickerson's canmove to 1
[23:06:52]ACCESS: Logout: Catratcat/(Morgan Bickerson)


Starting up. 23:19.19
---------------------

[23:19:19]ADMIN: Loading jobban_rank
[23:19:19]ADMIN: jobban_keylist was empty
[23:19:19]ADMIN: Updating jobbanfile!
[23:19:19]ADMIN: Loading Banlist
Reading donators.txt


Starting up. 23:28.29
---------------------

[23:28:29]ADMIN: Loading jobban_rank
[23:28:29]ADMIN: jobban_keylist was empty
[23:28:29]ADMIN: Updating jobbanfile!
[23:28:29]ADMIN: Loading Banlist
Reading donators.txt
[23:28:39]ACCESS: Login: Catratcat/(Catratcat) from 127.0.0.1-3781439013 || BYOND v498
[23:28:39]ACCESS: Login: Catratcat/(Catratcat) from 127.0.0.1
[23:29:22]ADMIN: Catratcat has started the game.
[23:29:23]ACCESS: Logout: *no client*/(Catratcat)
[23:29:23]ACCESS: Login: Catratcat/(Morgan Bickerson) from 127.0.0.1-3781439013 || BYOND v498
[23:33:38]ADMIN: Catratcat/(Morgan Bickerson) jumped to 39,41,2 in Street
[23:34:01]ADMIN: Catratcat/(Morgan Bickerson) created a /obj/structure/stool/bed/chair/motorcycle
[23:34:09]ADMIN: Catratcat/(Morgan Bickerson) created a /obj/item/key
[23:34:34]ADMIN: Catratcat/(Morgan Bickerson) modified Morgan Bickerson's anchored to 0
[23:34:59]ACCESS: Logout: Catratcat/(Morgan Bickerson)


Starting up. 23:39.30
---------------------

[23:39:30]ADMIN: Loading jobban_rank
[23:39:30]ADMIN: jobban_keylist was empty
[23:39:30]ADMIN: Updating jobbanfile!
[23:39:30]ADMIN: Loading Banlist
Reading donators.txt
[23:39:48]ACCESS: Login: Catratcat/(Catratcat) from 127.0.0.1-3781439013 || BYOND v498
[23:39:48]ACCESS: Login: Catratcat/(Catratcat) from 127.0.0.1
[23:41:14]ADMIN: Catratcat has started the game.
[23:41:15]ACCESS: Logout: *no client*/(Catratcat)
[23:41:15]ACCESS: Login: Catratcat/(Morgan Bickerson) from 127.0.0.1-3781439013 || BYOND v498
[23:41:24]ADMIN: Catratcat/(Morgan Bickerson) jumped to 38,40,2 in Street
[23:41:48]ADMIN: Catratcat/(Morgan Bickerson) created a /obj/structure/stool/bed/chair/motorcycle
[23:41:57]ADMIN: Catratcat/(Morgan Bickerson) created a /obj/item/key
[23:42:21]ADMIN: Catratcat/(Morgan Bickerson) modified captain's hoverbike's anchored to 0
[23:42:45]ACCESS: Logout: Catratcat/(Morgan Bickerson)


Starting up. 23:47.08
---------------------

[23:47:08]ADMIN: Loading jobban_rank
[23:47:08]ADMIN: jobban_keylist was empty
[23:47:08]ADMIN: Updating jobbanfile!
[23:47:08]ADMIN: Loading Banlist
Reading donators.txt
[23:49:31]ACCESS: Login: Catratcat/(Catratcat) from 127.0.0.1-3781439013 || BYOND v498
[23:49:31]ACCESS: Login: Catratcat/(Catratcat) from 127.0.0.1
[23:49:36]ADMIN: Catratcat has started the game.
[23:49:37]ACCESS: Logout: *no client*/(Catratcat)
[23:49:37]ACCESS: Login: Catratcat/(Morgan Bickerson) from 127.0.0.1-3781439013 || BYOND v498
[23:49:43]ADMIN: Catratcat/(Morgan Bickerson) jumped to 38,41,2 in Street
[23:50:04]ADMIN: Catratcat/(Morgan Bickerson) created a /obj/structure/stool/bed/chair/motorcycle
[23:50:12]ADMIN: Catratcat/(Morgan Bickerson) created a /obj/item/key
[23:50:30]ADMIN: Catratcat/(Morgan Bickerson) has possessed the captain's hoverbike (/obj/structure/stool/bed/chair/motorcycle) at (36, 37, 2)
[23:51:15]ADMIN: Catratcat/(Morgan Bickerson) modified captain's hoverbike's anchored to 0
[23:51:24]ADMIN: Catratcat/(Morgan Bickerson) modified Morgan Bickerson's anchored to 0
[23:51:52]ACCESS: Logout: Catratcat/(Morgan Bickerson)


Starting up. 23:54.31
---------------------

[23:54:31]ADMIN: Loading jobban_rank
[23:54:31]ADMIN: jobban_keylist was empty
[23:54:31]ADMIN: Updating jobbanfile!
[23:54:31]ADMIN: Loading Banlist
Reading donators.txt
[23:54:47]ACCESS: Login: Catratcat/(Catratcat) from 127.0.0.1-3781439013 || BYOND v498
[23:54:47]ACCESS: Login: Catratcat/(Catratcat) from 127.0.0.1
[23:54:53]ADMIN: Catratcat has started the game.
[23:54:54]ACCESS: Logout: *no client*/(Catratcat)
[23:54:54]ACCESS: Login: Catratcat/(Morgan Bickerson) from 127.0.0.1-3781439013 || BYOND v498
[23:55:01]ADMIN: Catratcat/(Morgan Bickerson) jumped to 37,41,2 in Street
[23:55:28]ADMIN: Catratcat/(Morgan Bickerson) created a /obj/structure/stool/bed/chair/motorcycle/sec, /obj/structure/stool/bed/chair/motorcycle/eng, /obj/structure/stool/bed/chair/motorcycle/syn, and /obj/structure/stool/bed/chair/motorcycle
[23:55:37]ADMIN: Catratcat/(Morgan Bickerson) deleted the suspicious hoverbike at (35,37,2)
[23:55:41]ADMIN: Catratcat/(Morgan Bickerson) deleted the engineering hoverbike at (35,37,2)
[23:55:43]ADMIN: Catratcat/(Morgan Bickerson) deleted the security hoverbike at (35,37,2)
[23:55:52]ADMIN: Catratcat/(Morgan Bickerson) created a /obj/item/key
[23:56:20]ADMIN: Catratcat/(Morgan Bickerson) modified captain's hoverbike's anchored to 0
[23:56:37]ADMIN: Catratcat/(Morgan Bickerson) modified Morgan Bickerson's anchored to 0
[23:56:47]ADMIN: Catratcat/(Morgan Bickerson) modified Morgan Bickerson's canmove to 0
[23:57:20]ACCESS: Logout: Catratcat/(Morgan Bickerson)
