

Starting up. 21:03.21
---------------------

[21:03:21]ADMIN: Loading jobban_rank
[21:03:21]ADMIN: jobban_keylist was empty
[21:03:21]ADMIN: Updating jobbanfile!
[21:03:21]ADMIN: Loading Banlist
Reading donators.txt
[21:03:31]ACCESS: Login: Catratcat/(Catratcat) from 127.0.0.1-3781439013 || BYOND v498
[21:03:32]ACCESS: Login: Catratcat/(Catratcat) from 127.0.0.1
[21:03:39]ADMIN: Catratcat has started the game.
[21:03:41]ACCESS: Logout: *no client*/(Catratcat)
[21:03:41]ACCESS: Login: Catratcat/(Morgan Bickerson) from 127.0.0.1-3781439013 || BYOND v498
[21:03:50]ADMIN: Catratcat/(Morgan Bickerson) jumped to 38,41,2 in Street
[21:04:14]ADMIN: Catratcat/(Morgan Bickerson) created a /obj/structure/stool/bed/chair/motorcycle
[21:04:22]ADMIN: Catratcat/(Morgan Bickerson) created a /obj/item/key
[21:06:10]ADMIN: Catratcat/(Morgan Bickerson) deleted Shutters at (26,63,1)
[21:06:14]ADMIN: Catratcat/(Morgan Bickerson) deleted Shutters at (25,63,1)
[21:06:55]EMOTE: Morgan Bickerson/Catratcat : <B>Morgan Bickerson</B> screams!
[21:07:34]ADMIN: Catratcat/(Morgan Bickerson) healed / revived Catratcat/(Morgan Bickerson)
[21:08:24]ACCESS: Logout: Catratcat/(Morgan Bickerson)


Starting up. 22:55.03
---------------------

[22:55:03]ADMIN: Loading jobban_rank
[22:55:03]ADMIN: jobban_keylist was empty
[22:55:03]ADMIN: Updating jobbanfile!
[22:55:03]ADMIN: Loading Banlist
Reading donators.txt
[22:55:19]ACCESS: Login: Catratcat/(Catratcat) from 127.0.0.1-3781439013 || BYOND v498
[22:55:19]ACCESS: Login: Catratcat/(Catratcat) from 127.0.0.1
[22:55:28]ADMIN: Catratcat has started the game.
[22:55:29]ACCESS: Logout: *no client*/(Catratcat)
[22:55:29]ACCESS: Login: Catratcat/(Morgan Bickerson) from 127.0.0.1-3781439013 || BYOND v498
[22:55:35]ADMIN: Catratcat/(Morgan Bickerson) jumped to 38,40,2 in Street
[22:56:04]ADMIN: Catratcat/(Morgan Bickerson) created a /obj/item/key/bobber
[22:56:08]ADMIN: Catratcat/(Morgan Bickerson) created a /obj/structure/stool/bed/chair/motorcycle/bobber
[22:57:46]ACCESS: Logout: Catratcat/(Morgan Bickerson)


Starting up. 23:19.18
---------------------

[23:19:18]ADMIN: Loading jobban_rank
[23:19:18]ADMIN: jobban_keylist was empty
[23:19:18]ADMIN: Updating jobbanfile!
[23:19:18]ADMIN: Loading Banlist
Reading donators.txt
[23:19:31]ACCESS: Login: Catratcat/(Catratcat) from 127.0.0.1-3781439013 || BYOND v498
[23:19:31]ACCESS: Login: Catratcat/(Catratcat) from 127.0.0.1
[23:19:41]ACCESS: Logout: Catratcat/(Catratcat)
[23:19:41]ACCESS: Login: Catratcat/(Catratcat) from 127.0.0.1-3781439013 || BYOND v498
[23:19:41]ACCESS: Login: Catratcat/(Catratcat) from 127.0.0.1
[23:19:57]ADMIN: Catratcat has started the game.
[23:19:58]ACCESS: Logout: *no client*/(Catratcat)
[23:19:58]ACCESS: Login: Catratcat/(Morgan Bickerson) from 127.0.0.1-3781439013 || BYOND v498
[23:20:03]ADMIN: Catratcat/(Morgan Bickerson) jumped to 40,42,2 in Street
[23:20:30]ADMIN: Catratcat/(Morgan Bickerson) created a /obj/item/key/bobber
[23:20:32]ADMIN: Catratcat/(Morgan Bickerson) created a /obj/structure/stool/bed/chair/motorcycle/bobber
[23:21:52]ADMIN: Catratcat/(Morgan Bickerson) modified bobber's layer to 8
[23:22:06]ADMIN: Catratcat/(Morgan Bickerson) modified bobber's layer to 8
[23:23:18]ACCESS: Logout: Catratcat/(Morgan Bickerson)
