

Starting up. 00:21.45
---------------------

[00:21:45]ADMIN: Loading jobban_rank
[00:21:45]ADMIN: jobban_keylist was empty
[00:21:45]ADMIN: Updating jobbanfile!
[00:21:45]ADMIN: Loading Banlist
Reading donators.txt
[00:21:50]ACCESS: Login: Catratcat/(Catratcat) from 127.0.0.1-3781439013 || BYOND v498
[00:21:50]ACCESS: Login: Catratcat/(Catratcat) from 127.0.0.1
[00:21:59]ADMIN: Catratcat has started the game.
[00:21:59]ACCESS: Logout: *no client*/(Catratcat)
[00:21:59]ACCESS: Login: Catratcat/(Morgan Bickerson) from 127.0.0.1-3781439013 || BYOND v498
[00:22:04]ADMIN: Catratcat/(Morgan Bickerson) jumped to 41,41,2 in Street
[00:22:31]ADMIN: Catratcat/(Morgan Bickerson) created a /obj/structure/stool/bed/chair/motorcycle/bobber
[00:22:35]ADMIN: Catratcat/(Morgan Bickerson) created a /obj/item/key/bobber
[00:23:42]ACCESS: Logout: Catratcat/(Morgan Bickerson)


Starting up. 00:26.18
---------------------

[00:26:18]ADMIN: Loading jobban_rank
[00:26:18]ADMIN: jobban_keylist was empty
[00:26:18]ADMIN: Updating jobbanfile!
[00:26:18]ADMIN: Loading Banlist
Reading donators.txt
[00:26:54]ACCESS: Login: Catratcat/(Catratcat) from 127.0.0.1-3781439013 || BYOND v498
[00:26:54]ACCESS: Login: Catratcat/(Catratcat) from 127.0.0.1
[00:26:59]ADMIN: Catratcat has started the game.
[00:26:59]ACCESS: Logout: *no client*/(Catratcat)
[00:26:59]ACCESS: Login: Catratcat/(Morgan Bickerson) from 127.0.0.1-3781439013 || BYOND v498
[00:27:04]ADMIN: Catratcat/(Morgan Bickerson) jumped to 40,41,2 in Street
[00:27:34]ADMIN: Catratcat/(Morgan Bickerson) created a /obj/structure/stool/bed/chair/motorcycle/bobber
[00:27:37]ADMIN: Catratcat/(Morgan Bickerson) created a /obj/item/key/bobber
[00:28:02]ACCESS: Logout: Catratcat/(Morgan Bickerson)


Starting up. 00:42.53
---------------------

[00:42:53]ADMIN: Loading jobban_rank
[00:42:53]ADMIN: jobban_keylist was empty
[00:42:53]ADMIN: Updating jobbanfile!
[00:42:53]ADMIN: Loading Banlist
Reading donators.txt
[00:43:07]ACCESS: Login: Catratcat/(Catratcat) from 127.0.0.1-3781439013 || BYOND v498
[00:43:07]ACCESS: Login: Catratcat/(Catratcat) from 127.0.0.1
[00:43:13]ADMIN: Catratcat has started the game.
[00:43:13]ACCESS: Logout: *no client*/(Catratcat)
[00:43:13]ACCESS: Login: Catratcat/(Morgan Bickerson) from 127.0.0.1-3781439013 || BYOND v498
[00:43:18]ADMIN: Catratcat/(Morgan Bickerson) jumped to 40,42,2 in Street
[00:43:44]ADMIN: Catratcat/(Morgan Bickerson) created a /obj/item/key/bobber
[00:43:46]ADMIN: Catratcat/(Morgan Bickerson) created a /obj/structure/stool/bed/chair/motorcycle/bobber
[00:44:19]ADMIN: Catratcat/(Morgan Bickerson) modified Morgan Bickerson's pixel_y to -4
[00:44:25]ADMIN: Catratcat/(Morgan Bickerson) modified Morgan Bickerson's pixel_y to 0
[00:44:32]ACCESS: Logout: *no client*/(Morgan Bickerson)
[00:44:32]ACCESS: Login: Catratcat/(Morgan Bickerson) from 127.0.0.1-3781439013 || BYOND v498
[00:44:46]ADMIN: Catratcat/(Morgan Bickerson) deleted Morgan Bickerson at (35,36,2)
[00:44:46]ACCESS: Logout: *no client*/(Morgan Bickerson)
[00:44:46]ACCESS: Login: Catratcat/(Morgan Bickerson) from 127.0.0.1-3781439013 || BYOND v498
[00:44:46]EMOTE: Morgan Bickerson/ : <B>Morgan Bickerson</B> snores.
[00:44:49]EMOTE: Morgan Bickerson/ : <B>Morgan Bickerson</B> snores.
[00:44:55]ACCESS: Logout: Catratcat/(Morgan Bickerson)


Starting up. 00:45.02
---------------------

[00:45:02]ADMIN: Loading jobban_rank
[00:45:02]ADMIN: jobban_keylist was empty
[00:45:02]ADMIN: Updating jobbanfile!
[00:45:02]ADMIN: Loading Banlist
Reading donators.txt
[00:45:06]ACCESS: Login: Catratcat/(Catratcat) from 127.0.0.1-3781439013 || BYOND v498
[00:45:06]ACCESS: Login: Catratcat/(Catratcat) from 127.0.0.1
[00:45:16]ADMIN: Catratcat has started the game.
[00:45:17]ACCESS: Logout: *no client*/(Catratcat)
[00:45:17]ACCESS: Login: Catratcat/(Morgan Bickerson) from 127.0.0.1-3781439013 || BYOND v498
[00:47:02]ADMIN: Catratcat/(Morgan Bickerson) jumped to 40,41,2 in Street
[00:47:23]ADMIN: Catratcat/(Morgan Bickerson) created a /obj/structure/stool/bed/chair/motorcycle/bobber
[00:47:25]ADMIN: Catratcat/(Morgan Bickerson) created a /obj/structure/stool/bed/chair/motorcycle/bobber
[00:47:27]ADMIN: Catratcat/(Morgan Bickerson) created a /obj/structure/stool/bed/chair/motorcycle/bobber
[00:47:49]ADMIN: Catratcat/(Morgan Bickerson) created a /obj/item/key/bobber
[00:48:40]ADMIN: Catratcat/(Morgan Bickerson) modified bobber's pixel_y to -4
[00:48:48]ACCESS: Logout: *no client*/(Morgan Bickerson)
[00:48:48]ACCESS: Login: Catratcat/(Morgan Bickerson) from 127.0.0.1-3781439013 || BYOND v498
[00:48:57]ACCESS: Logout: *no client*/(Morgan Bickerson)
[00:48:57]ACCESS: Login: catratcat/(ghost) from 127.0.0.1-3781439013 || BYOND v498
[00:48:57]ACCESS: Logout: *no client*/(ghost)
[00:48:57]ACCESS: Login: catratcat/(Morgan Bickerson) from 127.0.0.1-3781439013 || BYOND v498
[00:48:57]ADMIN: catratcat/(Morgan Bickerson) assumed direct control of Morgan Bickerson.
[00:49:01]EMOTE: Morgan Bickerson/ : <B>Morgan Bickerson</B> snores.
[00:49:03]ADMIN: catratcat/(Morgan Bickerson) deleted Morgan Bickerson at (37,37,2)
[00:49:03]ACCESS: Logout: *no client*/(Morgan Bickerson)
[00:49:03]ACCESS: Login: Catratcat/(Morgan Bickerson) from 127.0.0.1-3781439013 || BYOND v498
[00:49:04]EMOTE: Morgan Bickerson/ : <B>Morgan Bickerson</B> snores.
[00:49:14]EMOTE: Morgan Bickerson/ : <B>Morgan Bickerson</B> snores.
[00:49:16]ADMIN: Catratcat/(Morgan Bickerson) modified bobber's pixel_y to 4
[00:49:16]EMOTE: Morgan Bickerson/ : <B>Morgan Bickerson</B> snores.
[00:49:20]EMOTE: Morgan Bickerson/ : <B>Morgan Bickerson</B> snores.
[00:49:21]ADMIN: Catratcat/(Morgan Bickerson) modified bobber's pixel_y to -4
[00:49:21]EMOTE: Morgan Bickerson/ : <B>Morgan Bickerson</B> snores.
[00:49:26]ADMIN: Catratcat/(Morgan Bickerson) deleted the bobber at (36,38,2)
[00:49:29]EMOTE: Morgan Bickerson/ : <B>Morgan Bickerson</B> snores.
[00:49:40]EMOTE: Morgan Bickerson/ : <B>Morgan Bickerson</B> snores.
[00:49:44]EMOTE: Morgan Bickerson/ : <B>Morgan Bickerson</B> snores.
[00:49:54]ACCESS: Logout: Catratcat/(Morgan Bickerson)
