

Starting up. 15:20.50
---------------------

[15:20:50]ADMIN: Loading jobban_rank
[15:20:50]ADMIN: jobban_keylist was empty
[15:20:50]ADMIN: Updating jobbanfile!
[15:20:50]ADMIN: Loading Banlist
Reading donators.txt
[15:21:03]ACCESS: Login: Catratcat/(Catratcat) from 127.0.0.1-2406761028 || BYOND v498
[15:21:03]ACCESS: Login: Catratcat/(Catratcat) from 127.0.0.1
[15:21:11]ADMIN: Catratcat has started the game.
[15:21:12]ACCESS: Logout: *no client*/(Catratcat)
[15:21:12]ACCESS: Login: Catratcat/(Morgan Bickerson) from 127.0.0.1-2406761028 || BYOND v498
[15:21:18]ADMIN: Catratcat/(Morgan Bickerson) jumped to 38,41,2 in Street
[15:21:45]ADMIN: Catratcat/(Morgan Bickerson) created a /obj/item/key/bobber
[15:21:50]ADMIN: Catratcat/(Morgan Bickerson) created a /obj/structure/stool/bed/chair/motorcycle/bobber
[15:22:31]ACCESS: Logout: Catratcat/(Morgan Bickerson)


Starting up. 15:23.56
---------------------

[15:23:56]ADMIN: Loading jobban_rank
[15:23:56]ADMIN: jobban_keylist was empty
[15:23:56]ADMIN: Updating jobbanfile!
[15:23:56]ADMIN: Loading Banlist
Reading donators.txt
[15:24:01]ACCESS: Login: Catratcat/(Catratcat) from 127.0.0.1-2406761028 || BYOND v498
[15:24:01]ACCESS: Login: Catratcat/(Catratcat) from 127.0.0.1
[15:24:06]ADMIN: Catratcat has started the game.
[15:24:07]ACCESS: Logout: *no client*/(Catratcat)
[15:24:07]ACCESS: Login: Catratcat/(Morgan Bickerson) from 127.0.0.1-2406761028 || BYOND v498
[15:24:13]ADMIN: Catratcat/(Morgan Bickerson) jumped to 40,41,2 in Street
[15:24:37]ADMIN: Catratcat/(Morgan Bickerson) created a /obj/item/key/bobber
[15:24:39]ADMIN: Catratcat/(Morgan Bickerson) created a /obj/structure/stool/bed/chair/motorcycle/bobber
[15:25:38]ACCESS: Logout: Catratcat/(Morgan Bickerson)


Starting up. 15:31.59
---------------------

[15:31:59]ADMIN: Loading jobban_rank
[15:31:59]ADMIN: jobban_keylist was empty
[15:31:59]ADMIN: Updating jobbanfile!
[15:31:59]ADMIN: Loading Banlist
Reading donators.txt
[15:32:03]ACCESS: Login: Catratcat/(Catratcat) from 127.0.0.1-2406761028 || BYOND v498
[15:32:03]ACCESS: Login: Catratcat/(Catratcat) from 127.0.0.1
[15:32:08]ADMIN: Catratcat has started the game.
[15:32:09]ACCESS: Logout: *no client*/(Catratcat)
[15:32:09]ACCESS: Login: Catratcat/(Morgan Bickerson) from 127.0.0.1-2406761028 || BYOND v498
[15:32:18]ADMIN: Catratcat/(Morgan Bickerson) jumped to 37,42,2 in Street
[15:32:45]ADMIN: Catratcat/(Morgan Bickerson) created a /obj/structure/stool/bed/chair/motorcycle/bobber
[15:32:47]ADMIN: Catratcat/(Morgan Bickerson) created a /obj/item/key/bobber
[15:33:34]ACCESS: Logout: Catratcat/(Morgan Bickerson)


Starting up. 16:49.51
---------------------

[16:49:51]ADMIN: Loading jobban_rank
[16:49:51]ADMIN: jobban_keylist was empty
[16:49:51]ADMIN: Updating jobbanfile!
[16:49:51]ADMIN: Loading Banlist
Reading donators.txt
[16:50:25]ACCESS: Login: Catratcat/(Catratcat) from 127.0.0.1-2406761028 || BYOND v498
[16:50:25]ACCESS: Login: Catratcat/(Catratcat) from 127.0.0.1
[16:50:36]ADMIN: Catratcat has started the game.
[16:50:37]ACCESS: Logout: *no client*/(Catratcat)
[16:50:37]ACCESS: Login: Catratcat/(Morgan Bickerson) from 127.0.0.1-2406761028 || BYOND v498
[16:50:43]ADMIN: Catratcat/(Morgan Bickerson) jumped to 40,42,2 in Street
[16:51:12]ADMIN: Catratcat/(Morgan Bickerson) created a /obj/item/key/bobber
[16:51:14]ADMIN: Catratcat/(Morgan Bickerson) created a /obj/structure/stool/bed/chair/motorcycle/bobber
[16:51:37]ADMIN: Catratcat/(Morgan Bickerson) modified bobber's fuel to 100
[16:52:35]ADMIN: Catratcat/(Morgan Bickerson) jumped to 43,47,2 in Street
[16:52:47]ADMIN: Catratcat/(Morgan Bickerson) jumped to 36,41,2 in Street
[16:53:41]ACCESS: Logout: Catratcat/(Morgan Bickerson)
