

Starting up. 14:19.56
---------------------

[14:19:56]ADMIN: Loading jobban_rank
[14:19:56]ADMIN: jobban_keylist was empty
[14:19:56]ADMIN: Updating jobbanfile!
[14:19:56]ADMIN: Loading Banlist
Reading donators.txt
[14:22:49]ACCESS: Login: Catratcat/(Catratcat) from 127.0.0.1-3781439013 || BYOND v498
[14:22:49]ACCESS: Login: Catratcat/(Catratcat) from 127.0.0.1
[14:23:12]ADMIN: Catratcat has started the game.
[14:23:13]ACCESS: Logout: *no client*/(Catratcat)
[14:23:13]ACCESS: Login: Catratcat/(Morgan Bickerson) from 127.0.0.1-3781439013 || BYOND v498
[14:23:17]ADMIN: Catratcat/(Morgan Bickerson) jumped to 76,112,2 in Street
[14:24:02]ADMIN: Catratcat/(Morgan Bickerson) created 5ea /obj/effect/critter/dog
[14:24:10]EMOTE: Morgan Bickerson/Catratcat : <B>Morgan Bickerson</B> screams!
[14:24:15]EMOTE: Morgan Bickerson/Catratcat : <B>Morgan Bickerson</B> screams!
[14:24:16]EMOTE: Morgan Bickerson/Catratcat : <B>Morgan Bickerson</B> screams!
[14:24:19]EMOTE: Morgan Bickerson/Catratcat : <B>Morgan Bickerson</B> screams!
[14:24:19]ADMIN: Catratcat/(Morgan Bickerson) healed / revived Catratcat/(Morgan Bickerson)
[14:24:27]ADMIN: Catratcat/(Morgan Bickerson) jumped to 73,116,2 in Street
[14:24:27]EMOTE: Morgan Bickerson/Catratcat : <B>Morgan Bickerson</B> screams!
[14:24:30]ADMIN: Catratcat/(Morgan Bickerson) healed / revived Catratcat/(Morgan Bickerson)
[14:24:45]ADMIN: Catratcat/(Morgan Bickerson) jumped to 75,112,2 in Street
[14:25:04]ADMIN: Catratcat/(Morgan Bickerson) healed / revived Catratcat/(Morgan Bickerson)
[14:25:12]ADMIN: Catratcat/(Morgan Bickerson) jumped to 78,114,1 in the Quartermasters
[14:25:15]ADMIN: Catratcat/(Morgan Bickerson) jumped to 78,116,1 in the Quartermasters
[14:25:20]ADMIN: Catratcat/(Morgan Bickerson) healed / revived Catratcat/(Morgan Bickerson)
[14:25:31]ADMIN: Catratcat/(Morgan Bickerson) changed the equipment of Catratcat/(Morgan Bickerson) to metropolis police.
[14:25:40]ADMIN: Catratcat/(Morgan Bickerson) jumped to 64,112,2 in Street
[14:25:53]EMOTE: Morgan Bickerson/Catratcat : <B>Morgan Bickerson</B> screams!
[14:26:16]ADMIN: Catratcat/(Morgan Bickerson) modified Dog's icon_state to dog-attack
[14:26:27]ACCESS: Logout: Catratcat/(Morgan Bickerson)
