

Starting up. 14:30.38
---------------------

[14:30:38]ADMIN: Loading jobban_rank
[14:30:38]ADMIN: jobban_keylist was empty
[14:30:38]ADMIN: Updating jobbanfile!
[14:30:38]ADMIN: Loading Banlist
Reading donators.txt
[14:30:54]ACCESS: Login: Catratcat/(Catratcat) from 127.0.0.1-2406761028 || BYOND v498
[14:30:54]ACCESS: Login: Catratcat/(Catratcat) from 127.0.0.1
[14:30:55]ACCESS: Logout: Catratcat/(Catratcat)
[14:30:55]ACCESS: Login: Catratcat/(Catratcat) from 127.0.0.1-2406761028 || BYOND v498
[14:30:55]ACCESS: Login: Catratcat/(Catratcat) from 127.0.0.1
[14:31:09]ADMIN: Catratcat has started the game.
[14:31:10]ACCESS: Logout: *no client*/(Catratcat)
[14:31:10]ACCESS: Login: Catratcat/(Morgan Bickerson) from 127.0.0.1-2406761028 || BYOND v498
[14:31:23]ADMIN: Catratcat/(Morgan Bickerson) jumped to 38,41,2 in Street
[14:31:53]ADMIN: Catratcat/(Morgan Bickerson) created a /obj/structure/stool/bed/chair/motorcycle/bobber
[14:31:57]ADMIN: Catratcat/(Morgan Bickerson) created a /obj/item/key/bobber
[14:32:15]ADMIN: Catratcat/(Morgan Bickerson) modified bobber's fuel to 600
[14:32:50]ADMIN: Catratcat/(Morgan Bickerson) modified bobber's broken to 0
[14:33:13]ADMIN: Catratcat/(Morgan Bickerson) modified bobber's broken to 0
[14:33:32]ADMIN: Catratcat/(Morgan Bickerson) modified bobber's broken to 0
[14:33:56]ADMIN: Catratcat/(Morgan Bickerson) modified bobber's broken to 0
[14:34:10]GAME: Explosion with size (-1, -1, 2) in area Sewers 
[14:34:44]ACCESS: Logout: Catratcat/(Morgan Bickerson)


Starting up. 14:35.22
---------------------

[14:35:22]ADMIN: Loading jobban_rank
[14:35:22]ADMIN: jobban_keylist was empty
[14:35:22]ADMIN: Updating jobbanfile!
[14:35:22]ADMIN: Loading Banlist
Reading donators.txt
[14:35:30]ACCESS: Login: Catratcat/(Catratcat) from 127.0.0.1-2406761028 || BYOND v498
[14:35:30]ACCESS: Login: Catratcat/(Catratcat) from 127.0.0.1
[14:35:36]ADMIN: Catratcat has started the game.
[14:35:38]ACCESS: Logout: *no client*/(Catratcat)
[14:35:38]ACCESS: Login: Catratcat/(Morgan Bickerson) from 127.0.0.1-2406761028 || BYOND v498
[14:35:43]ADMIN: Catratcat/(Morgan Bickerson) jumped to 39,42,2 in Street
[14:36:23]ADMIN: Catratcat/(Morgan Bickerson) created a /obj/item/key/bobber
[14:36:25]ADMIN: Catratcat/(Morgan Bickerson) created a /obj/structure/stool/bed/chair/motorcycle/bobber
[14:37:07]ADMIN: Catratcat/(Morgan Bickerson) modified bobber's fuel to 600
[14:38:05]ACCESS: Logout: Catratcat/(Morgan Bickerson)


Starting up. 14:48.49
---------------------

[14:48:49]ADMIN: Loading jobban_rank
[14:48:49]ADMIN: jobban_keylist was empty
[14:48:49]ADMIN: Updating jobbanfile!
[14:48:49]ADMIN: Loading Banlist
Reading donators.txt
[14:48:54]ACCESS: Login: Catratcat/(Catratcat) from 127.0.0.1-2406761028 || BYOND v498
[14:48:54]ACCESS: Login: Catratcat/(Catratcat) from 127.0.0.1
[14:48:59]ADMIN: Catratcat has started the game.
[14:49:00]ACCESS: Logout: *no client*/(Catratcat)
[14:49:00]ACCESS: Login: Catratcat/(Morgan Bickerson) from 127.0.0.1-2406761028 || BYOND v498
[14:49:13]ADMIN: Catratcat/(Morgan Bickerson) jumped to 38,41,2 in Street
[14:49:28]ADMIN: Catratcat/(Morgan Bickerson) checked antagonists.
[14:49:43]ADMIN: Catratcat/(Morgan Bickerson) created a /obj/structure/stool/bed/chair/motorcycle/bobber
[14:49:46]ADMIN: Catratcat/(Morgan Bickerson) created a /obj/item/key/bobber
[14:50:28]ADMIN: Catratcat/(Morgan Bickerson) modified bobber's fuel to 600
[14:52:09]ACCESS: Logout: Catratcat/(Morgan Bickerson)


Starting up. 14:58.20
---------------------

[14:58:20]ADMIN: Loading jobban_rank
[14:58:20]ADMIN: jobban_keylist was empty
[14:58:20]ADMIN: Updating jobbanfile!
[14:58:20]ADMIN: Loading Banlist
Reading donators.txt
[14:58:49]ACCESS: Login: Catratcat/(Catratcat) from 127.0.0.1-2406761028 || BYOND v498
[14:58:49]ACCESS: Login: Catratcat/(Catratcat) from 127.0.0.1
[14:58:55]ADMIN: Catratcat has started the game.
[14:58:56]ACCESS: Logout: *no client*/(Catratcat)
[14:58:56]ACCESS: Login: Catratcat/(Morgan Bickerson) from 127.0.0.1-2406761028 || BYOND v498
[14:59:01]ADMIN: Catratcat/(Morgan Bickerson) jumped to 39,42,2 in Street
[14:59:41]ADMIN: Catratcat/(Morgan Bickerson) created a /obj/item/key/bobber
[14:59:44]ADMIN: Catratcat/(Morgan Bickerson) created a /obj/structure/stool/bed/chair/motorcycle/bobber
[15:05:17]ADMIN: Catratcat/(Morgan Bickerson) modified bobber's fuel to 600
[15:12:36]ADMIN: Catratcat/(Morgan Bickerson) jumped to 43,47,2 in Street
[15:12:57]ADMIN: Catratcat/(Morgan Bickerson) jumped to 40,40,2 in Street
[15:13:09]ADMIN: Catratcat/(Morgan Bickerson) jumped to 42,49,2 in the Central Primary Hallway
[15:13:28]ADMIN: Catratcat/(Morgan Bickerson) jumped to 41,42,2 in Street
[15:14:15]ACCESS: Logout: Catratcat/(Morgan Bickerson)


Starting up. 15:28.44
---------------------

[15:28:44]ADMIN: Loading jobban_rank
[15:28:44]ADMIN: jobban_keylist was empty
[15:28:44]ADMIN: Updating jobbanfile!
[15:28:44]ADMIN: Loading Banlist
Reading donators.txt
[15:28:48]ACCESS: Login: Catratcat/(Catratcat) from 127.0.0.1-2406761028 || BYOND v498
[15:28:48]ACCESS: Login: Catratcat/(Catratcat) from 127.0.0.1
[15:28:54]ADMIN: Catratcat has started the game.
[15:28:55]ACCESS: Logout: *no client*/(Catratcat)
[15:28:55]ACCESS: Login: Catratcat/(Morgan Bickerson) from 127.0.0.1-2406761028 || BYOND v498
[15:29:01]ADMIN: Catratcat/(Morgan Bickerson) jumped to 41,42,2 in Street
[15:48:53]ADMIN: Catratcat/(Morgan Bickerson) created a /obj/structure/stool/bed/chair/motorcycle/bobber
[15:48:59]ADMIN: Catratcat/(Morgan Bickerson) created a /obj/item/key/bobber
[15:49:18]ADMIN: Catratcat/(Morgan Bickerson) modified bobber's fuel to 400
[15:50:03]ACCESS: Logout: Catratcat/(Morgan Bickerson)


Starting up. 16:41.26
---------------------

[16:41:26]ADMIN: Loading jobban_rank
[16:41:26]ADMIN: jobban_keylist was empty
[16:41:26]ADMIN: Updating jobbanfile!
[16:41:26]ADMIN: Loading Banlist
Reading donators.txt
[16:41:34]ACCESS: Login: Catratcat/(Catratcat) from 127.0.0.1-2406761028 || BYOND v498
[16:41:34]ACCESS: Login: Catratcat/(Catratcat) from 127.0.0.1
[16:41:39]ADMIN: Catratcat has started the game.
[16:41:40]ACCESS: Logout: *no client*/(Catratcat)
[16:41:40]ACCESS: Login: Catratcat/(Morgan Bickerson) from 127.0.0.1-2406761028 || BYOND v498
[16:41:46]ADMIN: Catratcat/(Morgan Bickerson) jumped to 39,41,2 in Street
[16:42:01]ADMIN: Catratcat/(Morgan Bickerson) created a /mob/living/carbon/human
[16:42:04]ADMIN: Catratcat/(Morgan Bickerson) created a /mob/living/carbon/human
[16:42:22]ADMIN: Catratcat/(Morgan Bickerson) created a /obj/item/key/bobber
[16:42:32]ADMIN: Catratcat/(Morgan Bickerson) created a /obj/structure/stool/bed/chair/motorcycle/bobber
[16:43:10]ADMIN: Catratcat/(Morgan Bickerson) modified bobber's fuel to 600
[16:43:23]EMOTE: human/ : <B>The human</B> screams!
[16:43:24]EMOTE: human/ : <B>The human</B> screams!
[16:43:25]EMOTE: human/ : <B>The human</B> screams!
[16:43:26]EMOTE: human/ : <B>The human</B> screams!
[16:43:26]EMOTE: human/ : <B>The human</B> seizes up and falls limp, his eyes dead and lifeless...
[16:46:08]ADMIN: Catratcat/(Morgan Bickerson) created a /obj/structure/stool/bed/chair/motorcycle/bobber
[16:46:43]ADMIN: Catratcat/(Morgan Bickerson) modified bobber's fuel to 800
[16:47:42]ADMIN: Catratcat/(Morgan Bickerson) modified bobber's health to 800
[16:47:47]ADMIN: Catratcat/(Morgan Bickerson) modified bobber's broken to 0
[16:49:13]ACCESS: Logout: Catratcat/(Morgan Bickerson)


Starting up. 16:52.22
---------------------

[16:52:22]ADMIN: Loading jobban_rank
[16:52:22]ADMIN: jobban_keylist was empty
[16:52:22]ADMIN: Updating jobbanfile!
[16:52:22]ADMIN: Loading Banlist
Reading donators.txt
[16:52:37]ACCESS: Login: Catratcat/(Catratcat) from 127.0.0.1-2406761028 || BYOND v498
[16:52:37]ACCESS: Login: Catratcat/(Catratcat) from 127.0.0.1
[16:52:44]ADMIN: Catratcat has started the game.
[16:52:44]ACCESS: Logout: *no client*/(Catratcat)
[16:52:44]ACCESS: Login: Catratcat/(Morgan Bickerson) from 127.0.0.1-2406761028 || BYOND v498
[16:52:49]ADMIN: Catratcat/(Morgan Bickerson) jumped to 41,42,2 in Street
[16:53:00]ADMIN: Catratcat/(Morgan Bickerson) created a /mob/living/carbon/human
[16:53:03]ADMIN: Catratcat/(Morgan Bickerson) created a /mob/living/carbon/human
[16:53:25]ADMIN: Catratcat/(Morgan Bickerson) created a /obj/structure/stool/bed/chair/motorcycle/bobber
[16:53:28]ADMIN: Catratcat/(Morgan Bickerson) created a /obj/item/key/bobber
[16:53:47]ADMIN: Catratcat/(Morgan Bickerson) modified bobber's fuel to 500
[16:53:51]EMOTE: human/ : <B>The human</B> screams!
[16:53:54]EMOTE: human/ : <B>The human</B> stops breathing...
[16:54:07]EMOTE: human/ : <B>The human</B> stops breathing...
[16:54:13]EMOTE: human/ : <B>The human</B> seizes up and falls limp, his eyes dead and lifeless...
[16:54:28]EMOTE: human/ : <B>The human</B> seizes up and falls limp, his eyes dead and lifeless...
[16:54:30]ACCESS: Logout: Catratcat/(Morgan Bickerson)


Starting up. 16:57.05
---------------------

[16:57:05]ADMIN: Loading jobban_rank
[16:57:05]ADMIN: jobban_keylist was empty
[16:57:05]ADMIN: Updating jobbanfile!
[16:57:05]ADMIN: Loading Banlist
Reading donators.txt
[16:57:16]ACCESS: Login: Catratcat/(Catratcat) from 127.0.0.1-2406761028 || BYOND v498
[16:57:16]ACCESS: Login: Catratcat/(Catratcat) from 127.0.0.1
[16:57:22]ADMIN: Catratcat has started the game.
[16:57:23]ACCESS: Logout: *no client*/(Catratcat)
[16:57:23]ACCESS: Login: Catratcat/(Morgan Bickerson) from 127.0.0.1-2406761028 || BYOND v498
[16:57:54]ADMIN: Catratcat/(Morgan Bickerson) jumped to 40,41,2 in Street
[16:58:02]ADMIN: Catratcat/(Morgan Bickerson) created a /mob/living/carbon/human
[16:58:31]ADMIN: Catratcat/(Morgan Bickerson) created a /obj/item/key/bobber
[16:58:34]ADMIN: Catratcat/(Morgan Bickerson) created a /obj/structure/stool/bed/chair/motorcycle/bobber
[16:58:51]ADMIN: Catratcat/(Morgan Bickerson) modified bobber's fuel to 400
[16:59:13]ACCESS: Logout: *no client*/(Morgan Bickerson)
[16:59:13]ACCESS: Login: catratcat/(human) from 127.0.0.1-2406761028 || BYOND v498
[16:59:13]ADMIN: *no client*/(Morgan Bickerson) assumed direct control of the human.
[16:59:19]ADMIN: catratcat/(human) healed / revived catratcat/(human)
[16:59:23]ACCESS: Logout: *no client*/(human)
[16:59:23]ACCESS: Login: catratcat/(Morgan Bickerson) from 127.0.0.1-2406761028 || BYOND v498
[16:59:24]ADMIN: *no client*/(human) assumed direct control of Morgan Bickerson.
[16:59:25]EMOTE: human/ : <B>The human</B> snores.
[16:59:26]EMOTE: human/ : <B>The human</B> snores.
[16:59:34]EMOTE: human/ : <B>The human</B> snores.
[16:59:43]ACCESS: Logout: catratcat/(Morgan Bickerson)


Starting up. 17:45.19
---------------------

[17:45:19]ADMIN: Loading jobban_rank
[17:45:19]ADMIN: jobban_keylist was empty
[17:45:19]ADMIN: Updating jobbanfile!
[17:45:19]ADMIN: Loading Banlist
Reading donators.txt
[17:45:23]ACCESS: Login: Catratcat/(Catratcat) from 127.0.0.1-2406761028 || BYOND v498
[17:45:23]ACCESS: Login: Catratcat/(Catratcat) from 127.0.0.1
[17:45:29]ADMIN: Catratcat has started the game.
[17:45:30]ACCESS: Logout: *no client*/(Catratcat)
[17:45:30]ACCESS: Login: Catratcat/(Morgan Bickerson) from 127.0.0.1-2406761028 || BYOND v498
[17:45:37]ADMIN: Catratcat/(Morgan Bickerson) jumped to 38,41,2 in Street
[17:45:57]ADMIN: Catratcat/(Morgan Bickerson) changed the equipment of Catratcat/(Morgan Bickerson) to metropolis police.
[17:46:09]ADMIN: Catratcat/(Morgan Bickerson) created a /obj/item/key/bobber
[17:46:12]ADMIN: Catratcat/(Morgan Bickerson) created a /obj/structure/stool/bed/chair/motorcycle/bobber
[17:47:16]ADMIN: Catratcat/(Morgan Bickerson) created a /obj/item/weapon/weldingtool
[17:47:43]ADMIN: Catratcat/(Morgan Bickerson) created a /obj/structure/reagent_dispensers/fueltank
[17:47:59]ADMIN: Catratcat/(Morgan Bickerson) created a /obj/item/weapon/reagent_containers/food/drinks/drinkingglass/soda
[17:49:33]ACCESS: Logout: Catratcat/(Morgan Bickerson)


Starting up. 23:15.58
---------------------

[23:15:58]ADMIN: Loading jobban_rank
[23:15:58]ADMIN: jobban_keylist was empty
[23:15:58]ADMIN: Updating jobbanfile!
[23:15:58]ADMIN: Loading Banlist
Reading donators.txt
[23:16:17]ACCESS: Login: Catratcat/(Catratcat) from 127.0.0.1-3781439013 || BYOND v498
[23:16:17]ACCESS: Login: Catratcat/(Catratcat) from 127.0.0.1
[23:16:26]ADMIN: Catratcat has started the game.
[23:16:26]ACCESS: Logout: *no client*/(Catratcat)
[23:16:26]ACCESS: Login: Catratcat/(Morgan Bickerson) from 127.0.0.1-3781439013 || BYOND v498
[23:16:31]ADMIN: Catratcat/(Morgan Bickerson) jumped to 40,41,2 in Street
[23:16:46]ADMIN: Catratcat/(Morgan Bickerson) jumped to 67,35,2 in Street
[23:16:51]ACCESS: Login: MrEchoRU/(MrEchoRU) from 5.138.152.112-1330443238 || BYOND v498
[23:16:51]ACCESS: Login: MrEchoRU/(MrEchoRU) from 5.138.152.112
[23:17:01]ACCESS: Logout: *no client*/(MrEchoRU)
[23:17:01]ACCESS: Login: MrEchoRU/(ghost) from 5.138.152.112-1330443238 || BYOND v498
[23:17:13]ADMIN: MrEchoRU/(Preston Poehl) : Аз есьм закатилс&#255;
[23:17:21]ADMIN: PM: Catratcat/(Morgan Bickerson)->MrEchoRU/(Preston Poehl): а ты заходи
[23:17:26]ADMIN: Catratcat/(Morgan Bickerson) created a /obj/structure/stool/bed/chair/motorcycle/bobber
[23:17:28]ADMIN: Catratcat/(Morgan Bickerson) created a /obj/structure/stool/bed/chair/motorcycle/bobber
[23:17:32]ADMIN: Catratcat/(Morgan Bickerson) created a /obj/item/key/bobber
[23:17:34]ADMIN: MrEchoRU/(Preston Poehl) has used rudimentary transformation on MrEchoRU/(Preston Poehl). Transforming to human; deletemob=1
[23:17:34]ACCESS: Logout: *no client*/(Preston Poehl)
[23:17:34]ACCESS: Login: mrechoru/(Preston Poehl) from 5.138.152.112-1330443238 || BYOND v498
[23:17:35]ADMIN: Catratcat/(Morgan Bickerson) created a /obj/item/key/bobber
[23:17:44]ADMIN: Catratcat/(Morgan Bickerson) teleported mrechoru/(Preston Poehl)
[23:17:44]ADMIN: mrechoru/(Preston Poehl) healed / revived mrechoru/(Preston Poehl)
[23:17:47]ADMIN: Catratcat/(Morgan Bickerson) healed / revived mrechoru/(Preston Poehl)
[23:17:55]ADMIN: Catratcat/(Morgan Bickerson) changed the equipment of mrechoru/(Preston Poehl) to metropolis police.
[23:18:02]ADMIN: Catratcat/(Morgan Bickerson) changed the equipment of Catratcat/(Morgan Bickerson) to metropolis police.
[23:18:07]SAY: Morgan Bickerson/Catratcat : так
[23:18:09]SAY: Morgan Bickerson/Catratcat : мне интересно
[23:18:15]SAY: Morgan Bickerson/Catratcat : можно ли сбить с мотоцикла
[23:18:19]SAY: Morgan Bickerson/Catratcat : застрелив водител&#255;
[23:18:26]SAY: Preston Poehl/mrechoru : Я мишень?
[23:18:33]SAY: Morgan Bickerson/Catratcat : мы оба можем
[23:18:36]SAY: Morgan Bickerson/Catratcat : как дуэль
[23:18:56]SAY: Morgan Bickerson/Catratcat : Оу
[23:18:59]SAY: Morgan Bickerson/Catratcat : сейчас заправлю
[23:19:00]SAY: Preston Poehl/mrechoru : У мен&#255; заглох!
[23:19:03]ACCESS: Logout: *no client*/(Morgan Bickerson)
[23:19:03]ACCESS: Login: Catratcat/(Morgan Bickerson) from 127.0.0.1-3781439013 || BYOND v498
[23:19:14]ADMIN: Catratcat/(Morgan Bickerson) modified bobber's fuel to 600
[23:19:15]EMOTE: Preston Poehl/mrechoru : <B>Preston Poehl</B> loud call out.
[23:19:36]ADMIN: Catratcat/(Morgan Bickerson) modified bobber's fuel to 630
[23:19:37]SAY: Preston Poehl/mrechoru : Может, мен&#255;ть скорость каждые 2 тайла?
[23:19:39]ACCESS: Logout: *no client*/(Morgan Bickerson)
[23:19:39]ACCESS: Login: Catratcat/(Morgan Bickerson) from 127.0.0.1-3781439013 || BYOND v498
[23:19:43]SAY: Preston Poehl/mrechoru : Дабы без спама
[23:19:43]SAY: Morgan Bickerson/Catratcat : ну
[23:19:46]SAY: Morgan Bickerson/Catratcat : да
[23:19:50]SAY: Morgan Bickerson/Catratcat : &#255; это вообще сделаю
[23:19:55]SAY: Morgan Bickerson/Catratcat : строчкой
[23:20:01]SAY: Morgan Bickerson/Catratcat : в статусе
[23:20:03]SAY: Morgan Bickerson/Catratcat : выше
[23:20:05]SAY: Morgan Bickerson/Catratcat : итак..
[23:20:09]SAY: Morgan Bickerson/Catratcat : разъезжаемс&#255;
[23:20:20]SAY: Morgan Bickerson/Catratcat : готов?
[23:20:26]SAY: Preston Poehl/mrechoru : Да
[23:20:45]SAY: Morgan Bickerson/Catratcat : теперь ты
[23:20:50]SAY: Morgan Bickerson/Catratcat : попробуй попасть в мен&#255;
[23:20:51]SAY: Preston Poehl/mrechoru : Шланг перестрелен
[23:20:56]SAY: Preston Poehl/mrechoru : Урон не наноситс&#255;
[23:21:12]SAY: Preston Poehl/mrechoru : 3
[23:21:13]SAY: Preston Poehl/mrechoru : 2
[23:21:15]SAY: Preston Poehl/mrechoru : 1
[23:21:26]SAY: Morgan Bickerson/Catratcat : двигатель
[23:21:28]SAY: Morgan Bickerson/Catratcat : сломал
[23:21:36]SAY: Preston Poehl/mrechoru : Осталось колено
[23:21:40]ADMIN: Catratcat/(Morgan Bickerson) modified bobber's broken to 0
[23:21:41]SAY: Preston Poehl/mrechoru : И будет скайрим
[23:21:58]SAY: Morgan Bickerson/Catratcat : ага
[23:22:06]SAY: Preston Poehl/mrechoru : Он ловит всё в себ&#255;
[23:22:06]SAY: Morgan Bickerson/Catratcat : вообщем ломаетс&#255; сначала мотоцикл
[23:22:17]SAY: Morgan Bickerson/Catratcat : не знаю нужно ли мен&#255;ть это
[23:22:25]SAY: Preston Poehl/mrechoru : Может, опробовать метательное?
[23:22:33]SAY: Morgan Bickerson/Catratcat : оно работает
[23:22:34]SAY: Morgan Bickerson/Catratcat : вроде
[23:22:39]SAY: Preston Poehl/mrechoru : Я про сбитие
[23:22:56]GAME: Explosion with size (-1, 0, 2) in area Street 
[23:23:08]SAY: Morgan Bickerson/Catratcat : ххе
[23:23:11]SAY: Preston Poehl/mrechoru : Да ты бомбист
[23:23:14]SAY: Morgan Bickerson/Catratcat : &#255; не слышу ничего
[23:23:17]SAY: Morgan Bickerson/Catratcat : в бензобак попал
[23:23:29]ADMIN: MrEchoRU/(Preston Poehl) : Бомберман пр&#255;мо
[23:23:38]ADMIN: PM: Catratcat/(Morgan Bickerson)->MrEchoRU/(Preston Poehl): да..в бензобак попал
[23:23:45]SAY: Morgan Bickerson/Catratcat : кхх
[23:23:49]SAY: Morgan Bickerson/Catratcat : не слышу
[23:24:15]ADMIN: PM: MrEchoRU/(Preston Poehl)->Catratcat/(Morgan Bickerson): Свет? Ночь?
[23:24:24]ADMIN: PM: Catratcat/(Morgan Bickerson)->MrEchoRU/(Preston Poehl): да, смена суток
[23:24:35]ADMIN: PM: Catratcat/(Morgan Bickerson)->MrEchoRU/(Preston Poehl): сверху дэйпарт
[23:24:43]ADMIN: PM: Catratcat/(Morgan Bickerson)->MrEchoRU/(Preston Poehl): верхн&#255;&#255; строчка
[23:25:05]ADMIN: ATTACK: Morgan Bickerson (catratcat) attacked Preston Poehl (mrechoru) with the large pipe.
[23:25:07]ADMIN: PM: MrEchoRU/(Preston Poehl)->Catratcat/(Morgan Bickerson): Дейлайты за это отвечают?
[23:25:08]ADMIN: ATTACK: Morgan Bickerson (catratcat) attacked Preston Poehl (mrechoru) with the large pipe.
[23:25:32]ADMIN: PM: Catratcat/(Morgan Bickerson)->MrEchoRU/(Preston Poehl): ага
[23:25:40]ADMIN: PM: Catratcat/(Morgan Bickerson)->MrEchoRU/(Preston Poehl): иного способа пока не нашел
[23:25:58]ADMIN: PM: Catratcat/(Morgan Bickerson)->MrEchoRU/(Preston Poehl): хотел сделать свечение зоной, но не удалось + лагач больший
[23:26:09]ADMIN: PM: Catratcat/(Morgan Bickerson)->MrEchoRU/(Preston Poehl): А на тебе &#255; продемонстрировал удар сзади
[23:26:16]ADMIN: PM: Catratcat/(Morgan Bickerson)->MrEchoRU/(Preston Poehl): по голове
[23:26:30]ADMIN: PM: MrEchoRU/(Preston Poehl)->Catratcat/(Morgan Bickerson): irradiate на waste?
[23:26:48]ADMIN: PM: Catratcat/(Morgan Bickerson)->MrEchoRU/(Preston Poehl): то есть?
[23:26:59]SAY: Preston Poehl/mrechoru : DONUTS!
[23:27:13]ACCESS: Logout: *no client*/(Morgan Bickerson)
[23:27:13]ACCESS: Login: Catratcat/(Morgan Bickerson) from 127.0.0.1-3781439013 || BYOND v498
[23:27:21]OOC: Morgan Bickerson/Catratcat : А воду видел?
[23:27:33]ADMIN: Catratcat/(Morgan Bickerson) healed / revived mrechoru/(Preston Poehl)
[23:27:35]OOC: Preston Poehl/mrechoru : Мы же во врем&#255; раунда топили
[23:27:37]ADMIN: Catratcat/(Morgan Bickerson) teleported mrechoru/(Preston Poehl)
[23:27:42]ADMIN: Catratcat/(Morgan Bickerson) healed / revived mrechoru/(Preston Poehl)
[23:27:46]OOC: Morgan Bickerson/Catratcat : а, точно
[23:27:48]SAY: Preston Poehl/mrechoru : R-R-RHOMBUS!
[23:27:50]SAY: Ghost/Catratcat : ну вот..
[23:27:50]ADMIN: MrEchoRU/(Preston Poehl) : А музыка?
[23:27:57]ADMIN: mrechoru/(Preston Poehl) deleted Preston Poehl at (55,42,1)
[23:27:57]ACCESS: Logout: *no client*/(Preston Poehl)
[23:27:57]ACCESS: Login: mrechoru/(Preston Poehl) from 5.138.152.112-1330443238 || BYOND v498
[23:27:59]ADMIN: PM: Catratcat/(Morgan Bickerson)->MrEchoRU/(Preston Poehl): от времени суток зависит
[23:28:08]ADMIN: mrechoru/(Preston Poehl) has used rudimentary transformation on mrechoru/(Preston Poehl). Transforming to human; deletemob=1
[23:28:08]ACCESS: Logout: *no client*/(Preston Poehl)
[23:28:08]ACCESS: Login: mrechoru/(Preston Poehl) from 5.138.152.112-1330443238 || BYOND v498
[23:28:11]ADMIN: PM: Catratcat/(Morgan Bickerson)->MrEchoRU/(Preston Poehl): ночью вс&#255;кий скрип, сверчки, ветер, лай собак
[23:28:29]ADMIN: PM: MrEchoRU/(Preston Poehl)->Catratcat/(Morgan Bickerson): А взможность утонуть пока что в любом кол-ве воды?
[23:28:49]ADMIN: MrEchoRU/(Preston Poehl) modified Survivalist vendor machine's points to 9001
[23:29:03]ADMIN: PM: Catratcat/(Morgan Bickerson)->MrEchoRU/(Preston Poehl): нет
[23:29:11]ADMIN: PM: Catratcat/(Morgan Bickerson)->MrEchoRU/(Preston Poehl): только если выше роста
[23:29:46]ADMIN: Catratcat/(Morgan Bickerson) created a /obj/item/weapon/gun/projectile/winch
[23:29:57]ADMIN: PM: MrEchoRU/(Preston Poehl)->Catratcat/(Morgan Bickerson): Зипган - Ремингтон .22?
[23:30:09]ADMIN: PM: Catratcat/(Morgan Bickerson)->MrEchoRU/(Preston Poehl): не..просто самоделка
[23:30:33]ADMIN: Catratcat/(Morgan Bickerson) created a /obj/effect/critter/wolf
[23:30:36]ADMIN: mrechoru/(Preston Poehl) changed the equipment of mrechoru/(Preston Poehl) to arcology camp.
[23:31:20]ADMIN: Catratcat/(Morgan Bickerson) created a /obj/effect/critter/wolf
[23:31:31]EMOTE: Preston Poehl/mrechoru : <B>Preston Poehl</B> screams!
[23:32:18]OOC: Morgan Bickerson/Catratcat : Z gjxbybk cj,fr
[23:32:22]EMOTE: Morgan Bickerson/ : <B>Morgan Bickerson</B> stops breathing...
[23:32:24]OOC: Morgan Bickerson/Catratcat : ye b[ ;bdextcn
[23:32:28]OOC: Preston Poehl/mrechoru : Хорошо
[23:32:30]EMOTE: Morgan Bickerson/ : <B>Morgan Bickerson</B> gasps!
[23:32:32]ADMIN: Catratcat/(Morgan Bickerson) teleported mrechoru/(Preston Poehl)
[23:32:37]ADMIN: Catratcat/(Morgan Bickerson) healed / revived mrechoru/(Preston Poehl)
[23:32:42]ADMIN: Catratcat/(Morgan Bickerson) created a /obj/effect/critter/wolf
[23:32:47]EMOTE: Morgan Bickerson/ : <B>Morgan Bickerson</B> seizes up and falls limp, his eyes dead and lifeless...
[23:32:50]ADMIN: Catratcat/(Morgan Bickerson) deleted Hound at (55,41,1)
[23:32:53]ADMIN: Catratcat/(Morgan Bickerson) created a /obj/effect/critter/wolf
[23:33:23]EMOTE: Preston Poehl/mrechoru : <B>Preston Poehl</B> screams!
[23:33:24]EMOTE: Preston Poehl/mrechoru : <B>Preston Poehl</B> screams!
[23:33:42]EMOTE: Preston Poehl/mrechoru : <B>Preston Poehl</B> stops breathing...
[23:33:43]ADMIN: Catratcat/(Morgan Bickerson) deleted Hound at (51,25,1)
[23:33:51]OOC: Morgan Bickerson/Catratcat : Вот
[23:34:13]OOC: Morgan Bickerson/Catratcat : Ладно. Пойду чинить код.
[23:34:17]OOC: Morgan Bickerson/Catratcat : Спасибо
[23:34:39]OOC: Preston Poehl/mrechoru : Угу
[23:34:46]ACCESS: Logout: mrechoru/(Preston Poehl)
[23:34:48]EMOTE: Preston Poehl/mrechoru : <B>Preston Poehl</B> snores.
[23:34:49]EMOTE: Preston Poehl/mrechoru : <B>Preston Poehl</B> snores.
[23:34:49]ACCESS: Logout: Catratcat/(Morgan Bickerson)
