

Starting up. 23:06.44
---------------------

[23:06:44]ADMIN: Loading jobban_rank
[23:06:44]ADMIN: jobban_keylist was empty
[23:06:44]ADMIN: Updating jobbanfile!
[23:06:44]ADMIN: Loading Banlist
Reading donators.txt
[23:08:09]ACCESS: Login: Catratcat/(Catratcat) from 127.0.0.1-3781439013 || BYOND v498
[23:08:10]ACCESS: Login: Catratcat/(Catratcat) from 127.0.0.1
[23:08:17]ADMIN: Catratcat has started the game.
[23:08:18]ACCESS: Logout: *no client*/(Catratcat)
[23:08:18]ACCESS: Login: Catratcat/(Morgan Bickerson) from 127.0.0.1-3781439013 || BYOND v498
[23:08:22]ADMIN: Catratcat/(Morgan Bickerson) jumped to 41,41,2 in Street
[23:08:47]ADMIN: Catratcat/(Morgan Bickerson) created a /obj/structure/stool/bed/chair/motorcycle/bobber
[23:08:50]ADMIN: Catratcat/(Morgan Bickerson) created a /obj/item/key/bobber
[23:08:52]ADMIN: Catratcat/(Morgan Bickerson) created a /obj/item/key/bobber
[23:08:55]ADMIN: Catratcat/(Morgan Bickerson) deleted the bike key at (36,37,2)
[23:09:07]ADMIN: Catratcat/(Morgan Bickerson) created a /obj/structure/reagent_dispensers/fueltank
[23:09:18]ADMIN: Catratcat/(Morgan Bickerson) created a /obj/item/weapon/reagent_containers/food/drinks/drinkingglass/cola
[23:10:39]ACCESS: Logout: Catratcat/(Morgan Bickerson)


Starting up. 23:16.25
---------------------

[23:16:25]ADMIN: Loading jobban_rank
[23:16:25]ADMIN: jobban_keylist was empty
[23:16:25]ADMIN: Updating jobbanfile!
[23:16:25]ADMIN: Loading Banlist
Reading donators.txt
[23:16:34]ACCESS: Login: Catratcat/(Catratcat) from 127.0.0.1-3781439013 || BYOND v498
[23:16:34]ACCESS: Login: Catratcat/(Catratcat) from 127.0.0.1
[23:16:41]ADMIN: Catratcat has started the game.
[23:16:41]ACCESS: Logout: *no client*/(Catratcat)
[23:16:41]ACCESS: Login: Catratcat/(Morgan Bickerson) from 127.0.0.1-3781439013 || BYOND v498
[23:17:05]ADMIN: Catratcat/(Morgan Bickerson) jumped to 40,42,2 in Street
[23:17:29]ADMIN: Catratcat/(Morgan Bickerson) created a /obj/item/key/bobber
[23:17:31]ADMIN: Catratcat/(Morgan Bickerson) created a /obj/structure/stool/bed/chair/motorcycle/bobber
[23:17:45]ADMIN: Catratcat/(Morgan Bickerson) created a /obj/item/weapon/reagent_containers/food/drinks/drinkingglass
[23:17:55]ADMIN: Catratcat/(Morgan Bickerson) created a /obj/structure/reagent_dispensers/fueltank
[23:18:29]ACCESS: Logout: Catratcat/(Morgan Bickerson)


Starting up. 23:28.30
---------------------

[23:28:30]ADMIN: Loading jobban_rank
[23:28:30]ADMIN: jobban_keylist was empty
[23:28:30]ADMIN: Updating jobbanfile!
[23:28:30]ADMIN: Loading Banlist
Reading donators.txt
[23:28:40]ACCESS: Login: Catratcat/(Catratcat) from 127.0.0.1-3781439013 || BYOND v498
[23:28:40]ACCESS: Login: Catratcat/(Catratcat) from 127.0.0.1
[23:28:47]ADMIN: Catratcat has started the game.
[23:28:47]ACCESS: Logout: *no client*/(Catratcat)
[23:28:47]ACCESS: Login: Catratcat/(Morgan Bickerson) from 127.0.0.1-3781439013 || BYOND v498
[23:28:53]ADMIN: Catratcat/(Morgan Bickerson) jumped to 38,40,2 in Street
[23:29:19]ADMIN: Catratcat/(Morgan Bickerson) created a /obj/structure/stool/bed/chair/motorcycle/bobber
[23:29:21]ADMIN: Catratcat/(Morgan Bickerson) created a /obj/item/key/bobber
[23:29:29]ADMIN: Catratcat/(Morgan Bickerson) created a /obj/structure/reagent_dispensers/fueltank
[23:29:36]ADMIN: Catratcat/(Morgan Bickerson) created a /obj/item/weapon/reagent_containers/food/drinks/drinkingglass
[23:30:26]ACCESS: Logout: Catratcat/(Morgan Bickerson)
