

Starting up. 17:38.03
---------------------



Starting up. 17:49.12
---------------------



Starting up. 17:50.38
---------------------

[18:00:13]ATTACK: <font color='red'>Scotty Scott (vovanhur) attacked Gus Bear (nikaks) with brick (INTENT: HELP) (DAMTYE: BRUTE)</font>
[18:00:14]ATTACK: <font color='red'>Scotty Scott (vovanhur) attacked Gus Bear (nikaks) with brick (INTENT: HELP) (DAMTYE: BRUTE)</font>
[18:00:15]ATTACK: <font color='red'>Scotty Scott (vovanhur) attacked Gus Bear (nikaks) with brick (INTENT: HELP) (DAMTYE: BRUTE)</font>
[18:00:16]ATTACK: <font color='red'>Scotty Scott (vovanhur) attacked Gus Bear (nikaks) with brick (INTENT: HELP) (DAMTYE: BRUTE)</font>
[18:00:17]ATTACK: <font color='red'>Scotty Scott (vovanhur) attacked Unknown (nikaks) with brick (INTENT: HELP) (DAMTYE: BRUTE)</font>
[18:00:18]ATTACK: <font color='red'>Scotty Scott (vovanhur) attacked Unknown (nikaks) with brick (INTENT: HELP) (DAMTYE: BRUTE)</font>
[18:00:22]ATTACK: <font color='red'>Scotty Scott (vovanhur) attacked Unknown (nikaks) with brick (INTENT: HELP) (DAMTYE: BRUTE)</font>
[18:00:23]ATTACK: <font color='red'>Scotty Scott (vovanhur) attacked Unknown (nikaks) with brick (INTENT: HELP) (DAMTYE: BRUTE)</font>
[18:00:48]ATTACK: <font color='red'>Scotty Scott (vovanhur) implanted Scotty Scott (vovanhur) with Nanoaugmentation Implaner (Regenerative Nanobots) (INTENT: HELP)</font>
[18:00:55]ATTACK: <font color='red'>Scotty Scott (vovanhur) implanted Scotty Scott (vovanhur) with Nanoaugmentation Implaner (Short-range Psionic Radar) (INTENT: HELP)</font>
[18:06:08]ATTACK: <font color='red'>Fitz Pritchard (jinrairecon) grabbed the neck of Helmut Grauhaarig (zazaby)</font>
[18:08:46]ATTACK: <font color='red'>Johnny Bicknell (lacsuos) attacked Johnny Bicknell (lacsuos) with chain (INTENT: HELP) (DAMTYE: BRUTE)</font>
[18:11:29]ATTACK: <font color='red'>Unknown (linnlarove) shot Unknown (spartan235) with a the Bullet</font>
[18:11:33]ATTACK: <font color='red'>Unknown (linnlarove) attacked Unknown (spartan235) with fire extinguisher (INTENT: DISARM) (DAMTYE: BRUTE)</font>
[18:11:35]ATTACK: <font color='red'>Unknown (linnlarove) attacked Unknown (spartan235) with fire extinguisher (INTENT: DISARM) (DAMTYE: BRUTE)</font>
[18:11:37]ATTACK: <font color='red'>Unknown (linnlarove) attacked Unknown (spartan235) with fire extinguisher (INTENT: DISARM) (DAMTYE: BRUTE)</font>
[18:11:38]ATTACK: <font color='red'>Unknown (linnlarove) attacked Unknown (spartan235) with fire extinguisher (INTENT: DISARM) (DAMTYE: BRUTE)</font>
[18:11:39]ATTACK: <font color='red'>Unknown (linnlarove) attacked Unknown (spartan235) with fire extinguisher (INTENT: DISARM) (DAMTYE: BRUTE)</font>
[18:11:40]ATTACK: <font color='red'>Unknown (linnlarove) attacked Unknown (spartan235) with fire extinguisher (INTENT: DISARM) (DAMTYE: BRUTE)</font>
[18:12:20]ATTACK: <font color='red'>Zion Camp (midas123) was hit by Helmut Grauhaarig-meat thrown by ()</font>
[18:12:20]ATTACK: <font color='red'>Zion Camp (midas123) was hit by Helmut Grauhaarig-meat thrown by ()</font>
[18:12:20]ATTACK: <font color='red'>Zion Camp (midas123) was hit by Helmut Grauhaarig-meat thrown by ()</font>
[18:14:30]ATTACK: <font color='red'>Johnny Bicknell (lacsuos) attacked Johnny Bicknell (lacsuos) with stick (INTENT: HELP) (DAMTYE: BRUTE)</font>
[18:14:37]ATTACK: <font color='red'>Johnny Bicknell (lacsuos) attacked Johnny Bicknell (lacsuos) with brick (INTENT: HELP) (DAMTYE: BRUTE)</font>
[18:17:05]ATTACK: <font color='red'>Unknown (linnlarove) shot Holden Tennant (1cogwheel1) with a the Bullet</font>
[18:17:09]ATTACK: <font color='red'>Unknown (linnlarove) attacked Unknown (1cogwheel1) with fire extinguisher (INTENT: DISARM) (DAMTYE: BRUTE)</font>
[18:17:11]ATTACK: <font color='red'>Unknown (linnlarove) attacked Unknown (1cogwheel1) with fire extinguisher (INTENT: DISARM) (DAMTYE: BRUTE)</font>
[18:17:12]ATTACK: <font color='red'>Unknown (linnlarove) attacked Unknown (1cogwheel1) with fire extinguisher (INTENT: DISARM) (DAMTYE: BRUTE)</font>
[18:17:14]ATTACK: <font color='red'>Unknown (linnlarove) attacked Unknown (1cogwheel1) with fire extinguisher (INTENT: DISARM) (DAMTYE: BRUTE)</font>
[18:17:15]ATTACK: <font color='red'>Unknown (linnlarove) attacked Unknown (1cogwheel1) with fire extinguisher (INTENT: DISARM) (DAMTYE: BRUTE)</font>
[18:17:16]ATTACK: <font color='red'>Unknown (linnlarove) attacked Unknown (1cogwheel1) with fire extinguisher (INTENT: DISARM) (DAMTYE: BRUTE)</font>
[18:17:17]ATTACK: <font color='red'>Unknown (linnlarove) attacked Unknown (1cogwheel1) with fire extinguisher (INTENT: DISARM) (DAMTYE: BRUTE)</font>
[18:17:22]ATTACK: <font color='red'>Greg (gordonsollicitor) primed a frag grenade.</font>
[18:18:15]ATTACK: <font color='red'>James Morgan (encocz) shot Unknown as (Greg) () with a the Fire Bullet</font>
[18:18:39]ATTACK: <font color='red'>James Morgan (encocz) punched James Morgan (encocz)</font>
[18:19:36]ATTACK: <font color='red'>Scotty Scott (vovanhur) grabbed the neck of Unknown ()</font>
[18:20:29]ATTACK: <font color='red'>Scotty Scott (vovanhur) was hit by Holden Tennant-meat thrown by ()</font>
[18:20:29]ATTACK: <font color='red'>Scotty Scott (vovanhur) was hit by Holden Tennant-meat thrown by ()</font>
[18:25:11]ATTACK: <font color='red'>Unknown (linnlarove) shot Zion Camp (midas123) with a the Bullet</font>
[18:25:29]ATTACK: <font color='red'>Unknown (linnlarove) was hit by Frag Nanobots grenade thrown by (Vovanhur)</font>
[18:25:37]ATTACK: <font color='red'>Greg (encocz) primed a frag grenade.</font>
[18:25:37]ATTACK: <font color='red'>Greg (encocz) was hit by Frag Nanobots grenade thrown by (Catratcat)</font>
[18:25:44]ATTACK: <font color='red'>Morgan Bickerson (catratcat) was hit by Frag Grenade MK2A7 thrown by (Encocz)</font>
[18:26:42]ATTACK: <font color='red'>Unknown (encocz) shot Morgan Bickerson (catratcat) with a the Bullet</font>
[18:26:42]ATTACK: <font color='red'>Unknown (encocz) shot Morgan Bickerson (catratcat) with a the Bullet</font>
[18:26:52]ATTACK: <font color='red'>Unknown (encocz) shot Morgan Bickerson (catratcat) with a the Bullet</font>
[18:26:52]ATTACK: <font color='red'>Unknown (encocz) shot Morgan Bickerson (catratcat) with a the Bullet</font>
[18:27:00]ATTACK: <font color='red'>Unknown (encocz) shot Morgan Bickerson (catratcat) with a the Bullet</font>
[18:27:00]ATTACK: <font color='red'>Unknown (encocz) shot Morgan Bickerson (catratcat) with a the Bullet</font>
[18:27:27]ATTACK: <font color='red'>Unknown (encocz) shot Morgan Bickerson (catratcat) with a the Bullet</font>
[18:27:27]ATTACK: <font color='red'>Unknown (encocz) shot Morgan Bickerson (catratcat) with a the Bullet</font>
[18:27:32]ATTACK: <font color='red'>Unknown (encocz) shot Morgan Bickerson (catratcat) with a the Bullet</font>
[18:27:32]ATTACK: <font color='red'>Unknown (encocz) shot Morgan Bickerson (catratcat) with a the Bullet</font>
[18:27:34]ATTACK: <font color='red'>Unknown (encocz) shot Morgan Bickerson (catratcat) with a the Bullet</font>
[18:27:34]ATTACK: <font color='red'>Unknown (encocz) shot Morgan Bickerson (catratcat) with a the Bullet</font>
[18:27:36]ATTACK: <font color='red'>Unknown (encocz) shot Morgan Bickerson (catratcat) with a the Bullet</font>
[18:27:36]ATTACK: <font color='red'>Unknown (encocz) shot Morgan Bickerson (catratcat) with a the Bullet</font>
[18:27:48]ATTACK: <font color='red'>Unknown (encocz) shot Unknown (catratcat) with a the Bullet</font>
[18:29:52]ATTACK: <font color='red'>Carl Stone (stritirok) attacked Unknown () with balisong knife (INTENT: HELP) (DAMTYE: BRUTE)</font>
[18:30:32]ATTACK: <font color='red'>Vinny Mason (lacsuos) attacked Vinny Mason (lacsuos) with stone (INTENT: HURT) (DAMTYE: BRUTE)</font>
[18:32:13]ATTACK: <font color='red'>Kharn (alienreaper) attacked Kharn (alienreaper) with large pipe (INTENT: HELP) (DAMTYE: BRUTE)</font>
[18:33:27]ATTACK: <font color='red'>Unknown (linnlarove) shot Manley Davis (spartan235) with a the Bullet</font>
[18:33:34]ATTACK: <font color='red'>Unknown (linnlarove) attacked Unknown (spartan235) with fire extinguisher (INTENT: HELP) (DAMTYE: BRUTE)</font>
[18:33:36]ATTACK: <font color='red'>Unknown (linnlarove) attacked Unknown (spartan235) with fire extinguisher (INTENT: HELP) (DAMTYE: BRUTE)</font>
[18:33:37]ATTACK: <font color='red'>Unknown (linnlarove) attacked Unknown (spartan235) with fire extinguisher (INTENT: HELP) (DAMTYE: BRUTE)</font>
[18:33:38]ATTACK: <font color='red'>Unknown (linnlarove) attacked Unknown (spartan235) with fire extinguisher (INTENT: HELP) (DAMTYE: BRUTE)</font>
[18:33:39]ATTACK: <font color='red'>Unknown (linnlarove) attacked Unknown (spartan235) with fire extinguisher (INTENT: HELP) (DAMTYE: BRUTE)</font>
[18:33:40]ATTACK: <font color='red'>Unknown (linnlarove) attacked Unknown (spartan235) with fire extinguisher (INTENT: HELP) (DAMTYE: BRUTE)</font>
[18:33:43]ATTACK: <font color='red'>Scotty Scott (vovanhur) disarmed Carl Stone (stritirok)</font>
[18:33:44]ATTACK: <font color='red'>Scotty Scott (vovanhur) disarmed Carl Stone (stritirok)</font>
[18:33:45]ATTACK: <font color='red'>Scotty Scott (vovanhur) disarmed Carl Stone (stritirok)</font>
[18:33:45]ATTACK: <font color='red'>Mr. Owl (1cogwheel1) primed a flashbang.</font>
[18:33:51]ATTACK: <font color='red'>Zion Camp (midas123) attacked Carl Stone (stritirok) with fire extinguisher (INTENT: HELP) (DAMTYE: BRUTE)</font>
[18:33:52]ATTACK: <font color='red'>Scotty Scott (vovanhur) disarmed Carl Stone (stritirok)</font>
[18:33:53]ATTACK: <font color='red'>Scotty Scott (vovanhur) disarmed Carl Stone (stritirok)</font>
[18:33:53]ATTACK: <font color='red'>Zion Camp (midas123) attacked Carl Stone (stritirok) with fire extinguisher (INTENT: HELP) (DAMTYE: BRUTE)</font>
[18:33:54]ATTACK: <font color='red'>Scotty Scott (vovanhur) disarmed Carl Stone (stritirok)</font>
[18:33:55]ATTACK: <font color='red'>Zion Camp (midas123) attacked Carl Stone (stritirok) with fire extinguisher (INTENT: HELP) (DAMTYE: BRUTE)</font>
[18:34:01]ATTACK: <font color='red'>Scotty Scott (vovanhur) grabbed the neck of Carl Stone (stritirok)</font>
[18:34:08]ATTACK: <font color='red'>Scotty Scott (vovanhur) grabbed the neck of Carl Stone (stritirok)</font>
[18:34:11]ATTACK: <font color='red'>Scotty Scott (vovanhur) Strangled (kill intent) Carl Stone (stritirok)</font>
[18:34:18]ATTACK: <font color='red'>Scotty Scott (vovanhur) grabbed the neck of Carl Stone (stritirok)</font>
[18:34:38]ATTACK: <font color='red'>Unknown (linnlarove) attacked Carl Stone (stritirok) with fire extinguisher (INTENT: HELP) (DAMTYE: BRUTE)</font>
[18:34:40]ATTACK: <font color='red'>Unknown (linnlarove) attacked Carl Stone (stritirok) with fire extinguisher (INTENT: HELP) (DAMTYE: BRUTE)</font>
[18:34:41]ATTACK: <font color='red'>Unknown (linnlarove) attacked Carl Stone (stritirok) with fire extinguisher (INTENT: HELP) (DAMTYE: BRUTE)</font>
[18:34:42]ATTACK: <font color='red'>Unknown (linnlarove) attacked Carl Stone (stritirok) with fire extinguisher (INTENT: HELP) (DAMTYE: BRUTE)</font>
[18:34:43]ATTACK: <font color='red'>Unknown (linnlarove) attacked Unknown (stritirok) with fire extinguisher (INTENT: HELP) (DAMTYE: BRUTE)</font>
[18:34:44]ATTACK: <font color='red'>Unknown (linnlarove) attacked Unknown (stritirok) with fire extinguisher (INTENT: HELP) (DAMTYE: BRUTE)</font>
[18:34:45]ATTACK: <font color='red'>Unknown (linnlarove) attacked Unknown (stritirok) with fire extinguisher (INTENT: HELP) (DAMTYE: BRUTE)</font>
[18:34:47]ATTACK: <font color='red'>Unknown (linnlarove) attacked Unknown (stritirok) with fire extinguisher (INTENT: HELP) (DAMTYE: BRUTE)</font>
[18:34:48]ATTACK: <font color='red'>Unknown (linnlarove) attacked Unknown (stritirok) with fire extinguisher (INTENT: HELP) (DAMTYE: BRUTE)</font>
[18:36:53]ATTACK: <font color='red'>Scotty Scott (vovanhur) grabbed the neck of Unknown ()</font>
[18:39:10]ATTACK: <font color='red'>Unknown (linnlarove) primed a frag grenade.</font>
[18:39:16]ATTACK: <font color='red'>Unknown (linnlarove) shot Unknown (zazaby) with a the Bullet</font>
[18:39:16]ATTACK: <font color='red'>Unknown (linnlarove) shot Unknown (zazaby) with a the Bullet</font>
[18:39:17]ATTACK: <font color='red'>Unknown (linnlarove) shot Unknown (zazaby) with a the Bullet</font>
[18:39:18]ATTACK: <font color='red'>Unknown (linnlarove) shot Unknown (zazaby) with a the Bullet</font>
[18:40:29]ATTACK: <font color='red'>Conrad Nominox as (Gary Hujsak) (diustin) shot Unknown (linnlarove) with a bow (water (1),chlorine (3),acid (1),)</font>
[18:40:39]ATTACK: <font color='red'>Unknown (linnlarove) shot Conrad Nominox as (Gary Hujsak) (diustin) with a the Bullet</font>
[18:40:40]ATTACK: <font color='red'>Unknown (linnlarove) shot Conrad Nominox as (Gary Hujsak) (diustin) with a the Bullet</font>
[18:40:45]ATTACK: <font color='red'>Unknown (linnlarove) attacked Unknown as (Gary Hujsak) (diustin) with fire extinguisher (INTENT: HELP) (DAMTYE: BRUTE)</font>
[18:40:46]ATTACK: <font color='red'>Unknown (linnlarove) attacked Unknown as (Gary Hujsak) (diustin) with fire extinguisher (INTENT: HELP) (DAMTYE: BRUTE)</font>
[18:40:47]ATTACK: <font color='red'>Unknown (linnlarove) attacked Unknown as (Gary Hujsak) (diustin) with fire extinguisher (INTENT: HELP) (DAMTYE: BRUTE)</font>
[18:40:49]ATTACK: <font color='red'>Unknown (linnlarove) attacked Unknown as (Gary Hujsak) (diustin) with fire extinguisher (INTENT: HELP) (DAMTYE: BRUTE)</font>
[18:40:50]ATTACK: <font color='red'>Unknown (linnlarove) attacked Unknown as (Gary Hujsak) (diustin) with fire extinguisher (INTENT: HELP) (DAMTYE: BRUTE)</font>
[18:40:51]ATTACK: <font color='red'>Unknown (linnlarove) attacked Unknown as (Gary Hujsak) (diustin) with fire extinguisher (INTENT: HELP) (DAMTYE: BRUTE)</font>
[18:40:52]ATTACK: <font color='red'>Unknown (linnlarove) attacked Unknown as (Gary Hujsak) (diustin) with fire extinguisher (INTENT: HELP) (DAMTYE: BRUTE)</font>
[18:40:53]ATTACK: <font color='red'>Unknown (linnlarove) attacked Unknown as (Gary Hujsak) (diustin) with fire extinguisher (INTENT: HELP) (DAMTYE: BRUTE)</font>
[18:42:09]ATTACK: <font color='red'>Mr. Owl (1cogwheel1) shot Unknown () with a the Bullet</font>
[18:42:12]ATTACK: <font color='red'>Mr. Owl (1cogwheel1) shot Unknown () with a the Bullet</font>
[18:42:19]ATTACK: <font color='red'>Mr. Owl (1cogwheel1) shot Unknown () with a the Bullet</font>
[18:42:20]ATTACK: <font color='red'>Mr. Owl (1cogwheel1) shot Unknown () with a the Bullet</font>
[18:42:43]ATTACK: <font color='red'>Mr. Owl (1cogwheel1) attacked Unknown () with nailed bat (INTENT: HURT) (DAMTYE: BRUTE)</font>
[18:43:05]ATTACK: <font color='red'>Mr. Owl (1cogwheel1) shot Unknown (linnlarove) with a the Bullet</font>
[18:43:51]ATTACK: <font color='red'>Scotty Scott (vovanhur) fed Zion Camp (midas123) with Griffeater Gin (INTENT: GRAB)</font>
[18:43:52]ATTACK: <font color='red'>Scotty Scott (vovanhur) fed Zion Camp (midas123) with Griffeater Gin (INTENT: GRAB)</font>
[18:44:23]ATTACK: <font color='red'>Scotty Scott (vovanhur) fed Zion Camp (midas123) with egg (INTENT: GRAB)</font>
[18:44:24]ATTACK: <font color='red'>Scotty Scott (vovanhur) fed Zion Camp (midas123) with egg (INTENT: GRAB)</font>
[18:44:31]ATTACK: <font color='red'>Scotty Scott (vovanhur) fed Zion Camp (midas123) with egg (INTENT: GRAB)</font>
[18:44:34]ATTACK: <font color='red'>Scotty Scott (vovanhur) fed Zion Camp (midas123) with egg (INTENT: GRAB)</font>
[18:45:14]ATTACK: <font color='red'>Scotty Scott (vovanhur) fed Zion Camp (midas123) with Griffeater Gin (INTENT: GRAB)</font>
[18:45:15]ATTACK: <font color='red'>Scotty Scott (vovanhur) fed Zion Camp (midas123) with Griffeater Gin (INTENT: GRAB)</font>
[18:47:06]ATTACK: <font color='red'>Mr. Owl (1cogwheel1) shot Unknown () with a the Bullet</font>
[18:49:06]ATTACK: <font color='red'>Edwin Lord (lacsuos) climbed into a disposals unit.</font>
[18:49:25]ATTACK: <font color='red'>Mr. Owl (1cogwheel1) shot Unknown (hamster2010) with a the Bullet</font>
[18:49:25]ATTACK: <font color='red'>Mr. Owl (1cogwheel1) shot Zion Camp (midas123) with a the Bullet</font>
[18:49:27]ATTACK: <font color='red'>Mr. Owl (1cogwheel1) shot Zion Camp (midas123) with a the Bullet</font>
[18:49:44]ATTACK: <font color='red'>Scotty Scott (vovanhur) attacked Mr. Owl (1cogwheel1) with butcher's cleaver (INTENT: HELP) (DAMTYE: BRUTE)</font>
[18:49:45]ATTACK: <font color='red'>Scotty Scott (vovanhur) attacked Mr. Owl (1cogwheel1) with butcher's cleaver (INTENT: HELP) (DAMTYE: BRUTE)</font>
[18:49:51]ATTACK: <font color='red'>Scotty Scott (vovanhur) attacked Unknown (1cogwheel1) with butcher's cleaver (INTENT: HELP) (DAMTYE: BRUTE)</font>
[18:49:52]ATTACK: <font color='red'>Scotty Scott (vovanhur) attacked Unknown (1cogwheel1) with butcher's cleaver (INTENT: HELP) (DAMTYE: BRUTE)</font>
[18:49:53]ATTACK: <font color='red'>Scotty Scott (vovanhur) attacked Unknown (1cogwheel1) with butcher's cleaver (INTENT: HELP) (DAMTYE: BRUTE)</font>
[18:50:38]ATTACK: <font color='red'>Unknown (hamster2010) implanted Unknown (hamster2010) with Confess Implanter (INTENT: HELP)</font>


Starting up. 18:51.09
---------------------

[18:53:57]ATTACK: <font color='red'>Conrad Nominox (diustin) implanted Conrad Nominox (diustin) with Nanoaugmentation Implaner (Regenerative Nanobots) (INTENT: HELP)</font>
[18:54:07]ATTACK: <font color='red'>Conrad Nominox (diustin) implanted Conrad Nominox (diustin) with Nanoaugmentation Implaner (Short-range Psionic Radar) (INTENT: HELP)</font>
[18:59:34]ATTACK: <font color='red'>Conrad Nominox (diustin) primed a frag grenade.</font>
[19:00:56]ATTACK: <font color='red'>Conrad Nominox (diustin) primed a frag grenade.</font>


Starting up. 20:59.44
---------------------

