

Starting up. 17:38.03
---------------------

[17:38:03]ADMIN: Loading jobban_rank
[17:38:03]ADMIN: jobban_keylist was empty
[17:38:03]ADMIN: Updating jobbanfile!
[17:38:03]ADMIN: Loading Banlist
Reading donators.txt
[17:38:20]ACCESS: Login: Catratcat/(Catratcat) from 127.0.0.1-3781439013 || BYOND v498
[17:38:20]ACCESS: Login: Catratcat/(Catratcat) from 127.0.0.1
[17:38:45]ADMIN: Catratcat/(Catratcat) delayed the game.
[17:41:25]ACCESS: Login: Encocz/(Encocz) from 178.236.140.146-2884943148 || BYOND v498
[17:41:25]ACCESS: Login: Encocz/(Encocz) from 178.236.140.146
[17:41:37]OOC: Catratcat/Catratcat : дем остальных
[17:42:06]ACCESS: Login: DiUsTin/(DiUsTin) from 217.118.79.26-1028888918 || BYOND v498
[17:42:06]ACCESS: Login: DiUsTin/(DiUsTin) from 217.118.79.26
[17:42:42]OOC: DiUsTin/DiUsTin : Мало нас.
[17:42:43]OOC: Catratcat/Catratcat : Да
[17:43:09]OOC: DiUsTin/DiUsTin : Be zombie?
[17:43:21]OOC: Catratcat/Catratcat : нет, мотоциклы может потестируем.
[17:43:32]OOC: Catratcat/Catratcat : А может и нет
[17:43:34]OOC: DiUsTin/DiUsTin : Нет, &#255; про сетап.
[17:43:41]OOC: DiUsTin/DiUsTin : Раньше этой кнопочки не видел
[17:43:43]OOC: Catratcat/Catratcat : нет, экстендед
[17:43:49]OOC: Catratcat/Catratcat : А..режим
[17:44:03]OOC: Catratcat/Catratcat : смесь мемо и зомби-эпидемии
[17:44:33]OOC: DiUsTin/DiUsTin : Пустота напр&#255;гает.
[17:45:23]OOC: Catratcat/Catratcat : Да...ну если не наберетс&#255; семеро ближайшие 5-7 минут, то и смысла нет
[17:46:33]OOC: Catratcat/Catratcat : Хе-хе...а можно сделать публичный
[17:46:41]OOC: Catratcat/Catratcat : Тогда набежит много
[17:46:51]OOC: DiUsTin/DiUsTin : А сейчас не публичный?
[17:47:04]OOC: DiUsTin/DiUsTin : Не понимаю. Что-то типа вайтлиста?
[17:47:12]OOC: Catratcat/Catratcat : нет. Публичный это тот, что будет показыватьс&#255; в списке серверов бьонда
[17:47:19]OOC: DiUsTin/DiUsTin : О.
[17:47:22]OOC: DiUsTin/DiUsTin : Знаешь
[17:47:25]OOC: Catratcat/Catratcat : Ну на их странице серверов
[17:47:27]OOC: DiUsTin/DiUsTin : Это ведь хороша&#255; иде&#255;.
[17:47:37]OOC: DiUsTin/DiUsTin : Но погоди, &#255; дам рекламу на сервера
[17:47:40]OOC: Catratcat/Catratcat : Ну набегут все, Англичане, французы, кто угодно
[17:47:57]OOC: DiUsTin/DiUsTin : Это хорошо.
[17:48:06]OOC: DiUsTin/DiUsTin : Ксеностейшон есть же в списке серверов.
[17:48:15]OOC: DiUsTin/DiUsTin : И он попул&#255;рен, хот&#255; у теб&#255; фич гораздо больше
[17:48:44]OOC: Catratcat/Catratcat : Ну сейчас перезапущу
[17:48:50]OOC: Catratcat/Catratcat : будет весело
[17:48:55]ACCESS: Logout: Catratcat/(Catratcat)
[17:48:58]ACCESS: Logout: Encocz/(Encocz)
[17:48:58]ACCESS: Logout: DiUsTin/(DiUsTin)


Starting up. 17:49.12
---------------------

[17:49:12]ADMIN: Loading jobban_rank
[17:49:12]ADMIN: jobban_keylist was empty
[17:49:12]ADMIN: Updating jobbanfile!
[17:49:12]ADMIN: Loading Banlist
Reading donators.txt
[17:49:20]ACCESS: Login: DiUsTin/(DiUsTin) from 217.118.79.26-1028888918 || BYOND v498
[17:49:20]ACCESS: Login: DiUsTin/(DiUsTin) from 217.118.79.26
[17:49:41]OOC: DiUsTin/DiUsTin : Ну как?
[17:50:29]ACCESS: Logout: DiUsTin/(DiUsTin)


Starting up. 17:50.38
---------------------

[17:50:38]ADMIN: Loading jobban_rank
[17:50:38]ADMIN: jobban_keylist was empty
[17:50:38]ADMIN: Updating jobbanfile!
[17:50:38]ADMIN: Loading Banlist
Reading donators.txt
[17:50:43]ACCESS: Login: Catratcat/(Catratcat) from 127.0.0.1-3781439013 || BYOND v498
[17:50:43]ACCESS: Login: Catratcat/(Catratcat) from 127.0.0.1
[17:50:46]ACCESS: Login: DiUsTin/(DiUsTin) from 217.118.79.26-1028888918 || BYOND v498
[17:50:46]ACCESS: Login: DiUsTin/(DiUsTin) from 217.118.79.26
[17:50:55]ADMIN: Catratcat/(Catratcat) delayed the game.
[17:51:16]OOC: Catratcat/Catratcat : Ну вот кто-то уже идет
[17:51:20]OOC: DiUsTin/DiUsTin : На блэк кинул
[17:51:36]OOC: Catratcat/Catratcat : Hello
[17:51:50]OOC: Catratcat/Catratcat : Хорошо...может и не стоило делать публичный?
[17:52:03]ACCESS: Login: Encocz/(Encocz) from 178.236.140.146-2884943148 || BYOND v498
[17:52:03]ACCESS: Login: Encocz/(Encocz) from 178.236.140.146
[17:52:14]OOC: DiUsTin/DiUsTin : Видимо всем надоела карта, впрочем, &#255; не знаю.
[17:52:27]OOC: Catratcat/Catratcat : или пропаганда
[17:52:29]OOC: DiUsTin/DiUsTin : Я не чую разницы между игрой на американских серверах или русских.
[17:53:01]OOC: Encocz/Encocz : может ты всех забанил? на форуме 80 человек онлайн
[17:53:18]OOC: Catratcat/Catratcat : лол, нет
[17:53:18]OOC: Encocz/Encocz : или политика настолько интересна
[17:53:35]ACCESS: Login: JDollar/(JDollar) from 178.121.34.0-1122133970 || BYOND v498
[17:53:35]ACCESS: Login: JDollar/(JDollar) from 178.121.34.0
[17:53:43]OOC: DiUsTin/DiUsTin : Кто-то пришел
[17:53:46]OOC: DiUsTin/DiUsTin : Ждем дальше
[17:53:56]OOC: Catratcat/Catratcat : 13 человек идут
[17:54:00]OOC: DiUsTin/DiUsTin : Кинул на вайтогрины
[17:54:03]OOC: DiUsTin/DiUsTin : :3
[17:54:08]OOC: JDollar/JDollar : Я чисто позырить.
[17:54:15]OOC: Catratcat/Catratcat : Но это же каша будет...
[17:54:26]OOC: DiUsTin/DiUsTin : Почему каша?
[17:54:30]ACCESS: Logout: *no client*/(JDollar)
[17:54:30]ACCESS: Login: JDollar/(ghost) from 178.121.34.0-1122133970 || BYOND v498
[17:54:32]OOC: DiUsTin/DiUsTin : Американцы и русские?
[17:54:35]OOC: Catratcat/Catratcat : Англо&#255;зычные и наше коммунити
[17:54:38]OOC: Catratcat/Catratcat : да
[17:54:45]OOC: DiUsTin/DiUsTin : Алсо, ты точно добавил?
[17:54:49]OOC: DiUsTin/DiUsTin : Я не вижу в списке
[17:55:30]ACCESS: Login: Midas123/(Midas123) from 37.235.135.70-501945550 || BYOND v496
[17:55:30]ACCESS: Login: Midas123/(Midas123) from 37.235.135.70
[17:55:35]OOC: Encocz/Encocz : ты говоришь что ксеностейшн попул&#255;рен, там сейчас ноль человек
[17:55:44]OOC: DiUsTin/DiUsTin : БЫЛ попул&#255;рен
[17:55:52]ACCESS: Login: Vovanhur/(Vovanhur) from 91.202.21.26-3069832590 || BYOND v498
[17:55:52]ACCESS: Login: Vovanhur/(Vovanhur) from 91.202.21.26
[17:55:57]OOC: Catratcat/Catratcat : Да, люди кэш качают
[17:55:59]OOC: DiUsTin/DiUsTin : И &#255; уверен что и сейчас на нем ночью неплохо.
[17:56:11]OOC: Catratcat/Catratcat : Не нужно больше рекламировать
[17:56:23]OOC: Catratcat/Catratcat : Оче много европейцев подт&#255;гиваетс&#255;
[17:56:38]OOC: DiUsTin/DiUsTin : Да ладно тебе.
[17:56:49]OOC: Encocz/Encocz : ну да, просто там ноль человек
[17:56:51]OOC: Catratcat/Catratcat : Потом же говно по форуму польетс&#255;.
[17:56:53]ACCESS: Login: Lacsuos/(Lacsuos) from 95.84.21.190-279973796 || BYOND v498
[17:56:53]ACCESS: Login: Lacsuos/(Lacsuos) from 95.84.21.190
[17:56:54]OOC: DiUsTin/DiUsTin : Лучше рекламируй свой флегетон у пиндоссов
[17:56:57]ACCESS: Logout: JDollar/(Rylan Buzzard)
[17:56:57]OOC: DiUsTin/DiUsTin : Поверь.
[17:57:09]ADMIN: Catratcat/(Catratcat) removed the delay.
[17:57:10]ADMIN: Catratcat/(Catratcat) delayed the game.
[17:57:19]OOC: Catratcat/Catratcat : Hello?
[17:57:26]ACCESS: Login: Hamster2010/(Hamster2010) from 5.165.187.31-1225620528 || BYOND v499
[17:57:26]ACCESS: Login: Hamster2010/(Hamster2010) from 5.165.187.31
[17:57:36]OOC: DiUsTin/DiUsTin : Sup.
[17:57:44]ACCESS: Login: Nikaks/(Nikaks) from 109.111.160.184-1419935905 || BYOND v499
[17:57:44]ACCESS: Login: Nikaks/(Nikaks) from 109.111.160.184
[17:57:49]OOC: Encocz/Encocz : пока что свои
[17:57:50]ADMIN: Catratcat/(Catratcat) removed the delay.
[17:57:56]OOC: DiUsTin/DiUsTin : Ну Хамстер же.
[17:57:58]OOC: Catratcat/Catratcat : Ну ок...
[17:58:33]ACCESS: Login: Spartan235/(Spartan235) from 85.26.234.112-2429861145 || BYOND v498
[17:58:33]ACCESS: Login: Spartan235/(Spartan235) from 85.26.234.112
[17:58:44]OOC: Catratcat/Catratcat : Из нового...немного подправленна&#255; боева&#255; система, ФОВ. Нужно будет потестировать мотоциклы..ВОт и все. А БОЛЬШУЮ карту уже завершаю. Там много новых спрайтов
[17:58:51]ACCESS: Logout: *no client*/(Catratcat)
[17:58:51]ACCESS: Login: Catratcat/(ghost) from 127.0.0.1-3781439013 || BYOND v498
[17:58:54]ACCESS: Login: Zazaby/(Zazaby) from 176.49.155.254-3517285782 || BYOND v498
[17:58:54]ACCESS: Login: Zazaby/(Zazaby) from 176.49.155.254
[17:58:59]OOC: DiUsTin/DiUsTin : Круто
[17:59:09]OOC: DiUsTin/DiUsTin : А что с боевухой?
[17:59:15]ACCESS: Login: AlienReaper/(AlienReaper) from 176.121.3.160-1875350987 || BYOND v499
[17:59:15]ACCESS: Login: AlienReaper/(AlienReaper) from 176.121.3.160
[17:59:16]OOC: Vovanhur/Vovanhur : Кэт,завтра будет запуск?
[17:59:18]ACCESS: Logout: *no client*/(Zazaby)
[17:59:18]ACCESS: Login: Zazaby/(Helmut Grauhaarig) from 176.49.155.254-3517285782 || BYOND v498
[17:59:18]ACCESS: Logout: *no client*/(DiUsTin)
[17:59:18]ACCESS: Login: DiUsTin/(Conrad Nominox) from 217.118.79.26-1028888918 || BYOND v498
[17:59:18]ACCESS: Logout: *no client*/(Midas123)
[17:59:18]ACCESS: Login: Midas123/(Zion Camp) from 37.235.135.70-501945550 || BYOND v496
[17:59:18]ACCESS: Logout: *no client*/(Vovanhur)
[17:59:18]ACCESS: Login: Vovanhur/(Scotty Scott) from 91.202.21.26-3069832590 || BYOND v498
[17:59:18]ACCESS: Logout: *no client*/(Lacsuos)
[17:59:18]ACCESS: Login: Lacsuos/(Johnny Bicknell) from 95.84.21.190-279973796 || BYOND v498
[17:59:18]ACCESS: Logout: *no client*/(Hamster2010)
[17:59:18]ACCESS: Login: Hamster2010/(Landyn Garneys) from 5.165.187.31-1225620528 || BYOND v499
[17:59:26]ACCESS: Logout: *no client*/(Spartan235)
[17:59:26]ACCESS: Login: Spartan235/(Hugo Heckendora) from 85.26.234.112-2429861145 || BYOND v498
[17:59:30]GAME: Explosion with size (-1, -1, 2) in area Sewers 
[17:59:31]ACCESS: Logout: *no client*/(Nikaks)
[17:59:31]ACCESS: Login: Nikaks/(Gus Bear) from 109.111.160.184-1419935905 || BYOND v499
[17:59:34]ACCESS: Logout: *no client*/(AlienReaper)
[17:59:34]ACCESS: Login: AlienReaper/(Gary Hujsak) from 176.121.3.160-1875350987 || BYOND v499
[17:59:37]OOC: Morgan Bickerson/Catratcat : небольша&#255; коррекци&#255;. Вскоре добавлю больше критических ранений.
[17:59:50]ACCESS: Login: Gordon Sollicitor/(Gordon Sollicitor) from 178.120.182.187-187768208 || BYOND v498
[17:59:50]ACCESS: Login: Gordon Sollicitor/(Gordon Sollicitor) from 178.120.182.187
[17:59:58]OOC: Conrad Nominox/DiUsTin : Блин, ты так и не пофиксил фов.
[17:59:59]ACCESS: Logout: *no client*/(Encocz)
[17:59:59]ACCESS: Login: Encocz/(James Morgan) from 178.236.140.146-2884943148 || BYOND v498
[18:00:02]GAME: Explosion with size (-1, -1, 2) in area Sewers 
[18:00:05]OOC: Conrad Nominox/DiUsTin : Но да, теперь выгл&#255;дит лучше
[18:00:08]GAME: Explosion with size (-1, -1, 2) in area Sewers 
[18:00:13]ADMIN: ATTACK: Scotty Scott (vovanhur) attacked Gus Bear (nikaks) with the brick.
[18:00:14]ADMIN: ATTACK: Scotty Scott (vovanhur) attacked Gus Bear (nikaks) with the brick.
[18:00:15]ADMIN: ATTACK: Scotty Scott (vovanhur) attacked Gus Bear (nikaks) with the brick.
[18:00:16]EMOTE: Gus Bear/Nikaks : <B>Gus Bear</B> screams!
[18:00:16]ADMIN: ATTACK: Scotty Scott (vovanhur) attacked Gus Bear (nikaks) with the brick.
[18:00:17]EMOTE: Gus Bear/Nikaks : <B>Gus Bear</B> screams!
[18:00:17]ADMIN: ATTACK: Scotty Scott (vovanhur) attacked Unknown (nikaks) with the brick.
[18:00:18]EMOTE: Unknown/Nikaks : <B>Unknown</B> screams!
[18:00:18]ADMIN: ATTACK: Scotty Scott (vovanhur) attacked Unknown (nikaks) with the brick.
[18:00:19]EMOTE: Unknown/Nikaks : <B>Unknown</B> screams!
[18:00:20]EMOTE: Unknown/Nikaks : <B>Unknown</B> screams!
[18:00:21]OOC: Morgan Bickerson/Catratcat : Не пофиксил как?
[18:00:21]EMOTE: Unknown/Nikaks : <B>Unknown</B> gasps!
[18:00:22]ADMIN: ATTACK: Scotty Scott (vovanhur) attacked Unknown (nikaks) with the brick.
[18:00:23]EMOTE: Unknown/Nikaks : <B>Unknown</B> stops breathing...
[18:00:23]ADMIN: ATTACK: Scotty Scott (vovanhur) attacked Unknown (nikaks) with the brick.
[18:00:25]EMOTE: Unknown/Nikaks : <B>Unknown</B> screams!
[18:00:25]EMOTE: Unknown/Nikaks : <B>Unknown</B> seizes up and falls limp, his eyes dead and lifeless...
[18:00:29]ADMIN: Catratcat/(Morgan Bickerson) jumped to DiUsTin/(Conrad Nominox)
[18:00:31]ACCESS: Logout: *no client*/(Gordon Sollicitor)
[18:00:31]ACCESS: Login: Gordon Sollicitor/(Greg) from 178.120.182.187-187768208 || BYOND v498
[18:00:33]OOC: Conrad Nominox/DiUsTin : Он не воврем&#255; перемещаетс&#255;
[18:00:34]SAY: Scotty Scott/Vovanhur : Мое!
[18:00:41]ACCESS: Logout: *no client*/(Gus Bear)
[18:00:41]ACCESS: Login: Nikaks/(Unknown) from 109.111.160.184-1419935905 || BYOND v499
[18:00:48]ADMIN: ATTACK: Scotty Scott (vovanhur) implanted Scotty Scott (vovanhur) with Nanoaugmentation Implaner (Regenerative Nanobots).
[18:00:51]OOC: Conrad Nominox/DiUsTin : Видеть FOV у себ&#255; перед носом в схватке..
[18:00:55]ADMIN: ATTACK: Scotty Scott (vovanhur) implanted Scotty Scott (vovanhur) with Nanoaugmentation Implaner (Short-range Psionic Radar).
[18:00:57]ACCESS: Login: JinraiRecon/(JinraiRecon) from 188.244.163.143-686624057 || BYOND v498
[18:00:57]ACCESS: Login: JinraiRecon/(JinraiRecon) from 188.244.163.143
[18:00:57]OOC: Morgan Bickerson/Catratcat : ну пока что недостаточно быстро просто.
[18:01:06]OOC: Morgan Bickerson/Catratcat : да не будешь ты его видеть...
[18:01:13]ACCESS: Logout: Nikaks/(Unknown)
[18:01:25]OOC: James Morgan/Encocz : а он работает? вроде тень полутемна&#255; есть, а людей все равно видно
[18:01:33]OOC: Morgan Bickerson/Catratcat : за спиной не видно
[18:01:34]OOC: JinraiRecon/JinraiRecon : А мне гостов за спиной покажут?
[18:01:37]SAY: Greg/Gordon Sollicitor : черт!
[18:01:46]ACCESS: Login: Linnlarove/(Linnlarove) from 109.188.127.54-1395780205 || BYOND v498
[18:01:46]ACCESS: Login: Linnlarove/(Linnlarove) from 109.188.127.54
[18:01:59]SAY: Scotty Scott/Vovanhur : Мужик,будешь в банде?
[18:02:04]OOC: James Morgan/Encocz : а, просто если мышкой поворачивать голову - тень не мен&#255;етс&#255; местами
[18:02:23]OOC: Morgan Bickerson/Catratcat : должна..
[18:02:26]OOC: Conrad Nominox/DiUsTin : Похоже на фичу
[18:02:27]ACCESS: Logout: *no client*/(Linnlarove)
[18:02:27]ACCESS: Login: Linnlarove/(Mary Wild) from 109.188.127.54-1395780205 || BYOND v498
[18:02:28]ACCESS: Logout: *no client*/(JinraiRecon)
[18:02:28]ACCESS: Login: JinraiRecon/(Fitz Pritchard) from 188.244.163.143-686624057 || BYOND v498
[18:02:38]SAY: Greg/Gordon Sollicitor : эй парни! откройте чертовы двери!
[18:02:50]ADMIN: HELP: Linnlarove/(Mary Wild): Что нового?
[18:03:05]OOC: James Morgan/Encocz : хот&#255; теперь нормально
[18:03:05]ADMIN: PM: Catratcat/(Morgan Bickerson)->Linnlarove/(Mary Wild): Из &#255;вного только мотоциклы
[18:03:16]SAY: Greg/Gordon Sollicitor : эй ты!
[18:03:18]SAY: Greg/Gordon Sollicitor : прочь!
[18:03:19]SAY: Unknown/Spartan235 : А?
[18:03:21]ADMIN: HELP: DiUsTin/(Conrad Nominox): Дашь мотоцикл потестить?
[18:03:24]SAY: Helmut Grauhaarig/Zazaby : ай
[18:03:32]ADMIN: PM: Catratcat/(Morgan Bickerson)->DiUsTin/(Conrad Nominox): да
[18:03:33]SAY: Unknown/Spartan235 : Я просто пройти хотел.
[18:03:34]ADMIN: Catratcat/(Morgan Bickerson) jumped to DiUsTin/(Conrad Nominox)
[18:03:36]SAY: Greg/Gordon Sollicitor : черт черт черт..давай же!
[18:03:43]SAY: Greg/Gordon Sollicitor : ты еще здесь.. арх!
[18:03:48]SAY: Unknown/Spartan235 : Ах..
[18:03:52]SAY: Unknown/Spartan235 : Я пройду.
[18:03:54]ADMIN: HELP: DiUsTin/(Conrad Nominox): Он крафтабелен?
[18:03:57]SAY: Greg/Gordon Sollicitor : откройс&#255;!
[18:03:58]OOC: Morgan Bickerson/Catratcat : Добавил мотоциклы. НО пока они без звкуа...
[18:04:02]EMOTE: Helmut Grauhaarig/Zazaby : <B>Helmut Grauhaarig</B> stops breathing...
[18:04:03]EMOTE: Helmut Grauhaarig/Zazaby : <B>Helmut Grauhaarig</B> screams!
[18:04:04]EMOTE: Helmut Grauhaarig/Zazaby : <B>Helmut Grauhaarig</B> screams!
[18:04:04]ADMIN: PM: Catratcat/(Morgan Bickerson)->DiUsTin/(Conrad Nominox): пока нет, но будет
[18:04:19]SAY: Fitz Pritchard/JinraiRecon : Ну что ты, путешественник.
[18:04:27]SAY: Fitz Pritchard/JinraiRecon : Пошли.
[18:04:31]ADMIN: Catratcat/(Morgan Bickerson) created a /obj/item/key/bobber
[18:04:33]ADMIN: Catratcat/(Morgan Bickerson) created a /obj/structure/stool/bed/chair/motorcycle/bobber
[18:04:34]ADMIN: HELP: Linnlarove/(Mary Wild): Я, кстати, не могу при создании персонажа выбрать прическу. Там где должна быть кнопка, её нет.
[18:04:35]OOC: Conrad Nominox/DiUsTin : Залагало.
[18:04:38]SAY: Greg/Gordon Sollicitor : &#255; в заднице... &#255; в полной заднице
[18:04:56]ADMIN: PM: Catratcat/(Morgan Bickerson)->Linnlarove/(Mary Wild): хм...очень странно. А расса человеческа&#255;?
[18:05:05]ADMIN: HELP: Linnlarove/(Mary Wild): Да.
[18:05:11]SAY: Fitz Pritchard/JinraiRecon : У теб&#255; два варианта. Помочь или съебать.
[18:05:17]ADMIN: Catratcat/(Morgan Bickerson) modified bobber's fuel to 400
[18:05:20]GAME: Explosion with size (-1, -1, 2) in area Sewers 
[18:05:23]SAY: Gary Hujsak/AlienReaper : ммм
[18:05:31]GAME: Explosion with size (-1, -1, 2) in area Sewers 
[18:06:05]ADMIN: PM: Catratcat/(Morgan Bickerson)->DiUsTin/(Conrad Nominox): сломал его...ну ладно. Он пока сырой.
[18:06:11]ADMIN: Catratcat/(Morgan Bickerson) deleted the bobber at (58,37,2)
[18:06:27]EMOTE: Helmut Grauhaarig/Zazaby : <B>Helmut Grauhaarig</B> seizes up and falls limp, his eyes dead and lifeless...
[18:06:27]ADMIN: HELP: DiUsTin/(Conrad Nominox): Это &#255; вижу. Из-за него так лагало?
[18:06:35]ACCESS: Logout: *no client*/(Helmut Grauhaarig)
[18:06:35]ACCESS: Login: Zazaby/(Helmut Grauhaarig) from 176.49.155.254-3517285782 || BYOND v498
[18:06:40]SAY: Fitz Pritchard/JinraiRecon : Дерьмо собачье.
[18:06:40]SAY: Fitz Pritchard/JinraiRecon : Ну что.
[18:06:40]SAY: Ghost/Zazaby : бл&#255;
[18:06:40]ADMIN: PM: Catratcat/(Morgan Bickerson)->DiUsTin/(Conrad Nominox): возможно...
[18:06:47]SAY: Fitz Pritchard/JinraiRecon : Сделаем тогда по-человечески.
[18:07:05]ADMIN: PM: Catratcat/(Morgan Bickerson)->DiUsTin/(Conrad Nominox): он много лишней информации пишет...это дл&#255; теста было удобно. Надо убрать ее и все будет ок
[18:07:08]SAY: Ghost/Zazaby : только затарилс&#255;
[18:07:14]SAY: Ghost/Zazaby : и сразу в &#255;му 2 раза умал.
[18:07:30]GAME: Explosion with size (-1, -1, 2) in area Sewers 
[18:07:53]OOC: Morgan Bickerson/Catratcat : JinraiRecon не раскроешь свою истинную личность?
[18:08:00]OOC: Fitz Pritchard/JinraiRecon : Конечно нет.
[18:08:08]OOC: Morgan Bickerson/Catratcat : Ок.
[18:08:10]SAY: Fitz Pritchard/JinraiRecon : Спи, старик.
[18:08:16]ACCESS: Logout: JinraiRecon/(Fitz Pritchard)
[18:08:34]EMOTE: Fitz Pritchard/JinraiRecon : <B>Fitz Pritchard</B> snores.
[18:08:37]EMOTE: Fitz Pritchard/JinraiRecon : <B>Fitz Pritchard</B> snores.
[18:08:46]ADMIN: ATTACK: Johnny Bicknell (lacsuos) attacked Johnny Bicknell (lacsuos) with the chain.
[18:08:47]SAY: Greg/Gordon Sollicitor : фьюх... жив..
[18:09:00]EMOTE: Fitz Pritchard/JinraiRecon : <B>Fitz Pritchard</B> snores.
[18:09:17]ACCESS: Login: 1CogwheeL1/(1CogwheeL1) from 46.39.36.82-349723203 || BYOND v499
[18:09:18]ACCESS: Login: 1CogwheeL1/(1CogwheeL1) from 46.39.36.82
[18:09:26]ADMIN: HELP: Linnlarove/(Mary Wild): Ты вкинул в статус адрес?
[18:09:31]EMOTE: Gary Hujsak/AlienReaper : <B>Gary Hujsak</B> seizes up and falls limp, his eyes dead and lifeless...
[18:09:34]EMOTE: Fitz Pritchard/JinraiRecon : <B>Fitz Pritchard</B> snores.
[18:09:35]ACCESS: Logout: *no client*/(Gary Hujsak)
[18:09:35]ACCESS: Login: AlienReaper/(Gary Hujsak) from 176.121.3.160-1875350987 || BYOND v499
[18:09:42]ADMIN: PM: Catratcat/(Morgan Bickerson)->Linnlarove/(Mary Wild): Уже убрал. 
[18:09:50]ACCESS: Logout: DiUsTin/(Conrad Nominox)
[18:09:50]ADMIN: HELP: Linnlarove/(Mary Wild): Почему же?
[18:09:52]GAME: Explosion with size (-1, -1, 2) in area Sewers 
[18:10:00]EMOTE: Fitz Pritchard/JinraiRecon : <B>Fitz Pritchard</B> snores.
[18:10:00]ACCESS: Login: DiUsTin/(Conrad Nominox) from 217.118.79.26-1028888918 || BYOND v498
[18:10:01]ACCESS: Login: DiUsTin/(Conrad Nominox) from 217.118.79.26
[18:10:10]ADMIN: PM: Catratcat/(Morgan Bickerson)->Linnlarove/(Mary Wild): 13 человек. Этого вполне достаточно. Плюс &#255; не хочу надолго зат&#255;гивать
[18:10:12]ADMIN: HELP: DiUsTin/(Conrad Nominox): Вылетал.
[18:10:12]ACCESS: Logout: *no client*/(1CogwheeL1)
[18:10:12]ACCESS: Login: 1CogwheeL1/(Holden Tennant) from 46.39.36.82-349723203 || BYOND v499
[18:10:15]EMOTE: Fitz Pritchard/JinraiRecon : <B>Fitz Pritchard</B> snores.
[18:10:19]EMOTE: Holden Tennant/1CogwheeL1 : <B>Holden Tennant</B> cries.
[18:10:32]EMOTE: Fitz Pritchard/JinraiRecon : <B>Fitz Pritchard</B> snores.
[18:10:48]EMOTE: Fitz Pritchard/JinraiRecon : <B>Fitz Pritchard</B> snores.
[18:10:53]SAY: Greg/Gordon Sollicitor : мать мо&#255;!
[18:11:02]SAY: Holden Tennant/1CogwheeL1 : Ничерта не видно
[18:11:07]EMOTE: Fitz Pritchard/JinraiRecon : <B>Fitz Pritchard</B> snores.
[18:11:09]EMOTE: Fitz Pritchard/JinraiRecon : <B>Fitz Pritchard</B> snores.
[18:11:15]EMOTE: Fitz Pritchard/JinraiRecon : <B>Fitz Pritchard</B> snores.
[18:11:17]SAY: Scotty Scott/Vovanhur : Заебись.
[18:11:17]SAY: Unknown/Spartan235 : Что-то нуж..
[18:11:18]SAY: Ghost/Zazaby : раздень мен&#255;&#255;&#255;
[18:11:20]SAY: Unknown/Spartan235 : Бл&#255;дь!
[18:11:29]ADMIN: ATTACK: Unknown (linnlarove) shot Unknown (spartan235) with the Bullet.
[18:11:30]EMOTE: Unknown/Spartan235 : <B>Unknown</B> screams!
[18:11:31]EMOTE: Unknown/Spartan235 : <B>Unknown</B> screams!
[18:11:33]ADMIN: ATTACK: Unknown (linnlarove) attacked Unknown (spartan235) with the fire extinguisher.
[18:11:35]ADMIN: ATTACK: Unknown (linnlarove) attacked Unknown (spartan235) with the fire extinguisher.
[18:11:35]EMOTE: Holden Tennant/1CogwheeL1 : <B>Holden Tennant</B> смотрит на верх
[18:11:36]EMOTE: Unknown/Spartan235 : <B>Unknown</B> screams!
[18:11:37]ADMIN: ATTACK: Unknown (linnlarove) attacked Unknown (spartan235) with the fire extinguisher.
[18:11:37]EMOTE: Unknown/Spartan235 : <B>Unknown</B> screams!
[18:11:37]EMOTE: Unknown/Spartan235 : <B>Unknown</B> screams!
[18:11:38]ADMIN: ATTACK: Unknown (linnlarove) attacked Unknown (spartan235) with the fire extinguisher.
[18:11:38]EMOTE: Fitz Pritchard/JinraiRecon : <B>Fitz Pritchard</B> snores.
[18:11:38]EMOTE: Unknown/Spartan235 : <B>Unknown</B> screams!
[18:11:39]EMOTE: Unknown/Spartan235 : <B>Unknown</B> screams!
[18:11:39]ADMIN: ATTACK: Unknown (linnlarove) attacked Unknown (spartan235) with the fire extinguisher.
[18:11:39]EMOTE: Fitz Pritchard/JinraiRecon : <B>Fitz Pritchard</B> snores.
[18:11:39]EMOTE: Unknown/Spartan235 : <B>Unknown</B> stops breathing...
[18:11:40]EMOTE: Unknown/Spartan235 : <B>Unknown</B> screams!
[18:11:40]EMOTE: Unknown/Spartan235 : <B>Unknown</B> screams!
[18:11:40]ADMIN: ATTACK: Unknown (linnlarove) attacked Unknown (spartan235) with the fire extinguisher.
[18:11:40]EMOTE: Unknown/Spartan235 : <B>Unknown</B> screams!
[18:11:40]EMOTE: Unknown/Spartan235 : <B>Unknown</B> seizes up and falls limp, his eyes dead and lifeless...
[18:11:41]EMOTE: Unknown/Spartan235 : <B>Unknown</B> screams!
[18:11:41]EMOTE: Unknown/Spartan235 : <B>Unknown</B> screams!
[18:11:41]SAY: Holden Tennant/1CogwheeL1 : Дент
[18:11:47]ACCESS: Logout: *no client*/(Hugo Heckendora)
[18:11:47]ACCESS: Login: Spartan235/(Unknown) from 85.26.234.112-2429861145 || BYOND v498
[18:12:14]SAY: Ghost/Spartan235 : Нет, правда,&#255; полный ноль в робусте..
[18:12:15]EMOTE: Fitz Pritchard/JinraiRecon : <B>Fitz Pritchard</B> snores.
[18:12:16]EMOTE: Fitz Pritchard/JinraiRecon : <B>Fitz Pritchard</B> snores.
[18:12:20]ADMIN: ATTACK: Zion Camp (midas123) was hit by Helmut Grauhaarig-meat thrown by ()
[18:12:20]ADMIN: ATTACK: Zion Camp (midas123) was hit by Helmut Grauhaarig-meat thrown by ()
[18:12:20]ADMIN: ATTACK: Zion Camp (midas123) was hit by Helmut Grauhaarig-meat thrown by ()
[18:12:21]EMOTE: Fitz Pritchard/JinraiRecon : <B>Fitz Pritchard</B> snores.
[18:12:43]SAY: Greg/Gordon Sollicitor : мать мо&#255;..
[18:12:45]EMOTE: Fitz Pritchard/JinraiRecon : <B>Fitz Pritchard</B> snores.
[18:12:47]ACCESS: Logout: Spartan235/(Unknown)
[18:12:49]EMOTE: Fitz Pritchard/JinraiRecon : <B>Fitz Pritchard</B> snores.
[18:12:50]SAY: Scotty Scott/Vovanhur : Дорогой!
[18:12:52]EMOTE: Fitz Pritchard/JinraiRecon : <B>Fitz Pritchard</B> snores.
[18:12:57]SAY: Scotty Scott/Vovanhur : Обмен&#255;ть,продать,купить?
[18:13:08]SAY: Scotty Scott/Vovanhur : М?
[18:13:17]EMOTE: Fitz Pritchard/JinraiRecon : <B>Fitz Pritchard</B> snores.
[18:13:19]EMOTE: Holden Tennant/1CogwheeL1 : <B>Holden Tennant</B> осматриваетс&#255;
[18:13:23]ACCESS: Login: Spartan235/(Unknown) from 85.26.234.112-2429861145 || BYOND v498
[18:13:23]ACCESS: Login: Spartan235/(Unknown) from 85.26.234.112
[18:13:29]SAY: Holden Tennant/1CogwheeL1 : Я просто пережду здесь ночь
[18:13:29]ADMIN: HELP: DiUsTin/(Conrad Nominox): Но ФОВ действительно странный
[18:13:29]SAY: Scotty Scott/Vovanhur : Так что?
[18:13:35]SAY: Scotty Scott/Vovanhur : Ммм...
[18:13:38]EMOTE: Fitz Pritchard/JinraiRecon : <B>Fitz Pritchard</B> snores.
[18:13:40]SAY: Scotty Scott/Vovanhur : Переждать ночь...
[18:13:44]EMOTE: Fitz Pritchard/JinraiRecon : <B>Fitz Pritchard</B> snores.
[18:13:48]EMOTE: Fitz Pritchard/JinraiRecon : <B>Fitz Pritchard</B> snores.
[18:13:50]SAY: Scotty Scott/Vovanhur : За это, &#255; возьму ваши сандали!
[18:13:52]EMOTE: Landyn Garneys/Hamster2010 : <B>Landyn Garneys</B> screams!
[18:13:53]EMOTE: Landyn Garneys/Hamster2010 : <B>Landyn Garneys</B> screams!
[18:13:56]EMOTE: Fitz Pritchard/JinraiRecon : <B>Fitz Pritchard</B> snores.
[18:13:57]EMOTE: Landyn Garneys/Hamster2010 : <B>Landyn Garneys</B> stops breathing...
[18:13:59]EMOTE: Fitz Pritchard/JinraiRecon : <B>Fitz Pritchard</B> snores.
[18:14:08]EMOTE: Holden Tennant/1CogwheeL1 : <B>Holden Tennant</B> посмотрел на сандали
[18:14:18]EMOTE: Fitz Pritchard/JinraiRecon : <B>Fitz Pritchard</B> snores.
[18:14:21]SAY: Scotty Scott/Vovanhur : Подумайте,тут очень безопасно!
[18:14:22]EMOTE: Landyn Garneys/Hamster2010 : <B>Landyn Garneys</B> seizes up and falls limp, his eyes dead and lifeless...
[18:14:28]EMOTE: Fitz Pritchard/JinraiRecon : <B>Fitz Pritchard</B> snores.
[18:14:30]ADMIN: ATTACK: Johnny Bicknell (lacsuos) attacked Johnny Bicknell (lacsuos) with the stick.
[18:14:32]EMOTE: Fitz Pritchard/JinraiRecon : <B>Fitz Pritchard</B> snores.
[18:14:37]ADMIN: ATTACK: Johnny Bicknell (lacsuos) attacked Johnny Bicknell (lacsuos) with the brick.
[18:14:43]SAY: Scotty Scott/Vovanhur : Друг!
[18:14:51]EMOTE: Johnny Bicknell/Lacsuos : <B>Johnny Bicknell</B> raises a hand.
[18:14:53]EMOTE: Johnny Bicknell/Lacsuos : <B>Johnny Bicknell</B> raises a hand.
[18:14:55]SAY: Scotty Scott/Vovanhur : Продать,купить,обмен&#255;ть?
[18:14:57]EMOTE: Fitz Pritchard/JinraiRecon : <B>Fitz Pritchard</B> snores.
[18:14:59]ACCESS: Logout: *no client*/(Landyn Garneys)
[18:14:59]ACCESS: Login: Hamster2010/(Landyn Garneys) from 5.165.187.31-1225620528 || BYOND v499
[18:14:59]EMOTE: Fitz Pritchard/JinraiRecon : <B>Fitz Pritchard</B> snores.
[18:15:04]EMOTE: Johnny Bicknell/Lacsuos : <B>Johnny Bicknell</B> cries.
[18:15:04]SAY: Greg/Gordon Sollicitor : воу..
[18:15:07]SAY: Unknown/Linnlarove : Пфффф.
[18:15:07]EMOTE: Johnny Bicknell/Lacsuos : <B>Johnny Bicknell</B> screams!
[18:15:12]EMOTE: Fitz Pritchard/JinraiRecon : <B>Fitz Pritchard</B> snores.
[18:15:17]EMOTE: Fitz Pritchard/JinraiRecon : <B>Fitz Pritchard</B> snores.
[18:15:18]EMOTE: Fitz Pritchard/JinraiRecon : <B>Fitz Pritchard</B> snores.
[18:15:20]EMOTE: Unknown/Linnlarove : <B>Unknown</B> что-то бурчит.
[18:15:25]EMOTE: Johnny Bicknell/Lacsuos : <B>Johnny Bicknell</B> giggles.
[18:15:26]SAY: Scotty Scott/Vovanhur : Или что?
[18:15:29]EMOTE: Johnny Bicknell/Lacsuos : <B>Johnny Bicknell</B> loud call out.
[18:15:33]EMOTE: Fitz Pritchard/JinraiRecon : <B>Fitz Pritchard</B> snores.
[18:15:33]SAY: Scotty Scott/Vovanhur : Не желаете купить еды?
[18:15:33]EMOTE: Johnny Bicknell/Lacsuos : <B>Johnny Bicknell</B> bows.
[18:15:36]EMOTE: Holden Tennant/1CogwheeL1 : <B>Holden Tennant</B> постукивает пальцами по столу
[18:15:38]EMOTE: Fitz Pritchard/JinraiRecon : <B>Fitz Pritchard</B> snores.
[18:15:42]EMOTE: Fitz Pritchard/JinraiRecon : <B>Fitz Pritchard</B> snores.
[18:15:44]SAY: Scotty Scott/Vovanhur : Кошелек?
[18:15:45]SAY: Unknown/Linnlarove : Пффф шелпфф.
[18:15:47]EMOTE: Fitz Pritchard/JinraiRecon : <B>Fitz Pritchard</B> snores.
[18:15:50]EMOTE: Unknown/Linnlarove : <B>Unknown</B> кивнул.
[18:15:56]SAY: Greg/Gordon Sollicitor : прием? кто на св&#255;зи?
[18:15:56]SAY: Scotty Scott/Vovanhur : Всего за одну монету!Цена как в автомате!
[18:16:00]SAY: Greg/Gordon Sollicitor : со&#255;ть!
[18:16:03]SAY: Greg/Gordon Sollicitor : сто&#255;ть!
[18:16:06]EMOTE: Fitz Pritchard/JinraiRecon : <B>Fitz Pritchard</B> snores.
[18:16:06]SAY: Greg/Gordon Sollicitor : эй ты!
[18:16:17]EMOTE: Fitz Pritchard/JinraiRecon : <B>Fitz Pritchard</B> snores.
[18:16:18]SAY: Unknown/Linnlarove : Беспфффтано.
[18:16:20]SAY: Scotty Scott/Vovanhur : Минутку!
[18:16:29]EMOTE: Fitz Pritchard/JinraiRecon : <B>Fitz Pritchard</B> snores.
[18:16:36]EMOTE: Fitz Pritchard/JinraiRecon : <B>Fitz Pritchard</B> snores.
[18:16:38]SAY: Scotty Scott/Vovanhur : Одну секунду!
[18:16:41]EMOTE: Fitz Pritchard/JinraiRecon : <B>Fitz Pritchard</B> snores.
[18:16:44]EMOTE: Fitz Pritchard/JinraiRecon : <B>Fitz Pritchard</B> snores.
[18:16:49]EMOTE: Fitz Pritchard/JinraiRecon : <B>Fitz Pritchard</B> snores.
[18:16:53]EMOTE: Fitz Pritchard/JinraiRecon : <B>Fitz Pritchard</B> snores.
[18:16:58]EMOTE: Johnny Bicknell/Lacsuos : <B>Johnny Bicknell</B> seizes up and falls limp, his eyes dead and lifeless...
[18:16:58]ADMIN: Catratcat/(Morgan Bickerson) jumped to DiUsTin/(Conrad Nominox)
[18:17:02]SAY: Holden Tennant/1CogwheeL1 : эЙ!
[18:17:03]ACCESS: Logout: *no client*/(Johnny Bicknell)
[18:17:03]ACCESS: Login: Lacsuos/(Johnny Bicknell) from 95.84.21.190-279973796 || BYOND v498
[18:17:05]ADMIN: ATTACK: Unknown (linnlarove) shot Holden Tennant (1cogwheel1) with the Bullet.
[18:17:06]EMOTE: Holden Tennant/1CogwheeL1 : <B>Holden Tennant</B> screams!
[18:17:07]SAY: Holden Tennant/1CogwheeL1 : Л<big>-</big>ЛА<big>Д</big><b>Н</b>О
[18:17:07]EMOTE: Holden Tennant/1CogwheeL1 : <B>Holden Tennant</B> screams!
[18:17:09]ADMIN: ATTACK: Unknown (linnlarove) attacked Unknown (1cogwheel1) with the fire extinguisher.
[18:17:11]EMOTE: Fitz Pritchard/JinraiRecon : <B>Fitz Pritchard</B> snores.
[18:17:11]EMOTE: Unknown/1CogwheeL1 : <B>Unknown</B> screams!
[18:17:11]ADMIN: ATTACK: Unknown (linnlarove) attacked Unknown (1cogwheel1) with the fire extinguisher.
[18:17:12]EMOTE: Unknown/1CogwheeL1 : <B>Unknown</B> screams!
[18:17:12]EMOTE: Unknown/1CogwheeL1 : <B>Unknown</B> screams!
[18:17:12]ADMIN: ATTACK: Unknown (linnlarove) attacked Unknown (1cogwheel1) with the fire extinguisher.
[18:17:13]EMOTE: Unknown/1CogwheeL1 : <B>Unknown</B> stops breathing...
[18:17:14]EMOTE: Unknown/1CogwheeL1 : <B>Unknown</B> screams!
[18:17:14]EMOTE: Unknown/1CogwheeL1 : <B>Unknown</B> screams!
[18:17:14]ADMIN: ATTACK: Unknown (linnlarove) attacked Unknown (1cogwheel1) with the fire extinguisher.
[18:17:15]EMOTE: Unknown/1CogwheeL1 : <B>Unknown</B> screams!
[18:17:15]EMOTE: Unknown/1CogwheeL1 : <B>Unknown</B> screams!
[18:17:15]ADMIN: ATTACK: Unknown (linnlarove) attacked Unknown (1cogwheel1) with the fire extinguisher.
[18:17:16]EMOTE: Unknown/1CogwheeL1 : <B>Unknown</B> screams!
[18:17:16]EMOTE: Unknown/1CogwheeL1 : <B>Unknown</B> screams!
[18:17:16]EMOTE: Unknown/1CogwheeL1 : <B>Unknown</B> screams!
[18:17:16]EMOTE: Unknown/1CogwheeL1 : <B>Unknown</B> seizes up and falls limp, his eyes dead and lifeless...
[18:17:16]ADMIN: ATTACK: Unknown (linnlarove) attacked Unknown (1cogwheel1) with the fire extinguisher.
[18:17:17]SAY: Greg/Gordon Sollicitor : сто&#255;ть
[18:17:17]EMOTE: Unknown/1CogwheeL1 : <B>Unknown</B> screams!
[18:17:17]ADMIN: ATTACK: Unknown (linnlarove) attacked Unknown (1cogwheel1) with the fire extinguisher.
[18:17:22]ADMIN: ATTACK: Greg (gordonsollicitor) primed a frag grenade.
[18:17:25]GAME: Explosion with size (-1, 0, 2) in area Central Primary Hallway 
[18:17:25]ACCESS: Logout: *no client*/(Holden Tennant)
[18:17:25]ACCESS: Login: 1CogwheeL1/(Unknown) from 46.39.36.82-349723203 || BYOND v499
[18:17:25]GAME: Explosion with size (-1, 0, 2) in area Central Primary Hallway 
[18:17:26]GAME: Explosion with size (-1, 0, 2) in area Central Primary Hallway 
[18:17:28]EMOTE: Greg/Gordon Sollicitor : <B>Greg</B> screams!
[18:17:29]EMOTE: Greg/Gordon Sollicitor : <B>Greg</B> screams!
[18:17:30]EMOTE: Greg/Gordon Sollicitor : <B>Greg</B> screams!
[18:17:30]EMOTE: Greg/Gordon Sollicitor : <B>Greg</B> seizes up and falls limp, his eyes dead and lifeless...
[18:17:38]GAME: Helmut Grauhaarig/Zazaby used abandon mob.
[18:17:38]ACCESS: Logout: *no client*/(Helmut Grauhaarig)
[18:17:38]ACCESS: Login: Zazaby/(new player) from 176.49.155.254-3517285782 || BYOND v498
[18:18:13]ACCESS: Logout: *no client*/(Greg)
[18:18:13]ACCESS: Login: Gordon Sollicitor/(Unknown as (Greg)) from 178.120.182.187-187768208 || BYOND v498
[18:18:15]ADMIN: ATTACK: James Morgan (encocz) shot Unknown as (Greg) () with the Fire Bullet.
[18:18:16]EMOTE: Fitz Pritchard/JinraiRecon : <B>Fitz Pritchard</B> snores.
[18:18:24]SAY: Ghost/1CogwheeL1 : Ох уж эти времена, когда теб&#255; убивают ради монетки
[18:18:39]ADMIN: ATTACK: James Morgan (encocz) punched James Morgan (encocz).
[18:18:42]EMOTE: Fitz Pritchard/JinraiRecon : <B>Fitz Pritchard</B> snores.
[18:18:43]EMOTE: Fitz Pritchard/JinraiRecon : <B>Fitz Pritchard</B> snores.
[18:18:53]SAY: Ghost/Hamster2010 : Всегда так было.
[18:19:01]EMOTE: Fitz Pritchard/JinraiRecon : <B>Fitz Pritchard</B> snores.
[18:19:02]SAY: Ghost/Spartan235 : Ага.Сам убивай,если не нравитс&#255;.
[18:19:16]EMOTE: Fitz Pritchard/JinraiRecon : <B>Fitz Pritchard</B> snores.
[18:19:36]EMOTE: Fitz Pritchard/JinraiRecon : <B>Fitz Pritchard</B> snores.
[18:19:46]ACCESS: Logout: *no client*/(new player)
[18:19:46]ACCESS: Login: Zazaby/(Ivan Dixon) from 176.49.155.254-3517285782 || BYOND v498
[18:19:50]EMOTE: Fitz Pritchard/JinraiRecon : <B>Fitz Pritchard</B> snores.
[18:19:54]EMOTE: Fitz Pritchard/JinraiRecon : <B>Fitz Pritchard</B> snores.
[18:20:02]SAY: Ghost/1CogwheeL1 : Я что-то говорил про то, что это мне не нравитс&#255;?
[18:20:09]SAY: James Morgan/Encocz : Раз
[18:20:22]EMOTE: Fitz Pritchard/JinraiRecon : <B>Fitz Pritchard</B> snores.
[18:20:26]SAY: James Morgan/Encocz : Вход в обитель открыт, надсмотрщик подорвалс&#255; на своей же гранате
[18:20:29]ADMIN: ATTACK: Scotty Scott (vovanhur) was hit by Holden Tennant-meat thrown by ()
[18:20:29]ADMIN: ATTACK: Scotty Scott (vovanhur) was hit by Holden Tennant-meat thrown by ()
[18:20:38]GAME: Gary Hujsak/AlienReaper used abandon mob.
[18:20:38]ACCESS: Logout: *no client*/(Gary Hujsak)
[18:20:38]ACCESS: Login: AlienReaper/(new player) from 176.121.3.160-1875350987 || BYOND v499
[18:20:42]SAY: Scotty Scott/Vovanhur : Дай-ка дебагер
[18:21:20]SAY: Ghost/Hamster2010 : Сколько нужно выстрелов из лука чтобы убить?
[18:21:24]SAY: Scotty Scott/Vovanhur : Друг!
[18:21:26]SAY: Conrad Nominox as (Gary Hujsak)/DiUsTin : М-м?
[18:21:36]EMOTE: Unknown/Linnlarove : <B>Unknown</B> is having trouble keeping their eyes open.
[18:21:37]SAY: Scotty Scott/Vovanhur : Продать,купить,обмен&#255;ть?
[18:21:44]EMOTE: Fitz Pritchard/JinraiRecon : <B>Fitz Pritchard</B> snores.
[18:21:46]SAY: Conrad Nominox as (Gary Hujsak)/DiUsTin : Смотр&#255; что.
[18:21:47]ACCESS: Logout: Gordon Sollicitor/(Unknown as (Greg))
[18:22:07]EMOTE: Fitz Pritchard/JinraiRecon : <B>Fitz Pritchard</B> snores.
[18:22:09]EMOTE: Fitz Pritchard/JinraiRecon : <B>Fitz Pritchard</B> snores.
[18:22:15]ACCESS: Logout: *no client*/(new player)
[18:22:15]ACCESS: Login: AlienReaper/(Kharn) from 176.121.3.160-1875350987 || BYOND v499
[18:22:16]ADMIN: HELP: DiUsTin/(Conrad Nominox): Лол. Выпиливай ФОВ чувак. Он адски багованный.
[18:22:17]EMOTE: Fitz Pritchard/JinraiRecon : <B>Fitz Pritchard</B> snores.
[18:22:18]SAY: Conrad Nominox as (Gary Hujsak)/DiUsTin : Не.
[18:22:21]EMOTE: Fitz Pritchard/JinraiRecon : <B>Fitz Pritchard</B> snores.
[18:22:26]SAY: Ghost/1CogwheeL1 : Что это с ним?
[18:22:32]SAY: Ghost/Spartan235 : С кем?
[18:22:36]ADMIN: PM: Catratcat/(Morgan Bickerson)->DiUsTin/(Conrad Nominox): поЯсни
[18:22:42]SAY: Unknown/Zazaby : ААА
[18:22:43]SAY: Ghost/1CogwheeL1 : С Грегом
[18:22:49]SAY: Unknown/Zazaby : Боль
[18:22:49]ACCESS: Login: Dnivji/(Dnivji) from 109.188.127.54-1395780205 || BYOND v498
[18:22:49]ACCESS: Notice: Dnivji/(Dnivji) has the same IP (109.188.127.54) and ID (1395780205) as Linnlarove/(Mary Wild).
[18:22:49]ACCESS: Login: Dnivji/(Dnivji) from 109.188.127.54
[18:22:49]SAY: Scotty Scott/Vovanhur : Бизнесс плохо идет.
[18:22:52]EMOTE: Fitz Pritchard/JinraiRecon : <B>Fitz Pritchard</B> snores.
[18:22:55]SAY: Ghost/Spartan235 : А что с ним7
[18:22:56]SAY: Unknown/Zazaby : Ужасна
[18:23:04]SAY: Zion Camp/Midas123 : Пушки по&#255;в&#255;тс&#255; лучше пойдёт
[18:23:11]SAY: Unknown/Zazaby : Но.. нужно.. идти
[18:23:18]ADMIN: HELP: DiUsTin/(Conrad Nominox): Он медленно поворачиваетс&#255;, у мен&#255; моргают люди перед глазами, но за спиной &#255; их вижу на 5.
[18:23:21]ACCESS: Logout: *no client*/(Dnivji)
[18:23:21]ACCESS: Login: Dnivji/(Richard Hunter) from 109.188.127.54-1395780205 || BYOND v498
[18:23:21]ACCESS: Notice: Dnivji/(Richard Hunter) has the same IP (109.188.127.54) and ID (1395780205) as Linnlarove/(Mary Wild).
[18:23:23]SAY: Ghost/Spartan235 : Ебать.
[18:23:33]EMOTE: Fitz Pritchard/JinraiRecon : <B>Fitz Pritchard</B> snores.
[18:23:33]SAY: Ghost/Spartan235 : Попка пригорела.
[18:23:35]ACCESS: Logout: *no client*/(Morgan Bickerson)
[18:23:35]ACCESS: Login: Catratcat/(Morgan Bickerson) from 127.0.0.1-3781439013 || BYOND v498
[18:23:41]EMOTE: Fitz Pritchard/JinraiRecon : <B>Fitz Pritchard</B> snores.
[18:23:42]SAY: Ghost/Spartan235 : Ладно, респаунюсь.
[18:23:44]GAME: Hugo Heckendora/Spartan235 used abandon mob.
[18:23:44]ACCESS: Logout: *no client*/(Unknown)
[18:23:44]ACCESS: Login: Spartan235/(new player) from 85.26.234.112-2429861145 || BYOND v498
[18:24:00]EMOTE: Fitz Pritchard/JinraiRecon : <B>Fitz Pritchard</B> snores.
[18:24:04]ADMIN: Catratcat/(Morgan Bickerson) healed / revived Catratcat/(Morgan Bickerson)
[18:24:12]ACCESS: Logout: *no client*/(new player)
[18:24:12]ACCESS: Login: Spartan235/(Manley Davis) from 85.26.234.112-2429861145 || BYOND v498
[18:25:02]ADMIN: HELP: DiUsTin/(Conrad Nominox): Можешь дать мне винтовку и пару модернизаций?
[18:25:07]SAY: Unknown/Zazaby : Эй
[18:25:11]ADMIN: ATTACK: Unknown (linnlarove) shot Zion Camp (midas123) with the Bullet.
[18:25:21]ADMIN: PM: Catratcat/(Morgan Bickerson)->DiUsTin/(Conrad Nominox): cnhfyyj/ E vtyz yt vjhuf.n///
[18:25:27]SAY: Kharn/AlienReaper : что?
[18:25:28]EMOTE: Richard Hunter/Dnivji : <B>Richard Hunter</B> coughs!
[18:25:28]SAY: Unknown/Zazaby : Эй
[18:25:29]ADMIN: ATTACK: Unknown (linnlarove) was hit by Frag Nanobots grenade thrown by (Vovanhur)
[18:25:30]ADMIN: PM: Catratcat/(Morgan Bickerson)->DiUsTin/(Conrad Nominox): странно. У мен&#255; не моргают
[18:25:37]ADMIN: ATTACK: Greg (encocz) primed a frag grenade.
[18:25:37]ADMIN: ATTACK: Greg (encocz) was hit by Frag Nanobots grenade thrown by (Catratcat)
[18:25:44]SAY: Unknown/Zazaby : Можешь помочь мне?
[18:25:44]SAY: Unknown/Zazaby : Я потер&#255;лс&#255;
[18:25:44]ADMIN: ATTACK: Morgan Bickerson (catratcat) was hit by Frag Grenade MK2A7 thrown by (Encocz)
[18:25:46]GAME: Explosion with size (-1, 0, 2) in area Central Primary Hallway 
[18:25:47]GAME: Explosion with size (-1, 0, 2) in area Central Primary Hallway 
[18:25:47]GAME: Explosion with size (-1, 0, 2) in area Central Primary Hallway 
[18:25:49]EMOTE: Fitz Pritchard/JinraiRecon : <B>Fitz Pritchard</B> snores.
[18:25:51]SAY: Kharn/AlienReaper : &#255; тоже
[18:25:53]EMOTE: Morgan Bickerson/Catratcat : <B>Morgan Bickerson</B> gasps!
[18:25:55]EMOTE: Morgan Bickerson/Catratcat : <B>Morgan Bickerson</B> screams!
[18:25:57]GAME: Landyn Garneys/Hamster2010 used abandon mob.
[18:25:57]ACCESS: Logout: *no client*/(Landyn Garneys)
[18:25:57]ACCESS: Login: Hamster2010/(new player) from 5.165.187.31-1225620528 || BYOND v499
[18:26:01]ADMIN: HELP: DiUsTin/(Conrad Nominox): Ты же с мобами тестил. Эти люди двигаютс&#255; да еще и действи&#255; производ&#255;т
[18:26:07]SAY: Kharn/AlienReaper : помочь не могу
[18:26:07]SAY: Unknown/Zazaby : Эй
[18:26:13]ADMIN: Catratcat/(Morgan Bickerson) healed / revived Catratcat/(Morgan Bickerson)
[18:26:14]SAY: Unknown/Zazaby : Волк.
[18:26:18]SAY: Unknown/Zazaby : Волк.
[18:26:18]EMOTE: Fitz Pritchard/JinraiRecon : <B>Fitz Pritchard</B> snores.
[18:26:19]ACCESS: Logout: *no client*/(new player)
[18:26:19]ACCESS: Login: Hamster2010/(Alijah Bennett) from 5.165.187.31-1225620528 || BYOND v499
[18:26:21]SAY: Unknown/Zazaby : Волк.
[18:26:25]SAY: Unknown/Linnlarove : Еда.
[18:26:29]ADMIN: HELP: DiUsTin/(Conrad Nominox): Не говор&#255; уже о том что ты хост. У теб&#255; в любом случае лагает меньше чем у игроков.
[18:26:29]SAY: Scotty Scott/Vovanhur : угу.
[18:26:30]SAY: Unknown/Zazaby : Не видел мою стаю?
[18:26:31]SAY: Manley Davis/Spartan235 : Кхм..
[18:26:34]SAY: Manley Davis/Spartan235 : Нет.
[18:26:37]SAY: Unknown/Zazaby : Я потер&#255;лс&#255;
[18:26:41]EMOTE: Fitz Pritchard/JinraiRecon : <B>Fitz Pritchard</B> snores.
[18:26:42]ADMIN: ATTACK: Unknown (encocz) shot Morgan Bickerson (catratcat) with the Bullet.
[18:26:42]ADMIN: ATTACK: Unknown (encocz) shot Morgan Bickerson (catratcat) with the Bullet.
[18:26:44]SAY: Manley Davis/Spartan235 : Я носорог,братишка.
[18:26:52]ADMIN: ATTACK: Unknown (encocz) shot Morgan Bickerson (catratcat) with the Bullet.
[18:26:52]ADMIN: ATTACK: Unknown (encocz) shot Morgan Bickerson (catratcat) with the Bullet.
[18:26:56]EMOTE: Fitz Pritchard/JinraiRecon : <B>Fitz Pritchard</B> snores.
[18:26:57]EMOTE: Unknown/Linnlarove : <B>Unknown</B> жрет сырое м&#255;со, радостно чавка&#255;.
[18:27:00]ADMIN: ATTACK: Unknown (encocz) shot Morgan Bickerson (catratcat) with the Bullet.
[18:27:00]ADMIN: ATTACK: Unknown (encocz) shot Morgan Bickerson (catratcat) with the Bullet.
[18:27:21]SAY: Scotty Scott/Vovanhur : Сэр, извините...
[18:27:27]ADMIN: ATTACK: Unknown (encocz) shot Morgan Bickerson (catratcat) with the Bullet.
[18:27:27]ADMIN: ATTACK: Unknown (encocz) shot Morgan Bickerson (catratcat) with the Bullet.
[18:27:29]SAY: Scotty Scott/Vovanhur : Не могли бы вы продать нам курок?
[18:27:31]ACCESS: Login: Stritirok/(Stritirok) from 81.26.187.135-4093621297 || BYOND v498
[18:27:31]ACCESS: Login: Stritirok/(Stritirok) from 81.26.187.135
[18:27:31]EMOTE: Manley Davis/Spartan235 : <B>Manley Davis</B> screams!
[18:27:32]ADMIN: ATTACK: Unknown (encocz) shot Morgan Bickerson (catratcat) with the Bullet.
[18:27:32]ADMIN: ATTACK: Unknown (encocz) shot Morgan Bickerson (catratcat) with the Bullet.
[18:27:34]ADMIN: ATTACK: Unknown (encocz) shot Morgan Bickerson (catratcat) with the Bullet.
[18:27:34]ADMIN: ATTACK: Unknown (encocz) shot Morgan Bickerson (catratcat) with the Bullet.
[18:27:35]SAY: Unknown/Linnlarove : Пффф.
[18:27:36]ADMIN: ATTACK: Unknown (encocz) shot Morgan Bickerson (catratcat) with the Bullet.
[18:27:36]ADMIN: ATTACK: Unknown (encocz) shot Morgan Bickerson (catratcat) with the Bullet.
[18:27:36]EMOTE: Morgan Bickerson/Catratcat : <B>Morgan Bickerson</B> screams!
[18:27:37]EMOTE: Morgan Bickerson/Catratcat : <B>Morgan Bickerson</B> screams!
[18:27:38]SAY: Unknown/Linnlarove : Могу искать.
[18:27:40]SAY: Scotty Scott/Vovanhur : За еду или там патроны...
[18:27:43]SAY: Unknown/Linnlarove : Не знать, может найти.
[18:27:46]ACCESS: Logout: *no client*/(Stritirok)
[18:27:46]ACCESS: Login: Stritirok/(Carl Stone) from 81.26.187.135-4093621297 || BYOND v498
[18:27:47]SAY: Scotty Scott/Vovanhur : Тьфу, не курок, а ствол!
[18:27:48]ADMIN: ATTACK: Unknown (encocz) shot Unknown (catratcat) with the Bullet.
[18:27:49]EMOTE: Unknown/Catratcat : <B>Unknown</B> screams!
[18:27:50]EMOTE: Unknown/Catratcat : <B>Unknown</B> stops breathing...
[18:27:50]EMOTE: Unknown/Catratcat : <B>Unknown</B> screams!
[18:27:52]SAY: Unknown/Linnlarove : И ствол искать.
[18:27:53]EMOTE: Fitz Pritchard/JinraiRecon : <B>Fitz Pritchard</B> snores.
[18:27:55]OOC: Conrad Nominox as (Gary Hujsak)/DiUsTin : Any americans?
[18:28:11]SAY: Manley Davis/Spartan235 : Аргх!
[18:28:16]ACCESS: Logout: Encocz/(James Morgan)
[18:28:20]EMOTE: Unknown/Encocz : <B>Unknown</B> snores.
[18:28:20]EMOTE: Unknown/Catratcat : <B>Unknown</B> gasps!
[18:28:22]EMOTE: Fitz Pritchard/JinraiRecon : <B>Fitz Pritchard</B> snores.
[18:28:24]EMOTE: Unknown/Encocz : <B>Unknown</B> snores.
[18:28:28]EMOTE: Unknown/Encocz : <B>Unknown</B> snores.
[18:28:39]EMOTE: Unknown/Encocz : <B>Unknown</B> snores.
[18:28:54]EMOTE: Unknown/Catratcat : <B>Unknown</B> seizes up and falls limp, his eyes dead and lifeless...
[18:28:56]ADMIN: HELP: Linnlarove/(Mary Wild): Как там оружие собирать?
[18:29:00]EMOTE: Unknown/Encocz : <B>Unknown</B> snores.
[18:29:03]EMOTE: Richard Hunter/Dnivji : <B>Richard Hunter</B> coughs!
[18:29:06]ACCESS: Logout: *no client*/(Morgan Bickerson)
[18:29:06]ACCESS: Login: Catratcat/(Unknown) from 127.0.0.1-3781439013 || BYOND v498
[18:29:13]GAME: Holden Tennant/1CogwheeL1 used abandon mob.
[18:29:13]ACCESS: Logout: *no client*/(Unknown)
[18:29:13]ACCESS: Login: 1CogwheeL1/(new player) from 46.39.36.82-349723203 || BYOND v499
[18:29:25]EMOTE: Unknown/Encocz : <B>Unknown</B> snores.
[18:29:27]ADMIN: PM: Catratcat/(Unknown)->Linnlarove/(Mary Wild): триггер и ствол на каркас. Потом коробку с детал&#255;ми
[18:29:28]EMOTE: Unknown/Encocz : <B>Unknown</B> snores.
[18:29:35]GAME: Johnny Bicknell/Lacsuos used abandon mob.
[18:29:35]ACCESS: Logout: *no client*/(Johnny Bicknell)
[18:29:35]ACCESS: Login: Lacsuos/(new player) from 95.84.21.190-279973796 || BYOND v498
[18:29:45]ACCESS: Logout: *no client*/(new player)
[18:29:45]ACCESS: Login: Lacsuos/(Vinny Mason) from 95.84.21.190-279973796 || BYOND v498
[18:29:52]EMOTE: Fitz Pritchard/JinraiRecon : <B>Fitz Pritchard</B> snores.
[18:29:52]ADMIN: ATTACK: Carl Stone (stritirok) attacked Unknown () with the balisong knife.
[18:29:53]OOC: Unknown/Catratcat : Сильно лагают повороты и перемещение?
[18:29:56]ACCESS: Logout: *no client*/(new player)
[18:29:56]ACCESS: Login: 1CogwheeL1/(Mr. Owl) from 46.39.36.82-349723203 || BYOND v499
[18:30:03]EMOTE: Fitz Pritchard/JinraiRecon : <B>Fitz Pritchard</B> snores.
[18:30:03]EMOTE: Unknown/Encocz : <B>Unknown</B> snores.
[18:30:08]SAY: Unknown/Zazaby : Еда!
[18:30:10]EMOTE: Richard Hunter/Dnivji : <B>Richard Hunter</B> coughs!
[18:30:19]EMOTE: Unknown/Encocz : <B>Unknown</B> snores.
[18:30:23]SAY: Scotty Scott/Vovanhur : Дорогой!
[18:30:28]SAY: Scotty Scott/Vovanhur : Зачем ломать?
[18:30:30]EMOTE: Fitz Pritchard/JinraiRecon : <B>Fitz Pritchard</B> snores.
[18:30:32]EMOTE: Fitz Pritchard/JinraiRecon : <B>Fitz Pritchard</B> snores.
[18:30:32]ADMIN: ATTACK: Vinny Mason (lacsuos) attacked Vinny Mason (lacsuos) with the stone.
[18:30:33]EMOTE: Unknown/Encocz : <B>Unknown</B> snores.
[18:30:38]SAY: Carl Stone/Stritirok : Кто его знает
[18:30:39]SAY: Scotty Scott/Vovanhur : Продать,купить,обмен&#255;ть?
[18:30:41]EMOTE: Richard Hunter/Dnivji : <B>Richard Hunter</B> coughs!
[18:30:44]EMOTE: Unknown/Encocz : <B>Unknown</B> snores.
[18:30:49]EMOTE: Unknown/Encocz : <B>Unknown</B> snores.
[18:30:52]EMOTE: Vinny Mason/Lacsuos : <B>Vinny Mason</B> screams!
[18:30:54]SAY: Carl Stone/Stritirok : Что дадите за это?
[18:30:55]EMOTE: Unknown/Encocz : <B>Unknown</B> snores.
[18:31:02]EMOTE: Fitz Pritchard/JinraiRecon : <B>Fitz Pritchard</B> snores.
[18:31:04]EMOTE: Vinny Mason/Lacsuos : <B>Vinny Mason</B> screams!
[18:31:06]EMOTE: Vinny Mason/Lacsuos : <B>Vinny Mason</B> stops breathing...
[18:31:07]SAY: Scotty Scott/Vovanhur : Наушник?
[18:31:07]EMOTE: Fitz Pritchard/JinraiRecon : <B>Fitz Pritchard</B> snores.
[18:31:09]EMOTE: Fitz Pritchard/JinraiRecon : <B>Fitz Pritchard</B> snores.
[18:31:15]EMOTE: Vinny Mason/Lacsuos : <B>Vinny Mason</B> seizes up and falls limp, his eyes dead and lifeless...
[18:31:16]EMOTE: Unknown/Encocz : <B>Unknown</B> snores.
[18:31:27]ACCESS: Logout: *no client*/(Vinny Mason)
[18:31:27]ACCESS: Login: Lacsuos/(Vinny Mason) from 95.84.21.190-279973796 || BYOND v498
[18:31:36]SAY: Unknown/Linnlarove : Плохой.
[18:31:38]SAY: Unknown/Linnlarove : Стрел&#255;ть в &#255;.
[18:31:40]EMOTE: Fitz Pritchard/JinraiRecon : <B>Fitz Pritchard</B> snores.
[18:31:40]EMOTE: Unknown/Encocz : <B>Unknown</B> snores.
[18:31:44]EMOTE: Richard Hunter/Dnivji : <B>Richard Hunter</B> coughs!
[18:31:48]EMOTE: Fitz Pritchard/JinraiRecon : <B>Fitz Pritchard</B> snores.
[18:31:54]EMOTE: Fitz Pritchard/JinraiRecon : <B>Fitz Pritchard</B> snores.
[18:31:55]SAY: Unknown/Linnlarove : Найти это.
[18:32:02]SAY: Unknown/Linnlarove : Нужен патроны.
[18:32:05]SAY: Unknown/Linnlarove : Или монета.
[18:32:07]EMOTE: Unknown/Encocz : <B>Unknown</B> snores.
[18:32:09]EMOTE: Fitz Pritchard/JinraiRecon : <B>Fitz Pritchard</B> snores.
[18:32:11]EMOTE: Unknown/Encocz : <B>Unknown</B> snores.
[18:32:13]ADMIN: ATTACK: Kharn (alienreaper) attacked Kharn (alienreaper) with the large pipe.
[18:32:19]EMOTE: Unknown/Encocz : <B>Unknown</B> snores.
[18:32:28]EMOTE: Kharn/AlienReaper : <B>Kharn</B> screams!
[18:32:31]EMOTE: Unknown/Encocz : <B>Unknown</B> snores.
[18:32:32]EMOTE: Kharn/AlienReaper : <B>Kharn</B> screams!
[18:32:34]OOC: Unknown/Catratcat : Хм...сильно ли лагает?
[18:32:35]EMOTE: Fitz Pritchard/JinraiRecon : <B>Fitz Pritchard</B> snores.
[18:32:35]EMOTE: Unknown/Encocz : <B>Unknown</B> snores.
[18:32:35]EMOTE: Kharn/AlienReaper : <B>Kharn</B> stops breathing...
[18:32:39]SAY: Unknown/Linnlarove : Не такой патрон.
[18:32:40]SAY: Unknown/Linnlarove : цццюцшт2юст.п9
[18:32:42]EMOTE: Fitz Pritchard/JinraiRecon : <B>Fitz Pritchard</B> snores.
[18:32:42]SAY: Scotty Scott/Vovanhur : Д&#255;д&#255;, за добро прин&#255;то платить.
[18:32:42]OOC: Conrad Nominox as (Gary Hujsak)/DiUsTin : Не очень
[18:32:46]EMOTE: Kharn/AlienReaper : <B>Kharn</B> seizes up and falls limp, his eyes dead and lifeless...
[18:32:47]EMOTE: Richard Hunter/Dnivji : <B>Richard Hunter</B> coughs!
[18:32:50]ACCESS: Logout: *no client*/(Kharn)
[18:32:50]ACCESS: Login: AlienReaper/(Kharn) from 176.121.3.160-1875350987 || BYOND v499
[18:32:51]SAY: Conrad Nominox as (Gary Hujsak)/DiUsTin : Йо
[18:32:54]EMOTE: Fitz Pritchard/JinraiRecon : <B>Fitz Pritchard</B> snores.
[18:32:57]SAY: Scotty Scott/Vovanhur : Других нет.
[18:32:59]EMOTE: Unknown/Encocz : <B>Unknown</B> snores.
[18:33:01]EMOTE: Fitz Pritchard/JinraiRecon : <B>Fitz Pritchard</B> snores.
[18:33:01]SAY: Unknown/Zazaby : Эй
[18:33:03]SAY: Unknown/Zazaby : Я потер&#255;лс&#255;
[18:33:04]EMOTE: Alijah Bennett/Hamster2010 : <B>Alijah Bennett</B> screams!
[18:33:05]SAY: Ghost/Lacsuos : Лол
[18:33:07]SAY: Unknown/Zazaby : Ты не видел мою стаю?
[18:33:07]EMOTE: Alijah Bennett/Hamster2010 : <B>Alijah Bennett</B> screams!
[18:33:08]SAY: Manley Davis/Spartan235 : Как делишки?
[18:33:08]SAY: Unknown/Linnlarove : Потом ты мне их дать.
[18:33:09]EMOTE: Alijah Bennett/Hamster2010 : <B>Alijah Bennett</B> screams!
[18:33:09]SAY: Scotty Scott/Vovanhur : Карл,платите нам.
[18:33:10]SAY: Ghost/Lacsuos : Я так де сдох
[18:33:11]EMOTE: Unknown/Encocz : <B>Unknown</B> snores.
[18:33:12]EMOTE: Richard Hunter/Dnivji : <B>Richard Hunter</B> coughs!
[18:33:13]SAY: Ghost/AlienReaper : бегу по улице, падаю в подземелье
[18:33:16]EMOTE: Alijah Bennett/Hamster2010 : <B>Alijah Bennett</B> screams!
[18:33:16]SAY: Scotty Scott/Vovanhur : Хорошо.
[18:33:18]EMOTE: Alijah Bennett/Hamster2010 : <B>Alijah Bennett</B> stops breathing...
[18:33:20]SAY: Carl Stone/Stritirok : Эмм
[18:33:20]SAY: Ghost/AlienReaper : супер
[18:33:22]EMOTE: Unknown/Encocz : <B>Unknown</B> snores.
[18:33:22]SAY: Carl Stone/Stritirok : Чем?
[18:33:26]EMOTE: Conrad Nominox as (Gary Hujsak)/DiUsTin : <B>Conrad Nominox as (Gary Hujsak)</B> screams!
[18:33:27]ADMIN: ATTACK: Unknown (linnlarove) shot Manley Davis (spartan235) with the Bullet.
[18:33:28]EMOTE: Alijah Bennett/Hamster2010 : <B>Alijah Bennett</B> gasps!
[18:33:29]EMOTE: Manley Davis/Spartan235 : <B>Manley Davis</B> screams!
[18:33:30]SAY: Manley Davis/Spartan235 : А'-'АРГ!<big>"</big><b>Х</b>
[18:33:30]EMOTE: Manley Davis/Spartan235 : <B>Manley Davis</B> screams!
[18:33:33]EMOTE: Unknown/Encocz : <B>Unknown</B> snores.
[18:33:34]SAY: Ghost/Lacsuos : И так же по голове себ&#255; ёбнул
[18:33:34]ADMIN: ATTACK: Unknown (linnlarove) attacked Unknown (spartan235) with the fire extinguisher.
[18:33:35]EMOTE: Unknown/Spartan235 : <B>Unknown</B> screams!
[18:33:36]ADMIN: ATTACK: Unknown (linnlarove) attacked Unknown (spartan235) with the fire extinguisher.
[18:33:36]EMOTE: Unknown/Spartan235 : <B>Unknown</B> screams!
[18:33:37]EMOTE: Unknown/Spartan235 : <B>Unknown</B> screams!
[18:33:37]ADMIN: ATTACK: Unknown (linnlarove) attacked Unknown (spartan235) with the fire extinguisher.
[18:33:38]EMOTE: Unknown/Spartan235 : <B>Unknown</B> screams!
[18:33:38]EMOTE: Unknown/Spartan235 : <B>Unknown</B> screams!
[18:33:38]ADMIN: ATTACK: Unknown (linnlarove) attacked Unknown (spartan235) with the fire extinguisher.
[18:33:38]EMOTE: Unknown/Spartan235 : <B>Unknown</B> stops breathing...
[18:33:39]EMOTE: Unknown/Spartan235 : <B>Unknown</B> screams!
[18:33:39]EMOTE: Unknown/Spartan235 : <B>Unknown</B> screams!
[18:33:39]ADMIN: ATTACK: Unknown (linnlarove) attacked Unknown (spartan235) with the fire extinguisher.
[18:33:40]EMOTE: Unknown/Spartan235 : <B>Unknown</B> screams!
[18:33:40]EMOTE: Unknown/Spartan235 : <B>Unknown</B> screams!
[18:33:40]ADMIN: ATTACK: Unknown (linnlarove) attacked Unknown (spartan235) with the fire extinguisher.
[18:33:40]EMOTE: Unknown/Spartan235 : <B>Unknown</B> screams!
[18:33:40]EMOTE: Unknown/Spartan235 : <B>Unknown</B> seizes up and falls limp, his eyes dead and lifeless...
[18:33:41]EMOTE: Unknown/Spartan235 : <B>Unknown</B> screams!
[18:33:41]EMOTE: Unknown/Spartan235 : <B>Unknown</B> screams!
[18:33:42]SAY: Ghost/Lacsuos : И кнокнулс&#255;
[18:33:43]ADMIN: ATTACK: Carl Stone (stritirok) disarmed Scotty Scott (vovanhur).
[18:33:44]ADMIN: ATTACK: Carl Stone (stritirok) disarmed Scotty Scott (vovanhur).
[18:33:45]ADMIN: ATTACK: Carl Stone (stritirok) disarmed Scotty Scott (vovanhur).
[18:33:45]ADMIN: ATTACK: Mr. Owl (1cogwheel1) primed a flashbang.
[18:33:45]ACCESS: Logout: *no client*/(Manley Davis)
[18:33:45]ACCESS: Login: Spartan235/(Unknown) from 85.26.234.112-2429861145 || BYOND v498
[18:33:47]EMOTE: Unknown/Encocz : <B>Unknown</B> snores.
[18:33:48]EMOTE: Unknown/Encocz : <B>Unknown</B> snores.
[18:33:51]ADMIN: ATTACK: Zion Camp (midas123) attacked Carl Stone (stritirok) with the fire extinguisher.
[18:33:52]ADMIN: ATTACK: Carl Stone (stritirok) disarmed Scotty Scott (vovanhur).
[18:33:52]EMOTE: Unknown/Encocz : <B>Unknown</B> snores.
[18:33:52]SAY: Carl Stone/Stritirok : НУ ЯСНО
[18:33:53]EMOTE: Carl Stone/Stritirok : <B>Carl Stone</B> screams!
[18:33:53]ADMIN: ATTACK: Carl Stone (stritirok) disarmed Scotty Scott (vovanhur).
[18:33:53]ADMIN: ATTACK: Zion Camp (midas123) attacked Carl Stone (stritirok) with the fire extinguisher.
[18:33:54]EMOTE: Carl Stone/Stritirok : <B>Carl Stone</B> screams!
[18:33:54]ADMIN: ATTACK: Carl Stone (stritirok) disarmed Scotty Scott (vovanhur).
[18:33:55]ADMIN: ATTACK: Zion Camp (midas123) attacked Carl Stone (stritirok) with the fire extinguisher.
[18:33:55]SAY: Carl Stone/Stritirok : НУ ЯСНО
[18:33:55]EMOTE: Fitz Pritchard/JinraiRecon : <B>Fitz Pritchard</B> snores.
[18:33:55]EMOTE: Alijah Bennett/Hamster2010 : <B>Alijah Bennett</B> gasps!
[18:33:56]EMOTE: Carl Stone/Stritirok : <B>Carl Stone</B> screams!
[18:33:57]EMOTE: Carl Stone/Stritirok : <B>Carl Stone</B> screams!
[18:34:00]EMOTE: Fitz Pritchard/JinraiRecon : <B>Fitz Pritchard</B> snores.
[18:34:00]EMOTE: Unknown/Encocz : <B>Unknown</B> snores.
[18:34:02]EMOTE: Unknown/Encocz : <B>Unknown</B> snores.
[18:34:03]EMOTE: Conrad Nominox as (Gary Hujsak)/DiUsTin : <B>Conrad Nominox as (Gary Hujsak)</B> screams!
[18:34:03]SAY: Carl Stone/Stritirok : Мне болтно
[18:34:06]SAY: Ghost/Spartan235 : Нет,правда?Снова?
[18:34:06]EMOTE: Conrad Nominox as (Gary Hujsak)/DiUsTin : <B>Conrad Nominox as (Gary Hujsak)</B> screams!
[18:34:09]EMOTE: Conrad Nominox as (Gary Hujsak)/DiUsTin : <B>Conrad Nominox as (Gary Hujsak)</B> screams!
[18:34:11]ADMIN: ATTACK: Scotty Scott (vovanhur) strangled Carl Stone (stritirok).
[18:34:12]EMOTE: Unknown/Encocz : <B>Unknown</B> snores.
[18:34:13]EMOTE: Unknown/Encocz : <B>Unknown</B> snores.
[18:34:14]ACCESS: Logout: Stritirok/(Carl Stone)
[18:34:15]EMOTE: Unknown/Encocz : <B>Unknown</B> snores.
[18:34:15]SAY: Unknown/Linnlarove : Рюкзак.
[18:34:18]EMOTE: Conrad Nominox as (Gary Hujsak)/DiUsTin : <B>Conrad Nominox as (Gary Hujsak)</B> screams!
[18:34:20]SAY: Unknown/Linnlarove : Нужно?
[18:34:21]EMOTE: Carl Stone/Stritirok : <B>Carl Stone</B> snores.
[18:34:23]EMOTE: Carl Stone/Stritirok : <B>Carl Stone</B> snores.
[18:34:25]EMOTE: Unknown/Encocz : <B>Unknown</B> snores.
[18:34:31]SAY: Scotty Scott/Vovanhur : Забирай.
[18:34:32]SAY: Ghost/AlienReaper : хот&#255; иде&#255; с подземельем крута&#255;
[18:34:32]EMOTE: Fitz Pritchard/JinraiRecon : <B>Fitz Pritchard</B> snores.
[18:34:35]EMOTE: Unknown/Encocz : <B>Unknown</B> snores.
[18:34:37]EMOTE: Richard Hunter/Dnivji : <B>Richard Hunter</B> coughs!
[18:34:38]ADMIN: ATTACK: Unknown (linnlarove) attacked Carl Stone (stritirok) with the fire extinguisher.
[18:34:40]ADMIN: ATTACK: Unknown (linnlarove) attacked Carl Stone (stritirok) with the fire extinguisher.
[18:34:40]EMOTE: Alijah Bennett/Hamster2010 : <B>Alijah Bennett</B> seizes up and falls limp, his eyes dead and lifeless...
[18:34:41]ADMIN: HELP: DiUsTin/(Conrad Nominox): Без ФОВа было лучше.
[18:34:41]ADMIN: ATTACK: Unknown (linnlarove) attacked Carl Stone (stritirok) with the fire extinguisher.
[18:34:41]EMOTE: Carl Stone/Stritirok : <B>Carl Stone</B> screams!
[18:34:42]ADMIN: ATTACK: Unknown (linnlarove) attacked Carl Stone (stritirok) with the fire extinguisher.
[18:34:42]EMOTE: Carl Stone/Stritirok : <B>Carl Stone</B> screams!
[18:34:43]EMOTE: Unknown/Stritirok : <B>Carl Stone</B> screams!
[18:34:43]ADMIN: ATTACK: Unknown (linnlarove) attacked Unknown (stritirok) with the fire extinguisher.
[18:34:44]EMOTE: Unknown/Stritirok : <B>Unknown</B> screams!
[18:34:44]EMOTE: Unknown/Stritirok : <B>Unknown</B> screams!
[18:34:44]ADMIN: ATTACK: Unknown (linnlarove) attacked Unknown (stritirok) with the fire extinguisher.
[18:34:45]EMOTE: Unknown/Stritirok : <B>Unknown</B> screams!
[18:34:45]EMOTE: Unknown/Stritirok : <B>Unknown</B> screams!
[18:34:45]ADMIN: ATTACK: Unknown (linnlarove) attacked Unknown (stritirok) with the fire extinguisher.
[18:34:45]EMOTE: Fitz Pritchard/JinraiRecon : <B>Fitz Pritchard</B> snores.
[18:34:46]EMOTE: Unknown/Stritirok : <B>Unknown</B> screams!
[18:34:46]EMOTE: Unknown/Stritirok : <B>Unknown</B> screams!
[18:34:46]EMOTE: Unknown/Stritirok : <B>Unknown</B> screams!
[18:34:46]EMOTE: Unknown/Stritirok : <B>Unknown</B> seizes up and falls limp, his eyes dead and lifeless...
[18:34:47]ADMIN: ATTACK: Unknown (linnlarove) attacked Unknown (stritirok) with the fire extinguisher.
[18:34:47]EMOTE: Unknown/Stritirok : <B>Unknown</B> screams!
[18:34:48]ADMIN: ATTACK: Unknown (linnlarove) attacked Unknown (stritirok) with the fire extinguisher.
[18:34:52]EMOTE: Fitz Pritchard/JinraiRecon : <B>Fitz Pritchard</B> snores.
[18:34:58]ADMIN: PM: Catratcat/(Unknown)->DiUsTin/(Conrad Nominox): Ок, может уберу
[18:34:59]EMOTE: Unknown/Encocz : <B>Unknown</B> snores.
[18:35:01]EMOTE: Fitz Pritchard/JinraiRecon : <B>Fitz Pritchard</B> snores.
[18:35:04]EMOTE: Unknown/Encocz : <B>Unknown</B> snores.
[18:35:20]SAY: Unknown/Linnlarove : шэф.
[18:35:22]EMOTE: Richard Hunter/Dnivji : <B>Richard Hunter</B> coughs!
[18:35:25]SAY: Unknown/Linnlarove : Есть предложений.
[18:35:25]SAY: Scotty Scott/Vovanhur : М?
[18:35:25]SAY: Unknown/Linnlarove : Пфф.
[18:35:27]EMOTE: Unknown/Encocz : <B>Unknown</B> snores.
[18:35:28]SAY: Scotty Scott/Vovanhur : Да-да?
[18:35:30]SAY: Unknown/Linnlarove : Я давать вам одежда.
[18:35:35]SAY: Scotty Scott/Vovanhur : Да снимите же вы маску!
[18:35:35]EMOTE: Richard Hunter/Dnivji : <B>Richard Hunter</B> coughs!
[18:35:36]SAY: Unknown/Linnlarove : Вы давать мне то, что &#255; прошу.
[18:35:40]SAY: Unknown/Linnlarove : И пускать на кухн&#255;.
[18:35:43]SAY: Scotty Scott/Vovanhur : Какой одежда?
[18:35:49]EMOTE: Unknown/Encocz : <B>Unknown</B> snores.
[18:35:52]EMOTE: Fitz Pritchard/JinraiRecon : <B>Fitz Pritchard</B> snores.
[18:35:56]EMOTE: Fitz Pritchard/JinraiRecon : <B>Fitz Pritchard</B> snores.
[18:35:56]EMOTE: Unknown/Encocz : <B>Unknown</B> snores.
[18:35:57]ACCESS: Logout: *no client*/(Alijah Bennett)
[18:35:57]ACCESS: Login: Hamster2010/(Alijah Bennett) from 5.165.187.31-1225620528 || BYOND v499
[18:36:05]SAY: Scotty Scott/Vovanhur : Пускать-пускать.
[18:36:08]EMOTE: Fitz Pritchard/JinraiRecon : <B>Fitz Pritchard</B> snores.
[18:36:11]EMOTE: Unknown/Encocz : <B>Unknown</B> snores.
[18:36:17]EMOTE: Unknown/Encocz : <B>Unknown</B> snores.
[18:36:19]EMOTE: Unknown/Encocz : <B>Unknown</B> snores.
[18:36:22]ACCESS: Login: Gordon Sollicitor/(Unknown as (Greg)) from 178.120.182.187-187768208 || BYOND v498
[18:36:22]ACCESS: Login: Gordon Sollicitor/(Unknown as (Greg)) from 178.120.182.187
[18:36:33]EMOTE: Unknown/Encocz : <B>Unknown</B> snores.
[18:36:38]EMOTE: Unknown/Encocz : <B>Unknown</B> snores.
[18:36:53]EMOTE: Fitz Pritchard/JinraiRecon : <B>Fitz Pritchard</B> snores.
[18:37:19]GAME: Greg/Gordon Sollicitor used abandon mob.
[18:37:19]ACCESS: Logout: *no client*/(Unknown as (Greg))
[18:37:19]ACCESS: Login: Gordon Sollicitor/(new player) from 178.120.182.187-187768208 || BYOND v498
[18:37:22]EMOTE: Fitz Pritchard/JinraiRecon : <B>Fitz Pritchard</B> snores.
[18:37:23]SAY: Conrad Nominox as (Gary Hujsak)/DiUsTin : Пусто.
[18:37:24]EMOTE: Fitz Pritchard/JinraiRecon : <B>Fitz Pritchard</B> snores.
[18:37:31]EMOTE: Fitz Pritchard/JinraiRecon : <B>Fitz Pritchard</B> snores.
[18:37:32]EMOTE: Fitz Pritchard/JinraiRecon : <B>Fitz Pritchard</B> snores.
[18:37:34]EMOTE: Fitz Pritchard/JinraiRecon : <B>Fitz Pritchard</B> snores.
[18:37:34]EMOTE: Unknown/Encocz : <B>Unknown</B> snores.
[18:37:38]SAY: Scotty Scott/Vovanhur : Заебись.
[18:37:42]EMOTE: Unknown/Encocz : <B>Unknown</B> snores.
[18:37:46]EMOTE: Fitz Pritchard/JinraiRecon : <B>Fitz Pritchard</B> snores.
[18:37:49]EMOTE: Unknown/Encocz : <B>Unknown</B> snores.
[18:37:50]EMOTE: Fitz Pritchard/JinraiRecon : <B>Fitz Pritchard</B> snores.
[18:37:57]EMOTE: Unknown/Encocz : <B>Unknown</B> snores.
[18:37:58]SAY: Unknown/Zazaby : Эй
[18:38:03]EMOTE: Unknown/Encocz : <B>Unknown</B> snores.
[18:38:04]SAY: Unknown/Zazaby : Ты н видл мо юстаю?
[18:38:06]EMOTE: Richard Hunter/Dnivji : <B>Richard Hunter</B> coughs!
[18:38:09]SAY: Unknown/Zazaby : Я поетр&#255;лс&#255;?
[18:38:10]EMOTE: Fitz Pritchard/JinraiRecon : <B>Fitz Pritchard</B> snores.
[18:38:12]EMOTE: Fitz Pritchard/JinraiRecon : <B>Fitz Pritchard</B> snores.
[18:38:17]EMOTE: Fitz Pritchard/JinraiRecon : <B>Fitz Pritchard</B> snores.
[18:38:20]EMOTE: Unknown/Encocz : <B>Unknown</B> snores.
[18:38:28]EMOTE: Fitz Pritchard/JinraiRecon : <B>Fitz Pritchard</B> snores.
[18:38:29]ACCESS: Logout: *no client*/(new player)
[18:38:29]ACCESS: Login: Gordon Sollicitor/(Butter) from 178.120.182.187-187768208 || BYOND v498
[18:38:39]ADMIN: Catratcat/(Unknown) admin-called the emergency shuttle.
[18:38:45]EMOTE: Fitz Pritchard/JinraiRecon : <B>Fitz Pritchard</B> snores.
[18:38:48]EMOTE: Fitz Pritchard/JinraiRecon : <B>Fitz Pritchard</B> snores.
[18:38:50]EMOTE: Unknown/Encocz : <B>Unknown</B> snores.
[18:39:04]EMOTE: Fitz Pritchard/JinraiRecon : <B>Fitz Pritchard</B> snores.
[18:39:10]ADMIN: ATTACK: Unknown (linnlarove) primed a frag grenade.
[18:39:12]EMOTE: Fitz Pritchard/JinraiRecon : <B>Fitz Pritchard</B> snores.
[18:39:12]EMOTE: Unknown/Encocz : <B>Unknown</B> snores.
[18:39:13]GAME: Explosion with size (-1, 0, 2) in area Central Primary Hallway 
[18:39:16]ADMIN: ATTACK: Unknown (linnlarove) shot Unknown (zazaby) with the Bullet.
[18:39:16]ADMIN: ATTACK: Unknown (linnlarove) shot Unknown (zazaby) with the Bullet.
[18:39:16]EMOTE: Unknown/Zazaby : <B>Unknown</B> seizes up and falls limp, his eyes dead and lifeless...
[18:39:17]ADMIN: ATTACK: Unknown (linnlarove) shot Unknown (zazaby) with the Bullet.
[18:39:18]EMOTE: Fitz Pritchard/JinraiRecon : <B>Fitz Pritchard</B> snores.
[18:39:18]ADMIN: ATTACK: Unknown (linnlarove) shot Unknown (zazaby) with the Bullet.
[18:39:22]EMOTE: Fitz Pritchard/JinraiRecon : <B>Fitz Pritchard</B> snores.
[18:39:37]ADMIN: HELP: DiUsTin/(Conrad Nominox): Можно мне понагибать?
[18:39:42]EMOTE: Unknown/Encocz : <B>Unknown</B> snores.
[18:39:47]SAY: Ghost/Spartan235 : Дотер&#255;лс&#255;.
[18:39:53]EMOTE: Scotty Scott/Vovanhur : <B>Scotty Scott</B> collapses!
[18:39:54]EMOTE: Fitz Pritchard/JinraiRecon : <B>Fitz Pritchard</B> snores.
[18:39:55]EMOTE: Unknown/Encocz : <B>Unknown</B> collapses!
[18:39:59]ADMIN: PM: Catratcat/(Unknown)->DiUsTin/(Conrad Nominox): нет
[18:40:00]EMOTE: Fitz Pritchard/JinraiRecon : <B>Fitz Pritchard</B> collapses!
[18:40:03]EMOTE: Richard Hunter/Dnivji : <B>Richard Hunter</B> collapses!
[18:40:09]EMOTE: Richard Hunter/Dnivji : <B>Richard Hunter</B> coughs!
[18:40:12]EMOTE: Fitz Pritchard/JinraiRecon : <B>Fitz Pritchard</B> snores.
[18:40:22]EMOTE: Richard Hunter/Dnivji : <B>Richard Hunter</B> coughs!
[18:40:25]EMOTE: Unknown/Encocz : <B>Unknown</B> snores.
[18:40:29]ADMIN: ATTACK: Conrad Nominox as (Gary Hujsak) (diustin) shot Unknown (linnlarove) with a bow (water (1),chlorine (3),acid (1),).
[18:40:39]ADMIN: ATTACK: Unknown (linnlarove) shot Conrad Nominox as (Gary Hujsak) (diustin) with the Bullet.
[18:40:39]ACCESS: Failed Login: Guest-3259810754 - Guests not allowed
[18:40:40]ADMIN: ATTACK: Unknown (linnlarove) shot Conrad Nominox as (Gary Hujsak) (diustin) with the Bullet.
[18:40:40]EMOTE: Conrad Nominox as (Gary Hujsak)/DiUsTin : <B>Conrad Nominox as (Gary Hujsak)</B> screams!
[18:40:41]EMOTE: Conrad Nominox as (Gary Hujsak)/DiUsTin : <B>Conrad Nominox as (Gary Hujsak)</B> screams!
[18:40:41]SAY: Ghost/Spartan235 : Успокойс&#255;, поехавший.
[18:40:45]ADMIN: ATTACK: Unknown (linnlarove) attacked Unknown as (Gary Hujsak) (diustin) with the fire extinguisher.
[18:40:46]EMOTE: Unknown as (Gary Hujsak)/DiUsTin : <B>Unknown as (Gary Hujsak)</B> screams!
[18:40:46]ADMIN: ATTACK: Unknown (linnlarove) attacked Unknown as (Gary Hujsak) (diustin) with the fire extinguisher.
[18:40:47]EMOTE: Unknown as (Gary Hujsak)/DiUsTin : <B>Unknown as (Gary Hujsak)</B> screams!
[18:40:47]EMOTE: Unknown/Encocz : <B>Unknown</B> snores.
[18:40:47]EMOTE: Unknown as (Gary Hujsak)/DiUsTin : <B>Unknown as (Gary Hujsak)</B> stops breathing...
[18:40:47]EMOTE: Unknown as (Gary Hujsak)/DiUsTin : <B>Unknown as (Gary Hujsak)</B> screams!
[18:40:47]ADMIN: ATTACK: Unknown (linnlarove) attacked Unknown as (Gary Hujsak) (diustin) with the fire extinguisher.
[18:40:48]EMOTE: Unknown as (Gary Hujsak)/DiUsTin : <B>Unknown as (Gary Hujsak)</B> screams!
[18:40:48]EMOTE: Unknown as (Gary Hujsak)/DiUsTin : <B>Unknown as (Gary Hujsak)</B> screams!
[18:40:49]ADMIN: ATTACK: Unknown (linnlarove) attacked Unknown as (Gary Hujsak) (diustin) with the fire extinguisher.
[18:40:50]EMOTE: Unknown as (Gary Hujsak)/DiUsTin : <B>Unknown as (Gary Hujsak)</B> screams!
[18:40:50]ADMIN: ATTACK: Unknown (linnlarove) attacked Unknown as (Gary Hujsak) (diustin) with the fire extinguisher.
[18:40:51]EMOTE: Unknown as (Gary Hujsak)/DiUsTin : <B>Unknown as (Gary Hujsak)</B> screams!
[18:40:51]ADMIN: ATTACK: Unknown (linnlarove) attacked Unknown as (Gary Hujsak) (diustin) with the fire extinguisher.
[18:40:52]EMOTE: Unknown as (Gary Hujsak)/DiUsTin : <B>Unknown as (Gary Hujsak)</B> seizes up and falls limp, his eyes dead and lifeless...
[18:40:52]EMOTE: Unknown as (Gary Hujsak)/DiUsTin : <B>Unknown as (Gary Hujsak)</B> screams!
[18:40:52]EMOTE: Unknown as (Gary Hujsak)/DiUsTin : <B>Unknown as (Gary Hujsak)</B> screams!
[18:40:52]ADMIN: ATTACK: Unknown (linnlarove) attacked Unknown as (Gary Hujsak) (diustin) with the fire extinguisher.
[18:40:53]ADMIN: ATTACK: Unknown (linnlarove) attacked Unknown as (Gary Hujsak) (diustin) with the fire extinguisher.
[18:40:55]ACCESS: Logout: *no client*/(Conrad Nominox)
[18:40:55]ACCESS: Login: DiUsTin/(Unknown as (Gary Hujsak)) from 217.118.79.26-1028888918 || BYOND v498
[18:41:01]SAY: Ghost/DiUsTin : Ну и ладно.
[18:41:02]SAY: Ghost/DiUsTin : Скоро соснет.
[18:41:06]SAY: Ghost/DiUsTin : Там кислота и хлорка.
[18:41:12]SAY: Ghost/DiUsTin : Алсо, как здесь хлор делать?
[18:41:19]EMOTE: Fitz Pritchard/JinraiRecon : <B>Fitz Pritchard</B> snores.
[18:41:28]ACCESS: Logout: *no client*/(Ivan Dixon)
[18:41:28]ACCESS: Login: Zazaby/(Unknown) from 176.49.155.254-3517285782 || BYOND v498
[18:41:30]EMOTE: Richard Hunter/Dnivji : <B>Richard Hunter</B> coughs!
[18:41:30]SAY: Ghost/Spartan235 : Ебать, отставить омск в гостчате!
[18:41:35]OOC: Ivan Dixon/Zazaby : Баг.
[18:41:36]EMOTE: Fitz Pritchard/JinraiRecon : <B>Fitz Pritchard</B> snores.
[18:41:39]EMOTE: Unknown/Encocz : <B>Unknown</B> snores.
[18:41:40]EMOTE: Unknown/Encocz : <B>Unknown</B> snores.
[18:41:41]SAY: Ghost/Zazaby : Даже не пон&#255;л что умер
[18:41:50]OOC: Ivan Dixon/Zazaby : Снесли голову
[18:41:51]EMOTE: Fitz Pritchard/JinraiRecon : <B>Fitz Pritchard</B> snores.
[18:41:54]EMOTE: Unknown/Encocz : <B>Unknown</B> snores.
[18:42:01]EMOTE: Fitz Pritchard/JinraiRecon : <B>Fitz Pritchard</B> snores.
[18:42:03]OOC: Ivan Dixon/Zazaby : А мне показывало что &#255; только красный
[18:42:09]ADMIN: ATTACK: Mr. Owl (1cogwheel1) shot Unknown () with the Bullet.
[18:42:10]ACCESS: Login: Beholdmineslams/(Beholdmineslams) from 99.253.147.118-2997171547 || BYOND v498
[18:42:10]ACCESS: Login: Beholdmineslams/(Beholdmineslams) from 99.253.147.118
[18:42:12]ADMIN: ATTACK: Mr. Owl (1cogwheel1) shot Unknown () with the Bullet.
[18:42:14]OOC: Ivan Dixon/Zazaby : ДУмал.. что оглох, а &#255; умер. Забавно.
[18:42:17]EMOTE: Fitz Pritchard/JinraiRecon : <B>Fitz Pritchard</B> snores.
[18:42:19]ADMIN: ATTACK: Mr. Owl (1cogwheel1) shot Unknown () with the Bullet.
[18:42:20]EMOTE: Richard Hunter/Dnivji : <B>Richard Hunter</B> coughs!
[18:42:20]ADMIN: ATTACK: Mr. Owl (1cogwheel1) shot Unknown () with the Bullet.
[18:42:24]ACCESS: Logout: Beholdmineslams/(Beholdmineslams)
[18:42:33]EMOTE: Fitz Pritchard/JinraiRecon : <B>Fitz Pritchard</B> snores.
[18:42:34]SAY: Butter/Gordon Sollicitor : F[!
[18:42:37]EMOTE: Fitz Pritchard/JinraiRecon : <B>Fitz Pritchard</B> snores.
[18:42:40]OOC: Unknown/Catratcat : спасибо
[18:42:42]ACCESS: Logout: Linnlarove/(Mary Wild)
[18:42:43]ADMIN: ATTACK: Mr. Owl (1cogwheel1) attacked Unknown () with the nailed bat.
[18:42:44]EMOTE: Unknown/Encocz : <B>Unknown</B> snores.
[18:42:49]ACCESS: Logout: Dnivji/(Richard Hunter)
[18:42:51]EMOTE: Unknown/Encocz : <B>Unknown</B> snores.
[18:42:53]EMOTE: Fitz Pritchard/JinraiRecon : <B>Fitz Pritchard</B> snores.
[18:42:53]EMOTE: Richard Hunter/Dnivji : <B>Richard Hunter</B> snores.
[18:42:56]EMOTE: Richard Hunter/Dnivji : <B>Richard Hunter</B> snores.
[18:42:57]OOC: Unknown/Catratcat : да...баги
[18:42:59]EMOTE: Unknown/Encocz : <B>Unknown</B> snores.
[18:42:59]EMOTE: Richard Hunter/Dnivji : <B>Richard Hunter</B> snores.
[18:43:01]EMOTE: Fitz Pritchard/JinraiRecon : <B>Fitz Pritchard</B> snores.
[18:43:04]EMOTE: Zion Camp/Midas123 : <B>Zion Camp</B> is having trouble keeping their eyes open.
[18:43:05]ADMIN: ATTACK: Mr. Owl (1cogwheel1) shot Unknown (linnlarove) with the Bullet.
[18:43:06]EMOTE: Unknown/Linnlarove : <B>Unknown</B> screams!
[18:43:07]EMOTE: Unknown/Linnlarove : <B>Unknown</B> screams!
[18:43:11]EMOTE: Unknown/Encocz : <B>Unknown</B> snores.
[18:43:16]EMOTE: Fitz Pritchard/JinraiRecon : <B>Fitz Pritchard</B> snores.
[18:43:17]EMOTE: Richard Hunter/Dnivji : <B>Richard Hunter</B> coughs!
[18:43:19]OOC: Ivan Dixon/Zazaby : Ну баг забавный. На трупе голова есть, но на самом деле лежит она на столе.
[18:43:25]EMOTE: Richard Hunter/Dnivji : <B>Richard Hunter</B> snores.
[18:43:29]EMOTE: Unknown/Linnlarove : <B>Unknown</B> snores.
[18:43:30]EMOTE: Richard Hunter/Dnivji : <B>Richard Hunter</B> snores.
[18:43:32]GAME: Vinny Mason/Lacsuos used abandon mob.
[18:43:32]ACCESS: Logout: *no client*/(Vinny Mason)
[18:43:32]ACCESS: Login: Lacsuos/(new player) from 95.84.21.190-279973796 || BYOND v498
[18:43:34]EMOTE: Unknown/Encocz : <B>Unknown</B> snores.
[18:43:35]EMOTE: Fitz Pritchard/JinraiRecon : <B>Fitz Pritchard</B> snores.
[18:43:40]ACCESS: Logout: *no client*/(new player)
[18:43:40]ACCESS: Login: Lacsuos/(Edwin Lord) from 95.84.21.190-279973796 || BYOND v498
[18:43:47]SAY: Mr. Owl/1CogwheeL1 : фстой
[18:43:48]EMOTE: Richard Hunter/Dnivji : <B>Richard Hunter</B> snores.
[18:43:50]SAY: Butter/Gordon Sollicitor : Xnj&amp;
[18:43:51]ADMIN: ATTACK: Scotty Scott (vovanhur) fed Zion Camp (midas123) with Griffeater Gin.
[18:43:52]ADMIN: ATTACK: Scotty Scott (vovanhur) fed Zion Camp (midas123) with Griffeater Gin.
[18:43:53]EMOTE: Richard Hunter/Dnivji : <B>Richard Hunter</B> snores.
[18:43:54]SAY: Butter/Gordon Sollicitor : что?
[18:43:56]SAY: Mr. Owl/1CogwheeL1 : Пон&#255;тно
[18:43:58]SAY: Butter/Gordon Sollicitor : ть фу
[18:43:58]SAY: Mr. Owl/1CogwheeL1 : Слушай
[18:43:59]EMOTE: Fitz Pritchard/JinraiRecon : <B>Fitz Pritchard</B> snores.
[18:44:00]EMOTE: Richard Hunter/Dnivji : <B>Richard Hunter</B> snores.
[18:44:03]EMOTE: Richard Hunter/Dnivji : <B>Richard Hunter</B> snores.
[18:44:11]EMOTE: Unknown/Linnlarove : <B>Unknown</B> snores.
[18:44:11]EMOTE: Unknown/Encocz : <B>Unknown</B> snores.
[18:44:12]SAY: Butter/Gordon Sollicitor : слушаю ттеб&#255; , тьфу
[18:44:12]EMOTE: Richard Hunter/Dnivji : <B>Richard Hunter</B> snores.
[18:44:16]SAY: Mr. Owl/1CogwheeL1 : Я буду в конце
[18:44:17]SAY: Scotty Scott/Vovanhur : Ешь.
[18:44:19]SAY: Mr. Owl/1CogwheeL1 : а ты тут
[18:44:21]SAY: Butter/Gordon Sollicitor : хорошо, &#255; тут
[18:44:21]SAY: Mr. Owl/1CogwheeL1 : Ок?
[18:44:23]ADMIN: ATTACK: Scotty Scott (vovanhur) fed Zion Camp (midas123) with the egg.
[18:44:24]ADMIN: ATTACK: Scotty Scott (vovanhur) fed Zion Camp (midas123) with the egg.
[18:44:25]EMOTE: Fitz Pritchard/JinraiRecon : <B>Fitz Pritchard</B> snores.
[18:44:27]EMOTE: Unknown/Linnlarove : <B>Unknown</B> snores.
[18:44:27]EMOTE: Fitz Pritchard/JinraiRecon : <B>Fitz Pritchard</B> snores.
[18:44:31]ADMIN: ATTACK: Scotty Scott (vovanhur) fed Zion Camp (midas123) with the egg.
[18:44:34]ADMIN: ATTACK: Scotty Scott (vovanhur) fed Zion Camp (midas123) with the egg.
[18:44:37]EMOTE: Richard Hunter/Dnivji : <B>Richard Hunter</B> snores.
[18:45:00]EMOTE: Unknown/Linnlarove : <B>Unknown</B> snores.
[18:45:02]OOC: Edwin Lord/Lacsuos : эмммм, ёбнул &#255; пса, а его труп ходит(?), это баг или вообще как пониматЬ?
[18:45:14]EMOTE: Richard Hunter/Dnivji : <B>Richard Hunter</B> snores.
[18:45:14]ADMIN: ATTACK: Scotty Scott (vovanhur) fed Zion Camp (midas123) with Griffeater Gin.
[18:45:15]EMOTE: Unknown/Linnlarove : <B>Unknown</B> snores.
[18:45:15]ADMIN: ATTACK: Scotty Scott (vovanhur) fed Zion Camp (midas123) with Griffeater Gin.
[18:45:20]EMOTE: Richard Hunter/Dnivji : <B>Richard Hunter</B> snores.
[18:45:22]EMOTE: Unknown/Encocz : <B>Unknown</B> snores.
[18:45:28]EMOTE: Fitz Pritchard/JinraiRecon : <B>Fitz Pritchard</B> snores.
[18:45:31]EMOTE: Unknown/Encocz : <B>Unknown</B> snores.
[18:45:34]EMOTE: Unknown/Linnlarove : <B>Unknown</B> snores.
[18:45:34]EMOTE: Unknown/Encocz : <B>Unknown</B> snores.
[18:45:36]EMOTE: Fitz Pritchard/JinraiRecon : <B>Fitz Pritchard</B> snores.
[18:45:39]EMOTE: Richard Hunter/Dnivji : <B>Richard Hunter</B> snores.
[18:45:41]ACCESS: Login: Zamp42/(Zamp42) from 88.112.202.38-763748760 || BYOND v499
[18:45:41]ACCESS: Login: Zamp42/(Zamp42) from 88.112.202.38
[18:45:45]EMOTE: Unknown/Encocz : <B>Unknown</B> snores.
[18:45:49]EMOTE: Fitz Pritchard/JinraiRecon : <B>Fitz Pritchard</B> snores.
[18:45:50]EMOTE: Unknown/Linnlarove : <B>Unknown</B> snores.
[18:45:50]EMOTE: Fitz Pritchard/JinraiRecon : <B>Fitz Pritchard</B> snores.
[18:45:50]EMOTE: Unknown/Encocz : <B>Unknown</B> snores.
[18:45:56]EMOTE: Unknown/Encocz : <B>Unknown</B> snores.
[18:45:59]EMOTE: Fitz Pritchard/JinraiRecon : <B>Fitz Pritchard</B> snores.
[18:46:00]ACCESS: Logout: Zamp42/(Zamp42)
[18:46:00]EMOTE: Richard Hunter/Dnivji : <B>Richard Hunter</B> coughs!
[18:46:02]GAME: Alijah Bennett/Hamster2010 used abandon mob.
[18:46:02]ACCESS: Logout: *no client*/(Alijah Bennett)
[18:46:02]ACCESS: Login: Hamster2010/(new player) from 5.165.187.31-1225620528 || BYOND v499
[18:46:04]EMOTE: Unknown/Linnlarove : <B>Unknown</B> snores.
[18:46:05]EMOTE: Richard Hunter/Dnivji : <B>Richard Hunter</B> snores.
[18:46:07]EMOTE: Fitz Pritchard/JinraiRecon : <B>Fitz Pritchard</B> snores.
[18:46:08]SAY: Mr. Owl/1CogwheeL1 : ок
[18:46:09]EMOTE: Unknown/Encocz : <B>Unknown</B> snores.
[18:46:12]ACCESS: Logout: *no client*/(new player)
[18:46:12]ACCESS: Login: Hamster2010/(Jed Tanner) from 5.165.187.31-1225620528 || BYOND v499
[18:46:18]EMOTE: Unknown/Linnlarove : <B>Unknown</B> snores.
[18:46:21]EMOTE: Unknown/Encocz : <B>Unknown</B> snores.
[18:46:23]EMOTE: Unknown/Encocz : <B>Unknown</B> snores.
[18:46:24]EMOTE: Richard Hunter/Dnivji : <B>Richard Hunter</B> snores.
[18:46:25]SAY: Mr. Owl/1CogwheeL1 : Тише
[18:46:28]EMOTE: Fitz Pritchard/JinraiRecon : <B>Fitz Pritchard</B> snores.
[18:46:28]EMOTE: Unknown/Encocz : <B>Unknown</B> snores.
[18:46:32]EMOTE: Fitz Pritchard/JinraiRecon : <B>Fitz Pritchard</B> snores.
[18:46:32]EMOTE: Unknown/Encocz : <B>Unknown</B> snores.
[18:46:35]EMOTE: Richard Hunter/Dnivji : <B>Richard Hunter</B> snores.
[18:46:38]EMOTE: Unknown/Encocz : <B>Unknown</B> snores.
[18:46:38]EMOTE: Richard Hunter/Dnivji : <B>Richard Hunter</B> snores.
[18:46:42]EMOTE: Unknown/Encocz : <B>Unknown</B> snores.
[18:46:43]EMOTE: Fitz Pritchard/JinraiRecon : <B>Fitz Pritchard</B> snores.
[18:46:44]EMOTE: Richard Hunter/Dnivji : <B>Richard Hunter</B> snores.
[18:46:47]EMOTE: Unknown/Linnlarove : <B>Unknown</B> snores.
[18:46:47]EMOTE: Richard Hunter/Dnivji : <B>Richard Hunter</B> snores.
[18:46:48]EMOTE: Fitz Pritchard/JinraiRecon : <B>Fitz Pritchard</B> snores.
[18:46:54]EMOTE: Unknown/Linnlarove : <B>Unknown</B> snores.
[18:46:59]EMOTE: Richard Hunter/Dnivji : <B>Richard Hunter</B> snores.
[18:47:00]EMOTE: Butter/Gordon Sollicitor : <B>Butter</B> взвел курки
[18:47:06]EMOTE: Fitz Pritchard/JinraiRecon : <B>Fitz Pritchard</B> snores.
[18:47:06]EMOTE: Unknown/Encocz : <B>Unknown</B> snores.
[18:47:06]ADMIN: ATTACK: Mr. Owl (1cogwheel1) shot Unknown () with the Bullet.
[18:47:07]EMOTE: Fitz Pritchard/JinraiRecon : <B>Fitz Pritchard</B> snores.
[18:47:10]EMOTE: Fitz Pritchard/JinraiRecon : <B>Fitz Pritchard</B> snores.
[18:47:14]EMOTE: Richard Hunter/Dnivji : <B>Richard Hunter</B> snores.
[18:47:16]EMOTE: Unknown/Encocz : <B>Unknown</B> snores.
[18:47:23]EMOTE: Richard Hunter/Dnivji : <B>Richard Hunter</B> snores.
[18:47:24]EMOTE: Unknown/Encocz : <B>Unknown</B> snores.
[18:47:25]EMOTE: Richard Hunter/Dnivji : <B>Richard Hunter</B> coughs!
[18:47:29]EMOTE: Unknown/Linnlarove : <B>Unknown</B> snores.
[18:47:30]EMOTE: Unknown/Linnlarove : <B>Unknown</B> snores.
[18:47:31]SAY: Mr. Owl/1CogwheeL1 : АХ ДА!
[18:47:32]EMOTE: Unknown/Linnlarove : <B>Unknown</B> snores.
[18:47:37]EMOTE: Unknown/Encocz : <B>Unknown</B> snores.
[18:47:37]EMOTE: Richard Hunter/Dnivji : <B>Richard Hunter</B> snores.
[18:47:37]EMOTE: Unknown/Linnlarove : <B>Unknown</B> stops breathing...
[18:47:38]EMOTE: Unknown/Linnlarove : <B>Unknown</B> snores.
[18:47:43]EMOTE: Richard Hunter/Dnivji : <B>Richard Hunter</B> coughs!
[18:47:45]SAY: Mr. Owl/1CogwheeL1 : Всё оружие, что вы тут видите
[18:47:47]EMOTE: Unknown/Linnlarove : <B>Unknown</B> snores.
[18:47:49]EMOTE: Unknown/Linnlarove : <B>Unknown</B> snores.
[18:47:49]SAY: Mr. Owl/1CogwheeL1 : ОНО ПУСТОЕ
[18:47:50]EMOTE: Richard Hunter/Dnivji : <B>Richard Hunter</B> snores.
[18:47:52]ADMIN: Catratcat/(Unknown) jumped to Lacsuos/(Edwin Lord)
[18:47:52]EMOTE: Unknown/Encocz : <B>Unknown</B> snores.
[18:47:53]EMOTE: Richard Hunter/Dnivji : <B>Richard Hunter</B> snores.
[18:47:57]EMOTE: Unknown/Encocz : <B>Unknown</B> snores.
[18:47:58]EMOTE: Fitz Pritchard/JinraiRecon : <B>Fitz Pritchard</B> snores.
[18:47:59]EMOTE: Unknown/Encocz : <B>Unknown</B> snores.
[18:48:00]EMOTE: Unknown/Linnlarove : <B>Unknown</B> snores.
[18:48:04]SAY: Butter/Gordon Sollicitor : кыш!
[18:48:05]EMOTE: Unknown/Linnlarove : <B>Unknown</B> seizes up and falls limp, his eyes dead and lifeless...
[18:48:05]EMOTE: Richard Hunter/Dnivji : <B>Richard Hunter</B> snores.
[18:48:13]SAY: Butter/Gordon Sollicitor : мать твою!
[18:48:17]SAY: Butter/Gordon Sollicitor : разр&#255;жу револьверы!
[18:48:18]SAY: Butter/Gordon Sollicitor : пон&#255;л?
[18:48:27]EMOTE: Fitz Pritchard/JinraiRecon : <B>Fitz Pritchard</B> snores.
[18:48:31]EMOTE: Richard Hunter/Dnivji : <B>Richard Hunter</B> snores.
[18:48:37]EMOTE: Unknown/Encocz : <B>Unknown</B> snores.
[18:49:02]EMOTE: Fitz Pritchard/JinraiRecon : <B>Fitz Pritchard</B> snores.
[18:49:06]ADMIN: ATTACK: Edwin Lord (lacsuos) climbed into in a disposals unit.
[18:49:12]EMOTE: Fitz Pritchard/JinraiRecon : <B>Fitz Pritchard</B> snores.
[18:49:14]EMOTE: Unknown/Encocz : <B>Unknown</B> snores.
[18:49:15]EMOTE: Fitz Pritchard/JinraiRecon : <B>Fitz Pritchard</B> snores.
[18:49:15]EMOTE: Unknown/Encocz : <B>Unknown</B> snores.
[18:49:17]EMOTE: Richard Hunter/Dnivji : <B>Richard Hunter</B> snores.
[18:49:19]EMOTE: Fitz Pritchard/JinraiRecon : <B>Fitz Pritchard</B> snores.
[18:49:20]EMOTE: Fitz Pritchard/JinraiRecon : <B>Fitz Pritchard</B> snores.
[18:49:24]EMOTE: Richard Hunter/Dnivji : <B>Richard Hunter</B> snores.
[18:49:25]ADMIN: ATTACK: Mr. Owl (1cogwheel1) shot Unknown (hamster2010) with the Bullet.
[18:49:25]ADMIN: ATTACK: Mr. Owl (1cogwheel1) shot Zion Camp (midas123) with the Bullet.
[18:49:26]ADMIN: Catratcat/(Unknown) jumped to 36,47,3 in Space
[18:49:26]EMOTE: Richard Hunter/Dnivji : <B>Richard Hunter</B> snores.
[18:49:27]ADMIN: ATTACK: Mr. Owl (1cogwheel1) shot Zion Camp (midas123) with the Bullet.
[18:49:29]EMOTE: Unknown/Encocz : <B>Unknown</B> snores.
[18:49:30]EMOTE: Zion Camp/Midas123 : <B>Zion Camp</B> screams!
[18:49:31]EMOTE: Zion Camp/Midas123 : <B>Zion Camp</B> screams!
[18:49:37]EMOTE: Fitz Pritchard/JinraiRecon : <B>Fitz Pritchard</B> snores.
[18:49:37]EMOTE: Unknown/Encocz : <B>Unknown</B> snores.
[18:49:44]ADMIN: ATTACK: Scotty Scott (vovanhur) attacked Mr. Owl (1cogwheel1) with the butcher's cleaver.
[18:49:45]ADMIN: ATTACK: Scotty Scott (vovanhur) attacked Mr. Owl (1cogwheel1) with the butcher's cleaver.
[18:49:48]EMOTE: Mr. Owl/1CogwheeL1 : <B>Mr. Owl</B> screams!
[18:49:49]EMOTE: Mr. Owl/1CogwheeL1 : <B>Mr. Owl</B> screams!
[18:49:51]ADMIN: ATTACK: Scotty Scott (vovanhur) attacked Unknown (1cogwheel1) with the butcher's cleaver.
[18:49:52]EMOTE: Unknown/1CogwheeL1 : <B>Unknown</B> screams!
[18:49:52]ADMIN: ATTACK: Scotty Scott (vovanhur) attacked Unknown (1cogwheel1) with the butcher's cleaver.
[18:49:53]EMOTE: Unknown/1CogwheeL1 : <B>Unknown</B> seizes up and falls limp, his eyes dead and lifeless...
[18:49:53]EMOTE: Unknown/1CogwheeL1 : <B>Unknown</B> screams!
[18:49:53]ADMIN: ATTACK: Scotty Scott (vovanhur) attacked Unknown (1cogwheel1) with the butcher's cleaver.
[18:49:57]ACCESS: Logout: *no client*/(Mr. Owl)
[18:49:57]ACCESS: Login: 1CogwheeL1/(Unknown) from 46.39.36.82-349723203 || BYOND v499
[18:50:03]EMOTE: Richard Hunter/Dnivji : <B>Richard Hunter</B> snores.
[18:50:06]ADMIN: Catratcat/(Unknown) delayed the game.
[18:50:07]ACCESS: Failed Login: Guest-3259810754 - Guests not allowed
[18:50:07]EMOTE: Edwin Lord/Lacsuos : <B>Edwin Lord</B> gasps!
[18:50:15]EMOTE: Richard Hunter/Dnivji : <B>Richard Hunter</B> snores.
[18:50:18]EMOTE: Fitz Pritchard/JinraiRecon : <B>Fitz Pritchard</B> snores.
[18:50:23]ADMIN: Catratcat/(Unknown) modified Showcase's icon to Goodbye_iStock_000017552407XSmall.jpg
[18:50:26]EMOTE: Fitz Pritchard/JinraiRecon : <B>Fitz Pritchard</B> snores.
[18:50:26]ACCESS: Logout: AlienReaper/(Kharn)
[18:50:30]EMOTE: Richard Hunter/Dnivji : <B>Richard Hunter</B> coughs!
[18:50:33]EMOTE: Richard Hunter/Dnivji : <B>Richard Hunter</B> coughs!
[18:50:35]OOC: Unknown/Catratcat : Всем спасибо.
[18:50:38]ADMIN: ATTACK: Unknown (hamster2010) implanted Unknown (hamster2010) with Confess Implanter.
[18:50:39]OOC: Mr. Owl/1CogwheeL1 : Последний раунд?
[18:50:43]EMOTE: Richard Hunter/Dnivji : <B>Richard Hunter</B> coughs!
[18:50:43]ACCESS: Logout: DiUsTin/(Unknown as (Gary Hujsak))
[18:50:43]OOC: Unknown/Catratcat : Когда-нибудь еще увидимс&#255;
[18:50:50]ACCESS: Login: DiUsTin/(Unknown as (Gary Hujsak)) from 217.118.79.26-1028888918 || BYOND v498
[18:50:50]ACCESS: Login: DiUsTin/(Unknown as (Gary Hujsak)) from 217.118.79.26
[18:50:52]EMOTE: Richard Hunter/Dnivji : <B>Richard Hunter</B> coughs!
[18:50:55]OOC: Unknown/Catratcat : Да, более, чем последний
[18:51:02]EMOTE: Richard Hunter/Dnivji : <B>Richard Hunter</B> snores.
[18:51:02]ADMIN: Catratcat/(Unknown) removed the delay.
[18:51:02]ACCESS: Logout: Catratcat/(Unknown)
[18:51:02]ACCESS: Logout: Midas123/(Zion Camp)
[18:51:02]ACCESS: Logout: 1CogwheeL1/(Unknown)
[18:51:02]ACCESS: Logout: DiUsTin/(Unknown as (Gary Hujsak))
[18:51:02]ACCESS: Logout: Spartan235/(Unknown)
[18:51:02]ACCESS: Logout: Gordon Sollicitor/(Butter)
[18:51:02]ACCESS: Logout: Vovanhur/(Scotty Scott)
[18:51:02]ACCESS: Logout: Lacsuos/(Edwin Lord)
[18:51:03]ACCESS: Logout: Zazaby/(Unknown)
[18:51:03]ACCESS: Logout: Hamster2010/(Jed Tanner)


Starting up. 18:51.09
---------------------

[18:51:09]ADMIN: Loading jobban_rank
[18:51:09]ADMIN: jobban_keylist was empty
[18:51:09]ADMIN: Updating jobbanfile!
[18:51:09]ADMIN: Loading Banlist
Reading donators.txt
[18:51:21]ACCESS: Login: DiUsTin/(DiUsTin) from 217.118.79.26-1028888918 || BYOND v498
[18:51:21]ACCESS: Login: DiUsTin/(DiUsTin) from 217.118.79.26
[18:51:34]ACCESS: Login: Zazaby/(Zazaby) from 176.49.155.254-3517285782 || BYOND v498
[18:51:34]ACCESS: Login: Zazaby/(Zazaby) from 176.49.155.254
[18:51:49]ACCESS: Login: Spartan235/(Spartan235) from 85.26.234.112-2429861145 || BYOND v498
[18:51:49]ACCESS: Login: Spartan235/(Spartan235) from 85.26.234.112
[18:52:57]ACCESS: Logout: *no client*/(DiUsTin)
[18:52:57]ACCESS: Login: DiUsTin/(Conrad Nominox) from 217.118.79.26-1028888918 || BYOND v498
[18:52:57]ACCESS: Logout: *no client*/(Spartan235)
[18:52:57]ACCESS: Login: Spartan235/(Hugo Heckendora) from 85.26.234.112-2429861145 || BYOND v498
[18:53:57]ADMIN: ATTACK: Conrad Nominox (diustin) implanted Conrad Nominox (diustin) with Nanoaugmentation Implaner (Regenerative Nanobots).
[18:54:07]ADMIN: ATTACK: Conrad Nominox (diustin) implanted Conrad Nominox (diustin) with Nanoaugmentation Implaner (Short-range Psionic Radar).
[18:55:09]ACCESS: Logout: Zazaby/(Zazaby)
[18:59:34]ADMIN: ATTACK: Conrad Nominox (diustin) primed a frag grenade.
[18:59:38]GAME: Explosion with size (-1, 0, 2) in area Street 
[19:00:56]ADMIN: ATTACK: Conrad Nominox (diustin) primed a frag grenade.
[19:01:00]GAME: Explosion with size (-1, 0, 2) in area Central Primary Hallway 
[19:01:00]GAME: Explosion with size (-1, 0, 2) in area Central Primary Hallway 
[19:01:02]EMOTE: Hugo Heckendora/Spartan235 : <B>Hugo Heckendora</B> screams!
[19:01:03]EMOTE: Hugo Heckendora/Spartan235 : <B>Hugo Heckendora</B> screams!
[19:01:04]EMOTE: Hugo Heckendora/Spartan235 : <B>Hugo Heckendora</B> screams!
[19:01:04]EMOTE: Hugo Heckendora/Spartan235 : <B>Hugo Heckendora</B> seizes up and falls limp, his eyes dead and lifeless...
[19:01:14]ACCESS: Logout: *no client*/(Hugo Heckendora)
[19:01:14]ACCESS: Login: Spartan235/(Unknown) from 85.26.234.112-2429861145 || BYOND v498
[19:01:19]OOC: Conrad Nominox/DiUsTin : Лол
[19:01:25]OOC: Conrad Nominox/DiUsTin : Бл&#255;, нас двое.
[19:01:32]OOC: Conrad Nominox/DiUsTin : Давай чувак. Я буду поддаватьс&#255;.
[19:01:35]OOC: Hugo Heckendora/Spartan235 : Лол.
[19:01:41]OOC: Hugo Heckendora/Spartan235 : Я не могу в робуст.
[19:01:46]OOC: Hugo Heckendora/Spartan235 : Вообще.
[19:01:59]GAME: All the AIs, comm consoles and boards are destroyed. Transport fueling.
[19:02:14]OOC: Conrad Nominox/DiUsTin : Ладно. Двери открыты. Го дуэльку тогда?
[19:02:36]SAY: Ghost/Spartan235 : Лол.У мен&#255; будет минута и шесть секунд,чтобы добратьс&#255; до теб&#255;.
[19:03:00]OOC: Conrad Nominox/DiUsTin : Ты призрак чтоль?
[19:03:04]OOC: Hugo Heckendora/Spartan235 : Йап.
[19:03:08]ACCESS: Logout: DiUsTin/(Conrad Nominox)
[19:03:08]ACCESS: Logout: Spartan235/(Unknown)


Starting up. 20:59.44
---------------------

[20:59:44]ADMIN: Loading jobban_rank
[20:59:44]ADMIN: jobban_keylist was empty
[20:59:44]ADMIN: Updating jobbanfile!
[20:59:44]ADMIN: Loading Banlist
Reading donators.txt
[20:59:51]ACCESS: Login: Catratcat/(Catratcat) from 127.0.0.1-3781439013 || BYOND v498
[20:59:51]ACCESS: Login: Catratcat/(Catratcat) from 127.0.0.1
[20:59:58]ADMIN: Catratcat has started the game.
[20:59:59]ACCESS: Logout: *no client*/(Catratcat)
[20:59:59]ACCESS: Login: Catratcat/(Morgan Bickerson) from 127.0.0.1-3781439013 || BYOND v498
[21:00:12]ADMIN: Catratcat/(Morgan Bickerson) jumped to 41,41,2 in Street
[21:00:50]ACCESS: Logout: Catratcat/(Morgan Bickerson)
