

Starting up. 00:35.59
---------------------

[00:35:59]ADMIN: Loading jobban_rank
[00:35:59]ADMIN: jobban_keylist was empty
[00:35:59]ADMIN: Updating jobbanfile!
[00:35:59]ADMIN: Loading Banlist
Reading donators.txt
[00:36:09]ACCESS: Login: Catratcat/(Catratcat) from 127.0.0.1-3781439013 || BYOND v498
[00:36:09]ACCESS: Login: Catratcat/(Catratcat) from 127.0.0.1
[00:36:19]ADMIN: Catratcat has started the game.
[00:36:20]ACCESS: Logout: *no client*/(Catratcat)
[00:36:20]ACCESS: Login: Catratcat/(Morgan Bickerson) from 127.0.0.1-3781439013 || BYOND v498
[00:36:32]ADMIN: Catratcat/(Morgan Bickerson) jumped to 42,41,2 in Street
[00:36:51]ACCESS: Logout: Catratcat/(Morgan Bickerson)


Starting up. 00:48.56
---------------------

[00:48:56]ADMIN: Loading jobban_rank
[00:48:56]ADMIN: jobban_keylist was empty
[00:48:56]ADMIN: Updating jobbanfile!
[00:48:56]ADMIN: Loading Banlist
Reading donators.txt
[00:49:00]ACCESS: Login: Catratcat/(Catratcat) from 127.0.0.1-3781439013 || BYOND v498
[00:49:00]ACCESS: Login: Catratcat/(Catratcat) from 127.0.0.1
[00:49:09]ADMIN: Catratcat has started the game.
[00:49:10]ACCESS: Logout: *no client*/(Catratcat)
[00:49:10]ACCESS: Login: Catratcat/(Morgan Bickerson) from 127.0.0.1-3781439013 || BYOND v498
[00:49:26]ADMIN: Catratcat/(Morgan Bickerson) jumped to 40,42,2 in Street
[00:49:28]ACCESS: Logout: Catratcat/(Morgan Bickerson)


Starting up. 00:54.52
---------------------

[00:54:52]ADMIN: Loading jobban_rank
[00:54:52]ADMIN: jobban_keylist was empty
[00:54:52]ADMIN: Updating jobbanfile!
[00:54:52]ADMIN: Loading Banlist
Reading donators.txt
[00:55:02]ACCESS: Login: Catratcat/(Catratcat) from 127.0.0.1-3781439013 || BYOND v498
[00:55:02]ACCESS: Login: Catratcat/(Catratcat) from 127.0.0.1
[00:55:09]ADMIN: Catratcat has started the game.
[00:55:10]ACCESS: Logout: *no client*/(Catratcat)
[00:55:10]ACCESS: Login: Catratcat/(Morgan Bickerson) from 127.0.0.1-3781439013 || BYOND v498
[00:55:23]ACCESS: Logout: Catratcat/(Morgan Bickerson)
[00:58:02]ACCESS: Login: Catratcat/(Morgan Bickerson) from 127.0.0.1-3781439013 || BYOND v498
[00:58:03]ACCESS: Login: Catratcat/(Morgan Bickerson) from 127.0.0.1
[00:58:11]ACCESS: Logout: Catratcat/(Morgan Bickerson)


Starting up. 00:58.21
---------------------

[00:58:21]ADMIN: Loading jobban_rank
[00:58:21]ADMIN: jobban_keylist was empty
[00:58:21]ADMIN: Updating jobbanfile!
[00:58:21]ADMIN: Loading Banlist
Reading donators.txt
[00:58:24]ACCESS: Login: Catratcat/(Catratcat) from 127.0.0.1-3781439013 || BYOND v498
[00:58:24]ACCESS: Login: Catratcat/(Catratcat) from 127.0.0.1
[00:58:34]ADMIN: Catratcat has started the game.
[00:58:35]ACCESS: Logout: *no client*/(Catratcat)
[00:58:35]ACCESS: Login: Catratcat/(Morgan Bickerson) from 127.0.0.1-3781439013 || BYOND v498
[00:58:46]ADMIN: Catratcat/(Morgan Bickerson) jumped to 38,42,2 in Street
[00:59:05]ADMIN: Catratcat/(Morgan Bickerson) created a /mob/living/carbon/human
[00:59:06]ADMIN: Catratcat/(Morgan Bickerson) created a /mob/living/carbon/human
[00:59:08]ADMIN: Catratcat/(Morgan Bickerson) created a /mob/living/carbon/human
[00:59:14]ACCESS: Logout: Catratcat/(Morgan Bickerson)


Starting up. 03:02.47
---------------------

[03:02:47]ADMIN: Loading jobban_rank
[03:02:47]ADMIN: jobban_keylist was empty
[03:02:47]ADMIN: Updating jobbanfile!
[03:02:47]ADMIN: Loading Banlist
Reading donators.txt
[03:03:03]ACCESS: Login: Catratcat/(Catratcat) from 127.0.0.1-3781439013 || BYOND v498
[03:03:03]ACCESS: Login: Catratcat/(Catratcat) from 127.0.0.1
[03:03:13]ADMIN: Catratcat has started the game.
[03:03:14]ACCESS: Logout: *no client*/(Catratcat)
[03:03:14]ACCESS: Login: Catratcat/(Morgan Bickerson) from 127.0.0.1-3781439013 || BYOND v498
[03:03:42]ACCESS: Logout: Catratcat/(Morgan Bickerson)


Starting up. 03:10.10
---------------------

[03:10:10]ADMIN: Loading jobban_rank
[03:10:10]ADMIN: jobban_keylist was empty
[03:10:10]ADMIN: Updating jobbanfile!
[03:10:10]ADMIN: Loading Banlist
Reading donators.txt
[03:10:19]ACCESS: Login: Catratcat/(Catratcat) from 127.0.0.1-3781439013 || BYOND v498
[03:10:19]ACCESS: Login: Catratcat/(Catratcat) from 127.0.0.1
[03:10:25]ADMIN: Catratcat has started the game.
[03:10:25]ACCESS: Logout: *no client*/(Catratcat)
[03:10:25]ACCESS: Login: Catratcat/(Morgan Bickerson) from 127.0.0.1-3781439013 || BYOND v498
[03:10:51]ACCESS: Logout: Catratcat/(Morgan Bickerson)


Starting up. 03:15.34
---------------------

[03:15:34]ADMIN: Loading jobban_rank
[03:15:34]ADMIN: jobban_keylist was empty
[03:15:34]ADMIN: Updating jobbanfile!
[03:15:34]ADMIN: Loading Banlist
Reading donators.txt
[03:16:01]ACCESS: Login: Catratcat/(Catratcat) from 127.0.0.1-3781439013 || BYOND v498
[03:16:01]ACCESS: Login: Catratcat/(Catratcat) from 127.0.0.1
[03:16:08]ADMIN: Catratcat has started the game.
[03:16:09]ACCESS: Logout: *no client*/(Catratcat)
[03:16:09]ACCESS: Login: Catratcat/(Morgan Bickerson) from 127.0.0.1-3781439013 || BYOND v498
[03:16:25]ADMIN: Catratcat/(Morgan Bickerson) jumped to 39,42,2 in Street
[03:16:48]ADMIN: Catratcat/(Morgan Bickerson) created a /mob/living/carbon/human
[03:16:50]ADMIN: Catratcat/(Morgan Bickerson) created a /mob/living/carbon/human
[03:16:53]ADMIN: Catratcat/(Morgan Bickerson) created a /mob/living/carbon/human
[03:16:54]ADMIN: Catratcat/(Morgan Bickerson) created a /mob/living/carbon/human
[03:16:57]ADMIN: Catratcat/(Morgan Bickerson) created a /mob/living/carbon/human
[03:18:26]ACCESS: Logout: Catratcat/(Morgan Bickerson)


Starting up. 03:36.29
---------------------

[03:36:29]ADMIN: Loading jobban_rank
[03:36:29]ADMIN: jobban_keylist was empty
[03:36:29]ADMIN: Updating jobbanfile!
[03:36:29]ADMIN: Loading Banlist
Reading donators.txt
[03:36:39]ACCESS: Login: Catratcat/(Catratcat) from 127.0.0.1-3781439013 || BYOND v498
[03:36:39]ACCESS: Login: Catratcat/(Catratcat) from 127.0.0.1
[03:36:45]ADMIN: Catratcat has started the game.
[03:36:46]ACCESS: Logout: *no client*/(Catratcat)
[03:36:46]ACCESS: Login: Catratcat/(Morgan Bickerson) from 127.0.0.1-3781439013 || BYOND v498
[03:37:03]ADMIN: Catratcat/(Morgan Bickerson) jumped to 38,41,2 in Street
[03:37:20]ADMIN: Catratcat/(Morgan Bickerson) created a /mob/living/carbon/human
[03:37:21]ADMIN: Catratcat/(Morgan Bickerson) created a /mob/living/carbon/human
[03:37:23]ADMIN: Catratcat/(Morgan Bickerson) created a /mob/living/carbon/human
[03:37:26]ADMIN: Catratcat/(Morgan Bickerson) created a /mob/living/carbon/human
[03:38:21]ACCESS: Logout: *no client*/(Morgan Bickerson)
[03:38:21]ACCESS: Login: catratcat/(human) from 127.0.0.1-3781439013 || BYOND v498
[03:38:21]ADMIN: *no client*/(Morgan Bickerson) assumed direct control of the human.
[03:38:25]EMOTE: Morgan Bickerson/ : <B>Morgan Bickerson</B> snores.
[03:38:27]EMOTE: Morgan Bickerson/ : <B>Morgan Bickerson</B> snores.
[03:39:01]ACCESS: Logout: *no client*/(human)
[03:39:01]ACCESS: Login: catratcat/(Morgan Bickerson) from 127.0.0.1-3781439013 || BYOND v498
[03:39:01]ADMIN: *no client*/(human) assumed direct control of Morgan Bickerson.
[03:39:04]EMOTE: human/ : <B>The human</B> snores.
[03:39:13]EMOTE: human/ : <B>The human</B> snores.
[03:39:17]EMOTE: human/ : <B>The human</B> snores.
[03:39:41]ACCESS: Logout: *no client*/(Morgan Bickerson)
[03:39:41]ACCESS: Login: catratcat/(human) from 127.0.0.1-3781439013 || BYOND v498
[03:39:41]ADMIN: *no client*/(Morgan Bickerson) assumed direct control of the human.
[03:39:43]EMOTE: Morgan Bickerson/ : <B>Morgan Bickerson</B> snores.
[03:39:46]EMOTE: Morgan Bickerson/ : <B>Morgan Bickerson</B> snores.
[03:39:49]EMOTE: Morgan Bickerson/ : <B>Morgan Bickerson</B> snores.
[03:39:54]EMOTE: Morgan Bickerson/ : <B>Morgan Bickerson</B> snores.
[03:40:02]ACCESS: Logout: catratcat/(human)


Starting up. 15:35.58
---------------------

[15:35:58]ADMIN: Loading jobban_rank
[15:35:58]ADMIN: jobban_keylist was empty
[15:35:58]ADMIN: Updating jobbanfile!
[15:35:58]ADMIN: Loading Banlist
Reading donators.txt
[15:36:09]ACCESS: Login: Catratcat/(Catratcat) from 127.0.0.1-3781439013 || BYOND v498
[15:36:09]ACCESS: Login: Catratcat/(Catratcat) from 127.0.0.1
[15:36:19]ADMIN: Catratcat has started the game.
[15:36:21]ACCESS: Logout: *no client*/(Catratcat)
[15:36:21]ACCESS: Login: Catratcat/(Morgan Bickerson) from 127.0.0.1-3781439013 || BYOND v498
[15:37:31]EMOTE: Morgan Bickerson/Catratcat : <B>Morgan Bickerson</B> breathes.
[15:37:53]ADMIN: Catratcat/(Morgan Bickerson) jumped to 39,56,1 in the Quartermasters
[15:38:08]ADMIN: Catratcat/(Morgan Bickerson) deleted Water at (38,56,1)
[15:38:26]ACCESS: Logout: Catratcat/(Morgan Bickerson)


Starting up. 16:44.17
---------------------

[16:44:17]ADMIN: Loading jobban_rank
[16:44:17]ADMIN: jobban_keylist was empty
[16:44:17]ADMIN: Updating jobbanfile!
[16:44:17]ADMIN: Loading Banlist
Reading donators.txt
[16:46:12]ACCESS: Login: Catratcat/(Catratcat) from 127.0.0.1-3781439013 || BYOND v498
[16:46:12]ACCESS: Login: Catratcat/(Catratcat) from 127.0.0.1
[16:46:19]ADMIN: Catratcat has started the game.
[16:46:20]ACCESS: Logout: *no client*/(Catratcat)
[16:46:20]ACCESS: Login: Catratcat/(Morgan Bickerson) from 127.0.0.1-3781439013 || BYOND v498
[16:48:03]ADMIN: Catratcat/(Morgan Bickerson) deleted all objects of scrict type with subtypes /obj/structure/liquid/water (4 objects deleted) 
[16:48:06]ACCESS: Logout: *no client*/(Morgan Bickerson)
[16:48:06]ACCESS: Login: Catratcat/(Morgan Bickerson) from 127.0.0.1-3781439013 || BYOND v498
[16:48:35]ACCESS: Logout: *no client*/(Morgan Bickerson)
[16:48:35]ACCESS: Login: Catratcat/(Morgan Bickerson) from 127.0.0.1-3781439013 || BYOND v498
[16:49:30]ACCESS: Logout: Catratcat/(Morgan Bickerson)


Starting up. 17:04.49
---------------------

[17:04:49]ADMIN: Loading jobban_rank
[17:04:49]ADMIN: jobban_keylist was empty
[17:04:49]ADMIN: Updating jobbanfile!
[17:04:49]ADMIN: Loading Banlist
Reading donators.txt
[17:04:58]ACCESS: Login: Catratcat/(Catratcat) from 127.0.0.1-3781439013 || BYOND v498
[17:04:58]ACCESS: Login: Catratcat/(Catratcat) from 127.0.0.1
[17:05:05]ADMIN: Catratcat has started the game.
[17:05:06]ACCESS: Logout: *no client*/(Catratcat)
[17:05:06]ACCESS: Login: Catratcat/(Morgan Bickerson) from 127.0.0.1-3781439013 || BYOND v498
[17:06:32]ADMIN: Catratcat/(Morgan Bickerson) jumped to 31,59,1 in Sewers
[17:06:51]ACCESS: Logout: Catratcat/(Morgan Bickerson)


Starting up. 17:10.19
---------------------

[17:10:19]ADMIN: Loading jobban_rank
[17:10:19]ADMIN: jobban_keylist was empty
[17:10:19]ADMIN: Updating jobbanfile!
[17:10:19]ADMIN: Loading Banlist
Reading donators.txt
[17:10:43]ACCESS: Login: Catratcat/(Catratcat) from 127.0.0.1-3781439013 || BYOND v498
[17:10:43]ACCESS: Login: Catratcat/(Catratcat) from 127.0.0.1
[17:10:50]ADMIN: Catratcat has started the game.
[17:10:50]ACCESS: Logout: *no client*/(Catratcat)
[17:10:50]ACCESS: Login: Catratcat/(Morgan Bickerson) from 127.0.0.1-3781439013 || BYOND v498
[17:11:30]ACCESS: Logout: Catratcat/(Morgan Bickerson)


Starting up. 17:15.18
---------------------

[17:15:18]ADMIN: Loading jobban_rank
[17:15:18]ADMIN: jobban_keylist was empty
[17:15:18]ADMIN: Updating jobbanfile!
[17:15:18]ADMIN: Loading Banlist
Reading donators.txt
[17:15:28]ACCESS: Login: Catratcat/(Catratcat) from 127.0.0.1-3781439013 || BYOND v498
[17:15:28]ACCESS: Login: Catratcat/(Catratcat) from 127.0.0.1
[17:15:34]ADMIN: Catratcat has started the game.
[17:15:34]ACCESS: Logout: *no client*/(Catratcat)
[17:15:34]ACCESS: Login: Catratcat/(Morgan Bickerson) from 127.0.0.1-3781439013 || BYOND v498
[17:16:08]ACCESS: Logout: Catratcat/(Morgan Bickerson)


Starting up. 17:48.44
---------------------

[17:48:44]ADMIN: Loading jobban_rank
[17:48:44]ADMIN: jobban_keylist was empty
[17:48:44]ADMIN: Updating jobbanfile!
[17:48:44]ADMIN: Loading Banlist
Reading donators.txt
[17:48:49]ACCESS: Login: Catratcat/(Catratcat) from 127.0.0.1-3781439013 || BYOND v498
[17:48:49]ACCESS: Login: Catratcat/(Catratcat) from 127.0.0.1
[17:48:58]ADMIN: Catratcat has started the game.
[17:48:59]ACCESS: Logout: *no client*/(Catratcat)
[17:48:59]ACCESS: Login: Catratcat/(Morgan Bickerson) from 127.0.0.1-3781439013 || BYOND v498
[17:49:37]EMOTE: Morgan Bickerson/Catratcat : <B>Morgan Bickerson</B> breathes.
[17:50:11]ACCESS: Logout: Catratcat/(Morgan Bickerson)
