

Starting up. 23:25.57
---------------------

[23:28:51]ATTACK: <font color='red'>Morgan Bickerson (catratcat) attacked human () with circular saw (INTENT: HELP) (DAMTYE: BRUTE)</font>
[23:28:56]ATTACK: <font color='red'>Morgan Bickerson (catratcat) attacked human () with circular saw (INTENT: HELP) (DAMTYE: BRUTE)</font>
[23:29:03]ATTACK: <font color='red'>Morgan Bickerson (catratcat) attacked human () with circular saw (INTENT: HELP) (DAMTYE: BRUTE)</font>
[23:29:14]ATTACK: <font color='red'>Morgan Bickerson (catratcat) attacked human () with circular saw (INTENT: HELP) (DAMTYE: BRUTE)</font>
[23:29:16]ATTACK: <font color='red'>Morgan Bickerson (catratcat) attacked human () with circular saw (INTENT: HELP) (DAMTYE: BRUTE)</font>
[23:29:28]ATTACK: <font color='red'>Morgan Bickerson (catratcat) attacked human () with retractor (INTENT: HELP) (DAMTYE: BRUTE)</font>
[23:29:33]ATTACK: <font color='red'>Morgan Bickerson (catratcat) attacked human () with scalpel (INTENT: HELP) (DAMTYE: BRUTE)</font>
[23:29:38]ATTACK: <font color='red'>Morgan Bickerson (catratcat) attacked human () with cautery (INTENT: HELP) (DAMTYE: BRUTE)</font>
[23:29:45]ATTACK: <font color='red'>Morgan Bickerson (catratcat) attacked human () with hemostat (INTENT: HELP) (DAMTYE: BRUTE)</font>
[23:29:49]ATTACK: <font color='red'>Morgan Bickerson (catratcat) attacked human () with bone gel (INTENT: HELP) (DAMTYE: BRUTE)</font>
[23:29:53]ATTACK: <font color='red'>Morgan Bickerson (catratcat) attacked human () with bone setter (INTENT: HELP) (DAMTYE: BRUTE)</font>
[23:30:25]ATTACK: <font color='red'>Morgan Bickerson (catratcat) attacked human () with circular saw (INTENT: GRAB) (DAMTYE: BRUTE)</font>
[23:30:42]ATTACK: <font color='red'>Morgan Bickerson (catratcat) attacked human () with retractor (INTENT: GRAB) (DAMTYE: BRUTE)</font>
[23:30:44]ATTACK: <font color='red'>Morgan Bickerson (catratcat) attacked human () with retractor (INTENT: GRAB) (DAMTYE: BRUTE)</font>
[23:30:45]ATTACK: <font color='red'>Morgan Bickerson (catratcat) attacked human () with retractor (INTENT: GRAB) (DAMTYE: BRUTE)</font>
[23:30:46]ATTACK: <font color='red'>Morgan Bickerson (catratcat) attacked human () with retractor (INTENT: GRAB) (DAMTYE: BRUTE)</font>
[23:30:48]ATTACK: <font color='red'>Morgan Bickerson (catratcat) attacked human () with retractor (INTENT: GRAB) (DAMTYE: BRUTE)</font>
[23:30:50]ATTACK: <font color='red'>Morgan Bickerson (catratcat) attacked human () with retractor (INTENT: GRAB) (DAMTYE: BRUTE)</font>
[23:30:51]ATTACK: <font color='red'>Morgan Bickerson (catratcat) attacked human () with retractor (INTENT: GRAB) (DAMTYE: BRUTE)</font>
[23:30:52]ATTACK: <font color='red'>Morgan Bickerson (catratcat) attacked human () with retractor (INTENT: GRAB) (DAMTYE: BRUTE)</font>
[23:30:54]ATTACK: <font color='red'>Morgan Bickerson (catratcat) attacked human () with circular saw (INTENT: GRAB) (DAMTYE: BRUTE)</font>
[23:30:57]ATTACK: <font color='red'>Morgan Bickerson (catratcat) attacked human () with circular saw (INTENT: GRAB) (DAMTYE: BRUTE)</font>
[23:31:04]ATTACK: <font color='red'>Morgan Bickerson (catratcat) attacked human () with retractor (INTENT: GRAB) (DAMTYE: BRUTE)</font>
[23:31:08]ATTACK: <font color='red'>Morgan Bickerson (catratcat) attacked human () with retractor (INTENT: HELP) (DAMTYE: BRUTE)</font>
[23:31:42]ATTACK: <font color='red'>Morgan Bickerson (catratcat) attacked human () with retractor (INTENT: HELP) (DAMTYE: BRUTE)</font>
[23:31:55]ATTACK: <font color='red'>Morgan Bickerson (catratcat) attacked human () with retractor (INTENT: HELP) (DAMTYE: BRUTE)</font>
[23:32:21]ATTACK: <font color='red'>Morgan Bickerson (catratcat) attacked human () with hemostat (INTENT: HELP) (DAMTYE: BRUTE)</font>
[23:32:31]ATTACK: <font color='red'>Morgan Bickerson (catratcat) attacked human () with retractor (INTENT: HELP) (DAMTYE: BRUTE)</font>
[23:32:38]ATTACK: <font color='red'>Morgan Bickerson (catratcat) attacked human () with cautery (INTENT: HELP) (DAMTYE: BRUTE)</font>
[23:33:17]ATTACK: <font color='red'>Morgan Bickerson (catratcat) attacked human () with retractor (INTENT: HELP) (DAMTYE: BRUTE)</font>
[23:33:32]ATTACK: <font color='red'>Morgan Bickerson (catratcat) attacked human () with cautery (INTENT: HELP) (DAMTYE: BRUTE)</font>
[23:33:56]ATTACK: <font color='red'>Morgan Bickerson (catratcat) attacked human () with scalpel (INTENT: HELP) (DAMTYE: BRUTE)</font>
[23:34:04]ATTACK: <font color='red'>Morgan Bickerson (catratcat) attacked human () with hemostat (INTENT: HELP) (DAMTYE: BRUTE)</font>
