

Starting up. 23:25.57
---------------------

[23:25:57]ADMIN: Loading jobban_rank
[23:25:57]ADMIN: jobban_keylist was empty
[23:25:57]ADMIN: Updating jobbanfile!
[23:25:57]ADMIN: Loading Banlist
Reading donators.txt
[23:27:28]ACCESS: Login: Catratcat/(Catratcat) from 127.0.0.1-3781439013 || BYOND v498
[23:27:29]ACCESS: Login: Catratcat/(Catratcat) from 127.0.0.1
[23:27:37]ADMIN: Catratcat has started the game.
[23:27:37]ACCESS: Logout: *no client*/(Catratcat)
[23:27:37]ACCESS: Login: Catratcat/(Morgan Bickerson) from 127.0.0.1-3781439013 || BYOND v498
[23:27:52]ADMIN: Catratcat/(Morgan Bickerson) created a /mob/living/carbon/human
[23:27:56]ADMIN: Catratcat/(Morgan Bickerson) created a /mob/living/carbon/human
[23:28:28]ADMIN: Catratcat/(Morgan Bickerson) created a /obj/item/weapon/storage/briefcase/surgery
[23:28:51]ADMIN: ATTACK: Morgan Bickerson (catratcat) attacked the human () with the circular saw.
[23:28:56]ADMIN: ATTACK: Morgan Bickerson (catratcat) attacked the human () with the circular saw.
[23:29:03]ADMIN: ATTACK: Morgan Bickerson (catratcat) attacked the human () with the circular saw.
[23:29:04]EMOTE: human/ : <B>The human</B> screams!
[23:29:14]ADMIN: ATTACK: Morgan Bickerson (catratcat) attacked the human () with the circular saw.
[23:29:16]ADMIN: ATTACK: Morgan Bickerson (catratcat) attacked the human () with the circular saw.
[23:29:17]EMOTE: human/ : <B>The human</B> stops breathing...
[23:29:18]EMOTE: human/ : <B>The human</B> seizes up and falls limp, his eyes dead and lifeless...
[23:29:28]ADMIN: ATTACK: Morgan Bickerson (catratcat) attacked the human () with the retractor.
[23:29:33]ADMIN: ATTACK: Morgan Bickerson (catratcat) attacked the human () with the scalpel.
[23:29:38]ADMIN: ATTACK: Morgan Bickerson (catratcat) attacked the human () with the cautery.
[23:29:45]ADMIN: ATTACK: Morgan Bickerson (catratcat) attacked the human () with the hemostat.
[23:29:49]ADMIN: ATTACK: Morgan Bickerson (catratcat) attacked the human () with the bone gel.
[23:29:53]ADMIN: ATTACK: Morgan Bickerson (catratcat) attacked the human () with the bone setter.
[23:30:25]ADMIN: ATTACK: Morgan Bickerson (catratcat) attacked the human () with the circular saw.
[23:30:42]ADMIN: ATTACK: Morgan Bickerson (catratcat) attacked the human () with the retractor.
[23:30:44]ADMIN: ATTACK: Morgan Bickerson (catratcat) attacked the human () with the retractor.
[23:30:45]ADMIN: ATTACK: Morgan Bickerson (catratcat) attacked the human () with the retractor.
[23:30:46]ADMIN: ATTACK: Morgan Bickerson (catratcat) attacked the human () with the retractor.
[23:30:48]ADMIN: ATTACK: Morgan Bickerson (catratcat) attacked the human () with the retractor.
[23:30:50]ADMIN: ATTACK: Morgan Bickerson (catratcat) attacked the human () with the retractor.
[23:30:51]ADMIN: ATTACK: Morgan Bickerson (catratcat) attacked the human () with the retractor.
[23:30:52]ADMIN: ATTACK: Morgan Bickerson (catratcat) attacked the human () with the retractor.
[23:30:54]ADMIN: ATTACK: Morgan Bickerson (catratcat) attacked the human () with the circular saw.
[23:30:55]EMOTE: human/ : <B>The human</B> screams!
[23:30:57]ADMIN: ATTACK: Morgan Bickerson (catratcat) attacked the human () with the circular saw.
[23:31:04]ADMIN: ATTACK: Morgan Bickerson (catratcat) attacked the human () with the retractor.
[23:31:08]ADMIN: ATTACK: Morgan Bickerson (catratcat) attacked the human () with the retractor.
[23:31:42]ADMIN: ATTACK: Morgan Bickerson (catratcat) attacked the human () with the retractor.
[23:31:55]ADMIN: ATTACK: Morgan Bickerson (catratcat) attacked the human () with the retractor.
[23:32:21]ADMIN: ATTACK: Morgan Bickerson (catratcat) attacked the human () with the hemostat.
[23:32:31]ADMIN: ATTACK: Morgan Bickerson (catratcat) attacked the human () with the retractor.
[23:32:38]ADMIN: ATTACK: Morgan Bickerson (catratcat) attacked the human () with the cautery.
[23:33:17]ADMIN: ATTACK: Morgan Bickerson (catratcat) attacked the human () with the retractor.
[23:33:32]ADMIN: ATTACK: Morgan Bickerson (catratcat) attacked the human () with the cautery.
[23:33:56]ADMIN: ATTACK: Morgan Bickerson (catratcat) attacked the human () with the scalpel.
[23:33:57]EMOTE: human/ : <B>The human</B> stops breathing...
[23:34:04]ADMIN: ATTACK: Morgan Bickerson (catratcat) attacked the human () with the hemostat.
[23:34:11]EMOTE: human/ : <B>The human</B> gasps!
[23:34:13]EMOTE: human/ : <B>The human</B> seizes up and falls limp, his eyes dead and lifeless...
[23:34:31]ACCESS: Logout: Catratcat/(Morgan Bickerson)
