

Starting up. 01:06.48
---------------------

[01:10:06]ATTACK: <font color='red'>Morgan Bickerson (catratcat) shot the human () with a the Bullet</font>


Starting up. 01:19.41
---------------------

[01:20:43]ATTACK: <font color='red'>Morgan Bickerson (catratcat) shot the human () with a the Bullet</font>
[01:20:59]ATTACK: <font color='red'>Morgan Bickerson (catratcat) shot the human () with a the Bullet</font>


Starting up. 02:10.34
---------------------

[02:11:13]ATTACK: <font color='red'>Morgan Bickerson (catratcat) shot the human () with a the Bullet</font>
[02:11:46]ATTACK: <font color='red'>Morgan Bickerson (catratcat) shot the human () with a the Bullet</font>


Starting up. 02:17.54
---------------------

[02:18:56]ATTACK: <font color='red'>Morgan Bickerson (catratcat) shot the human () with a the Bullet</font>
[02:20:10]ATTACK: <font color='red'>Morgan Bickerson (catratcat) attacked human () with scalpel (INTENT: HELP) (DAMTYE: BRUTE)</font>


Starting up. 02:25.29
---------------------

[02:26:12]ATTACK: <font color='red'>Morgan Bickerson (catratcat) shot the human () with a the Bullet</font>


Starting up. 02:32.21
---------------------

[02:32:58]ATTACK: <font color='red'>Morgan Bickerson (catratcat) shot the human () with a the Bullet</font>
[02:33:52]ATTACK: <font color='red'>Morgan Bickerson (catratcat) shot the human () with a the Bullet</font>
[02:34:10]ATTACK: <font color='red'>Morgan Bickerson (catratcat) shot the human () with a the Bullet</font>
[02:34:54]ATTACK: <font color='red'>The human (catratcat) shot Morgan Bickerson () with a the Bullet</font>


Starting up. 02:39.16
---------------------

[02:39:50]ATTACK: <font color='red'>Morgan Bickerson (catratcat) shot the human () with a the Bullet</font>


Starting up. 02:47.48
---------------------

[02:49:23]ATTACK: <font color='red'>Morgan Bickerson (catratcat) shot the human () with a the Bullet</font>


Starting up. 02:54.05
---------------------

[02:55:03]ATTACK: <font color='red'>Morgan Bickerson (catratcat) shot the human () with a the Bullet</font>


Starting up. 03:06.24
---------------------

[03:07:13]ATTACK: <font color='red'>Morgan Bickerson (catratcat) shot the human () with a the Bullet</font>


Starting up. 03:14.36
---------------------

[03:15:42]ATTACK: <font color='red'>Morgan Bickerson (catratcat) shot the human () with a the Bullet</font>


Starting up. 22:40.38
---------------------

[22:41:23]ATTACK: <font color='red'>Morgan Bickerson (catratcat) shot the human () with a the Bullet</font>
[22:41:52]ATTACK: <font color='red'>Morgan Bickerson (catratcat) shot the human () with a the Bullet</font>


Starting up. 23:18.11
---------------------

[23:19:00]ATTACK: <font color='red'>Morgan Bickerson (catratcat) shot the human () with a the Bullet</font>
[23:19:09]ATTACK: <font color='red'>Morgan Bickerson (catratcat) shot the human () with a the Bullet</font>
