

Starting up. 00:16.28
---------------------

[00:17:31]ATTACK: <font color='red'>Morgan Bickerson (catratcat) shot the human () with a the Bullet</font>
[00:18:41]ATTACK: <font color='red'>Morgan Bickerson (catratcat) attacked human () with kitchen knife (INTENT: HELP) (DAMTYE: BRUTE)</font>


Starting up. 00:32.04
---------------------

[00:33:09]ATTACK: <font color='red'>Morgan Bickerson (catratcat) attacked Morgan Bickerson (catratcat) with Smith-W (INTENT: HELP) (DAMTYE: BRUTE)</font>
[00:34:52]ATTACK: <font color='red'>The human (catratcat) shot Morgan Bickerson () with a the Bullet</font>
[00:35:34]ATTACK: <font color='red'>Morgan Bickerson (catratcat) punched Morgan Bickerson (catratcat)</font>
[00:36:10]ATTACK: <font color='red'>Morgan Bickerson (catratcat) attacked Morgan Bickerson (catratcat) with kitchen knife (INTENT: HELP) (DAMTYE: BRUTE)</font>
[00:36:22]ATTACK: <font color='red'>Morgan Bickerson (catratcat) attacked Morgan Bickerson (catratcat) with kitchen knife (INTENT: HELP) (DAMTYE: BRUTE)</font>
[00:36:55]ATTACK: <font color='red'>Morgan Bickerson (catratcat) attacked Morgan Bickerson (catratcat) with kitchen knife (INTENT: HELP) (DAMTYE: BRUTE)</font>
[00:37:23]ATTACK: <font color='red'>Morgan Bickerson (catratcat) attacked Morgan Bickerson (catratcat) with kitchen knife (INTENT: HELP) (DAMTYE: BRUTE)</font>
[00:38:12]ATTACK: <font color='red'>Morgan Bickerson (catratcat) attacked Morgan Bickerson (catratcat) with screwdriver (INTENT: HELP) (DAMTYE: BRUTE)</font>
[00:38:30]ATTACK: <font color='red'>Morgan Bickerson (catratcat) attacked Morgan Bickerson (catratcat) with screwdriver (INTENT: HELP) (DAMTYE: BRUTE)</font>
[00:38:46]ATTACK: <font color='red'>Morgan Bickerson (catratcat) attacked Morgan Bickerson (catratcat) with screwdriver (INTENT: HELP) (DAMTYE: BRUTE)</font>
[00:38:52]ATTACK: <font color='red'>Morgan Bickerson (catratcat) attacked Morgan Bickerson (catratcat) with screwdriver (INTENT: HELP) (DAMTYE: BRUTE)</font>


Starting up. 00:45.08
---------------------

[00:46:27]ATTACK: <font color='red'>The human (catratcat) shot Morgan Bickerson () with a the Bullet</font>
[00:47:10]ATTACK: <font color='red'>Morgan Bickerson (catratcat) attacked Morgan Bickerson (catratcat) with kitchen knife (INTENT: HELP) (DAMTYE: BRUTE)</font>
[00:49:31]ATTACK: <font color='red'>Morgan Bickerson (catratcat) attacked Morgan Bickerson (catratcat) with kitchen knife (INTENT: HELP) (DAMTYE: BRUTE)</font>
[00:50:52]ATTACK: <font color='red'>Morgan Bickerson (catratcat) attacked Morgan Bickerson (catratcat) with hammer (INTENT: HELP) (DAMTYE: BRUTE)</font>
[00:50:55]ATTACK: <font color='red'>Morgan Bickerson (catratcat) attacked Morgan Bickerson (catratcat) with hammer (INTENT: HELP) (DAMTYE: BRUTE)</font>
[00:50:57]ATTACK: <font color='red'>Morgan Bickerson (catratcat) attacked Morgan Bickerson (catratcat) with hammer (INTENT: HELP) (DAMTYE: BRUTE)</font>
[00:51:07]ATTACK: <font color='red'>Morgan Bickerson (catratcat) attacked Morgan Bickerson (catratcat) with hammer (INTENT: HELP) (DAMTYE: BRUTE)</font>
[00:51:10]ATTACK: <font color='red'>Morgan Bickerson (catratcat) attacked Morgan Bickerson (catratcat) with hammer (INTENT: HELP) (DAMTYE: BRUTE)</font>
[00:51:27]ATTACK: <font color='red'>Morgan Bickerson (catratcat) attacked Morgan Bickerson (catratcat) with hammer (INTENT: HELP) (DAMTYE: BRUTE)</font>
[00:51:31]ATTACK: <font color='red'>Morgan Bickerson (catratcat) attacked Morgan Bickerson (catratcat) with hammer (INTENT: HELP) (DAMTYE: BRUTE)</font>
[00:51:52]ATTACK: <font color='red'>Morgan Bickerson (catratcat) attacked Morgan Bickerson (catratcat) with hammer (INTENT: HELP) (DAMTYE: BRUTE)</font>
[00:51:56]ATTACK: <font color='red'>Morgan Bickerson (catratcat) attacked Morgan Bickerson (catratcat) with hammer (INTENT: HELP) (DAMTYE: BRUTE)</font>
[00:52:18]ATTACK: <font color='red'>Morgan Bickerson (catratcat) attacked Morgan Bickerson (catratcat) with hammer (INTENT: HELP) (DAMTYE: BRUTE)</font>
[00:52:22]ATTACK: <font color='red'>Morgan Bickerson (catratcat) attacked Morgan Bickerson (catratcat) with hammer (INTENT: HELP) (DAMTYE: BRUTE)</font>
[00:52:24]ATTACK: <font color='red'>Morgan Bickerson (catratcat) attacked Morgan Bickerson (catratcat) with hammer (INTENT: HELP) (DAMTYE: BRUTE)</font>
[00:52:25]ATTACK: <font color='red'>Morgan Bickerson (catratcat) attacked Morgan Bickerson (catratcat) with hammer (INTENT: HELP) (DAMTYE: BRUTE)</font>
[00:53:02]ATTACK: <font color='red'>Morgan Bickerson (catratcat) attacked Morgan Bickerson (catratcat) with Smith-W (INTENT: HELP) (DAMTYE: BRUTE)</font>
[00:54:33]ATTACK: <font color='red'>Morgan Bickerson (catratcat) punched Morgan Bickerson (catratcat)</font>
[00:57:37]ATTACK: <font color='red'>Morgan Bickerson (catratcat) attacked Morgan Bickerson (catratcat) with Handy MK2 (INTENT: HELP) (DAMTYE: BRUTE)</font>
[00:58:49]ATTACK: <font color='red'>Morgan Bickerson (catratcat) attacked Morgan Bickerson (catratcat) with hammer (INTENT: HELP) (DAMTYE: BRUTE)</font>
[00:58:51]ATTACK: <font color='red'>Morgan Bickerson (catratcat) attacked Morgan Bickerson (catratcat) with hammer (INTENT: HELP) (DAMTYE: BRUTE)</font>
[00:58:52]ATTACK: <font color='red'>Morgan Bickerson (catratcat) attacked Morgan Bickerson (catratcat) with hammer (INTENT: HELP) (DAMTYE: BRUTE)</font>
[01:00:16]ATTACK: <font color='red'>Morgan Bickerson (catratcat) punched Morgan Bickerson (catratcat)</font>


Starting up. 14:26.16
---------------------



Starting up. 14:52.59
---------------------



Starting up. 16:13.23
---------------------



Starting up. 16:23.49
---------------------



Starting up. 16:30.07
---------------------



Starting up. 16:45.04
---------------------



Starting up. 16:58.06
---------------------



Starting up. 17:04.00
---------------------



Starting up. 17:08.07
---------------------



Starting up. 17:45.33
---------------------



Starting up. 21:41.26
---------------------

[21:46:01]ATTACK: <font color='red'>Morgan Bickerson (catratcat) attacked human () with kitchen knife (INTENT: HELP) (DAMTYE: BRUTE)</font>
[21:46:27]ATTACK: <font color='red'>Morgan Bickerson (catratcat) attacked human () with kitchen knife (INTENT: HELP) (DAMTYE: BRUTE)</font>
[21:46:36]ATTACK: <font color='red'>Morgan Bickerson (catratcat) attacked human () with kitchen knife (INTENT: HELP) (DAMTYE: BRUTE)</font>
[21:46:37]ATTACK: <font color='red'>Morgan Bickerson (catratcat) attacked human () with kitchen knife (INTENT: HELP) (DAMTYE: BRUTE)</font>
[21:46:40]ATTACK: <font color='red'>Morgan Bickerson (catratcat) attacked Unknown () with kitchen knife (INTENT: HELP) (DAMTYE: BRUTE)</font>
[21:46:57]ATTACK: <font color='red'>Morgan Bickerson (catratcat) attacked Morgan Bickerson (catratcat) with kitchen knife (INTENT: HELP) (DAMTYE: BRUTE)</font>
[21:47:01]ATTACK: <font color='red'>Morgan Bickerson (catratcat) attacked Morgan Bickerson (catratcat) with kitchen knife (INTENT: HELP) (DAMTYE: BRUTE)</font>
[21:47:08]ATTACK: <font color='red'>Morgan Bickerson (catratcat) attacked Morgan Bickerson (catratcat) with kitchen knife (INTENT: HELP) (DAMTYE: BRUTE)</font>
[21:47:10]ATTACK: <font color='red'>Morgan Bickerson (catratcat) attacked Morgan Bickerson (catratcat) with kitchen knife (INTENT: HELP) (DAMTYE: BRUTE)</font>
[21:47:13]ATTACK: <font color='red'>Morgan Bickerson (catratcat) attacked Morgan Bickerson (catratcat) with kitchen knife (INTENT: HELP) (DAMTYE: BRUTE)</font>
[21:47:16]ATTACK: <font color='red'>Morgan Bickerson (catratcat) attacked Morgan Bickerson (catratcat) with kitchen knife (INTENT: HELP) (DAMTYE: BRUTE)</font>
[21:47:29]ATTACK: <font color='red'>Morgan Bickerson (catratcat) attacked Morgan Bickerson (catratcat) with kitchen knife (INTENT: HELP) (DAMTYE: BRUTE)</font>
[21:50:23]ATTACK: <font color='red'>Morgan Bickerson (catratcat) primed a frag grenade.</font>
[21:50:44]ATTACK: <font color='red'>Morgan Bickerson (catratcat) primed a frag grenade.</font>
[21:51:12]ATTACK: <font color='red'>Morgan Bickerson (catratcat) primed a frag grenade.</font>


Starting up. 22:34.59
---------------------

[22:35:34]ATTACK: <font color='red'>Morgan Bickerson (catratcat) primed a frag grenade.</font>
[22:36:58]ATTACK: <font color='red'>Morgan Bickerson (catratcat) attacked Morgan Bickerson (catratcat) with kitchen knife (INTENT: HELP) (DAMTYE: BRUTE)</font>
[22:37:05]ATTACK: <font color='red'>Morgan Bickerson (catratcat) attacked human () with kitchen knife (INTENT: HELP) (DAMTYE: BRUTE)</font>
[22:37:08]ATTACK: <font color='red'>Morgan Bickerson (catratcat) attacked human () with kitchen knife (INTENT: HELP) (DAMTYE: BRUTE)</font>
[22:37:12]ATTACK: <font color='red'>Morgan Bickerson (catratcat) attacked human () with kitchen knife (INTENT: HELP) (DAMTYE: BRUTE)</font>
[22:37:14]ATTACK: <font color='red'>Morgan Bickerson (catratcat) attacked human () with kitchen knife (INTENT: HELP) (DAMTYE: BRUTE)</font>
[22:37:17]ATTACK: <font color='red'>Morgan Bickerson (catratcat) attacked human () with kitchen knife (INTENT: HELP) (DAMTYE: BRUTE)</font>
[22:37:19]ATTACK: <font color='red'>Morgan Bickerson (catratcat) attacked human () with kitchen knife (INTENT: HELP) (DAMTYE: BRUTE)</font>
[22:37:20]ATTACK: <font color='red'>Morgan Bickerson (catratcat) attacked human () with kitchen knife (INTENT: HELP) (DAMTYE: BRUTE)</font>
[22:37:21]ATTACK: <font color='red'>Morgan Bickerson (catratcat) attacked human () with kitchen knife (INTENT: HELP) (DAMTYE: BRUTE)</font>
[22:37:29]ATTACK: <font color='red'>Morgan Bickerson (catratcat) attacked Morgan Bickerson (catratcat) with kitchen knife (INTENT: HELP) (DAMTYE: BRUTE)</font>
[22:37:31]ATTACK: <font color='red'>Morgan Bickerson (catratcat) attacked Morgan Bickerson (catratcat) with kitchen knife (INTENT: HELP) (DAMTYE: BRUTE)</font>
[22:37:32]ATTACK: <font color='red'>Morgan Bickerson (catratcat) attacked Morgan Bickerson (catratcat) with kitchen knife (INTENT: HELP) (DAMTYE: BRUTE)</font>
[22:37:34]ATTACK: <font color='red'>Morgan Bickerson (catratcat) attacked Morgan Bickerson (catratcat) with kitchen knife (INTENT: HELP) (DAMTYE: BRUTE)</font>
[22:37:35]ATTACK: <font color='red'>Morgan Bickerson (catratcat) attacked Morgan Bickerson (catratcat) with kitchen knife (INTENT: HELP) (DAMTYE: BRUTE)</font>
[22:37:36]ATTACK: <font color='red'>Morgan Bickerson (catratcat) attacked Morgan Bickerson (catratcat) with kitchen knife (INTENT: HELP) (DAMTYE: BRUTE)</font>
[22:37:39]ATTACK: <font color='red'>Morgan Bickerson (catratcat) attacked Morgan Bickerson (catratcat) with kitchen knife (INTENT: HELP) (DAMTYE: BRUTE)</font>
[22:37:40]ATTACK: <font color='red'>Morgan Bickerson (catratcat) attacked Morgan Bickerson (catratcat) with kitchen knife (INTENT: HELP) (DAMTYE: BRUTE)</font>
[22:37:41]ATTACK: <font color='red'>Morgan Bickerson (catratcat) attacked Morgan Bickerson (catratcat) with kitchen knife (INTENT: HELP) (DAMTYE: BRUTE)</font>
[22:37:42]ATTACK: <font color='red'>Morgan Bickerson (catratcat) attacked Morgan Bickerson (catratcat) with kitchen knife (INTENT: HELP) (DAMTYE: BRUTE)</font>
[22:37:44]ATTACK: <font color='red'>Morgan Bickerson (catratcat) attacked Morgan Bickerson (catratcat) with kitchen knife (INTENT: HELP) (DAMTYE: BRUTE)</font>
[22:37:47]ATTACK: <font color='red'>Morgan Bickerson (catratcat) attacked Morgan Bickerson (catratcat) with kitchen knife (INTENT: HELP) (DAMTYE: BRUTE)</font>
[22:37:50]ATTACK: <font color='red'>Morgan Bickerson (catratcat) attacked Morgan Bickerson (catratcat) with kitchen knife (INTENT: HURT) (DAMTYE: BRUTE)</font>
[22:37:52]ATTACK: <font color='red'>Morgan Bickerson (catratcat) attacked Morgan Bickerson (catratcat) with kitchen knife (INTENT: HURT) (DAMTYE: BRUTE)</font>
[22:37:53]ATTACK: <font color='red'>Morgan Bickerson (catratcat) attacked Morgan Bickerson (catratcat) with kitchen knife (INTENT: HURT) (DAMTYE: BRUTE)</font>
[22:37:54]ATTACK: <font color='red'>Morgan Bickerson (catratcat) attacked Morgan Bickerson (catratcat) with kitchen knife (INTENT: HURT) (DAMTYE: BRUTE)</font>
[22:37:56]ATTACK: <font color='red'>Morgan Bickerson (catratcat) attacked Morgan Bickerson (catratcat) with kitchen knife (INTENT: HURT) (DAMTYE: BRUTE)</font>
[22:37:57]ATTACK: <font color='red'>Morgan Bickerson (catratcat) attacked Morgan Bickerson (catratcat) with kitchen knife (INTENT: HURT) (DAMTYE: BRUTE)</font>
[22:37:58]ATTACK: <font color='red'>Morgan Bickerson (catratcat) attacked Morgan Bickerson (catratcat) with kitchen knife (INTENT: HURT) (DAMTYE: BRUTE)</font>
[22:37:59]ATTACK: <font color='red'>Morgan Bickerson (catratcat) attacked Morgan Bickerson (catratcat) with kitchen knife (INTENT: HURT) (DAMTYE: BRUTE)</font>
[22:38:02]ATTACK: <font color='red'>Morgan Bickerson (catratcat) attacked Morgan Bickerson (catratcat) with kitchen knife (INTENT: HURT) (DAMTYE: BRUTE)</font>


Starting up. 22:50.18
---------------------

[22:50:56]ATTACK: <font color='red'>Morgan Bickerson (catratcat) primed a frag grenade.</font>
[22:53:29]ATTACK: <font color='red'>Morgan Bickerson (catratcat) attacked Morgan Bickerson (catratcat) with kitchen knife (INTENT: HELP) (DAMTYE: BRUTE)</font>


Starting up. 23:16.41
---------------------

[23:19:47]ATTACK: <font color='red'>The human (catratcat) shot Morgan Bickerson () with a the lead</font>
