

Starting up. 00:16.28
---------------------

[00:16:28]ADMIN: Loading jobban_rank
[00:16:28]ADMIN: jobban_keylist was empty
[00:16:28]ADMIN: Updating jobbanfile!
[00:16:28]ADMIN: Loading Banlist
Reading donators.txt
[00:16:54]ACCESS: Login: Catratcat/(Catratcat) from 127.0.0.1-3781439013 || BYOND v498
[00:16:54]ACCESS: Login: Catratcat/(Catratcat) from 127.0.0.1
[00:17:03]ADMIN: Catratcat has started the game.
[00:17:04]ACCESS: Logout: *no client*/(Catratcat)
[00:17:04]ACCESS: Login: Catratcat/(Morgan Bickerson) from 127.0.0.1-3781439013 || BYOND v498
[00:17:16]ADMIN: Catratcat/(Morgan Bickerson) created a /mob/living/carbon/human
[00:17:31]ADMIN: ATTACK: Morgan Bickerson (catratcat) shot the human () with the Bullet.
[00:17:33]EMOTE: human/ : <B>The human</B> screams!
[00:17:44]ADMIN: Catratcat/(Morgan Bickerson) dealt -70 amount of brute damage to the human 
[00:18:41]ADMIN: ATTACK: Morgan Bickerson (catratcat) attacked the human () with the kitchen knife.
[00:19:18]EMOTE: human/ : <B>The human</B> is having trouble keeping their eyes open.
[00:19:28]ACCESS: Logout: Catratcat/(Morgan Bickerson)


Starting up. 00:32.04
---------------------

[00:32:04]ADMIN: Loading jobban_rank
[00:32:04]ADMIN: jobban_keylist was empty
[00:32:04]ADMIN: Updating jobbanfile!
[00:32:04]ADMIN: Loading Banlist
Reading donators.txt
[00:32:19]ACCESS: Login: Catratcat/(Catratcat) from 127.0.0.1-3781439013 || BYOND v498
[00:32:19]ACCESS: Login: Catratcat/(Catratcat) from 127.0.0.1
[00:32:24]ADMIN: Catratcat has started the game.
[00:32:25]ACCESS: Logout: *no client*/(Catratcat)
[00:32:25]ACCESS: Login: Catratcat/(Morgan Bickerson) from 127.0.0.1-3781439013 || BYOND v498
[00:32:34]ADMIN: Catratcat/(Morgan Bickerson) changed the equipment of Catratcat/(Morgan Bickerson) to arcology combat.
[00:32:43]ADMIN: Catratcat/(Morgan Bickerson) changed the equipment of Catratcat/(Morgan Bickerson) to metropolis police.
[00:33:09]ADMIN: ATTACK: Morgan Bickerson (catratcat) attacked Morgan Bickerson (catratcat) with the Smith-W.
[00:33:41]ADMIN: ATTACK: Morgan Bickerson (catratcat) shot Morgan Bickerson (catratcat) point blank with the Smith-W.
[00:33:42]EMOTE: Morgan Bickerson/Catratcat : <B>Morgan Bickerson</B> screams!
[00:33:43]EMOTE: Morgan Bickerson/Catratcat : <B>Morgan Bickerson</B> screams!
[00:33:53]ADMIN: Catratcat/(Morgan Bickerson) dealt -75 amount of brute damage to Morgan Bickerson 
[00:34:32]ADMIN: Catratcat/(Morgan Bickerson) healed / revived Catratcat/(Morgan Bickerson)
[00:34:40]ADMIN: Catratcat/(Morgan Bickerson) created a /mob/living/carbon/human
[00:34:46]ACCESS: Logout: *no client*/(Morgan Bickerson)
[00:34:46]ACCESS: Login: catratcat/(human) from 127.0.0.1-3781439013 || BYOND v498
[00:34:46]ADMIN: *no client*/(Morgan Bickerson) assumed direct control of the human.
[00:34:51]EMOTE: Morgan Bickerson/ : <B>Morgan Bickerson</B> snores.
[00:34:52]ADMIN: ATTACK: the human (catratcat) shot Morgan Bickerson () with the Bullet.
[00:34:54]EMOTE: Morgan Bickerson/ : <B>Morgan Bickerson</B> screams!
[00:35:01]ACCESS: Logout: *no client*/(human)
[00:35:01]ACCESS: Login: catratcat/(Morgan Bickerson) from 127.0.0.1-3781439013 || BYOND v498
[00:35:01]ADMIN: *no client*/(human) assumed direct control of Morgan Bickerson.
[00:35:03]EMOTE: human/ : <B>The human</B> snores.
[00:35:18]EMOTE: human/ : <B>The human</B> snores.
[00:35:21]EMOTE: human/ : <B>The human</B> snores.
[00:35:22]EMOTE: human/ : <B>The human</B> snores.
[00:35:34]ADMIN: ATTACK: Morgan Bickerson (catratcat) punched Morgan Bickerson (catratcat).
[00:36:10]ADMIN: ATTACK: Morgan Bickerson (catratcat) attacked Morgan Bickerson (catratcat) with the kitchen knife.
[00:36:22]ADMIN: ATTACK: Morgan Bickerson (catratcat) attacked Morgan Bickerson (catratcat) with the kitchen knife.
[00:36:40]EMOTE: human/ : <B>The human</B> snores.
[00:36:48]EMOTE: human/ : <B>The human</B> snores.
[00:36:55]ADMIN: ATTACK: Morgan Bickerson (catratcat) attacked Morgan Bickerson (catratcat) with the kitchen knife.
[00:36:59]EMOTE: human/ : <B>The human</B> snores.
[00:37:19]ADMIN: catratcat/(Morgan Bickerson) healed / revived catratcat/(Morgan Bickerson)
[00:37:21]EMOTE: human/ : <B>The human</B> snores.
[00:37:23]ADMIN: ATTACK: Morgan Bickerson (catratcat) attacked Morgan Bickerson (catratcat) with the kitchen knife.
[00:37:23]EMOTE: human/ : <B>The human</B> snores.
[00:37:43]EMOTE: human/ : <B>The human</B> snores.
[00:37:50]EMOTE: human/ : <B>The human</B> snores.
[00:38:00]EMOTE: human/ : <B>The human</B> snores.
[00:38:05]EMOTE: human/ : <B>The human</B> snores.
[00:38:07]EMOTE: human/ : <B>The human</B> snores.
[00:38:12]ADMIN: ATTACK: Morgan Bickerson (catratcat) attacked Morgan Bickerson (catratcat) with the screwdriver.
[00:38:24]EMOTE: human/ : <B>The human</B> snores.
[00:38:28]EMOTE: human/ : <B>The human</B> snores.
[00:38:30]ADMIN: ATTACK: Morgan Bickerson (catratcat) attacked Morgan Bickerson (catratcat) with the screwdriver.
[00:38:32]EMOTE: human/ : <B>The human</B> snores.
[00:38:33]EMOTE: human/ : <B>The human</B> snores.
[00:38:44]EMOTE: human/ : <B>The human</B> snores.
[00:38:45]ADMIN: catratcat/(Morgan Bickerson) healed / revived catratcat/(Morgan Bickerson)
[00:38:46]ADMIN: ATTACK: Morgan Bickerson (catratcat) attacked Morgan Bickerson (catratcat) with the screwdriver.
[00:38:52]ADMIN: ATTACK: Morgan Bickerson (catratcat) attacked Morgan Bickerson (catratcat) with the screwdriver.
[00:38:54]EMOTE: human/ : <B>The human</B> snores.
[00:38:57]EMOTE: Morgan Bickerson/catratcat : <B>Morgan Bickerson</B> screams!
[00:39:00]ACCESS: Logout: catratcat/(Morgan Bickerson)


Starting up. 00:45.08
---------------------

[00:45:08]ADMIN: Loading jobban_rank
[00:45:08]ADMIN: jobban_keylist was empty
[00:45:08]ADMIN: Updating jobbanfile!
[00:45:08]ADMIN: Loading Banlist
Reading donators.txt
[00:45:18]ACCESS: Login: Catratcat/(Catratcat) from 127.0.0.1-3781439013 || BYOND v498
[00:45:18]ACCESS: Login: Catratcat/(Catratcat) from 127.0.0.1
[00:45:23]ADMIN: Catratcat has started the game.
[00:45:23]ACCESS: Logout: *no client*/(Catratcat)
[00:45:23]ACCESS: Login: Catratcat/(Morgan Bickerson) from 127.0.0.1-3781439013 || BYOND v498
[00:45:58]ADMIN: Catratcat/(Morgan Bickerson) created a /mob/living/carbon/human
[00:46:09]ACCESS: Logout: *no client*/(Morgan Bickerson)
[00:46:09]ACCESS: Login: catratcat/(human) from 127.0.0.1-3781439013 || BYOND v498
[00:46:09]ADMIN: *no client*/(Morgan Bickerson) assumed direct control of the human.
[00:46:27]ADMIN: ATTACK: the human (catratcat) shot Morgan Bickerson () with the Bullet.
[00:46:29]EMOTE: Morgan Bickerson/ : <B>Morgan Bickerson</B> screams!
[00:46:33]ACCESS: Logout: *no client*/(human)
[00:46:33]ACCESS: Login: catratcat/(Morgan Bickerson) from 127.0.0.1-3781439013 || BYOND v498
[00:46:33]ADMIN: *no client*/(human) assumed direct control of Morgan Bickerson.
[00:46:43]EMOTE: human/ : <B>The human</B> snores.
[00:46:44]EMOTE: human/ : <B>The human</B> snores.
[00:46:46]EMOTE: human/ : <B>The human</B> snores.
[00:47:10]ADMIN: ATTACK: Morgan Bickerson (catratcat) attacked Morgan Bickerson (catratcat) with the kitchen knife.
[00:47:14]EMOTE: human/ : <B>The human</B> snores.
[00:47:18]EMOTE: human/ : <B>The human</B> snores.
[00:47:28]EMOTE: Morgan Bickerson/catratcat : <B>Morgan Bickerson</B> is having trouble keeping their eyes open.
[00:47:29]EMOTE: human/ : <B>The human</B> snores.
[00:47:39]EMOTE: human/ : <B>The human</B> snores.
[00:47:44]EMOTE: human/ : <B>The human</B> snores.
[00:48:01]EMOTE: human/ : <B>The human</B> snores.
[00:48:16]EMOTE: human/ : <B>The human</B> snores.
[00:48:17]ADMIN: catratcat/(Morgan Bickerson) created a /obj/item/stack/medical/splint
[00:48:20]ADMIN: catratcat/(Morgan Bickerson) created a /obj/item/stack/medical/splint/single
[00:48:35]ADMIN: catratcat/(Morgan Bickerson) created a /obj/item/stack/medical/advanced
[00:48:37]ADMIN: catratcat/(Morgan Bickerson) created a /obj/item/stack/medical/advanced/bruise_pack
[00:48:40]ADMIN: catratcat/(Morgan Bickerson) created a /obj/item/stack/medical/advanced
[00:48:45]ADMIN: catratcat/(Morgan Bickerson) deleted the medical pack at (43,59,1)
[00:48:51]EMOTE: human/ : <B>The human</B> snores.
[00:49:03]EMOTE: human/ : <B>The human</B> snores.
[00:49:08]EMOTE: human/ : <B>The human</B> snores.
[00:49:27]EMOTE: human/ : <B>The human</B> snores.
[00:49:30]EMOTE: human/ : <B>The human</B> snores.
[00:49:31]ADMIN: ATTACK: Morgan Bickerson (catratcat) attacked Morgan Bickerson (catratcat) with the kitchen knife.
[00:49:45]EMOTE: human/ : <B>The human</B> snores.
[00:49:57]EMOTE: human/ : <B>The human</B> snores.
[00:50:37]EMOTE: human/ : <B>The human</B> snores.
[00:50:52]ADMIN: ATTACK: Morgan Bickerson (catratcat) attacked Morgan Bickerson (catratcat) with the hammer.
[00:50:53]EMOTE: human/ : <B>The human</B> snores.
[00:50:54]EMOTE: Morgan Bickerson/catratcat : <B>Morgan Bickerson</B> screams!
[00:50:55]ADMIN: ATTACK: Morgan Bickerson (catratcat) attacked Morgan Bickerson (catratcat) with the hammer.
[00:50:57]ADMIN: ATTACK: Morgan Bickerson (catratcat) attacked Morgan Bickerson (catratcat) with the hammer.
[00:51:02]EMOTE: human/ : <B>The human</B> snores.
[00:51:03]ADMIN: catratcat/(Morgan Bickerson) healed / revived catratcat/(Morgan Bickerson)
[00:51:07]ADMIN: ATTACK: Morgan Bickerson (catratcat) attacked Morgan Bickerson (catratcat) with the hammer.
[00:51:09]EMOTE: Morgan Bickerson/catratcat : <B>Morgan Bickerson</B> screams!
[00:51:10]ADMIN: ATTACK: Morgan Bickerson (catratcat) attacked Morgan Bickerson (catratcat) with the hammer.
[00:51:11]EMOTE: Morgan Bickerson/catratcat : <B>Morgan Bickerson</B> screams!
[00:51:14]EMOTE: human/ : <B>The human</B> snores.
[00:51:21]EMOTE: human/ : <B>The human</B> snores.
[00:51:27]ADMIN: ATTACK: Morgan Bickerson (catratcat) attacked Morgan Bickerson (catratcat) with the hammer.
[00:51:28]EMOTE: Morgan Bickerson/catratcat : <B>Morgan Bickerson</B> screams!
[00:51:31]ADMIN: ATTACK: Morgan Bickerson (catratcat) attacked Morgan Bickerson (catratcat) with the hammer.
[00:51:32]EMOTE: Morgan Bickerson/catratcat : <B>Morgan Bickerson</B> screams!
[00:51:33]EMOTE: Morgan Bickerson/catratcat : <B>Morgan Bickerson</B> screams!
[00:51:35]EMOTE: human/ : <B>The human</B> snores.
[00:51:52]ADMIN: ATTACK: Morgan Bickerson (catratcat) attacked Morgan Bickerson (catratcat) with the hammer.
[00:51:53]EMOTE: Morgan Bickerson/catratcat : <B>Morgan Bickerson</B> screams!
[00:51:54]EMOTE: Morgan Bickerson/catratcat : <B>Morgan Bickerson</B> screams!
[00:51:55]EMOTE: human/ : <B>The human</B> snores.
[00:51:56]ADMIN: ATTACK: Morgan Bickerson (catratcat) attacked Morgan Bickerson (catratcat) with the hammer.
[00:51:57]EMOTE: Morgan Bickerson/catratcat : <B>Morgan Bickerson</B> screams!
[00:51:58]EMOTE: Morgan Bickerson/catratcat : <B>Morgan Bickerson</B> screams!
[00:52:02]EMOTE: Morgan Bickerson/catratcat : <B>Morgan Bickerson</B> is having trouble keeping their eyes open.
[00:52:03]ADMIN: catratcat/(Morgan Bickerson) healed / revived catratcat/(Morgan Bickerson)
[00:52:15]ADMIN: Catratcat/(Morgan Bickerson) modified hammer's force to 50
[00:52:18]ADMIN: ATTACK: Morgan Bickerson (catratcat) attacked Morgan Bickerson (catratcat) with the hammer.
[00:52:22]ADMIN: ATTACK: Morgan Bickerson (catratcat) attacked Morgan Bickerson (catratcat) with the hammer.
[00:52:24]EMOTE: Morgan Bickerson/catratcat : <B>Morgan Bickerson</B> screams!
[00:52:24]ADMIN: ATTACK: Morgan Bickerson (catratcat) attacked Morgan Bickerson (catratcat) with the hammer.
[00:52:25]EMOTE: Morgan Bickerson/catratcat : <B>Morgan Bickerson</B> screams!
[00:52:25]ADMIN: ATTACK: Morgan Bickerson (catratcat) attacked Morgan Bickerson (catratcat) with the hammer.
[00:52:26]EMOTE: Morgan Bickerson/catratcat : <B>Morgan Bickerson</B> screams!
[00:52:27]EMOTE: Morgan Bickerson/catratcat : <B>Morgan Bickerson</B> screams!
[00:52:44]ADMIN: catratcat/(Morgan Bickerson) healed / revived catratcat/(Morgan Bickerson)
[00:52:47]EMOTE: human/ : <B>The human</B> snores.
[00:52:53]ADMIN: catratcat/(Morgan Bickerson) changed the equipment of catratcat/(Morgan Bickerson) to metropolis police.
[00:53:00]EMOTE: human/ : <B>The human</B> snores.
[00:53:02]ADMIN: ATTACK: Morgan Bickerson (catratcat) attacked Morgan Bickerson (catratcat) with the Smith-W.
[00:53:06]ADMIN: ATTACK: Morgan Bickerson (catratcat) shot Morgan Bickerson (catratcat) point blank with the Smith-W.
[00:53:08]EMOTE: Morgan Bickerson/catratcat : <B>Morgan Bickerson</B> screams!
[00:53:09]EMOTE: Morgan Bickerson/catratcat : <B>Morgan Bickerson</B> screams!
[00:53:28]ADMIN: catratcat/(Morgan Bickerson) dealt -20 amount of brute damage to Morgan Bickerson 
[00:53:48]ADMIN: catratcat/(Morgan Bickerson) dealt -20 amount of brute damage to Morgan Bickerson 
[00:53:53]EMOTE: human/ : <B>The human</B> snores.
[00:54:11]EMOTE: human/ : <B>The human</B> snores.
[00:54:33]ADMIN: ATTACK: Morgan Bickerson (catratcat) punched Morgan Bickerson (catratcat).
[00:54:43]EMOTE: human/ : <B>The human</B> snores.
[00:54:44]EMOTE: human/ : <B>The human</B> snores.
[00:54:46]ADMIN: ATTACK: Morgan Bickerson (catratcat) shot Morgan Bickerson (catratcat) point blank with the Smith-W.
[00:54:47]EMOTE: human/ : <B>The human</B> snores.
[00:54:47]EMOTE: Morgan Bickerson/catratcat : <B>Morgan Bickerson</B> screams!
[00:54:48]EMOTE: Morgan Bickerson/catratcat : <B>Morgan Bickerson</B> screams!
[00:54:55]EMOTE: human/ : <B>The human</B> snores.
[00:55:01]EMOTE: human/ : <B>The human</B> snores.
[00:55:02]ADMIN: catratcat/(Morgan Bickerson) dealt -50 amount of brute damage to Morgan Bickerson 
[00:55:21]EMOTE: human/ : <B>The human</B> snores.
[00:55:31]EMOTE: human/ : <B>The human</B> snores.
[00:55:37]EMOTE: human/ : <B>The human</B> snores.
[00:55:39]ADMIN: catratcat/(Morgan Bickerson) healed / revived catratcat/(Morgan Bickerson)
[00:55:50]EMOTE: human/ : <B>The human</B> snores.
[00:55:56]EMOTE: human/ : <B>The human</B> snores.
[00:56:03]EMOTE: human/ : <B>The human</B> snores.
[00:56:18]ADMIN: ATTACK: Morgan Bickerson (catratcat) shot Morgan Bickerson (catratcat) point blank with the Handy MK2.
[00:56:20]EMOTE: Morgan Bickerson/catratcat : <B>Morgan Bickerson</B> screams!
[00:56:21]EMOTE: Morgan Bickerson/catratcat : <B>Morgan Bickerson</B> screams!
[00:56:32]EMOTE: human/ : <B>The human</B> snores.
[00:56:36]ADMIN: catratcat/(Morgan Bickerson) dealt -80 amount of brute damage to Morgan Bickerson 
[00:56:37]EMOTE: human/ : <B>The human</B> snores.
[00:56:44]EMOTE: human/ : <B>The human</B> snores.
[00:56:47]EMOTE: human/ : <B>The human</B> snores.
[00:56:55]EMOTE: human/ : <B>The human</B> snores.
[00:56:56]EMOTE: human/ : <B>The human</B> snores.
[00:56:58]EMOTE: human/ : <B>The human</B> snores.
[00:57:07]EMOTE: human/ : <B>The human</B> snores.
[00:57:11]EMOTE: human/ : <B>The human</B> snores.
[00:57:14]EMOTE: human/ : <B>The human</B> snores.
[00:57:34]EMOTE: human/ : <B>The human</B> snores.
[00:57:37]ADMIN: ATTACK: Morgan Bickerson (catratcat) attacked Morgan Bickerson (catratcat) with the Handy MK2.
[00:57:38]EMOTE: human/ : <B>The human</B> snores.
[00:57:42]EMOTE: Morgan Bickerson/catratcat : <B>Morgan Bickerson</B> screams!
[00:57:42]ADMIN: ATTACK: Morgan Bickerson (catratcat) shot Morgan Bickerson (catratcat) point blank with the Handy MK2.
[00:57:43]EMOTE: Morgan Bickerson/catratcat : <B>Morgan Bickerson</B> screams!
[00:57:55]ADMIN: catratcat/(Morgan Bickerson) dealt -70 amount of brute damage to Morgan Bickerson 
[00:57:55]EMOTE: human/ : <B>The human</B> snores.
[00:57:56]EMOTE: human/ : <B>The human</B> snores.
[00:58:00]EMOTE: human/ : <B>The human</B> snores.
[00:58:03]EMOTE: human/ : <B>The human</B> snores.
[00:58:07]EMOTE: human/ : <B>The human</B> snores.
[00:58:38]EMOTE: human/ : <B>The human</B> snores.
[00:58:49]ADMIN: ATTACK: Morgan Bickerson (catratcat) attacked Morgan Bickerson (catratcat) with the hammer.
[00:58:51]EMOTE: human/ : <B>The human</B> snores.
[00:58:51]ADMIN: ATTACK: Morgan Bickerson (catratcat) attacked Morgan Bickerson (catratcat) with the hammer.
[00:58:52]EMOTE: human/ : <B>The human</B> snores.
[00:58:52]ADMIN: ATTACK: Morgan Bickerson (catratcat) attacked Morgan Bickerson (catratcat) with the hammer.
[00:58:53]EMOTE: Morgan Bickerson/catratcat : <B>Morgan Bickerson</B> screams!
[00:58:54]EMOTE: Morgan Bickerson/catratcat : <B>Morgan Bickerson</B> screams!
[00:58:58]EMOTE: human/ : <B>The human</B> snores.
[00:58:59]EMOTE: human/ : <B>The human</B> snores.
[00:59:13]EMOTE: human/ : <B>The human</B> snores.
[00:59:22]ADMIN: Catratcat/(Morgan Bickerson) modified [0x210034bf] (r_arm)'s brute_dam to 80
[00:59:24]EMOTE: human/ : <B>The human</B> snores.
[00:59:36]ADMIN: Catratcat/(Morgan Bickerson) modified [0x210034bf] (r_arm)'s min_broken_damage to 10
[00:59:38]EMOTE: human/ : <B>The human</B> snores.
[00:59:50]ADMIN: catratcat/(Morgan Bickerson) dealt -30 amount of brute damage to Morgan Bickerson 
[00:59:54]EMOTE: human/ : <B>The human</B> snores.
[00:59:55]EMOTE: human/ : <B>The human</B> snores.
[01:00:04]EMOTE: human/ : <B>The human</B> snores.
[01:00:06]EMOTE: human/ : <B>The human</B> snores.
[01:00:07]EMOTE: human/ : <B>The human</B> snores.
[01:00:08]EMOTE: human/ : <B>The human</B> snores.
[01:00:15]EMOTE: human/ : <B>The human</B> snores.
[01:00:16]ADMIN: ATTACK: Morgan Bickerson (catratcat) punched Morgan Bickerson (catratcat).
[01:00:16]EMOTE: Morgan Bickerson/catratcat : <B>Morgan Bickerson</B> screams!
[01:00:23]EMOTE: Morgan Bickerson/catratcat : <B>Morgan Bickerson</B> screams!
[01:00:23]EMOTE: human/ : <B>The human</B> snores.
[01:00:24]EMOTE: Morgan Bickerson/catratcat : <B>Morgan Bickerson</B> screams!
[01:00:24]ADMIN: ATTACK: Morgan Bickerson (catratcat) shot Morgan Bickerson (catratcat) point blank with the Handy MK2.
[01:00:24]EMOTE: Morgan Bickerson/catratcat : <B>Morgan Bickerson</B> screams!
[01:00:26]EMOTE: Morgan Bickerson/catratcat : <B>Morgan Bickerson</B> gasps!
[01:00:26]EMOTE: Morgan Bickerson/catratcat : <B>Morgan Bickerson</B> stops breathing...
[01:00:32]ADMIN: catratcat/(Morgan Bickerson) dealt -80 amount of brute damage to Morgan Bickerson 
[01:00:36]EMOTE: Morgan Bickerson/catratcat : <B>Morgan Bickerson</B> breathes.
[01:00:40]EMOTE: human/ : <B>The human</B> snores.
[01:00:55]EMOTE: human/ : <B>The human</B> snores.
[01:01:00]EMOTE: human/ : <B>The human</B> snores.
[01:01:17]EMOTE: human/ : <B>The human</B> snores.
[01:01:22]EMOTE: human/ : <B>The human</B> snores.
[01:01:33]EMOTE: human/ : <B>The human</B> snores.
[01:01:38]EMOTE: human/ : <B>The human</B> snores.
[01:01:52]EMOTE: human/ : <B>The human</B> snores.
[01:02:00]EMOTE: human/ : <B>The human</B> snores.
[01:02:02]ACCESS: Logout: catratcat/(Morgan Bickerson)


Starting up. 14:26.16
---------------------

[14:26:16]ADMIN: Loading jobban_rank
[14:26:16]ADMIN: jobban_keylist was empty
[14:26:16]ADMIN: Updating jobbanfile!
[14:26:16]ADMIN: Loading Banlist
Reading donators.txt
[14:26:33]ACCESS: Login: Catratcat/(Catratcat) from 127.0.0.1-2406761028 || BYOND v498
[14:26:34]ACCESS: Login: Catratcat/(Catratcat) from 127.0.0.1
[14:26:43]ADMIN: Catratcat has started the game.
[14:26:44]ACCESS: Logout: *no client*/(Catratcat)
[14:26:44]ACCESS: Login: Catratcat/(Morgan Bickerson) from 127.0.0.1-2406761028 || BYOND v498
[14:27:55]ADMIN: Catratcat/(Morgan Bickerson) created a /obj/item/ammo_magazine/handful/bullets
[14:29:21]ACCESS: Logout: Catratcat/(Morgan Bickerson)


Starting up. 14:52.59
---------------------

[14:52:59]ADMIN: Loading jobban_rank
[14:52:59]ADMIN: jobban_keylist was empty
[14:52:59]ADMIN: Updating jobbanfile!
[14:53:00]ADMIN: Loading Banlist
Reading donators.txt
[14:53:04]ACCESS: Login: Catratcat/(Catratcat) from 127.0.0.1-2406761028 || BYOND v498
[14:53:04]ACCESS: Login: Catratcat/(Catratcat) from 127.0.0.1
[14:53:12]ADMIN: Catratcat has started the game.
[14:53:12]ACCESS: Logout: *no client*/(Catratcat)
[14:53:12]ACCESS: Login: Catratcat/(Morgan Bickerson) from 127.0.0.1-2406761028 || BYOND v498
[14:55:21]ACCESS: Logout: Catratcat/(Morgan Bickerson)


Starting up. 16:13.23
---------------------

[16:13:23]ADMIN: Loading jobban_rank
[16:13:23]ADMIN: jobban_keylist was empty
[16:13:23]ADMIN: Updating jobbanfile!
[16:13:23]ADMIN: Loading Banlist
Reading donators.txt
[16:13:31]ACCESS: Login: Catratcat/(Catratcat) from 127.0.0.1-2406761028 || BYOND v498
[16:13:31]ACCESS: Login: Catratcat/(Catratcat) from 127.0.0.1
[16:13:37]ADMIN: Catratcat has started the game.
[16:13:37]ACCESS: Logout: *no client*/(Catratcat)
[16:13:37]ACCESS: Login: Catratcat/(Morgan Bickerson) from 127.0.0.1-2406761028 || BYOND v498
[16:14:46]ADMIN: Catratcat/(Morgan Bickerson) created a /obj/item/ammo_magazine/handful
[16:14:49]ADMIN: Catratcat/(Morgan Bickerson) created a /obj/item/ammo_magazine/handful/bullets
[16:15:33]ACCESS: Logout: Catratcat/(Morgan Bickerson)


Starting up. 16:23.49
---------------------

[16:23:49]ADMIN: Loading jobban_rank
[16:23:49]ADMIN: jobban_keylist was empty
[16:23:49]ADMIN: Updating jobbanfile!
[16:23:49]ADMIN: Loading Banlist
Reading donators.txt
[16:23:55]ACCESS: Login: Catratcat/(Catratcat) from 127.0.0.1-2406761028 || BYOND v498
[16:23:55]ACCESS: Login: Catratcat/(Catratcat) from 127.0.0.1
[16:24:02]ADMIN: Catratcat has started the game.
[16:24:03]ACCESS: Logout: *no client*/(Catratcat)
[16:24:03]ACCESS: Login: Catratcat/(Morgan Bickerson) from 127.0.0.1-2406761028 || BYOND v498
[16:24:54]ACCESS: Logout: Catratcat/(Morgan Bickerson)


Starting up. 16:30.07
---------------------

[16:30:07]ADMIN: Loading jobban_rank
[16:30:07]ADMIN: jobban_keylist was empty
[16:30:07]ADMIN: Updating jobbanfile!
[16:30:07]ADMIN: Loading Banlist
Reading donators.txt
[16:30:12]ACCESS: Login: Catratcat/(Catratcat) from 127.0.0.1-2406761028 || BYOND v498
[16:30:12]ACCESS: Login: Catratcat/(Catratcat) from 127.0.0.1
[16:30:18]ADMIN: Catratcat has started the game.
[16:30:19]ACCESS: Logout: *no client*/(Catratcat)
[16:30:19]ACCESS: Login: Catratcat/(Morgan Bickerson) from 127.0.0.1-2406761028 || BYOND v498
[16:31:02]ACCESS: Logout: Catratcat/(Morgan Bickerson)


Starting up. 16:45.04
---------------------

[16:45:04]ADMIN: Loading jobban_rank
[16:45:04]ADMIN: jobban_keylist was empty
[16:45:04]ADMIN: Updating jobbanfile!
[16:45:04]ADMIN: Loading Banlist
Reading donators.txt
[16:45:08]ACCESS: Login: Catratcat/(Catratcat) from 127.0.0.1-2406761028 || BYOND v498
[16:45:09]ACCESS: Login: Catratcat/(Catratcat) from 127.0.0.1
[16:45:15]ADMIN: Catratcat has started the game.
[16:45:16]ACCESS: Logout: *no client*/(Catratcat)
[16:45:16]ACCESS: Login: Catratcat/(Morgan Bickerson) from 127.0.0.1-2406761028 || BYOND v498
[16:46:28]ACCESS: Logout: Catratcat/(Morgan Bickerson)


Starting up. 16:58.06
---------------------

[16:58:06]ADMIN: Loading jobban_rank
[16:58:06]ADMIN: jobban_keylist was empty
[16:58:06]ADMIN: Updating jobbanfile!
[16:58:06]ADMIN: Loading Banlist
Reading donators.txt
[16:58:16]ACCESS: Login: Catratcat/(Catratcat) from 127.0.0.1-2406761028 || BYOND v498
[16:58:16]ACCESS: Login: Catratcat/(Catratcat) from 127.0.0.1
[16:58:22]ADMIN: Catratcat has started the game.
[16:58:23]ACCESS: Logout: *no client*/(Catratcat)
[16:58:23]ACCESS: Login: Catratcat/(Morgan Bickerson) from 127.0.0.1-2406761028 || BYOND v498
[16:59:00]ACCESS: Logout: Catratcat/(Morgan Bickerson)


Starting up. 17:04.00
---------------------

[17:04:00]ADMIN: Loading jobban_rank
[17:04:00]ADMIN: jobban_keylist was empty
[17:04:00]ADMIN: Updating jobbanfile!
[17:04:00]ADMIN: Loading Banlist
Reading donators.txt
[17:04:21]ACCESS: Login: Catratcat/(Catratcat) from 127.0.0.1-2406761028 || BYOND v498
[17:04:21]ACCESS: Login: Catratcat/(Catratcat) from 127.0.0.1
[17:04:26]ADMIN: Catratcat has started the game.
[17:04:27]ACCESS: Logout: *no client*/(Catratcat)
[17:04:27]ACCESS: Login: Catratcat/(Morgan Bickerson) from 127.0.0.1-2406761028 || BYOND v498
[17:04:54]ACCESS: Logout: Catratcat/(Morgan Bickerson)


Starting up. 17:08.07
---------------------

[17:08:07]ADMIN: Loading jobban_rank
[17:08:07]ADMIN: jobban_keylist was empty
[17:08:07]ADMIN: Updating jobbanfile!
[17:08:07]ADMIN: Loading Banlist
Reading donators.txt
[17:08:11]ACCESS: Login: Catratcat/(Catratcat) from 127.0.0.1-2406761028 || BYOND v498
[17:08:11]ACCESS: Login: Catratcat/(Catratcat) from 127.0.0.1
[17:08:17]ADMIN: Catratcat has started the game.
[17:08:17]ACCESS: Logout: *no client*/(Catratcat)
[17:08:17]ACCESS: Login: Catratcat/(Morgan Bickerson) from 127.0.0.1-2406761028 || BYOND v498
[17:09:20]ACCESS: Logout: Catratcat/(Morgan Bickerson)


Starting up. 17:45.33
---------------------

[17:45:33]ADMIN: Loading jobban_rank
[17:45:33]ADMIN: jobban_keylist was empty
[17:45:33]ADMIN: Updating jobbanfile!
[17:45:33]ADMIN: Loading Banlist
Reading donators.txt
[17:45:37]ACCESS: Login: Catratcat/(Catratcat) from 127.0.0.1-2406761028 || BYOND v498
[17:45:37]ACCESS: Login: Catratcat/(Catratcat) from 127.0.0.1
[17:45:44]ADMIN: Catratcat has started the game.
[17:45:45]ACCESS: Logout: *no client*/(Catratcat)
[17:45:45]ACCESS: Login: Catratcat/(Morgan Bickerson) from 127.0.0.1-2406761028 || BYOND v498
[17:47:19]ACCESS: Logout: Catratcat/(Morgan Bickerson)


Starting up. 21:41.26
---------------------

[21:41:26]ADMIN: Loading jobban_rank
[21:41:26]ADMIN: jobban_keylist was empty
[21:41:26]ADMIN: Updating jobbanfile!
[21:41:26]ADMIN: Loading Banlist
Reading donators.txt
[21:41:37]ACCESS: Login: Catratcat/(Catratcat) from 127.0.0.1-3781439013 || BYOND v498
[21:41:37]ACCESS: Login: Catratcat/(Catratcat) from 127.0.0.1
[21:41:43]ADMIN: Catratcat has started the game.
[21:41:44]ACCESS: Logout: *no client*/(Catratcat)
[21:41:44]ACCESS: Login: Catratcat/(Morgan Bickerson) from 127.0.0.1-3781439013 || BYOND v498
[21:41:54]ADMIN: Catratcat/(Morgan Bickerson) jumped to 42,41,2 in Street
[21:42:03]ADMIN: Catratcat/(Morgan Bickerson) created a /mob/living/carbon/human
[21:42:39]ADMIN: Catratcat/(Morgan Bickerson) created a /obj/structure/car/back
[21:42:42]ADMIN: Catratcat/(Morgan Bickerson) created a /obj/structure/car/middle
[21:42:45]ADMIN: Catratcat/(Morgan Bickerson) created a /obj/structure/car/front
[21:43:37]ADMIN: Catratcat/(Morgan Bickerson) modified back's icon_state to green_b
[21:44:00]ADMIN: Catratcat/(Morgan Bickerson) modified middle's icon_state to green_m
[21:44:17]ADMIN: Catratcat/(Morgan Bickerson) modified front's icon_state to green_f
[21:45:19]ADMIN: Catratcat/(Morgan Bickerson) modified middle's layer to 19
[21:45:42]ADMIN: Catratcat/(Morgan Bickerson) created a /obj/item/weapon/kitchenknife
[21:46:01]ADMIN: ATTACK: Morgan Bickerson (catratcat) attacked the human () with the kitchen knife.
[21:46:10]ACCESS: Logout: *no client*/(Morgan Bickerson)
[21:46:10]ACCESS: Login: catratcat/(human) from 127.0.0.1-3781439013 || BYOND v498
[21:46:10]ADMIN: *no client*/(Morgan Bickerson) assumed direct control of the human.
[21:46:19]ACCESS: Logout: *no client*/(human)
[21:46:19]ACCESS: Login: catratcat/(Morgan Bickerson) from 127.0.0.1-3781439013 || BYOND v498
[21:46:19]ADMIN: *no client*/(human) assumed direct control of Morgan Bickerson.
[21:46:22]EMOTE: human/ : <B>The human</B> snores.
[21:46:25]ADMIN: catratcat/(Morgan Bickerson) healed / revived *no client*/(human)
[21:46:27]EMOTE: human/ : <B>The human</B> snores.
[21:46:27]ADMIN: ATTACK: Morgan Bickerson (catratcat) attacked the human () with the kitchen knife.
[21:46:35]ADMIN: catratcat/(Morgan Bickerson) healed / revived *no client*/(human)
[21:46:36]ADMIN: ATTACK: Morgan Bickerson (catratcat) attacked the human () with the kitchen knife.
[21:46:37]ADMIN: ATTACK: Morgan Bickerson (catratcat) attacked the human () with the kitchen knife.
[21:46:39]EMOTE: human/ : <B>The human</B> screams!
[21:46:40]EMOTE: human/ : <B>The human</B> screams!
[21:46:40]ADMIN: ATTACK: Morgan Bickerson (catratcat) attacked Unknown () with the kitchen knife.
[21:46:41]EMOTE: Unknown/ : <B>Unknown</B> screams!
[21:46:44]ACCESS: Logout: *no client*/(Morgan Bickerson)
[21:46:44]ACCESS: Login: catratcat/(human) from 127.0.0.1-3781439013 || BYOND v498
[21:46:44]ADMIN: *no client*/(Morgan Bickerson) assumed direct control of Unknown.
[21:46:50]ACCESS: Logout: *no client*/(human)
[21:46:50]ACCESS: Login: catratcat/(Morgan Bickerson) from 127.0.0.1-3781439013 || BYOND v498
[21:46:50]ADMIN: *no client*/(human) assumed direct control of Morgan Bickerson.
[21:46:57]ADMIN: ATTACK: Morgan Bickerson (catratcat) attacked Morgan Bickerson (catratcat) with the kitchen knife.
[21:47:01]ADMIN: ATTACK: Morgan Bickerson (catratcat) attacked Morgan Bickerson (catratcat) with the kitchen knife.
[21:47:05]ADMIN: catratcat/(Morgan Bickerson) healed / revived catratcat/(Morgan Bickerson)
[21:47:08]ADMIN: ATTACK: Morgan Bickerson (catratcat) attacked Morgan Bickerson (catratcat) with the kitchen knife.
[21:47:10]ADMIN: ATTACK: Morgan Bickerson (catratcat) attacked Morgan Bickerson (catratcat) with the kitchen knife.
[21:47:11]EMOTE: Unknown/ : <B>Unknown</B> snores.
[21:47:13]ADMIN: ATTACK: Morgan Bickerson (catratcat) attacked Morgan Bickerson (catratcat) with the kitchen knife.
[21:47:16]ADMIN: ATTACK: Morgan Bickerson (catratcat) attacked Morgan Bickerson (catratcat) with the kitchen knife.
[21:47:20]ADMIN: catratcat/(Morgan Bickerson) healed / revived catratcat/(Morgan Bickerson)
[21:47:21]EMOTE: Unknown/ : <B>Unknown</B> snores.
[21:47:28]EMOTE: Unknown/ : <B>Unknown</B> snores.
[21:47:29]ADMIN: ATTACK: Morgan Bickerson (catratcat) attacked Morgan Bickerson (catratcat) with the kitchen knife.
[21:47:36]EMOTE: Unknown/ : <B>Unknown</B> snores.
[21:48:12]EMOTE: Unknown/ : <B>Unknown</B> snores.
[21:48:22]EMOTE: Unknown/ : <B>Unknown</B> snores.
[21:48:39]EMOTE: Unknown/ : <B>Unknown</B> snores.
[21:48:40]EMOTE: Unknown/ : <B>Unknown</B> snores.
[21:48:45]EMOTE: Unknown/ : <B>Unknown</B> snores.
[21:48:54]EMOTE: Unknown/ : <B>Unknown</B> snores.
[21:49:14]EMOTE: Unknown/ : <B>Unknown</B> snores.
[21:49:43]EMOTE: Unknown/ : <B>Unknown</B> snores.
[21:49:56]EMOTE: Unknown/ : <B>Unknown</B> snores.
[21:49:58]EMOTE: Unknown/ : <B>Unknown</B> snores.
[21:50:13]EMOTE: Unknown/ : <B>Unknown</B> snores.
[21:50:15]ADMIN: catratcat/(Morgan Bickerson) created a /obj/item/weapon/fragmk
[21:50:16]ADMIN: catratcat/(Morgan Bickerson) created a /obj/item/weapon/fragmk
[21:50:18]ADMIN: catratcat/(Morgan Bickerson) created a /obj/item/weapon/fragmk
[21:50:23]ADMIN: ATTACK: Morgan Bickerson (catratcat) primed a frag grenade.
[21:50:26]GAME: Explosion with size (-1, 0, 2) in area Street 
[21:50:27]GAME: Explosion with size (-1, 0, 2) in area Street 
[21:50:28]EMOTE: Unknown/ : <B>Unknown</B> screams!
[21:50:28]EMOTE: Unknown/ : <B>Unknown</B> screams!
[21:50:28]EMOTE: Unknown/ : <B>Unknown</B> seizes up and falls limp, his eyes dead and lifeless...
[21:50:44]ADMIN: ATTACK: Morgan Bickerson (catratcat) primed a frag grenade.
[21:50:49]GAME: Explosion with size (-1, 0, 2) in area Street 
[21:50:50]GAME: Explosion with size (-1, 0, 2) in area Street 
[21:50:51]EMOTE: Morgan Bickerson/catratcat : <B>Morgan Bickerson</B> stops breathing...
[21:50:52]EMOTE: Morgan Bickerson/catratcat : <B>Morgan Bickerson</B> screams!
[21:50:53]EMOTE: Morgan Bickerson/catratcat : <B>Morgan Bickerson</B> screams!
[21:50:55]ADMIN: catratcat/(Morgan Bickerson) healed / revived catratcat/(Morgan Bickerson)
[21:50:58]ADMIN: catratcat/(Morgan Bickerson) healed / revived catratcat/(Morgan Bickerson)
[21:51:03]EMOTE: Morgan Bickerson/catratcat : <B>Morgan Bickerson</B> breathes.
[21:51:12]ADMIN: ATTACK: Morgan Bickerson (catratcat) primed a frag grenade.
[21:51:16]GAME: Explosion with size (-1, 0, 2) in area Street 
[21:51:35]ACCESS: Logout: catratcat/(Morgan Bickerson)


Starting up. 22:34.59
---------------------

[22:34:59]ADMIN: Loading jobban_rank
[22:34:59]ADMIN: jobban_keylist was empty
[22:34:59]ADMIN: Updating jobbanfile!
[22:34:59]ADMIN: Loading Banlist
Reading donators.txt
[22:35:19]ACCESS: Login: Catratcat/(Catratcat) from 127.0.0.1-3781439013 || BYOND v498
[22:35:19]ACCESS: Login: Catratcat/(Catratcat) from 127.0.0.1
[22:35:26]ADMIN: Catratcat has started the game.
[22:35:26]ACCESS: Logout: *no client*/(Catratcat)
[22:35:26]ACCESS: Login: Catratcat/(Morgan Bickerson) from 127.0.0.1-3781439013 || BYOND v498
[22:35:34]ADMIN: ATTACK: Morgan Bickerson (catratcat) primed a frag grenade.
[22:35:37]GAME: Explosion with size (-1, 0, 2) in area Street 
[22:36:46]ADMIN: Catratcat/(Morgan Bickerson) created a /mob/living/carbon/human
[22:36:48]ADMIN: Catratcat/(Morgan Bickerson) created a /mob/living/carbon/human
[22:36:58]ADMIN: ATTACK: Morgan Bickerson (catratcat) attacked Morgan Bickerson (catratcat) with the kitchen knife.
[22:37:05]ADMIN: ATTACK: Morgan Bickerson (catratcat) attacked the human () with the kitchen knife.
[22:37:08]ADMIN: ATTACK: Morgan Bickerson (catratcat) attacked the human () with the kitchen knife.
[22:37:12]ADMIN: ATTACK: Morgan Bickerson (catratcat) attacked the human () with the kitchen knife.
[22:37:14]ADMIN: ATTACK: Morgan Bickerson (catratcat) attacked the human () with the kitchen knife.
[22:37:15]EMOTE: human/ : <B>The human</B> screams!
[22:37:17]ADMIN: ATTACK: Morgan Bickerson (catratcat) attacked the human () with the kitchen knife.
[22:37:19]ADMIN: ATTACK: Morgan Bickerson (catratcat) attacked the human () with the kitchen knife.
[22:37:20]ADMIN: ATTACK: Morgan Bickerson (catratcat) attacked the human () with the kitchen knife.
[22:37:21]ADMIN: ATTACK: Morgan Bickerson (catratcat) attacked the human () with the kitchen knife.
[22:37:25]ADMIN: Catratcat/(Morgan Bickerson) healed / revived Catratcat/(Morgan Bickerson)
[22:37:27]ADMIN: Catratcat/(Morgan Bickerson) jumped to 39,41,2 in Street
[22:37:29]ADMIN: ATTACK: Morgan Bickerson (catratcat) attacked Morgan Bickerson (catratcat) with the kitchen knife.
[22:37:31]ADMIN: ATTACK: Morgan Bickerson (catratcat) attacked Morgan Bickerson (catratcat) with the kitchen knife.
[22:37:32]ADMIN: ATTACK: Morgan Bickerson (catratcat) attacked Morgan Bickerson (catratcat) with the kitchen knife.
[22:37:34]ADMIN: ATTACK: Morgan Bickerson (catratcat) attacked Morgan Bickerson (catratcat) with the kitchen knife.
[22:37:35]ADMIN: ATTACK: Morgan Bickerson (catratcat) attacked Morgan Bickerson (catratcat) with the kitchen knife.
[22:37:36]ADMIN: ATTACK: Morgan Bickerson (catratcat) attacked Morgan Bickerson (catratcat) with the kitchen knife.
[22:37:39]ADMIN: ATTACK: Morgan Bickerson (catratcat) attacked Morgan Bickerson (catratcat) with the kitchen knife.
[22:37:40]ADMIN: ATTACK: Morgan Bickerson (catratcat) attacked Morgan Bickerson (catratcat) with the kitchen knife.
[22:37:41]ADMIN: ATTACK: Morgan Bickerson (catratcat) attacked Morgan Bickerson (catratcat) with the kitchen knife.
[22:37:42]ADMIN: ATTACK: Morgan Bickerson (catratcat) attacked Morgan Bickerson (catratcat) with the kitchen knife.
[22:37:44]ADMIN: ATTACK: Morgan Bickerson (catratcat) attacked Morgan Bickerson (catratcat) with the kitchen knife.
[22:37:47]ADMIN: ATTACK: Morgan Bickerson (catratcat) attacked Morgan Bickerson (catratcat) with the kitchen knife.
[22:37:50]ADMIN: ATTACK: Morgan Bickerson (catratcat) attacked Morgan Bickerson (catratcat) with the kitchen knife.
[22:37:52]ADMIN: ATTACK: Morgan Bickerson (catratcat) attacked Morgan Bickerson (catratcat) with the kitchen knife.
[22:37:52]EMOTE: human/ : <B>The human</B> is having trouble keeping their eyes open.
[22:37:53]ADMIN: ATTACK: Morgan Bickerson (catratcat) attacked Morgan Bickerson (catratcat) with the kitchen knife.
[22:37:54]ADMIN: ATTACK: Morgan Bickerson (catratcat) attacked Morgan Bickerson (catratcat) with the kitchen knife.
[22:37:56]ADMIN: ATTACK: Morgan Bickerson (catratcat) attacked Morgan Bickerson (catratcat) with the kitchen knife.
[22:37:57]ADMIN: ATTACK: Morgan Bickerson (catratcat) attacked Morgan Bickerson (catratcat) with the kitchen knife.
[22:37:58]ADMIN: ATTACK: Morgan Bickerson (catratcat) attacked Morgan Bickerson (catratcat) with the kitchen knife.
[22:37:59]ADMIN: ATTACK: Morgan Bickerson (catratcat) attacked Morgan Bickerson (catratcat) with the kitchen knife.
[22:38:02]ADMIN: ATTACK: Morgan Bickerson (catratcat) attacked Morgan Bickerson (catratcat) with the kitchen knife.
[22:38:05]ACCESS: Logout: Catratcat/(Morgan Bickerson)


Starting up. 22:50.18
---------------------

[22:50:18]ADMIN: Loading jobban_rank
[22:50:18]ADMIN: jobban_keylist was empty
[22:50:18]ADMIN: Updating jobbanfile!
[22:50:18]ADMIN: Loading Banlist
Reading donators.txt
[22:50:33]ACCESS: Login: Catratcat/(Catratcat) from 127.0.0.1-3781439013 || BYOND v498
[22:50:34]ACCESS: Login: Catratcat/(Catratcat) from 127.0.0.1
[22:50:48]ADMIN: Catratcat has started the game.
[22:50:48]ACCESS: Logout: *no client*/(Catratcat)
[22:50:48]ACCESS: Login: Catratcat/(Morgan Bickerson) from 127.0.0.1-3781439013 || BYOND v498
[22:50:56]ADMIN: ATTACK: Morgan Bickerson (catratcat) primed a frag grenade.
[22:51:00]GAME: Explosion with size (-1, 0, 2) in area Street 
[22:52:53]ADMIN: Catratcat/(Morgan Bickerson) modified [0x2100345f] (head)'s bacid to 2
[22:53:00]ADMIN: Catratcat/(Morgan Bickerson) modified [0x2100345e] (l_arm)'s bacid to 5
[22:53:29]ADMIN: ATTACK: Morgan Bickerson (catratcat) attacked Morgan Bickerson (catratcat) with the kitchen knife.
[22:53:34]EMOTE: Morgan Bickerson/Catratcat : <B>Morgan Bickerson</B> screams!
[22:53:40]EMOTE: Morgan Bickerson/Catratcat : <B>Morgan Bickerson</B> stops breathing...
[22:53:42]EMOTE: Morgan Bickerson/Catratcat : <B>Morgan Bickerson</B> seizes up and falls limp, his eyes dead and lifeless...
[22:53:48]ACCESS: Logout: Catratcat/(Morgan Bickerson)


Starting up. 23:16.41
---------------------

[23:16:41]ADMIN: Loading jobban_rank
[23:16:41]ADMIN: jobban_keylist was empty
[23:16:41]ADMIN: Updating jobbanfile!
[23:16:41]ADMIN: Loading Banlist
Reading donators.txt
[23:16:55]ACCESS: Login: Catratcat/(Catratcat) from 127.0.0.1-3781439013 || BYOND v498
[23:16:55]ACCESS: Login: Catratcat/(Catratcat) from 127.0.0.1
[23:17:04]ADMIN: Catratcat has started the game.
[23:17:04]ACCESS: Logout: *no client*/(Catratcat)
[23:17:04]ACCESS: Login: Catratcat/(Morgan Bickerson) from 127.0.0.1-3781439013 || BYOND v498
[23:19:30]ADMIN: Catratcat/(Morgan Bickerson) created a /mob/living/carbon/human
[23:19:38]ACCESS: Logout: *no client*/(Morgan Bickerson)
[23:19:38]ACCESS: Login: catratcat/(human) from 127.0.0.1-3781439013 || BYOND v498
[23:19:38]ADMIN: *no client*/(Morgan Bickerson) assumed direct control of the human.
[23:19:41]EMOTE: Morgan Bickerson/ : <B>Morgan Bickerson</B> snores.
[23:19:42]EMOTE: Morgan Bickerson/ : <B>Morgan Bickerson</B> snores.
[23:19:47]ADMIN: ATTACK: the human (catratcat) shot Morgan Bickerson () with the lead.
[23:19:55]ACCESS: Logout: *no client*/(human)
[23:19:55]ACCESS: Login: catratcat/(Morgan Bickerson) from 127.0.0.1-3781439013 || BYOND v498
[23:19:55]ADMIN: *no client*/(human) assumed direct control of Morgan Bickerson.
[23:19:56]EMOTE: human/ : <B>The human</B> snores.
[23:19:58]EMOTE: human/ : <B>The human</B> snores.
[23:20:21]EMOTE: Morgan Bickerson/catratcat : <B>Morgan Bickerson</B> is having trouble keeping their eyes open.
[23:20:21]EMOTE: human/ : <B>The human</B> snores.
[23:20:27]EMOTE: human/ : <B>The human</B> snores.
[23:20:54]EMOTE: human/ : <B>The human</B> snores.
[23:21:13]ACCESS: Logout: catratcat/(Morgan Bickerson)
