

Starting up. 23:32.01
---------------------

[23:33:33]ATTACK: <font color='red'>Morgan Bickerson (catratcat) attacked human () with kitchen knife (INTENT: HELP) (DAMTYE: BRUTE)</font>
[23:34:05]ATTACK: <font color='red'>Morgan Bickerson (catratcat) attacked human () with kitchen knife (INTENT: HELP) (DAMTYE: BRUTE)</font>
[23:34:06]ATTACK: <font color='red'>Morgan Bickerson (catratcat) attacked human () with kitchen knife (INTENT: HELP) (DAMTYE: BRUTE)</font>
[23:34:14]ATTACK: <font color='red'>Morgan Bickerson (catratcat) attacked human () with kitchen knife (INTENT: HELP) (DAMTYE: BRUTE)</font>
[23:34:15]ATTACK: <font color='red'>Morgan Bickerson (catratcat) attacked human () with kitchen knife (INTENT: HELP) (DAMTYE: BRUTE)</font>
[23:34:17]ATTACK: <font color='red'>Morgan Bickerson (catratcat) attacked human () with kitchen knife (INTENT: HELP) (DAMTYE: BRUTE)</font>
[23:34:18]ATTACK: <font color='red'>Morgan Bickerson (catratcat) attacked human () with kitchen knife (INTENT: HELP) (DAMTYE: BRUTE)</font>
[23:34:19]ATTACK: <font color='red'>Morgan Bickerson (catratcat) attacked human () with kitchen knife (INTENT: HELP) (DAMTYE: BRUTE)</font>
[23:34:25]ATTACK: <font color='red'>Morgan Bickerson (catratcat) attacked Unknown () with kitchen knife (INTENT: HELP) (DAMTYE: BRUTE)</font>


Starting up. 23:41.00
---------------------

[23:41:31]ATTACK: <font color='red'>Morgan Bickerson (catratcat) attacked Morgan Bickerson (catratcat) with kitchen knife (INTENT: HURT) (DAMTYE: BRUTE)</font>
[23:41:37]ATTACK: <font color='red'>Morgan Bickerson (catratcat) attacked Morgan Bickerson (catratcat) with kitchen knife (INTENT: HURT) (DAMTYE: BRUTE)</font>
[23:41:38]ATTACK: <font color='red'>Morgan Bickerson (catratcat) attacked Morgan Bickerson (catratcat) with kitchen knife (INTENT: HURT) (DAMTYE: BRUTE)</font>
[23:41:48]ATTACK: <font color='red'>Unknown as (Morgan Bickerson) (catratcat) attacked Unknown as (Morgan Bickerson) (catratcat) with kitchen knife (INTENT: HURT) (DAMTYE: BRUTE)</font>
[23:41:57]ATTACK: <font color='red'>Unknown as (Morgan Bickerson) (catratcat) attacked Unknown as (Morgan Bickerson) (catratcat) with kitchen knife (INTENT: HURT) (DAMTYE: BRUTE)</font>
[23:41:58]ATTACK: <font color='red'>Unknown as (Morgan Bickerson) (catratcat) attacked Unknown as (Morgan Bickerson) (catratcat) with kitchen knife (INTENT: HURT) (DAMTYE: BRUTE)</font>
[23:42:11]ATTACK: <font color='red'>Unknown as (Morgan Bickerson) (catratcat) attacked Unknown as (Morgan Bickerson) (catratcat) with kitchen knife (INTENT: HURT) (DAMTYE: BRUTE)</font>
[23:42:13]ATTACK: <font color='red'>Unknown as (Morgan Bickerson) (catratcat) attacked Unknown as (Morgan Bickerson) (catratcat) with kitchen knife (INTENT: HURT) (DAMTYE: BRUTE)</font>
[23:43:21]ATTACK: <font color='red'> Unknown as (Morgan Bickerson) (catratcat) attacked Unknown as (Morgan Bickerson) (catratcat) with screwdriver (INTENT: HURT)</font>
[23:43:22]ATTACK: <font color='red'> Unknown as (Morgan Bickerson) (catratcat) attacked Unknown as (Morgan Bickerson) (catratcat) with screwdriver (INTENT: HURT)</font>
[23:43:29]ATTACK: <font color='red'> Unknown as (Morgan Bickerson) (catratcat) attacked Unknown as (Morgan Bickerson) (catratcat) with screwdriver (INTENT: HURT)</font>
