

Starting up. 23:00.51
---------------------

[23:01:29]ATTACK: <font color='red'>Morgan Bickerson (catratcat) attacked Morgan Bickerson (catratcat) with kitchen knife (INTENT: HELP) (DAMTYE: BRUTE)</font>
[23:01:31]ATTACK: <font color='red'>Morgan Bickerson (catratcat) attacked Morgan Bickerson (catratcat) with kitchen knife (INTENT: HELP) (DAMTYE: BRUTE)</font>
[23:02:01]ATTACK: <font color='red'>Morgan Bickerson (catratcat) attacked Morgan Bickerson (catratcat) with kitchen knife (INTENT: HELP) (DAMTYE: BRUTE)</font>
[23:02:03]ATTACK: <font color='red'>Morgan Bickerson (catratcat) attacked Morgan Bickerson (catratcat) with kitchen knife (INTENT: HELP) (DAMTYE: BRUTE)</font>


Starting up. 23:05.27
---------------------

[23:06:02]ATTACK: <font color='red'>Morgan Bickerson (catratcat) attacked Morgan Bickerson (catratcat) with screwdriver (INTENT: HELP) (DAMTYE: BRUTE)</font>
[23:06:04]ATTACK: <font color='red'>Morgan Bickerson (catratcat) attacked Morgan Bickerson (catratcat) with screwdriver (INTENT: HELP) (DAMTYE: BRUTE)</font>
[23:06:05]ATTACK: <font color='red'>Morgan Bickerson (catratcat) attacked Morgan Bickerson (catratcat) with screwdriver (INTENT: HELP) (DAMTYE: BRUTE)</font>
[23:06:06]ATTACK: <font color='red'>Morgan Bickerson (catratcat) attacked Morgan Bickerson (catratcat) with screwdriver (INTENT: HELP) (DAMTYE: BRUTE)</font>
[23:06:10]ATTACK: <font color='red'>Morgan Bickerson (catratcat) attacked Morgan Bickerson (catratcat) with screwdriver (INTENT: HELP) (DAMTYE: BRUTE)</font>
[23:06:12]ATTACK: <font color='red'>Morgan Bickerson (catratcat) attacked Morgan Bickerson (catratcat) with screwdriver (INTENT: HELP) (DAMTYE: BRUTE)</font>
[23:06:13]ATTACK: <font color='red'>Morgan Bickerson (catratcat) attacked Morgan Bickerson (catratcat) with screwdriver (INTENT: HELP) (DAMTYE: BRUTE)</font>
[23:06:15]ATTACK: <font color='red'>Morgan Bickerson (catratcat) attacked Morgan Bickerson (catratcat) with screwdriver (INTENT: HELP) (DAMTYE: BRUTE)</font>
[23:06:16]ATTACK: <font color='red'>Morgan Bickerson (catratcat) attacked Morgan Bickerson (catratcat) with screwdriver (INTENT: HELP) (DAMTYE: BRUTE)</font>
[23:06:17]ATTACK: <font color='red'>Morgan Bickerson (catratcat) attacked Morgan Bickerson (catratcat) with screwdriver (INTENT: HELP) (DAMTYE: BRUTE)</font>


Starting up. 23:17.42
---------------------

[23:18:25]ATTACK: <font color='red'>Morgan Bickerson (catratcat) attacked Morgan Bickerson (catratcat) with screwdriver (INTENT: HELP) (DAMTYE: BRUTE)</font>
[23:18:31]ATTACK: <font color='red'>Morgan Bickerson (catratcat) attacked Morgan Bickerson (catratcat) with screwdriver (INTENT: HELP) (DAMTYE: BRUTE)</font>
[23:18:33]ATTACK: <font color='red'>Morgan Bickerson (catratcat) attacked Morgan Bickerson (catratcat) with screwdriver (INTENT: HELP) (DAMTYE: BRUTE)</font>
[23:18:35]ATTACK: <font color='red'>Morgan Bickerson (catratcat) attacked Morgan Bickerson (catratcat) with screwdriver (INTENT: HELP) (DAMTYE: BRUTE)</font>
[23:18:39]ATTACK: <font color='red'>Morgan Bickerson (catratcat) attacked Morgan Bickerson (catratcat) with screwdriver (INTENT: HELP) (DAMTYE: BRUTE)</font>
[23:18:41]ATTACK: <font color='red'>Morgan Bickerson (catratcat) attacked Morgan Bickerson (catratcat) with screwdriver (INTENT: HELP) (DAMTYE: BRUTE)</font>
[23:18:45]ATTACK: <font color='red'>Morgan Bickerson (catratcat) attacked Morgan Bickerson (catratcat) with screwdriver (INTENT: HELP) (DAMTYE: BRUTE)</font>
[23:18:46]ATTACK: <font color='red'>Morgan Bickerson (catratcat) attacked Morgan Bickerson (catratcat) with screwdriver (INTENT: HELP) (DAMTYE: BRUTE)</font>


Starting up. 23:28.26
---------------------

[23:29:03]ATTACK: <font color='red'> Morgan Bickerson (catratcat) attacked Morgan Bickerson (catratcat) with screwdriver (INTENT: HELP)</font>
[23:29:09]ATTACK: <font color='red'>Morgan Bickerson (catratcat) attacked Morgan Bickerson (catratcat) with screwdriver (INTENT: HELP) (DAMTYE: BRUTE)</font>
[23:29:32]ATTACK: <font color='red'>Morgan Bickerson (catratcat) attacked Morgan Bickerson (catratcat) with screwdriver (INTENT: HELP) (DAMTYE: BRUTE)</font>
[23:29:34]ATTACK: <font color='red'>Morgan Bickerson (catratcat) attacked Morgan Bickerson (catratcat) with screwdriver (INTENT: HELP) (DAMTYE: BRUTE)</font>
[23:29:38]ATTACK: <font color='red'>Morgan Bickerson (catratcat) attacked Morgan Bickerson (catratcat) with screwdriver (INTENT: HELP) (DAMTYE: BRUTE)</font>
[23:29:39]ATTACK: <font color='red'>Morgan Bickerson (catratcat) attacked Morgan Bickerson (catratcat) with screwdriver (INTENT: HELP) (DAMTYE: BRUTE)</font>
[23:29:40]ATTACK: <font color='red'>Morgan Bickerson (catratcat) attacked Morgan Bickerson (catratcat) with screwdriver (INTENT: HELP) (DAMTYE: BRUTE)</font>


Starting up. 23:32.50
---------------------

[23:33:31]ATTACK: <font color='red'>Morgan Bickerson (catratcat) attacked Morgan Bickerson (catratcat) with screwdriver (INTENT: HELP) (DAMTYE: BRUTE)</font>
[23:33:32]ATTACK: <font color='red'>Morgan Bickerson (catratcat) attacked Morgan Bickerson (catratcat) with screwdriver (INTENT: HELP) (DAMTYE: BRUTE)</font>


Starting up. 23:49.13
---------------------

[23:49:52]ATTACK: <font color='red'>Morgan Bickerson (catratcat) attacked Morgan Bickerson (catratcat) with screwdriver (INTENT: HELP) (DAMTYE: BRUTE)</font>
[23:49:57]ATTACK: <font color='red'>Morgan Bickerson (catratcat) attacked Morgan Bickerson (catratcat) with screwdriver (INTENT: HELP) (DAMTYE: BRUTE)</font>
[23:49:58]ATTACK: <font color='red'>Morgan Bickerson (catratcat) attacked Morgan Bickerson (catratcat) with screwdriver (INTENT: HELP) (DAMTYE: BRUTE)</font>
[23:50:03]ATTACK: <font color='red'>Morgan Bickerson (catratcat) attacked Morgan Bickerson (catratcat) with screwdriver (INTENT: HELP) (DAMTYE: BRUTE)</font>
[23:50:05]ATTACK: <font color='red'>Morgan Bickerson (catratcat) attacked Morgan Bickerson (catratcat) with screwdriver (INTENT: HELP) (DAMTYE: BRUTE)</font>
[23:50:06]ATTACK: <font color='red'>Morgan Bickerson (catratcat) attacked Morgan Bickerson (catratcat) with screwdriver (INTENT: HELP) (DAMTYE: BRUTE)</font>
[23:51:28]ATTACK: <font color='red'>Morgan Bickerson (catratcat) attacked Morgan Bickerson (catratcat) with hammer (INTENT: HELP) (DAMTYE: BRUTE)</font>
[23:51:29]ATTACK: <font color='red'>Morgan Bickerson (catratcat) attacked Morgan Bickerson (catratcat) with hammer (INTENT: HELP) (DAMTYE: BRUTE)</font>
[23:51:31]ATTACK: <font color='red'>Morgan Bickerson (catratcat) attacked Morgan Bickerson (catratcat) with hammer (INTENT: HELP) (DAMTYE: BRUTE)</font>
[23:51:32]ATTACK: <font color='red'>Morgan Bickerson (catratcat) attacked Morgan Bickerson (catratcat) with hammer (INTENT: HELP) (DAMTYE: BRUTE)</font>


Starting up. 23:52.37
---------------------

