

Starting up. 23:00.51
---------------------

[23:00:51]ADMIN: Loading jobban_rank
[23:00:51]ADMIN: jobban_keylist was empty
[23:00:51]ADMIN: Updating jobbanfile!
[23:00:51]ADMIN: Loading Banlist
Reading donators.txt
[23:01:02]ACCESS: Login: Catratcat/(Catratcat) from 127.0.0.1-3781439013 || BYOND v498
[23:01:02]ACCESS: Login: Catratcat/(Catratcat) from 127.0.0.1
[23:01:10]ADMIN: Catratcat has started the game.
[23:01:10]ACCESS: Logout: *no client*/(Catratcat)
[23:01:10]ACCESS: Login: Catratcat/(Morgan Bickerson) from 127.0.0.1-3781439013 || BYOND v498
[23:01:29]ADMIN: ATTACK: Morgan Bickerson (catratcat) attacked Morgan Bickerson (catratcat) with the kitchen knife.
[23:01:31]ADMIN: ATTACK: Morgan Bickerson (catratcat) attacked Morgan Bickerson (catratcat) with the kitchen knife.
[23:01:35]ADMIN: Catratcat/(Morgan Bickerson) healed / revived Catratcat/(Morgan Bickerson)
[23:01:52]ADMIN: Catratcat/(Morgan Bickerson) modified Morgan Bickerson's throatcut to 1
[23:02:01]ADMIN: ATTACK: Morgan Bickerson (catratcat) attacked Morgan Bickerson (catratcat) with the kitchen knife.
[23:02:03]ADMIN: ATTACK: Morgan Bickerson (catratcat) attacked Morgan Bickerson (catratcat) with the kitchen knife.
[23:02:41]ACCESS: Logout: Catratcat/(Morgan Bickerson)


Starting up. 23:05.27
---------------------

[23:05:27]ADMIN: Loading jobban_rank
[23:05:27]ADMIN: jobban_keylist was empty
[23:05:27]ADMIN: Updating jobbanfile!
[23:05:27]ADMIN: Loading Banlist
Reading donators.txt
[23:05:36]ACCESS: Login: Catratcat/(Catratcat) from 127.0.0.1-3781439013 || BYOND v498
[23:05:36]ACCESS: Login: Catratcat/(Catratcat) from 127.0.0.1
[23:05:42]ADMIN: Catratcat has started the game.
[23:05:42]ACCESS: Logout: *no client*/(Catratcat)
[23:05:42]ACCESS: Login: Catratcat/(Morgan Bickerson) from 127.0.0.1-3781439013 || BYOND v498
[23:06:02]ADMIN: ATTACK: Morgan Bickerson (catratcat) attacked Morgan Bickerson (catratcat) with the screwdriver.
[23:06:04]ADMIN: ATTACK: Morgan Bickerson (catratcat) attacked Morgan Bickerson (catratcat) with the screwdriver.
[23:06:05]ADMIN: ATTACK: Morgan Bickerson (catratcat) attacked Morgan Bickerson (catratcat) with the screwdriver.
[23:06:06]ADMIN: ATTACK: Morgan Bickerson (catratcat) attacked Morgan Bickerson (catratcat) with the screwdriver.
[23:06:09]ADMIN: Catratcat/(Morgan Bickerson) healed / revived Catratcat/(Morgan Bickerson)
[23:06:10]ADMIN: ATTACK: Morgan Bickerson (catratcat) attacked Morgan Bickerson (catratcat) with the screwdriver.
[23:06:12]ADMIN: ATTACK: Morgan Bickerson (catratcat) attacked Morgan Bickerson (catratcat) with the screwdriver.
[23:06:13]ADMIN: ATTACK: Morgan Bickerson (catratcat) attacked Morgan Bickerson (catratcat) with the screwdriver.
[23:06:15]ADMIN: ATTACK: Morgan Bickerson (catratcat) attacked Morgan Bickerson (catratcat) with the screwdriver.
[23:06:16]ADMIN: ATTACK: Morgan Bickerson (catratcat) attacked Morgan Bickerson (catratcat) with the screwdriver.
[23:06:17]ADMIN: ATTACK: Morgan Bickerson (catratcat) attacked Morgan Bickerson (catratcat) with the screwdriver.
[23:06:19]EMOTE: Morgan Bickerson/Catratcat : <B>Morgan Bickerson</B> screams!
[23:06:20]EMOTE: Morgan Bickerson/Catratcat : <B>Morgan Bickerson</B> screams!
[23:06:50]ACCESS: Logout: Catratcat/(Morgan Bickerson)


Starting up. 23:17.42
---------------------

[23:17:42]ADMIN: Loading jobban_rank
[23:17:42]ADMIN: jobban_keylist was empty
[23:17:42]ADMIN: Updating jobbanfile!
[23:17:42]ADMIN: Loading Banlist
Reading donators.txt
[23:17:53]ACCESS: Login: Catratcat/(Catratcat) from 127.0.0.1-3781439013 || BYOND v498
[23:17:53]ACCESS: Login: Catratcat/(Catratcat) from 127.0.0.1
[23:17:59]ADMIN: Catratcat has started the game.
[23:18:00]ACCESS: Logout: *no client*/(Catratcat)
[23:18:00]ACCESS: Login: Catratcat/(Morgan Bickerson) from 127.0.0.1-3781439013 || BYOND v498
[23:18:25]ADMIN: ATTACK: Morgan Bickerson (catratcat) attacked Morgan Bickerson (catratcat) with the screwdriver.
[23:18:30]ADMIN: Catratcat/(Morgan Bickerson) healed / revived Catratcat/(Morgan Bickerson)
[23:18:31]ADMIN: ATTACK: Morgan Bickerson (catratcat) attacked Morgan Bickerson (catratcat) with the screwdriver.
[23:18:33]ADMIN: ATTACK: Morgan Bickerson (catratcat) attacked Morgan Bickerson (catratcat) with the screwdriver.
[23:18:35]ADMIN: ATTACK: Morgan Bickerson (catratcat) attacked Morgan Bickerson (catratcat) with the screwdriver.
[23:18:38]ADMIN: Catratcat/(Morgan Bickerson) healed / revived Catratcat/(Morgan Bickerson)
[23:18:39]ADMIN: ATTACK: Morgan Bickerson (catratcat) attacked Morgan Bickerson (catratcat) with the screwdriver.
[23:18:41]ADMIN: ATTACK: Morgan Bickerson (catratcat) attacked Morgan Bickerson (catratcat) with the screwdriver.
[23:18:44]ADMIN: Catratcat/(Morgan Bickerson) healed / revived Catratcat/(Morgan Bickerson)
[23:18:45]ADMIN: ATTACK: Morgan Bickerson (catratcat) attacked Morgan Bickerson (catratcat) with the screwdriver.
[23:18:46]ADMIN: ATTACK: Morgan Bickerson (catratcat) attacked Morgan Bickerson (catratcat) with the screwdriver.
[23:19:10]ACCESS: Logout: Catratcat/(Morgan Bickerson)


Starting up. 23:28.26
---------------------

[23:28:26]ADMIN: Loading jobban_rank
[23:28:26]ADMIN: jobban_keylist was empty
[23:28:26]ADMIN: Updating jobbanfile!
[23:28:26]ADMIN: Loading Banlist
Reading donators.txt
[23:28:29]ACCESS: Login: Catratcat/(Catratcat) from 127.0.0.1-3781439013 || BYOND v498
[23:28:29]ACCESS: Login: Catratcat/(Catratcat) from 127.0.0.1
[23:28:41]ADMIN: Catratcat has started the game.
[23:28:41]ACCESS: Logout: *no client*/(Catratcat)
[23:28:41]ACCESS: Login: Catratcat/(Morgan Bickerson) from 127.0.0.1-3781439013 || BYOND v498
[23:29:03]ADMIN: ATTACK: Morgan Bickerson (catratcat) attacked Morgan Bickerson (catratcat) with the screwdriver.
[23:29:09]ADMIN: ATTACK: Morgan Bickerson (catratcat) attacked Morgan Bickerson (catratcat) with the screwdriver.
[23:29:28]ADMIN: Catratcat/(Morgan Bickerson) healed / revived Catratcat/(Morgan Bickerson)
[23:29:32]ADMIN: ATTACK: Morgan Bickerson (catratcat) attacked Morgan Bickerson (catratcat) with the screwdriver.
[23:29:34]ADMIN: ATTACK: Morgan Bickerson (catratcat) attacked Morgan Bickerson (catratcat) with the screwdriver.
[23:29:37]ADMIN: Catratcat/(Morgan Bickerson) healed / revived Catratcat/(Morgan Bickerson)
[23:29:38]ADMIN: ATTACK: Morgan Bickerson (catratcat) attacked Morgan Bickerson (catratcat) with the screwdriver.
[23:29:39]ADMIN: ATTACK: Morgan Bickerson (catratcat) attacked Morgan Bickerson (catratcat) with the screwdriver.
[23:29:40]ADMIN: ATTACK: Morgan Bickerson (catratcat) attacked Morgan Bickerson (catratcat) with the screwdriver.
[23:29:51]ACCESS: Logout: Catratcat/(Morgan Bickerson)


Starting up. 23:32.50
---------------------

[23:32:50]ADMIN: Loading jobban_rank
[23:32:50]ADMIN: jobban_keylist was empty
[23:32:50]ADMIN: Updating jobbanfile!
[23:32:50]ADMIN: Loading Banlist
Reading donators.txt
[23:32:54]ACCESS: Login: Catratcat/(Catratcat) from 127.0.0.1-3781439013 || BYOND v498
[23:32:54]ACCESS: Login: Catratcat/(Catratcat) from 127.0.0.1
[23:33:06]ADMIN: Catratcat has started the game.
[23:33:07]ACCESS: Logout: *no client*/(Catratcat)
[23:33:07]ACCESS: Login: Catratcat/(Morgan Bickerson) from 127.0.0.1-3781439013 || BYOND v498
[23:33:31]ADMIN: ATTACK: Morgan Bickerson (catratcat) attacked Morgan Bickerson (catratcat) with the screwdriver.
[23:33:32]ADMIN: ATTACK: Morgan Bickerson (catratcat) attacked Morgan Bickerson (catratcat) with the screwdriver.
[23:33:45]EMOTE: Morgan Bickerson/Catratcat : <B>Morgan Bickerson</B> stops breathing...
[23:33:49]EMOTE: Morgan Bickerson/Catratcat : <B>Morgan Bickerson</B> seizes up and falls limp, his eyes dead and lifeless...
[23:33:56]ACCESS: Logout: Catratcat/(Morgan Bickerson)


Starting up. 23:49.13
---------------------

[23:49:13]ADMIN: Loading jobban_rank
[23:49:13]ADMIN: jobban_keylist was empty
[23:49:13]ADMIN: Updating jobbanfile!
[23:49:13]ADMIN: Loading Banlist
Reading donators.txt
[23:49:23]ACCESS: Login: Catratcat/(Catratcat) from 127.0.0.1-3781439013 || BYOND v498
[23:49:23]ACCESS: Login: Catratcat/(Catratcat) from 127.0.0.1
[23:49:29]ADMIN: Catratcat has started the game.
[23:49:30]ACCESS: Logout: *no client*/(Catratcat)
[23:49:30]ACCESS: Login: Catratcat/(Morgan Bickerson) from 127.0.0.1-3781439013 || BYOND v498
[23:49:52]ADMIN: ATTACK: Morgan Bickerson (catratcat) attacked Morgan Bickerson (catratcat) with the screwdriver.
[23:49:56]ADMIN: Catratcat/(Morgan Bickerson) healed / revived Catratcat/(Morgan Bickerson)
[23:49:57]ADMIN: ATTACK: Morgan Bickerson (catratcat) attacked Morgan Bickerson (catratcat) with the screwdriver.
[23:49:58]ADMIN: ATTACK: Morgan Bickerson (catratcat) attacked Morgan Bickerson (catratcat) with the screwdriver.
[23:50:02]ADMIN: Catratcat/(Morgan Bickerson) healed / revived Catratcat/(Morgan Bickerson)
[23:50:03]ADMIN: ATTACK: Morgan Bickerson (catratcat) attacked Morgan Bickerson (catratcat) with the screwdriver.
[23:50:05]ADMIN: ATTACK: Morgan Bickerson (catratcat) attacked Morgan Bickerson (catratcat) with the screwdriver.
[23:50:06]ADMIN: ATTACK: Morgan Bickerson (catratcat) attacked Morgan Bickerson (catratcat) with the screwdriver.
[23:50:10]ADMIN: Catratcat/(Morgan Bickerson) healed / revived Catratcat/(Morgan Bickerson)
[23:50:21]ADMIN: Catratcat/(Morgan Bickerson) changed the equipment of Catratcat/(Morgan Bickerson) to gunslinger.
[23:50:35]ADMIN: Catratcat/(Morgan Bickerson) modified Morgan Bickerson's throatcut to 1
[23:51:02]ACCESS: Logout: *no client*/(Morgan Bickerson)
[23:51:02]ACCESS: Login: Catratcat/(Morgan Bickerson) from 127.0.0.1-3781439013 || BYOND v498
[23:51:16]ADMIN: Catratcat/(Morgan Bickerson) healed / revived *no client*/(Morgan Bickerson)
[23:51:20]ACCESS: Logout: *no client*/(Morgan Bickerson)
[23:51:20]ACCESS: Login: Catratcat/(Morgan Bickerson) from 127.0.0.1-3781439013 || BYOND v498
[23:51:28]ADMIN: ATTACK: Morgan Bickerson (catratcat) attacked Morgan Bickerson (catratcat) with the hammer.
[23:51:29]ADMIN: ATTACK: Morgan Bickerson (catratcat) attacked Morgan Bickerson (catratcat) with the hammer.
[23:51:31]ADMIN: ATTACK: Morgan Bickerson (catratcat) attacked Morgan Bickerson (catratcat) with the hammer.
[23:51:32]ADMIN: ATTACK: Morgan Bickerson (catratcat) attacked Morgan Bickerson (catratcat) with the hammer.
[23:51:36]ACCESS: Logout: *no client*/(Morgan Bickerson)
[23:51:36]ACCESS: Login: Catratcat/(Morgan Bickerson) from 127.0.0.1-3781439013 || BYOND v498
[23:51:51]EMOTE: Morgan Bickerson/ : <B>Morgan Bickerson</B> stops breathing...
[23:51:55]EMOTE: Morgan Bickerson/ : <B>Morgan Bickerson</B> seizes up and falls limp, his eyes dead and lifeless...
[23:52:30]GAME: Rebooting because of no live players
[23:52:30]ACCESS: Logout: Catratcat/(Morgan Bickerson)


Starting up. 23:52.37
---------------------

[23:52:37]ADMIN: Loading jobban_rank
[23:52:37]ADMIN: jobban_keylist was empty
[23:52:37]ADMIN: Updating jobbanfile!
[23:52:37]ADMIN: Loading Banlist
Reading donators.txt
[23:52:43]ACCESS: Login: Catratcat/(Catratcat) from 192.168.0.103-3781439013 || BYOND v498
[23:52:43]ACCESS: Login: Catratcat/(Catratcat) from 192.168.0.103
[23:52:45]ACCESS: Logout: Catratcat/(Catratcat)
