

Starting up. 20:12.38
---------------------

[20:12:38]ADMIN: Loading jobban_rank
[20:12:38]ADMIN: jobban_keylist was empty
[20:12:38]ADMIN: Updating jobbanfile!
[20:12:38]ADMIN: Loading Banlist
Reading donators.txt
[20:12:56]ACCESS: Login: Catratcat/(Catratcat) from 127.0.0.1-3781439013 || BYOND v498
[20:12:57]ACCESS: Login: Catratcat/(Catratcat) from 127.0.0.1
[20:13:16]ADMIN: Catratcat has started the game.
[20:13:17]ACCESS: Logout: *no client*/(Catratcat)
[20:13:17]ACCESS: Login: Catratcat/(Morgan Bickerson) from 127.0.0.1-3781439013 || BYOND v498
[20:13:44]ACCESS: Logout: Catratcat/(Morgan Bickerson)


Starting up. 20:22.48
---------------------

[20:22:48]ADMIN: Loading jobban_rank
[20:22:48]ADMIN: jobban_keylist was empty
[20:22:48]ADMIN: Updating jobbanfile!
[20:22:48]ADMIN: Loading Banlist
Reading donators.txt
[20:29:04]ACCESS: Login: Catratcat/(Catratcat) from 127.0.0.1-3781439013 || BYOND v498
[20:29:04]ACCESS: Login: Catratcat/(Catratcat) from 127.0.0.1
[20:29:10]ACCESS: Logout: Catratcat/(Catratcat)
[20:29:10]ACCESS: Login: Catratcat/(Catratcat) from 127.0.0.1-3781439013 || BYOND v498
[20:29:10]ACCESS: Login: Catratcat/(Catratcat) from 127.0.0.1
[20:29:34]ADMIN: Catratcat has started the game.
[20:29:35]ACCESS: Logout: *no client*/(Catratcat)
[20:29:35]ACCESS: Login: Catratcat/(Morgan Bickerson) from 127.0.0.1-3781439013 || BYOND v498
[20:30:22]ACCESS: Logout: Catratcat/(Morgan Bickerson)


Starting up. 20:39.25
---------------------

[20:39:25]ADMIN: Loading jobban_rank
[20:39:25]ADMIN: jobban_keylist was empty
[20:39:25]ADMIN: Updating jobbanfile!
[20:39:25]ADMIN: Loading Banlist
Reading donators.txt
[20:39:36]ACCESS: Login: Catratcat/(Catratcat) from 127.0.0.1-3781439013 || BYOND v498
[20:39:36]ACCESS: Login: Catratcat/(Catratcat) from 127.0.0.1
[20:39:43]ADMIN: Catratcat has started the game.
[20:39:43]ACCESS: Logout: *no client*/(Catratcat)
[20:39:43]ACCESS: Login: Catratcat/(Morgan Bickerson) from 127.0.0.1-3781439013 || BYOND v498
[20:40:19]ACCESS: Logout: Catratcat/(Morgan Bickerson)


Starting up. 20:42.25
---------------------

[20:42:25]ADMIN: Loading jobban_rank
[20:42:25]ADMIN: jobban_keylist was empty
[20:42:25]ADMIN: Updating jobbanfile!
[20:42:25]ADMIN: Loading Banlist
Reading donators.txt
[20:42:28]ACCESS: Login: Catratcat/(Catratcat) from 127.0.0.1-3781439013 || BYOND v498
[20:42:28]ACCESS: Login: Catratcat/(Catratcat) from 127.0.0.1
[20:42:38]ADMIN: Catratcat has started the game.
[20:42:39]ACCESS: Logout: *no client*/(Catratcat)
[20:42:39]ACCESS: Login: Catratcat/(Morgan Bickerson) from 127.0.0.1-3781439013 || BYOND v498
[20:42:53]ACCESS: Logout: Catratcat/(Morgan Bickerson)


Starting up. 20:47.05
---------------------

[20:47:05]ADMIN: Loading jobban_rank
[20:47:05]ADMIN: jobban_keylist was empty
[20:47:05]ADMIN: Updating jobbanfile!
[20:47:05]ADMIN: Loading Banlist
Reading donators.txt
[20:47:08]ACCESS: Login: Catratcat/(Catratcat) from 127.0.0.1-3781439013 || BYOND v498
[20:47:08]ACCESS: Login: Catratcat/(Catratcat) from 127.0.0.1
[20:47:18]ADMIN: Catratcat has started the game.
[20:47:19]ACCESS: Logout: *no client*/(Catratcat)
[20:47:19]ACCESS: Login: Catratcat/(Morgan Bickerson) from 127.0.0.1-3781439013 || BYOND v498
[20:47:45]ACCESS: Logout: Catratcat/(Morgan Bickerson)


Starting up. 20:55.25
---------------------

[20:55:25]ADMIN: Loading jobban_rank
[20:55:25]ADMIN: jobban_keylist was empty
[20:55:25]ADMIN: Updating jobbanfile!
[20:55:25]ADMIN: Loading Banlist
Reading donators.txt
[20:55:28]ACCESS: Login: Catratcat/(Catratcat) from 127.0.0.1-3781439013 || BYOND v498
[20:55:28]ACCESS: Login: Catratcat/(Catratcat) from 127.0.0.1
[20:55:38]ADMIN: Catratcat has started the game.
[20:55:39]ACCESS: Logout: *no client*/(Catratcat)
[20:55:39]ACCESS: Login: Catratcat/(Morgan Bickerson) from 127.0.0.1-3781439013 || BYOND v498
[20:56:01]ACCESS: Logout: Catratcat/(Morgan Bickerson)


Starting up. 20:58.19
---------------------

[20:58:19]ADMIN: Loading jobban_rank
[20:58:19]ADMIN: jobban_keylist was empty
[20:58:19]ADMIN: Updating jobbanfile!
[20:58:19]ADMIN: Loading Banlist
Reading donators.txt
[20:58:30]ACCESS: Login: Catratcat/(Catratcat) from 127.0.0.1-3781439013 || BYOND v498
[20:58:30]ACCESS: Login: Catratcat/(Catratcat) from 127.0.0.1
[21:00:30]ADMIN: Catratcat has started the game.
[21:00:31]ACCESS: Logout: *no client*/(Catratcat)
[21:00:31]ACCESS: Login: Catratcat/(Morgan Bickerson) from 127.0.0.1-3781439013 || BYOND v498
[21:01:49]ACCESS: Logout: Catratcat/(Morgan Bickerson)


Starting up. 21:04.57
---------------------

[21:04:57]ADMIN: Loading jobban_rank
[21:04:57]ADMIN: jobban_keylist was empty
[21:04:57]ADMIN: Updating jobbanfile!
[21:04:57]ADMIN: Loading Banlist
Reading donators.txt
[21:05:01]ACCESS: Login: Catratcat/(Catratcat) from 127.0.0.1-3781439013 || BYOND v498
[21:05:02]ACCESS: Login: Catratcat/(Catratcat) from 127.0.0.1
[21:05:08]ACCESS: Logout: Catratcat/(Catratcat)


Starting up. 21:05.30
---------------------

[21:05:30]ADMIN: Loading jobban_rank
[21:05:30]ADMIN: jobban_keylist was empty
[21:05:30]ADMIN: Updating jobbanfile!
[21:05:30]ADMIN: Loading Banlist
Reading donators.txt
[21:05:41]ACCESS: Login: Catratcat/(Catratcat) from 127.0.0.1-3781439013 || BYOND v498
[21:05:41]ACCESS: Login: Catratcat/(Catratcat) from 127.0.0.1
[21:05:46]ADMIN: Catratcat has started the game.
[21:05:46]ACCESS: Logout: *no client*/(Catratcat)
[21:05:46]ACCESS: Login: Catratcat/(Morgan Bickerson) from 127.0.0.1-3781439013 || BYOND v498
[21:05:58]ACCESS: Logout: Catratcat/(Morgan Bickerson)


Starting up. 21:10.13
---------------------

[21:10:13]ADMIN: Loading jobban_rank
[21:10:13]ADMIN: jobban_keylist was empty
[21:10:13]ADMIN: Updating jobbanfile!
[21:10:13]ADMIN: Loading Banlist
Reading donators.txt
[21:10:27]ACCESS: Login: Catratcat/(Catratcat) from 127.0.0.1-3781439013 || BYOND v498
[21:10:27]ACCESS: Login: Catratcat/(Catratcat) from 127.0.0.1
[21:10:33]ADMIN: Catratcat has started the game.
[21:10:34]ACCESS: Logout: *no client*/(Catratcat)
[21:10:34]ACCESS: Login: Catratcat/(Morgan Bickerson) from 127.0.0.1-3781439013 || BYOND v498
[21:10:45]ACCESS: Logout: Catratcat/(Morgan Bickerson)


Starting up. 21:34.54
---------------------

[21:34:54]ADMIN: Loading jobban_rank
[21:34:54]ADMIN: jobban_keylist was empty
[21:34:54]ADMIN: Updating jobbanfile!
[21:34:54]ADMIN: Loading Banlist
Reading donators.txt
[21:35:04]ACCESS: Login: Catratcat/(Catratcat) from 127.0.0.1-3781439013 || BYOND v498
[21:35:04]ACCESS: Login: Catratcat/(Catratcat) from 127.0.0.1
[21:35:10]ADMIN: Catratcat has started the game.
[21:35:10]ACCESS: Logout: *no client*/(Catratcat)
[21:35:10]ACCESS: Login: Catratcat/(Morgan Bickerson) from 127.0.0.1-3781439013 || BYOND v498
[21:35:59]ACCESS: Logout: Catratcat/(Morgan Bickerson)


Starting up. 21:50.42
---------------------

[21:50:42]ADMIN: Loading jobban_rank
[21:50:42]ADMIN: jobban_keylist was empty
[21:50:42]ADMIN: Updating jobbanfile!
[21:50:42]ADMIN: Loading Banlist
Reading donators.txt
[21:50:47]ACCESS: Login: Catratcat/(Catratcat) from 127.0.0.1-3781439013 || BYOND v498
[21:50:47]ACCESS: Login: Catratcat/(Catratcat) from 127.0.0.1
[21:50:57]ADMIN: Catratcat has started the game.
[21:50:58]ACCESS: Logout: *no client*/(Catratcat)
[21:50:58]ACCESS: Login: Catratcat/(Morgan Bickerson) from 127.0.0.1-3781439013 || BYOND v498
[21:51:13]ACCESS: Logout: Catratcat/(Morgan Bickerson)


Starting up. 21:59.52
---------------------

[21:59:52]ADMIN: Loading jobban_rank
[21:59:52]ADMIN: jobban_keylist was empty
[21:59:52]ADMIN: Updating jobbanfile!
[21:59:52]ADMIN: Loading Banlist
Reading donators.txt
[22:00:02]ACCESS: Login: Catratcat/(Catratcat) from 127.0.0.1-3781439013 || BYOND v498
[22:00:02]ACCESS: Login: Catratcat/(Catratcat) from 127.0.0.1
[22:00:07]ADMIN: Catratcat has started the game.
[22:00:07]ACCESS: Logout: *no client*/(Catratcat)
[22:00:07]ACCESS: Login: Catratcat/(Morgan Bickerson) from 127.0.0.1-3781439013 || BYOND v498
[22:00:23]ACCESS: Logout: Catratcat/(Morgan Bickerson)


Starting up. 22:02.49
---------------------

[22:02:49]ADMIN: Loading jobban_rank
[22:02:49]ADMIN: jobban_keylist was empty
[22:02:49]ADMIN: Updating jobbanfile!
[22:02:49]ADMIN: Loading Banlist
Reading donators.txt
[22:02:53]ACCESS: Login: Catratcat/(Catratcat) from 127.0.0.1-3781439013 || BYOND v498
[22:02:53]ACCESS: Login: Catratcat/(Catratcat) from 127.0.0.1
[22:03:05]ADMIN: Catratcat has started the game.
[22:03:06]ACCESS: Logout: *no client*/(Catratcat)
[22:03:06]ACCESS: Login: Catratcat/(Morgan Bickerson) from 127.0.0.1-3781439013 || BYOND v498
[22:03:16]ACCESS: Logout: Catratcat/(Morgan Bickerson)


Starting up. 22:05.32
---------------------

[22:05:32]ADMIN: Loading jobban_rank
[22:05:32]ADMIN: jobban_keylist was empty
[22:05:32]ADMIN: Updating jobbanfile!
[22:05:32]ADMIN: Loading Banlist
Reading donators.txt
[22:05:35]ACCESS: Login: Catratcat/(Catratcat) from 127.0.0.1-3781439013 || BYOND v498
[22:05:35]ACCESS: Login: Catratcat/(Catratcat) from 127.0.0.1
[22:05:45]ADMIN: Catratcat has started the game.
[22:05:46]ACCESS: Logout: *no client*/(Catratcat)
[22:05:46]ACCESS: Login: Catratcat/(Morgan Bickerson) from 127.0.0.1-3781439013 || BYOND v498
[22:05:56]ACCESS: Logout: Catratcat/(Morgan Bickerson)


Starting up. 22:11.29
---------------------

[22:11:29]ADMIN: Loading jobban_rank
[22:11:29]ADMIN: jobban_keylist was empty
[22:11:29]ADMIN: Updating jobbanfile!
[22:11:29]ADMIN: Loading Banlist
Reading donators.txt
[22:12:51]ACCESS: Login: Catratcat/(Catratcat) from 127.0.0.1-3781439013 || BYOND v498
[22:12:51]ACCESS: Login: Catratcat/(Catratcat) from 127.0.0.1
[22:12:56]ADMIN: Catratcat has started the game.
[22:12:57]ACCESS: Logout: *no client*/(Catratcat)
[22:12:57]ACCESS: Login: Catratcat/(Morgan Bickerson) from 127.0.0.1-3781439013 || BYOND v498
[22:13:08]ACCESS: Logout: Catratcat/(Morgan Bickerson)


Starting up. 22:18.23
---------------------

[22:18:23]ADMIN: Loading jobban_rank
[22:18:23]ADMIN: jobban_keylist was empty
[22:18:23]ADMIN: Updating jobbanfile!
[22:18:23]ADMIN: Loading Banlist
Reading donators.txt
[22:18:34]ACCESS: Login: Catratcat/(Catratcat) from 127.0.0.1-3781439013 || BYOND v498
[22:18:34]ACCESS: Login: Catratcat/(Catratcat) from 127.0.0.1
[22:18:40]ADMIN: Catratcat has started the game.
[22:18:41]ACCESS: Logout: *no client*/(Catratcat)
[22:18:41]ACCESS: Login: Catratcat/(Morgan Bickerson) from 127.0.0.1-3781439013 || BYOND v498
[22:18:54]ACCESS: Logout: Catratcat/(Morgan Bickerson)


Starting up. 22:22.44
---------------------

[22:22:44]ADMIN: Loading jobban_rank
[22:22:44]ADMIN: jobban_keylist was empty
[22:22:44]ADMIN: Updating jobbanfile!
[22:22:44]ADMIN: Loading Banlist
Reading donators.txt
[22:22:48]ACCESS: Login: Catratcat/(Catratcat) from 127.0.0.1-3781439013 || BYOND v498
[22:22:48]ACCESS: Login: Catratcat/(Catratcat) from 127.0.0.1
[22:22:58]ADMIN: Catratcat has started the game.
[22:22:58]ACCESS: Logout: *no client*/(Catratcat)
[22:22:58]ACCESS: Login: Catratcat/(Morgan Bickerson) from 127.0.0.1-3781439013 || BYOND v498
[22:23:32]ADMIN: Catratcat/(Morgan Bickerson) modified Morgan Bickerson's icon_state to m-non
[22:23:39]ACCESS: Logout: Catratcat/(Morgan Bickerson)


Starting up. 22:26.44
---------------------

[22:26:44]ADMIN: Loading jobban_rank
[22:26:44]ADMIN: jobban_keylist was empty
[22:26:44]ADMIN: Updating jobbanfile!
[22:26:44]ADMIN: Loading Banlist
Reading donators.txt
[22:26:47]ACCESS: Login: Catratcat/(Catratcat) from 127.0.0.1-3781439013 || BYOND v498
[22:26:47]ACCESS: Login: Catratcat/(Catratcat) from 127.0.0.1
[22:27:27]ADMIN: Catratcat has started the game.
[22:27:28]ACCESS: Logout: *no client*/(Catratcat)
[22:27:28]ACCESS: Login: Catratcat/(Morgan Bickerson) from 127.0.0.1-3781439013 || BYOND v498
[22:27:42]ACCESS: Logout: Catratcat/(Morgan Bickerson)


Starting up. 22:32.11
---------------------

[22:32:11]ADMIN: Loading jobban_rank
[22:32:11]ADMIN: jobban_keylist was empty
[22:32:11]ADMIN: Updating jobbanfile!
[22:32:11]ADMIN: Loading Banlist
Reading donators.txt
[22:32:16]ACCESS: Login: Catratcat/(Catratcat) from 127.0.0.1-3781439013 || BYOND v498
[22:32:16]ACCESS: Login: Catratcat/(Catratcat) from 127.0.0.1
[22:32:25]ADMIN: Catratcat has started the game.
[22:32:25]ACCESS: Logout: *no client*/(Catratcat)
[22:32:25]ACCESS: Login: Catratcat/(Morgan Bickerson) from 127.0.0.1-3781439013 || BYOND v498
[22:33:34]ADMIN: Catratcat/(Morgan Bickerson) created a /obj/item/weapon/cloaking_device
[22:34:28]ADMIN: Catratcat/(Morgan Bickerson) modified Morgan Bickerson's hiding to 0
[22:34:44]ACCESS: Logout: Catratcat/(Morgan Bickerson)


Starting up. 22:40.50
---------------------

[22:40:50]ADMIN: Loading jobban_rank
[22:40:50]ADMIN: jobban_keylist was empty
[22:40:50]ADMIN: Updating jobbanfile!
[22:40:50]ADMIN: Loading Banlist
Reading donators.txt
[22:41:57]ACCESS: Login: Catratcat/(Catratcat) from 127.0.0.1-3781439013 || BYOND v498
[22:41:57]ACCESS: Login: Catratcat/(Catratcat) from 127.0.0.1
[22:42:44]ADMIN: Catratcat has started the game.
[22:42:44]ACCESS: Logout: *no client*/(Catratcat)
[22:42:44]ACCESS: Login: Catratcat/(Morgan Bickerson) from 127.0.0.1-3781439013 || BYOND v498
[22:43:52]ADMIN: Catratcat/(Morgan Bickerson) made Catratcat/(Morgan Bickerson) drop everything!
[22:44:04]ACCESS: Logout: Catratcat/(Morgan Bickerson)


Starting up. 22:46.45
---------------------

[22:46:45]ADMIN: Loading jobban_rank
[22:46:45]ADMIN: jobban_keylist was empty
[22:46:45]ADMIN: Updating jobbanfile!
[22:46:45]ADMIN: Loading Banlist
Reading donators.txt
[22:46:48]ACCESS: Login: Catratcat/(Catratcat) from 127.0.0.1-3781439013 || BYOND v498
[22:46:48]ACCESS: Login: Catratcat/(Catratcat) from 127.0.0.1
[22:46:58]ADMIN: Catratcat has started the game.
[22:46:58]ACCESS: Logout: *no client*/(Catratcat)
[22:46:58]ACCESS: Login: Catratcat/(Morgan Bickerson) from 127.0.0.1-3781439013 || BYOND v498
[22:47:17]ADMIN: Catratcat/(Morgan Bickerson) made Catratcat/(Morgan Bickerson) drop everything!
[22:47:44]ADMIN: Catratcat/(Morgan Bickerson) jumped to 42,42,2 in Street
[22:47:59]ACCESS: Logout: Catratcat/(Morgan Bickerson)


Starting up. 22:50.19
---------------------

[22:50:19]ADMIN: Loading jobban_rank
[22:50:19]ADMIN: jobban_keylist was empty
[22:50:19]ADMIN: Updating jobbanfile!
[22:50:19]ADMIN: Loading Banlist
Reading donators.txt
[22:50:30]ACCESS: Login: Catratcat/(Catratcat) from 127.0.0.1-3781439013 || BYOND v498
[22:50:30]ACCESS: Login: Catratcat/(Catratcat) from 127.0.0.1
[22:50:35]ADMIN: Catratcat has started the game.
[22:50:36]ACCESS: Logout: *no client*/(Catratcat)
[22:50:36]ACCESS: Login: Catratcat/(Morgan Bickerson) from 127.0.0.1-3781439013 || BYOND v498
[22:50:51]ACCESS: Logout: Catratcat/(Morgan Bickerson)


Starting up. 23:01.20
---------------------

[23:01:20]ADMIN: Loading jobban_rank
[23:01:20]ADMIN: jobban_keylist was empty
[23:01:20]ADMIN: Updating jobbanfile!
[23:01:20]ADMIN: Loading Banlist
Reading donators.txt
[23:01:29]ACCESS: Login: Catratcat/(Catratcat) from 127.0.0.1-3781439013 || BYOND v498
[23:01:29]ACCESS: Login: Catratcat/(Catratcat) from 127.0.0.1
[23:01:35]ADMIN: Catratcat has started the game.
[23:01:35]ACCESS: Logout: *no client*/(Catratcat)
[23:01:35]ACCESS: Login: Catratcat/(Morgan Bickerson) from 127.0.0.1-3781439013 || BYOND v498
[23:01:51]ACCESS: Logout: Catratcat/(Morgan Bickerson)


Starting up. 23:05.31
---------------------

[23:05:31]ADMIN: Loading jobban_rank
[23:05:31]ADMIN: jobban_keylist was empty
[23:05:31]ADMIN: Updating jobbanfile!
[23:05:31]ADMIN: Loading Banlist
Reading donators.txt
[23:06:19]ACCESS: Login: Catratcat/(Catratcat) from 127.0.0.1-3781439013 || BYOND v498
[23:06:19]ACCESS: Login: Catratcat/(Catratcat) from 127.0.0.1
[23:06:25]ADMIN: Catratcat has started the game.
[23:06:25]ACCESS: Logout: *no client*/(Catratcat)
[23:06:25]ACCESS: Login: Catratcat/(Morgan Bickerson) from 127.0.0.1-3781439013 || BYOND v498
[23:06:54]ACCESS: Logout: Catratcat/(Morgan Bickerson)


Starting up. 23:12.12
---------------------

[23:12:12]ADMIN: Loading jobban_rank
[23:12:12]ADMIN: jobban_keylist was empty
[23:12:12]ADMIN: Updating jobbanfile!
[23:12:12]ADMIN: Loading Banlist
Reading donators.txt
[23:16:36]ACCESS: Login: Catratcat/(Catratcat) from 127.0.0.1-3781439013 || BYOND v498
[23:16:36]ACCESS: Login: Catratcat/(Catratcat) from 127.0.0.1
[23:16:50]ADMIN: Catratcat has started the game.
[23:16:51]ACCESS: Logout: *no client*/(Catratcat)
[23:16:51]ACCESS: Login: Catratcat/(Morgan Bickerson) from 127.0.0.1-3781439013 || BYOND v498
[23:17:48]ACCESS: Logout: Catratcat/(Morgan Bickerson)
