

Starting up. 14:20.16
---------------------

[14:20:16]ADMIN: Loading jobban_rank
[14:20:16]ADMIN: jobban_keylist was empty
[14:20:16]ADMIN: Updating jobbanfile!
[14:20:16]ADMIN: Loading Banlist
Reading donators.txt
[14:26:25]ACCESS: Login: Catratcat/(Catratcat) from 127.0.0.1-3781439013 || BYOND v498
[14:26:25]ACCESS: Login: Catratcat/(Catratcat) from 127.0.0.1
[14:26:38]ADMIN: Catratcat has started the game.
[14:26:39]ACCESS: Logout: *no client*/(Catratcat)
[14:26:39]ACCESS: Login: Catratcat/(Morgan Bickerson) from 127.0.0.1-3781439013 || BYOND v498
[14:26:58]ADMIN: Catratcat/(Morgan Bickerson) created a /mob/living/carbon/human
[14:27:00]ADMIN: Catratcat/(Morgan Bickerson) created a /mob/living/carbon/human
[14:27:12]ACCESS: Logout: Catratcat/(Morgan Bickerson)


Starting up. 14:41.44
---------------------

[14:41:44]ADMIN: Loading jobban_rank
[14:41:44]ADMIN: jobban_keylist was empty
[14:41:44]ADMIN: Updating jobbanfile!
[14:41:44]ADMIN: Loading Banlist
Reading donators.txt
[14:42:31]ACCESS: Login: Catratcat/(Catratcat) from 127.0.0.1-3781439013 || BYOND v498
[14:42:31]ACCESS: Login: Catratcat/(Catratcat) from 127.0.0.1
[14:42:37]ADMIN: Catratcat has started the game.
[14:42:38]ACCESS: Logout: *no client*/(Catratcat)
[14:42:38]ACCESS: Login: Catratcat/(Morgan Bickerson) from 127.0.0.1-3781439013 || BYOND v498
[14:42:43]ADMIN: Catratcat/(Morgan Bickerson) jumped to 42,42,2 in Street
[14:44:16]ACCESS: Login: Nigilith/(Nigilith) from 94.73.244.186-3078884852 || BYOND v499
[14:44:17]ACCESS: Login: Nigilith/(Nigilith) from 94.73.244.186
[14:44:25]ADMIN: Catratcat/(Morgan Bickerson) teleported Nigilith/(Nigilith)
[14:44:36]OOC: Nigilith/Nigilith : Так
[14:44:36]OOC: Morgan Bickerson/Catratcat : заходи в игру
[14:44:44]ACCESS: Logout: *no client*/(Nigilith)
[14:44:44]ACCESS: Login: Nigilith/(Alessa Towers) from 94.73.244.186-3078884852 || BYOND v499
[14:44:50]ADMIN: Catratcat/(Morgan Bickerson) teleported Nigilith/(Alessa Towers)
[14:45:03]SAY: Morgan Bickerson/Catratcat : так
[14:45:16]SAY: Morgan Bickerson/Catratcat : черт...
[14:45:23]SAY: Morgan Bickerson/Catratcat : сможешь переайти черещз минуту?
[14:45:27]SAY: Alessa Towers/Nigilith : Досадно что фв все еще так притормаживает
[14:45:32]SAY: Alessa Towers/Nigilith : Да
[14:45:33]SAY: Morgan Bickerson/Catratcat : ага
[14:45:35]ACCESS: Logout: Catratcat/(Morgan Bickerson)
[14:45:39]ACCESS: Logout: Nigilith/(Alessa Towers)


Starting up. 14:47.21
---------------------

[14:47:21]ADMIN: Loading jobban_rank
[14:47:21]ADMIN: jobban_keylist was empty
[14:47:21]ADMIN: Updating jobbanfile!
[14:47:21]ADMIN: Loading Banlist
Reading donators.txt
[14:47:30]ACCESS: Login: Catratcat/(Catratcat) from 127.0.0.1-3781439013 || BYOND v498
[14:47:30]ACCESS: Login: Catratcat/(Catratcat) from 127.0.0.1
[14:47:37]ADMIN: Catratcat has started the game.
[14:47:38]ACCESS: Logout: *no client*/(Catratcat)
[14:47:38]ACCESS: Login: Catratcat/(Morgan Bickerson) from 127.0.0.1-3781439013 || BYOND v498
[14:47:42]ADMIN: Catratcat/(Morgan Bickerson) jumped to 42,43,2 in Street
[14:48:14]ACCESS: Login: Nigilith/(Nigilith) from 94.73.244.186-3078884852 || BYOND v499
[14:48:14]ACCESS: Login: Nigilith/(Nigilith) from 94.73.244.186
[14:48:27]ACCESS: Logout: *no client*/(Nigilith)
[14:48:27]ACCESS: Login: Nigilith/(Alessa Towers) from 94.73.244.186-3078884852 || BYOND v499
[14:48:48]OOC: Morgan Bickerson/Catratcat : проблема в обновлении экрана. Этио что-то в глубинах кода. Починю и будет все быстро обновл&#255;тьс&#255;
[14:48:54]ADMIN: Catratcat/(Morgan Bickerson) teleported Nigilith/(Alessa Towers)
[14:49:16]SAY: Morgan Bickerson/Catratcat : хээй
[14:49:19]SAY: Morgan Bickerson/Catratcat : ты здесь?
[14:49:28]OOC: Alessa Towers/Nigilith : А почему ты выбрал просто затемнение. Персонаж же видит предметы
[14:49:37]SAY: Alessa Towers/Nigilith : Бабах
[14:49:43]SAY: Morgan Bickerson/Catratcat : ххех
[14:49:59]OOC: Morgan Bickerson/Catratcat : самое простое было бы затемнить экран
[14:50:12]OOC: Morgan Bickerson/Catratcat : И не пришлось бы лагучие функции писать
[14:50:19]OOC: Morgan Bickerson/Catratcat : Но все вопили про бельмо
[14:50:48]ADMIN: Catratcat/(Morgan Bickerson) mass modified Morgan Bickerson's invisibility to 0
[14:50:57]OOC: Alessa Towers/Nigilith : Хот&#255; этот фов и реалистичен, все равно мне он кажетс&#255; сильно большим
[14:51:12]OOC: Morgan Bickerson/Catratcat : Думаю, что &#255; от него откажусь пока
[14:51:26]OOC: Morgan Bickerson/Catratcat : Вообще, до тех пор пока не сделаю его оптимальным
[14:51:27]OOC: Alessa Towers/Nigilith : Ясно. Как там с картой?
[14:51:58]OOC: Morgan Bickerson/Catratcat : поверхность готова. (четверть карты осталось)
[14:52:10]OOC: Morgan Bickerson/Catratcat : Ну то есть готова полностью. Предметы, мусор
[14:52:26]OOC: Alessa Towers/Nigilith : Осталось подземелье то есть
[14:52:36]ADMIN: Catratcat/(Morgan Bickerson) mass modified Morgan Bickerson's invisibility to 0
[14:53:15]OOC: Morgan Bickerson/Catratcat : Оно тоже частично готово. но доделывать его буду уже после запуска
[14:53:26]SAY: Morgan Bickerson/Catratcat : хэй
[14:53:40]SAY: Alessa Towers/Nigilith : Кстати норма ли, что &#255; не вижу твоего тела
[14:53:42]SAY: Morgan Bickerson/Catratcat : смотри
[14:53:55]ADMIN: Catratcat/(Morgan Bickerson) created a /obj/item/weapon/screwdriver
[14:54:06]SAY: Alessa Towers/Nigilith : Вижу
[14:54:18]SAY: Morgan Bickerson/Catratcat : вот
[14:54:25]SAY: Morgan Bickerson/Catratcat : прицельс&#255; мне в рот-горло
[14:54:27]SAY: Morgan Bickerson/Catratcat : и ударь
[14:54:33]ADMIN: ATTACK: Alessa Towers (nigilith) attacked Morgan Bickerson (catratcat) with the screwdriver.
[14:54:36]SAY: Morgan Bickerson/Catratcat : еще
[14:54:38]ADMIN: ATTACK: Alessa Towers (nigilith) attacked Morgan Bickerson (catratcat) with the screwdriver.
[14:54:50]SAY: Alessa Towers/Nigilith : Кровотечение
[14:55:00]SAY: Alessa Towers/Nigilith : ПРОПАЛЕЙ
[14:55:04]SAY: Alessa Towers/Nigilith : Вау
[14:55:05]ADMIN: Catratcat/(Morgan Bickerson) mass modified Morgan Bickerson's invisibility to 0
[14:55:09]ACCESS: Logout: *no client*/(Morgan Bickerson)
[14:55:09]ACCESS: Login: Catratcat/(Morgan Bickerson) from 127.0.0.1-3781439013 || BYOND v498
[14:55:14]OOC: Alessa Towers/Nigilith : А это дерьмо очень красиво. И очень робустно
[14:55:28]OOC: Alessa Towers/Nigilith : Даже черезчур робустно. Но эта робустность в самый раз.
[14:55:29]OOC: Morgan Bickerson/Catratcat : ага. Подлый удар
[14:55:31]OOC: Alessa Towers/Nigilith : Лол
[14:55:33]EMOTE: Morgan Bickerson/ : <B>Morgan Bickerson</B> stops breathing...
[14:55:40]EMOTE: Morgan Bickerson/ : <B>Morgan Bickerson</B> seizes up and falls limp, his eyes dead and lifeless...
[14:55:59]OOC: Morgan Bickerson/Catratcat : с подземельем не очень пон&#255;тно
[14:56:09]OOC: Morgan Bickerson/Catratcat : пока много пустот. Но постепенно заполн&#255;тсч&#255;
[14:56:21]OOC: Morgan Bickerson/Catratcat : Так то &#255; в эти выходные хотел запустить
[14:56:28]OOC: Morgan Bickerson/Catratcat : Но зав&#255;з в коде
[14:56:42]OOC: Morgan Bickerson/Catratcat : Продолжим в  джаббере
[14:56:46]ACCESS: Logout: Catratcat/(Morgan Bickerson)
[14:56:50]ACCESS: Logout: Nigilith/(Alessa Towers)


Starting up. 15:10.08
---------------------

[15:10:08]ADMIN: Loading jobban_rank
[15:10:08]ADMIN: jobban_keylist was empty
[15:10:08]ADMIN: Updating jobbanfile!
[15:10:08]ADMIN: Loading Banlist
Reading donators.txt
[15:10:18]ACCESS: Login: Catratcat/(Catratcat) from 127.0.0.1-3781439013 || BYOND v498
[15:10:19]ACCESS: Login: Catratcat/(Catratcat) from 127.0.0.1
[15:11:09]ADMIN: Catratcat has started the game.
[15:11:12]ACCESS: Logout: *no client*/(Catratcat)
[15:11:12]ACCESS: Login: Catratcat/(Morgan Bickerson) from 127.0.0.1-3781439013 || BYOND v498
[15:11:20]ADMIN: Catratcat/(Morgan Bickerson) jumped to 41,42,2 in Street
[15:11:30]ADMIN: Catratcat/(Morgan Bickerson) created a /mob/living/carbon/human
[15:11:34]ADMIN: Catratcat/(Morgan Bickerson) created a /mob/living/carbon/human
[15:11:36]ADMIN: Catratcat/(Morgan Bickerson) created a /mob/living/carbon/human
[15:11:40]ADMIN: Catratcat/(Morgan Bickerson) created a /mob/living/carbon/human
[15:11:45]ADMIN: Catratcat/(Morgan Bickerson) created a /mob/living/carbon/human
[15:12:08]ACCESS: Login: Nigilith/(Nigilith) from 94.73.244.186-3078884852 || BYOND v499
[15:12:08]ACCESS: Login: Nigilith/(Nigilith) from 94.73.244.186
[15:12:16]ACCESS: Logout: *no client*/(Nigilith)
[15:12:16]ACCESS: Login: Nigilith/(Alessa Towers) from 94.73.244.186-3078884852 || BYOND v499
[15:12:22]OOC: Alessa Towers/Nigilith : Здесь
[15:12:30]OOC: Morgan Bickerson/Catratcat : заходи
[15:13:21]SAY: Alessa Towers/Nigilith : О
[15:13:28]SAY: Alessa Towers/Nigilith : втой фов вли&#255;ет на мой
[15:13:35]SAY: Morgan Bickerson/Catratcat : как?
[15:13:43]SAY: Alessa Towers/Nigilith : То есть те, кто у теб&#255; за спиной тоже не видны мне
[15:13:57]SAY: Morgan Bickerson/Catratcat : смешно
[15:13:58]SAY: Alessa Towers/Nigilith : Ну или они миают
[15:14:01]SAY: Alessa Towers/Nigilith : Доа
[15:14:16]SAY: Morgan Bickerson/Catratcat : и у мен&#255; так
[15:14:25]SAY: Morgan Bickerson/Catratcat : это &#255; попыталс&#255; прив&#255;зать к клиенту
[15:14:30]SAY: Alessa Towers/Nigilith : Лол
[15:14:38]SAY: Morgan Bickerson/Catratcat : сможешь через минутку снова зайти?
[15:14:49]SAY: Alessa Towers/Nigilith : Да, скорей всего
[15:14:53]ACCESS: Logout: Nigilith/(Alessa Towers)
[15:15:00]ACCESS: Logout: Catratcat/(Morgan Bickerson)


Starting up. 15:17.03
---------------------

[15:17:03]ADMIN: Loading jobban_rank
[15:17:03]ADMIN: jobban_keylist was empty
[15:17:03]ADMIN: Updating jobbanfile!
[15:17:03]ADMIN: Loading Banlist
Reading donators.txt
[15:17:13]ACCESS: Login: Catratcat/(Catratcat) from 127.0.0.1-3781439013 || BYOND v498
[15:17:13]ACCESS: Login: Catratcat/(Catratcat) from 127.0.0.1
[15:17:19]ADMIN: Catratcat has started the game.
[15:17:21]ACCESS: Logout: *no client*/(Catratcat)
[15:17:21]ACCESS: Login: Catratcat/(Morgan Bickerson) from 127.0.0.1-3781439013 || BYOND v498
[15:17:39]ADMIN: Catratcat/(Morgan Bickerson) jumped to 40,41,2 in Street
[15:17:48]ADMIN: Catratcat/(Morgan Bickerson) created a /mob/living/carbon/human
[15:17:50]ADMIN: Catratcat/(Morgan Bickerson) created a /mob/living/carbon/human
[15:17:51]ADMIN: Catratcat/(Morgan Bickerson) created a /mob/living/carbon/human
[15:17:53]ADMIN: Catratcat/(Morgan Bickerson) created a /mob/living/carbon/human
[15:17:55]ADMIN: Catratcat/(Morgan Bickerson) created a /mob/living/carbon/human
[15:17:56]ADMIN: Catratcat/(Morgan Bickerson) created a /mob/living/carbon/human
[15:17:59]ADMIN: Catratcat/(Morgan Bickerson) created a /mob/living/carbon/human
[15:18:13]ADMIN: Catratcat/(Morgan Bickerson) jumped to 41,46,2 in Street
[15:18:19]ACCESS: Login: Nigilith/(Nigilith) from 94.73.244.186-3078884852 || BYOND v499
[15:18:19]ACCESS: Login: Nigilith/(Nigilith) from 94.73.244.186
[15:18:21]ADMIN: Catratcat/(Morgan Bickerson) jumped to 38,41,2 in Street
[15:18:26]ACCESS: Logout: *no client*/(Nigilith)
[15:18:26]ACCESS: Login: Nigilith/(Alessa Towers) from 94.73.244.186-3078884852 || BYOND v499
[15:18:33]ADMIN: Catratcat/(Morgan Bickerson) teleported Nigilith/(Alessa Towers)
[15:18:47]SAY: Morgan Bickerson/Catratcat : Fuf
[15:18:49]SAY: Morgan Bickerson/Catratcat : ага
[15:18:52]SAY: Morgan Bickerson/Catratcat : все то же
[15:18:55]SAY: Alessa Towers/Nigilith : Нуу
[15:19:11]SAY: Morgan Bickerson/Catratcat : что-то &#255; сломал...
[15:19:11]SAY: Alessa Towers/Nigilith : А, точно
[15:19:15]SAY: Morgan Bickerson/Catratcat : ладненько, спасибо
[15:19:23]SAY: Morgan Bickerson/Catratcat : Пока фов нам не нужен
[15:19:30]ACCESS: Logout: Nigilith/(Alessa Towers)
[15:19:33]ACCESS: Logout: Catratcat/(Morgan Bickerson)


Starting up. 15:30.15
---------------------

[15:30:15]ADMIN: Loading jobban_rank
[15:30:15]ADMIN: jobban_keylist was empty
[15:30:15]ADMIN: Updating jobbanfile!
[15:30:15]ADMIN: Loading Banlist
Reading donators.txt
[15:31:05]ACCESS: Login: Catratcat/(Catratcat) from 127.0.0.1-3781439013 || BYOND v498
[15:31:05]ACCESS: Login: Catratcat/(Catratcat) from 127.0.0.1
[15:31:12]ADMIN: Catratcat has started the game.
[15:31:12]ACCESS: Logout: *no client*/(Catratcat)
[15:31:12]ACCESS: Login: Catratcat/(Morgan Bickerson) from 127.0.0.1-3781439013 || BYOND v498
[15:31:20]ADMIN: Catratcat/(Morgan Bickerson) jumped to 39,41,2 in Street
[15:31:37]ACCESS: Logout: Catratcat/(Morgan Bickerson)


Starting up. 15:39.39
---------------------

[15:39:39]ADMIN: Loading jobban_rank
[15:39:39]ADMIN: jobban_keylist was empty
[15:39:39]ADMIN: Updating jobbanfile!
[15:39:39]ADMIN: Loading Banlist
Reading donators.txt
[15:41:02]ACCESS: Login: Catratcat/(Catratcat) from 127.0.0.1-3781439013 || BYOND v498
[15:41:02]ACCESS: Login: Catratcat/(Catratcat) from 127.0.0.1
[15:41:12]ADMIN: Catratcat has started the game.
[15:41:12]ACCESS: Logout: *no client*/(Catratcat)
[15:41:12]ACCESS: Login: Catratcat/(Morgan Bickerson) from 127.0.0.1-3781439013 || BYOND v498
[15:41:56]ACCESS: Logout: Catratcat/(Morgan Bickerson)


Starting up. 15:52.07
---------------------

[15:52:07]ADMIN: Loading jobban_rank
[15:52:07]ADMIN: jobban_keylist was empty
[15:52:07]ADMIN: Updating jobbanfile!
[15:52:07]ADMIN: Loading Banlist
Reading donators.txt
[15:52:11]ACCESS: Login: Catratcat/(Catratcat) from 127.0.0.1-3781439013 || BYOND v498
[15:52:11]ACCESS: Login: Catratcat/(Catratcat) from 127.0.0.1
[15:52:20]ADMIN: Catratcat has started the game.
[15:52:21]ACCESS: Logout: *no client*/(Catratcat)
[15:52:21]ACCESS: Login: Catratcat/(Morgan Bickerson) from 127.0.0.1-3781439013 || BYOND v498
[15:53:06]ADMIN: Catratcat/(Morgan Bickerson) made Catratcat/(Morgan Bickerson) drop everything!
[15:53:16]ADMIN: Catratcat/(Morgan Bickerson) jumped to 43,42,2 in Street
[15:53:37]ACCESS: Logout: Catratcat/(Morgan Bickerson)


Starting up. 16:04.32
---------------------

[16:04:32]ADMIN: Loading jobban_rank
[16:04:32]ADMIN: jobban_keylist was empty
[16:04:32]ADMIN: Updating jobbanfile!
[16:04:32]ADMIN: Loading Banlist
Reading donators.txt
[16:05:14]ACCESS: Login: Catratcat/(Catratcat) from 127.0.0.1-3781439013 || BYOND v498
[16:05:14]ACCESS: Login: Catratcat/(Catratcat) from 127.0.0.1
[16:05:20]ADMIN: Catratcat has started the game.
[16:05:21]ACCESS: Logout: *no client*/(Catratcat)
[16:05:21]ACCESS: Login: Catratcat/(Morgan Bickerson) from 127.0.0.1-3781439013 || BYOND v498
[16:05:47]ACCESS: Logout: Catratcat/(Morgan Bickerson)


Starting up. 16:09.03
---------------------

[16:09:03]ADMIN: Loading jobban_rank
[16:09:03]ADMIN: jobban_keylist was empty
[16:09:03]ADMIN: Updating jobbanfile!
[16:09:03]ADMIN: Loading Banlist
Reading donators.txt
[16:09:12]ACCESS: Login: Catratcat/(Catratcat) from 127.0.0.1-3781439013 || BYOND v498
[16:09:12]ACCESS: Login: Catratcat/(Catratcat) from 127.0.0.1
[16:09:17]ADMIN: Catratcat has started the game.
[16:09:18]ACCESS: Logout: *no client*/(Catratcat)
[16:09:18]ACCESS: Login: Catratcat/(Morgan Bickerson) from 127.0.0.1-3781439013 || BYOND v498
[16:09:33]ACCESS: Logout: Catratcat/(Morgan Bickerson)


Starting up. 17:25.22
---------------------

[17:25:22]ADMIN: Loading jobban_rank
[17:25:22]ADMIN: jobban_keylist was empty
[17:25:22]ADMIN: Updating jobbanfile!
[17:25:22]ADMIN: Loading Banlist
Reading donators.txt
[17:25:31]ACCESS: Login: Catratcat/(Catratcat) from 127.0.0.1-3781439013 || BYOND v498
[17:25:32]ACCESS: Login: Catratcat/(Catratcat) from 127.0.0.1
[17:25:38]ADMIN: Catratcat has started the game.
[17:25:40]ACCESS: Logout: *no client*/(Catratcat)
[17:25:40]ACCESS: Login: Catratcat/(Morgan Bickerson) from 127.0.0.1-3781439013 || BYOND v498
[17:26:03]ADMIN: Catratcat/(Morgan Bickerson) made Catratcat/(Morgan Bickerson) drop everything!
[17:26:26]ADMIN: Catratcat/(Morgan Bickerson) jumped to 43,42,2 in Street
[17:27:36]ACCESS: Logout: Catratcat/(Morgan Bickerson)


Starting up. 17:42.06
---------------------

[17:42:06]ADMIN: Loading jobban_rank
[17:42:06]ADMIN: jobban_keylist was empty
[17:42:06]ADMIN: Updating jobbanfile!
[17:42:06]ADMIN: Loading Banlist
Reading donators.txt
[17:42:10]ACCESS: Login: Catratcat/(Catratcat) from 127.0.0.1-3781439013 || BYOND v498
[17:42:10]ACCESS: Login: Catratcat/(Catratcat) from 127.0.0.1
[17:42:20]ADMIN: Catratcat has started the game.
[17:42:21]ACCESS: Logout: *no client*/(Catratcat)
[17:42:21]ACCESS: Login: Catratcat/(Morgan Bickerson) from 127.0.0.1-3781439013 || BYOND v498
[17:42:36]ACCESS: Logout: Catratcat/(Morgan Bickerson)
