

Starting up. 16:12.07
---------------------

[16:12:07]ADMIN: Loading jobban_rank
[16:12:07]ADMIN: jobban_keylist was empty
[16:12:07]ADMIN: Updating jobbanfile!
[16:12:07]ADMIN: Loading Banlist
Reading donators.txt
[16:12:31]ACCESS: Login: Catratcat/(Catratcat) from 127.0.0.1-2406761028 || BYOND v498
[16:12:31]ACCESS: Login: Catratcat/(Catratcat) from 127.0.0.1
[16:12:39]ADMIN: Catratcat has started the game.
[16:12:39]ACCESS: Logout: *no client*/(Catratcat)
[16:12:39]ACCESS: Login: Catratcat/(Morgan Bickerson) from 127.0.0.1-2406761028 || BYOND v498
[16:13:05]ADMIN: Catratcat/(Morgan Bickerson) jumped to 77,111,2 in Street
[16:13:44]ADMIN: Catratcat/(Morgan Bickerson) modified Vehicle's locked to 0
[16:14:20]ADMIN: Catratcat/(Morgan Bickerson) jumped to 30,107,2 in Space
[16:14:32]ADMIN: Catratcat/(Morgan Bickerson) healed / revived Catratcat/(Morgan Bickerson)
[16:15:12]ADMIN: Catratcat/(Morgan Bickerson) healed / revived Catratcat/(Morgan Bickerson)
[16:17:18]ADMIN: Catratcat/(Morgan Bickerson) jumped to 123,23,2 in Space
[16:19:41]ADMIN: Catratcat/(Morgan Bickerson) healed / revived Catratcat/(Morgan Bickerson)
[16:20:00]ACCESS: Logout: Catratcat/(Morgan Bickerson)


Starting up. 22:58.31
---------------------

[22:58:32]ADMIN: Loading jobban_rank
[22:58:32]ADMIN: jobban_keylist was empty
[22:58:32]ADMIN: Updating jobbanfile!
[22:58:32]ADMIN: Loading Banlist
Reading donators.txt
[22:59:36]ACCESS: Login: Catratcat/(Catratcat) from 127.0.0.1-3781439013 || BYOND v498
[22:59:37]ACCESS: Login: Catratcat/(Catratcat) from 127.0.0.1
[23:01:09]ADMIN: Catratcat has started the game.
[23:01:10]ACCESS: Logout: *no client*/(Catratcat)
[23:01:10]ACCESS: Login: Catratcat/(Morgan Bickerson) from 127.0.0.1-3781439013 || BYOND v498
[23:01:20]ADMIN: Catratcat/(Morgan Bickerson) jumped to 42,41,2 in Street
[23:02:06]ADMIN: Catratcat/(Morgan Bickerson) modified Morgan Bickerson's hiding to 1
[23:02:14]ACCESS: Logout: Catratcat/(Morgan Bickerson)


Starting up. 23:13.44
---------------------

[23:13:44]ADMIN: Loading jobban_rank
[23:13:44]ADMIN: jobban_keylist was empty
[23:13:44]ADMIN: Updating jobbanfile!
[23:13:44]ADMIN: Loading Banlist
Reading donators.txt
[23:13:54]ACCESS: Login: Catratcat/(Catratcat) from 127.0.0.1-3781439013 || BYOND v498
[23:13:54]ACCESS: Login: Catratcat/(Catratcat) from 127.0.0.1
[23:14:04]ADMIN: Catratcat has started the game.
[23:14:05]ACCESS: Logout: *no client*/(Catratcat)
[23:14:05]ACCESS: Login: Catratcat/(Morgan Bickerson) from 127.0.0.1-3781439013 || BYOND v498
[23:14:55]ADMIN: Catratcat/(Morgan Bickerson) modified Morgan Bickerson's hiding to 1
[23:15:02]ACCESS: Logout: Catratcat/(Morgan Bickerson)


Starting up. 23:37.43
---------------------

[23:37:43]ADMIN: Loading jobban_rank
[23:37:43]ADMIN: jobban_keylist was empty
[23:37:43]ADMIN: Updating jobbanfile!
[23:37:43]ADMIN: Loading Banlist
Reading donators.txt
[23:38:12]ACCESS: Login: Catratcat/(Catratcat) from 127.0.0.1-3781439013 || BYOND v498
[23:38:12]ACCESS: Login: Catratcat/(Catratcat) from 127.0.0.1
[23:38:20]ADMIN: Catratcat has started the game.
[23:38:21]ACCESS: Logout: *no client*/(Catratcat)
[23:38:21]ACCESS: Login: Catratcat/(Morgan Bickerson) from 127.0.0.1-3781439013 || BYOND v498
[23:38:43]ACCESS: Logout: Catratcat/(Morgan Bickerson)


Starting up. 23:56.02
---------------------

[23:56:02]ADMIN: Loading jobban_rank
[23:56:02]ADMIN: jobban_keylist was empty
[23:56:02]ADMIN: Updating jobbanfile!
[23:56:02]ADMIN: Loading Banlist
Reading donators.txt
[23:56:05]ACCESS: Login: Catratcat/(Catratcat) from 127.0.0.1-3781439013 || BYOND v498
[23:56:05]ACCESS: Login: Catratcat/(Catratcat) from 127.0.0.1
[23:56:15]ADMIN: Catratcat has started the game.
[23:56:15]ACCESS: Logout: *no client*/(Catratcat)
[23:56:15]ACCESS: Login: Catratcat/(Morgan Bickerson) from 127.0.0.1-3781439013 || BYOND v498
[23:57:21]ADMIN: Catratcat/(Morgan Bickerson) modified Morgan Bickerson's hiding to 1
[23:57:33]ACCESS: Logout: Catratcat/(Morgan Bickerson)
