

Starting up. 00:04.50
---------------------

[00:04:50]ADMIN: Loading jobban_rank
[00:04:50]ADMIN: jobban_keylist was empty
[00:04:50]ADMIN: Updating jobbanfile!
[00:04:50]ADMIN: Loading Banlist
Reading donators.txt
[00:05:01]ACCESS: Login: Catratcat/(Catratcat) from 127.0.0.1-3781439013 || BYOND v498
[00:05:01]ACCESS: Login: Catratcat/(Catratcat) from 127.0.0.1
[00:05:08]ADMIN: Catratcat has started the game.
[00:05:09]ACCESS: Logout: *no client*/(Catratcat)
[00:05:09]ACCESS: Login: Catratcat/(Morgan Bickerson) from 127.0.0.1-3781439013 || BYOND v498
[00:05:39]ADMIN: Catratcat/(Morgan Bickerson) modified Morgan Bickerson's hiding to 1
[00:06:34]ACCESS: Logout: Catratcat/(Morgan Bickerson)


Starting up. 00:44.33
---------------------

[00:44:33]ADMIN: Loading jobban_rank
[00:44:33]ADMIN: jobban_keylist was empty
[00:44:33]ADMIN: Updating jobbanfile!
[00:44:33]ADMIN: Loading Banlist
Reading donators.txt
[00:44:44]ACCESS: Login: Catratcat/(Catratcat) from 127.0.0.1-3781439013 || BYOND v498
[00:44:44]ACCESS: Login: Catratcat/(Catratcat) from 127.0.0.1
[00:44:58]ADMIN: Catratcat has started the game.
[00:44:58]ACCESS: Logout: *no client*/(Catratcat)
[00:44:58]ACCESS: Login: Catratcat/(Morgan Bickerson) from 127.0.0.1-3781439013 || BYOND v498
[00:45:23]ADMIN: Catratcat/(Morgan Bickerson) modified Morgan Bickerson's hiding to 1
[00:45:49]ADMIN: Catratcat/(Morgan Bickerson) jumped to 42,42,2 in Street
[00:46:17]ACCESS: Logout: Catratcat/(Morgan Bickerson)


Starting up. 01:23.57
---------------------

[01:23:57]ADMIN: Loading jobban_rank
[01:23:57]ADMIN: jobban_keylist was empty
[01:23:57]ADMIN: Updating jobbanfile!
[01:23:57]ADMIN: Loading Banlist
Reading donators.txt
[01:24:09]ACCESS: Login: Catratcat/(Catratcat) from 127.0.0.1-3781439013 || BYOND v498
[01:24:09]ACCESS: Login: Catratcat/(Catratcat) from 127.0.0.1
[01:24:16]ADMIN: Catratcat has started the game.
[01:24:16]ACCESS: Logout: *no client*/(Catratcat)
[01:24:16]ACCESS: Login: Catratcat/(Morgan Bickerson) from 127.0.0.1-3781439013 || BYOND v498
[01:24:32]ADMIN: Catratcat/(Morgan Bickerson) modified Morgan Bickerson's hiding to 1
[01:25:12]ACCESS: Logout: Catratcat/(Morgan Bickerson)


Starting up. 01:28.05
---------------------

[01:28:05]ADMIN: Loading jobban_rank
[01:28:05]ADMIN: jobban_keylist was empty
[01:28:05]ADMIN: Updating jobbanfile!
[01:28:05]ADMIN: Loading Banlist
Reading donators.txt
[01:28:33]ACCESS: Login: Catratcat/(Catratcat) from 127.0.0.1-3781439013 || BYOND v498
[01:28:33]ACCESS: Login: Catratcat/(Catratcat) from 127.0.0.1
[01:28:42]ADMIN: Catratcat has started the game.
[01:28:43]ACCESS: Logout: *no client*/(Catratcat)
[01:28:43]ACCESS: Login: Catratcat/(Morgan Bickerson) from 127.0.0.1-3781439013 || BYOND v498
[01:29:00]ADMIN: Catratcat/(Morgan Bickerson) modified Morgan Bickerson's hiding to 1
[01:29:20]ACCESS: Logout: Catratcat/(Morgan Bickerson)


Starting up. 01:35.47
---------------------

[01:35:47]ADMIN: Loading jobban_rank
[01:35:47]ADMIN: jobban_keylist was empty
[01:35:47]ADMIN: Updating jobbanfile!
[01:35:47]ADMIN: Loading Banlist
Reading donators.txt
[01:36:16]ACCESS: Login: Catratcat/(Catratcat) from 127.0.0.1-3781439013 || BYOND v498
[01:36:16]ACCESS: Login: Catratcat/(Catratcat) from 127.0.0.1
[01:36:22]ADMIN: Catratcat has started the game.
[01:36:22]ACCESS: Logout: *no client*/(Catratcat)
[01:36:22]ACCESS: Login: Catratcat/(Morgan Bickerson) from 127.0.0.1-3781439013 || BYOND v498
[01:36:36]ADMIN: Catratcat/(Morgan Bickerson) modified Morgan Bickerson's hiding to 1
[01:36:59]ADMIN: Catratcat/(Morgan Bickerson) jumped to 44,50,2 in the Central Primary Hallway
[01:37:14]ACCESS: Logout: Catratcat/(Morgan Bickerson)


Starting up. 01:40.55
---------------------

[01:40:55]ADMIN: Loading jobban_rank
[01:40:55]ADMIN: jobban_keylist was empty
[01:40:55]ADMIN: Updating jobbanfile!
[01:40:55]ADMIN: Loading Banlist
Reading donators.txt
[01:41:17]ACCESS: Login: Catratcat/(Catratcat) from 127.0.0.1-3781439013 || BYOND v498
[01:41:17]ACCESS: Login: Catratcat/(Catratcat) from 127.0.0.1
[01:41:25]ADMIN: Catratcat has started the game.
[01:41:25]ACCESS: Logout: *no client*/(Catratcat)
[01:41:25]ACCESS: Login: Catratcat/(Morgan Bickerson) from 127.0.0.1-3781439013 || BYOND v498
[01:41:45]ADMIN: Catratcat/(Morgan Bickerson) modified Morgan Bickerson's hiding to 1
[01:41:55]ACCESS: Logout: Catratcat/(Morgan Bickerson)


Starting up. 01:45.18
---------------------

[01:45:18]ADMIN: Loading jobban_rank
[01:45:18]ADMIN: jobban_keylist was empty
[01:45:18]ADMIN: Updating jobbanfile!
[01:45:18]ADMIN: Loading Banlist
Reading donators.txt
[01:45:28]ACCESS: Login: Catratcat/(Catratcat) from 127.0.0.1-3781439013 || BYOND v498
[01:45:28]ACCESS: Login: Catratcat/(Catratcat) from 127.0.0.1
[01:45:34]ADMIN: Catratcat has started the game.
[01:45:34]ACCESS: Logout: *no client*/(Catratcat)
[01:45:34]ACCESS: Login: Catratcat/(Morgan Bickerson) from 127.0.0.1-3781439013 || BYOND v498
[01:45:48]ADMIN: Catratcat/(Morgan Bickerson) modified Morgan Bickerson's hiding to 1
[01:45:54]ACCESS: Logout: Catratcat/(Morgan Bickerson)


Starting up. 01:49.46
---------------------

[01:49:46]ADMIN: Loading jobban_rank
[01:49:46]ADMIN: jobban_keylist was empty
[01:49:46]ADMIN: Updating jobbanfile!
[01:49:46]ADMIN: Loading Banlist
Reading donators.txt
[01:50:00]ACCESS: Login: Catratcat/(Catratcat) from 127.0.0.1-3781439013 || BYOND v498
[01:50:00]ACCESS: Login: Catratcat/(Catratcat) from 127.0.0.1
[01:50:07]ADMIN: Catratcat has started the game.
[01:50:07]ACCESS: Logout: *no client*/(Catratcat)
[01:50:07]ACCESS: Login: Catratcat/(Morgan Bickerson) from 127.0.0.1-3781439013 || BYOND v498
[01:50:21]ADMIN: Catratcat/(Morgan Bickerson) modified Morgan Bickerson's hiding to 1
[01:50:37]ACCESS: Logout: Catratcat/(Morgan Bickerson)


Starting up. 01:57.21
---------------------

[01:57:21]ADMIN: Loading jobban_rank
[01:57:21]ADMIN: jobban_keylist was empty
[01:57:21]ADMIN: Updating jobbanfile!
[01:57:21]ADMIN: Loading Banlist
Reading donators.txt
[01:57:30]ACCESS: Login: Catratcat/(Catratcat) from 127.0.0.1-3781439013 || BYOND v498
[01:57:30]ACCESS: Login: Catratcat/(Catratcat) from 127.0.0.1
[01:57:40]ADMIN: Catratcat has started the game.
[01:57:40]ACCESS: Logout: *no client*/(Catratcat)
[01:57:40]ACCESS: Login: Catratcat/(Morgan Bickerson) from 127.0.0.1-3781439013 || BYOND v498
[01:58:03]ADMIN: Catratcat/(Morgan Bickerson) modified Morgan Bickerson's hiding to 1
[01:58:31]ACCESS: Logout: Catratcat/(Morgan Bickerson)


Starting up. 02:19.59
---------------------

[02:19:59]ADMIN: Loading jobban_rank
[02:19:59]ADMIN: jobban_keylist was empty
[02:19:59]ADMIN: Updating jobbanfile!
[02:19:59]ADMIN: Loading Banlist
Reading donators.txt
[02:20:09]ACCESS: Login: Catratcat/(Catratcat) from 127.0.0.1-3781439013 || BYOND v498
[02:20:09]ACCESS: Login: Catratcat/(Catratcat) from 127.0.0.1
[02:20:19]ADMIN: Catratcat has started the game.
[02:20:20]ACCESS: Logout: *no client*/(Catratcat)
[02:20:20]ACCESS: Login: Catratcat/(Morgan Bickerson) from 127.0.0.1-3781439013 || BYOND v498
[02:20:49]ADMIN: Catratcat/(Morgan Bickerson) modified Morgan Bickerson's hiding to 1
[02:21:21]ADMIN: Catratcat/(Morgan Bickerson) modified Morgan Bickerson's hiding to 0
[02:21:29]ACCESS: Logout: Catratcat/(Morgan Bickerson)


Starting up. 02:31.27
---------------------

[02:31:27]ADMIN: Loading jobban_rank
[02:31:27]ADMIN: jobban_keylist was empty
[02:31:27]ADMIN: Updating jobbanfile!
[02:31:27]ADMIN: Loading Banlist
Reading donators.txt
[02:31:48]ACCESS: Login: Catratcat/(Catratcat) from 127.0.0.1-3781439013 || BYOND v498
[02:31:48]ACCESS: Login: Catratcat/(Catratcat) from 127.0.0.1
[02:32:06]ADMIN: Catratcat has started the game.
[02:32:06]ACCESS: Logout: *no client*/(Catratcat)
[02:32:06]ACCESS: Login: Catratcat/(Morgan Bickerson) from 127.0.0.1-3781439013 || BYOND v498
[02:32:32]ADMIN: Catratcat/(Morgan Bickerson) modified Morgan Bickerson's hiding to 1
[02:32:48]ACCESS: Logout: Catratcat/(Morgan Bickerson)


Starting up. 02:44.35
---------------------

[02:44:35]ADMIN: Loading jobban_rank
[02:44:35]ADMIN: jobban_keylist was empty
[02:44:35]ADMIN: Updating jobbanfile!
[02:44:35]ADMIN: Loading Banlist
Reading donators.txt
[02:44:48]ACCESS: Login: Catratcat/(Catratcat) from 127.0.0.1-3781439013 || BYOND v498
[02:44:48]ACCESS: Login: Catratcat/(Catratcat) from 127.0.0.1
[02:44:55]ADMIN: Catratcat has started the game.
[02:44:55]ACCESS: Logout: *no client*/(Catratcat)
[02:44:55]ACCESS: Login: Catratcat/(Morgan Bickerson) from 127.0.0.1-3781439013 || BYOND v498
[02:45:20]ACCESS: Logout: Catratcat/(Morgan Bickerson)


Starting up. 03:42.53
---------------------

[03:42:53]ADMIN: Loading jobban_rank
[03:42:53]ADMIN: jobban_keylist was empty
[03:42:53]ADMIN: Updating jobbanfile!
[03:42:53]ADMIN: Loading Banlist
Reading donators.txt
[03:43:02]ACCESS: Login: Catratcat/(Catratcat) from 127.0.0.1-3781439013 || BYOND v498
[03:43:02]ACCESS: Login: Catratcat/(Catratcat) from 127.0.0.1
[03:43:45]ADMIN: Catratcat has started the game.
[03:43:45]ACCESS: Logout: *no client*/(Catratcat)
[03:43:45]ACCESS: Login: Catratcat/(Morgan Bickerson) from 127.0.0.1-3781439013 || BYOND v498
[03:44:38]ACCESS: Logout: Catratcat/(Morgan Bickerson)


Starting up. 04:15.53
---------------------

[04:15:53]ADMIN: Loading jobban_rank
[04:15:53]ADMIN: jobban_keylist was empty
[04:15:53]ADMIN: Updating jobbanfile!
[04:15:53]ADMIN: Loading Banlist
Reading donators.txt
[04:16:01]ACCESS: Login: Catratcat/(Catratcat) from 127.0.0.1-3781439013 || BYOND v498
[04:16:01]ACCESS: Login: Catratcat/(Catratcat) from 127.0.0.1
[04:16:22]ADMIN: Catratcat has started the game.
[04:16:23]ACCESS: Logout: *no client*/(Catratcat)
[04:16:23]ACCESS: Login: Catratcat/(Morgan Bickerson) from 127.0.0.1-3781439013 || BYOND v498
[04:17:06]ADMIN: Catratcat/(Morgan Bickerson) jumped to 43,42,2 in Street
[04:17:30]ACCESS: Logout: Catratcat/(Morgan Bickerson)


Starting up. 04:20.21
---------------------

[04:20:21]ADMIN: Loading jobban_rank
[04:20:21]ADMIN: jobban_keylist was empty
[04:20:21]ADMIN: Updating jobbanfile!
[04:20:21]ADMIN: Loading Banlist
Reading donators.txt
[04:20:24]ACCESS: Login: Catratcat/(Catratcat) from 127.0.0.1-3781439013 || BYOND v498
[04:20:24]ACCESS: Login: Catratcat/(Catratcat) from 127.0.0.1
[04:20:43]ADMIN: Catratcat has started the game.
[04:20:44]ACCESS: Logout: *no client*/(Catratcat)
[04:20:44]ACCESS: Login: Catratcat/(Morgan Bickerson) from 127.0.0.1-3781439013 || BYOND v498
[04:20:59]ADMIN: Catratcat/(Morgan Bickerson) jumped to 44,43,2 in Street
[04:21:24]ACCESS: Logout: Catratcat/(Morgan Bickerson)


Starting up. 04:23.42
---------------------

[04:23:42]ADMIN: Loading jobban_rank
[04:23:42]ADMIN: jobban_keylist was empty
[04:23:42]ADMIN: Updating jobbanfile!
[04:23:42]ADMIN: Loading Banlist
Reading donators.txt
[04:23:51]ACCESS: Login: Catratcat/(Catratcat) from 127.0.0.1-3781439013 || BYOND v498
[04:23:51]ACCESS: Login: Catratcat/(Catratcat) from 127.0.0.1
[04:24:00]ADMIN: Catratcat has started the game.
[04:24:00]ACCESS: Logout: *no client*/(Catratcat)
[04:24:00]ACCESS: Login: Catratcat/(Morgan Bickerson) from 127.0.0.1-3781439013 || BYOND v498
[04:24:39]ADMIN: Catratcat/(Morgan Bickerson) modified Morgan Bickerson's hiding to 0
[04:24:42]ADMIN: Catratcat/(Morgan Bickerson) modified Morgan Bickerson's hiding to 1
[04:24:56]ACCESS: Logout: Catratcat/(Morgan Bickerson)
[04:30:30]ACCESS: Login: Catratcat/(Morgan Bickerson) from 127.0.0.1-3781439013 || BYOND v498
[04:30:30]ACCESS: Login: Catratcat/(Morgan Bickerson) from 127.0.0.1
[04:30:34]ACCESS: Logout: Catratcat/(Morgan Bickerson)


Starting up. 04:30.43
---------------------

[04:30:43]ADMIN: Loading jobban_rank
[04:30:43]ADMIN: jobban_keylist was empty
[04:30:43]ADMIN: Updating jobbanfile!
[04:30:43]ADMIN: Loading Banlist
Reading donators.txt
[04:30:46]ACCESS: Login: Catratcat/(Catratcat) from 127.0.0.1-3781439013 || BYOND v498
[04:30:46]ACCESS: Login: Catratcat/(Catratcat) from 127.0.0.1
[04:30:59]ADMIN: Catratcat has started the game.
[04:30:59]ACCESS: Logout: *no client*/(Catratcat)
[04:30:59]ACCESS: Login: Catratcat/(Morgan Bickerson) from 127.0.0.1-3781439013 || BYOND v498
[04:31:16]ADMIN: Catratcat/(Morgan Bickerson) jumped to 43,42,2 in Street
[04:31:23]ACCESS: Logout: Catratcat/(Morgan Bickerson)


Starting up. 04:40.13
---------------------

[04:40:13]ADMIN: Loading jobban_rank
[04:40:13]ADMIN: jobban_keylist was empty
[04:40:13]ADMIN: Updating jobbanfile!
[04:40:13]ADMIN: Loading Banlist
Reading donators.txt
[04:40:22]ACCESS: Login: Catratcat/(Catratcat) from 127.0.0.1-3781439013 || BYOND v498
[04:40:22]ACCESS: Login: Catratcat/(Catratcat) from 127.0.0.1
[04:40:34]ADMIN: Catratcat has started the game.
[04:40:35]ACCESS: Logout: *no client*/(Catratcat)
[04:40:35]ACCESS: Login: Catratcat/(Morgan Bickerson) from 127.0.0.1-3781439013 || BYOND v498
[04:41:07]ACCESS: Logout: Catratcat/(Morgan Bickerson)


Starting up. 13:22.13
---------------------

[13:22:13]ADMIN: Loading jobban_rank
[13:22:13]ADMIN: jobban_keylist was empty
[13:22:13]ADMIN: Updating jobbanfile!
[13:22:13]ADMIN: Loading Banlist
Reading donators.txt
[13:22:21]ACCESS: Login: Catratcat/(Catratcat) from 127.0.0.1-3781439013 || BYOND v498
[13:22:21]ACCESS: Login: Catratcat/(Catratcat) from 127.0.0.1
[13:22:34]ADMIN: Catratcat has started the game.
[13:22:34]ACCESS: Logout: *no client*/(Catratcat)
[13:22:34]ACCESS: Login: Catratcat/(Morgan Bickerson) from 127.0.0.1-3781439013 || BYOND v498
[13:23:01]ACCESS: Logout: Catratcat/(Morgan Bickerson)


Starting up. 13:27.57
---------------------

[13:27:57]ADMIN: Loading jobban_rank
[13:27:57]ADMIN: jobban_keylist was empty
[13:27:57]ADMIN: Updating jobbanfile!
[13:27:57]ADMIN: Loading Banlist
Reading donators.txt
[13:28:00]ACCESS: Login: Catratcat/(Catratcat) from 127.0.0.1-3781439013 || BYOND v498
[13:28:00]ACCESS: Login: Catratcat/(Catratcat) from 127.0.0.1
[13:28:12]ADMIN: Catratcat has started the game.
[13:28:12]ACCESS: Logout: *no client*/(Catratcat)
[13:28:12]ACCESS: Login: Catratcat/(Morgan Bickerson) from 127.0.0.1-3781439013 || BYOND v498
[13:28:34]ACCESS: Logout: Catratcat/(Morgan Bickerson)


Starting up. 13:39.15
---------------------

[13:39:15]ADMIN: Loading jobban_rank
[13:39:15]ADMIN: jobban_keylist was empty
[13:39:15]ADMIN: Updating jobbanfile!
[13:39:15]ADMIN: Loading Banlist
Reading donators.txt
[13:39:24]ACCESS: Login: Catratcat/(Catratcat) from 127.0.0.1-3781439013 || BYOND v498
[13:39:24]ACCESS: Login: Catratcat/(Catratcat) from 127.0.0.1
[13:39:36]ADMIN: Catratcat has started the game.
[13:39:36]ACCESS: Logout: *no client*/(Catratcat)
[13:39:36]ACCESS: Login: Catratcat/(Morgan Bickerson) from 127.0.0.1-3781439013 || BYOND v498
[13:40:02]ACCESS: Logout: Catratcat/(Morgan Bickerson)


Starting up. 13:42.58
---------------------

[13:42:58]ADMIN: Loading jobban_rank
[13:42:58]ADMIN: jobban_keylist was empty
[13:42:58]ADMIN: Updating jobbanfile!
[13:42:58]ADMIN: Loading Banlist
Reading donators.txt
[13:43:07]ACCESS: Login: Catratcat/(Catratcat) from 127.0.0.1-3781439013 || BYOND v498
[13:43:07]ACCESS: Login: Catratcat/(Catratcat) from 127.0.0.1
[13:43:13]ADMIN: Catratcat has started the game.
[13:43:13]ACCESS: Logout: *no client*/(Catratcat)
[13:43:13]ACCESS: Login: Catratcat/(Morgan Bickerson) from 127.0.0.1-3781439013 || BYOND v498
[13:43:48]ADMIN: Catratcat/(Morgan Bickerson) modified Morgan Bickerson's invisibility to 2
[13:44:03]ACCESS: Logout: Catratcat/(Morgan Bickerson)


Starting up. 13:48.04
---------------------

[13:48:04]ADMIN: Loading jobban_rank
[13:48:04]ADMIN: jobban_keylist was empty
[13:48:04]ADMIN: Updating jobbanfile!
[13:48:04]ADMIN: Loading Banlist
Reading donators.txt
[13:48:14]ACCESS: Login: Catratcat/(Catratcat) from 127.0.0.1-3781439013 || BYOND v498
[13:48:14]ACCESS: Login: Catratcat/(Catratcat) from 127.0.0.1
[13:48:20]ADMIN: Catratcat has started the game.
[13:48:20]ACCESS: Logout: *no client*/(Catratcat)
[13:48:20]ACCESS: Login: Catratcat/(Morgan Bickerson) from 127.0.0.1-3781439013 || BYOND v498
[13:48:42]ACCESS: Logout: Catratcat/(Morgan Bickerson)


Starting up. 14:00.38
---------------------

[14:00:38]ADMIN: Loading jobban_rank
[14:00:38]ADMIN: jobban_keylist was empty
[14:00:38]ADMIN: Updating jobbanfile!
[14:00:38]ADMIN: Loading Banlist
Reading donators.txt
[14:01:06]ACCESS: Login: Catratcat/(Catratcat) from 127.0.0.1-3781439013 || BYOND v498
[14:01:06]ACCESS: Login: Catratcat/(Catratcat) from 127.0.0.1
[14:01:15]ADMIN: Catratcat has started the game.
[14:01:15]ACCESS: Logout: *no client*/(Catratcat)
[14:01:15]ACCESS: Login: Catratcat/(Morgan Bickerson) from 127.0.0.1-3781439013 || BYOND v498
[14:01:50]ADMIN: Catratcat/(Morgan Bickerson) jumped to 44,43,2 in Street
[14:01:57]ACCESS: Logout: Catratcat/(Morgan Bickerson)


Starting up. 14:04.59
---------------------

[14:04:59]ADMIN: Loading jobban_rank
[14:04:59]ADMIN: jobban_keylist was empty
[14:04:59]ADMIN: Updating jobbanfile!
[14:04:59]ADMIN: Loading Banlist
Reading donators.txt
[14:05:08]ACCESS: Login: Catratcat/(Catratcat) from 127.0.0.1-3781439013 || BYOND v498
[14:05:08]ACCESS: Login: Catratcat/(Catratcat) from 127.0.0.1
[14:05:14]ADMIN: Catratcat has started the game.
[14:05:14]ACCESS: Logout: *no client*/(Catratcat)
[14:05:14]ACCESS: Login: Catratcat/(Morgan Bickerson) from 127.0.0.1-3781439013 || BYOND v498
[14:05:28]ADMIN: Catratcat/(Morgan Bickerson) jumped to 44,42,2 in Street
[14:05:38]ACCESS: Logout: Catratcat/(Morgan Bickerson)


Starting up. 14:11.42
---------------------

[14:11:42]ADMIN: Loading jobban_rank
[14:11:42]ADMIN: jobban_keylist was empty
[14:11:42]ADMIN: Updating jobbanfile!
[14:11:42]ADMIN: Loading Banlist
Reading donators.txt
[14:11:46]ACCESS: Login: Catratcat/(Catratcat) from 127.0.0.1-3781439013 || BYOND v498
[14:11:46]ACCESS: Login: Catratcat/(Catratcat) from 127.0.0.1
[14:11:54]ADMIN: Catratcat has started the game.
[14:11:55]ACCESS: Logout: *no client*/(Catratcat)
[14:11:55]ACCESS: Login: Catratcat/(Morgan Bickerson) from 127.0.0.1-3781439013 || BYOND v498
[14:12:09]ADMIN: Catratcat/(Morgan Bickerson) jumped to 43,42,2 in Street
[14:12:48]ADMIN: Catratcat/(Morgan Bickerson) healed / revived Catratcat/(Morgan Bickerson)
[14:12:58]ACCESS: Logout: Catratcat/(Morgan Bickerson)


Starting up. 14:16.04
---------------------

[14:16:04]ADMIN: Loading jobban_rank
[14:16:04]ADMIN: jobban_keylist was empty
[14:16:04]ADMIN: Updating jobbanfile!
[14:16:04]ADMIN: Loading Banlist
Reading donators.txt
[14:16:13]ACCESS: Login: Catratcat/(Catratcat) from 127.0.0.1-3781439013 || BYOND v498
[14:16:13]ACCESS: Login: Catratcat/(Catratcat) from 127.0.0.1
[14:16:18]ADMIN: Catratcat has started the game.
[14:16:19]ACCESS: Logout: *no client*/(Catratcat)
[14:16:19]ACCESS: Login: Catratcat/(Morgan Bickerson) from 127.0.0.1-3781439013 || BYOND v498
[14:16:33]ACCESS: Logout: Catratcat/(Morgan Bickerson)


Starting up. 14:20.44
---------------------

[14:20:44]ADMIN: Loading jobban_rank
[14:20:44]ADMIN: jobban_keylist was empty
[14:20:44]ADMIN: Updating jobbanfile!
[14:20:44]ADMIN: Loading Banlist
Reading donators.txt
[14:20:53]ACCESS: Login: Catratcat/(Catratcat) from 127.0.0.1-3781439013 || BYOND v498
[14:20:53]ACCESS: Login: Catratcat/(Catratcat) from 127.0.0.1
[14:20:59]ADMIN: Catratcat has started the game.
[14:20:59]ACCESS: Logout: *no client*/(Catratcat)
[14:20:59]ACCESS: Login: Catratcat/(Morgan Bickerson) from 127.0.0.1-3781439013 || BYOND v498
[14:21:09]ADMIN: Catratcat/(Morgan Bickerson) jumped to 43,42,2 in Street
[14:21:13]ACCESS: Logout: Catratcat/(Morgan Bickerson)


Starting up. 14:23.22
---------------------

[14:23:22]ADMIN: Loading jobban_rank
[14:23:22]ADMIN: jobban_keylist was empty
[14:23:22]ADMIN: Updating jobbanfile!
[14:23:22]ADMIN: Loading Banlist
Reading donators.txt
[14:23:31]ACCESS: Login: Catratcat/(Catratcat) from 127.0.0.1-3781439013 || BYOND v498
[14:23:31]ACCESS: Login: Catratcat/(Catratcat) from 127.0.0.1
[14:23:38]ADMIN: Catratcat has started the game.
[14:23:39]ACCESS: Logout: *no client*/(Catratcat)
[14:23:39]ACCESS: Login: Catratcat/(Morgan Bickerson) from 127.0.0.1-3781439013 || BYOND v498
[14:23:53]ADMIN: Catratcat/(Morgan Bickerson) jumped to 44,41,2 in Street
[14:23:59]ACCESS: Logout: Catratcat/(Morgan Bickerson)


Starting up. 14:26.41
---------------------

[14:26:41]ADMIN: Loading jobban_rank
[14:26:41]ADMIN: jobban_keylist was empty
[14:26:41]ADMIN: Updating jobbanfile!
[14:26:41]ADMIN: Loading Banlist
Reading donators.txt
[14:27:10]ACCESS: Login: Catratcat/(Catratcat) from 127.0.0.1-3781439013 || BYOND v498
[14:27:10]ACCESS: Login: Catratcat/(Catratcat) from 127.0.0.1
[14:27:19]ADMIN: Catratcat has started the game.
[14:27:19]ACCESS: Logout: *no client*/(Catratcat)
[14:27:19]ACCESS: Login: Catratcat/(Morgan Bickerson) from 127.0.0.1-3781439013 || BYOND v498
[14:27:28]ADMIN: Catratcat/(Morgan Bickerson) jumped to 44,42,2 in Street
[14:27:41]ACCESS: Logout: Catratcat/(Morgan Bickerson)


Starting up. 14:32.33
---------------------

[14:32:33]ADMIN: Loading jobban_rank
[14:32:33]ADMIN: jobban_keylist was empty
[14:32:33]ADMIN: Updating jobbanfile!
[14:32:33]ADMIN: Loading Banlist
Reading donators.txt
[14:32:41]ACCESS: Login: Catratcat/(Catratcat) from 127.0.0.1-3781439013 || BYOND v498
[14:32:41]ACCESS: Login: Catratcat/(Catratcat) from 127.0.0.1
[14:32:49]ADMIN: Catratcat has started the game.
[14:32:49]ACCESS: Logout: *no client*/(Catratcat)
[14:32:49]ACCESS: Login: Catratcat/(Morgan Bickerson) from 127.0.0.1-3781439013 || BYOND v498
[14:33:01]ACCESS: Logout: Catratcat/(Morgan Bickerson)


Starting up. 14:36.31
---------------------

[14:36:31]ADMIN: Loading jobban_rank
[14:36:31]ADMIN: jobban_keylist was empty
[14:36:31]ADMIN: Updating jobbanfile!
[14:36:31]ADMIN: Loading Banlist
Reading donators.txt
[14:36:41]ACCESS: Login: Catratcat/(Catratcat) from 127.0.0.1-3781439013 || BYOND v498
[14:36:41]ACCESS: Login: Catratcat/(Catratcat) from 127.0.0.1
[14:36:47]ADMIN: Catratcat has started the game.
[14:36:48]ACCESS: Logout: *no client*/(Catratcat)
[14:36:48]ACCESS: Login: Catratcat/(Morgan Bickerson) from 127.0.0.1-3781439013 || BYOND v498
[14:37:06]ACCESS: Logout: Catratcat/(Morgan Bickerson)


Starting up. 14:39.19
---------------------

[14:39:19]ADMIN: Loading jobban_rank
[14:39:19]ADMIN: jobban_keylist was empty
[14:39:19]ADMIN: Updating jobbanfile!
[14:39:19]ADMIN: Loading Banlist
Reading donators.txt
[14:39:43]ACCESS: Login: Catratcat/(Catratcat) from 127.0.0.1-3781439013 || BYOND v498
[14:39:43]ACCESS: Login: Catratcat/(Catratcat) from 127.0.0.1
[14:39:50]ADMIN: Catratcat has started the game.
[14:39:51]ACCESS: Logout: *no client*/(Catratcat)
[14:39:51]ACCESS: Login: Catratcat/(Morgan Bickerson) from 127.0.0.1-3781439013 || BYOND v498
[14:40:05]ACCESS: Logout: Catratcat/(Morgan Bickerson)


Starting up. 14:43.05
---------------------

[14:43:05]ADMIN: Loading jobban_rank
[14:43:05]ADMIN: jobban_keylist was empty
[14:43:05]ADMIN: Updating jobbanfile!
[14:43:05]ADMIN: Loading Banlist
Reading donators.txt
[14:43:14]ACCESS: Login: Catratcat/(Catratcat) from 127.0.0.1-3781439013 || BYOND v498
[14:43:14]ACCESS: Login: Catratcat/(Catratcat) from 127.0.0.1
[14:43:22]ADMIN: Catratcat has started the game.
[14:43:23]ACCESS: Logout: *no client*/(Catratcat)
[14:43:23]ACCESS: Login: Catratcat/(Morgan Bickerson) from 127.0.0.1-3781439013 || BYOND v498
[14:45:22]ACCESS: Logout: Catratcat/(Morgan Bickerson)


Starting up. 14:51.13
---------------------

[14:51:13]ADMIN: Loading jobban_rank
[14:51:13]ADMIN: jobban_keylist was empty
[14:51:13]ADMIN: Updating jobbanfile!
[14:51:13]ADMIN: Loading Banlist
Reading donators.txt
[14:51:22]ACCESS: Login: Catratcat/(Catratcat) from 127.0.0.1-3781439013 || BYOND v498
[14:51:22]ACCESS: Login: Catratcat/(Catratcat) from 127.0.0.1
[14:51:51]ADMIN: Catratcat has started the game.
[14:51:51]ACCESS: Logout: *no client*/(Catratcat)
[14:51:51]ACCESS: Login: Catratcat/(Morgan Bickerson) from 127.0.0.1-3781439013 || BYOND v498
[14:52:02]ADMIN: Catratcat/(Morgan Bickerson) jumped to 44,42,2 in Street
[14:52:25]ACCESS: Logout: Catratcat/(Morgan Bickerson)


Starting up. 14:55.01
---------------------

[14:55:01]ADMIN: Loading jobban_rank
[14:55:01]ADMIN: jobban_keylist was empty
[14:55:01]ADMIN: Updating jobbanfile!
[14:55:01]ADMIN: Loading Banlist
Reading donators.txt
[14:55:10]ACCESS: Login: Catratcat/(Catratcat) from 127.0.0.1-3781439013 || BYOND v498
[14:55:10]ACCESS: Login: Catratcat/(Catratcat) from 127.0.0.1
[14:55:20]ADMIN: Catratcat has started the game.
[14:55:21]ACCESS: Logout: *no client*/(Catratcat)
[14:55:21]ACCESS: Login: Catratcat/(Morgan Bickerson) from 127.0.0.1-3781439013 || BYOND v498
[14:55:39]ACCESS: Logout: Catratcat/(Morgan Bickerson)


Starting up. 14:58.15
---------------------

[14:58:15]ADMIN: Loading jobban_rank
[14:58:15]ADMIN: jobban_keylist was empty
[14:58:15]ADMIN: Updating jobbanfile!
[14:58:15]ADMIN: Loading Banlist
Reading donators.txt
[14:58:24]ACCESS: Login: Catratcat/(Catratcat) from 127.0.0.1-3781439013 || BYOND v498
[14:58:24]ACCESS: Login: Catratcat/(Catratcat) from 127.0.0.1
[14:58:29]ADMIN: Catratcat has started the game.
[14:58:30]ACCESS: Logout: *no client*/(Catratcat)
[14:58:30]ACCESS: Login: Catratcat/(Morgan Bickerson) from 127.0.0.1-3781439013 || BYOND v498
[14:58:39]ADMIN: Catratcat/(Morgan Bickerson) jumped to 44,42,2 in Street
[14:58:46]ACCESS: Logout: Catratcat/(Morgan Bickerson)


Starting up. 15:02.29
---------------------

[15:02:29]ADMIN: Loading jobban_rank
[15:02:29]ADMIN: jobban_keylist was empty
[15:02:29]ADMIN: Updating jobbanfile!
[15:02:29]ADMIN: Loading Banlist
Reading donators.txt
[15:03:14]ACCESS: Login: Catratcat/(Catratcat) from 127.0.0.1-3781439013 || BYOND v498
[15:03:14]ACCESS: Login: Catratcat/(Catratcat) from 127.0.0.1
[15:03:38]ADMIN: Catratcat has started the game.
[15:03:38]ACCESS: Logout: *no client*/(Catratcat)
[15:03:38]ACCESS: Login: Catratcat/(Morgan Bickerson) from 127.0.0.1-3781439013 || BYOND v498
[15:03:47]ADMIN: Catratcat/(Morgan Bickerson) jumped to 44,42,2 in Street
[15:03:54]ACCESS: Logout: Catratcat/(Morgan Bickerson)


Starting up. 15:08.39
---------------------

[15:08:39]ADMIN: Loading jobban_rank
[15:08:39]ADMIN: jobban_keylist was empty
[15:08:39]ADMIN: Updating jobbanfile!
[15:08:39]ADMIN: Loading Banlist
Reading donators.txt
[15:08:57]ACCESS: Login: Catratcat/(Catratcat) from 127.0.0.1-3781439013 || BYOND v498
[15:08:57]ACCESS: Login: Catratcat/(Catratcat) from 127.0.0.1
[15:09:10]ADMIN: Catratcat has started the game.
[15:09:10]ACCESS: Logout: *no client*/(Catratcat)
[15:09:10]ACCESS: Login: Catratcat/(Morgan Bickerson) from 127.0.0.1-3781439013 || BYOND v498
[15:09:22]ADMIN: Catratcat/(Morgan Bickerson) jumped to 43,42,2 in Street
[15:10:08]ACCESS: Logout: Catratcat/(Morgan Bickerson)


Starting up. 15:12.29
---------------------

[15:12:29]ADMIN: Loading jobban_rank
[15:12:29]ADMIN: jobban_keylist was empty
[15:12:29]ADMIN: Updating jobbanfile!
[15:12:29]ADMIN: Loading Banlist
Reading donators.txt
[15:12:40]ACCESS: Login: Catratcat/(Catratcat) from 127.0.0.1-3781439013 || BYOND v498
[15:12:40]ACCESS: Login: Catratcat/(Catratcat) from 127.0.0.1
[15:12:47]ADMIN: Catratcat has started the game.
[15:12:48]ACCESS: Logout: *no client*/(Catratcat)
[15:12:48]ACCESS: Login: Catratcat/(Morgan Bickerson) from 127.0.0.1-3781439013 || BYOND v498
[15:12:57]ACCESS: Logout: Catratcat/(Morgan Bickerson)


Starting up. 15:15.41
---------------------

[15:15:41]ADMIN: Loading jobban_rank
[15:15:41]ADMIN: jobban_keylist was empty
[15:15:41]ADMIN: Updating jobbanfile!
[15:15:41]ADMIN: Loading Banlist
Reading donators.txt
[15:15:52]ACCESS: Login: Catratcat/(Catratcat) from 127.0.0.1-3781439013 || BYOND v498
[15:15:52]ACCESS: Login: Catratcat/(Catratcat) from 127.0.0.1
[15:15:58]ADMIN: Catratcat has started the game.
[15:15:59]ACCESS: Logout: *no client*/(Catratcat)
[15:15:59]ACCESS: Login: Catratcat/(Morgan Bickerson) from 127.0.0.1-3781439013 || BYOND v498
[15:16:12]ACCESS: Logout: Catratcat/(Morgan Bickerson)


Starting up. 15:19.41
---------------------

[15:19:41]ADMIN: Loading jobban_rank
[15:19:41]ADMIN: jobban_keylist was empty
[15:19:41]ADMIN: Updating jobbanfile!
[15:19:41]ADMIN: Loading Banlist
Reading donators.txt
[15:19:44]ACCESS: Login: Catratcat/(Catratcat) from 127.0.0.1-3781439013 || BYOND v498
[15:19:44]ACCESS: Login: Catratcat/(Catratcat) from 127.0.0.1
[15:19:54]ADMIN: Catratcat has started the game.
[15:19:54]ACCESS: Logout: *no client*/(Catratcat)
[15:19:54]ACCESS: Login: Catratcat/(Morgan Bickerson) from 127.0.0.1-3781439013 || BYOND v498
[15:20:03]ADMIN: Catratcat/(Morgan Bickerson) jumped to 43,42,2 in Street
[15:20:23]ACCESS: Logout: Catratcat/(Morgan Bickerson)


Starting up. 15:24.55
---------------------

[15:24:55]ADMIN: Loading jobban_rank
[15:24:55]ADMIN: jobban_keylist was empty
[15:24:55]ADMIN: Updating jobbanfile!
[15:24:55]ADMIN: Loading Banlist
Reading donators.txt
[15:24:58]ACCESS: Login: Catratcat/(Catratcat) from 127.0.0.1-3781439013 || BYOND v498
[15:24:58]ACCESS: Login: Catratcat/(Catratcat) from 127.0.0.1
[15:25:09]ADMIN: Catratcat has started the game.
[15:25:09]ACCESS: Logout: *no client*/(Catratcat)
[15:25:09]ACCESS: Login: Catratcat/(Morgan Bickerson) from 127.0.0.1-3781439013 || BYOND v498
[15:25:19]ADMIN: Catratcat/(Morgan Bickerson) jumped to 43,42,2 in Street
[15:25:30]ACCESS: Logout: Catratcat/(Morgan Bickerson)


Starting up. 15:29.17
---------------------

[15:29:17]ADMIN: Loading jobban_rank
[15:29:17]ADMIN: jobban_keylist was empty
[15:29:17]ADMIN: Updating jobbanfile!
[15:29:17]ADMIN: Loading Banlist
Reading donators.txt
[15:29:32]ACCESS: Login: Catratcat/(Catratcat) from 127.0.0.1-3781439013 || BYOND v498
[15:29:32]ACCESS: Login: Catratcat/(Catratcat) from 127.0.0.1
[15:29:46]ADMIN: Catratcat has started the game.
[15:29:47]ACCESS: Logout: *no client*/(Catratcat)
[15:29:47]ACCESS: Login: Catratcat/(Morgan Bickerson) from 127.0.0.1-3781439013 || BYOND v498
[15:30:06]ADMIN: Catratcat/(Morgan Bickerson) jumped to 44,42,2 in Street
[15:30:20]ACCESS: Logout: Catratcat/(Morgan Bickerson)


Starting up. 15:41.23
---------------------

[15:41:23]ADMIN: Loading jobban_rank
[15:41:23]ADMIN: jobban_keylist was empty
[15:41:23]ADMIN: Updating jobbanfile!
[15:41:23]ADMIN: Loading Banlist
Reading donators.txt
[15:41:38]ACCESS: Login: Catratcat/(Catratcat) from 127.0.0.1-3781439013 || BYOND v498
[15:41:38]ACCESS: Login: Catratcat/(Catratcat) from 127.0.0.1
[15:41:45]ADMIN: Catratcat has started the game.
[15:41:45]ACCESS: Logout: *no client*/(Catratcat)
[15:41:45]ACCESS: Login: Catratcat/(Morgan Bickerson) from 127.0.0.1-3781439013 || BYOND v498
[15:42:00]ACCESS: Logout: Catratcat/(Morgan Bickerson)


Starting up. 15:46.27
---------------------

[15:46:27]ADMIN: Loading jobban_rank
[15:46:27]ADMIN: jobban_keylist was empty
[15:46:27]ADMIN: Updating jobbanfile!
[15:46:27]ADMIN: Loading Banlist
Reading donators.txt
[15:46:55]ACCESS: Login: Catratcat/(Catratcat) from 127.0.0.1-3781439013 || BYOND v498
[15:46:55]ACCESS: Login: Catratcat/(Catratcat) from 127.0.0.1
[15:47:05]ADMIN: Catratcat has started the game.
[15:47:06]ACCESS: Logout: *no client*/(Catratcat)
[15:47:06]ACCESS: Login: Catratcat/(Morgan Bickerson) from 127.0.0.1-3781439013 || BYOND v498
[15:47:17]ADMIN: Catratcat/(Morgan Bickerson) jumped to 44,42,2 in Street
[15:47:34]ACCESS: Logout: Catratcat/(Morgan Bickerson)


Starting up. 15:49.46
---------------------

[15:49:46]ADMIN: Loading jobban_rank
[15:49:46]ADMIN: jobban_keylist was empty
[15:49:46]ADMIN: Updating jobbanfile!
[15:49:46]ADMIN: Loading Banlist
Reading donators.txt
[15:49:57]ACCESS: Login: Catratcat/(Catratcat) from 127.0.0.1-3781439013 || BYOND v498
[15:49:57]ACCESS: Login: Catratcat/(Catratcat) from 127.0.0.1
[15:50:07]ADMIN: Catratcat has started the game.
[15:50:08]ACCESS: Logout: *no client*/(Catratcat)
[15:50:08]ACCESS: Login: Catratcat/(Morgan Bickerson) from 127.0.0.1-3781439013 || BYOND v498
[15:50:19]ADMIN: Catratcat/(Morgan Bickerson) jumped to 44,41,2 in Street
[15:50:30]ACCESS: Logout: Catratcat/(Morgan Bickerson)


Starting up. 15:54.34
---------------------

[15:54:34]ADMIN: Loading jobban_rank
[15:54:34]ADMIN: jobban_keylist was empty
[15:54:34]ADMIN: Updating jobbanfile!
[15:54:34]ADMIN: Loading Banlist
Reading donators.txt
[15:54:46]ACCESS: Login: Catratcat/(Catratcat) from 127.0.0.1-3781439013 || BYOND v498
[15:54:46]ACCESS: Login: Catratcat/(Catratcat) from 127.0.0.1
[15:54:59]ADMIN: Catratcat has started the game.
[15:54:59]ACCESS: Logout: *no client*/(Catratcat)
[15:54:59]ACCESS: Login: Catratcat/(Morgan Bickerson) from 127.0.0.1-3781439013 || BYOND v498
[15:55:18]ADMIN: Catratcat/(Morgan Bickerson) jumped to 45,42,2 in Street
[15:56:17]ACCESS: Logout: Catratcat/(Morgan Bickerson)


Starting up. 16:06.08
---------------------

[16:06:08]ADMIN: Loading jobban_rank
[16:06:08]ADMIN: jobban_keylist was empty
[16:06:08]ADMIN: Updating jobbanfile!
[16:06:08]ADMIN: Loading Banlist
Reading donators.txt
[16:06:16]ACCESS: Login: Catratcat/(Catratcat) from 127.0.0.1-3781439013 || BYOND v498
[16:06:16]ACCESS: Login: Catratcat/(Catratcat) from 127.0.0.1
[16:06:23]ADMIN: Catratcat has started the game.
[16:06:23]ACCESS: Logout: *no client*/(Catratcat)
[16:06:23]ACCESS: Login: Catratcat/(Morgan Bickerson) from 127.0.0.1-3781439013 || BYOND v498
[16:06:45]ACCESS: Logout: Catratcat/(Morgan Bickerson)


Starting up. 16:14.01
---------------------

[16:14:01]ADMIN: Loading jobban_rank
[16:14:01]ADMIN: jobban_keylist was empty
[16:14:01]ADMIN: Updating jobbanfile!
[16:14:01]ADMIN: Loading Banlist
Reading donators.txt
[16:14:11]ACCESS: Login: Catratcat/(Catratcat) from 127.0.0.1-3781439013 || BYOND v498
[16:14:11]ACCESS: Login: Catratcat/(Catratcat) from 127.0.0.1
[16:14:27]ADMIN: Catratcat has started the game.
[16:14:27]ACCESS: Logout: *no client*/(Catratcat)
[16:14:27]ACCESS: Login: Catratcat/(Morgan Bickerson) from 127.0.0.1-3781439013 || BYOND v498
[16:14:43]ADMIN: Catratcat/(Morgan Bickerson) jumped to 44,42,2 in Street
[16:15:49]ACCESS: Logout: Catratcat/(Morgan Bickerson)


Starting up. 16:34.30
---------------------

[16:34:30]ADMIN: Loading jobban_rank
[16:34:30]ADMIN: jobban_keylist was empty
[16:34:30]ADMIN: Updating jobbanfile!
[16:34:30]ADMIN: Loading Banlist
Reading donators.txt
[16:34:33]ACCESS: Login: Catratcat/(Catratcat) from 127.0.0.1-3781439013 || BYOND v498
[16:34:33]ACCESS: Login: Catratcat/(Catratcat) from 127.0.0.1
[16:34:42]ADMIN: Catratcat has started the game.
[16:34:43]ACCESS: Logout: *no client*/(Catratcat)
[16:34:43]ACCESS: Login: Catratcat/(Morgan Bickerson) from 127.0.0.1-3781439013 || BYOND v498
[16:35:05]ADMIN: Catratcat/(Morgan Bickerson) jumped to 42,42,2 in Street
[16:36:30]ACCESS: Logout: Catratcat/(Morgan Bickerson)


Starting up. 16:50.54
---------------------

[16:50:54]ADMIN: Loading jobban_rank
[16:50:54]ADMIN: jobban_keylist was empty
[16:50:54]ADMIN: Updating jobbanfile!
[16:50:54]ADMIN: Loading Banlist
Reading donators.txt
[16:51:03]ACCESS: Login: Catratcat/(Catratcat) from 127.0.0.1-3781439013 || BYOND v498
[16:51:03]ACCESS: Login: Catratcat/(Catratcat) from 127.0.0.1
[16:51:10]ADMIN: Catratcat has started the game.
[16:51:11]ACCESS: Logout: *no client*/(Catratcat)
[16:51:11]ACCESS: Login: Catratcat/(Morgan Bickerson) from 127.0.0.1-3781439013 || BYOND v498
[16:51:32]ADMIN: Catratcat/(Morgan Bickerson) jumped to 42,42,2 in Street
[16:51:48]ADMIN: Catratcat/(Morgan Bickerson) jumped to 42,47,2 in Street
[16:53:15]ADMIN: Catratcat/(Morgan Bickerson) jumped to 41,41,2 in Street
[16:54:16]ACCESS: Logout: Catratcat/(Morgan Bickerson)


Starting up. 18:50.46
---------------------

[18:50:46]ADMIN: Loading jobban_rank
[18:50:46]ADMIN: jobban_keylist was empty
[18:50:46]ADMIN: Updating jobbanfile!
[18:50:46]ADMIN: Loading Banlist
Reading donators.txt


Starting up. 18:57.34
---------------------

[18:57:34]ADMIN: Loading jobban_rank
[18:57:34]ADMIN: jobban_keylist was empty
[18:57:34]ADMIN: Updating jobbanfile!
[18:57:34]ADMIN: Loading Banlist
Reading donators.txt
[18:58:22]ACCESS: Login: Catratcat/(Catratcat) from 127.0.0.1-3781439013 || BYOND v498
[18:58:22]ACCESS: Login: Catratcat/(Catratcat) from 127.0.0.1
[18:58:39]ACCESS: Logout: Catratcat/(Catratcat)
[18:58:39]ACCESS: Login: Catratcat/(Catratcat) from 127.0.0.1-3781439013 || BYOND v498
[18:58:39]ACCESS: Login: Catratcat/(Catratcat) from 127.0.0.1
[18:58:43]ACCESS: Logout: Catratcat/(Catratcat)
[18:58:46]ACCESS: Login: Catratcat/(Catratcat) from 127.0.0.1-3781439013 || BYOND v498
[18:58:46]ACCESS: Login: Catratcat/(Catratcat) from 127.0.0.1
[18:58:57]ADMIN: Catratcat has started the game.
[18:58:59]ACCESS: Logout: *no client*/(Catratcat)
[18:58:59]ACCESS: Login: Catratcat/(Morgan Bickerson) from 127.0.0.1-3781439013 || BYOND v498
[18:59:19]ADMIN: Catratcat/(Morgan Bickerson) jumped to 73,112,2 in Street
[18:59:29]ADMIN: Catratcat/(Morgan Bickerson) jumped to 86,95,2 in Street
[19:01:10]ACCESS: Logout: Catratcat/(Morgan Bickerson)
