

Starting up. 13:32.13
---------------------



Starting up. 13:49.14
---------------------



Starting up. 14:04.05
---------------------



Starting up. 14:12.54
---------------------



Starting up. 14:16.24
---------------------



Starting up. 14:45.45
---------------------



Starting up. 14:54.02
---------------------



Starting up. 15:14.48
---------------------

[15:25:32]ATTACK: <font color='red'>Rudollf Schutze (armun) implanted Rudollf Schutze (armun) with Nanoaugmentation Implaner (Short-range Psionic Radar) (INTENT: HELP)</font>
[15:25:41]ATTACK: <font color='red'>Rudollf Schutze (armun) implanted Rudollf Schutze (armun) with Nanoaugmentation Implaner (Regenerative Nanobots) (INTENT: HELP)</font>
[15:29:06]ATTACK: <font color='red'>Bruno Mantana (rigget) disarmed Holden Isemann (palputin)</font>
[15:30:20]ATTACK: <font color='red'>Holden Isemann (palputin) attacked Bruno Mantana (rigget) with mop (INTENT: HURT) (DAMTYE: BRUTE)</font>
[15:30:29]ATTACK: <font color='red'>Bruno Mantana (rigget) disarmed Holden Isemann (palputin)</font>
[15:30:30]ATTACK: <font color='red'>Bruno Mantana (rigget) disarmed Holden Isemann (palputin)</font>
[15:30:38]ATTACK: <font color='red'>Bruno Mantana (rigget) attacked Holden Isemann (palputin) with mop (INTENT: GRAB) (DAMTYE: BRUTE)</font>
[15:30:38]ATTACK: <font color='red'>Holden Isemann (palputin) attacked Bruno Mantana (rigget) with brick (INTENT: HURT) (DAMTYE: BRUTE)</font>
[15:30:48]ATTACK: <font color='red'>Holden Isemann (palputin) attacked Bruno Mantana (rigget) with brick (INTENT: HURT) (DAMTYE: BRUTE)</font>
[15:30:54]ATTACK: <font color='red'>Holden Isemann (palputin) attacked Bruno Mantana (rigget) with brick (INTENT: HURT) (DAMTYE: BRUTE)</font>
[15:30:55]ATTACK: <font color='red'>Holden Isemann (palputin) attacked Bruno Mantana (rigget) with brick (INTENT: HURT) (DAMTYE: BRUTE)</font>
[15:30:56]ATTACK: <font color='red'>Holden Isemann (palputin) attacked Bruno Mantana (rigget) with brick (INTENT: HURT) (DAMTYE: BRUTE)</font>
[15:30:57]ATTACK: <font color='red'>Holden Isemann (palputin) attacked Bruno Mantana (rigget) with brick (INTENT: HURT) (DAMTYE: BRUTE)</font>
[15:30:58]ATTACK: <font color='red'>Holden Isemann (palputin) attacked Unknown (rigget) with brick (INTENT: HURT) (DAMTYE: BRUTE)</font>
[15:30:59]ATTACK: <font color='red'>Holden Isemann (palputin) attacked Unknown (rigget) with brick (INTENT: HURT) (DAMTYE: BRUTE)</font>
[15:31:01]ATTACK: <font color='red'>Holden Isemann (palputin) attacked Unknown (rigget) with brick (INTENT: HURT) (DAMTYE: BRUTE)</font>
[15:31:02]ATTACK: <font color='red'>Holden Isemann (palputin) attacked Unknown (rigget) with brick (INTENT: HURT) (DAMTYE: BRUTE)</font>
[15:31:04]ATTACK: <font color='red'>Holden Isemann (palputin) attacked Unknown (rigget) with brick (INTENT: HURT) (DAMTYE: BRUTE)</font>
[15:32:48]ATTACK: <font color='red'>Adrian Carmack (qwertyo55) punched Colton McGarryson (alfgeirrnicolason)</font>
[15:32:49]ATTACK: <font color='red'>Colton McGarryson (alfgeirrnicolason) punched Adrian Carmack (qwertyo55)</font>
[15:32:51]ATTACK: <font color='red'>Adrian Carmack (qwertyo55) punched Colton McGarryson (alfgeirrnicolason)</font>
[15:32:55]ATTACK: <font color='red'>Adrian Carmack (qwertyo55) punched Colton McGarryson (alfgeirrnicolason)</font>
[15:32:56]ATTACK: <font color='red'>Adrian Carmack (qwertyo55) punched Colton McGarryson (alfgeirrnicolason)</font>
[15:33:01]ATTACK: <font color='red'>Adrian Carmack (qwertyo55) punched Colton McGarryson (alfgeirrnicolason)</font>
[15:33:06]ATTACK: <font color='red'>Colton McGarryson (alfgeirrnicolason) punched Adrian Carmack (qwertyo55)</font>
[15:33:18]ATTACK: <font color='red'>Colton McGarryson (alfgeirrnicolason) punched Adrian Carmack (qwertyo55)</font>
[15:33:20]ATTACK: <font color='red'>Colton McGarryson (alfgeirrnicolason) punched Colton McGarryson (alfgeirrnicolason)</font>
[15:33:40]ATTACK: <font color='red'>Colton McGarryson (alfgeirrnicolason) punched Colton McGarryson (alfgeirrnicolason)</font>
[15:33:56]ATTACK: <font color='red'>Colton McGarryson (alfgeirrnicolason) punched Adrian Carmack (qwertyo55)</font>
[15:34:04]ATTACK: <font color='red'>Adrian Carmack (qwertyo55) punched Colton McGarryson (alfgeirrnicolason)</font>
[15:34:05]ATTACK: <font color='red'>Adrian Carmack (qwertyo55) punched Colton McGarryson (alfgeirrnicolason)</font>
[15:34:06]ATTACK: <font color='red'>Adrian Carmack (qwertyo55) punched Colton McGarryson (alfgeirrnicolason)</font>
[15:34:15]ATTACK: <font color='red'>Adrian Carmack (qwertyo55) punched Colton McGarryson (alfgeirrnicolason)</font>
[15:34:16]ATTACK: <font color='red'>Adrian Carmack (qwertyo55) punched Colton McGarryson (alfgeirrnicolason)</font>
[15:34:35]ATTACK: <font color='red'>Colton McGarryson (alfgeirrnicolason) punched Adrian Carmack (qwertyo55)</font>
[15:34:36]ATTACK: <font color='red'>Adrian Carmack (qwertyo55) punched Colton McGarryson (alfgeirrnicolason)</font>
[15:34:39]ATTACK: <font color='red'>Colton McGarryson (alfgeirrnicolason) punched Colton McGarryson (alfgeirrnicolason)</font>
[15:34:41]ATTACK: <font color='red'>Adrian Carmack (qwertyo55) punched Colton McGarryson (alfgeirrnicolason)</font>
[15:34:52]ATTACK: <font color='red'>Adrian Carmack (qwertyo55) punched Colton McGarryson (alfgeirrnicolason)</font>
[15:35:04]ATTACK: <font color='red'>Adrian Carmack (qwertyo55) punched Colton McGarryson (alfgeirrnicolason)</font>
[15:35:05]ATTACK: <font color='red'>Adrian Carmack (qwertyo55) punched Colton McGarryson (alfgeirrnicolason)</font>
[15:35:06]ATTACK: <font color='red'>Adrian Carmack (qwertyo55) punched Colton McGarryson (alfgeirrnicolason)</font>
[15:35:07]ATTACK: <font color='red'>Adrian Carmack (qwertyo55) punched Colton McGarryson (alfgeirrnicolason)</font>
[15:35:08]ATTACK: <font color='red'>Adrian Carmack (qwertyo55) punched Colton McGarryson (alfgeirrnicolason)</font>
[15:35:11]ATTACK: <font color='red'>Unknown (alfgeirrnicolason) punched Adrian Carmack (qwertyo55)</font>
[15:35:12]ATTACK: <font color='red'>Unknown (alfgeirrnicolason) punched Adrian Carmack (qwertyo55)</font>
[15:35:14]ATTACK: <font color='red'>Unknown (alfgeirrnicolason) punched Adrian Carmack (qwertyo55)</font>
[15:35:15]ATTACK: <font color='red'>Adrian Carmack (qwertyo55) grabbed the neck of Unknown (alfgeirrnicolason)</font>
[15:35:15]ATTACK: <font color='red'>Adrian Carmack (qwertyo55) Strangled (kill intent) Unknown (alfgeirrnicolason)</font>
[15:35:16]ATTACK: <font color='red'>Adrian Carmack (qwertyo55) Strangled (kill intent) Unknown (alfgeirrnicolason)</font>
[15:35:17]ATTACK: <font color='red'>Adrian Carmack (qwertyo55) Strangled (kill intent) Unknown (alfgeirrnicolason)</font>
[15:35:32]ATTACK: <font color='red'>Adrian Carmack (qwertyo55) punched Unknown (alfgeirrnicolason)</font>
[15:35:34]ATTACK: <font color='red'>Adrian Carmack (qwertyo55) punched Unknown (alfgeirrnicolason)</font>
[15:35:35]ATTACK: <font color='red'>Adrian Carmack (qwertyo55) punched Unknown (alfgeirrnicolason)</font>
[15:35:36]ATTACK: <font color='red'>Adrian Carmack (qwertyo55) punched Unknown (alfgeirrnicolason)</font>
[15:35:37]ATTACK: <font color='red'>Adrian Carmack (qwertyo55) punched Unknown (alfgeirrnicolason)</font>
[15:35:39]ATTACK: <font color='red'>Adrian Carmack (qwertyo55) punched Unknown (alfgeirrnicolason)</font>
[15:35:40]ATTACK: <font color='red'>Adrian Carmack (qwertyo55) punched Unknown (alfgeirrnicolason)</font>
[15:35:41]ATTACK: <font color='red'>Adrian Carmack (qwertyo55) punched Unknown (alfgeirrnicolason)</font>
[15:35:44]ATTACK: <font color='red'>Adrian Carmack (qwertyo55) punched Unknown (alfgeirrnicolason)</font>
[15:35:45]ATTACK: <font color='red'>Adrian Carmack (qwertyo55) punched Unknown (alfgeirrnicolason)</font>
[15:35:46]ATTACK: <font color='red'>Adrian Carmack (qwertyo55) punched Unknown (alfgeirrnicolason)</font>
[15:35:47]ATTACK: <font color='red'>Adrian Carmack (qwertyo55) punched Unknown (alfgeirrnicolason)</font>
[15:35:48]ATTACK: <font color='red'>Adrian Carmack (qwertyo55) punched Unknown (alfgeirrnicolason)</font>
[15:35:50]ATTACK: <font color='red'>Adrian Carmack (qwertyo55) punched Unknown (alfgeirrnicolason)</font>
[15:36:21]ATTACK: <font color='red'>Javon Lester (masterofdmx) attacked Holden Isemann (palputin) with brick (INTENT: HURT) (DAMTYE: BRUTE)</font>
[15:36:27]ATTACK: <font color='red'>Javon Lester (masterofdmx) attacked Holden Isemann (palputin) with brick (INTENT: HURT) (DAMTYE: BRUTE)</font>
[15:36:27]ATTACK: <font color='red'>Holden Isemann (palputin) attacked Javon Lester (masterofdmx) with brick (INTENT: HURT) (DAMTYE: BRUTE)</font>
[15:36:30]ATTACK: <font color='red'>Holden Isemann (palputin) attacked Javon Lester (masterofdmx) with brick (INTENT: HURT) (DAMTYE: BRUTE)</font>
[15:36:33]ATTACK: <font color='red'>Holden Isemann (palputin) attacked Javon Lester (masterofdmx) with brick (INTENT: HURT) (DAMTYE: BRUTE)</font>
[15:36:34]ATTACK: <font color='red'>Holden Isemann (palputin) attacked Javon Lester (masterofdmx) with brick (INTENT: HURT) (DAMTYE: BRUTE)</font>
[15:36:35]ATTACK: <font color='red'>Holden Isemann (palputin) attacked Javon Lester (masterofdmx) with brick (INTENT: HURT) (DAMTYE: BRUTE)</font>
[15:36:36]ATTACK: <font color='red'>Holden Isemann (palputin) attacked Javon Lester (masterofdmx) with brick (INTENT: HURT) (DAMTYE: BRUTE)</font>
[15:36:37]ATTACK: <font color='red'>Holden Isemann (palputin) attacked Javon Lester (masterofdmx) with brick (INTENT: HURT) (DAMTYE: BRUTE)</font>
[15:36:38]ATTACK: <font color='red'>Holden Isemann (palputin) attacked Unknown (masterofdmx) with brick (INTENT: HURT) (DAMTYE: BRUTE)</font>
[15:36:39]ATTACK: <font color='red'>Holden Isemann (palputin) attacked Unknown (masterofdmx) with brick (INTENT: HURT) (DAMTYE: BRUTE)</font>
[15:36:40]ATTACK: <font color='red'>Holden Isemann (palputin) attacked Unknown (masterofdmx) with brick (INTENT: HURT) (DAMTYE: BRUTE)</font>
[15:36:41]ATTACK: <font color='red'>Holden Isemann (palputin) attacked Unknown (masterofdmx) with brick (INTENT: HURT) (DAMTYE: BRUTE)</font>
[15:36:43]ATTACK: <font color='red'>Holden Isemann (palputin) attacked Unknown (masterofdmx) with brick (INTENT: HURT) (DAMTYE: BRUTE)</font>
[15:36:44]ATTACK: <font color='red'>Holden Isemann (palputin) attacked Unknown (masterofdmx) with brick (INTENT: HURT) (DAMTYE: BRUTE)</font>
[15:36:59]ATTACK: <font color='red'>Holden Isemann (palputin) punched Unknown ()</font>
[15:42:15]ATTACK: <font color='red'>Adrian Carmack (qwertyo55) attacked Unknown () with brick (INTENT: HURT) (DAMTYE: BRUTE)</font>
[15:43:11]ATTACK: <font color='red'>Steven Todd (disconected) attacked Rudollf Schutze (armun) with butcher's cleaver (INTENT: HELP) (DAMTYE: BRUTE)</font>
[15:43:12]ATTACK: <font color='red'>Steven Todd (disconected) attacked Rudollf Schutze (armun) with butcher's cleaver (INTENT: HELP) (DAMTYE: BRUTE)</font>
[15:43:14]ATTACK: <font color='red'>Steven Todd (disconected) attacked Rudollf Schutze (armun) with butcher's cleaver (INTENT: HELP) (DAMTYE: BRUTE)</font>
[15:43:16]ATTACK: <font color='red'>Steven Todd (disconected) attacked Unknown (armun) with butcher's cleaver (INTENT: HELP) (DAMTYE: BRUTE)</font>
[15:43:18]ATTACK: <font color='red'>Steven Todd (disconected) attacked Unknown (armun) with butcher's cleaver (INTENT: HELP) (DAMTYE: BRUTE)</font>
[15:43:19]ATTACK: <font color='red'>Steven Todd (disconected) attacked Unknown (armun) with butcher's cleaver (INTENT: HELP) (DAMTYE: BRUTE)</font>
[15:43:21]ATTACK: <font color='red'>Steven Todd (disconected) attacked Unknown (armun) with butcher's cleaver (INTENT: HELP) (DAMTYE: BRUTE)</font>
[15:43:22]ATTACK: <font color='red'>Steven Todd (disconected) attacked Unknown (armun) with butcher's cleaver (INTENT: HELP) (DAMTYE: BRUTE)</font>
[15:43:23]ATTACK: <font color='red'>Steven Todd (disconected) attacked Unknown (armun) with butcher's cleaver (INTENT: HELP) (DAMTYE: BRUTE)</font>
[15:43:25]ATTACK: <font color='red'>Steven Todd (disconected) attacked Unknown (armun) with butcher's cleaver (INTENT: HELP) (DAMTYE: BRUTE)</font>
[15:45:21]ATTACK: <font color='red'>Steven Todd (disconected) attacked George Haynie (styrkarr) with butcher's cleaver (INTENT: HELP) (DAMTYE: BRUTE)</font>
[15:45:22]ATTACK: <font color='red'>Steven Todd (disconected) attacked George Haynie (styrkarr) with butcher's cleaver (INTENT: HELP) (DAMTYE: BRUTE)</font>
[15:45:23]ATTACK: <font color='red'>Steven Todd (disconected) attacked George Haynie (styrkarr) with butcher's cleaver (INTENT: HELP) (DAMTYE: BRUTE)</font>
[15:45:24]ATTACK: <font color='red'>Steven Todd (disconected) attacked George Haynie (styrkarr) with butcher's cleaver (INTENT: HELP) (DAMTYE: BRUTE)</font>
[15:47:55]ATTACK: <font color='red'>Steven Todd (disconected) attacked Austin Haynes (rom0) with butcher's cleaver (INTENT: HELP) (DAMTYE: BRUTE)</font>
[15:47:56]ATTACK: <font color='red'>Steven Todd (disconected) attacked Austin Haynes (rom0) with butcher's cleaver (INTENT: HELP) (DAMTYE: BRUTE)</font>
[15:47:58]ATTACK: <font color='red'>Steven Todd (disconected) attacked Austin Haynes (rom0) with butcher's cleaver (INTENT: HELP) (DAMTYE: BRUTE)</font>
[15:47:59]ATTACK: <font color='red'>Steven Todd (disconected) attacked Austin Haynes (rom0) with butcher's cleaver (INTENT: HELP) (DAMTYE: BRUTE)</font>
[15:48:00]ATTACK: <font color='red'>Steven Todd (disconected) attacked Austin Haynes (rom0) with butcher's cleaver (INTENT: HELP) (DAMTYE: BRUTE)</font>
[15:48:06]ATTACK: <font color='red'>Adrian Carmack (qwertyo55) attacked James Butt (cattus) with scalpel (INTENT: GRAB) (DAMTYE: BRUTE)</font>
[15:48:07]ATTACK: <font color='red'>Adrian Carmack (qwertyo55) attacked James Butt (cattus) with scalpel (INTENT: GRAB) (DAMTYE: BRUTE)</font>
[15:48:08]ATTACK: <font color='red'>Adrian Carmack (qwertyo55) attacked James Butt (cattus) with scalpel (INTENT: GRAB) (DAMTYE: BRUTE)</font>
[15:48:09]ATTACK: <font color='red'>Adrian Carmack (qwertyo55) attacked James Butt (cattus) with scalpel (INTENT: GRAB) (DAMTYE: BRUTE)</font>
[15:51:42]ATTACK: <font color='red'>Owen Edwards (jarlo) grabbed the neck of Samyil Thompson (miroar)</font>
[15:51:42]ATTACK: <font color='red'>Owen Edwards (jarlo) Strangled (kill intent) Samyil Thompson (miroar)</font>
[15:51:46]ATTACK: <font color='red'>Owen Edwards (jarlo) Strangled (kill intent) Samyil Thompson (miroar)</font>
[15:52:25]ATTACK: <font color='red'>Steven Todd (disconected) attacked Colton McGarryson (alfgeirrnicolason) with bow (INTENT: DISARM) (DAMTYE: BRUTE)</font>
[15:52:25]ATTACK: <font color='red'>Steven Todd (disconected) shot Colton McGarryson (alfgeirrnicolason) with a bow (blood (5),)</font>
[15:52:27]ATTACK: <font color='red'>Steven Todd (disconected) attacked Colton McGarryson (alfgeirrnicolason) with bow (INTENT: DISARM) (DAMTYE: BRUTE)</font>
[15:52:37]ATTACK: <font color='red'>Colton McGarryson (alfgeirrnicolason) was hit by the scout thrown by (Disconected)</font>
[15:57:50]ATTACK: <font color='red'>Charles Lawrence (vadkop) disarmed Charles Lawrence (vadkop)</font>
[15:58:14]ATTACK: <font color='red'>Unknown (whiteman) attacked Unknown (whiteman) with George Haynie's head (INTENT: HURT) (DAMTYE: BRUTE)</font>
[16:02:42]ATTACK: <font color='red'>Buck Mccnelan (rigget) attacked Unknown (vovanhur) with fire extinguisher (INTENT: DISARM) (DAMTYE: BRUTE)</font>
[16:02:52]ATTACK: <font color='red'>Buck Mccnelan (rigget) attacked Unknown (vovanhur) with fire extinguisher (INTENT: DISARM) (DAMTYE: BRUTE)</font>
[16:03:13]ATTACK: <font color='red'>Unknown (whiteman) punched Unknown (vovanhur)</font>
[16:03:20]ATTACK: <font color='red'>Unknown (whiteman) attacked Unknown (vovanhur) with bat (INTENT: HURT) (DAMTYE: BRUTE)</font>
[16:03:21]ATTACK: <font color='red'>Unknown (whiteman) attacked Unknown (vovanhur) with bat (INTENT: HURT) (DAMTYE: BRUTE)</font>
[16:03:22]ATTACK: <font color='red'>Unknown (whiteman) attacked Unknown (vovanhur) with bat (INTENT: HURT) (DAMTYE: BRUTE)</font>
[16:03:23]ATTACK: <font color='red'>Unknown (whiteman) attacked Unknown (vovanhur) with bat (INTENT: HURT) (DAMTYE: BRUTE)</font>
[16:03:25]ATTACK: <font color='red'>Unknown (whiteman) attacked Unknown (vovanhur) with bat (INTENT: HURT) (DAMTYE: BRUTE)</font>
[16:03:26]ATTACK: <font color='red'>Unknown (whiteman) attacked Unknown (vovanhur) with bat (INTENT: HURT) (DAMTYE: BRUTE)</font>
[16:03:27]ATTACK: <font color='red'>Unknown (whiteman) attacked Buck Mccnelan (rigget) with bat (INTENT: HURT) (DAMTYE: BRUTE)</font>
[16:03:29]ATTACK: <font color='red'>Unknown (whiteman) attacked Unknown (vovanhur) with bat (INTENT: HURT) (DAMTYE: BRUTE)</font>
[16:03:30]ATTACK: <font color='red'>Unknown (whiteman) attacked Unknown (vovanhur) with bat (INTENT: HURT) (DAMTYE: BRUTE)</font>
[16:03:31]ATTACK: <font color='red'>Unknown (whiteman) attacked Unknown (vovanhur) with bat (INTENT: HURT) (DAMTYE: BRUTE)</font>
[16:03:32]ATTACK: <font color='red'>Unknown (whiteman) attacked Unknown (vovanhur) with bat (INTENT: HURT) (DAMTYE: BRUTE)</font>
[16:03:32]ATTACK: <font color='red'>Buck Mccnelan (rigget) attacked Unknown (whiteman) with fire extinguisher (INTENT: DISARM) (DAMTYE: BRUTE)</font>
[16:03:34]ATTACK: <font color='red'>Buck Mccnelan (rigget) attacked Unknown (whiteman) with fire extinguisher (INTENT: DISARM) (DAMTYE: BRUTE)</font>
[16:03:34]ATTACK: <font color='red'>Unknown (whiteman) attacked Buck Mccnelan (rigget) with bat (INTENT: HURT) (DAMTYE: BRUTE)</font>
[16:03:38]ATTACK: <font color='red'>Buck Mccnelan (rigget) attacked Unknown (vovanhur) with fire extinguisher (INTENT: DISARM) (DAMTYE: BRUTE)</font>
[16:03:45]ATTACK: <font color='red'>Unknown (whiteman) disarmed Buck Mccnelan (rigget)</font>
[16:03:45]ATTACK: <font color='red'>Buck Mccnelan (rigget) attacked Buck Mccnelan (rigget) with fire extinguisher (INTENT: DISARM) (DAMTYE: BRUTE)</font>
[16:03:46]ATTACK: <font color='red'>Buck Mccnelan (rigget) attacked Unknown (whiteman) with fire extinguisher (INTENT: DISARM) (DAMTYE: BRUTE)</font>
[16:03:48]ATTACK: <font color='red'>Buck Mccnelan (rigget) attacked Unknown (whiteman) with fire extinguisher (INTENT: DISARM) (DAMTYE: BRUTE)</font>
[16:03:51]ATTACK: <font color='red'>Buck Mccnelan (rigget) attacked Unknown (whiteman) with fire extinguisher (INTENT: DISARM) (DAMTYE: BRUTE)</font>
[16:03:52]ATTACK: <font color='red'>Buck Mccnelan (rigget) attacked Unknown (whiteman) with fire extinguisher (INTENT: DISARM) (DAMTYE: BRUTE)</font>
[16:03:54]ATTACK: <font color='red'>Buck Mccnelan (rigget) attacked Unknown (whiteman) with fire extinguisher (INTENT: DISARM) (DAMTYE: BRUTE)</font>
[16:03:55]ATTACK: <font color='red'>Buck Mccnelan (rigget) attacked Unknown (whiteman) with fire extinguisher (INTENT: DISARM) (DAMTYE: BRUTE)</font>
[16:03:56]ATTACK: <font color='red'>Buck Mccnelan (rigget) attacked Unknown (whiteman) with fire extinguisher (INTENT: DISARM) (DAMTYE: BRUTE)</font>
[16:03:57]ATTACK: <font color='red'>Buck Mccnelan (rigget) attacked Unknown (whiteman) with fire extinguisher (INTENT: DISARM) (DAMTYE: BRUTE)</font>
[16:03:58]ATTACK: <font color='red'>Buck Mccnelan (rigget) attacked Unknown (whiteman) with fire extinguisher (INTENT: DISARM) (DAMTYE: BRUTE)</font>
[16:03:59]ATTACK: <font color='red'>Buck Mccnelan (rigget) attacked Unknown (whiteman) with fire extinguisher (INTENT: DISARM) (DAMTYE: BRUTE)</font>
[16:04:01]ATTACK: <font color='red'>Buck Mccnelan (rigget) attacked Unknown () with fire extinguisher (INTENT: DISARM) (DAMTYE: BRUTE)</font>
[16:04:02]ATTACK: <font color='red'>Buck Mccnelan (rigget) attacked Unknown () with fire extinguisher (INTENT: DISARM) (DAMTYE: BRUTE)</font>
[16:04:03]ATTACK: <font color='red'>Buck Mccnelan (rigget) attacked Unknown () with fire extinguisher (INTENT: DISARM) (DAMTYE: BRUTE)</font>
[16:04:04]ATTACK: <font color='red'>Buck Mccnelan (rigget) attacked Unknown () with fire extinguisher (INTENT: DISARM) (DAMTYE: BRUTE)</font>
[16:04:05]ATTACK: <font color='red'>Buck Mccnelan (rigget) attacked Unknown () with fire extinguisher (INTENT: DISARM) (DAMTYE: BRUTE)</font>
[16:04:06]ATTACK: <font color='red'>Buck Mccnelan (rigget) attacked Unknown () with fire extinguisher (INTENT: DISARM) (DAMTYE: BRUTE)</font>
[16:04:25]ATTACK: <font color='red'>Urist Zahodethal (marcusaga) punched Urist Zahodethal (marcusaga)</font>
[16:06:55]ATTACK: <font color='red'>Adrian Carmack (qwertyo55) disarmed Adrian Carmack (qwertyo55)</font>
[16:07:40]ATTACK: <font color='red'>Urist Zahodethal (marcusaga) attacked Urist Zahodethal (marcusaga) with first-aid kit (INTENT: HELP) (DAMTYE: BRUTE)</font>
[16:08:35]ATTACK: <font color='red'>Adrian Carmack (qwertyo55) punched Adrian Carmack (qwertyo55)</font>
[16:08:50]ATTACK: <font color='red'>Urist Zahodethal (marcusaga) attacked Urist Zahodethal (marcusaga) with first-aid kit (INTENT: HELP) (DAMTYE: BRUTE)</font>
[16:12:31]ATTACK: <font color='red'>Charles Lawrence (vadkop) attacked Charles Lawrence (vadkop) with berry flavoring packet (INTENT: HELP) (DAMTYE: BRUTE)</font>
[16:16:02]ATTACK: <font color='red'>Urist Zahodethal (marcusaga) injected Urist Zahodethal (marcusaga) with emergency hypospray (INTENT: HELP)</font>
[16:16:11]ATTACK: <font color='red'>Urist Zahodethal (marcusaga) injected Urist Zahodethal (marcusaga) with emergency hypospray (INTENT: HELP)</font>
[16:16:26]ATTACK: <font color='red'>Adrian Carmack (qwertyo55) attacked Owen Edwards (jarlo) with scalpel (INTENT: HURT) (DAMTYE: BRUTE)</font>
[16:16:27]ATTACK: <font color='red'>Adrian Carmack (qwertyo55) attacked Owen Edwards (jarlo) with scalpel (INTENT: HURT) (DAMTYE: BRUTE)</font>
[16:16:28]ATTACK: <font color='red'>Adrian Carmack (qwertyo55) attacked Owen Edwards (jarlo) with scalpel (INTENT: HURT) (DAMTYE: BRUTE)</font>
[16:16:29]ATTACK: <font color='red'>Adrian Carmack (qwertyo55) attacked Owen Edwards (jarlo) with scalpel (INTENT: HURT) (DAMTYE: BRUTE)</font>
[16:16:30]ATTACK: <font color='red'>Adrian Carmack (qwertyo55) attacked Owen Edwards (jarlo) with scalpel (INTENT: HURT) (DAMTYE: BRUTE)</font>
[16:16:31]ATTACK: <font color='red'>Adrian Carmack (qwertyo55) attacked Owen Edwards (jarlo) with scalpel (INTENT: HURT) (DAMTYE: BRUTE)</font>
[16:16:32]ATTACK: <font color='red'>Adrian Carmack (qwertyo55) attacked Owen Edwards (jarlo) with scalpel (INTENT: HURT) (DAMTYE: BRUTE)</font>
[16:16:34]ATTACK: <font color='red'>Adrian Carmack (qwertyo55) attacked Owen Edwards (jarlo) with scalpel (INTENT: HURT) (DAMTYE: BRUTE)</font>
[16:17:20]ATTACK: <font color='red'>Nick Thompson (moroz10) attacked Unknown () with hatchet (INTENT: HELP) (DAMTYE: BRUTE)</font>
[16:17:21]ATTACK: <font color='red'>Nick Thompson (moroz10) attacked Unknown () with hatchet (INTENT: HELP) (DAMTYE: BRUTE)</font>
[16:17:23]ATTACK: <font color='red'>Nick Thompson (moroz10) attacked Unknown () with hatchet (INTENT: HELP) (DAMTYE: BRUTE)</font>
[16:17:24]ATTACK: <font color='red'>Nick Thompson (moroz10) attacked Unknown () with hatchet (INTENT: HELP) (DAMTYE: BRUTE)</font>
[16:17:34]ATTACK: <font color='red'>Nick Thompson (moroz10) attacked Unknown () with hatchet (INTENT: HELP) (DAMTYE: BRUTE)</font>
[16:17:35]ATTACK: <font color='red'>Nick Thompson (moroz10) attacked Unknown () with hatchet (INTENT: HELP) (DAMTYE: BRUTE)</font>
[16:17:36]ATTACK: <font color='red'>Nick Thompson (moroz10) attacked Unknown () with hatchet (INTENT: HELP) (DAMTYE: BRUTE)</font>
[16:17:37]ATTACK: <font color='red'>Nick Thompson (moroz10) attacked Unknown () with hatchet (INTENT: HELP) (DAMTYE: BRUTE)</font>
[16:17:38]ATTACK: <font color='red'>Nick Thompson (moroz10) attacked Unknown () with hatchet (INTENT: HELP) (DAMTYE: BRUTE)</font>
[16:17:40]ATTACK: <font color='red'>Nick Thompson (moroz10) attacked Unknown () with hatchet (INTENT: HELP) (DAMTYE: BRUTE)</font>
[16:17:41]ATTACK: <font color='red'>Nick Thompson (moroz10) attacked Unknown () with hatchet (INTENT: HELP) (DAMTYE: BRUTE)</font>
[16:17:42]ATTACK: <font color='red'>Nick Thompson (moroz10) attacked Unknown () with hatchet (INTENT: HELP) (DAMTYE: BRUTE)</font>
[16:17:43]ATTACK: <font color='red'>Nick Thompson (moroz10) attacked Unknown () with hatchet (INTENT: HELP) (DAMTYE: BRUTE)</font>
[16:17:44]ATTACK: <font color='red'>Nick Thompson (moroz10) attacked Unknown () with hatchet (INTENT: HELP) (DAMTYE: BRUTE)</font>
[16:17:45]ATTACK: <font color='red'>Nick Thompson (moroz10) attacked Unknown () with hatchet (INTENT: HELP) (DAMTYE: BRUTE)</font>
[16:17:47]ATTACK: <font color='red'>Nick Thompson (moroz10) attacked Unknown () with hatchet (INTENT: HELP) (DAMTYE: BRUTE)</font>
[16:17:48]ATTACK: <font color='red'>Nick Thompson (moroz10) attacked Unknown () with hatchet (INTENT: HELP) (DAMTYE: BRUTE)</font>
[16:17:49]ATTACK: <font color='red'>Nick Thompson (moroz10) attacked Unknown () with hatchet (INTENT: HELP) (DAMTYE: BRUTE)</font>
[16:17:50]ATTACK: <font color='red'>Nick Thompson (moroz10) attacked Unknown () with hatchet (INTENT: HELP) (DAMTYE: BRUTE)</font>
[16:17:51]ATTACK: <font color='red'>Nick Thompson (moroz10) attacked Unknown () with hatchet (INTENT: HELP) (DAMTYE: BRUTE)</font>
[16:17:52]ATTACK: <font color='red'>Nick Thompson (moroz10) attacked Unknown () with hatchet (INTENT: HELP) (DAMTYE: BRUTE)</font>
[16:17:54]ATTACK: <font color='red'>Nick Thompson (moroz10) attacked Unknown () with hatchet (INTENT: HELP) (DAMTYE: BRUTE)</font>
[16:17:55]ATTACK: <font color='red'>Nick Thompson (moroz10) attacked Unknown () with hatchet (INTENT: HELP) (DAMTYE: BRUTE)</font>
[16:17:56]ATTACK: <font color='red'>Nick Thompson (moroz10) attacked Unknown () with hatchet (INTENT: HELP) (DAMTYE: BRUTE)</font>
[16:17:57]ATTACK: <font color='red'>Nick Thompson (moroz10) attacked Unknown () with hatchet (INTENT: HELP) (DAMTYE: BRUTE)</font>
[16:17:59]ATTACK: <font color='red'>Nick Thompson (moroz10) attacked Unknown () with hatchet (INTENT: HELP) (DAMTYE: BRUTE)</font>
[16:18:00]ATTACK: <font color='red'>Nick Thompson (moroz10) attacked Unknown () with hatchet (INTENT: HELP) (DAMTYE: BRUTE)</font>
[16:18:01]ATTACK: <font color='red'>Nick Thompson (moroz10) attacked Unknown () with hatchet (INTENT: HELP) (DAMTYE: BRUTE)</font>
[16:18:02]ATTACK: <font color='red'>Nick Thompson (moroz10) attacked Unknown () with hatchet (INTENT: HELP) (DAMTYE: BRUTE)</font>
[16:18:03]ATTACK: <font color='red'>Nick Thompson (moroz10) attacked Unknown () with hatchet (INTENT: HELP) (DAMTYE: BRUTE)</font>
[16:18:04]ATTACK: <font color='red'>Nick Thompson (moroz10) attacked Unknown () with hatchet (INTENT: HELP) (DAMTYE: BRUTE)</font>
[16:18:05]ATTACK: <font color='red'>Nick Thompson (moroz10) attacked Unknown () with hatchet (INTENT: HELP) (DAMTYE: BRUTE)</font>
[16:18:07]ATTACK: <font color='red'>Nick Thompson (moroz10) attacked Unknown () with hatchet (INTENT: HELP) (DAMTYE: BRUTE)</font>
[16:18:08]ATTACK: <font color='red'>Nick Thompson (moroz10) attacked Unknown () with hatchet (INTENT: HELP) (DAMTYE: BRUTE)</font>
[16:18:09]ATTACK: <font color='red'>Nick Thompson (moroz10) attacked Unknown () with hatchet (INTENT: HELP) (DAMTYE: BRUTE)</font>
[16:19:38]ATTACK: <font color='red'>Urist Zahodethal (marcusaga) injected Urist Zahodethal (marcusaga) with emergency hypospray (INTENT: HELP)</font>
[16:22:26]ATTACK: <font color='red'>Samyil Thompson (miroar) attacked Nick Thompson (moroz10) with knife (INTENT: HURT) (DAMTYE: BRUTE)</font>
[16:22:31]ATTACK: <font color='red'>Samyil Thompson (miroar) attacked Nick Thompson (moroz10) with knife (INTENT: HURT) (DAMTYE: BRUTE)</font>
[16:22:37]ATTACK: <font color='red'>Samyil Thompson (miroar) attacked Nick Thompson (moroz10) with knife (INTENT: HURT) (DAMTYE: BRUTE)</font>
[16:22:39]ATTACK: <font color='red'>Samyil Thompson (miroar) attacked Nick Thompson (moroz10) with knife (INTENT: HURT) (DAMTYE: BRUTE)</font>
[16:22:40]ATTACK: <font color='red'>Samyil Thompson (miroar) attacked Unknown (moroz10) with knife (INTENT: HURT) (DAMTYE: BRUTE)</font>
[16:22:41]ATTACK: <font color='red'>Samyil Thompson (miroar) attacked Unknown (moroz10) with knife (INTENT: HURT) (DAMTYE: BRUTE)</font>
[16:22:43]ATTACK: <font color='red'>Samyil Thompson (miroar) attacked Unknown (moroz10) with knife (INTENT: HURT) (DAMTYE: BRUTE)</font>
[16:22:44]ATTACK: <font color='red'>Samyil Thompson (miroar) attacked Unknown (moroz10) with knife (INTENT: HURT) (DAMTYE: BRUTE)</font>
[16:22:49]ATTACK: <font color='red'>Samyil Thompson (miroar) attacked Unknown (moroz10) with knife (INTENT: HURT) (DAMTYE: BRUTE)</font>
[16:22:50]ATTACK: <font color='red'>Samyil Thompson (miroar) attacked Unknown (moroz10) with knife (INTENT: HURT) (DAMTYE: BRUTE)</font>
[16:22:52]ATTACK: <font color='red'>Samyil Thompson (miroar) attacked Unknown (moroz10) with knife (INTENT: HURT) (DAMTYE: BRUTE)</font>
[16:22:53]ATTACK: <font color='red'>Samyil Thompson (miroar) attacked Unknown () with knife (INTENT: HURT) (DAMTYE: BRUTE)</font>
[16:22:54]ATTACK: <font color='red'>Samyil Thompson (miroar) attacked Unknown () with knife (INTENT: HURT) (DAMTYE: BRUTE)</font>
[16:22:55]ATTACK: <font color='red'>Samyil Thompson (miroar) attacked Unknown () with knife (INTENT: HURT) (DAMTYE: BRUTE)</font>
[16:22:56]ATTACK: <font color='red'>Samyil Thompson (miroar) attacked Unknown () with knife (INTENT: HURT) (DAMTYE: BRUTE)</font>
[16:22:57]ATTACK: <font color='red'>Samyil Thompson (miroar) attacked Unknown () with knife (INTENT: HURT) (DAMTYE: BRUTE)</font>
[16:22:59]ATTACK: <font color='red'>Samyil Thompson (miroar) attacked Unknown () with knife (INTENT: HURT) (DAMTYE: BRUTE)</font>
[16:23:00]ATTACK: <font color='red'>Samyil Thompson (miroar) attacked Unknown () with knife (INTENT: HURT) (DAMTYE: BRUTE)</font>
[16:23:57]ATTACK: <font color='red'>Buck Mccnelan (rigget) disarmed Buck Mccnelan (rigget)</font>
[16:25:01]ATTACK: <font color='red'>Griffin Reighner (vovanhur) attacked Johnny Logue (gadmans) with brass knuckle (INTENT: HELP) (DAMTYE: BRUTE)</font>
[16:25:01]ATTACK: <font color='red'>Johnny Logue (gadmans) punched Griffin Reighner (vovanhur)</font>
[16:25:05]ATTACK: <font color='red'>Griffin Reighner (vovanhur) attacked Johnny Logue (gadmans) with brass knuckle (INTENT: HELP) (DAMTYE: BRUTE)</font>
[16:27:04]ATTACK: <font color='red'>Urist Zahodethal (marcusaga) injected Urist Zahodethal (marcusaga) with emergency hypospray (INTENT: HELP)</font>
[16:27:48]ATTACK: <font color='red'>Bruce Noton (midas123) shot Steven Todd () with a bow (beer (5),)</font>
[16:27:54]ATTACK: <font color='red'>Bruce Noton (midas123) was hit by the butcher's cleaver thrown by (Nigilith)</font>
[16:28:01]ATTACK: <font color='red'>Urist Zahodethal (marcusaga) injected Urist Zahodethal (marcusaga) with emergency hypospray (INTENT: HELP)</font>
[16:28:01]ATTACK: <font color='red'>Bruce Noton (midas123) shot Alessa Towers (nigilith) with a bow (blood (5),)</font>
[16:29:08]ATTACK: <font color='red'>Urist Zahodethal (marcusaga) injected Urist Zahodethal (marcusaga) with emergency hypospray (INTENT: HELP)</font>
[16:29:20]ATTACK: <font color='red'>Bruce Noton (midas123) attacked Adrian Carmack (qwertyo55) with Springfield A7 (INTENT: HELP) (DAMTYE: BRUTE)</font>
[16:29:33]ATTACK: <font color='red'>Urist Zahodethal (marcusaga) injected Urist Zahodethal (marcusaga) with emergency hypospray (INTENT: HELP)</font>
[16:31:08]ATTACK: <font color='red'>Buck Mccnelan (rigget) shot Bruce Noton (midas123) with a syringegun (chloralhydrate (5),)</font>
[16:31:08]ATTACK: <font color='red'>Bruce Noton (midas123) shot Buck Mccnelan (rigget) with a the Bullet</font>
[16:31:16]ATTACK: <font color='red'>Bruce Noton (midas123) attacked Buck Mccnelan (rigget) with Springfield A7 (INTENT: HELP) (DAMTYE: BRUTE)</font>
[16:33:22]ATTACK: <font color='red'>Griffin Reighner (vovanhur) attacked Adrian Carmack () with kitchen knife (INTENT: HELP) (DAMTYE: BRUTE)</font>
[16:33:23]ATTACK: <font color='red'>Griffin Reighner (vovanhur) attacked Adrian Carmack () with kitchen knife (INTENT: HELP) (DAMTYE: BRUTE)</font>
[16:33:24]ATTACK: <font color='red'>Griffin Reighner (vovanhur) attacked Adrian Carmack () with kitchen knife (INTENT: HELP) (DAMTYE: BRUTE)</font>
[16:33:26]ATTACK: <font color='red'>Griffin Reighner (vovanhur) attacked Adrian Carmack () with kitchen knife (INTENT: HELP) (DAMTYE: BRUTE)</font>
[16:33:27]ATTACK: <font color='red'>Griffin Reighner (vovanhur) attacked Adrian Carmack () with kitchen knife (INTENT: HELP) (DAMTYE: BRUTE)</font>
[16:33:28]ATTACK: <font color='red'>Griffin Reighner (vovanhur) attacked Adrian Carmack () with kitchen knife (INTENT: HELP) (DAMTYE: BRUTE)</font>
[16:34:03]ATTACK: <font color='red'>Griffin Reighner (vovanhur) attacked Adrian Carmack () with kitchen knife (INTENT: HELP) (DAMTYE: BRUTE)</font>
[16:34:04]ATTACK: <font color='red'>Griffin Reighner (vovanhur) attacked Adrian Carmack () with kitchen knife (INTENT: HELP) (DAMTYE: BRUTE)</font>
[16:34:18]ATTACK: <font color='red'>Griffin Reighner (vovanhur) attacked Adrian Carmack () with kitchen knife (INTENT: HELP) (DAMTYE: BRUTE)</font>
[16:34:19]ATTACK: <font color='red'>Griffin Reighner (vovanhur) attacked Adrian Carmack () with kitchen knife (INTENT: HELP) (DAMTYE: BRUTE)</font>
[16:34:20]ATTACK: <font color='red'>Griffin Reighner (vovanhur) attacked Adrian Carmack () with kitchen knife (INTENT: HELP) (DAMTYE: BRUTE)</font>
[16:34:21]ATTACK: <font color='red'>Griffin Reighner (vovanhur) attacked Adrian Carmack () with kitchen knife (INTENT: HELP) (DAMTYE: BRUTE)</font>
[16:34:23]ATTACK: <font color='red'>Griffin Reighner (vovanhur) attacked Adrian Carmack () with kitchen knife (INTENT: HELP) (DAMTYE: BRUTE)</font>
[16:34:24]ATTACK: <font color='red'>Griffin Reighner (vovanhur) attacked Adrian Carmack () with kitchen knife (INTENT: HELP) (DAMTYE: BRUTE)</font>
[16:34:25]ATTACK: <font color='red'>Griffin Reighner (vovanhur) attacked Adrian Carmack () with kitchen knife (INTENT: HELP) (DAMTYE: BRUTE)</font>
[16:34:58]ATTACK: <font color='red'>Arnie Baker (jolt96) disarmed Arnie Baker (jolt96)</font>
[16:35:01]ATTACK: <font color='red'>Griffin Reighner (vovanhur) attacked Adrian Carmack () with kitchen knife (INTENT: HELP) (DAMTYE: BRUTE)</font>
[16:35:04]ATTACK: <font color='red'>Griffin Reighner (vovanhur) attacked Adrian Carmack () with kitchen knife (INTENT: HELP) (DAMTYE: BRUTE)</font>
[16:35:06]ATTACK: <font color='red'>Griffin Reighner (vovanhur) attacked Adrian Carmack () with kitchen knife (INTENT: HELP) (DAMTYE: BRUTE)</font>
[16:35:07]ATTACK: <font color='red'>Griffin Reighner (vovanhur) attacked Adrian Carmack () with kitchen knife (INTENT: HELP) (DAMTYE: BRUTE)</font>
[16:35:21]ATTACK: <font color='red'>Griffin Reighner (vovanhur) attacked Adrian Carmack () with kitchen knife (INTENT: HELP) (DAMTYE: BRUTE)</font>
[16:35:24]ATTACK: <font color='red'>Griffin Reighner (vovanhur) attacked Adrian Carmack () with kitchen knife (INTENT: HELP) (DAMTYE: BRUTE)</font>
[16:35:25]ATTACK: <font color='red'>Griffin Reighner (vovanhur) attacked Adrian Carmack () with kitchen knife (INTENT: HELP) (DAMTYE: BRUTE)</font>
[16:35:28]ATTACK: <font color='red'>Griffin Reighner (vovanhur) attacked Adrian Carmack () with kitchen knife (INTENT: HELP) (DAMTYE: BRUTE)</font>
[16:35:29]ATTACK: <font color='red'>Griffin Reighner (vovanhur) attacked Adrian Carmack () with kitchen knife (INTENT: HELP) (DAMTYE: BRUTE)</font>
[16:36:28]ATTACK: <font color='red'>Arnie Baker (jolt96) disarmed Arnie Baker (jolt96)</font>
[16:37:15]ATTACK: <font color='red'>Griffin Reighner (vovanhur) attacked Bruce Noton (midas123) with kitchen knife (INTENT: HELP) (DAMTYE: BRUTE)</font>
[16:37:24]ATTACK: <font color='red'>Urist Zahodethal (marcusaga) injected Urist Zahodethal (marcusaga) with emergency hypospray (INTENT: HELP)</font>
[16:37:27]ATTACK: <font color='red'>Rusty James (moroz10) attacked Rusty James (moroz10) with Austin Haynes's head (INTENT: HELP) (DAMTYE: BRUTE)</font>
[16:37:34]ATTACK: <font color='red'>Griffin Reighner (vovanhur) fed Bruce Noton (midas123) with meat (INTENT: HELP)</font>
[16:38:01]ATTACK: <font color='red'>Griffin Reighner (vovanhur) attacked Buck Mccnelan (rigget) with kitchen knife (INTENT: HELP) (DAMTYE: BRUTE)</font>
[16:38:02]ATTACK: <font color='red'>Griffin Reighner (vovanhur) attacked Buck Mccnelan (rigget) with kitchen knife (INTENT: HELP) (DAMTYE: BRUTE)</font>
[16:38:03]ATTACK: <font color='red'>Griffin Reighner (vovanhur) attacked Buck Mccnelan (rigget) with kitchen knife (INTENT: HELP) (DAMTYE: BRUTE)</font>
[16:38:04]ATTACK: <font color='red'>Griffin Reighner (vovanhur) attacked Buck Mccnelan (rigget) with kitchen knife (INTENT: HELP) (DAMTYE: BRUTE)</font>
[16:38:05]ATTACK: <font color='red'>Griffin Reighner (vovanhur) attacked Buck Mccnelan (rigget) with kitchen knife (INTENT: HELP) (DAMTYE: BRUTE)</font>
[16:38:06]ATTACK: <font color='red'>Griffin Reighner (vovanhur) attacked Buck Mccnelan (rigget) with kitchen knife (INTENT: HELP) (DAMTYE: BRUTE)</font>
[16:38:07]ATTACK: <font color='red'>Griffin Reighner (vovanhur) attacked Buck Mccnelan (rigget) with kitchen knife (INTENT: HELP) (DAMTYE: BRUTE)</font>
[16:38:09]ATTACK: <font color='red'>Griffin Reighner (vovanhur) attacked Buck Mccnelan (rigget) with kitchen knife (INTENT: HELP) (DAMTYE: BRUTE)</font>
[16:38:10]ATTACK: <font color='red'>Griffin Reighner (vovanhur) attacked Buck Mccnelan (rigget) with kitchen knife (INTENT: HELP) (DAMTYE: BRUTE)</font>
[16:38:11]ATTACK: <font color='red'>Griffin Reighner (vovanhur) attacked Buck Mccnelan (rigget) with kitchen knife (INTENT: HELP) (DAMTYE: BRUTE)</font>
[16:38:12]ATTACK: <font color='red'>Griffin Reighner (vovanhur) attacked Buck Mccnelan (rigget) with kitchen knife (INTENT: HELP) (DAMTYE: BRUTE)</font>
[16:38:13]ATTACK: <font color='red'>Griffin Reighner (vovanhur) attacked Buck Mccnelan (rigget) with kitchen knife (INTENT: HELP) (DAMTYE: BRUTE)</font>
[16:38:15]ATTACK: <font color='red'>Griffin Reighner (vovanhur) attacked Buck Mccnelan (rigget) with kitchen knife (INTENT: HELP) (DAMTYE: BRUTE)</font>
[16:38:16]ATTACK: <font color='red'>Griffin Reighner (vovanhur) attacked Buck Mccnelan (rigget) with kitchen knife (INTENT: HELP) (DAMTYE: BRUTE)</font>
[16:38:17]ATTACK: <font color='red'>Griffin Reighner (vovanhur) attacked Buck Mccnelan (rigget) with kitchen knife (INTENT: HELP) (DAMTYE: BRUTE)</font>
[16:38:18]ATTACK: <font color='red'>Griffin Reighner (vovanhur) attacked Buck Mccnelan (rigget) with kitchen knife (INTENT: HELP) (DAMTYE: BRUTE)</font>
[16:38:19]ATTACK: <font color='red'>Griffin Reighner (vovanhur) attacked Buck Mccnelan (rigget) with kitchen knife (INTENT: HELP) (DAMTYE: BRUTE)</font>
[16:38:20]ATTACK: <font color='red'>Griffin Reighner (vovanhur) attacked Buck Mccnelan (rigget) with kitchen knife (INTENT: HELP) (DAMTYE: BRUTE)</font>
[16:38:21]ATTACK: <font color='red'>Griffin Reighner (vovanhur) attacked Buck Mccnelan (rigget) with kitchen knife (INTENT: HELP) (DAMTYE: BRUTE)</font>
[16:38:24]ATTACK: <font color='red'>Griffin Reighner (vovanhur) attacked Buck Mccnelan (rigget) with kitchen knife (INTENT: HELP) (DAMTYE: BRUTE)</font>
[16:38:25]ATTACK: <font color='red'>Griffin Reighner (vovanhur) attacked Buck Mccnelan (rigget) with kitchen knife (INTENT: HELP) (DAMTYE: BRUTE)</font>
[16:38:27]ATTACK: <font color='red'>Griffin Reighner (vovanhur) attacked Buck Mccnelan (rigget) with kitchen knife (INTENT: HELP) (DAMTYE: BRUTE)</font>
[16:38:28]ATTACK: <font color='red'>Griffin Reighner (vovanhur) attacked Buck Mccnelan (rigget) with kitchen knife (INTENT: HELP) (DAMTYE: BRUTE)</font>
[16:38:29]ATTACK: <font color='red'>Griffin Reighner (vovanhur) attacked Buck Mccnelan (rigget) with kitchen knife (INTENT: HELP) (DAMTYE: BRUTE)</font>
[16:39:58]ATTACK: <font color='red'>Urist Zahodethal (marcusaga) fed Rusty James (moroz10) with Kelotane pill (INTENT: HELP)</font>
[16:40:04]ATTACK: <font color='red'>Urist Zahodethal (marcusaga) fed Rusty James (moroz10) with Kelotane pill (INTENT: HELP)</font>
[16:40:27]ATTACK: <font color='red'>Urist Zahodethal (marcusaga) fed Rusty James (moroz10) with Kelotane pill (INTENT: HELP)</font>
[16:42:41]ATTACK: <font color='red'>Weston Mills (qwertyo55) grabbed the neck of Owen Edwards ()</font>
[16:42:41]ATTACK: <font color='red'>Weston Mills (qwertyo55) Strangled (kill intent) Owen Edwards ()</font>
[16:43:51]ATTACK: <font color='red'>Weston Mills (qwertyo55) attacked Owen Edwards () with knife (INTENT: GRAB) (DAMTYE: BRUTE)</font>
[16:43:52]ATTACK: <font color='red'>Weston Mills (qwertyo55) attacked Owen Edwards () with knife (INTENT: GRAB) (DAMTYE: BRUTE)</font>
[16:43:54]ATTACK: <font color='red'>Weston Mills (qwertyo55) attacked Owen Edwards () with knife (INTENT: GRAB) (DAMTYE: BRUTE)</font>
[16:43:55]ATTACK: <font color='red'>Weston Mills (qwertyo55) attacked Owen Edwards () with knife (INTENT: GRAB) (DAMTYE: BRUTE)</font>
[16:43:56]ATTACK: <font color='red'>Weston Mills (qwertyo55) attacked Owen Edwards () with knife (INTENT: GRAB) (DAMTYE: BRUTE)</font>
[16:43:58]ATTACK: <font color='red'>Weston Mills (qwertyo55) attacked Owen Edwards () with knife (INTENT: GRAB) (DAMTYE: BRUTE)</font>
[16:43:59]ATTACK: <font color='red'>Weston Mills (qwertyo55) attacked Owen Edwards () with knife (INTENT: GRAB) (DAMTYE: BRUTE)</font>
[16:44:00]ATTACK: <font color='red'>Weston Mills (qwertyo55) attacked Owen Edwards () with knife (INTENT: GRAB) (DAMTYE: BRUTE)</font>
[16:44:01]ATTACK: <font color='red'>Weston Mills (qwertyo55) attacked Owen Edwards () with knife (INTENT: GRAB) (DAMTYE: BRUTE)</font>
[16:44:02]ATTACK: <font color='red'>Weston Mills (qwertyo55) attacked Owen Edwards () with knife (INTENT: GRAB) (DAMTYE: BRUTE)</font>
[16:44:03]ATTACK: <font color='red'>Weston Mills (qwertyo55) attacked Owen Edwards () with knife (INTENT: GRAB) (DAMTYE: BRUTE)</font>
[16:44:05]ATTACK: <font color='red'>Weston Mills (qwertyo55) attacked Owen Edwards () with knife (INTENT: GRAB) (DAMTYE: BRUTE)</font>
[16:44:09]ATTACK: <font color='red'>Weston Mills (qwertyo55) attacked Weston Mills (qwertyo55) with right leg (INTENT: GRAB) (DAMTYE: BRUTE)</font>
[16:44:12]ATTACK: <font color='red'>Weston Mills (qwertyo55) attacked Owen Edwards () with right leg (INTENT: HELP) (DAMTYE: BRUTE)</font>
[16:45:04]ATTACK: <font color='red'>Griffin Reighner (vovanhur) fed Bruce Noton (midas123) with Anti-toxins pill (INTENT: HELP)</font>
[16:46:24]ATTACK: <font color='red'>Griffin Reighner (vovanhur) fed Bruce Noton (midas123) with Anti-toxins pill (INTENT: HELP)</font>
[16:48:30]ATTACK: <font color='red'>Rastus Jewell (gwini) attacked Unknown (korovanov) with bat (INTENT: HELP) (DAMTYE: BRUTE)</font>
[16:48:31]ATTACK: <font color='red'>Rastus Jewell (gwini) attacked Unknown (korovanov) with bat (INTENT: HELP) (DAMTYE: BRUTE)</font>
[16:48:33]ATTACK: <font color='red'>Rastus Jewell (gwini) attacked Unknown (korovanov) with bat (INTENT: HELP) (DAMTYE: BRUTE)</font>
[16:48:34]ATTACK: <font color='red'>Rastus Jewell (gwini) attacked Unknown (korovanov) with bat (INTENT: HELP) (DAMTYE: BRUTE)</font>
[16:48:35]ATTACK: <font color='red'>Rastus Jewell (gwini) attacked Unknown (korovanov) with bat (INTENT: HELP) (DAMTYE: BRUTE)</font>
[16:48:36]ATTACK: <font color='red'>Rastus Jewell (gwini) attacked Unknown (korovanov) with bat (INTENT: HELP) (DAMTYE: BRUTE)</font>
[16:48:37]ATTACK: <font color='red'>Rastus Jewell (gwini) attacked Unknown (korovanov) with bat (INTENT: HELP) (DAMTYE: BRUTE)</font>
[16:48:39]ATTACK: <font color='red'>Rastus Jewell (gwini) attacked Unknown (korovanov) with bat (INTENT: HELP) (DAMTYE: BRUTE)</font>
[16:48:40]ATTACK: <font color='red'>Rastus Jewell (gwini) attacked Unknown (korovanov) with bat (INTENT: HELP) (DAMTYE: BRUTE)</font>
[16:48:41]ATTACK: <font color='red'>Rastus Jewell (gwini) attacked Unknown (korovanov) with bat (INTENT: HELP) (DAMTYE: BRUTE)</font>
[16:48:42]ATTACK: <font color='red'>Rastus Jewell (gwini) attacked Unknown (korovanov) with bat (INTENT: HELP) (DAMTYE: BRUTE)</font>
[16:48:44]ATTACK: <font color='red'>Rastus Jewell (gwini) attacked Unknown (korovanov) with bat (INTENT: HELP) (DAMTYE: BRUTE)</font>
[16:49:38]ATTACK: <font color='red'>Rastus Jewell (gwini) attacked Unknown () with bat (INTENT: HELP) (DAMTYE: BRUTE)</font>
[16:49:39]ATTACK: <font color='red'>Rastus Jewell (gwini) attacked Unknown () with bat (INTENT: HELP) (DAMTYE: BRUTE)</font>
[16:49:59]ATTACK: <font color='red'>Griffin Reighner (vovanhur) attacked George Haynie () with kitchen knife (INTENT: HELP) (DAMTYE: BRUTE)</font>
[16:50:00]ATTACK: <font color='red'>Griffin Reighner (vovanhur) attacked George Haynie () with kitchen knife (INTENT: HELP) (DAMTYE: BRUTE)</font>
[16:50:01]ATTACK: <font color='red'>Griffin Reighner (vovanhur) attacked George Haynie () with kitchen knife (INTENT: HELP) (DAMTYE: BRUTE)</font>
[16:50:02]ATTACK: <font color='red'>Griffin Reighner (vovanhur) attacked George Haynie () with kitchen knife (INTENT: HELP) (DAMTYE: BRUTE)</font>
[16:50:03]ATTACK: <font color='red'>Griffin Reighner (vovanhur) attacked George Haynie () with kitchen knife (INTENT: HELP) (DAMTYE: BRUTE)</font>
[16:50:05]ATTACK: <font color='red'>Griffin Reighner (vovanhur) attacked George Haynie () with kitchen knife (INTENT: HELP) (DAMTYE: BRUTE)</font>
[16:50:06]ATTACK: <font color='red'>Griffin Reighner (vovanhur) attacked George Haynie () with kitchen knife (INTENT: HELP) (DAMTYE: BRUTE)</font>
[16:50:07]ATTACK: <font color='red'>Griffin Reighner (vovanhur) attacked George Haynie () with kitchen knife (INTENT: HELP) (DAMTYE: BRUTE)</font>
[16:50:11]ATTACK: <font color='red'>Griffin Reighner (vovanhur) attacked George Haynie () with kitchen knife (INTENT: HELP) (DAMTYE: BRUTE)</font>
[16:50:12]ATTACK: <font color='red'>Griffin Reighner (vovanhur) attacked George Haynie () with kitchen knife (INTENT: HELP) (DAMTYE: BRUTE)</font>
[16:50:13]ATTACK: <font color='red'>Griffin Reighner (vovanhur) attacked George Haynie () with kitchen knife (INTENT: HELP) (DAMTYE: BRUTE)</font>
[16:50:14]ATTACK: <font color='red'>Griffin Reighner (vovanhur) attacked George Haynie () with kitchen knife (INTENT: HELP) (DAMTYE: BRUTE)</font>
[16:50:15]ATTACK: <font color='red'>Griffin Reighner (vovanhur) attacked George Haynie () with kitchen knife (INTENT: HELP) (DAMTYE: BRUTE)</font>
[16:50:17]ATTACK: <font color='red'>Griffin Reighner (vovanhur) attacked George Haynie () with kitchen knife (INTENT: HELP) (DAMTYE: BRUTE)</font>
[16:50:48]ATTACK: <font color='red'>Griffin Reighner (vovanhur) fed Bruce Noton (midas123) with meat (INTENT: HELP)</font>
[16:50:49]ATTACK: <font color='red'>Griffin Reighner (vovanhur) fed Bruce Noton (midas123) with meat (INTENT: HELP)</font>
[16:50:50]ATTACK: <font color='red'>Griffin Reighner (vovanhur) fed Bruce Noton (midas123) with meat (INTENT: HELP)</font>
[16:50:52]ATTACK: <font color='red'>Griffin Reighner (vovanhur) fed Bruce Noton (midas123) with meat (INTENT: HELP)</font>
[16:50:57]ATTACK: <font color='red'>Griffin Reighner (vovanhur) attacked George Haynie () with kitchen knife (INTENT: HELP) (DAMTYE: BRUTE)</font>
[16:50:58]ATTACK: <font color='red'>Griffin Reighner (vovanhur) attacked George Haynie () with kitchen knife (INTENT: HELP) (DAMTYE: BRUTE)</font>
[16:50:59]ATTACK: <font color='red'>Griffin Reighner (vovanhur) attacked George Haynie () with kitchen knife (INTENT: HELP) (DAMTYE: BRUTE)</font>
[16:51:00]ATTACK: <font color='red'>Griffin Reighner (vovanhur) attacked George Haynie () with kitchen knife (INTENT: HELP) (DAMTYE: BRUTE)</font>
[16:51:39]ATTACK: <font color='red'>Griffin Reighner (vovanhur) fed Bruce Noton (midas123) with meat (INTENT: HELP)</font>
[16:51:40]ATTACK: <font color='red'>Griffin Reighner (vovanhur) fed Bruce Noton (midas123) with meat (INTENT: HELP)</font>
[16:51:41]ATTACK: <font color='red'>Griffin Reighner (vovanhur) fed Bruce Noton (midas123) with meat (INTENT: HELP)</font>
[16:51:43]ATTACK: <font color='red'>Griffin Reighner (vovanhur) fed Bruce Noton (midas123) with meat (INTENT: HELP)</font>
[16:52:44]ATTACK: <font color='red'>Griffin Reighner (vovanhur) attacked George Haynie () with kitchen knife (INTENT: HELP) (DAMTYE: BRUTE)</font>
[16:52:45]ATTACK: <font color='red'>Griffin Reighner (vovanhur) attacked George Haynie () with kitchen knife (INTENT: HELP) (DAMTYE: BRUTE)</font>
[16:53:32]ATTACK: <font color='red'>Rastus Jewell (gwini) attacked Steven Todd () with bat (INTENT: HURT) (DAMTYE: BRUTE)</font>
[16:53:34]ATTACK: <font color='red'>Rastus Jewell (gwini) attacked Steven Todd () with bat (INTENT: HURT) (DAMTYE: BRUTE)</font>
[16:53:35]ATTACK: <font color='red'>Rastus Jewell (gwini) attacked Steven Todd () with bat (INTENT: HURT) (DAMTYE: BRUTE)</font>
[16:53:36]ATTACK: <font color='red'>Rastus Jewell (gwini) attacked Steven Todd () with bat (INTENT: HURT) (DAMTYE: BRUTE)</font>
[16:53:38]ATTACK: <font color='red'>Rastus Jewell (gwini) attacked Steven Todd () with bat (INTENT: HURT) (DAMTYE: BRUTE)</font>
[16:53:39]ATTACK: <font color='red'>Rastus Jewell (gwini) attacked Steven Todd () with bat (INTENT: HURT) (DAMTYE: BRUTE)</font>
[16:53:40]ATTACK: <font color='red'>Rastus Jewell (gwini) attacked Steven Todd () with bat (INTENT: HURT) (DAMTYE: BRUTE)</font>
[16:53:41]ATTACK: <font color='red'>Rastus Jewell (gwini) attacked Steven Todd () with bat (INTENT: HURT) (DAMTYE: BRUTE)</font>
[16:53:43]ATTACK: <font color='red'>Rastus Jewell (gwini) attacked Steven Todd () with bat (INTENT: HURT) (DAMTYE: BRUTE)</font>
[16:53:44]ATTACK: <font color='red'>Rastus Jewell (gwini) attacked Steven Todd () with bat (INTENT: HURT) (DAMTYE: BRUTE)</font>
[16:53:45]ATTACK: <font color='red'>Rastus Jewell (gwini) attacked Steven Todd () with bat (INTENT: HURT) (DAMTYE: BRUTE)</font>
[16:53:47]ATTACK: <font color='red'>Rastus Jewell (gwini) attacked Steven Todd () with bat (INTENT: HURT) (DAMTYE: BRUTE)</font>
[16:53:48]ATTACK: <font color='red'>Rastus Jewell (gwini) attacked Steven Todd () with bat (INTENT: HURT) (DAMTYE: BRUTE)</font>
[16:54:24]ATTACK: <font color='red'>Rastus Jewell (gwini) attacked Alessa Towers (nigilith) with bat (INTENT: HURT) (DAMTYE: BRUTE)</font>
[16:54:25]ATTACK: <font color='red'>Rastus Jewell (gwini) attacked Alessa Towers (nigilith) with bat (INTENT: HURT) (DAMTYE: BRUTE)</font>
[16:54:26]ATTACK: <font color='red'>Rastus Jewell (gwini) attacked Alessa Towers (nigilith) with bat (INTENT: HURT) (DAMTYE: BRUTE)</font>
[16:54:27]ATTACK: <font color='red'>Rastus Jewell (gwini) attacked Alessa Towers (nigilith) with bat (INTENT: HURT) (DAMTYE: BRUTE)</font>
[16:54:29]ATTACK: <font color='red'>Rastus Jewell (gwini) attacked Alessa Towers (nigilith) with bat (INTENT: HURT) (DAMTYE: BRUTE)</font>
[16:54:30]ATTACK: <font color='red'>Rastus Jewell (gwini) attacked Alessa Towers (nigilith) with bat (INTENT: HURT) (DAMTYE: BRUTE)</font>
[16:54:31]ATTACK: <font color='red'>Rastus Jewell (gwini) attacked Alessa Towers (nigilith) with bat (INTENT: HURT) (DAMTYE: BRUTE)</font>
[16:54:32]ATTACK: <font color='red'>Rastus Jewell (gwini) attacked Alessa Towers (nigilith) with bat (INTENT: HURT) (DAMTYE: BRUTE)</font>
[16:55:20]ATTACK: <font color='red'>Rastus Jewell (gwini) attacked Buck Mccnelan (rigget) with scalpel (INTENT: HURT) (DAMTYE: BRUTE)</font>
[16:55:21]ATTACK: <font color='red'>Rastus Jewell (gwini) attacked Buck Mccnelan (rigget) with scalpel (INTENT: HURT) (DAMTYE: BRUTE)</font>
[16:55:23]ATTACK: <font color='red'> Rastus Jewell (gwini) attacked Rastus Jewell (gwini) with scalpel (INTENT: HURT)</font>
[16:55:27]ATTACK: <font color='red'>Rastus Jewell (gwini) attacked Buck Mccnelan (rigget) with scalpel (INTENT: HURT) (DAMTYE: BRUTE)</font>
[16:55:28]ATTACK: <font color='red'> Rastus Jewell (gwini) attacked Rastus Jewell (gwini) with scalpel (INTENT: HURT)</font>
[16:55:33]ATTACK: <font color='red'>Rastus Jewell (gwini) attacked Buck Mccnelan (rigget) with bat (INTENT: HURT) (DAMTYE: BRUTE)</font>
[16:55:34]ATTACK: <font color='red'>Rastus Jewell (gwini) attacked Buck Mccnelan (rigget) with bat (INTENT: HURT) (DAMTYE: BRUTE)</font>
[16:58:21]ATTACK: <font color='red'>Milton Sutton (whiteman) shot Griffin Reighner (vovanhur) with a the Bullet</font>
[16:58:25]ATTACK: <font color='red'>Milton Sutton (whiteman) shot Unknown (vovanhur) with a the Bullet</font>
[16:58:27]ATTACK: <font color='red'>Milton Sutton (whiteman) shot Unknown (vovanhur) with a the Bullet</font>
[16:58:41]ATTACK: <font color='red'>Milton Sutton (whiteman) shot Unknown (vovanhur) with a bow ()</font>
[16:59:01]ATTACK: <font color='red'>Rastus Jewell (gwini) attacked Rastus Jewell (gwini) with bottle of lindane (INTENT: HURT) (DAMTYE: BRUTE)</font>
[16:59:04]ATTACK: <font color='red'>Rastus Jewell (gwini) attacked Rastus Jewell (gwini) with bottle of lindane (INTENT: HELP) (DAMTYE: BRUTE)</font>
[16:59:48]ATTACK: <font color='red'>Milton Sutton (whiteman) attacked Unknown (vovanhur) with fire axe (Wielded) (INTENT: GRAB) (DAMTYE: BRUTE)</font>
[16:59:55]ATTACK: <font color='red'>Milton Sutton (whiteman) attacked Unknown () with fire axe (Wielded) (INTENT: GRAB) (DAMTYE: BRUTE)</font>
[17:05:50]ATTACK: <font color='red'>Unknown (qwertyo55) shot Ace Myles (silentium) with a the Bullet</font>
[17:06:08]ATTACK: <font color='red'>Unknown (qwertyo55) attacked Unknown (silentium) with chainsaw (INTENT: HURT) (DAMTYE: BRUTE)</font>
[17:06:11]ATTACK: <font color='red'>Unknown (qwertyo55) attacked Unknown (silentium) with chainsaw (INTENT: HURT) (DAMTYE: BRUTE)</font>
[17:06:12]ATTACK: <font color='red'>Unknown (qwertyo55) attacked Unknown (silentium) with chainsaw (INTENT: HURT) (DAMTYE: BRUTE)</font>
[17:06:15]ATTACK: <font color='red'>Unknown (qwertyo55) attacked Unknown (silentium) with chainsaw (INTENT: HURT) (DAMTYE: BRUTE)</font>
[17:06:16]ATTACK: <font color='red'>Unknown (qwertyo55) attacked Unknown (silentium) with chainsaw (INTENT: HURT) (DAMTYE: BRUTE)</font>
[17:06:19]ATTACK: <font color='red'>Unknown (qwertyo55) attacked Unknown (silentium) with chainsaw (INTENT: HURT) (DAMTYE: BRUTE)</font>
[17:06:20]ATTACK: <font color='red'>Unknown (qwertyo55) attacked Unknown (silentium) with chainsaw (INTENT: HURT) (DAMTYE: BRUTE)</font>
[17:06:23]ATTACK: <font color='red'>Unknown (qwertyo55) attacked Unknown (silentium) with chainsaw (INTENT: HURT) (DAMTYE: BRUTE)</font>


Starting up. 17:10.05
---------------------

[17:12:50]ATTACK: <font color='red'>Griffin Reighner (vovanhur) attacked Hugo Heckendora (spartan235) with brick (INTENT: HELP) (DAMTYE: BRUTE)</font>
[17:13:29]ATTACK: <font color='red'>Griffin Reighner (vovanhur) implanted Griffin Reighner (vovanhur) with Nanoaugmentation Implaner (Short-range Psionic Radar) (INTENT: HELP)</font>
[17:13:38]ATTACK: <font color='red'>Griffin Reighner (vovanhur) implanted Griffin Reighner (vovanhur) with Nanoaugmentation Implaner (Regenerative Nanobots) (INTENT: HELP)</font>
[17:14:44]ATTACK: <font color='red'>Griffin Reighner (vovanhur) attacked Rusty Basmanoff (alkoz) with scalpel (INTENT: HELP) (DAMTYE: BRUTE)</font>
[17:14:50]ATTACK: <font color='red'>Griffin Reighner (vovanhur) attacked Rusty Basmanoff (alkoz) with scalpel (INTENT: HELP) (DAMTYE: BRUTE)</font>
[17:14:51]ATTACK: <font color='red'>Griffin Reighner (vovanhur) attacked Rusty Basmanoff (alkoz) with scalpel (INTENT: HELP) (DAMTYE: BRUTE)</font>
[17:14:54]ATTACK: <font color='red'>Griffin Reighner (vovanhur) attacked Rusty Basmanoff (alkoz) with scalpel (INTENT: HELP) (DAMTYE: BRUTE)</font>
[17:14:56]ATTACK: <font color='red'>Griffin Reighner (vovanhur) attacked Rusty Basmanoff (alkoz) with scalpel (INTENT: HELP) (DAMTYE: BRUTE)</font>
[17:15:32]ATTACK: <font color='red'>Griffin Reighner (vovanhur) grabbed the neck of Rusty Basmanoff (alkoz)</font>
[17:15:34]ATTACK: <font color='red'>Griffin Reighner (vovanhur) Strangled (kill intent) Rusty Basmanoff (alkoz)</font>
[17:18:12]ATTACK: <font color='red'>Hugo Heckendora (spartan235) attacked Rusty James (moroz10) with nailed bat (INTENT: DISARM) (DAMTYE: BRUTE)</font>
[17:18:19]ATTACK: <font color='red'>Hugo Heckendora (spartan235) attacked Rusty James (moroz10) with nailed bat (INTENT: DISARM) (DAMTYE: BRUTE)</font>
[17:18:21]ATTACK: <font color='red'>Hugo Heckendora (spartan235) attacked Rusty James (moroz10) with nailed bat (INTENT: DISARM) (DAMTYE: BRUTE)</font>
[17:18:24]ATTACK: <font color='red'>Hugo Heckendora (spartan235) attacked Rusty James (moroz10) with nailed bat (INTENT: DISARM) (DAMTYE: BRUTE)</font>
[17:18:25]ATTACK: <font color='red'>Hugo Heckendora (spartan235) attacked Rusty James (moroz10) with nailed bat (INTENT: DISARM) (DAMTYE: BRUTE)</font>
[17:19:16]ATTACK: <font color='red'>Griffin Reighner (vovanhur) attacked Hugo Heckendora (spartan235) with bat (INTENT: GRAB) (DAMTYE: BRUTE)</font>
[17:19:29]ATTACK: <font color='red'>Griffin Reighner (vovanhur) attacked Hugo Heckendora (spartan235) with bat (INTENT: GRAB) (DAMTYE: BRUTE)</font>
[17:19:32]ATTACK: <font color='red'>Mark James (midas123) attacked Hugo Heckendora (spartan235) with bat (INTENT: HELP) (DAMTYE: BRUTE)</font>
[17:19:35]ATTACK: <font color='red'>Mark James (midas123) attacked Hugo Heckendora (spartan235) with bat (INTENT: HELP) (DAMTYE: BRUTE)</font>
[17:19:36]ATTACK: <font color='red'>Mark James (midas123) attacked Hugo Heckendora (spartan235) with bat (INTENT: HELP) (DAMTYE: BRUTE)</font>
[17:19:37]ATTACK: <font color='red'>Mark James (midas123) attacked Hugo Heckendora (spartan235) with bat (INTENT: HELP) (DAMTYE: BRUTE)</font>
[17:19:38]ATTACK: <font color='red'>Mark James (midas123) attacked Hugo Heckendora (spartan235) with bat (INTENT: HELP) (DAMTYE: BRUTE)</font>
[17:19:39]ATTACK: <font color='red'>Mark James (midas123) attacked Hugo Heckendora (spartan235) with bat (INTENT: HELP) (DAMTYE: BRUTE)</font>
[17:19:41]ATTACK: <font color='red'>Mark James (midas123) attacked Hugo Heckendora (spartan235) with bat (INTENT: HELP) (DAMTYE: BRUTE)</font>
[17:19:42]ATTACK: <font color='red'>Mark James (midas123) attacked Unknown (spartan235) with bat (INTENT: HELP) (DAMTYE: BRUTE)</font>
[17:19:43]ATTACK: <font color='red'>Mark James (midas123) attacked Unknown (spartan235) with bat (INTENT: HELP) (DAMTYE: BRUTE)</font>
[17:19:44]ATTACK: <font color='red'>Mark James (midas123) attacked Unknown (spartan235) with bat (INTENT: HELP) (DAMTYE: BRUTE)</font>
[17:19:45]ATTACK: <font color='red'>Mark James (midas123) attacked Unknown (spartan235) with bat (INTENT: HELP) (DAMTYE: BRUTE)</font>
[17:19:47]ATTACK: <font color='red'>Mark James (midas123) attacked Unknown (spartan235) with bat (INTENT: HELP) (DAMTYE: BRUTE)</font>
[17:31:57]ATTACK: <font color='red'>Sampson Sloan (alkoz) attacked Sampson Sloan (alkoz) with chain (INTENT: HELP) (DAMTYE: BRUTE)</font>
[17:32:30]ATTACK: <font color='red'>Adrian Carmack (qwertyo55) attacked Johnny Logue (gadmans) with retractor (INTENT: HELP) (DAMTYE: BRUTE)</font>
[17:33:57]ATTACK: <font color='red'>Adrian Carmack (qwertyo55) attacked Johnny Logue (gadmans) with cautery (INTENT: HELP) (DAMTYE: BRUTE)</font>
[17:34:41]ATTACK: <font color='red'>Adrian Carmack (qwertyo55) attacked Johnny Logue (gadmans) with surgical drill (INTENT: HELP) (DAMTYE: BRUTE)</font>
[17:38:46]ATTACK: <font color='red'>Mark James (midas123) shot Ace Myles (silentium) with a bow ()</font>
[17:42:52]ATTACK: <font color='red'>Mark James (midas123) grabbed the neck of Griffin Reighner (vovanhur)</font>
[17:43:55]ATTACK: <font color='red'>Joseph Camerer (veps) attacked Joseph Camerer (veps) with shard (INTENT: DISARM) (DAMTYE: BRUTE)</font>
[17:44:46]ATTACK: <font color='red'>Mark James (midas123) grabbed the neck of Griffin Reighner (vovanhur)</font>
[17:46:37]ATTACK: <font color='red'>Griffin Reighner (vovanhur) was hit by the shard thrown by (RiGget)</font>
[17:46:39]ATTACK: <font color='red'>Griffin Reighner (vovanhur) was hit by the shard thrown by (RiGget)</font>
[17:46:41]ATTACK: <font color='red'>Griffin Reighner (vovanhur) was hit by the metal rods thrown by (RiGget)</font>
[17:46:53]ATTACK: <font color='red'>Griffin Reighner (vovanhur) was hit by the metal rods thrown by (RiGget)</font>
[17:47:11]ATTACK: <font color='red'>Griffin Reighner (vovanhur) was hit by the metal rods thrown by (RiGget)</font>
[17:48:12]ATTACK: <font color='red'>Mark James (midas123) was hit by the metal rods thrown by (RiGget)</font>
[17:48:16]ATTACK: <font color='red'>Ace Myles (silentium) was hit by the shard thrown by (RiGget)</font>
[17:48:38]ATTACK: <font color='red'>Ace Myles (silentium) attacked Bruno Mantana (rigget) with chainsaw (INTENT: HELP) (DAMTYE: BRUTE)</font>
[17:48:41]ATTACK: <font color='red'>Ace Myles (silentium) attacked Bruno Mantana (rigget) with chainsaw (INTENT: HELP) (DAMTYE: BRUTE)</font>
[17:48:43]ATTACK: <font color='red'>Ace Myles (silentium) attacked Bruno Mantana (rigget) with chainsaw (INTENT: HELP) (DAMTYE: BRUTE)</font>
[17:48:44]ATTACK: <font color='red'>Ace Myles (silentium) attacked Bruno Mantana (rigget) with chainsaw (INTENT: HELP) (DAMTYE: BRUTE)</font>
[17:48:46]ATTACK: <font color='red'>Ace Myles (silentium) attacked Unknown (rigget) with chainsaw (INTENT: HELP) (DAMTYE: BRUTE)</font>
[17:48:47]ATTACK: <font color='red'>Ace Myles (silentium) attacked Unknown (rigget) with chainsaw (INTENT: HELP) (DAMTYE: BRUTE)</font>
[17:48:48]ATTACK: <font color='red'>Ace Myles (silentium) attacked Unknown (rigget) with chainsaw (INTENT: HELP) (DAMTYE: BRUTE)</font>
[17:48:49]ATTACK: <font color='red'>Ace Myles (silentium) attacked Unknown (rigget) with chainsaw (INTENT: HELP) (DAMTYE: BRUTE)</font>
[17:48:50]ATTACK: <font color='red'>Ace Myles (silentium) attacked Unknown (rigget) with chainsaw (INTENT: HELP) (DAMTYE: BRUTE)</font>
[17:48:51]ATTACK: <font color='red'>Ace Myles (silentium) attacked Unknown (rigget) with chainsaw (INTENT: HELP) (DAMTYE: BRUTE)</font>
[17:48:53]ATTACK: <font color='red'>Mark James (midas123) grabbed the neck of Griffin Reighner (vovanhur)</font>
[17:48:53]ATTACK: <font color='red'>Ace Myles (silentium) attacked Unknown (rigget) with chainsaw (INTENT: HELP) (DAMTYE: BRUTE)</font>
[17:48:54]ATTACK: <font color='red'>Ace Myles (silentium) attacked Unknown (rigget) with chainsaw (INTENT: HELP) (DAMTYE: BRUTE)</font>
[17:48:55]ATTACK: <font color='red'>Ace Myles (silentium) attacked Unknown (rigget) with chainsaw (INTENT: HELP) (DAMTYE: BRUTE)</font>
[17:48:56]ATTACK: <font color='red'>Ace Myles (silentium) attacked Unknown (rigget) with chainsaw (INTENT: HELP) (DAMTYE: BRUTE)</font>
[17:48:58]ATTACK: <font color='red'>Ace Myles (silentium) attacked Unknown (rigget) with chainsaw (INTENT: HELP) (DAMTYE: BRUTE)</font>
[17:49:26]ATTACK: <font color='red'>Unknown (airenjon) attacked Unknown (airenjon) with Welding Tool (INTENT: HELP) (DAMTYE: BRUTE)</font>
[17:49:59]ATTACK: <font color='red'>Griffin Reighner (vovanhur) grabbed the neck of Unknown (rigget)</font>
[17:50:12]ATTACK: <font color='red'>Mark James (midas123) grabbed the neck of Unknown (rigget)</font>
[17:50:15]ATTACK: <font color='red'>Mark James (midas123) Strangled (kill intent) Unknown (rigget)</font>
[17:53:25]ATTACK: <font color='red'>Rusty James (moroz10) attacked Conrad Nominox () with shard (INTENT: HELP) (DAMTYE: BRUTE)</font>
[17:53:26]ATTACK: <font color='red'>Rusty James (moroz10) attacked Conrad Nominox () with shard (INTENT: HELP) (DAMTYE: BRUTE)</font>
[17:53:27]ATTACK: <font color='red'>Rusty James (moroz10) attacked Conrad Nominox () with shard (INTENT: HELP) (DAMTYE: BRUTE)</font>
[17:53:29]ATTACK: <font color='red'>Rusty James (moroz10) attacked Conrad Nominox () with shard (INTENT: HELP) (DAMTYE: BRUTE)</font>
[17:53:30]ATTACK: <font color='red'>Rusty James (moroz10) attacked Conrad Nominox () with shard (INTENT: HELP) (DAMTYE: BRUTE)</font>
[17:53:31]ATTACK: <font color='red'>Rusty James (moroz10) attacked Conrad Nominox () with shard (INTENT: HELP) (DAMTYE: BRUTE)</font>
[17:53:33]ATTACK: <font color='red'>Rusty James (moroz10) attacked Conrad Nominox () with shard (INTENT: HELP) (DAMTYE: BRUTE)</font>
[17:53:35]ATTACK: <font color='red'>Rusty James (moroz10) attacked Conrad Nominox () with shard (INTENT: HELP) (DAMTYE: BRUTE)</font>
[17:53:37]ATTACK: <font color='red'>Rusty James (moroz10) attacked Conrad Nominox () with shard (INTENT: HELP) (DAMTYE: BRUTE)</font>
[17:57:15]ATTACK: <font color='red'>Griffin Reighner (vovanhur) grabbed the neck of Sampson Sloan (alkoz)</font>
[17:57:39]ATTACK: <font color='red'>Rusty James (moroz10) attacked Sampson Sloan (alkoz) with shard (INTENT: HELP) (DAMTYE: BRUTE)</font>
[17:57:40]ATTACK: <font color='red'>Rusty James (moroz10) attacked Sampson Sloan (alkoz) with shard (INTENT: HELP) (DAMTYE: BRUTE)</font>
[17:57:41]ATTACK: <font color='red'>Rusty James (moroz10) attacked Sampson Sloan (alkoz) with shard (INTENT: HELP) (DAMTYE: BRUTE)</font>
[17:57:42]ATTACK: <font color='red'>Rusty James (moroz10) attacked Sampson Sloan (alkoz) with shard (INTENT: HELP) (DAMTYE: BRUTE)</font>
[17:57:44]ATTACK: <font color='red'>Rusty James (moroz10) attacked Sampson Sloan (alkoz) with shard (INTENT: HELP) (DAMTYE: BRUTE)</font>
[17:57:45]ATTACK: <font color='red'>Rusty James (moroz10) attacked Sampson Sloan (alkoz) with shard (INTENT: HELP) (DAMTYE: BRUTE)</font>
[17:58:02]ATTACK: <font color='red'>Rusty James (moroz10) attacked Sampson Sloan (alkoz) with shard (INTENT: HELP) (DAMTYE: BRUTE)</font>
[17:58:03]ATTACK: <font color='red'>Rusty James (moroz10) attacked Sampson Sloan (alkoz) with shard (INTENT: HELP) (DAMTYE: BRUTE)</font>
[17:58:04]ATTACK: <font color='red'>Rusty James (moroz10) attacked Sampson Sloan (alkoz) with shard (INTENT: HELP) (DAMTYE: BRUTE)</font>
[17:58:05]ATTACK: <font color='red'>Rusty James (moroz10) attacked Sampson Sloan (alkoz) with shard (INTENT: HELP) (DAMTYE: BRUTE)</font>
[17:58:06]ATTACK: <font color='red'>Rusty James (moroz10) attacked Sampson Sloan (alkoz) with shard (INTENT: HELP) (DAMTYE: BRUTE)</font>
[17:58:08]ATTACK: <font color='red'>Rusty James (moroz10) attacked Sampson Sloan (alkoz) with shard (INTENT: HELP) (DAMTYE: BRUTE)</font>
[17:58:09]ATTACK: <font color='red'>Rusty James (moroz10) attacked Sampson Sloan (alkoz) with shard (INTENT: HELP) (DAMTYE: BRUTE)</font>
[17:58:10]ATTACK: <font color='red'>Rusty James (moroz10) attacked Sampson Sloan (alkoz) with shard (INTENT: HELP) (DAMTYE: BRUTE)</font>
[17:58:11]ATTACK: <font color='red'>Rusty James (moroz10) attacked Sampson Sloan (alkoz) with shard (INTENT: HELP) (DAMTYE: BRUTE)</font>
[18:00:01]ATTACK: <font color='red'>Unknown (airenjon) attacked Unknown (airenjon) with balisong knife (INTENT: HELP) (DAMTYE: BRUTE)</font>
[18:03:52]ATTACK: <font color='red'>Rusty James (moroz10) attacked Conrad Nominox (diustin) with shard (INTENT: HELP) (DAMTYE: BRUTE)</font>
[18:06:33]ATTACK: <font color='red'>Greyson Thomlinson (alkoz) was hit by the scout thrown by (Alkoz)</font>
[18:08:46]ATTACK: <font color='red'>Griffin Reighner (vovanhur) grabbed the neck of Conrad Nominox ()</font>
[18:09:25]ATTACK: <font color='red'>Greyson Thomlinson (alkoz) attacked Greyson Thomlinson (alkoz) with old tanktop shirt (INTENT: HELP) (DAMTYE: BRUTE)</font>
[18:09:41]ATTACK: <font color='red'>Griffin Reighner (vovanhur) grabbed the neck of Conrad Nominox ()</font>
[18:10:14]ATTACK: <font color='red'>Mark James (midas123) grabbed the neck of Conrad Nominox ()</font>
[18:10:25]ATTACK: <font color='red'>Mark James (midas123) was hit by Conrad Nominox-meat thrown by ()</font>
[18:10:25]ATTACK: <font color='red'>Mark James (midas123) was hit by Conrad Nominox-meat thrown by ()</font>
[18:10:25]ATTACK: <font color='red'>Mark James (midas123) was hit by Conrad Nominox-meat thrown by ()</font>
[18:10:25]ATTACK: <font color='red'>Greyson Thomlinson (alkoz) was hit by the scout thrown by (Alkoz)</font>
[18:16:23]ATTACK: <font color='red'>Griffin Reighner (vovanhur) was hit by the modifed door debugger thrown by (Midas123)</font>
[18:17:54]ATTACK: <font color='red'>Shaun Hoover (whiteman) shot Johnny Logue (gadmans) with a the Fire Bullet</font>
[18:19:35]ATTACK: <font color='red'>Shaun Hoover (whiteman) primed a frag grenade.</font>
[18:20:23]ATTACK: <font color='red'>Shaun Hoover (whiteman) shot Mark James (midas123) with a the Bullet</font>
[18:20:23]ATTACK: <font color='red'>Shaun Hoover (whiteman) shot Mark James (midas123) with a the Bullet</font>
[18:20:24]ATTACK: <font color='red'>Shaun Hoover (whiteman) shot Unknown (gadmans) with a the Bullet</font>
[18:20:25]ATTACK: <font color='red'>Shaun Hoover (whiteman) shot Unknown (gadmans) with a the Bullet</font>
[18:20:39]ATTACK: <font color='red'>Mark James (midas123) punched Griffin Reighner as (Johnny Logue) (vovanhur)</font>
[18:21:15]ATTACK: <font color='red'>Shaun Hoover (whiteman) shot Griffin Reighner as (Johnny Logue) (vovanhur) with a the Bullet</font>
[18:21:20]ATTACK: <font color='red'>Shaun Hoover (whiteman) shot Griffin Reighner as (Johnny Logue) (vovanhur) with a the Bullet</font>
[18:21:25]ATTACK: <font color='red'>Shaun Hoover (whiteman) shot Unknown as (Johnny Logue) (vovanhur) with a the Bullet</font>
[18:21:25]ATTACK: <font color='red'>Mark James (midas123) shot Unknown as (Johnny Logue) (vovanhur) with a bow ()</font>
[18:21:32]ATTACK: <font color='red'>Shaun Hoover (whiteman) shot Unknown as (Johnny Logue) (vovanhur) with a the Bullet</font>
[18:21:32]ATTACK: <font color='red'>Shaun Hoover (whiteman) shot Unknown as (Johnny Logue) (vovanhur) with a the Bullet</font>
[18:21:45]ATTACK: <font color='red'>Shaun Hoover (whiteman) shot Unknown as (Johnny Logue) (vovanhur) with a the lead</font>
[18:21:49]ATTACK: <font color='red'>Shaun Hoover (whiteman) shot Unknown as (Johnny Logue) (vovanhur) with a the lead</font>
[18:21:54]ATTACK: <font color='red'>Shaun Hoover (whiteman) shot Unknown as (Johnny Logue) () with a the lead</font>
[18:22:18]ATTACK: <font color='red'>Shaun Hoover (whiteman) shot Mark James (midas123) with a the Bullet</font>
[18:22:18]ATTACK: <font color='red'>Shaun Hoover (whiteman) shot Mark James (midas123) with a the Bullet</font>
[18:22:18]ATTACK: <font color='red'>Shaun Hoover (whiteman) shot Unknown () with a the Bullet</font>
[18:22:21]ATTACK: <font color='red'>Shaun Hoover (whiteman) shot Unknown () with a the Bullet</font>
[18:22:21]ATTACK: <font color='red'>Shaun Hoover (whiteman) shot Unknown (midas123) with a the Bullet</font>
[18:22:23]ATTACK: <font color='red'>Shaun Hoover (whiteman) shot Unknown () with a the Bullet</font>
[18:22:23]ATTACK: <font color='red'>Shaun Hoover (whiteman) shot Unknown (midas123) with a the Bullet</font>
[18:22:26]ATTACK: <font color='red'>Shaun Hoover (whiteman) attacked Unknown (midas123) with kitchen knife (INTENT: HELP) (DAMTYE: BRUTE)</font>
[18:22:29]ATTACK: <font color='red'>Shaun Hoover (whiteman) attacked Unknown (midas123) with kitchen knife (INTENT: HURT) (DAMTYE: BRUTE)</font>
[18:22:31]ATTACK: <font color='red'>Shaun Hoover (whiteman) attacked Unknown (midas123) with kitchen knife (INTENT: HURT) (DAMTYE: BRUTE)</font>
[18:22:32]ATTACK: <font color='red'>Shaun Hoover (whiteman) attacked Unknown (midas123) with kitchen knife (INTENT: HURT) (DAMTYE: BRUTE)</font>
[18:22:33]ATTACK: <font color='red'>Shaun Hoover (whiteman) attacked Unknown (midas123) with kitchen knife (INTENT: HURT) (DAMTYE: BRUTE)</font>
[18:22:35]ATTACK: <font color='red'>Shaun Hoover (whiteman) attacked Unknown (midas123) with kitchen knife (INTENT: HURT) (DAMTYE: BRUTE)</font>
[18:22:37]ATTACK: <font color='red'>Shaun Hoover (whiteman) attacked Unknown (midas123) with kitchen knife (INTENT: HURT) (DAMTYE: BRUTE)</font>
[18:22:38]ATTACK: <font color='red'>Shaun Hoover (whiteman) attacked Unknown (midas123) with kitchen knife (INTENT: HURT) (DAMTYE: BRUTE)</font>
[18:22:41]ATTACK: <font color='red'>Shaun Hoover (whiteman) attacked Unknown (midas123) with kitchen knife (INTENT: HURT) (DAMTYE: BRUTE)</font>
[18:22:42]ATTACK: <font color='red'>Shaun Hoover (whiteman) attacked Unknown (midas123) with kitchen knife (INTENT: HURT) (DAMTYE: BRUTE)</font>
[18:31:27]ATTACK: <font color='red'>Steve Rams (jolt96) shot Shaun Hoover (whiteman) with a the Bullet</font>
[18:32:00]ATTACK: <font color='red'>Steve Rams (jolt96) shot Tom Bom (gadmans) with a the Bullet</font>
[18:34:02]ATTACK: <font color='red'>Steve Rams (jolt96) fed Shaun Hoover (whiteman) with Tramadol pill (INTENT: HELP)</font>
[18:35:04]ATTACK: <font color='red'>Tom Bom (gadmans) primed a flashbang.</font>
[18:35:41]ATTACK: <font color='red'>Steve Rams (jolt96) primed a flashbang.</font>
[18:36:04]ATTACK: <font color='red'>Steve Rams (jolt96) shot Shaun Hoover (whiteman) with a the lead</font>
[18:36:38]ATTACK: <font color='red'>Ace Myles (silentium) attacked Shaun Hoover (whiteman) with chainsaw (INTENT: HELP) (DAMTYE: BRUTE)</font>
[18:36:40]ATTACK: <font color='red'>Ace Myles (silentium) attacked Shaun Hoover (whiteman) with chainsaw (INTENT: HELP) (DAMTYE: BRUTE)</font>
[18:36:41]ATTACK: <font color='red'>Ace Myles (silentium) attacked Shaun Hoover (whiteman) with chainsaw (INTENT: HELP) (DAMTYE: BRUTE)</font>
[18:36:42]ATTACK: <font color='red'>Ace Myles (silentium) attacked Shaun Hoover (whiteman) with chainsaw (INTENT: HELP) (DAMTYE: BRUTE)</font>
[18:36:44]ATTACK: <font color='red'>Ace Myles (silentium) attacked Shaun Hoover (whiteman) with chainsaw (INTENT: HELP) (DAMTYE: BRUTE)</font>
[18:36:45]ATTACK: <font color='red'>Ace Myles (silentium) attacked Shaun Hoover (whiteman) with chainsaw (INTENT: HELP) (DAMTYE: BRUTE)</font>
[18:36:47]ATTACK: <font color='red'>Ace Myles (silentium) attacked Shaun Hoover (whiteman) with chainsaw (INTENT: HELP) (DAMTYE: BRUTE)</font>
[18:36:48]ATTACK: <font color='red'>Ace Myles (silentium) attacked Shaun Hoover (whiteman) with chainsaw (INTENT: HELP) (DAMTYE: BRUTE)</font>
[18:36:49]ATTACK: <font color='red'>Ace Myles (silentium) attacked Shaun Hoover (whiteman) with chainsaw (INTENT: HELP) (DAMTYE: BRUTE)</font>
[18:36:51]ATTACK: <font color='red'>Ace Myles (silentium) attacked Shaun Hoover (whiteman) with chainsaw (INTENT: HELP) (DAMTYE: BRUTE)</font>
[18:36:52]ATTACK: <font color='red'>Ace Myles (silentium) attacked Shaun Hoover (whiteman) with chainsaw (INTENT: HELP) (DAMTYE: BRUTE)</font>
[18:36:53]ATTACK: <font color='red'>Ace Myles (silentium) attacked Shaun Hoover (whiteman) with chainsaw (INTENT: HELP) (DAMTYE: BRUTE)</font>
[18:36:54]ATTACK: <font color='red'>Ace Myles (silentium) attacked Shaun Hoover () with chainsaw (INTENT: HELP) (DAMTYE: BRUTE)</font>
[18:36:56]ATTACK: <font color='red'>Ace Myles (silentium) attacked Shaun Hoover () with chainsaw (INTENT: HELP) (DAMTYE: BRUTE)</font>
[18:36:57]ATTACK: <font color='red'>Ace Myles (silentium) attacked Shaun Hoover () with chainsaw (INTENT: HELP) (DAMTYE: BRUTE)</font>
[18:36:58]ATTACK: <font color='red'>Ace Myles (silentium) attacked Shaun Hoover () with chainsaw (INTENT: HELP) (DAMTYE: BRUTE)</font>
[18:36:59]ATTACK: <font color='red'>Ace Myles (silentium) attacked Shaun Hoover () with chainsaw (INTENT: HELP) (DAMTYE: BRUTE)</font>
[18:37:00]ATTACK: <font color='red'>Ace Myles (silentium) attacked Shaun Hoover () with chainsaw (INTENT: HELP) (DAMTYE: BRUTE)</font>
[18:37:02]ATTACK: <font color='red'>Ace Myles (silentium) attacked Shaun Hoover () with chainsaw (INTENT: HELP) (DAMTYE: BRUTE)</font>
[18:37:03]ATTACK: <font color='red'>Ace Myles (silentium) attacked Shaun Hoover () with chainsaw (INTENT: HELP) (DAMTYE: BRUTE)</font>
[18:37:04]ATTACK: <font color='red'>Ace Myles (silentium) attacked Shaun Hoover () with chainsaw (INTENT: HELP) (DAMTYE: BRUTE)</font>
[18:37:05]ATTACK: <font color='red'>Ace Myles (silentium) attacked Shaun Hoover () with chainsaw (INTENT: HELP) (DAMTYE: BRUTE)</font>
[18:37:06]ATTACK: <font color='red'>Ace Myles (silentium) attacked Shaun Hoover () with chainsaw (INTENT: HELP) (DAMTYE: BRUTE)</font>
[18:37:07]ATTACK: <font color='red'>Ace Myles (silentium) attacked Shaun Hoover () with chainsaw (INTENT: HELP) (DAMTYE: BRUTE)</font>
[18:37:42]ATTACK: <font color='red'>Steve Rams (jolt96) primed a frag grenade.</font>
[18:37:57]ATTACK: <font color='red'>Ace Myles (silentium) shot Steve Rams (jolt96) with a the projectile</font>
[18:38:07]ATTACK: <font color='red'>Steve Rams (jolt96) primed a frag grenade.</font>
[18:40:26]ATTACK: <font color='red'>Rum Waters (silentium) shot Steve Rams (jolt96) with a the Bullet</font>
[18:40:29]ATTACK: <font color='red'>Rum Waters (silentium) shot Steve Rams (jolt96) with a the Bullet</font>
[18:40:31]ATTACK: <font color='red'>Rum Waters (silentium) shot Steve Rams (jolt96) with a the Bullet</font>
[18:41:29]ATTACK: <font color='red'>Steve Rams (jolt96) punched Tom Bom (gadmans)</font>
[18:41:52]ATTACK: <font color='red'>Tom Bom (gadmans) attacked Steve Rams (jolt96) with police baton (INTENT: HURT)</font>
[18:41:52]ATTACK: <font color='red'>Tom Bom (gadmans) attacked Steve Rams (jolt96) with police baton (INTENT: HURT) (DAMTYE: BRUTE)</font>
[18:41:56]ATTACK: <font color='red'>Tom Bom (gadmans) attacked Steve Rams (jolt96) with police baton (INTENT: HURT)</font>
[18:41:56]ATTACK: <font color='red'>Tom Bom (gadmans) attacked Steve Rams (jolt96) with police baton (INTENT: HURT) (DAMTYE: BRUTE)</font>
[18:41:57]ATTACK: <font color='red'>Tom Bom (gadmans) attacked Steve Rams (jolt96) with police baton (INTENT: HURT)</font>
[18:41:57]ATTACK: <font color='red'>Tom Bom (gadmans) attacked Steve Rams (jolt96) with police baton (INTENT: HURT) (DAMTYE: BRUTE)</font>
[18:41:58]ATTACK: <font color='red'>Tom Bom (gadmans) attacked Steve Rams (jolt96) with police baton (INTENT: HURT)</font>
[18:41:58]ATTACK: <font color='red'>Tom Bom (gadmans) attacked Steve Rams (jolt96) with police baton (INTENT: HURT) (DAMTYE: BRUTE)</font>
[18:41:59]ATTACK: <font color='red'>Tom Bom (gadmans) attacked Steve Rams (jolt96) with police baton (INTENT: HURT)</font>
[18:41:59]ATTACK: <font color='red'>Tom Bom (gadmans) attacked Steve Rams (jolt96) with police baton (INTENT: HURT) (DAMTYE: BRUTE)</font>
[18:42:00]ATTACK: <font color='red'>Tom Bom (gadmans) attacked Steve Rams (jolt96) with police baton (INTENT: HURT)</font>
[18:42:00]ATTACK: <font color='red'>Tom Bom (gadmans) attacked Steve Rams (jolt96) with police baton (INTENT: HURT) (DAMTYE: BRUTE)</font>
[18:42:02]ATTACK: <font color='red'>Tom Bom (gadmans) attacked Steve Rams (jolt96) with police baton (INTENT: HURT)</font>
[18:42:02]ATTACK: <font color='red'>Tom Bom (gadmans) attacked Steve Rams (jolt96) with police baton (INTENT: HURT) (DAMTYE: BRUTE)</font>
[18:42:03]ATTACK: <font color='red'>Tom Bom (gadmans) attacked Steve Rams (jolt96) with police baton (INTENT: HURT)</font>
[18:42:03]ATTACK: <font color='red'>Tom Bom (gadmans) attacked Steve Rams (jolt96) with police baton (INTENT: HURT) (DAMTYE: BRUTE)</font>
[18:42:15]ATTACK: <font color='red'>Tom Bom (gadmans) Attempted to handcuff Steve Rams (jolt96)</font>
[18:42:37]ATTACK: <font color='red'>Unknown (qwertyo55) disarmed Tom Bom (gadmans)</font>
[18:42:38]ATTACK: <font color='red'>Tom Bom (gadmans) attacked Unknown (qwertyo55) with police baton (INTENT: HURT)</font>
[18:42:38]ATTACK: <font color='red'>Tom Bom (gadmans) attacked Unknown (qwertyo55) with police baton (INTENT: HURT) (DAMTYE: BRUTE)</font>
[18:42:44]ATTACK: <font color='red'>Tom Bom (gadmans) Attempted to handcuff Unknown (qwertyo55)</font>
[18:43:35]ATTACK: <font color='red'>Tom Bom (gadmans) attacked Steve Rams (jolt96) with police baton (INTENT: HURT)</font>
[18:43:35]ATTACK: <font color='red'>Tom Bom (gadmans) attacked Steve Rams (jolt96) with police baton (INTENT: HURT) (DAMTYE: BRUTE)</font>
[18:43:41]ATTACK: <font color='red'>Rum Waters (silentium) shot Tom Bom (gadmans) with a the Bullet</font>
[18:44:03]ATTACK: <font color='red'>Rum Waters (silentium) disarmed Steve Rams (jolt96)</font>
[18:44:06]ATTACK: <font color='red'>Tom Bom (gadmans) shot Steve Rams (jolt96) with a the Bullet</font>
[18:44:11]ATTACK: <font color='red'>Rum Waters (silentium) shot Tom Bom (gadmans) with a the Bullet</font>
[18:44:16]ATTACK: <font color='red'>Rum Waters (silentium) shot Tom Bom (gadmans) with a the Bullet</font>
[18:44:18]ATTACK: <font color='red'>Rum Waters (silentium) attacked Tom Bom (gadmans) with Smith-W (INTENT: DISARM) (DAMTYE: BRUTE)</font>
[18:44:22]ATTACK: <font color='red'>Rum Waters (silentium) shot Tom Bom (gadmans) with a the Bullet</font>
[18:44:23]ATTACK: <font color='red'>Tom Bom (gadmans) shot Rum Waters (silentium) with a the Bullet</font>
[18:44:33]ATTACK: <font color='red'>Tom Bom (gadmans) Attempted to handcuff Unknown (silentium)</font>
[18:44:37]ATTACK: <font color='red'>Unknown (silentium) disarmed Tom Bom (gadmans)</font>


Starting up. 18:44.58
---------------------



Starting up. 21:03.36
---------------------



Starting up. 21:11.22
---------------------

