

Starting up. 21:49.50
---------------------



Starting up. 21:53.28
---------------------

[22:11:46]ATTACK: <font color='red'>Alexis Bynum (pahomlancer) punched Alexis Bynum (pahomlancer)</font>
[22:11:47]ATTACK: <font color='red'>Alexis Bynum (pahomlancer) punched Alexis Bynum (pahomlancer)</font>
[22:11:48]ATTACK: <font color='red'>Alexis Bynum (pahomlancer) punched Alexis Bynum (pahomlancer)</font>
[22:11:49]ATTACK: <font color='red'>Alexis Bynum (pahomlancer) punched Alexis Bynum (pahomlancer)</font>
[22:11:50]ATTACK: <font color='red'>Alexis Bynum (pahomlancer) punched Alexis Bynum (pahomlancer)</font>
[22:11:51]ATTACK: <font color='red'>Alexis Bynum (pahomlancer) punched Alexis Bynum (pahomlancer)</font>
[22:11:53]ATTACK: <font color='red'>Alexis Bynum (pahomlancer) punched Alexis Bynum (pahomlancer)</font>
[22:11:54]ATTACK: <font color='red'>Alexis Bynum (pahomlancer) punched Alexis Bynum (pahomlancer)</font>
[22:11:55]ATTACK: <font color='red'>Alexis Bynum (pahomlancer) punched Alexis Bynum (pahomlancer)</font>
[22:11:56]ATTACK: <font color='red'>Alexis Bynum (pahomlancer) punched Alexis Bynum (pahomlancer)</font>
[22:11:57]ATTACK: <font color='red'>Alexis Bynum (pahomlancer) punched Alexis Bynum (pahomlancer)</font>
[22:11:59]ATTACK: <font color='red'>Alexis Bynum (pahomlancer) punched Alexis Bynum (pahomlancer)</font>
[22:12:00]ATTACK: <font color='red'>Alexis Bynum (pahomlancer) punched Alexis Bynum (pahomlancer)</font>
[22:12:01]ATTACK: <font color='red'>Alexis Bynum (pahomlancer) punched Alexis Bynum (pahomlancer)</font>
[22:12:02]ATTACK: <font color='red'>Alexis Bynum (pahomlancer) punched Alexis Bynum (pahomlancer)</font>
[22:12:03]ATTACK: <font color='red'>Alexis Bynum (pahomlancer) punched Alexis Bynum (pahomlancer)</font>
[22:12:04]ATTACK: <font color='red'>Alexis Bynum (pahomlancer) punched Alexis Bynum (pahomlancer)</font>
[22:12:05]ATTACK: <font color='red'>Unknown as (Alexis Bynum) (pahomlancer) punched Unknown as (Alexis Bynum) (pahomlancer)</font>
[22:12:07]ATTACK: <font color='red'>Unknown as (Alexis Bynum) (pahomlancer) punched Unknown as (Alexis Bynum) (pahomlancer)</font>
[22:12:08]ATTACK: <font color='red'>Unknown as (Alexis Bynum) (pahomlancer) punched Unknown as (Alexis Bynum) (pahomlancer)</font>
[22:12:09]ATTACK: <font color='red'>Unknown as (Alexis Bynum) (pahomlancer) punched Unknown as (Alexis Bynum) (pahomlancer)</font>
[22:12:10]ATTACK: <font color='red'>Unknown as (Alexis Bynum) (pahomlancer) punched Unknown as (Alexis Bynum) (pahomlancer)</font>
[22:20:43]ATTACK: <font color='red'>Wayne Mcclymonds (deverezzer) punched Duke Kellogg ()</font>
[22:20:46]ATTACK: <font color='red'>Wayne Mcclymonds (deverezzer) punched Duke Kellogg ()</font>
[22:20:47]ATTACK: <font color='red'>Wayne Mcclymonds (deverezzer) punched Duke Kellogg ()</font>
[22:20:48]ATTACK: <font color='red'>Wayne Mcclymonds (deverezzer) punched Duke Kellogg ()</font>
[22:20:49]ATTACK: <font color='red'>Wayne Mcclymonds (deverezzer) punched Duke Kellogg ()</font>
[22:20:50]ATTACK: <font color='red'>Wayne Mcclymonds (deverezzer) punched Duke Kellogg ()</font>
[22:20:52]ATTACK: <font color='red'>Wayne Mcclymonds (deverezzer) punched Duke Kellogg ()</font>
[22:20:53]ATTACK: <font color='red'>Wayne Mcclymonds (deverezzer) punched Duke Kellogg ()</font>
[22:20:54]ATTACK: <font color='red'>Wayne Mcclymonds (deverezzer) punched Duke Kellogg ()</font>
[22:20:55]ATTACK: <font color='red'>Wayne Mcclymonds (deverezzer) punched Duke Kellogg ()</font>
[22:20:56]ATTACK: <font color='red'>Wayne Mcclymonds (deverezzer) punched Duke Kellogg ()</font>
[22:20:58]ATTACK: <font color='red'>Wayne Mcclymonds (deverezzer) punched Duke Kellogg ()</font>
[22:20:59]ATTACK: <font color='red'>Wayne Mcclymonds (deverezzer) punched Duke Kellogg ()</font>
[22:21:00]ATTACK: <font color='red'>Wayne Mcclymonds (deverezzer) punched Duke Kellogg ()</font>
[22:21:01]ATTACK: <font color='red'>Wayne Mcclymonds (deverezzer) punched Duke Kellogg ()</font>
[22:21:03]ATTACK: <font color='red'>Wayne Mcclymonds (deverezzer) punched Duke Kellogg ()</font>
[22:21:10]ATTACK: <font color='red'>Wayne Mcclymonds (deverezzer) punched Duke Kellogg ()</font>
[22:21:16]ATTACK: <font color='red'>Wayne Mcclymonds (deverezzer) punched Woodrow Waldron (beyale)</font>
[22:21:17]ATTACK: <font color='red'>Wayne Mcclymonds (deverezzer) punched Woodrow Waldron (beyale)</font>
[22:21:18]ATTACK: <font color='red'>Wayne Mcclymonds (deverezzer) punched Woodrow Waldron (beyale)</font>
[22:21:19]ATTACK: <font color='red'>Wayne Mcclymonds (deverezzer) punched Woodrow Waldron (beyale)</font>
[22:21:21]ATTACK: <font color='red'>Wayne Mcclymonds (deverezzer) punched Woodrow Waldron (beyale)</font>
[22:21:22]ATTACK: <font color='red'>Wayne Mcclymonds (deverezzer) punched Woodrow Waldron (beyale)</font>
[22:21:23]ATTACK: <font color='red'>Wayne Mcclymonds (deverezzer) punched Woodrow Waldron (beyale)</font>
[22:22:02]ATTACK: <font color='red'>Wayne Mcclymonds (deverezzer) punched Woodrow Waldron (beyale)</font>
[22:22:06]ATTACK: <font color='red'>Wayne Mcclymonds (deverezzer) punched Woodrow Waldron (beyale)</font>
[22:22:07]ATTACK: <font color='red'>Wayne Mcclymonds (deverezzer) punched Woodrow Waldron (beyale)</font>
[22:22:08]ATTACK: <font color='red'>Wayne Mcclymonds (deverezzer) punched Woodrow Waldron (beyale)</font>


Starting up. 22:33.12
---------------------



Starting up. 22:34.06
---------------------

[22:39:43]ATTACK: <font color='red'>Reynard Ewing (corporaldead) was hit by the brick thrown by (LeeroyJenkns)</font>
[22:40:02]ATTACK: <font color='red'>Reynard Ewing (corporaldead) was hit by the brick thrown by (LeeroyJenkns)</font>
[22:40:09]ATTACK: <font color='red'>Atarabashi Nihondzin (editorrus) implanted Atarabashi Nihondzin (editorrus) with Nanoaugmentation Implaner (Short-range Psionic Radar) (INTENT: DISARM)</font>
[22:40:16]ATTACK: <font color='red'>Atarabashi Nihondzin (editorrus) implanted Atarabashi Nihondzin (editorrus) with Nanoaugmentation Implaner (Regenerative Nanobots) (INTENT: DISARM)</font>
[22:40:29]ATTACK: <font color='red'>Reynard Ewing (corporaldead) attacked Josh Mathews (leeroyjenkns) with scalpel (INTENT: HELP) (DAMTYE: BRUTE)</font>
[22:40:30]ATTACK: <font color='red'>Reynard Ewing (corporaldead) attacked Josh Mathews (leeroyjenkns) with scalpel (INTENT: HELP) (DAMTYE: BRUTE)</font>
[22:40:59]ATTACK: <font color='red'>Rodrigo Beach (beyale) was hit by Arrow thrown by (Apopheosis)</font>
[22:41:00]ATTACK: <font color='red'>Atarabashi Nihondzin (editorrus) attacked Reynard Ewing (corporaldead) with brick (INTENT: DISARM) (DAMTYE: BRUTE)</font>
[22:41:53]ATTACK: <font color='red'>Joey Ellis (apopheosis) attacked Rodrigo Beach (beyale) with chain (INTENT: HURT) (DAMTYE: BRUTE)</font>
[22:41:53]ATTACK: <font color='red'>Rodrigo Beach (beyale) attacked Joey Ellis (apopheosis) with brick (INTENT: HURT) (DAMTYE: BRUTE)</font>
[22:41:57]ATTACK: <font color='red'>Rodrigo Beach (beyale) attacked Joey Ellis (apopheosis) with brick (INTENT: HURT) (DAMTYE: BRUTE)</font>
[22:41:58]ATTACK: <font color='red'>Rodrigo Beach (beyale) attacked Joey Ellis (apopheosis) with brick (INTENT: HURT) (DAMTYE: BRUTE)</font>
[22:41:59]ATTACK: <font color='red'>Rodrigo Beach (beyale) attacked Joey Ellis (apopheosis) with brick (INTENT: HURT) (DAMTYE: BRUTE)</font>
[22:42:00]ATTACK: <font color='red'>Rodrigo Beach (beyale) attacked Joey Ellis (apopheosis) with brick (INTENT: HURT) (DAMTYE: BRUTE)</font>
[22:42:01]ATTACK: <font color='red'>Rodrigo Beach (beyale) attacked Unknown (apopheosis) with brick (INTENT: HURT) (DAMTYE: BRUTE)</font>
[22:42:02]ATTACK: <font color='red'>Rodrigo Beach (beyale) attacked Unknown (apopheosis) with brick (INTENT: HURT) (DAMTYE: BRUTE)</font>
[22:42:04]ATTACK: <font color='red'>Rodrigo Beach (beyale) attacked Unknown (apopheosis) with brick (INTENT: HURT) (DAMTYE: BRUTE)</font>
[22:42:06]ATTACK: <font color='red'>Byrne Armstrong (ghoststalin) attacked Alexandria Wright (alexix1989) with balisong knife (INTENT: HELP) (DAMTYE: BRUTE)</font>
[22:42:06]ATTACK: <font color='red'>Alexandria Wright (alexix1989) attacked Byrne Armstrong (ghoststalin) with brick (INTENT: GRAB) (DAMTYE: BRUTE)</font>
[22:42:08]ATTACK: <font color='red'>Alexandria Wright (alexix1989) attacked Byrne Armstrong (ghoststalin) with brick (INTENT: GRAB) (DAMTYE: BRUTE)</font>
[22:42:10]ATTACK: <font color='red'>Byrne Armstrong (ghoststalin) attacked Alexandria Wright (alexix1989) with balisong knife (INTENT: HELP) (DAMTYE: BRUTE)</font>
[22:42:15]ATTACK: <font color='red'>Alexandria Wright (alexix1989) attacked Byrne Armstrong (ghoststalin) with brick (INTENT: GRAB) (DAMTYE: BRUTE)</font>
[22:42:19]ATTACK: <font color='red'>Alexandria Wright (alexix1989) attacked Byrne Armstrong (ghoststalin) with brick (INTENT: GRAB) (DAMTYE: BRUTE)</font>
[22:42:22]ATTACK: <font color='red'>Alexandria Wright (alexix1989) attacked Byrne Armstrong (ghoststalin) with brick (INTENT: GRAB) (DAMTYE: BRUTE)</font>
[22:42:23]ATTACK: <font color='red'>Atarabashi Nihondzin (editorrus) attacked Ebun Skinner (difilex) with fire extinguisher (INTENT: DISARM) (DAMTYE: BRUTE)</font>
[22:42:25]ATTACK: <font color='red'>Atarabashi Nihondzin (editorrus) attacked Ebun Skinner (difilex) with fire extinguisher (INTENT: DISARM) (DAMTYE: BRUTE)</font>
[22:42:28]ATTACK: <font color='red'>Ebun Skinner (difilex) attacked Atarabashi Nihondzin (editorrus) with Broken Bottle (INTENT: HELP) (DAMTYE: BRUTE)</font>
[22:42:29]ATTACK: <font color='red'>Ebun Skinner (difilex) attacked Atarabashi Nihondzin (editorrus) with Broken Bottle (INTENT: HELP) (DAMTYE: BRUTE)</font>
[22:42:31]ATTACK: <font color='red'>Atarabashi Nihondzin (editorrus) attacked Ebun Skinner (difilex) with fire extinguisher (INTENT: DISARM) (DAMTYE: BRUTE)</font>
[22:42:34]ATTACK: <font color='red'>Atarabashi Nihondzin (editorrus) attacked Alexandria Wright (alexix1989) with fire extinguisher (INTENT: DISARM) (DAMTYE: BRUTE)</font>
[22:42:51]ATTACK: <font color='red'>Atarabashi Nihondzin (editorrus) attacked Alexandria Wright (alexix1989) with fire extinguisher (INTENT: DISARM) (DAMTYE: BRUTE)</font>
[22:42:57]ATTACK: <font color='red'>Reynard Ewing (corporaldead) attacked Rodrigo Beach (beyale) with chain (INTENT: HELP) (DAMTYE: BRUTE)</font>
[22:43:10]ATTACK: <font color='red'>Rodrigo Beach (beyale) attacked Reynard Ewing (corporaldead) with brick (INTENT: HURT) (DAMTYE: BRUTE)</font>
[22:43:14]ATTACK: <font color='red'>Atarabashi Nihondzin (editorrus) attacked Alexandria Wright (alexix1989) with fire extinguisher (INTENT: GRAB) (DAMTYE: BRUTE)</font>
[22:43:16]ATTACK: <font color='red'>Rodrigo Beach (beyale) attacked Reynard Ewing (corporaldead) with brick (INTENT: HURT) (DAMTYE: BRUTE)</font>
[22:43:17]ATTACK: <font color='red'>Reynard Ewing (corporaldead) attacked Rodrigo Beach (beyale) with chain (INTENT: HELP) (DAMTYE: BRUTE)</font>
[22:43:17]ATTACK: <font color='red'>Rodrigo Beach (beyale) attacked Reynard Ewing (corporaldead) with brick (INTENT: HURT) (DAMTYE: BRUTE)</font>
[22:43:18]ATTACK: <font color='red'>Reynard Ewing (corporaldead) attacked Rodrigo Beach (beyale) with chain (INTENT: HELP) (DAMTYE: BRUTE)</font>
[22:43:21]ATTACK: <font color='red'>Atarabashi Nihondzin (editorrus) grabbed the neck of Unknown (alexix1989)</font>
[22:43:21]ATTACK: <font color='red'>Reynard Ewing (corporaldead) attacked Rodrigo Beach (beyale) with chain (INTENT: HELP) (DAMTYE: BRUTE)</font>
[22:43:21]ATTACK: <font color='red'>Atarabashi Nihondzin (editorrus) Strangled (kill intent) Unknown (alexix1989)</font>
[22:43:22]ATTACK: <font color='red'>Reynard Ewing (corporaldead) attacked Rodrigo Beach (beyale) with chain (INTENT: HELP) (DAMTYE: BRUTE)</font>
[22:43:23]ATTACK: <font color='red'>Reynard Ewing (corporaldead) attacked Rodrigo Beach (beyale) with chain (INTENT: HELP) (DAMTYE: BRUTE)</font>
[22:43:25]ATTACK: <font color='red'>Reynard Ewing (corporaldead) attacked Rodrigo Beach (beyale) with chain (INTENT: HELP) (DAMTYE: BRUTE)</font>
[22:43:28]ATTACK: <font color='red'>Reynard Ewing (corporaldead) attacked Unknown (beyale) with chain (INTENT: HELP) (DAMTYE: BRUTE)</font>
[22:43:29]ATTACK: <font color='red'>Reynard Ewing (corporaldead) attacked Unknown (beyale) with chain (INTENT: HELP) (DAMTYE: BRUTE)</font>
[22:43:32]ATTACK: <font color='red'>Unknown (difilex) punched Atarabashi Nihondzin (editorrus)</font>
[22:43:33]ATTACK: <font color='red'>Atarabashi Nihondzin (editorrus) attacked Unknown (difilex) with fire extinguisher (INTENT: GRAB) (DAMTYE: BRUTE)</font>
[22:43:34]ATTACK: <font color='red'>Reynard Ewing (corporaldead) attacked Unknown (beyale) with scalpel (INTENT: HELP) (DAMTYE: BRUTE)</font>
[22:43:35]ATTACK: <font color='red'>Reynard Ewing (corporaldead) attacked Unknown (beyale) with scalpel (INTENT: HELP) (DAMTYE: BRUTE)</font>
[22:43:37]ATTACK: <font color='red'>Unknown (difilex) punched Atarabashi Nihondzin (editorrus)</font>
[22:43:42]ATTACK: <font color='red'>Atarabashi Nihondzin (editorrus) attacked Unknown (difilex) with fire extinguisher (INTENT: GRAB) (DAMTYE: BRUTE)</font>
[22:43:43]ATTACK: <font color='red'>Atarabashi Nihondzin (editorrus) attacked Unknown (difilex) with fire extinguisher (INTENT: GRAB) (DAMTYE: BRUTE)</font>
[22:43:51]ATTACK: <font color='red'>Atarabashi Nihondzin (editorrus) grabbed the neck of Unknown (difilex)</font>
[22:44:06]ATTACK: <font color='red'>Unknown (difilex) punched Atarabashi Nihondzin (editorrus)</font>
[22:44:09]ATTACK: <font color='red'>Atarabashi Nihondzin (editorrus) attacked Unknown (difilex) with fire extinguisher (INTENT: GRAB) (DAMTYE: BRUTE)</font>
[22:44:10]ATTACK: <font color='red'>Atarabashi Nihondzin (editorrus) attacked Unknown (difilex) with fire extinguisher (INTENT: GRAB) (DAMTYE: BRUTE)</font>
[22:46:16]ATTACK: <font color='red'>Ace Myles (silentium) shot Atarabashi Nihondzin (editorrus) with a the Bullet</font>
[22:46:16]ATTACK: <font color='red'>Ace Myles (silentium) attacked Atarabashi Nihondzin (editorrus) with Winchester M1887 (INTENT: HELP) (DAMTYE: BRUTE)</font>
[22:46:19]ATTACK: <font color='red'>Atarabashi Nihondzin (editorrus) attacked Reynard Ewing (corporaldead) with fire extinguisher (INTENT: GRAB) (DAMTYE: BRUTE)</font>
[22:46:31]ATTACK: <font color='red'>Ace Myles (silentium) shot Reynard Ewing (corporaldead) with a the Bullet</font>
[22:47:25]ATTACK: <font color='red'>Ace Myles (silentium) attacked Unknown (corporaldead) with hammer (INTENT: HELP) (DAMTYE: BRUTE)</font>
[22:47:30]ATTACK: <font color='red'>Ace Myles (silentium) attacked Unknown (corporaldead) with hammer (INTENT: HELP) (DAMTYE: BRUTE)</font>
[22:47:31]ATTACK: <font color='red'>Ace Myles (silentium) attacked Unknown (corporaldead) with hammer (INTENT: HELP) (DAMTYE: BRUTE)</font>
[22:47:32]ATTACK: <font color='red'>Ace Myles (silentium) attacked Unknown (corporaldead) with hammer (INTENT: HELP) (DAMTYE: BRUTE)</font>
[22:47:33]ATTACK: <font color='red'>Ace Myles (silentium) attacked Unknown (corporaldead) with hammer (INTENT: HELP) (DAMTYE: BRUTE)</font>
[22:47:35]ATTACK: <font color='red'>Ace Myles (silentium) attacked Unknown (corporaldead) with hammer (INTENT: HELP) (DAMTYE: BRUTE)</font>
[22:47:36]ATTACK: <font color='red'>Ace Myles (silentium) attacked Unknown (corporaldead) with hammer (INTENT: HELP) (DAMTYE: BRUTE)</font>
[22:49:39]ATTACK: <font color='red'>Atarabashi Nihondzin (editorrus) attacked Keegan Gronko (pahomlancer) with fire extinguisher (INTENT: HELP) (DAMTYE: BRUTE)</font>
[22:49:43]ATTACK: <font color='red'>Atarabashi Nihondzin (editorrus) attacked Keegan Gronko (pahomlancer) with fire extinguisher (INTENT: HELP) (DAMTYE: BRUTE)</font>
[22:49:44]ATTACK: <font color='red'>Atarabashi Nihondzin (editorrus) attacked Keegan Gronko (pahomlancer) with fire extinguisher (INTENT: HELP) (DAMTYE: BRUTE)</font>
[22:49:46]ATTACK: <font color='red'>Atarabashi Nihondzin (editorrus) attacked Keegan Gronko (pahomlancer) with fire extinguisher (INTENT: HELP) (DAMTYE: BRUTE)</font>
[22:49:47]ATTACK: <font color='red'>Atarabashi Nihondzin (editorrus) attacked Keegan Gronko (pahomlancer) with fire extinguisher (INTENT: HELP) (DAMTYE: BRUTE)</font>
[22:49:48]ATTACK: <font color='red'>Atarabashi Nihondzin (editorrus) attacked Keegan Gronko (pahomlancer) with fire extinguisher (INTENT: HELP) (DAMTYE: BRUTE)</font>
[22:49:49]ATTACK: <font color='red'>Atarabashi Nihondzin (editorrus) attacked Keegan Gronko (pahomlancer) with fire extinguisher (INTENT: HELP) (DAMTYE: BRUTE)</font>
[22:49:51]ATTACK: <font color='red'>Atarabashi Nihondzin (editorrus) attacked Keegan Gronko (pahomlancer) with fire extinguisher (INTENT: HELP) (DAMTYE: BRUTE)</font>
[22:49:52]ATTACK: <font color='red'>Atarabashi Nihondzin (editorrus) attacked Keegan Gronko (pahomlancer) with fire extinguisher (INTENT: HELP) (DAMTYE: BRUTE)</font>
[22:49:53]ATTACK: <font color='red'>Atarabashi Nihondzin (editorrus) attacked Keegan Gronko (pahomlancer) with fire extinguisher (INTENT: HELP) (DAMTYE: BRUTE)</font>
[22:49:56]ATTACK: <font color='red'>Atarabashi Nihondzin (editorrus) attacked Keegan Gronko (pahomlancer) with fire extinguisher (INTENT: HELP) (DAMTYE: BRUTE)</font>
[22:49:57]ATTACK: <font color='red'>Atarabashi Nihondzin (editorrus) attacked Keegan Gronko (pahomlancer) with fire extinguisher (INTENT: HELP) (DAMTYE: BRUTE)</font>
[22:57:13]ATTACK: <font color='red'>Unknown (ghoststalin) disarmed Unknown (ghoststalin)</font>
[23:00:08]ATTACK: <font color='red'>Jaxon Lord (apopheosis) attacked Unknown (beyale) with scout (INTENT: HELP) (DAMTYE: BRUTE)</font>
[23:00:09]ATTACK: <font color='red'>Jaxon Lord (apopheosis) attacked Unknown (beyale) with scout (INTENT: HELP) (DAMTYE: BRUTE)</font>
[23:01:01]ATTACK: <font color='red'>Ace Myles (silentium) was hit by the makeshift spear thrown by (Ghost_Stalin)</font>
[23:02:56]ATTACK: <font color='red'>Ace Myles (silentium) shot Unknown (ghoststalin) with a the Bullet</font>
[23:03:10]ATTACK: <font color='red'>Ace Myles (silentium) was hit by Griffeater Gin thrown by (Ghost_Stalin)</font>
[23:03:14]ATTACK: <font color='red'>Ace Myles (silentium) was hit by the makeshift spear thrown by (Ghost_Stalin)</font>
[23:03:20]ATTACK: <font color='red'>Ace Myles (silentium) was hit by the makeshift knife thrown by (Ghost_Stalin)</font>
[23:03:37]ATTACK: <font color='red'>Unknown (ghoststalin) attacked Ace Myles (silentium) with chainsaw (INTENT: HURT) (DAMTYE: BRUTE)</font>
[23:03:40]ATTACK: <font color='red'>Unknown (ghoststalin) attacked Ace Myles (silentium) with chainsaw (INTENT: HURT) (DAMTYE: BRUTE)</font>
[23:03:46]ATTACK: <font color='red'>Unknown (ghoststalin) attacked Ace Myles (silentium) with chainsaw (INTENT: HURT) (DAMTYE: BRUTE)</font>
[23:03:47]ATTACK: <font color='red'>Unknown (ghoststalin) attacked Ace Myles (silentium) with chainsaw (INTENT: HURT) (DAMTYE: BRUTE)</font>
[23:03:48]ATTACK: <font color='red'>Unknown (ghoststalin) attacked Ace Myles (silentium) with chainsaw (INTENT: HURT) (DAMTYE: BRUTE)</font>
[23:03:49]ATTACK: <font color='red'>Unknown (ghoststalin) attacked Ace Myles (silentium) with chainsaw (INTENT: HURT) (DAMTYE: BRUTE)</font>
[23:03:51]ATTACK: <font color='red'>Unknown (ghoststalin) attacked Ace Myles (silentium) with chainsaw (INTENT: HURT) (DAMTYE: BRUTE)</font>
[23:05:11]ATTACK: <font color='red'>Atarabashi Nihondzin (editorrus) attacked Unknown () with fire extinguisher (INTENT: DISARM) (DAMTYE: BRUTE)</font>
[23:05:12]ATTACK: <font color='red'>Atarabashi Nihondzin (editorrus) attacked Unknown () with fire extinguisher (INTENT: DISARM) (DAMTYE: BRUTE)</font>
[23:05:15]ATTACK: <font color='red'>Atarabashi Nihondzin (editorrus) attacked Unknown () with fire extinguisher (INTENT: DISARM) (DAMTYE: BRUTE)</font>
[23:05:16]ATTACK: <font color='red'>Atarabashi Nihondzin (editorrus) attacked Unknown () with fire extinguisher (INTENT: DISARM) (DAMTYE: BRUTE)</font>
[23:05:38]ATTACK: <font color='red'>Atarabashi Nihondzin (editorrus) attacked Unknown () with chainsaw (INTENT: DISARM) (DAMTYE: BRUTE)</font>
[23:07:08]ATTACK: <font color='red'>Jaxon Lord (apopheosis) attacked Keegan Gronko (pahomlancer) with brick (INTENT: HELP) (DAMTYE: BRUTE)</font>
[23:07:13]ATTACK: <font color='red'>Jaxon Lord (apopheosis) attacked Keegan Gronko (pahomlancer) with brick (INTENT: HELP) (DAMTYE: BRUTE)</font>
[23:07:42]ATTACK: <font color='red'>Jaxon Lord (apopheosis) attacked Keegan Gronko (pahomlancer) with scout (INTENT: HELP) (DAMTYE: BRUTE)</font>
[23:08:40]ATTACK: <font color='red'>Jaxon Lord (apopheosis) attacked Jaxon Lord (apopheosis) with scout (INTENT: HELP) (DAMTYE: BRUTE)</font>
[23:10:02]ATTACK: <font color='red'>Atarabashi Nihondzin (editorrus) shot Clark Harrow (explorer42) with a the Bullet</font>
[23:10:16]ATTACK: <font color='red'>Atarabashi Nihondzin (editorrus) attacked Clark Harrow (explorer42) with chainsaw (INTENT: DISARM) (DAMTYE: BRUTE)</font>
[23:10:19]ATTACK: <font color='red'>Atarabashi Nihondzin (editorrus) attacked Clark Harrow (explorer42) with chainsaw (INTENT: DISARM) (DAMTYE: BRUTE)</font>
[23:10:20]ATTACK: <font color='red'>Atarabashi Nihondzin (editorrus) attacked Clark Harrow (explorer42) with chainsaw (INTENT: DISARM) (DAMTYE: BRUTE)</font>
[23:10:21]ATTACK: <font color='red'>Atarabashi Nihondzin (editorrus) attacked Unknown as (Clark Harrow) (explorer42) with chainsaw (INTENT: DISARM) (DAMTYE: BRUTE)</font>
[23:10:22]ATTACK: <font color='red'>Atarabashi Nihondzin (editorrus) attacked Unknown as (Clark Harrow) (explorer42) with chainsaw (INTENT: DISARM) (DAMTYE: BRUTE)</font>
[23:10:23]ATTACK: <font color='red'>Atarabashi Nihondzin (editorrus) attacked Unknown as (Clark Harrow) (explorer42) with chainsaw (INTENT: DISARM) (DAMTYE: BRUTE)</font>
[23:10:25]ATTACK: <font color='red'>Atarabashi Nihondzin (editorrus) attacked Unknown as (Clark Harrow) (explorer42) with chainsaw (INTENT: DISARM) (DAMTYE: BRUTE)</font>
[23:10:26]ATTACK: <font color='red'>Atarabashi Nihondzin (editorrus) attacked Unknown as (Clark Harrow) (explorer42) with chainsaw (INTENT: DISARM) (DAMTYE: BRUTE)</font>
[23:10:27]ATTACK: <font color='red'>Atarabashi Nihondzin (editorrus) attacked Unknown as (Clark Harrow) (explorer42) with chainsaw (INTENT: DISARM) (DAMTYE: BRUTE)</font>
[23:13:27]ATTACK: <font color='red'>Atarabashi Nihondzin as (Clark Harrow) (editorrus) attacked Nickolas Ellis (rudik) with chainsaw (INTENT: DISARM) (DAMTYE: BRUTE)</font>
[23:13:29]ATTACK: <font color='red'>Atarabashi Nihondzin as (Clark Harrow) (editorrus) attacked Nickolas Ellis (rudik) with chainsaw (INTENT: DISARM) (DAMTYE: BRUTE)</font>
[23:13:30]ATTACK: <font color='red'>Atarabashi Nihondzin as (Clark Harrow) (editorrus) attacked Nickolas Ellis (rudik) with chainsaw (INTENT: DISARM) (DAMTYE: BRUTE)</font>
[23:13:31]ATTACK: <font color='red'>Atarabashi Nihondzin as (Clark Harrow) (editorrus) attacked Nickolas Ellis (rudik) with chainsaw (INTENT: DISARM) (DAMTYE: BRUTE)</font>
[23:13:32]ATTACK: <font color='red'>Atarabashi Nihondzin as (Clark Harrow) (editorrus) attacked Unknown (rudik) with chainsaw (INTENT: DISARM) (DAMTYE: BRUTE)</font>
[23:14:28]ATTACK: <font color='red'>Atarabashi Nihondzin as (Clark Harrow) (editorrus) attacked Arlim Westland (arlim) with chainsaw (INTENT: DISARM) (DAMTYE: BRUTE)</font>
[23:14:31]ATTACK: <font color='red'>Atarabashi Nihondzin as (Clark Harrow) (editorrus) attacked Arlim Westland (arlim) with chainsaw (INTENT: DISARM) (DAMTYE: BRUTE)</font>
[23:14:33]ATTACK: <font color='red'>Atarabashi Nihondzin as (Clark Harrow) (editorrus) attacked Arlim Westland (arlim) with chainsaw (INTENT: DISARM) (DAMTYE: BRUTE)</font>
[23:14:34]ATTACK: <font color='red'>Atarabashi Nihondzin as (Clark Harrow) (editorrus) attacked Unknown (arlim) with chainsaw (INTENT: DISARM) (DAMTYE: BRUTE)</font>
[23:14:36]ATTACK: <font color='red'>Atarabashi Nihondzin as (Clark Harrow) (editorrus) attacked Unknown (arlim) with chainsaw (INTENT: DISARM) (DAMTYE: BRUTE)</font>
[23:14:37]ATTACK: <font color='red'>Atarabashi Nihondzin as (Clark Harrow) (editorrus) attacked Unknown (arlim) with chainsaw (INTENT: DISARM) (DAMTYE: BRUTE)</font>
[23:14:38]ATTACK: <font color='red'>Atarabashi Nihondzin as (Clark Harrow) (editorrus) attacked Unknown (arlim) with chainsaw (INTENT: DISARM) (DAMTYE: BRUTE)</font>
[23:14:40]ATTACK: <font color='red'>Atarabashi Nihondzin as (Clark Harrow) (editorrus) attacked Unknown (arlim) with chainsaw (INTENT: DISARM) (DAMTYE: BRUTE)</font>
[23:14:41]ATTACK: <font color='red'>Atarabashi Nihondzin as (Clark Harrow) (editorrus) attacked Unknown (arlim) with chainsaw (INTENT: DISARM) (DAMTYE: BRUTE)</font>
[23:16:14]ATTACK: <font color='red'>Atarabashi Nihondzin as (Clark Harrow) (editorrus) attacked Atarabashi Nihondzin as (Clark Harrow) (editorrus) with Zipgun (INTENT: DISARM) (DAMTYE: BRUTE)</font>
[23:17:46]ATTACK: <font color='red'>Atarabashi Nihondzin as (Clark Harrow) (editorrus) attacked Ace Myles () with chainsaw (INTENT: DISARM) (DAMTYE: BRUTE)</font>
[23:17:49]ATTACK: <font color='red'>Atarabashi Nihondzin as (Clark Harrow) (editorrus) attacked Ace Myles () with chainsaw (INTENT: DISARM) (DAMTYE: BRUTE)</font>
[23:18:42]ATTACK: <font color='red'>Atarabashi Nihondzin as (Clark Harrow) (editorrus) was hit by the brick thrown by (Corporal dead)</font>
[23:18:55]ATTACK: <font color='red'>Atarabashi Nihondzin as (Clark Harrow) (editorrus) was hit by the brick thrown by (Corporal dead)</font>
[23:19:43]ATTACK: <font color='red'>Roland Hardy (corporaldead) was hit by the brick thrown by (EditorRUS)</font>
[23:19:50]ATTACK: <font color='red'>Atarabashi Nihondzin as (Clark Harrow) (editorrus) attacked Roland Hardy (corporaldead) with chainsaw (INTENT: DISARM) (DAMTYE: BRUTE)</font>
[23:19:52]ATTACK: <font color='red'>Atarabashi Nihondzin as (Clark Harrow) (editorrus) attacked Roland Hardy (corporaldead) with chainsaw (INTENT: DISARM) (DAMTYE: BRUTE)</font>
[23:19:53]ATTACK: <font color='red'>Atarabashi Nihondzin as (Clark Harrow) (editorrus) attacked Roland Hardy (corporaldead) with chainsaw (INTENT: DISARM) (DAMTYE: BRUTE)</font>
[23:19:57]ATTACK: <font color='red'>Atarabashi Nihondzin as (Clark Harrow) (editorrus) attacked Unknown (corporaldead) with chainsaw (INTENT: DISARM) (DAMTYE: BRUTE)</font>
[23:20:01]ATTACK: <font color='red'>Atarabashi Nihondzin as (Clark Harrow) (editorrus) attacked Unknown (corporaldead) with chainsaw (INTENT: DISARM) (DAMTYE: BRUTE)</font>
[23:20:02]ATTACK: <font color='red'>Atarabashi Nihondzin as (Clark Harrow) (editorrus) attacked Unknown (corporaldead) with chainsaw (INTENT: DISARM) (DAMTYE: BRUTE)</font>
[23:20:03]ATTACK: <font color='red'>Atarabashi Nihondzin as (Clark Harrow) (editorrus) attacked Unknown (corporaldead) with chainsaw (INTENT: DISARM) (DAMTYE: BRUTE)</font>
[23:20:04]ATTACK: <font color='red'>Atarabashi Nihondzin as (Clark Harrow) (editorrus) attacked Unknown (corporaldead) with chainsaw (INTENT: DISARM) (DAMTYE: BRUTE)</font>
[23:20:06]ATTACK: <font color='red'>Atarabashi Nihondzin as (Clark Harrow) (editorrus) attacked Unknown (corporaldead) with chainsaw (INTENT: DISARM) (DAMTYE: BRUTE)</font>
[23:20:07]ATTACK: <font color='red'>Atarabashi Nihondzin as (Clark Harrow) (editorrus) attacked Unknown (corporaldead) with chainsaw (INTENT: DISARM) (DAMTYE: BRUTE)</font>
[23:20:08]ATTACK: <font color='red'>Atarabashi Nihondzin as (Clark Harrow) (editorrus) attacked Unknown (corporaldead) with chainsaw (INTENT: DISARM) (DAMTYE: BRUTE)</font>
[23:21:45]ATTACK: <font color='red'>Atarabashi Nihondzin as (Clark Harrow) (editorrus) attacked Desmond Lauffer (protoszerg) with chainsaw (INTENT: DISARM) (DAMTYE: BRUTE)</font>
[23:21:46]ATTACK: <font color='red'>Atarabashi Nihondzin as (Clark Harrow) (editorrus) attacked Desmond Lauffer (protoszerg) with chainsaw (INTENT: DISARM) (DAMTYE: BRUTE)</font>
[23:21:47]ATTACK: <font color='red'>Atarabashi Nihondzin as (Clark Harrow) (editorrus) attacked Desmond Lauffer (protoszerg) with chainsaw (INTENT: DISARM) (DAMTYE: BRUTE)</font>
[23:21:49]ATTACK: <font color='red'>Atarabashi Nihondzin as (Clark Harrow) (editorrus) attacked Unknown (protoszerg) with chainsaw (INTENT: DISARM) (DAMTYE: BRUTE)</font>
[23:21:50]ATTACK: <font color='red'>Atarabashi Nihondzin as (Clark Harrow) (editorrus) attacked Unknown (protoszerg) with chainsaw (INTENT: DISARM) (DAMTYE: BRUTE)</font>
[23:21:51]ATTACK: <font color='red'>Atarabashi Nihondzin as (Clark Harrow) (editorrus) attacked Unknown (protoszerg) with chainsaw (INTENT: DISARM) (DAMTYE: BRUTE)</font>
[23:21:52]ATTACK: <font color='red'>Atarabashi Nihondzin as (Clark Harrow) (editorrus) attacked Unknown (protoszerg) with chainsaw (INTENT: DISARM) (DAMTYE: BRUTE)</font>
[23:21:55]ATTACK: <font color='red'>Atarabashi Nihondzin as (Clark Harrow) (editorrus) attacked Unknown (protoszerg) with chainsaw (INTENT: DISARM) (DAMTYE: BRUTE)</font>
[23:21:56]ATTACK: <font color='red'>Atarabashi Nihondzin as (Clark Harrow) (editorrus) attacked Unknown (protoszerg) with chainsaw (INTENT: DISARM) (DAMTYE: BRUTE)</font>
[23:21:57]ATTACK: <font color='red'>Atarabashi Nihondzin as (Clark Harrow) (editorrus) attacked Unknown () with chainsaw (INTENT: DISARM) (DAMTYE: BRUTE)</font>
[23:22:43]ATTACK: <font color='red'>Atarabashi Nihondzin as (Clark Harrow) (editorrus) was hit by the scout thrown by (Moscowchief)</font>
[23:22:44]ATTACK: <font color='red'>Atarabashi Nihondzin as (Clark Harrow) (editorrus) attacked Larry Chapman (moscowchief) with chainsaw (INTENT: DISARM) (DAMTYE: BRUTE)</font>
[23:22:45]ATTACK: <font color='red'>Atarabashi Nihondzin as (Clark Harrow) (editorrus) attacked Larry Chapman (moscowchief) with chainsaw (INTENT: DISARM) (DAMTYE: BRUTE)</font>
[23:22:46]ATTACK: <font color='red'>Atarabashi Nihondzin as (Clark Harrow) (editorrus) attacked Larry Chapman (moscowchief) with chainsaw (INTENT: DISARM) (DAMTYE: BRUTE)</font>
[23:22:47]ATTACK: <font color='red'>Atarabashi Nihondzin as (Clark Harrow) (editorrus) attacked Unknown (moscowchief) with chainsaw (INTENT: DISARM) (DAMTYE: BRUTE)</font>
[23:22:48]ATTACK: <font color='red'>Atarabashi Nihondzin as (Clark Harrow) (editorrus) attacked Unknown (moscowchief) with chainsaw (INTENT: DISARM) (DAMTYE: BRUTE)</font>
[23:22:50]ATTACK: <font color='red'>Atarabashi Nihondzin as (Clark Harrow) (editorrus) attacked Unknown (moscowchief) with chainsaw (INTENT: DISARM) (DAMTYE: BRUTE)</font>
[23:22:51]ATTACK: <font color='red'>Atarabashi Nihondzin as (Clark Harrow) (editorrus) attacked Unknown (moscowchief) with chainsaw (INTENT: DISARM) (DAMTYE: BRUTE)</font>
[23:22:52]ATTACK: <font color='red'>Atarabashi Nihondzin as (Clark Harrow) (editorrus) attacked Unknown (moscowchief) with chainsaw (INTENT: DISARM) (DAMTYE: BRUTE)</font>
[23:23:46]ATTACK: <font color='red'>Cory Johnson (apopheosis) attacked Atarabashi Nihondzin as (Clark Harrow) (editorrus) with chainsaw (INTENT: HURT) (DAMTYE: BRUTE)</font>
[23:23:47]ATTACK: <font color='red'>Cory Johnson (apopheosis) attacked Atarabashi Nihondzin as (Clark Harrow) (editorrus) with chainsaw (INTENT: HURT) (DAMTYE: BRUTE)</font>
[23:23:48]ATTACK: <font color='red'>Cory Johnson (apopheosis) attacked Atarabashi Nihondzin as (Clark Harrow) (editorrus) with chainsaw (INTENT: HURT) (DAMTYE: BRUTE)</font>
[23:23:50]ATTACK: <font color='red'>Cory Johnson (apopheosis) attacked Atarabashi Nihondzin as (Clark Harrow) (editorrus) with chainsaw (INTENT: HURT) (DAMTYE: BRUTE)</font>
[23:23:52]ATTACK: <font color='red'>Cory Johnson (apopheosis) attacked Atarabashi Nihondzin as (Clark Harrow) (editorrus) with chainsaw (INTENT: HURT) (DAMTYE: BRUTE)</font>
[23:29:37]ATTACK: <font color='red'>Unknown (ghoststalin) shot Cory Johnson (apopheosis) with a the Bullet</font>
[23:30:02]ATTACK: <font color='red'>Unknown (ghoststalin) attacked Unknown as (Cory Johnson) (apopheosis) with chainsaw (INTENT: HELP) (DAMTYE: BRUTE)</font>
[23:30:03]ATTACK: <font color='red'>Unknown (ghoststalin) attacked Unknown as (Cory Johnson) (apopheosis) with chainsaw (INTENT: HELP) (DAMTYE: BRUTE)</font>
[23:30:04]ATTACK: <font color='red'>Unknown (ghoststalin) attacked Unknown as (Cory Johnson) (apopheosis) with chainsaw (INTENT: HELP) (DAMTYE: BRUTE)</font>
[23:30:05]ATTACK: <font color='red'>Unknown (ghoststalin) attacked Unknown as (Cory Johnson) (apopheosis) with chainsaw (INTENT: HELP) (DAMTYE: BRUTE)</font>
[23:30:06]ATTACK: <font color='red'>Unknown (ghoststalin) attacked Unknown as (Cory Johnson) (apopheosis) with chainsaw (INTENT: HELP) (DAMTYE: BRUTE)</font>
[23:30:07]ATTACK: <font color='red'>Unknown (ghoststalin) attacked Unknown as (Cory Johnson) (apopheosis) with chainsaw (INTENT: HELP) (DAMTYE: BRUTE)</font>
[23:30:39]ATTACK: <font color='red'>Ace Myles (silentium) attacked Petyx (corporaldead) with brick (INTENT: HELP) (DAMTYE: BRUTE)</font>
[23:30:41]ATTACK: <font color='red'>Ace Myles (silentium) attacked Petyx (corporaldead) with brick (INTENT: HELP) (DAMTYE: BRUTE)</font>
[23:30:42]ATTACK: <font color='red'>Ace Myles (silentium) attacked Petyx (corporaldead) with brick (INTENT: HELP) (DAMTYE: BRUTE)</font>
[23:30:43]ATTACK: <font color='red'>Ace Myles (silentium) attacked Petyx (corporaldead) with brick (INTENT: HELP) (DAMTYE: BRUTE)</font>
[23:30:45]ATTACK: <font color='red'>Ace Myles (silentium) attacked Petyx (corporaldead) with brick (INTENT: HELP) (DAMTYE: BRUTE)</font>
[23:30:46]ATTACK: <font color='red'>Ace Myles (silentium) attacked Petyx (corporaldead) with brick (INTENT: HELP) (DAMTYE: BRUTE)</font>
[23:30:47]ATTACK: <font color='red'>Ace Myles (silentium) attacked Petyx (corporaldead) with brick (INTENT: HELP) (DAMTYE: BRUTE)</font>
[23:30:48]ATTACK: <font color='red'>Ace Myles (silentium) attacked Petyx (corporaldead) with brick (INTENT: HELP) (DAMTYE: BRUTE)</font>
[23:30:49]ATTACK: <font color='red'>Ace Myles (silentium) attacked Unknown (corporaldead) with brick (INTENT: HELP) (DAMTYE: BRUTE)</font>
[23:30:50]ATTACK: <font color='red'>Ace Myles (silentium) attacked Unknown (corporaldead) with brick (INTENT: HELP) (DAMTYE: BRUTE)</font>
[23:30:52]ATTACK: <font color='red'>Ace Myles (silentium) attacked Unknown (corporaldead) with brick (INTENT: HELP) (DAMTYE: BRUTE)</font>
[23:30:53]ATTACK: <font color='red'>Ace Myles (silentium) attacked Unknown (corporaldead) with brick (INTENT: HELP) (DAMTYE: BRUTE)</font>
[23:36:37]ATTACK: <font color='red'>Rudollf Schutze (armun) attacked Anne Reade (rudik) with The Coin (INTENT: DISARM) (DAMTYE: BRUTE)</font>
[23:36:49]ATTACK: <font color='red'>Anne Reade (rudik) attacked Rudollf Schutze (armun) with nailed bat (INTENT: HURT) (DAMTYE: BRUTE)</font>
[23:36:52]ATTACK: <font color='red'>Anne Reade (rudik) attacked Rudollf Schutze (armun) with nailed bat (INTENT: HURT) (DAMTYE: BRUTE)</font>
[23:40:15]ATTACK: <font color='red'>Melvyn Turner (corporaldead) fed Anne Reade (rudik) with Tropical Fruits (INTENT: HELP)</font>
[23:40:16]ATTACK: <font color='red'>Melvyn Turner (corporaldead) fed Anne Reade (rudik) with Tropical Fruits (INTENT: HELP)</font>
[23:40:17]ATTACK: <font color='red'>Melvyn Turner (corporaldead) fed Anne Reade (rudik) with Tropical Fruits (INTENT: HELP)</font>
[23:40:18]ATTACK: <font color='red'>Melvyn Turner (corporaldead) fed Anne Reade (rudik) with Tropical Fruits (INTENT: HELP)</font>
[23:41:09]ATTACK: <font color='red'>Melvyn Turner (corporaldead) fed Saul Woodward (ghoststalin) with Candle`s Soup (INTENT: HELP)</font>
[23:41:10]ATTACK: <font color='red'>Melvyn Turner (corporaldead) fed Saul Woodward (ghoststalin) with Candle`s Soup (INTENT: HELP)</font>
[23:41:11]ATTACK: <font color='red'>Melvyn Turner (corporaldead) fed Saul Woodward (ghoststalin) with Candle`s Soup (INTENT: HELP)</font>
[23:41:12]ATTACK: <font color='red'>Melvyn Turner (corporaldead) fed Saul Woodward (ghoststalin) with Candle`s Soup (INTENT: HELP)</font>
[23:41:14]ATTACK: <font color='red'>Melvyn Turner (corporaldead) fed Saul Woodward (ghoststalin) with Candle`s Soup (INTENT: HELP)</font>
[23:41:56]ATTACK: <font color='red'>Melvyn Turner (corporaldead) attacked Sofia Haynes (alexix1989) with nailed bat (INTENT: HELP) (DAMTYE: BRUTE)</font>
[23:42:13]ATTACK: <font color='red'>Melvyn Turner (corporaldead) attacked Zayden Woolery (protoszerg) with chainsaw (INTENT: HELP) (DAMTYE: BRUTE)</font>
[23:42:13]ATTACK: <font color='red'>Sofia Haynes (alexix1989) attacked Melvyn Turner (corporaldead) with makeshift spear (INTENT: HURT) (DAMTYE: BRUTE)</font>
[23:42:17]ATTACK: <font color='red'>Melvyn Turner (corporaldead) attacked Zayden Woolery (protoszerg) with chainsaw (INTENT: HELP) (DAMTYE: BRUTE)</font>
[23:42:18]ATTACK: <font color='red'>Melvyn Turner (corporaldead) attacked Zayden Woolery (protoszerg) with chainsaw (INTENT: HELP) (DAMTYE: BRUTE)</font>
[23:42:21]ATTACK: <font color='red'>Sofia Haynes (alexix1989) attacked Melvyn Turner (corporaldead) with makeshift spear (INTENT: HURT) (DAMTYE: BRUTE)</font>
[23:42:25]ATTACK: <font color='red'>Sofia Haynes (alexix1989) attacked Melvyn Turner (corporaldead) with makeshift spear (INTENT: HURT) (DAMTYE: BRUTE)</font>
[23:42:31]ATTACK: <font color='red'>Sofia Haynes (alexix1989) attacked Unknown (corporaldead) with chainsaw (INTENT: HURT) (DAMTYE: BRUTE)</font>
[23:42:32]ATTACK: <font color='red'>Sofia Haynes (alexix1989) attacked Unknown (corporaldead) with chainsaw (INTENT: HURT) (DAMTYE: BRUTE)</font>
[23:42:33]ATTACK: <font color='red'>Sofia Haynes (alexix1989) attacked Unknown (corporaldead) with chainsaw (INTENT: HURT) (DAMTYE: BRUTE)</font>
[23:42:34]ATTACK: <font color='red'>Sofia Haynes (alexix1989) attacked Unknown (corporaldead) with chainsaw (INTENT: HURT) (DAMTYE: BRUTE)</font>
[23:42:35]ATTACK: <font color='red'>Sofia Haynes (alexix1989) attacked Unknown (corporaldead) with chainsaw (INTENT: HURT) (DAMTYE: BRUTE)</font>
[23:42:43]ATTACK: <font color='red'>Sofia Haynes (alexix1989) attacked Saul Woodward (ghoststalin) with chainsaw (INTENT: HURT) (DAMTYE: BRUTE)</font>
[23:42:45]ATTACK: <font color='red'>Sofia Haynes (alexix1989) attacked Saul Woodward () with chainsaw (INTENT: HURT) (DAMTYE: BRUTE)</font>
[23:42:46]ATTACK: <font color='red'>Sofia Haynes (alexix1989) attacked Saul Woodward () with chainsaw (INTENT: HURT) (DAMTYE: BRUTE)</font>
[23:46:25]ATTACK: <font color='red'>Sofia Haynes (alexix1989) attacked Anne Reade (rudik) with chainsaw (INTENT: DISARM) (DAMTYE: BRUTE)</font>
[23:46:26]ATTACK: <font color='red'>Sofia Haynes (alexix1989) attacked Anne Reade (rudik) with chainsaw (INTENT: DISARM) (DAMTYE: BRUTE)</font>
[23:46:27]ATTACK: <font color='red'>Sofia Haynes (alexix1989) attacked Anne Reade (rudik) with chainsaw (INTENT: DISARM) (DAMTYE: BRUTE)</font>
[23:46:28]ATTACK: <font color='red'>Sofia Haynes (alexix1989) attacked Unknown (rudik) with chainsaw (INTENT: DISARM) (DAMTYE: BRUTE)</font>
[23:47:28]ATTACK: <font color='red'>Tucker Hice (apopheosis) attacked Unknown () with large pipe (INTENT: HURT) (DAMTYE: BRUTE)</font>
[23:47:29]ATTACK: <font color='red'>Tucker Hice (apopheosis) attacked Unknown () with large pipe (INTENT: HURT) (DAMTYE: BRUTE)</font>
[23:47:30]ATTACK: <font color='red'>Tucker Hice (apopheosis) attacked Unknown () with large pipe (INTENT: HURT) (DAMTYE: BRUTE)</font>
[23:47:31]ATTACK: <font color='red'>Tucker Hice (apopheosis) attacked Unknown () with large pipe (INTENT: HURT) (DAMTYE: BRUTE)</font>
[23:47:32]ATTACK: <font color='red'>Tucker Hice (apopheosis) attacked Unknown () with large pipe (INTENT: HURT) (DAMTYE: BRUTE)</font>
[23:47:34]ATTACK: <font color='red'>Tucker Hice (apopheosis) attacked Unknown () with large pipe (INTENT: HURT) (DAMTYE: BRUTE)</font>
[23:47:35]ATTACK: <font color='red'>Tucker Hice (apopheosis) attacked Unknown () with large pipe (INTENT: HURT) (DAMTYE: BRUTE)</font>
[23:47:36]ATTACK: <font color='red'>Tucker Hice (apopheosis) attacked Unknown () with large pipe (INTENT: HURT) (DAMTYE: BRUTE)</font>
[23:49:29]ATTACK: <font color='red'>Tucker Hice (apopheosis) shot Joe Hooker (dylanthenewgen) with a the Bullet</font>
[23:49:31]ATTACK: <font color='red'>Tucker Hice (apopheosis) shot Joe Hooker (dylanthenewgen) with a the Bullet</font>
[23:50:42]ATTACK: <font color='red'>Tucker Hice (apopheosis) shot Unknown (dylanthenewgen) with a the Bullet</font>
[23:50:56]ATTACK: <font color='red'>Tucker Hice (apopheosis) punched Unknown (dylanthenewgen)</font>
[23:50:57]ATTACK: <font color='red'>Tucker Hice (apopheosis) punched Unknown (dylanthenewgen)</font>
[23:50:58]ATTACK: <font color='red'>Tucker Hice (apopheosis) punched Unknown (dylanthenewgen)</font>
[23:50:59]ATTACK: <font color='red'>Tucker Hice (apopheosis) punched Unknown (dylanthenewgen)</font>
[23:51:01]ATTACK: <font color='red'>Tucker Hice (apopheosis) punched Unknown (dylanthenewgen)</font>
[23:51:02]ATTACK: <font color='red'>Tucker Hice (apopheosis) punched Unknown (dylanthenewgen)</font>
[23:51:03]ATTACK: <font color='red'>Tucker Hice (apopheosis) punched Unknown (dylanthenewgen)</font>
[23:51:04]ATTACK: <font color='red'>Tucker Hice (apopheosis) punched Unknown (dylanthenewgen)</font>
[00:00:25]ATTACK: <font color='red'>Arlim Westland as (Clark Harrow) (arlim) primed a frag grenade.</font>
[00:01:33]ATTACK: <font color='red'>Arlim Westland as (Clark Harrow) (arlim) primed a frag grenade.</font>
