

Starting up. 14:56.21
---------------------



Starting up. 15:05.37
---------------------

[15:20:14]ATTACK: <font color='red'>Emmanuel Zalack (ghoststalin) attacked Emmanuel Zalack (ghoststalin) with hatchet (INTENT: HELP) (DAMTYE: BRUTE)</font>
[15:20:15]ATTACK: <font color='red'>Emmanuel Zalack (ghoststalin) attacked Emmanuel Zalack (ghoststalin) with hatchet (INTENT: HELP) (DAMTYE: BRUTE)</font>
[15:20:16]ATTACK: <font color='red'>Emmanuel Zalack (ghoststalin) attacked Emmanuel Zalack (ghoststalin) with hatchet (INTENT: HELP) (DAMTYE: BRUTE)</font>
[15:21:00]ATTACK: <font color='red'>Unknown (ghoststalin) attacked Unknown (ghoststalin) with hatchet (INTENT: HELP) (DAMTYE: BRUTE)</font>
[15:21:01]ATTACK: <font color='red'>Unknown (ghoststalin) attacked Unknown (ghoststalin) with hatchet (INTENT: HELP) (DAMTYE: BRUTE)</font>
[15:21:03]ATTACK: <font color='red'>Unknown (ghoststalin) attacked Unknown (ghoststalin) with hatchet (INTENT: HELP) (DAMTYE: BRUTE)</font>
[15:21:33]ATTACK: <font color='red'>Ebun Skinner (difilex) attacked Unknown (ghoststalin) with bat (INTENT: HURT) (DAMTYE: BRUTE)</font>
[15:21:35]ATTACK: <font color='red'>Unknown (ghoststalin) punched Ebun Skinner (difilex)</font>
[15:21:37]ATTACK: <font color='red'>Ebun Skinner (difilex) attacked Unknown (ghoststalin) with bat (INTENT: HURT) (DAMTYE: BRUTE)</font>
[15:23:04]ATTACK: <font color='red'>Paxton Jackson (apopheosis) attacked Unknown (mishapepyaka) with stone (INTENT: HELP) (DAMTYE: BRUTE)</font>
[15:23:10]ATTACK: <font color='red'>Unknown (mishapepyaka) attacked Paxton Jackson (apopheosis) with bat (INTENT: HELP) (DAMTYE: BRUTE)</font>
[15:23:12]ATTACK: <font color='red'>Unknown (mishapepyaka) attacked Paxton Jackson (apopheosis) with bat (INTENT: HELP) (DAMTYE: BRUTE)</font>
[15:23:12]ATTACK: <font color='red'>Paxton Jackson (apopheosis) attacked Unknown (mishapepyaka) with stone (INTENT: HELP) (DAMTYE: BRUTE)</font>
[15:23:14]ATTACK: <font color='red'>Unknown (mishapepyaka) attacked Paxton Jackson (apopheosis) with bat (INTENT: HELP) (DAMTYE: BRUTE)</font>
[15:23:15]ATTACK: <font color='red'>Unknown (mishapepyaka) attacked Paxton Jackson (apopheosis) with bat (INTENT: HELP) (DAMTYE: BRUTE)</font>
[15:23:16]ATTACK: <font color='red'>Unknown (mishapepyaka) attacked Paxton Jackson (apopheosis) with bat (INTENT: HELP) (DAMTYE: BRUTE)</font>
[15:23:17]ATTACK: <font color='red'>Unknown (mishapepyaka) attacked Paxton Jackson (apopheosis) with bat (INTENT: HELP) (DAMTYE: BRUTE)</font>
[15:23:19]ATTACK: <font color='red'>Unknown (mishapepyaka) attacked Paxton Jackson (apopheosis) with bat (INTENT: HELP) (DAMTYE: BRUTE)</font>
[15:23:28]ATTACK: <font color='red'>Jayce Adams (andreybelow) implanted Jayce Adams (andreybelow) with Nanoaugmentation Implaner (Short-range Psionic Radar) (INTENT: HELP)</font>
[15:23:35]ATTACK: <font color='red'>Unknown (ghoststalin) punched Unknown (ghoststalin)</font>
[15:23:40]ATTACK: <font color='red'>Jayce Adams (andreybelow) implanted Jayce Adams (andreybelow) with Nanoaugmentation Implaner (Regenerative Nanobots) (INTENT: HELP)</font>
[15:24:43]ATTACK: <font color='red'>Unknown (ghoststalin) attacked Sorrel Rogers (roguerogue) with large pipe (INTENT: HURT) (DAMTYE: BRUTE)</font>
[15:24:44]ATTACK: <font color='red'>Unknown (ghoststalin) attacked Sorrel Rogers (roguerogue) with large pipe (INTENT: HURT) (DAMTYE: BRUTE)</font>
[15:24:45]ATTACK: <font color='red'>Unknown (ghoststalin) attacked Sorrel Rogers (roguerogue) with large pipe (INTENT: HURT) (DAMTYE: BRUTE)</font>
[15:24:47]ATTACK: <font color='red'>Unknown (ghoststalin) attacked Sorrel Rogers (roguerogue) with large pipe (INTENT: HURT) (DAMTYE: BRUTE)</font>
[15:24:48]ATTACK: <font color='red'>Unknown (ghoststalin) attacked Sorrel Rogers (roguerogue) with large pipe (INTENT: HURT) (DAMTYE: BRUTE)</font>
[15:24:49]ATTACK: <font color='red'>Unknown (ghoststalin) attacked Sorrel Rogers (roguerogue) with large pipe (INTENT: HURT) (DAMTYE: BRUTE)</font>
[15:24:50]ATTACK: <font color='red'>Unknown (ghoststalin) attacked Unknown (roguerogue) with large pipe (INTENT: HURT) (DAMTYE: BRUTE)</font>
[15:24:51]ATTACK: <font color='red'>Unknown (ghoststalin) attacked Unknown (roguerogue) with large pipe (INTENT: HURT) (DAMTYE: BRUTE)</font>
[15:24:53]ATTACK: <font color='red'>Unknown (ghoststalin) attacked Unknown (roguerogue) with large pipe (INTENT: HURT) (DAMTYE: BRUTE)</font>
[15:24:54]ATTACK: <font color='red'>Unknown (ghoststalin) attacked Unknown (roguerogue) with large pipe (INTENT: HURT) (DAMTYE: BRUTE)</font>
[15:24:55]ATTACK: <font color='red'>Jayce Adams (andreybelow) disarmed Unknown (ghoststalin)</font>
[15:24:55]ATTACK: <font color='red'>Unknown (ghoststalin) attacked Unknown (roguerogue) with large pipe (INTENT: HURT) (DAMTYE: BRUTE)</font>
[15:24:56]ATTACK: <font color='red'>Jayce Adams (andreybelow) disarmed Unknown (ghoststalin)</font>
[15:24:59]ATTACK: <font color='red'>Jayce Adams (andreybelow) attacked Unknown (ghoststalin) with brick (INTENT: DISARM) (DAMTYE: BRUTE)</font>
[15:25:00]ATTACK: <font color='red'>Jayce Adams (andreybelow) attacked Unknown (ghoststalin) with brick (INTENT: DISARM) (DAMTYE: BRUTE)</font>
[15:25:01]ATTACK: <font color='red'>Jayce Adams (andreybelow) attacked Unknown (ghoststalin) with brick (INTENT: DISARM) (DAMTYE: BRUTE)</font>
[15:25:08]ATTACK: <font color='red'>Unknown (ghoststalin) was hit by the brick thrown by (Andrey_Below)</font>
[15:25:09]ATTACK: <font color='red'>Unknown (ghoststalin) attacked Jayce Adams (andreybelow) with brick (INTENT: HURT) (DAMTYE: BRUTE)</font>
[15:25:13]ATTACK: <font color='red'>Jayce Adams (andreybelow) attacked Unknown (ghoststalin) with scalpel (INTENT: DISARM) (DAMTYE: BRUTE)</font>
[15:25:13]ATTACK: <font color='red'>Unknown (ghoststalin) attacked Jayce Adams (andreybelow) with brick (INTENT: HURT) (DAMTYE: BRUTE)</font>
[15:25:14]ATTACK: <font color='red'>Jayce Adams (andreybelow) attacked Unknown (ghoststalin) with scalpel (INTENT: DISARM) (DAMTYE: BRUTE)</font>
[15:25:17]ATTACK: <font color='red'>Jayce Adams (andreybelow) attacked Unknown (ghoststalin) with scalpel (INTENT: DISARM) (DAMTYE: BRUTE)</font>
[15:25:18]ATTACK: <font color='red'>Unknown (ghoststalin) attacked Jayce Adams (andreybelow) with brick (INTENT: HURT) (DAMTYE: BRUTE)</font>
[15:25:20]ATTACK: <font color='red'>Jayce Adams (andreybelow) attacked Unknown (ghoststalin) with scalpel (INTENT: DISARM) (DAMTYE: BRUTE)</font>
[15:25:22]ATTACK: <font color='red'>Jayce Adams (andreybelow) attacked Unknown (ghoststalin) with scalpel (INTENT: DISARM) (DAMTYE: BRUTE)</font>
[15:25:23]ATTACK: <font color='red'>Jayce Adams (andreybelow) attacked Unknown (ghoststalin) with scalpel (INTENT: DISARM) (DAMTYE: BRUTE)</font>
[15:25:25]ATTACK: <font color='red'>Jayce Adams (andreybelow) attacked Unknown (ghoststalin) with scalpel (INTENT: DISARM) (DAMTYE: BRUTE)</font>
[15:25:27]ATTACK: <font color='red'>Jayce Adams (andreybelow) attacked Unknown (ghoststalin) with scalpel (INTENT: DISARM) (DAMTYE: BRUTE)</font>
[15:25:28]ATTACK: <font color='red'>Jayce Adams (andreybelow) attacked Unknown (ghoststalin) with scalpel (INTENT: DISARM) (DAMTYE: BRUTE)</font>
[15:25:36]ATTACK: <font color='red'>Unknown (ghoststalin) was hit by the large pipe thrown by (Andrey_Below)</font>
[15:25:47]ATTACK: <font color='red'>Jayce Adams (andreybelow) attacked Unknown (ghoststalin) with scalpel (INTENT: DISARM) (DAMTYE: BRUTE)</font>
[15:29:02]ATTACK: <font color='red'>Unknown (mishapepyaka) was hit by the chain thrown by (ghoststalin)</font>
[15:29:17]ATTACK: <font color='red'>Unknown (mishapepyaka) attacked Patrick Power (ghoststalin) with bat (INTENT: HELP) (DAMTYE: BRUTE)</font>
[15:29:21]ATTACK: <font color='red'>Unknown (mishapepyaka) was hit by the shard thrown by (ghoststalin)</font>
[15:29:29]ATTACK: <font color='red'>Patrick Power (ghoststalin) attacked Unknown (mishapepyaka) with chain (INTENT: HELP) (DAMTYE: BRUTE)</font>
[15:29:32]ATTACK: <font color='red'>Patrick Power (ghoststalin) attacked Unknown (mishapepyaka) with chain (INTENT: HELP) (DAMTYE: BRUTE)</font>
[15:29:33]ATTACK: <font color='red'>Patrick Power (ghoststalin) attacked Unknown (mishapepyaka) with chain (INTENT: HELP) (DAMTYE: BRUTE)</font>
[15:29:34]ATTACK: <font color='red'>Unknown (mishapepyaka) attacked Patrick Power (ghoststalin) with bat (INTENT: HELP) (DAMTYE: BRUTE)</font>
[15:29:36]ATTACK: <font color='red'>Patrick Power (ghoststalin) attacked Unknown (mishapepyaka) with chain (INTENT: HELP) (DAMTYE: BRUTE)</font>
[15:29:37]ATTACK: <font color='red'>Patrick Power (ghoststalin) attacked Unknown (mishapepyaka) with chain (INTENT: HELP) (DAMTYE: BRUTE)</font>
[15:29:39]ATTACK: <font color='red'>Patrick Power (ghoststalin) attacked Unknown (mishapepyaka) with chain (INTENT: HELP) (DAMTYE: BRUTE)</font>
[15:29:40]ATTACK: <font color='red'>Patrick Power (ghoststalin) attacked Unknown (mishapepyaka) with chain (INTENT: HELP) (DAMTYE: BRUTE)</font>
[15:29:41]ATTACK: <font color='red'>Patrick Power (ghoststalin) attacked Unknown (mishapepyaka) with chain (INTENT: HELP) (DAMTYE: BRUTE)</font>
[15:29:42]ATTACK: <font color='red'>Patrick Power (ghoststalin) attacked Unknown (mishapepyaka) with chain (INTENT: HELP) (DAMTYE: BRUTE)</font>
[15:29:43]ATTACK: <font color='red'>Patrick Power (ghoststalin) attacked Unknown (mishapepyaka) with chain (INTENT: HELP) (DAMTYE: BRUTE)</font>
[15:29:47]ATTACK: <font color='red'>Patrick Power (ghoststalin) attacked Unknown (mishapepyaka) with bat (INTENT: HELP) (DAMTYE: BRUTE)</font>
[15:29:48]ATTACK: <font color='red'>Patrick Power (ghoststalin) attacked Unknown (mishapepyaka) with bat (INTENT: HELP) (DAMTYE: BRUTE)</font>
[15:30:52]ATTACK: <font color='red'>Osborne Lafortune (apopheosis) attacked Patrick Power (ghoststalin) with brick (INTENT: HELP) (DAMTYE: BRUTE)</font>
[15:30:56]ATTACK: <font color='red'>Unknown (difilex) punched Dominic Rowley ()</font>
[15:31:01]ATTACK: <font color='red'>Osborne Lafortune (apopheosis) attacked Patrick Power (ghoststalin) with brick (INTENT: HURT) (DAMTYE: BRUTE)</font>
[15:32:10]ATTACK: <font color='red'>Patrick Power (ghoststalin) attacked Unknown (difilex) with nailed bat (INTENT: HELP) (DAMTYE: BRUTE)</font>
[15:32:11]ATTACK: <font color='red'>Unknown (difilex) shot Patrick Power (ghoststalin) with a the Bullet</font>
[15:32:31]ATTACK: <font color='red'>Unknown (ghoststalin) attacked Unknown (difilex) with bullet casing (INTENT: DISARM) (DAMTYE: BRUTE)</font>
[15:32:32]ATTACK: <font color='red'>Unknown (ghoststalin) attacked Unknown (difilex) with bullet casing (INTENT: DISARM) (DAMTYE: BRUTE)</font>
[15:32:39]ATTACK: <font color='red'>Unknown (difilex) attacked Unknown (ghoststalin) with hammer (INTENT: HURT) (DAMTYE: BRUTE)</font>
[15:32:46]ATTACK: <font color='red'>Atarabashi Nihondzin (editorrus) attacked Unknown (difilex) with fire extinguisher (INTENT: DISARM) (DAMTYE: BRUTE)</font>
[15:32:48]ATTACK: <font color='red'>Unknown (ghoststalin) disarmed Unknown (difilex)</font>
[15:32:54]ATTACK: <font color='red'>Unknown (difilex) attacked Atarabashi Nihondzin (editorrus) with hammer (INTENT: HURT) (DAMTYE: BRUTE)</font>
[15:32:56]ATTACK: <font color='red'>Unknown (ghoststalin) disarmed Unknown (difilex)</font>
[15:32:56]ATTACK: <font color='red'>Unknown (difilex) punched Atarabashi Nihondzin (editorrus)</font>
[15:32:58]ATTACK: <font color='red'>Unknown (difilex) punched Atarabashi Nihondzin (editorrus)</font>
[15:32:59]ATTACK: <font color='red'>Unknown (difilex) punched Unknown (ghoststalin)</font>
[15:33:00]ATTACK: <font color='red'>Unknown (difilex) punched Unknown (ghoststalin)</font>
[15:33:01]ATTACK: <font color='red'>Unknown (difilex) punched Unknown (ghoststalin)</font>
[15:33:02]ATTACK: <font color='red'>Atarabashi Nihondzin (editorrus) disarmed Unknown (difilex)</font>
[15:33:02]ATTACK: <font color='red'>Unknown (ghoststalin) attacked Unknown (difilex) with fire extinguisher (INTENT: DISARM) (DAMTYE: BRUTE)</font>
[15:33:08]ATTACK: <font color='red'>Nataly Lineman (alexix1989) was hit by the fire extinguisher thrown by (ghoststalin)</font>
[15:33:15]ATTACK: <font color='red'>Atarabashi Nihondzin (editorrus) attacked Nataly Lineman (alexix1989) with hammer (INTENT: GRAB) (DAMTYE: BRUTE)</font>
[15:33:17]ATTACK: <font color='red'>Atarabashi Nihondzin (editorrus) attacked Nataly Lineman (alexix1989) with hammer (INTENT: GRAB) (DAMTYE: BRUTE)</font>
[15:33:19]ATTACK: <font color='red'>Atarabashi Nihondzin (editorrus) attacked Nataly Lineman (alexix1989) with hammer (INTENT: GRAB) (DAMTYE: BRUTE)</font>
[15:33:21]ATTACK: <font color='red'>Atarabashi Nihondzin (editorrus) attacked Unknown (difilex) with hammer (INTENT: GRAB) (DAMTYE: BRUTE)</font>
[15:33:22]ATTACK: <font color='red'>Unknown (ghoststalin) attacked Unknown (difilex) with nailed bat (INTENT: DISARM) (DAMTYE: BRUTE)</font>
[15:33:22]ATTACK: <font color='red'>Atarabashi Nihondzin (editorrus) attacked Dominic Rowley () with hammer (INTENT: GRAB) (DAMTYE: BRUTE)</font>
[15:33:23]ATTACK: <font color='red'>Unknown (difilex) attacked Atarabashi Nihondzin (editorrus) with metal rods (INTENT: HURT) (DAMTYE: BRUTE)</font>
[15:33:23]ATTACK: <font color='red'>Unknown (ghoststalin) attacked Unknown (difilex) with nailed bat (INTENT: DISARM) (DAMTYE: BRUTE)</font>
[15:33:24]ATTACK: <font color='red'>Unknown (difilex) attacked Atarabashi Nihondzin (editorrus) with metal rods (INTENT: HURT) (DAMTYE: BRUTE)</font>
[15:33:27]ATTACK: <font color='red'>Unknown (difilex) attacked Atarabashi Nihondzin (editorrus) with tool-belt (INTENT: HURT) (DAMTYE: BRUTE)</font>
[15:33:27]ATTACK: <font color='red'>Atarabashi Nihondzin (editorrus) attacked Unknown (difilex) with hammer (INTENT: GRAB) (DAMTYE: BRUTE)</font>
[15:33:30]ATTACK: <font color='red'>Unknown (difilex) punched Atarabashi Nihondzin (editorrus)</font>
[15:33:33]ATTACK: <font color='red'>Unknown (difilex) punched Atarabashi Nihondzin (editorrus)</font>
[15:33:43]ATTACK: <font color='red'>Atarabashi Nihondzin (editorrus) disarmed Unknown (difilex)</font>
[15:33:48]ATTACK: <font color='red'>Atarabashi Nihondzin (editorrus) attacked Unknown (difilex) with metal rods (INTENT: DISARM) (DAMTYE: BRUTE)</font>
[15:33:50]ATTACK: <font color='red'>Osborne Lafortune (apopheosis) attacked Jayce Adams (andreybelow) with brick (INTENT: HURT) (DAMTYE: BRUTE)</font>
[15:33:51]ATTACK: <font color='red'>Atarabashi Nihondzin (editorrus) attacked Unknown (difilex) with hammer (INTENT: DISARM) (DAMTYE: BRUTE)</font>
[15:33:51]ATTACK: <font color='red'>Jayce Adams (andreybelow) attacked Osborne Lafortune (apopheosis) with camera bug (INTENT: GRAB) (DAMTYE: BRUTE)</font>
[15:33:55]ATTACK: <font color='red'>Osborne Lafortune (apopheosis) attacked Jayce Adams (andreybelow) with brick (INTENT: HURT) (DAMTYE: BRUTE)</font>
[15:33:55]ATTACK: <font color='red'>Atarabashi Nihondzin (editorrus) attacked Unknown (difilex) with hammer (INTENT: DISARM) (DAMTYE: BRUTE)</font>
[15:33:55]ATTACK: <font color='red'>Jayce Adams (andreybelow) attacked Osborne Lafortune (apopheosis) with camera bug (INTENT: GRAB) (DAMTYE: BRUTE)</font>
[15:33:56]ATTACK: <font color='red'>Atarabashi Nihondzin (editorrus) attacked Unknown (difilex) with hammer (INTENT: DISARM) (DAMTYE: BRUTE)</font>
[15:33:58]ATTACK: <font color='red'>Atarabashi Nihondzin (editorrus) attacked Unknown (alexix1989) with hammer (INTENT: DISARM) (DAMTYE: BRUTE)</font>
[15:33:59]ATTACK: <font color='red'>Osborne Lafortune (apopheosis) attacked Jayce Adams (andreybelow) with brick (INTENT: HURT) (DAMTYE: BRUTE)</font>
[15:34:00]ATTACK: <font color='red'>Jayce Adams (andreybelow) attacked Osborne Lafortune (apopheosis) with camera bug (INTENT: GRAB) (DAMTYE: BRUTE)</font>
[15:34:03]ATTACK: <font color='red'>Unknown (difilex) punched Atarabashi Nihondzin (editorrus)</font>
[15:34:03]ATTACK: <font color='red'>Atarabashi Nihondzin (editorrus) attacked Unknown (difilex) with hammer (INTENT: DISARM) (DAMTYE: BRUTE)</font>
[15:34:05]ATTACK: <font color='red'>Atarabashi Nihondzin (editorrus) attacked Unknown (difilex) with hammer (INTENT: DISARM) (DAMTYE: BRUTE)</font>
[15:34:10]ATTACK: <font color='red'>Unknown (difilex) punched Atarabashi Nihondzin (editorrus)</font>
[15:34:11]ATTACK: <font color='red'>Jayce Adams (andreybelow) attacked Osborne Lafortune (apopheosis) with scalpel (INTENT: GRAB) (DAMTYE: BRUTE)</font>
[15:34:14]ATTACK: <font color='red'>Atarabashi Nihondzin (editorrus) attacked Unknown (difilex) with hammer (INTENT: DISARM) (DAMTYE: BRUTE)</font>
[15:34:16]ATTACK: <font color='red'>Jayce Adams (andreybelow) attacked Osborne Lafortune (apopheosis) with scalpel (INTENT: GRAB) (DAMTYE: BRUTE)</font>
[15:34:22]ATTACK: <font color='red'>Osborne Lafortune (apopheosis) attacked Jayce Adams (andreybelow) with brick (INTENT: HURT) (DAMTYE: BRUTE)</font>
[15:34:22]ATTACK: <font color='red'>Atarabashi Nihondzin (editorrus) attacked Unknown (difilex) with hammer (INTENT: DISARM) (DAMTYE: BRUTE)</font>
[15:34:23]ATTACK: <font color='red'>Osborne Lafortune (apopheosis) attacked Jayce Adams (andreybelow) with brick (INTENT: HURT) (DAMTYE: BRUTE)</font>
[15:34:23]ATTACK: <font color='red'>Atarabashi Nihondzin (editorrus) attacked Unknown (difilex) with hammer (INTENT: DISARM) (DAMTYE: BRUTE)</font>
[15:34:23]ATTACK: <font color='red'>Unknown (difilex) punched Atarabashi Nihondzin (editorrus)</font>
[15:34:25]ATTACK: <font color='red'>Unknown (difilex) punched Atarabashi Nihondzin (editorrus)</font>
[15:34:25]ATTACK: <font color='red'>Atarabashi Nihondzin (editorrus) attacked Unknown (difilex) with hammer (INTENT: DISARM) (DAMTYE: BRUTE)</font>
[15:34:26]ATTACK: <font color='red'>Atarabashi Nihondzin (editorrus) attacked Unknown (difilex) with hammer (INTENT: DISARM) (DAMTYE: BRUTE)</font>
[15:34:28]ATTACK: <font color='red'>Osborne Lafortune (apopheosis) attacked Jayce Adams (andreybelow) with brick (INTENT: HURT) (DAMTYE: BRUTE)</font>
[15:34:28]ATTACK: <font color='red'>Jayce Adams (andreybelow) attacked Osborne Lafortune (apopheosis) with scalpel (INTENT: GRAB) (DAMTYE: BRUTE)</font>
[15:34:31]ATTACK: <font color='red'>Unknown (difilex) attacked Atarabashi Nihondzin (editorrus) with metal rods (INTENT: HURT) (DAMTYE: BRUTE)</font>
[15:34:32]ATTACK: <font color='red'>Unknown as (Jayce Adams) (andreybelow) attacked Osborne Lafortune (apopheosis) with scalpel (INTENT: GRAB) (DAMTYE: BRUTE)</font>
[15:34:33]ATTACK: <font color='red'>Unknown as (Jayce Adams) (andreybelow) attacked Osborne Lafortune (apopheosis) with scalpel (INTENT: GRAB) (DAMTYE: BRUTE)</font>
[15:34:33]ATTACK: <font color='red'>Atarabashi Nihondzin (editorrus) attacked Unknown (difilex) with hammer (INTENT: DISARM) (DAMTYE: BRUTE)</font>
[15:34:34]ATTACK: <font color='red'>Unknown as (Jayce Adams) (andreybelow) attacked Osborne Lafortune (apopheosis) with scalpel (INTENT: GRAB) (DAMTYE: BRUTE)</font>
[15:34:35]ATTACK: <font color='red'>Unknown as (Jayce Adams) (andreybelow) attacked Unknown (apopheosis) with scalpel (INTENT: GRAB) (DAMTYE: BRUTE)</font>
[15:34:36]ATTACK: <font color='red'>Unknown as (Jayce Adams) (andreybelow) attacked Unknown (apopheosis) with scalpel (INTENT: GRAB) (DAMTYE: BRUTE)</font>
[15:34:37]ATTACK: <font color='red'>Unknown (ghoststalin) shot Unknown (difilex) with a the lead</font>
[15:34:40]ATTACK: <font color='red'>Unknown (ghoststalin) shot Unknown (difilex) with a the lead</font>
[15:34:43]ATTACK: <font color='red'>Atarabashi Nihondzin (editorrus) attacked Unknown (difilex) with hammer (INTENT: DISARM) (DAMTYE: BRUTE)</font>
[15:34:44]ATTACK: <font color='red'>Atarabashi Nihondzin (editorrus) attacked Unknown (difilex) with hammer (INTENT: DISARM) (DAMTYE: BRUTE)</font>
[15:34:44]ATTACK: <font color='red'>Unknown (difilex) punched Unknown (ghoststalin)</font>
[15:34:46]ATTACK: <font color='red'>Unknown (ghoststalin) shot Unknown (difilex) with a the lead</font>
[15:34:48]ATTACK: <font color='red'>Unknown (ghoststalin) shot Unknown (difilex) with a the lead</font>
[15:34:49]ATTACK: <font color='red'>Unknown (ghoststalin) shot Unknown (difilex) with a the lead</font>
[15:34:49]ATTACK: <font color='red'>Atarabashi Nihondzin (editorrus) attacked Unknown (difilex) with hammer (INTENT: DISARM) (DAMTYE: BRUTE)</font>
[15:34:51]ATTACK: <font color='red'>Atarabashi Nihondzin (editorrus) attacked Unknown (difilex) with hammer (INTENT: DISARM) (DAMTYE: BRUTE)</font>
[15:34:51]ATTACK: <font color='red'>Unknown (ghoststalin) attacked Unknown (difilex) with Trencher MK2 (INTENT: DISARM) (DAMTYE: BRUTE)</font>
[15:34:51]ATTACK: <font color='red'>Unknown (difilex) punched Atarabashi Nihondzin (editorrus)</font>
[15:34:52]ATTACK: <font color='red'>Atarabashi Nihondzin (editorrus) attacked Unknown (difilex) with hammer (INTENT: DISARM) (DAMTYE: BRUTE)</font>
[15:34:55]ATTACK: <font color='red'>Unknown (ghoststalin) attacked Unknown (difilex) with Trencher MK2 (INTENT: HURT) (DAMTYE: BRUTE)</font>
[15:34:56]ATTACK: <font color='red'>Unknown (ghoststalin) attacked Unknown (difilex) with Trencher MK2 (INTENT: HURT) (DAMTYE: BRUTE)</font>
[15:35:00]ATTACK: <font color='red'>Unknown (ghoststalin) punched Unknown (difilex)</font>
[15:35:02]ATTACK: <font color='red'>Unknown (ghoststalin) attacked Dominic Rowley () with nailed bat (INTENT: HURT) (DAMTYE: BRUTE)</font>
[15:35:03]ATTACK: <font color='red'>Unknown (ghoststalin) attacked Unknown (difilex) with nailed bat (INTENT: HURT) (DAMTYE: BRUTE)</font>
[15:35:04]ATTACK: <font color='red'>Unknown (ghoststalin) attacked Unknown (difilex) with nailed bat (INTENT: HURT) (DAMTYE: BRUTE)</font>
[15:35:05]ATTACK: <font color='red'>Unknown (ghoststalin) attacked Unknown (difilex) with nailed bat (INTENT: HURT) (DAMTYE: BRUTE)</font>
[15:35:06]ATTACK: <font color='red'>Unknown (ghoststalin) attacked Unknown (difilex) with nailed bat (INTENT: HURT) (DAMTYE: BRUTE)</font>
[15:35:08]ATTACK: <font color='red'>Unknown (ghoststalin) attacked Unknown (difilex) with nailed bat (INTENT: HURT) (DAMTYE: BRUTE)</font>
[15:35:08]ATTACK: <font color='red'>Atarabashi Nihondzin (editorrus) attacked Unknown (difilex) with hammer (INTENT: DISARM) (DAMTYE: BRUTE)</font>
[15:35:08]ATTACK: <font color='red'>Unknown (difilex) punched Unknown (ghoststalin)</font>
[15:35:09]ATTACK: <font color='red'>Unknown (ghoststalin) attacked Unknown (difilex) with nailed bat (INTENT: HURT) (DAMTYE: BRUTE)</font>
[15:35:09]ATTACK: <font color='red'>Atarabashi Nihondzin (editorrus) attacked Unknown (difilex) with hammer (INTENT: DISARM) (DAMTYE: BRUTE)</font>
[15:35:09]ATTACK: <font color='red'>Unknown (difilex) punched Unknown (ghoststalin)</font>
[15:35:10]ATTACK: <font color='red'>Unknown (ghoststalin) attacked Unknown (difilex) with nailed bat (INTENT: HURT) (DAMTYE: BRUTE)</font>
[15:35:11]ATTACK: <font color='red'>Atarabashi Nihondzin (editorrus) attacked Unknown (difilex) with hammer (INTENT: DISARM) (DAMTYE: BRUTE)</font>
[15:35:11]ATTACK: <font color='red'>Unknown (ghoststalin) attacked Unknown (difilex) with nailed bat (INTENT: HURT) (DAMTYE: BRUTE)</font>
[15:35:11]ATTACK: <font color='red'>Unknown as (Jayce Adams) (andreybelow) injected Unknown as (Jayce Adams) (andreybelow) with emergency hypospray (INTENT: HELP)</font>
[15:35:12]ATTACK: <font color='red'>Unknown (ghoststalin) attacked Unknown (difilex) with nailed bat (INTENT: HURT) (DAMTYE: BRUTE)</font>
[15:35:13]ATTACK: <font color='red'>Unknown (ghoststalin) attacked Unknown (difilex) with nailed bat (INTENT: HURT) (DAMTYE: BRUTE)</font>
[15:35:16]ATTACK: <font color='red'>Unknown (ghoststalin) attacked Unknown (difilex) with nailed bat (INTENT: HURT) (DAMTYE: BRUTE)</font>
[15:35:16]ATTACK: <font color='red'>Atarabashi Nihondzin (editorrus) attacked Unknown (difilex) with hammer (INTENT: DISARM) (DAMTYE: BRUTE)</font>
[15:35:17]ATTACK: <font color='red'>Unknown (ghoststalin) attacked Unknown (difilex) with nailed bat (INTENT: HURT) (DAMTYE: BRUTE)</font>
[15:35:18]ATTACK: <font color='red'>Atarabashi Nihondzin (editorrus) attacked Unknown (difilex) with hammer (INTENT: DISARM) (DAMTYE: BRUTE)</font>
[15:35:19]ATTACK: <font color='red'>Unknown (ghoststalin) attacked Unknown (difilex) with nailed bat (INTENT: HURT) (DAMTYE: BRUTE)</font>
[15:35:19]ATTACK: <font color='red'>Atarabashi Nihondzin (editorrus) attacked Unknown (difilex) with hammer (INTENT: DISARM) (DAMTYE: BRUTE)</font>
[15:35:20]ATTACK: <font color='red'>Unknown (ghoststalin) attacked Unknown (difilex) with nailed bat (INTENT: HURT) (DAMTYE: BRUTE)</font>
[15:35:20]ATTACK: <font color='red'>Atarabashi Nihondzin (editorrus) attacked Unknown (difilex) with hammer (INTENT: DISARM) (DAMTYE: BRUTE)</font>
[15:35:21]ATTACK: <font color='red'>Unknown (ghoststalin) attacked Unknown (difilex) with nailed bat (INTENT: HURT) (DAMTYE: BRUTE)</font>
[15:35:21]ATTACK: <font color='red'>Atarabashi Nihondzin (editorrus) attacked Unknown (difilex) with hammer (INTENT: DISARM) (DAMTYE: BRUTE)</font>
[15:35:22]ATTACK: <font color='red'>Unknown (ghoststalin) attacked Unknown (difilex) with nailed bat (INTENT: HURT) (DAMTYE: BRUTE)</font>
[15:35:22]ATTACK: <font color='red'>Atarabashi Nihondzin (editorrus) attacked Unknown (difilex) with hammer (INTENT: DISARM) (DAMTYE: BRUTE)</font>
[15:35:23]ATTACK: <font color='red'>Unknown (ghoststalin) attacked Unknown (difilex) with nailed bat (INTENT: HURT) (DAMTYE: BRUTE)</font>
[15:35:24]ATTACK: <font color='red'>Atarabashi Nihondzin (editorrus) attacked Unknown (difilex) with hammer (INTENT: DISARM) (DAMTYE: BRUTE)</font>
[15:35:25]ATTACK: <font color='red'>Atarabashi Nihondzin (editorrus) attacked Unknown (difilex) with hammer (INTENT: DISARM) (DAMTYE: BRUTE)</font>
[15:35:34]ATTACK: <font color='red'>Atarabashi Nihondzin (editorrus) primed a frag grenade.</font>
[15:35:45]ATTACK: <font color='red'>Atarabashi Nihondzin (editorrus) attacked Unknown (difilex) with hammer (INTENT: DISARM) (DAMTYE: BRUTE)</font>
[15:35:46]ATTACK: <font color='red'>Atarabashi Nihondzin (editorrus) attacked Unknown (difilex) with hammer (INTENT: DISARM) (DAMTYE: BRUTE)</font>
[15:35:47]ATTACK: <font color='red'>Atarabashi Nihondzin (editorrus) attacked Unknown (difilex) with hammer (INTENT: DISARM) (DAMTYE: BRUTE)</font>
[15:35:48]ATTACK: <font color='red'>Unknown as (Jayce Adams) (andreybelow) primed a flashbang.</font>
[15:35:48]ATTACK: <font color='red'>Atarabashi Nihondzin (editorrus) attacked Unknown (difilex) with hammer (INTENT: DISARM) (DAMTYE: BRUTE)</font>
[15:36:22]ATTACK: <font color='red'>Unknown (ghoststalin) shot Unknown (andreybelow) with a the Fire Bullet</font>
[15:36:27]ATTACK: <font color='red'>Unknown (ghoststalin) attacked Unknown (andreybelow) with L-Ferus .50 (INTENT: HURT) (DAMTYE: BRUTE)</font>
[15:36:30]ATTACK: <font color='red'>Atarabashi Nihondzin (editorrus) attacked Unknown (andreybelow) with hammer (INTENT: DISARM) (DAMTYE: BRUTE)</font>
[15:36:32]ATTACK: <font color='red'>Atarabashi Nihondzin (editorrus) attacked Unknown (andreybelow) with hammer (INTENT: DISARM) (DAMTYE: BRUTE)</font>
[15:36:39]ATTACK: <font color='red'>Unknown (difilex) punched Atarabashi Nihondzin (editorrus)</font>
[15:36:42]ATTACK: <font color='red'>Unknown (difilex) punched Atarabashi Nihondzin (editorrus)</font>
[15:36:42]ATTACK: <font color='red'>Atarabashi Nihondzin (editorrus) disarmed Unknown (difilex)</font>
[15:36:45]ATTACK: <font color='red'>Unknown (difilex) punched Unknown (andreybelow)</font>
[15:36:47]ATTACK: <font color='red'>Atarabashi Nihondzin (editorrus) attacked Unknown (difilex) with fire extinguisher (INTENT: DISARM) (DAMTYE: BRUTE)</font>
[15:36:49]ATTACK: <font color='red'>Unknown (ghoststalin) shot Unknown (difilex) with a the lead</font>
[15:36:49]ATTACK: <font color='red'>Atarabashi Nihondzin (editorrus) attacked Unknown (difilex) with fire extinguisher (INTENT: DISARM) (DAMTYE: BRUTE)</font>
[15:36:51]ATTACK: <font color='red'>Atarabashi Nihondzin (editorrus) attacked Unknown (difilex) with fire extinguisher (INTENT: DISARM) (DAMTYE: BRUTE)</font>
[15:36:51]ATTACK: <font color='red'>Unknown (ghoststalin) attacked Unknown (difilex) with nailed bat (INTENT: HURT) (DAMTYE: BRUTE)</font>
[15:36:52]ATTACK: <font color='red'>Unknown (difilex) punched Unknown (ghoststalin)</font>
[15:36:52]ATTACK: <font color='red'>Unknown (ghoststalin) attacked Unknown (difilex) with nailed bat (INTENT: HURT) (DAMTYE: BRUTE)</font>
[15:36:53]ATTACK: <font color='red'>Atarabashi Nihondzin (editorrus) attacked Unknown (difilex) with fire extinguisher (INTENT: DISARM) (DAMTYE: BRUTE)</font>
[15:36:53]ATTACK: <font color='red'>Unknown (ghoststalin) attacked Unknown (difilex) with nailed bat (INTENT: HURT) (DAMTYE: BRUTE)</font>
[15:36:55]ATTACK: <font color='red'>Atarabashi Nihondzin (editorrus) attacked Unknown (difilex) with fire extinguisher (INTENT: DISARM) (DAMTYE: BRUTE)</font>
[15:36:55]ATTACK: <font color='red'>Unknown (ghoststalin) attacked Unknown (difilex) with nailed bat (INTENT: HURT) (DAMTYE: BRUTE)</font>
[15:36:58]ATTACK: <font color='red'>Atarabashi Nihondzin (editorrus) attacked Unknown (difilex) with fire extinguisher (INTENT: DISARM) (DAMTYE: BRUTE)</font>
[15:38:12]ATTACK: <font color='red'>Unknown (ghoststalin) shot Unknown (difilex) with a the lead</font>
[15:38:15]ATTACK: <font color='red'>Atarabashi Nihondzin as (Dominic Rowley) (editorrus) attacked Unknown (difilex) with fire extinguisher (INTENT: DISARM) (DAMTYE: BRUTE)</font>
[15:38:17]ATTACK: <font color='red'>Atarabashi Nihondzin as (Dominic Rowley) (editorrus) attacked Unknown (difilex) with fire extinguisher (INTENT: DISARM) (DAMTYE: BRUTE)</font>


Starting up. 15:39.30
---------------------

[15:44:21]ATTACK: <font color='red'>Atarabashi Nihondzin (editorrus) implanted Atarabashi Nihondzin (editorrus) with Nanoaugmentation Implaner (Regenerative Nanobots) (INTENT: HURT)</font>
[15:44:44]ATTACK: <font color='red'>Atarabashi Nihondzin (editorrus) implanted Atarabashi Nihondzin (editorrus) with Nanoaugmentation Implaner (Short-range Psionic Radar) (INTENT: HURT)</font>
[16:00:24]ATTACK: <font color='red'>Unknown (editorrus) attacked Roger Alice (aidff) with butcher's cleaver (INTENT: HELP) (DAMTYE: BRUTE)</font>
[16:00:26]ATTACK: <font color='red'>Unknown (editorrus) attacked Roger Alice (aidff) with butcher's cleaver (INTENT: HELP) (DAMTYE: BRUTE)</font>
[16:00:27]ATTACK: <font color='red'>Unknown (editorrus) attacked Roger Alice (aidff) with butcher's cleaver (INTENT: HELP) (DAMTYE: BRUTE)</font>
[16:00:28]ATTACK: <font color='red'>Unknown (editorrus) attacked Unknown as (Roger Alice) (aidff) with butcher's cleaver (INTENT: HELP) (DAMTYE: BRUTE)</font>
[16:00:29]ATTACK: <font color='red'>Unknown (editorrus) attacked Unknown as (Roger Alice) (aidff) with butcher's cleaver (INTENT: HELP) (DAMTYE: BRUTE)</font>
[16:00:30]ATTACK: <font color='red'>Kiara Chapman (alexix1989) shot Russell Poehl (seel112) with a the lead</font>
[16:00:31]ATTACK: <font color='red'>Unknown (editorrus) attacked Unknown as (Roger Alice) (aidff) with butcher's cleaver (INTENT: HELP) (DAMTYE: BRUTE)</font>
[16:00:33]ATTACK: <font color='red'>Darin Garland (leeroyjenkns) disarmed Ryker Jewell (immaspaceninja)</font>
[16:00:45]ATTACK: <font color='red'>Ryker Jewell (immaspaceninja) was hit by the brick thrown by (LeeroyJenkns)</font>
[16:01:00]ATTACK: <font color='red'>Darin Garland (leeroyjenkns) attacked Ryker Jewell (immaspaceninja) with chain (INTENT: HURT) (DAMTYE: BRUTE)</font>
[16:01:09]ATTACK: <font color='red'>Jalen Tilton (apopheosis) was hit by the brick thrown by (Immaspaceninja)</font>
[16:01:13]ATTACK: <font color='red'>Jalen Tilton (apopheosis) was hit by the scout thrown by (LeeroyJenkns)</font>
[16:01:14]ATTACK: <font color='red'>Jalen Tilton (apopheosis) attacked Darin Garland (leeroyjenkns) with brick (INTENT: HURT) (DAMTYE: BRUTE)</font>
[16:01:18]ATTACK: <font color='red'>Jalen Tilton (apopheosis) attacked Darin Garland (leeroyjenkns) with brick (INTENT: HURT) (DAMTYE: BRUTE)</font>
[16:01:19]ATTACK: <font color='red'>Jalen Tilton (apopheosis) attacked Darin Garland (leeroyjenkns) with brick (INTENT: HURT) (DAMTYE: BRUTE)</font>
[16:01:20]ATTACK: <font color='red'>Jalen Tilton (apopheosis) attacked Darin Garland (leeroyjenkns) with brick (INTENT: HURT) (DAMTYE: BRUTE)</font>
[16:01:22]ATTACK: <font color='red'>Ryker Jewell (immaspaceninja) attacked Darin Garland (leeroyjenkns) with scout (INTENT: DISARM) (DAMTYE: BRUTE)</font>
[16:01:22]ATTACK: <font color='red'>Jalen Tilton (apopheosis) attacked Darin Garland (leeroyjenkns) with brick (INTENT: HURT) (DAMTYE: BRUTE)</font>
[16:01:23]ATTACK: <font color='red'>Ryker Jewell (immaspaceninja) attacked Jalen Tilton (apopheosis) with scout (INTENT: DISARM) (DAMTYE: BRUTE)</font>
[16:01:39]ATTACK: <font color='red'>Jalen Tilton (apopheosis) attacked Unknown (leeroyjenkns) with brick (INTENT: HURT) (DAMTYE: BRUTE)</font>
[16:01:40]ATTACK: <font color='red'>Jalen Tilton (apopheosis) attacked Unknown (leeroyjenkns) with brick (INTENT: HURT) (DAMTYE: BRUTE)</font>
[16:01:41]ATTACK: <font color='red'>Jalen Tilton (apopheosis) attacked Unknown (leeroyjenkns) with brick (INTENT: HURT) (DAMTYE: BRUTE)</font>
[16:01:42]ATTACK: <font color='red'>Jalen Tilton (apopheosis) attacked Unknown (leeroyjenkns) with brick (INTENT: HURT) (DAMTYE: BRUTE)</font>
[16:02:08]ATTACK: <font color='red'>Roger Alice (editorrus) attacked Unknown () with butcher's cleaver (INTENT: HELP) (DAMTYE: BRUTE)</font>
[16:03:00]ATTACK: <font color='red'>Jalen Tilton (apopheosis) attacked Ryker Jewell (immaspaceninja) with brick (INTENT: HURT) (DAMTYE: BRUTE)</font>
[16:04:28]ATTACK: <font color='red'>Ofaal Gubta (vovanhur) grabbed the neck of Unknown ()</font>
[16:04:29]ATTACK: <font color='red'>Ofaal Gubta (vovanhur) Strangled (kill intent) Unknown ()</font>
[16:06:05]ATTACK: <font color='red'>Ryker Jewell (immaspaceninja) attacked Jalen Tilton (apopheosis) with scout (INTENT: DISARM) (DAMTYE: BRUTE)</font>
[16:06:06]ATTACK: <font color='red'>Ryker Jewell (immaspaceninja) attacked Jalen Tilton (apopheosis) with scout (INTENT: DISARM) (DAMTYE: BRUTE)</font>
[16:06:13]ATTACK: <font color='red'>Ryker Jewell (immaspaceninja) attacked Jalen Tilton (apopheosis) with scout (INTENT: DISARM) (DAMTYE: BRUTE)</font>
[16:06:18]ATTACK: <font color='red'>Ryker Jewell (immaspaceninja) attacked Jalen Tilton (apopheosis) with scout (INTENT: DISARM) (DAMTYE: BRUTE)</font>
[16:06:19]ATTACK: <font color='red'>Ryker Jewell (immaspaceninja) attacked Jalen Tilton (apopheosis) with scout (INTENT: DISARM) (DAMTYE: BRUTE)</font>
[16:06:20]ATTACK: <font color='red'>Ryker Jewell (immaspaceninja) attacked Jalen Tilton (apopheosis) with scout (INTENT: DISARM) (DAMTYE: BRUTE)</font>
[16:06:49]ATTACK: <font color='red'>Michael Shupe (andreybelow) fed Kiara Chapman (alexix1989) with burger (INTENT: DISARM)</font>
[16:06:51]ATTACK: <font color='red'>Michael Shupe (andreybelow) fed Kiara Chapman (alexix1989) with burger (INTENT: DISARM)</font>
[16:06:54]ATTACK: <font color='red'>Michael Shupe (andreybelow) fed Kiara Chapman (alexix1989) with burger (INTENT: DISARM)</font>
[16:06:56]ATTACK: <font color='red'>Michael Shupe (andreybelow) fed Kiara Chapman (alexix1989) with burger (INTENT: DISARM)</font>
[16:06:59]ATTACK: <font color='red'>Michael Shupe (andreybelow) fed Kiara Chapman (alexix1989) with burger (INTENT: DISARM)</font>
[16:07:01]ATTACK: <font color='red'>Michael Shupe (andreybelow) disarmed Kiara Chapman (alexix1989)</font>
[16:07:48]ATTACK: <font color='red'>Roger Alice (editorrus) attacked Jackson Sidower (mishapepyaka) with butcher's cleaver (INTENT: HELP) (DAMTYE: BRUTE)</font>
[16:07:50]ATTACK: <font color='red'>Roger Alice (editorrus) attacked Jackson Sidower (mishapepyaka) with butcher's cleaver (INTENT: HELP) (DAMTYE: BRUTE)</font>
[16:07:52]ATTACK: <font color='red'>Roger Alice (editorrus) attacked Jackson Sidower (mishapepyaka) with butcher's cleaver (INTENT: HELP) (DAMTYE: BRUTE)</font>
[16:07:54]ATTACK: <font color='red'>Roger Alice (editorrus) attacked Jackson Sidower (mishapepyaka) with butcher's cleaver (INTENT: HELP) (DAMTYE: BRUTE)</font>
[16:08:00]ATTACK: <font color='red'>Roger Alice (editorrus) Attempted to handcuff Unknown as (Jackson Sidower) (mishapepyaka)</font>
[16:08:08]ATTACK: <font color='red'>Michael Shupe (andreybelow) fed Kiara Chapman (alexix1989) with Tramadol pill (INTENT: DISARM)</font>
[16:08:26]ATTACK: <font color='red'>Ofaal Gubta (vovanhur) disarmed Ofaal Gubta (vovanhur)</font>
[16:08:44]ATTACK: <font color='red'>Roger Alice (editorrus) attacked Unknown as (Jackson Sidower) (mishapepyaka) with butcher's cleaver (INTENT: HELP) (DAMTYE: BRUTE)</font>
[16:08:45]ATTACK: <font color='red'>Roger Alice (editorrus) attacked Unknown as (Jackson Sidower) (mishapepyaka) with butcher's cleaver (INTENT: HELP) (DAMTYE: BRUTE)</font>
[16:08:46]ATTACK: <font color='red'>Roger Alice (editorrus) attacked Unknown as (Jackson Sidower) (mishapepyaka) with butcher's cleaver (INTENT: HELP) (DAMTYE: BRUTE)</font>
[16:08:47]ATTACK: <font color='red'>Roger Alice (editorrus) attacked Unknown as (Jackson Sidower) (mishapepyaka) with butcher's cleaver (INTENT: HELP) (DAMTYE: BRUTE)</font>
[16:08:49]ATTACK: <font color='red'>Roger Alice (editorrus) attacked Unknown as (Jackson Sidower) (mishapepyaka) with butcher's cleaver (INTENT: HELP) (DAMTYE: BRUTE)</font>
[16:08:50]ATTACK: <font color='red'>Roger Alice (editorrus) attacked Unknown as (Jackson Sidower) (mishapepyaka) with butcher's cleaver (INTENT: HELP) (DAMTYE: BRUTE)</font>
[16:08:53]ATTACK: <font color='red'>Roger Alice (editorrus) attacked Roger Alice (editorrus) with Jackson Sidower's head (INTENT: HELP) (DAMTYE: BRUTE)</font>
[16:10:16]ATTACK: <font color='red'>Michael Shupe (andreybelow) fed Kiara Chapman (alexix1989) with burger (INTENT: HELP)</font>
[16:10:18]ATTACK: <font color='red'>Michael Shupe (andreybelow) fed Kiara Chapman (alexix1989) with burger (INTENT: HELP)</font>
[16:10:20]ATTACK: <font color='red'>Michael Shupe (andreybelow) fed Kiara Chapman (alexix1989) with burger (INTENT: HELP)</font>
[16:10:21]ATTACK: <font color='red'>Michael Shupe (andreybelow) fed Kiara Chapman (alexix1989) with burger (INTENT: HELP)</font>
[16:10:24]ATTACK: <font color='red'>Michael Shupe (andreybelow) fed Kiara Chapman (alexix1989) with burger (INTENT: HELP)</font>
[16:11:17]ATTACK: <font color='red'>Michael Shupe (andreybelow) fed Kiara Chapman (alexix1989) with cutlet (INTENT: HELP)</font>
[16:11:19]ATTACK: <font color='red'>Michael Shupe (andreybelow) fed Kiara Chapman (alexix1989) with cutlet (INTENT: HELP)</font>
[16:14:25]ATTACK: <font color='red'>Michael Shupe (andreybelow) fed Kiara Chapman (alexix1989) with burger (INTENT: HELP)</font>
[16:16:02]ATTACK: <font color='red'>Ofaal Gubta (vovanhur) was hit by the metal rods thrown by (MishaPepyaka)</font>
[16:18:24]ATTACK: <font color='red'>Sal Mccune (leeroyjenkns) was hit by the stone thrown by (MishaPepyaka)</font>
[16:18:30]ATTACK: <font color='red'>Sal Mccune (leeroyjenkns) was hit by the brick thrown by (MishaPepyaka)</font>
[16:19:08]ATTACK: <font color='red'>Orlando Boyer (mishapepyaka) was hit by the stone thrown by (LeeroyJenkns)</font>
[16:19:12]ATTACK: <font color='red'>Sal Mccune (leeroyjenkns) was hit by the stone thrown by (MishaPepyaka)</font>
[16:19:13]ATTACK: <font color='red'>Roger Alice (editorrus) attacked Michael Shupe (andreybelow) with butcher's cleaver (INTENT: HELP) (DAMTYE: BRUTE)</font>
[16:19:22]ATTACK: <font color='red'>Trent Begum (ghoststalin) attacked Michael Shupe (andreybelow) with chainsaw (INTENT: HELP) (DAMTYE: BRUTE)</font>
[16:19:23]ATTACK: <font color='red'>Trent Begum (ghoststalin) attacked Michael Shupe (andreybelow) with chainsaw (INTENT: HELP) (DAMTYE: BRUTE)</font>
[16:19:23]ATTACK: <font color='red'>Michael Shupe (andreybelow) shot Trent Begum (ghoststalin) with a the Bullet</font>
[16:19:24]ATTACK: <font color='red'>Michael Shupe (andreybelow) shot Trent Begum (ghoststalin) with a the Bullet</font>
[16:19:25]ATTACK: <font color='red'>Michael Shupe (andreybelow) shot Ebun Skinner (difilex) with a the Bullet</font>
[16:19:25]ATTACK: <font color='red'>Sal Mccune (leeroyjenkns) was hit by the stone thrown by (MishaPepyaka)</font>
[16:19:25]ATTACK: <font color='red'>Orlando Boyer (mishapepyaka) was hit by the shard thrown by (LeeroyJenkns)</font>
[16:19:27]ATTACK: <font color='red'>Michael Shupe (andreybelow) shot Ebun Skinner (difilex) with a the Bullet</font>
[16:19:43]ATTACK: <font color='red'>Orlando Boyer (mishapepyaka) was hit by the stone thrown by (MishaPepyaka)</font>
[16:19:45]ATTACK: <font color='red'>Orlando Boyer (mishapepyaka) attacked Jennie Harrold (valentine1488) with chain (INTENT: HURT) (DAMTYE: BRUTE)</font>
[16:19:46]ATTACK: <font color='red'>Orlando Boyer (mishapepyaka) attacked Jennie Harrold (valentine1488) with chain (INTENT: HURT) (DAMTYE: BRUTE)</font>
[16:19:47]ATTACK: <font color='red'>Orlando Boyer (mishapepyaka) attacked Jennie Harrold (valentine1488) with chain (INTENT: HURT) (DAMTYE: BRUTE)</font>
[16:19:49]ATTACK: <font color='red'>Michael Shupe (andreybelow) disarmed Michael Shupe (andreybelow)</font>
[16:19:52]ATTACK: <font color='red'>Unknown (difilex) punched  ()</font>
[16:19:59]ATTACK: <font color='red'>Michael Shupe (andreybelow) shot Unknown (difilex) with a the lead</font>
[16:20:19]ATTACK: <font color='red'>Michael Shupe (andreybelow) shot  () with a the lead</font>
[16:20:35]ATTACK: <font color='red'>Michael Shupe (andreybelow) shot Unknown (difilex) with a the lead</font>
[16:20:43]ATTACK: <font color='red'>Michael Shupe (andreybelow) shot Unknown (ghoststalin) with a the lead</font>
[16:20:50]ATTACK: <font color='red'>Michael Shupe (andreybelow) primed a flashbang.</font>
[16:21:06]ATTACK: <font color='red'>Michael Shupe (andreybelow) shot Roger Alice (editorrus) with a the Bullet</font>
[16:21:10]ATTACK: <font color='red'>Michael Shupe (andreybelow) shot Roger Alice (editorrus) with a the lead</font>
[16:21:13]ATTACK: <font color='red'>Michael Shupe (andreybelow) shot Roger Alice (editorrus) with a the Bullet</font>
[16:21:13]ATTACK: <font color='red'>Michael Shupe (andreybelow) shot Roger Alice (editorrus) with a the Bullet</font>
[16:22:46]ATTACK: <font color='red'>Michael Shupe (andreybelow) shot Lacey Adams (alexix1989) with a the Bullet</font>
[16:25:54]ATTACK: <font color='red'>Lacey Adams (alexix1989) primed a frag grenade.</font>
[16:25:57]ATTACK: <font color='red'>Michael Shupe (andreybelow) shot Lacey Adams (alexix1989) with a the Bullet</font>
[16:26:07]ATTACK: <font color='red'>Michael Shupe (andreybelow) attacked Lacey Adams () with L-Ferus .50 (INTENT: DISARM) (DAMTYE: BRUTE)</font>
[16:26:10]ATTACK: <font color='red'>Michael Shupe (andreybelow) shot Lacey Adams () with a the Fire Bullet</font>


Starting up. 16:36.03
---------------------

[16:51:51]ATTACK: <font color='red'>Jesus Atweeke (okean) attacked Ofaal Gubta (vovanhur) with metal rods (INTENT: HELP) (DAMTYE: BRUTE)</font>
[16:52:05]ATTACK: <font color='red'>Ofaal Gubta (vovanhur) attacked Jesus Atweeke (okean) with brick (INTENT: HURT) (DAMTYE: BRUTE)</font>
[16:52:09]ATTACK: <font color='red'>Ofaal Gubta (vovanhur) was hit by the brick thrown by (Okean)</font>
[16:52:30]ATTACK: <font color='red'>Ofaal Gubta (vovanhur) attacked Jesus Atweeke (okean) with brick (INTENT: HURT) (DAMTYE: BRUTE)</font>
[16:53:19]ATTACK: <font color='red'>Ofaal Gubta (vovanhur) attacked Jesus Atweeke (okean) with metal rods (INTENT: HURT) (DAMTYE: BRUTE)</font>
[16:53:20]ATTACK: <font color='red'>Jesus Atweeke (okean) attacked Ofaal Gubta (vovanhur) with metal rods (INTENT: HELP) (DAMTYE: BRUTE)</font>
[16:53:21]ATTACK: <font color='red'>Jesus Atweeke (okean) attacked Ofaal Gubta (vovanhur) with metal rods (INTENT: HELP) (DAMTYE: BRUTE)</font>
[16:53:23]ATTACK: <font color='red'>Jesus Atweeke (okean) attacked Ofaal Gubta (vovanhur) with metal rods (INTENT: HELP) (DAMTYE: BRUTE)</font>
[16:53:23]ATTACK: <font color='red'>Ofaal Gubta (vovanhur) punched Jesus Atweeke (okean)</font>
[16:53:25]ATTACK: <font color='red'>Jesus Atweeke (okean) attacked Ofaal Gubta (vovanhur) with metal rods (INTENT: HELP) (DAMTYE: BRUTE)</font>
[16:53:28]ATTACK: <font color='red'>Ofaal Gubta (vovanhur) disarmed Jesus Atweeke (okean)</font>
[16:53:29]ATTACK: <font color='red'>Ofaal Gubta (vovanhur) disarmed Jesus Atweeke (okean)</font>
[16:53:30]ATTACK: <font color='red'>Ofaal Gubta (vovanhur) disarmed Jesus Atweeke (okean)</font>
[16:53:32]ATTACK: <font color='red'>Ofaal Gubta (vovanhur) disarmed Jesus Atweeke (okean)</font>
[16:53:47]ATTACK: <font color='red'>Ofaal Gubta (vovanhur) attacked Jesus Atweeke (okean) with brick (INTENT: DISARM) (DAMTYE: BRUTE)</font>
[16:53:49]ATTACK: <font color='red'>Ofaal Gubta (vovanhur) attacked Jesus Atweeke (okean) with brick (INTENT: DISARM) (DAMTYE: BRUTE)</font>
[16:53:50]ATTACK: <font color='red'>Ofaal Gubta (vovanhur) attacked Jesus Atweeke (okean) with brick (INTENT: DISARM) (DAMTYE: BRUTE)</font>
[16:53:52]ATTACK: <font color='red'>Ofaal Gubta (vovanhur) attacked Unknown (okean) with brick (INTENT: DISARM) (DAMTYE: BRUTE)</font>
[16:53:53]ATTACK: <font color='red'>Ofaal Gubta (vovanhur) attacked Unknown (okean) with brick (INTENT: DISARM) (DAMTYE: BRUTE)</font>
[16:53:55]ATTACK: <font color='red'>Ofaal Gubta (vovanhur) attacked Unknown (okean) with brick (INTENT: DISARM) (DAMTYE: BRUTE)</font>
[16:53:56]ATTACK: <font color='red'>Ofaal Gubta (vovanhur) attacked Unknown (okean) with brick (INTENT: DISARM) (DAMTYE: BRUTE)</font>
[16:53:58]ATTACK: <font color='red'>Ofaal Gubta (vovanhur) attacked Unknown (okean) with brick (INTENT: DISARM) (DAMTYE: BRUTE)</font>
[16:53:59]ATTACK: <font color='red'>Ofaal Gubta (vovanhur) attacked Unknown (okean) with brick (INTENT: DISARM) (DAMTYE: BRUTE)</font>
[16:54:00]ATTACK: <font color='red'>Ofaal Gubta (vovanhur) attacked Unknown (okean) with brick (INTENT: DISARM) (DAMTYE: BRUTE)</font>
[16:54:11]ATTACK: <font color='red'>Ofaal Gubta (vovanhur) implanted Ofaal Gubta (vovanhur) with Nanoaugmentation Implaner (Regenerative Nanobots) (INTENT: DISARM)</font>
[16:55:00]ATTACK: <font color='red'>Ofaal Gubta (vovanhur) implanted Ofaal Gubta (vovanhur) with Nanoaugmentation Implaner (Short-range Psionic Radar) (INTENT: DISARM)</font>
[16:56:37]ATTACK: <font color='red'>Alex Wood (ghoststalin) attacked Cassandra Rollie (dnivji) with large pipe (INTENT: HELP) (DAMTYE: BRUTE)</font>
[16:56:38]ATTACK: <font color='red'>Alex Wood (ghoststalin) attacked Cassandra Rollie (dnivji) with large pipe (INTENT: HELP) (DAMTYE: BRUTE)</font>
[16:56:39]ATTACK: <font color='red'>Alex Wood (ghoststalin) attacked Cassandra Rollie (dnivji) with large pipe (INTENT: HELP) (DAMTYE: BRUTE)</font>
[16:56:41]ATTACK: <font color='red'>Alex Wood (ghoststalin) attacked Cassandra Rollie (dnivji) with large pipe (INTENT: HELP) (DAMTYE: BRUTE)</font>
[16:56:42]ATTACK: <font color='red'>Alex Wood (ghoststalin) attacked Cassandra Rollie (dnivji) with large pipe (INTENT: HELP) (DAMTYE: BRUTE)</font>
[16:56:43]ATTACK: <font color='red'>Alex Wood (ghoststalin) attacked Cassandra Rollie (dnivji) with large pipe (INTENT: HELP) (DAMTYE: BRUTE)</font>
[16:56:44]ATTACK: <font color='red'>Alex Wood (ghoststalin) attacked Cassandra Rollie (dnivji) with large pipe (INTENT: HELP) (DAMTYE: BRUTE)</font>
[16:56:45]ATTACK: <font color='red'>Alex Wood (ghoststalin) attacked Unknown as (Cassandra Rollie) (dnivji) with large pipe (INTENT: HELP) (DAMTYE: BRUTE)</font>
[16:56:46]ATTACK: <font color='red'>Alex Wood (ghoststalin) attacked Unknown as (Cassandra Rollie) (dnivji) with large pipe (INTENT: HELP) (DAMTYE: BRUTE)</font>
[16:56:48]ATTACK: <font color='red'>Alex Wood (ghoststalin) attacked Unknown as (Cassandra Rollie) (dnivji) with large pipe (INTENT: HELP) (DAMTYE: BRUTE)</font>
[16:56:49]ATTACK: <font color='red'>Alex Wood (ghoststalin) attacked Unknown as (Cassandra Rollie) (dnivji) with large pipe (INTENT: HELP) (DAMTYE: BRUTE)</font>
[16:56:50]ATTACK: <font color='red'>Alex Wood (ghoststalin) attacked Unknown as (Cassandra Rollie) (dnivji) with large pipe (INTENT: HELP) (DAMTYE: BRUTE)</font>
[16:59:58]ATTACK: <font color='red'>Alex Wood as (Cassandra Rollie) (ghoststalin) shot Alice Whiteheart (valentine1488) with a the Bullet</font>
[17:00:06]ATTACK: <font color='red'>Alex Wood as (Cassandra Rollie) (ghoststalin) shot Unknown (valentine1488) with a the Bullet</font>
[17:00:08]ATTACK: <font color='red'>Alex Wood as (Cassandra Rollie) (ghoststalin) shot Unknown (valentine1488) with a the Bullet</font>
[17:00:09]ATTACK: <font color='red'>Alex Wood as (Cassandra Rollie) (ghoststalin) shot Unknown (valentine1488) with a the Bullet</font>
[17:00:10]ATTACK: <font color='red'>Alex Wood as (Cassandra Rollie) (ghoststalin) shot Unknown (valentine1488) with a the Bullet</font>
[17:08:34]ATTACK: <font color='red'>Cassandra Rollie (ghoststalin) shot Oswald Shupe (bigrage) with a the Bullet</font>
[17:10:11]ATTACK: <font color='red'>Cassandra Rollie (ghoststalin) shot Jace Mikhaylov (leeroyjenkns) with a the Bullet</font>
[17:10:13]ATTACK: <font color='red'>Cassandra Rollie (ghoststalin) shot Jace Mikhaylov (leeroyjenkns) with a the Bullet</font>
[17:10:16]ATTACK: <font color='red'>Cassandra Rollie (ghoststalin) shot Unknown (leeroyjenkns) with a the Bullet</font>
[17:14:02]ATTACK: <font color='red'>Myriam Altmann (valentine1488) primed a frag grenade.</font>
[17:18:01]ATTACK: <font color='red'>Myriam Altmann (valentine1488) primed a frag grenade.</font>
[17:36:46]ATTACK: <font color='red'>Kevin Mikhaylov (firefroge) grabbed the neck of Alan Eggbert (acerolla)</font>
[17:36:47]ATTACK: <font color='red'>Kevin Mikhaylov (firefroge) Strangled (kill intent) Alan Eggbert (acerolla)</font>
[17:36:56]ATTACK: <font color='red'>Kevin Mikhaylov (firefroge) grabbed the neck of Alan Eggbert (acerolla)</font>
[17:37:08]ATTACK: <font color='red'>Kevin Mikhaylov (firefroge) grabbed the neck of Alan Eggbert (acerolla)</font>
[17:37:18]ATTACK: <font color='red'>Kevin Mikhaylov (firefroge) grabbed the neck of Alan Eggbert (acerolla)</font>
[17:37:18]ATTACK: <font color='red'>Kevin Mikhaylov (firefroge) Strangled (kill intent) Alan Eggbert (acerolla)</font>
[17:38:12]ATTACK: <font color='red'>Unknown (ghoststalin) shot Roland Hardy as (Alan Eggbert) (corporaldead) with a the Bullet</font>
[17:38:12]ATTACK: <font color='red'>Unknown (ghoststalin) shot Roland Hardy as (Alan Eggbert) (corporaldead) with a the Bullet</font>
[17:38:47]ATTACK: <font color='red'>Kevin Mikhaylov as (Alan Eggbert) (firefroge) attacked Alvin Pinney (wajtswv) with chained metal (INTENT: HELP) (DAMTYE: BRUTE)</font>
[17:59:34]ATTACK: <font color='red'>Marion Pennington (corporaldead) attacked Marion Pennington (corporaldead) with nailed bat (INTENT: HELP) (DAMTYE: BRUTE)</font>
[17:59:36]ATTACK: <font color='red'>Marion Pennington (corporaldead) attacked Marion Pennington (corporaldead) with nailed bat (INTENT: HELP) (DAMTYE: BRUTE)</font>
[17:59:51]ATTACK: <font color='red'>Alan Eggbert (ghoststalin) was hit by the bow thrown by (Firefroge)</font>
[18:00:04]ATTACK: <font color='red'>Alan Eggbert (ghoststalin) was hit by the barbwire thrown by (Firefroge)</font>
[18:00:32]ATTACK: <font color='red'>Alan Eggbert (ghoststalin) shot Cassandra Rollie (firefroge) with a the Bullet</font>
[18:00:36]ATTACK: <font color='red'>Alan Eggbert (ghoststalin) shot Cassandra Rollie (firefroge) with a the Bullet</font>
[18:00:41]ATTACK: <font color='red'>Alan Eggbert (ghoststalin) shot Cassandra Rollie (firefroge) with a the Bullet</font>
[18:00:42]ATTACK: <font color='red'>Alan Eggbert (ghoststalin) shot Cassandra Rollie (firefroge) with a the Bullet</font>
[18:00:42]ATTACK: <font color='red'>Alan Eggbert (ghoststalin) shot Cassandra Rollie (firefroge) with a the Bullet</font>
[18:01:48]ATTACK: <font color='red'>Cassandra Rollie (ghoststalin) shot Unknown () with a bow ()</font>
[18:01:57]ATTACK: <font color='red'>Cassandra Rollie (ghoststalin) shot Unknown () with a bow ()</font>


Starting up. 18:09.31
---------------------

