

Starting up. 10:56.57
---------------------

[10:56:57]ADMIN: Loading jobban_rank
[10:56:57]ADMIN: jobban_keylist was empty
[10:56:57]ADMIN: Updating jobbanfile!
[10:56:57]ADMIN: Loading Banlist
Reading donators.txt
[10:57:28]ACCESS: Login: Silentium/(Silentium) from 127.0.0.1-9016090 || BYOND v508
[10:57:28]ACCESS: Login: Silentium/(Silentium) from 127.0.0.1
[10:58:02]OOC: Silentium/Silentium : Бл&#255;
[10:58:04]OOC: Silentium/Silentium : Ностальги&#255;
[10:58:47]ACCESS: Logout: *no client*/(Silentium)
[10:58:47]ACCESS: Login: Silentium/(Ace Myles) from 127.0.0.1-9016090 || BYOND v508
[11:00:34]SAY: Ace Myles/Silentium : Бл&#255;
[11:07:33]ACCESS: Logout: Silentium/(Ace Myles)


Starting up. 11:45.11
---------------------

[11:45:11]ADMIN: Loading jobban_rank
[11:45:11]ADMIN: jobban_keylist was empty
[11:45:11]ADMIN: Updating jobbanfile!
[11:45:11]ADMIN: Loading Banlist
Reading donators.txt
[11:45:27]ACCESS: Login: Silentium/(Silentium) from 127.0.0.1-9016090 || BYOND v508
[11:45:27]ACCESS: Login: Silentium/(Silentium) from 127.0.0.1
[11:46:56]ACCESS: Logout: *no client*/(Silentium)
[11:46:56]ACCESS: Login: Silentium/(Ace Myles) from 127.0.0.1-9016090 || BYOND v508
