

Starting up. 11:11.06
---------------------

[11:21:59]ATTACK: <font color='red'>Carl Atkinson (apopheosis) attacked Colby Hawking (arkblader) with brick (INTENT: HURT) (DAMTYE: BRUTE)</font>
[11:22:09]ATTACK: <font color='red'>Carl Atkinson (apopheosis) attacked Colby Hawking (arkblader) with brick (INTENT: HURT) (DAMTYE: BRUTE)</font>
[11:22:10]ATTACK: <font color='red'>Carl Atkinson (apopheosis) attacked Colby Hawking (arkblader) with brick (INTENT: HURT) (DAMTYE: BRUTE)</font>
[11:22:13]ATTACK: <font color='red'>Carl Atkinson (apopheosis) attacked Colby Hawking (arkblader) with brick (INTENT: HURT) (DAMTYE: BRUTE)</font>
[11:22:14]ATTACK: <font color='red'>Carl Atkinson (apopheosis) attacked Colby Hawking (arkblader) with brick (INTENT: HURT) (DAMTYE: BRUTE)</font>
[11:22:15]ATTACK: <font color='red'>Carl Atkinson (apopheosis) attacked Colby Hawking (arkblader) with brick (INTENT: HURT) (DAMTYE: BRUTE)</font>
[11:22:17]ATTACK: <font color='red'>Carl Atkinson (apopheosis) attacked Unknown (arkblader) with brick (INTENT: HURT) (DAMTYE: BRUTE)</font>
[11:22:18]ATTACK: <font color='red'>Carl Atkinson (apopheosis) attacked Unknown (arkblader) with brick (INTENT: HURT) (DAMTYE: BRUTE)</font>
[11:22:19]ATTACK: <font color='red'>Carl Atkinson (apopheosis) attacked Unknown (arkblader) with brick (INTENT: HURT) (DAMTYE: BRUTE)</font>
[11:22:20]ATTACK: <font color='red'>Carl Atkinson (apopheosis) attacked Unknown (arkblader) with brick (INTENT: HURT) (DAMTYE: BRUTE)</font>
[11:22:21]ATTACK: <font color='red'>Carl Atkinson (apopheosis) attacked Unknown (arkblader) with brick (INTENT: HURT) (DAMTYE: BRUTE)</font>
[11:22:22]ATTACK: <font color='red'>Carl Atkinson (apopheosis) attacked Unknown (arkblader) with brick (INTENT: HURT) (DAMTYE: BRUTE)</font>
[11:29:03]ATTACK: <font color='red'>Buck Fulton (tolwe) attacked Unknown () with bat (INTENT: HURT) (DAMTYE: BRUTE)</font>
[11:29:04]ATTACK: <font color='red'>Buck Fulton (tolwe) attacked Unknown () with bat (INTENT: HURT) (DAMTYE: BRUTE)</font>
[11:29:05]ATTACK: <font color='red'>Buck Fulton (tolwe) attacked Unknown () with bat (INTENT: HURT) (DAMTYE: BRUTE)</font>
[11:29:17]ATTACK: <font color='red'>Buck Fulton (tolwe) attacked Unknown () with scout (INTENT: HURT) (DAMTYE: BRUTE)</font>
[11:32:45]ATTACK: <font color='red'>Unknown (chrisik) attacked Carl Atkinson (apopheosis) with hammer (INTENT: HURT) (DAMTYE: BRUTE)</font>
[11:32:58]ATTACK: <font color='red'>Unknown (chrisik) attacked Carl Atkinson (apopheosis) with hammer (INTENT: HURT) (DAMTYE: BRUTE)</font>
[11:33:00]ATTACK: <font color='red'>Unknown (chrisik) attacked Carl Atkinson (apopheosis) with hammer (INTENT: HURT) (DAMTYE: BRUTE)</font>
[11:33:55]ATTACK: <font color='red'>Benjamin Potter (dangranos) grabbed the neck of Unknown ()</font>
[11:34:30]ATTACK: <font color='red'>Benjamin Potter (dangranos) implanted Benjamin Potter (dangranos) with Nanoaugmentation Implaner (Short-range Psionic Radar) (INTENT: GRAB)</font>
[11:34:41]ATTACK: <font color='red'>Benjamin Potter (dangranos) implanted Benjamin Potter (dangranos) with Nanoaugmentation Implaner (Regenerative Nanobots) (INTENT: GRAB)</font>
[11:43:49]ATTACK: <font color='red'>Atarabashi Nihondzin (editorrus) primed a frag grenade.</font>
[11:44:02]ATTACK: <font color='red'>Atarabashi Nihondzin (editorrus) shot Unknown (chrisik) with a the lead</font>
[11:44:04]ATTACK: <font color='red'>Atarabashi Nihondzin (editorrus) attacked Unknown (chrisik) with Trencher MK2 (INTENT: HELP) (DAMTYE: BRUTE)</font>
[11:44:06]ATTACK: <font color='red'>Atarabashi Nihondzin (editorrus) shot Unknown (chrisik) with a the lead</font>
[11:44:08]ATTACK: <font color='red'>Atarabashi Nihondzin (editorrus) shot Unknown (chrisik) with a the lead</font>
[11:45:57]ATTACK: <font color='red'>Unknown (drvod) was hit by the brick thrown by (Apopheosis)</font>
[11:46:00]ATTACK: <font color='red'>Jude King (apopheosis) disarmed Unknown (drvod)</font>
[11:46:01]ATTACK: <font color='red'>Jude King (apopheosis) disarmed Unknown (drvod)</font>
[11:46:02]ATTACK: <font color='red'>Jude King (apopheosis) disarmed Unknown (drvod)</font>
[11:46:03]ATTACK: <font color='red'>Jude King (apopheosis) disarmed Unknown (drvod)</font>
[11:46:04]ATTACK: <font color='red'>Unknown (drvod) disarmed Jude King (apopheosis)</font>
[11:46:04]ATTACK: <font color='red'>Jude King (apopheosis) disarmed Unknown (drvod)</font>
[11:46:05]ATTACK: <font color='red'>Jude King (apopheosis) disarmed Unknown (drvod)</font>
[11:46:06]ATTACK: <font color='red'>Unknown (drvod) disarmed Jude King (apopheosis)</font>
[11:46:11]ATTACK: <font color='red'>Jude King (apopheosis) attacked Unknown (drvod) with kitchen knife (INTENT: DISARM) (DAMTYE: BRUTE)</font>
[11:46:12]ATTACK: <font color='red'>Unknown (drvod) attacked Jude King (apopheosis) with brick (INTENT: DISARM) (DAMTYE: BRUTE)</font>
[11:46:12]ATTACK: <font color='red'>Jude King (apopheosis) attacked Unknown (drvod) with kitchen knife (INTENT: DISARM) (DAMTYE: BRUTE)</font>
[11:46:13]ATTACK: <font color='red'>Unknown (drvod) attacked Jude King (apopheosis) with brick (INTENT: DISARM) (DAMTYE: BRUTE)</font>
[11:46:16]ATTACK: <font color='red'>Jude King (apopheosis) attacked Unknown (drvod) with kitchen knife (INTENT: DISARM) (DAMTYE: BRUTE)</font>
[11:46:20]ATTACK: <font color='red'>Jude King (apopheosis) attacked Unknown (drvod) with kitchen knife (INTENT: DISARM) (DAMTYE: BRUTE)</font>
[11:46:22]ATTACK: <font color='red'>Atarabashi Nihondzin (editorrus) shot Zackary Losey (aidff) with a the lead</font>
[11:46:22]ATTACK: <font color='red'>Jude King (apopheosis) attacked Unknown (drvod) with kitchen knife (INTENT: DISARM) (DAMTYE: BRUTE)</font>
[11:46:23]ATTACK: <font color='red'>Atarabashi Nihondzin (editorrus) shot Zackary Losey (aidff) with a the lead</font>
[11:46:25]ATTACK: <font color='red'>Jude King (apopheosis) attacked Unknown (drvod) with kitchen knife (INTENT: DISARM) (DAMTYE: BRUTE)</font>
[11:46:26]ATTACK: <font color='red'>Jude King (apopheosis) attacked Unknown (drvod) with kitchen knife (INTENT: DISARM) (DAMTYE: BRUTE)</font>
[11:46:27]ATTACK: <font color='red'>Jude King (apopheosis) attacked Unknown (drvod) with kitchen knife (INTENT: DISARM) (DAMTYE: BRUTE)</font>
[11:46:29]ATTACK: <font color='red'>Jude King (apopheosis) attacked Unknown (drvod) with kitchen knife (INTENT: DISARM) (DAMTYE: BRUTE)</font>
[11:46:30]ATTACK: <font color='red'>Jude King (apopheosis) attacked Unknown (drvod) with kitchen knife (INTENT: DISARM) (DAMTYE: BRUTE)</font>
[11:46:31]ATTACK: <font color='red'>Jude King (apopheosis) attacked Unknown (drvod) with kitchen knife (INTENT: DISARM) (DAMTYE: BRUTE)</font>
[11:46:32]ATTACK: <font color='red'>Jude King (apopheosis) attacked Unknown (drvod) with kitchen knife (INTENT: DISARM) (DAMTYE: BRUTE)</font>
[11:46:35]ATTACK: <font color='red'>Jude King (apopheosis) attacked Unknown (drvod) with kitchen knife (INTENT: DISARM) (DAMTYE: BRUTE)</font>
[11:46:35]ATTACK: <font color='red'>Atarabashi Nihondzin (editorrus) Attempted to handcuff Zackary Losey (aidff)</font>
[11:46:36]ATTACK: <font color='red'>Jude King (apopheosis) attacked Unknown (drvod) with kitchen knife (INTENT: DISARM) (DAMTYE: BRUTE)</font>
[11:46:37]ATTACK: <font color='red'>Jude King (apopheosis) attacked Unknown (drvod) with kitchen knife (INTENT: DISARM) (DAMTYE: BRUTE)</font>
[11:46:42]ATTACK: <font color='red'>Jude King (apopheosis) disarmed Unknown (drvod)</font>
[11:48:23]ATTACK: <font color='red'>Unknown (apopheosis) primed a frag grenade.</font>
[11:48:26]ATTACK: <font color='red'>Benjamin Potter (dangranos) was hit by Frag Grenade MK2A7 thrown by (Apopheosis)</font>
[11:48:51]ATTACK: <font color='red'>Benjamin Potter (dangranos) attacked Unknown (apopheosis) with bat (INTENT: DISARM) (DAMTYE: BRUTE)</font>
[11:48:51]ATTACK: <font color='red'>Unknown (apopheosis) punched Benjamin Potter (dangranos)</font>
[11:48:52]ATTACK: <font color='red'>Benjamin Potter (dangranos) attacked Unknown (apopheosis) with bat (INTENT: DISARM) (DAMTYE: BRUTE)</font>
[11:48:53]ATTACK: <font color='red'>Unknown (apopheosis) disarmed Benjamin Potter (dangranos)</font>
[11:48:55]ATTACK: <font color='red'>Unknown (apopheosis) disarmed Benjamin Potter (dangranos)</font>
[11:48:56]ATTACK: <font color='red'>Unknown (apopheosis) disarmed Benjamin Potter (dangranos)</font>
[11:48:59]ATTACK: <font color='red'>Unknown (apopheosis) attacked Benjamin Potter (dangranos) with bat (INTENT: DISARM) (DAMTYE: BRUTE)</font>
[11:49:01]ATTACK: <font color='red'>Unknown (apopheosis) attacked Benjamin Potter (dangranos) with bat (INTENT: DISARM) (DAMTYE: BRUTE)</font>
[11:49:02]ATTACK: <font color='red'>Unknown (apopheosis) attacked Benjamin Potter (dangranos) with bat (INTENT: DISARM) (DAMTYE: BRUTE)</font>
[11:49:03]ATTACK: <font color='red'>Unknown (apopheosis) attacked Benjamin Potter (dangranos) with bat (INTENT: DISARM) (DAMTYE: BRUTE)</font>
[11:49:04]ATTACK: <font color='red'>Unknown (apopheosis) attacked Benjamin Potter (dangranos) with bat (INTENT: DISARM) (DAMTYE: BRUTE)</font>
[11:49:05]ATTACK: <font color='red'>Unknown (apopheosis) attacked Benjamin Potter (dangranos) with bat (INTENT: DISARM) (DAMTYE: BRUTE)</font>
[11:49:06]ATTACK: <font color='red'>Unknown (apopheosis) attacked Benjamin Potter (dangranos) with bat (INTENT: DISARM) (DAMTYE: BRUTE)</font>
[11:49:07]ATTACK: <font color='red'>Unknown (apopheosis) attacked Benjamin Potter (dangranos) with bat (INTENT: DISARM) (DAMTYE: BRUTE)</font>
[11:49:09]ATTACK: <font color='red'>Unknown (apopheosis) attacked Benjamin Potter (dangranos) with bat (INTENT: DISARM) (DAMTYE: BRUTE)</font>
[11:49:10]ATTACK: <font color='red'>Unknown (apopheosis) attacked Benjamin Potter (dangranos) with bat (INTENT: DISARM) (DAMTYE: BRUTE)</font>
[11:50:35]ATTACK: <font color='red'>Unknown (apopheosis) attacked Unknown (dangranos) with bat (INTENT: HURT) (DAMTYE: BRUTE)</font>
[11:50:36]ATTACK: <font color='red'>Unknown (apopheosis) attacked Unknown (dangranos) with bat (INTENT: HURT) (DAMTYE: BRUTE)</font>
[11:56:56]ATTACK: <font color='red'>Unknown (dangranos) punched Unknown (dangranos)</font>
[12:00:39]ATTACK: <font color='red'>Unknown (aidff) attacked Unknown (dangranos) with shard (INTENT: HURT) (DAMTYE: BRUTE)</font>
[12:00:40]ATTACK: <font color='red'>Unknown (aidff) attacked Unknown (dangranos) with shard (INTENT: HURT) (DAMTYE: BRUTE)</font>
[12:00:51]ATTACK: <font color='red'>Unknown (aidff) attacked Unknown (dangranos) with shard (INTENT: HURT) (DAMTYE: BRUTE)</font>
[12:00:52]ATTACK: <font color='red'>Unknown (aidff) attacked Unknown (dangranos) with shard (INTENT: HURT) (DAMTYE: BRUTE)</font>
[12:01:34]ATTACK: <font color='red'>Unknown (aidff) attacked Unknown (dangranos) with shard (INTENT: HURT) (DAMTYE: BRUTE)</font>
[12:01:35]ATTACK: <font color='red'>Unknown (aidff) attacked Unknown (dangranos) with shard (INTENT: HURT) (DAMTYE: BRUTE)</font>
[12:01:36]ATTACK: <font color='red'>Unknown (aidff) attacked Unknown (dangranos) with shard (INTENT: HURT) (DAMTYE: BRUTE)</font>
[12:01:39]ATTACK: <font color='red'>Unknown (aidff) attacked Unknown (dangranos) with shard (INTENT: HURT) (DAMTYE: BRUTE)</font>
[12:01:41]ATTACK: <font color='red'>Unknown (aidff) attacked Unknown (dangranos) with shard (INTENT: HURT) (DAMTYE: BRUTE)</font>
[12:01:42]ATTACK: <font color='red'>Unknown (aidff) attacked Unknown (dangranos) with shard (INTENT: HURT) (DAMTYE: BRUTE)</font>
[12:01:45]ATTACK: <font color='red'>Unknown (aidff) attacked Unknown (dangranos) with shard (INTENT: HURT) (DAMTYE: BRUTE)</font>
[12:01:46]ATTACK: <font color='red'>Unknown (aidff) attacked Unknown (dangranos) with shard (INTENT: HURT) (DAMTYE: BRUTE)</font>
[12:01:47]ATTACK: <font color='red'>Unknown (aidff) attacked Unknown (dangranos) with shard (INTENT: HURT) (DAMTYE: BRUTE)</font>
[12:01:57]ATTACK: <font color='red'>Unknown (aidff) punched Unknown (dangranos)</font>
[12:02:05]ATTACK: <font color='red'>Unknown (aidff) punched Unknown (dangranos)</font>
[12:02:06]ATTACK: <font color='red'>Unknown (aidff) punched Unknown (dangranos)</font>
[12:02:07]ATTACK: <font color='red'>Unknown (aidff) punched Unknown (dangranos)</font>
[12:02:50]ATTACK: <font color='red'>Unknown (aidff) punched Unknown (dangranos)</font>
[12:02:51]ATTACK: <font color='red'>Unknown (aidff) punched Unknown (dangranos)</font>
[12:02:52]ATTACK: <font color='red'>Unknown (aidff) punched Unknown (dangranos)</font>
[12:02:56]ATTACK: <font color='red'>Unknown (aidff) attacked Unknown (dangranos) with The Coin (INTENT: HURT) (DAMTYE: BRUTE)</font>
[12:02:57]ATTACK: <font color='red'>Unknown (aidff) attacked Unknown (dangranos) with The Coin (INTENT: HURT) (DAMTYE: BRUTE)</font>
[12:03:05]ATTACK: <font color='red'>Unknown (aidff) attacked Unknown (dangranos) with wirecutters (INTENT: HURT) (DAMTYE: BRUTE)</font>
[12:03:06]ATTACK: <font color='red'>Unknown (aidff) attacked Unknown (dangranos) with wirecutters (INTENT: HURT) (DAMTYE: BRUTE)</font>
[12:03:07]ATTACK: <font color='red'>Unknown (aidff) attacked Unknown (dangranos) with wirecutters (INTENT: HURT) (DAMTYE: BRUTE)</font>
[12:03:09]ATTACK: <font color='red'>Unknown (aidff) attacked Unknown (dangranos) with wirecutters (INTENT: HURT) (DAMTYE: BRUTE)</font>
[12:03:10]ATTACK: <font color='red'>Unknown (aidff) attacked Unknown (dangranos) with wirecutters (INTENT: HURT) (DAMTYE: BRUTE)</font>
[12:03:11]ATTACK: <font color='red'>Unknown (aidff) attacked Unknown (dangranos) with wirecutters (INTENT: HURT) (DAMTYE: BRUTE)</font>
[12:03:12]ATTACK: <font color='red'>Unknown (aidff) attacked Unknown (dangranos) with wirecutters (INTENT: HURT) (DAMTYE: BRUTE)</font>
[12:03:14]ATTACK: <font color='red'>Unknown (aidff) attacked Unknown (dangranos) with wirecutters (INTENT: HURT) (DAMTYE: BRUTE)</font>
[12:03:15]ATTACK: <font color='red'>Unknown (aidff) attacked Unknown (dangranos) with wirecutters (INTENT: HURT) (DAMTYE: BRUTE)</font>
[12:03:16]ATTACK: <font color='red'>Unknown (aidff) attacked Unknown (dangranos) with wirecutters (INTENT: HURT) (DAMTYE: BRUTE)</font>
[12:03:18]ATTACK: <font color='red'>Unknown (aidff) attacked Unknown (dangranos) with wirecutters (INTENT: HURT) (DAMTYE: BRUTE)</font>
[12:03:32]ATTACK: <font color='red'>Derrick Green (drvod) disarmed Unknown (apopheosis)</font>
[12:03:34]ATTACK: <font color='red'>Unknown (apopheosis) shot Derrick Green (drvod) with a the Bullet</font>
[12:03:40]ATTACK: <font color='red'>Derrick Green (drvod) disarmed Derrick Green (drvod)</font>
[12:03:44]ATTACK: <font color='red'>Unknown (apopheosis) shot Derrick Green (drvod) with a the Bullet</font>
[12:03:50]ATTACK: <font color='red'>Derrick Green (drvod) disarmed Unknown (apopheosis)</font>
[12:03:52]ATTACK: <font color='red'>Derrick Green (drvod) disarmed Unknown (apopheosis)</font>
[12:03:54]ATTACK: <font color='red'>Derrick Green (drvod) disarmed Unknown (apopheosis)</font>
[12:03:55]ATTACK: <font color='red'>Derrick Green (drvod) disarmed Unknown (apopheosis)</font>
[12:03:56]ATTACK: <font color='red'>Derrick Green (drvod) disarmed Unknown (apopheosis)</font>
[12:03:59]ATTACK: <font color='red'>Derrick Green (drvod) disarmed Unknown (apopheosis)</font>
[12:04:02]ATTACK: <font color='red'>Unknown (apopheosis) shot Derrick Green (drvod) with a the Bullet</font>
[12:04:09]ATTACK: <font color='red'>Unknown (apopheosis) attacked Unknown (drvod) with circular saw (INTENT: HURT) (DAMTYE: BRUTE)</font>
[12:04:10]ATTACK: <font color='red'>Unknown (apopheosis) attacked Unknown (drvod) with circular saw (INTENT: HURT) (DAMTYE: BRUTE)</font>
[12:04:12]ATTACK: <font color='red'>Unknown (apopheosis) attacked Unknown (drvod) with circular saw (INTENT: HURT) (DAMTYE: BRUTE)</font>
[12:04:13]ATTACK: <font color='red'>Unknown (apopheosis) attacked Unknown (drvod) with circular saw (INTENT: HURT) (DAMTYE: BRUTE)</font>
[12:05:46]ATTACK: <font color='red'>Holden Isemann (palputin) attacked Richard Dice (explorer42) with metal rods (INTENT: GRAB) (DAMTYE: BRUTE)</font>
[12:05:59]ATTACK: <font color='red'>Holden Isemann (palputin) attacked Richard Dice (explorer42) with metal rods (INTENT: GRAB) (DAMTYE: BRUTE)</font>
[12:06:03]ATTACK: <font color='red'>Holden Isemann (palputin) attacked Richard Dice (explorer42) with metal rods (INTENT: GRAB) (DAMTYE: BRUTE)</font>
[12:06:04]ATTACK: <font color='red'>Holden Isemann (palputin) attacked Richard Dice (explorer42) with metal rods (INTENT: GRAB) (DAMTYE: BRUTE)</font>
[12:06:04]ATTACK: <font color='red'>Richard Dice (explorer42) attacked Holden Isemann (palputin) with metal rods (INTENT: HURT) (DAMTYE: BRUTE)</font>
[12:06:10]ATTACK: <font color='red'>Holden Isemann (palputin) attacked Richard Dice (explorer42) with metal rods (INTENT: GRAB) (DAMTYE: BRUTE)</font>
[12:06:19]ATTACK: <font color='red'>Holden Isemann (palputin) attacked Unknown (explorer42) with metal rods (INTENT: GRAB) (DAMTYE: BRUTE)</font>
[12:06:22]ATTACK: <font color='red'>Unknown (explorer42) attacked Holden Isemann (palputin) with metal rods (INTENT: HURT) (DAMTYE: BRUTE)</font>
[12:06:25]ATTACK: <font color='red'>Holden Isemann (palputin) attacked Unknown (explorer42) with metal rods (INTENT: GRAB) (DAMTYE: BRUTE)</font>
[12:06:26]ATTACK: <font color='red'>Unknown (explorer42) attacked Holden Isemann (palputin) with metal rods (INTENT: HURT) (DAMTYE: BRUTE)</font>
[12:06:29]ATTACK: <font color='red'>Holden Isemann (palputin) attacked Unknown (explorer42) with metal rods (INTENT: GRAB) (DAMTYE: BRUTE)</font>
[12:06:30]ATTACK: <font color='red'>Unknown (explorer42) attacked Holden Isemann (palputin) with metal rods (INTENT: HURT) (DAMTYE: BRUTE)</font>
[12:06:30]ATTACK: <font color='red'>Holden Isemann (palputin) attacked Unknown (explorer42) with metal rods (INTENT: GRAB) (DAMTYE: BRUTE)</font>
[12:06:33]ATTACK: <font color='red'>Holden Isemann (palputin) attacked Unknown (explorer42) with metal rods (INTENT: GRAB) (DAMTYE: BRUTE)</font>
[12:06:34]ATTACK: <font color='red'>Holden Isemann (palputin) attacked Unknown (explorer42) with metal rods (INTENT: GRAB) (DAMTYE: BRUTE)</font>
[12:08:29]ATTACK: <font color='red'>Luke Cox (hobbocommunist) attacked Unknown () with bullet casing (INTENT: HURT) (DAMTYE: BRUTE)</font>
[12:09:25]ATTACK: <font color='red'>Garri Papetuhen (aidff) attacked Luke Cox (hobbocommunist) with shard (INTENT: HURT) (DAMTYE: BRUTE)</font>
[12:09:26]ATTACK: <font color='red'>Garri Papetuhen (aidff) attacked Luke Cox (hobbocommunist) with shard (INTENT: HURT) (DAMTYE: BRUTE)</font>
[12:09:27]ATTACK: <font color='red'>Garri Papetuhen (aidff) attacked Luke Cox (hobbocommunist) with shard (INTENT: HURT) (DAMTYE: BRUTE)</font>
[12:09:28]ATTACK: <font color='red'>Garri Papetuhen (aidff) attacked Luke Cox (hobbocommunist) with shard (INTENT: HURT) (DAMTYE: BRUTE)</font>
[12:09:29]ATTACK: <font color='red'>Garri Papetuhen (aidff) attacked Luke Cox (hobbocommunist) with shard (INTENT: HURT) (DAMTYE: BRUTE)</font>
[12:09:30]ATTACK: <font color='red'>Garri Papetuhen (aidff) attacked Luke Cox (hobbocommunist) with shard (INTENT: HURT) (DAMTYE: BRUTE)</font>
[12:09:37]ATTACK: <font color='red'>Garri Papetuhen (aidff) attacked Unknown (hobbocommunist) with wirecutters (INTENT: HURT) (DAMTYE: BRUTE)</font>
[12:09:38]ATTACK: <font color='red'>Garri Papetuhen (aidff) attacked Unknown (hobbocommunist) with wirecutters (INTENT: HURT) (DAMTYE: BRUTE)</font>
[12:09:39]ATTACK: <font color='red'>Garri Papetuhen (aidff) attacked Unknown (hobbocommunist) with wirecutters (INTENT: HURT) (DAMTYE: BRUTE)</font>
[12:09:41]ATTACK: <font color='red'>Garri Papetuhen (aidff) attacked Unknown (hobbocommunist) with wirecutters (INTENT: HURT) (DAMTYE: BRUTE)</font>
[12:09:42]ATTACK: <font color='red'>Garri Papetuhen (aidff) attacked Unknown (hobbocommunist) with wirecutters (INTENT: HURT) (DAMTYE: BRUTE)</font>
[12:09:43]ATTACK: <font color='red'>Garri Papetuhen (aidff) attacked Unknown (hobbocommunist) with wirecutters (INTENT: HURT) (DAMTYE: BRUTE)</font>
[12:09:44]ATTACK: <font color='red'>Garri Papetuhen (aidff) attacked Unknown (hobbocommunist) with wirecutters (INTENT: HURT) (DAMTYE: BRUTE)</font>
[12:09:45]ATTACK: <font color='red'>Garri Papetuhen (aidff) attacked Unknown (hobbocommunist) with wirecutters (INTENT: HURT) (DAMTYE: BRUTE)</font>
[12:09:46]ATTACK: <font color='red'>Garri Papetuhen (aidff) attacked Unknown (hobbocommunist) with wirecutters (INTENT: HURT) (DAMTYE: BRUTE)</font>
[12:09:48]ATTACK: <font color='red'>Garri Papetuhen (aidff) attacked Unknown (hobbocommunist) with wirecutters (INTENT: HURT) (DAMTYE: BRUTE)</font>
[12:12:24]ATTACK: <font color='red'>Atarabashi Nihondzin as (Zackary Losey) (editorrus) punched Atarabashi Nihondzin as (Zackary Losey) (editorrus)</font>
[12:12:38]ATTACK: <font color='red'>Unknown (apopheosis) shot Frank Woodward (stritirok) with a the Bullet</font>
[12:14:02]ATTACK: <font color='red'>Frank Woodward (stritirok) disarmed Frank Woodward (stritirok)</font>
[12:17:38]ATTACK: <font color='red'>Frank Woodward (stritirok) attacked Garri Papetuhen (aidff) with makeshift hatchet (INTENT: DISARM) (DAMTYE: BRUTE)</font>
[12:17:39]ATTACK: <font color='red'>Frank Woodward (stritirok) attacked Garri Papetuhen (aidff) with makeshift hatchet (INTENT: DISARM) (DAMTYE: BRUTE)</font>
[12:17:51]ATTACK: <font color='red'>Atarabashi Nihondzin as (Zackary Losey) (editorrus) attacked Unknown () with butcher's cleaver (INTENT: HURT) (DAMTYE: BRUTE)</font>
[12:17:52]ATTACK: <font color='red'>Atarabashi Nihondzin as (Zackary Losey) (editorrus) attacked Unknown () with butcher's cleaver (INTENT: HURT) (DAMTYE: BRUTE)</font>
[12:17:53]ATTACK: <font color='red'>Atarabashi Nihondzin as (Zackary Losey) (editorrus) attacked Unknown () with butcher's cleaver (INTENT: HURT) (DAMTYE: BRUTE)</font>
[12:19:30]ATTACK: <font color='red'>Atarabashi Nihondzin as (Zackary Losey) (editorrus) primed a flashbang.</font>
[12:19:50]ATTACK: <font color='red'>Atarabashi Nihondzin as (Zackary Losey) (editorrus) shot Garri Papetuhen (aidff) with a the lead</font>
[12:19:50]ATTACK: <font color='red'>Garri Papetuhen (aidff) attacked Unknown (apopheosis) with fire axe (INTENT: HURT) (DAMTYE: BRUTE)</font>
[12:19:53]ATTACK: <font color='red'>Atarabashi Nihondzin as (Zackary Losey) (editorrus) shot Unknown (apopheosis) with a the lead</font>
[12:19:53]ATTACK: <font color='red'>Atarabashi Nihondzin as (Zackary Losey) (editorrus) shot Garri Papetuhen (aidff) with a the lead</font>
[12:19:57]ATTACK: <font color='red'>Atarabashi Nihondzin as (Zackary Losey) (editorrus) shot Garri Papetuhen (aidff) with a the lead</font>
[12:19:57]ATTACK: <font color='red'>Unknown (apopheosis) shot Garri Papetuhen (aidff) with a the Fire Bullet</font>
[12:20:06]ATTACK: <font color='red'>Unknown (apopheosis) punched Unknown (apopheosis)</font>
[12:22:01]ATTACK: <font color='red'>Atarabashi Nihondzin as (Zackary Losey) (editorrus) fed Unknown (apopheosis) with Anti-toxins pill (INTENT: HURT)</font>
[12:24:58]ATTACK: <font color='red'>Atarabashi Nihondzin as (Zackary Losey) (editorrus) fed Unknown (apopheosis) with Bicaridine pill (INTENT: HURT)</font>
[12:27:54]ATTACK: <font color='red'>Atarabashi Nihondzin as (Zackary Losey) (editorrus) fed Unknown () with Inaprovaline pill (INTENT: HELP)</font>
[12:29:07]ATTACK: <font color='red'>Atarabashi Nihondzin as (Zackary Losey) (editorrus) attacked Unknown () with butcher's cleaver (INTENT: HELP) (DAMTYE: BRUTE)</font>
[12:29:08]ATTACK: <font color='red'>Atarabashi Nihondzin as (Zackary Losey) (editorrus) attacked Unknown () with butcher's cleaver (INTENT: HELP) (DAMTYE: BRUTE)</font>
[12:29:09]ATTACK: <font color='red'>Atarabashi Nihondzin as (Zackary Losey) (editorrus) attacked Unknown () with butcher's cleaver (INTENT: HELP) (DAMTYE: BRUTE)</font>
[12:29:10]ATTACK: <font color='red'>Atarabashi Nihondzin as (Zackary Losey) (editorrus) attacked Unknown () with butcher's cleaver (INTENT: HELP) (DAMTYE: BRUTE)</font>
[12:29:16]ATTACK: <font color='red'>Atarabashi Nihondzin as (Zackary Losey) (editorrus) attacked Unknown () with butcher's cleaver (INTENT: HELP) (DAMTYE: BRUTE)</font>
[12:29:17]ATTACK: <font color='red'>Atarabashi Nihondzin as (Zackary Losey) (editorrus) attacked Unknown () with butcher's cleaver (INTENT: HELP) (DAMTYE: BRUTE)</font>
[12:29:18]ATTACK: <font color='red'>Atarabashi Nihondzin as (Zackary Losey) (editorrus) attacked Unknown () with butcher's cleaver (INTENT: HELP) (DAMTYE: BRUTE)</font>
[12:29:19]ATTACK: <font color='red'>Atarabashi Nihondzin as (Zackary Losey) (editorrus) attacked Unknown () with butcher's cleaver (INTENT: HELP) (DAMTYE: BRUTE)</font>
[12:29:20]ATTACK: <font color='red'>Atarabashi Nihondzin as (Zackary Losey) (editorrus) attacked Unknown () with butcher's cleaver (INTENT: HELP) (DAMTYE: BRUTE)</font>
[12:29:21]ATTACK: <font color='red'>Atarabashi Nihondzin as (Zackary Losey) (editorrus) attacked Unknown () with butcher's cleaver (INTENT: HELP) (DAMTYE: BRUTE)</font>
[12:29:23]ATTACK: <font color='red'>Atarabashi Nihondzin as (Zackary Losey) (editorrus) attacked Unknown () with butcher's cleaver (INTENT: HELP) (DAMTYE: BRUTE)</font>
[12:29:24]ATTACK: <font color='red'>Atarabashi Nihondzin as (Zackary Losey) (editorrus) attacked Unknown () with butcher's cleaver (INTENT: HELP) (DAMTYE: BRUTE)</font>
[12:30:06]ATTACK: <font color='red'>Atarabashi Nihondzin as (Zackary Losey) (editorrus) attacked Unknown () with butcher's cleaver (INTENT: HELP) (DAMTYE: BRUTE)</font>
[12:30:12]ATTACK: <font color='red'>Atarabashi Nihondzin as (Zackary Losey) (editorrus) attacked Unknown () with butcher's cleaver (INTENT: HELP) (DAMTYE: BRUTE)</font>
[12:30:13]ATTACK: <font color='red'>Atarabashi Nihondzin as (Zackary Losey) (editorrus) attacked Unknown () with butcher's cleaver (INTENT: HELP) (DAMTYE: BRUTE)</font>
[12:30:14]ATTACK: <font color='red'>Atarabashi Nihondzin as (Zackary Losey) (editorrus) attacked Unknown () with butcher's cleaver (INTENT: HELP) (DAMTYE: BRUTE)</font>
[12:30:15]ATTACK: <font color='red'>Atarabashi Nihondzin as (Zackary Losey) (editorrus) attacked Unknown () with butcher's cleaver (INTENT: HELP) (DAMTYE: BRUTE)</font>
[12:30:21]ATTACK: <font color='red'>Atarabashi Nihondzin as (Zackary Losey) (editorrus) attacked Unknown () with butcher's cleaver (INTENT: HELP) (DAMTYE: BRUTE)</font>
[12:30:22]ATTACK: <font color='red'>Atarabashi Nihondzin as (Zackary Losey) (editorrus) attacked Unknown () with butcher's cleaver (INTENT: HELP) (DAMTYE: BRUTE)</font>
[12:30:24]ATTACK: <font color='red'>Atarabashi Nihondzin as (Zackary Losey) (editorrus) attacked Unknown () with butcher's cleaver (INTENT: HELP) (DAMTYE: BRUTE)</font>
[12:30:25]ATTACK: <font color='red'>Atarabashi Nihondzin as (Zackary Losey) (editorrus) attacked Unknown () with butcher's cleaver (INTENT: HELP) (DAMTYE: BRUTE)</font>
[12:30:26]ATTACK: <font color='red'>Atarabashi Nihondzin as (Zackary Losey) (editorrus) attacked Unknown () with butcher's cleaver (INTENT: HELP) (DAMTYE: BRUTE)</font>
[12:30:27]ATTACK: <font color='red'>Atarabashi Nihondzin as (Zackary Losey) (editorrus) attacked Unknown () with butcher's cleaver (INTENT: HELP) (DAMTYE: BRUTE)</font>
[12:30:28]ATTACK: <font color='red'>Atarabashi Nihondzin as (Zackary Losey) (editorrus) attacked Unknown () with butcher's cleaver (INTENT: HELP) (DAMTYE: BRUTE)</font>
[12:30:30]ATTACK: <font color='red'>Atarabashi Nihondzin as (Zackary Losey) (editorrus) attacked Unknown () with butcher's cleaver (INTENT: HELP) (DAMTYE: BRUTE)</font>
[12:30:31]ATTACK: <font color='red'>Atarabashi Nihondzin as (Zackary Losey) (editorrus) attacked Unknown () with butcher's cleaver (INTENT: HELP) (DAMTYE: BRUTE)</font>
[12:30:32]ATTACK: <font color='red'>Atarabashi Nihondzin as (Zackary Losey) (editorrus) attacked Unknown () with butcher's cleaver (INTENT: HELP) (DAMTYE: BRUTE)</font>
[12:30:33]ATTACK: <font color='red'>Atarabashi Nihondzin as (Zackary Losey) (editorrus) attacked Unknown () with butcher's cleaver (INTENT: HELP) (DAMTYE: BRUTE)</font>
[12:30:34]ATTACK: <font color='red'>Atarabashi Nihondzin as (Zackary Losey) (editorrus) attacked Unknown () with butcher's cleaver (INTENT: HELP) (DAMTYE: BRUTE)</font>
[12:30:41]ATTACK: <font color='red'>Atarabashi Nihondzin as (Zackary Losey) (editorrus) attacked Unknown () with butcher's cleaver (INTENT: HELP) (DAMTYE: BRUTE)</font>
[12:30:42]ATTACK: <font color='red'>Atarabashi Nihondzin as (Zackary Losey) (editorrus) attacked Unknown () with butcher's cleaver (INTENT: HELP) (DAMTYE: BRUTE)</font>
[12:30:43]ATTACK: <font color='red'>Atarabashi Nihondzin as (Zackary Losey) (editorrus) attacked Unknown () with butcher's cleaver (INTENT: HELP) (DAMTYE: BRUTE)</font>
[12:30:44]ATTACK: <font color='red'>Atarabashi Nihondzin as (Zackary Losey) (editorrus) attacked Unknown () with butcher's cleaver (INTENT: HELP) (DAMTYE: BRUTE)</font>
[12:30:45]ATTACK: <font color='red'>Atarabashi Nihondzin as (Zackary Losey) (editorrus) attacked Unknown () with butcher's cleaver (INTENT: HELP) (DAMTYE: BRUTE)</font>
[12:30:49]ATTACK: <font color='red'>Atarabashi Nihondzin as (Zackary Losey) (editorrus) attacked Unknown () with butcher's cleaver (INTENT: HELP) (DAMTYE: BRUTE)</font>
[12:30:51]ATTACK: <font color='red'>Atarabashi Nihondzin as (Zackary Losey) (editorrus) attacked Unknown () with butcher's cleaver (INTENT: HELP) (DAMTYE: BRUTE)</font>
[12:30:52]ATTACK: <font color='red'>Atarabashi Nihondzin as (Zackary Losey) (editorrus) attacked Unknown () with butcher's cleaver (INTENT: HELP) (DAMTYE: BRUTE)</font>
[12:30:53]ATTACK: <font color='red'>Atarabashi Nihondzin as (Zackary Losey) (editorrus) attacked Unknown () with butcher's cleaver (INTENT: HELP) (DAMTYE: BRUTE)</font>
[12:30:54]ATTACK: <font color='red'>Atarabashi Nihondzin as (Zackary Losey) (editorrus) attacked Unknown () with butcher's cleaver (INTENT: HELP) (DAMTYE: BRUTE)</font>
[12:30:55]ATTACK: <font color='red'>Atarabashi Nihondzin as (Zackary Losey) (editorrus) attacked Unknown () with butcher's cleaver (INTENT: HELP) (DAMTYE: BRUTE)</font>
[12:30:56]ATTACK: <font color='red'>Atarabashi Nihondzin as (Zackary Losey) (editorrus) attacked Unknown () with butcher's cleaver (INTENT: HELP) (DAMTYE: BRUTE)</font>
[12:30:58]ATTACK: <font color='red'>Atarabashi Nihondzin as (Zackary Losey) (editorrus) attacked Unknown () with butcher's cleaver (INTENT: HELP) (DAMTYE: BRUTE)</font>
[12:30:59]ATTACK: <font color='red'>Atarabashi Nihondzin as (Zackary Losey) (editorrus) attacked Unknown () with butcher's cleaver (INTENT: HELP) (DAMTYE: BRUTE)</font>
[12:31:02]ATTACK: <font color='red'>Atarabashi Nihondzin as (Zackary Losey) (editorrus) attacked Unknown () with butcher's cleaver (INTENT: HELP) (DAMTYE: BRUTE)</font>
[12:31:03]ATTACK: <font color='red'>Atarabashi Nihondzin as (Zackary Losey) (editorrus) attacked Unknown () with butcher's cleaver (INTENT: HELP) (DAMTYE: BRUTE)</font>
[12:31:04]ATTACK: <font color='red'>Atarabashi Nihondzin as (Zackary Losey) (editorrus) attacked Unknown () with butcher's cleaver (INTENT: HELP) (DAMTYE: BRUTE)</font>
[12:31:05]ATTACK: <font color='red'>Atarabashi Nihondzin as (Zackary Losey) (editorrus) attacked Unknown () with butcher's cleaver (INTENT: HELP) (DAMTYE: BRUTE)</font>
[12:31:07]ATTACK: <font color='red'>Atarabashi Nihondzin as (Zackary Losey) (editorrus) attacked Unknown () with butcher's cleaver (INTENT: HELP) (DAMTYE: BRUTE)</font>


Starting up. 12:44.36
---------------------

