

Starting up. 11:11.06
---------------------

[11:11:06]ADMIN: Loading jobban_rank
[11:11:06]ADMIN: jobban_keylist was empty
[11:11:06]ADMIN: Updating jobbanfile!
[11:11:06]ADMIN: Loading Banlist
Reading donators.txt
[11:11:29]ACCESS: Login: Alexix1989/(Alexix1989) from 127.0.0.1-1077927294 || BYOND v510
[11:11:29]ACCESS: Login: Alexix1989/(Alexix1989) from 127.0.0.1
[11:11:44]ADMIN: Alexix1989/(Alexix1989) delayed the game.
[11:12:29]ACCESS: Login: Silentium/(Silentium) from 176.108.6.17-2219538517 || BYOND v509
[11:12:29]ACCESS: Login: Silentium/(Silentium) from 176.108.6.17
[11:13:16]ACCESS: Login: Chrisik/(Chrisik) from 178.251.104.50-1840030698 || BYOND v510
[11:13:17]ACCESS: Login: Chrisik/(Chrisik) from 178.251.104.50
[11:14:40]ACCESS: Login: Tolwe/(Tolwe) from 89.23.153.177-869883513 || BYOND v510
[11:14:40]ACCESS: Login: Tolwe/(Tolwe) from 89.23.153.177
[11:16:05]ACCESS: Login: Apopheosis/(Apopheosis) from 178.219.156.7-10716156 || BYOND v510
[11:16:06]ACCESS: Login: Apopheosis/(Apopheosis) from 178.219.156.7
[11:17:19]ACCESS: Login: Arkblader/(Arkblader) from 78.132.235.7-3300796411 || BYOND v510
[11:17:19]ACCESS: Login: Arkblader/(Arkblader) from 78.132.235.7
[11:17:38]OOC: Silentium/Silentium : Подождём ещё минут п&#255;ть
[11:17:45]OOC: Silentium/Silentium : И запускаемс&#255;
[11:17:54]ACCESS: Login: Dangranos/(Dangranos) from 51.254.102.185-233908530 || BYOND v510
[11:17:54]ACCESS: Login: Dangranos/(Dangranos) from 51.254.102.185
[11:18:07]ACCESS: Logout: *no client*/(Dangranos)
[11:18:07]ACCESS: Login: Dangranos/(ghost) from 51.254.102.185-233908530 || BYOND v510
[11:18:26]OOC: Apopheosis/Apopheosis : Ееее рокк
[11:18:32]OOC: Chrisik/Chrisik : да запускай кака&#255; бл&#255;ть разница
[11:18:39]OOC: Edward Clewett/Dangranos : &#34;Daypart@
[11:18:42]OOC: Silentium/Silentium : Да ща ещё подключаютс&#255;
[11:18:43]OOC: Edward Clewett/Dangranos : *&#34;daypart&#34;
[11:18:47]OOC: Silentium/Silentium : До дес&#255;ти дойдём
[11:18:50]OOC: Silentium/Silentium : И поехали
[11:18:57]OOC: Edward Clewett/Dangranos : &#255; в обсерве :Р
[11:19:08]OOC: Tolwe/Tolwe : аааа
[11:19:10]OOC: Tolwe/Tolwe : &#255; пон&#255;л
[11:19:13]OOC: Tolwe/Tolwe : &#255; пон&#255;л да
[11:19:15]OOC: Tolwe/Tolwe : всее
[11:19:17]OOC: Tolwe/Tolwe : го
[11:19:45]OOC: Silentium/Silentium : Ладно, запускаю
[11:19:48]OOC: Silentium/Silentium : Потом ещё подкат&#255;тс&#255;
[11:19:52]ADMIN: Silentium/(Silentium) removed the delay.
[11:19:52]ACCESS: Logout: Alexix1989/(Alexix1989)
[11:20:05]OOC: Arkblader/Arkblader : Сайлентиум, где &#255; бл&#255;
[11:20:11]OOC: Silentium/Silentium : Респавн каждые 5 минут
[11:20:16]OOC: Silentium/Silentium : И да, это не каэсик
[11:20:21]OOC: Silentium/Silentium : Это шоу на выживание
[11:20:25]OOC: Silentium/Silentium : С крафтом и трапами
[11:20:37]OOC: Arkblader/Arkblader : где &#255; бл&#255;?!
[11:20:44]OOC: Silentium/Silentium : В чистилище, бл&#255;
[11:20:55]OOC: Arkblader/Arkblader : Нееее, там хардово
[11:21:04]ACCESS: Logout: *no client*/(Chrisik)
[11:21:04]ACCESS: Login: Chrisik/(Marcus Osterwise) from 178.251.104.50-1840030698 || BYOND v510
[11:21:04]ACCESS: Logout: *no client*/(Tolwe)
[11:21:04]ACCESS: Login: Tolwe/(Buck Fulton) from 89.23.153.177-869883513 || BYOND v510
[11:21:04]ACCESS: Logout: *no client*/(Apopheosis)
[11:21:04]ACCESS: Login: Apopheosis/(Carl Atkinson) from 178.219.156.7-10716156 || BYOND v510
[11:21:04]ACCESS: Logout: *no client*/(Arkblader)
[11:21:04]ACCESS: Login: Arkblader/(Colby Hawking) from 78.132.235.7-3300796411 || BYOND v510
[11:21:06]ACCESS: Logout: *no client*/(Silentium)
[11:21:06]ACCESS: Login: Silentium/(ghost) from 176.108.6.17-2219538517 || BYOND v509
[11:21:21]OOC: Edward Clewett/Dangranos : ШАГИ
[11:21:23]OOC: Edward Clewett/Dangranos : ЗВУКИ
[11:21:24]OOC: Marcus Osterwise/Chrisik : фпсик...
[11:21:26]OOC: Edward Clewett/Dangranos : ГРАФОН
[11:21:38]OOC: Edward Clewett/Dangranos : &#34;harpyness &#34;
[11:21:42]OOC: Edward Clewett/Dangranos : А это что?
[11:21:44]OOC: Ace Myles/Silentium : Это карма
[11:21:46]OOC: Edward Clewett/Dangranos : Гарпийность?
[11:21:57]OOC: Ace Myles/Silentium : Чем больше людей убиваешь - тем хуже ты выгл&#255;дишь, из раунда в раунд
[11:21:59]ADMIN: ATTACK: Carl Atkinson (apopheosis) attacked Colby Hawking (arkblader) with the brick.
[11:22:03]OOC: Ace Myles/Silentium : Тут база данных в код встроена
[11:22:09]ADMIN: ATTACK: Carl Atkinson (apopheosis) attacked Colby Hawking (arkblader) with the brick.
[11:22:10]ADMIN: ATTACK: Carl Atkinson (apopheosis) attacked Colby Hawking (arkblader) with the brick.
[11:22:13]ADMIN: ATTACK: Carl Atkinson (apopheosis) attacked Colby Hawking (arkblader) with the brick.
[11:22:14]ADMIN: ATTACK: Carl Atkinson (apopheosis) attacked Colby Hawking (arkblader) with the brick.
[11:22:15]EMOTE: Colby Hawking/Arkblader : <B>Colby Hawking</B> screams!
[11:22:15]ADMIN: ATTACK: Carl Atkinson (apopheosis) attacked Colby Hawking (arkblader) with the brick.
[11:22:16]EMOTE: Colby Hawking/Arkblader : <B>Colby Hawking</B> screams!
[11:22:17]ADMIN: ATTACK: Carl Atkinson (apopheosis) attacked Unknown (arkblader) with the brick.
[11:22:18]EMOTE: Unknown/Arkblader : <B>Unknown</B> screams!
[11:22:18]ADMIN: ATTACK: Carl Atkinson (apopheosis) attacked Unknown (arkblader) with the brick.
[11:22:19]EMOTE: Unknown/Arkblader : <B>Unknown</B> screams!
[11:22:19]EMOTE: Unknown/Arkblader : <B>Unknown</B> screams!
[11:22:19]ADMIN: ATTACK: Carl Atkinson (apopheosis) attacked Unknown (arkblader) with the brick.
[11:22:20]EMOTE: Unknown/Arkblader : <B>Unknown</B> screams!
[11:22:20]EMOTE: Unknown/Arkblader : <B>Unknown</B> screams!
[11:22:20]ADMIN: ATTACK: Carl Atkinson (apopheosis) attacked Unknown (arkblader) with the brick.
[11:22:20]OOC: Buck Fulton/Tolwe : че за &#255;ма бл&#255;ть
[11:22:21]EMOTE: Unknown/Arkblader : <B>Unknown</B> screams!
[11:22:21]EMOTE: Unknown/Arkblader : <B>Unknown</B> screams!
[11:22:21]ADMIN: ATTACK: Carl Atkinson (apopheosis) attacked Unknown (arkblader) with the brick.
[11:22:22]EMOTE: Unknown/Arkblader : <B>Unknown</B> screams!
[11:22:22]EMOTE: Unknown/Arkblader : <B>Unknown</B> screams!
[11:22:22]EMOTE: Unknown/Arkblader : <B>Unknown</B> screams!
[11:22:22]EMOTE: Unknown/Arkblader : <B>Unknown</B> seizes up and falls limp, his eyes dead and lifeless...
[11:22:22]ADMIN: ATTACK: Carl Atkinson (apopheosis) attacked Unknown (arkblader) with the brick.
[11:22:22]OOC: Ace Myles/Silentium : И да, вы таки можете выходить из канализации
[11:22:23]EMOTE: Unknown/Arkblader : <B>Unknown</B> screams!
[11:22:26]OOC: Buck Fulton/Tolwe : &#255; как у себ&#255; дома
[11:22:27]OOC: Ace Myles/Silentium : Не забывайте
[11:22:31]ADMIN: HELP: Arkblader/(Colby Hawking): И что 
[11:22:41]OOC: Edward Clewett/Dangranos : лол
[11:22:43]ADMIN: HELP: Arkblader/(Colby Hawking): Что за хуйн&#255;? Мен&#255; сразу парень убил
[11:22:48]ADMIN: PM: Silentium/(Ace Myles)->Arkblader/(Colby Hawking): Ну и вот. Держись подальше от мудаков
[11:22:58]ACCESS: Logout: *no client*/(Colby Hawking)
[11:22:58]ACCESS: Login: Arkblader/(Unknown) from 78.132.235.7-3300796411 || BYOND v510
[11:23:00]ADMIN: PM: Silentium/(Ace Myles)->Arkblader/(Unknown): Смотрел &#34;Бегущий по лезвию&#34;?
[11:23:08]ADMIN: PM: Silentium/(Ace Myles)->Arkblader/(Unknown): Примерно та же хуйн&#255;
[11:23:16]OOC: Buck Fulton/Tolwe : кноаки еквип нету
[11:23:20]ADMIN: PM: Silentium/(Ace Myles)->Arkblader/(Unknown): Респавн с КД на 5 минут
[11:23:22]OOC: Buck Fulton/Tolwe : дермо
[11:23:31]OOC: Ace Myles/Silentium : Это олдфажный билд
[11:23:46]GAME: Explosion with size (-1, -1, 2) in area Sewers 
[11:24:04]EMOTE: Carl Atkinson/Apopheosis : <B>Carl Atkinson</B> is having trouble keeping their eyes open.
[11:24:05]OOC: Carl Atkinson/Apopheosis : Мины на камни похожи
[11:24:07]OOC: Buck Fulton/Tolwe : &#255; не понимаю че это за мир
[11:24:19]OOC: Carl Atkinson/Apopheosis : Повидло
[11:24:34]OOC: Ace Myles/Silentium : &#34;Бегущий по лезвию&#34; смотрел?
[11:24:37]OOC: Ace Myles/Silentium : Та же хуйн&#255;
[11:24:41]OOC: Buck Fulton/Tolwe : в фоллыч 4 играл
[11:24:45]OOC: Carl Atkinson/Apopheosis : Может &#34;Бегущий человек&#34;?
[11:24:53]OOC: Ace Myles/Silentium : Да
[11:24:54]OOC: Buck Fulton/Tolwe : де тут синты?
[11:24:55]OOC: Ace Myles/Silentium : Я дебил
[11:24:57]OOC: Ace Myles/Silentium : Не важно
[11:24:57]OOC: Carl Atkinson/Apopheosis : &#34;Бегущий по лезвию&#34; - киберпанк
[11:25:14]OOC: Buck Fulton/Tolwe : &#255; наебнулс&#255; в &#255;му 
[11:25:16]OOC: Buck Fulton/Tolwe : как на луфе
[11:25:40]ACCESS: Login: EditorRUS/(EditorRUS) from 31.25.28.189-325787359 || BYOND v510
[11:25:40]ACCESS: Login: EditorRUS/(EditorRUS) from 31.25.28.189
[11:25:40]OOC: Buck Fulton/Tolwe : почему &#255; как &#255;щерица регенюсь жеско?
[11:25:47]OOC: Ace Myles/Silentium : Потому что ферн
[11:25:57]GAME: Explosion with size (-1, -1, 2) in area Sewers 
[11:26:05]OOC: Buck Fulton/Tolwe : бл&#255;т охуенно
[11:26:14]OOC: Carl Atkinson/Apopheosis : Нужно понерфить скорость передвижени&#255;
[11:26:16]OOC: Buck Fulton/Tolwe : ОЛДОВЫЙ БИЛД
[11:26:54]SAY: Buck Fulton/Tolwe : СУ4КААААА
[11:26:56]SAY: Buck Fulton/Tolwe : ААААА
[11:26:58]SAY: Buck Fulton/Tolwe : АААА
[11:27:02]SAY: Buck Fulton/Tolwe : АААААА
[11:27:04]OOC: Edward Clewett/Dangranos : Buck Fulton says, &#34;СУ4КААААА&#34;
[11:27:04]OOC: Carl Atkinson/Apopheosis : И еще
[11:27:07]SAY: Buck Fulton/Tolwe : АААААААА
[11:27:16]OOC: Carl Atkinson/Apopheosis : Нужно убрать саморегенирирующее здоровье
[11:27:19]OOC: Carl Atkinson/Apopheosis : А то не выживач
[11:27:27]GAME: Colby Hawking/Arkblader used abandon mob.
[11:27:27]ACCESS: Logout: *no client*/(Unknown)
[11:27:27]ACCESS: Login: Arkblader/(new player) from 78.132.235.7-3300796411 || BYOND v510
[11:27:30]SAY: Buck Fulton/Tolwe : ЭТО КРОВЬ ИЛИ КЕТЧУП
[11:27:33]ACCESS: Logout: *no client*/(new player)
[11:27:33]ACCESS: Login: Arkblader/(Brandon Willey) from 78.132.235.7-3300796411 || BYOND v510
[11:27:37]SAY: Unknown/Chrisik : Здарова.
[11:27:55]SAY: Buck Fulton/Tolwe : КАК ВЫЖЫТ
[11:28:30]EMOTE: Brandon Willey/Arkblader : <B>Brandon Willey</B> screams!
[11:28:31]OOC: Unknown/Chrisik : как собрать винтовку?
[11:28:33]ACCESS: Logout: *no client*/(EditorRUS)
[11:28:33]ACCESS: Login: EditorRUS/(Atarabashi Nihondzin) from 31.25.28.189-325787359 || BYOND v510
[11:28:38]OOC: Edward Clewett/Dangranos : ТУТ ЛООСа  НЕТУ
[11:28:39]OOC: Ace Myles/Silentium : Думай
[11:28:48]OOC: Ace Myles/Silentium : Тут крафт винтовки таки есть
[11:28:51]OOC: Ace Myles/Silentium : Да и не одной
[11:28:54]OOC: Brandon Willey/Arkblader : А хули у мен&#255; экран потух
[11:28:56]SAY: Buck Fulton/Tolwe : ТЫГЫДЫК
[11:29:03]ADMIN: ATTACK: Buck Fulton (tolwe) attacked Unknown () with the bat.
[11:29:04]ADMIN: Silentium/(Ace Myles) jumped to Arkblader/(Brandon Willey)
[11:29:04]ADMIN: ATTACK: Buck Fulton (tolwe) attacked Unknown () with the bat.
[11:29:05]ADMIN: ATTACK: Buck Fulton (tolwe) attacked Unknown () with the bat.
[11:29:06]SAY: Atarabashi Nihondzin/EditorRUS : Хм
[11:29:07]GAME: Explosion with size (-1, -1, 2) in area Sewers 
[11:29:08]OOC: Edward Clewett/Dangranos : &#34;Buck Fulton says, &#34;ТЫГЫДЫК&#34;&#34;
[11:29:13]SAY: Brandon Willey/Arkblader : Бл&#255;ть
[11:29:15]OOC: Edward Clewett/Dangranos : Смысл билда в одной фразе
[11:29:15]OOC: Atarabashi Nihondzin/EditorRUS : ТЫГЫДЫК
[11:29:17]ADMIN: ATTACK: Buck Fulton (tolwe) attacked Unknown () with the scout.
[11:29:21]OOC: Atarabashi Nihondzin/EditorRUS : КОНИ
[11:29:31]OOC: Ace Myles/Silentium : Ёбни мен&#255; палкой бро
[11:29:48]GAME: Explosion with size (-1, -1, 2) in area Sewers 
[11:29:54]SAY: Buck Fulton/Tolwe : БЛЯЯЯЯ
[11:29:56]ADMIN: Silentium/(Ace Myles) jumped to 90,23,1 in Sewers
[11:29:57]SAY: Buck Fulton/Tolwe : УМИРАЮ
[11:29:58]SAY: Buck Fulton/Tolwe : АААААЪ
[11:30:01]SAY: Buck Fulton/Tolwe : НИЕЕЕЕЕТ
[11:30:03]SAY: Buck Fulton/Tolwe : НИЕЕЕЕТ
[11:30:05]SAY: Buck Fulton/Tolwe : ДААААА
[11:30:14]EMOTE: Brandon Willey/Arkblader : <B>Brandon Willey</B> loud call out.
[11:30:16]GAME: Edward Clewett/Dangranos used abandon mob.
[11:30:16]ACCESS: Logout: *no client*/(Edward Clewett)
[11:30:16]ACCESS: Login: Dangranos/(new player) from 51.254.102.185-233908530 || BYOND v510
[11:30:19]EMOTE: Brandon Willey/Arkblader : <B>Brandon Willey</B> screams!
[11:30:21]EMOTE: Brandon Willey/Arkblader : <B>Brandon Willey</B> screams!
[11:30:22]EMOTE: Brandon Willey/Arkblader : <B>Brandon Willey</B> smiles.
[11:30:23]EMOTE: Brandon Willey/Arkblader : <B>Brandon Willey</B> smiles.
[11:30:24]ACCESS: Login: EgorkillerUA/(EgorkillerUA) from 87.76.237.221-737735838 || BYOND v510
[11:30:24]ACCESS: Login: EgorkillerUA/(EgorkillerUA) from 87.76.237.221
[11:30:24]EMOTE: Brandon Willey/Arkblader : <B>Brandon Willey</B> smiles.
[11:30:26]EMOTE: Brandon Willey/Arkblader : <B>Brandon Willey</B> sneezes.
[11:30:26]SAY: Buck Fulton/Tolwe : СУКА КАК ВЫБРАЦА
[11:30:28]EMOTE: Brandon Willey/Arkblader : <B>Brandon Willey</B> trembles in fear!
[11:30:29]EMOTE: Brandon Willey/Arkblader : <B>Brandon Willey</B> winks.
[11:30:30]EMOTE: Brandon Willey/Arkblader : <B>Brandon Willey</b> salutes.
[11:30:31]EMOTE: Brandon Willey/Arkblader : <B>Brandon Willey</B> giggles.
[11:30:32]EMOTE: Brandon Willey/Arkblader : <B>Brandon Willey</B> raises an eyebrow.
[11:30:34]EMOTE: Brandon Willey/Arkblader : <B>Brandon Willey</B> laughs.
[11:30:37]EMOTE: Brandon Willey/Arkblader : <B>Brandon Willey</B> laughs.
[11:30:39]EMOTE: Brandon Willey/Arkblader : <B>Brandon Willey</B> laughs.
[11:30:42]EMOTE: Brandon Willey/Arkblader : <B>Brandon Willey</B> laughs.
[11:30:43]EMOTE: Brandon Willey/Arkblader : <B>Brandon Willey</B> laughs.
[11:30:45]EMOTE: Brandon Willey/Arkblader : <B>Brandon Willey</B> laughs.
[11:30:46]EMOTE: Brandon Willey/Arkblader : <B>Brandon Willey</B> laughs.
[11:30:48]EMOTE: Brandon Willey/Arkblader : <B>Brandon Willey</B> laughs.
[11:30:58]SAY: Buck Fulton/Tolwe : БОЛТ
[11:31:05]OOC: Ace Myles/Silentium : https://discord.gg/36jdY
[11:31:11]OOC: Ace Myles/Silentium : Вот вам дискордоконфа Флегетона
[11:31:45]OOC: Buck Fulton/Tolwe : Да вы везде в чатиках сидите
[11:31:47]OOC: new player/Dangranos : за Convict лучше?
[11:31:49]OOC: Buck Fulton/Tolwe : в войсе никто не сидит
[11:31:50]GAME: Explosion with size (-1, -1, 2) in area Sewers 
[11:31:51]EMOTE: Buck Fulton/Tolwe : <B>Buck Fulton</B> screams!
[11:32:04]SAY: Buck Fulton/Tolwe : ХВАТИТ
[11:32:06]SAY: Buck Fulton/Tolwe : ВЗРЫВОВ
[11:32:09]SAY: Buck Fulton/Tolwe : ЧЕ ТАКОЕ
[11:32:24]ACCESS: Login: DrVod/(DrVod) from 78.154.164.202-3667878335 || BYOND v510
[11:32:24]ACCESS: Login: DrVod/(DrVod) from 78.154.164.202
[11:32:26]SAY: Buck Fulton/Tolwe : КАК В ЭТО ЖИТЬ
[11:32:45]ADMIN: ATTACK: Unknown (chrisik) attacked Carl Atkinson (apopheosis) with the hammer.
[11:32:50]ACCESS: Logout: *no client*/(new player)
[11:32:50]ACCESS: Login: Dangranos/(Benjamin Potter) from 51.254.102.185-233908530 || BYOND v510
[11:32:54]OOC: Benjamin Potter/Dangranos : БЛЯДЬ
[11:32:57]OOC: Benjamin Potter/Dangranos : ааа
[11:32:58]ADMIN: ATTACK: Unknown (chrisik) attacked Carl Atkinson (apopheosis) with the hammer.
[11:33:00]ADMIN: ATTACK: Unknown (chrisik) attacked Carl Atkinson (apopheosis) with the hammer.
[11:33:00]OOC: Benjamin Potter/Dangranos : лысый же..
[11:33:01]EMOTE: Carl Atkinson/Apopheosis : <B>Carl Atkinson</B> screams!
[11:33:02]EMOTE: Carl Atkinson/Apopheosis : <B>Carl Atkinson</B> screams!
[11:33:08]SAY: Unknown/Chrisik : Ебанутый, бл&#255;ть!
[11:33:31]SAY: Atarabashi Nihondzin/EditorRUS : Что?
[11:33:35]SAY: Buck Fulton/Tolwe : СУКА Я ВЫБРАЛСЯ НА ПОВЕРХНОСТЬ
[11:33:38]EMOTE: Unknown/Apopheosis : <B>Unknown</B> is having trouble keeping their eyes open.
[11:34:00]OOC: Ace Myles/Silentium : Ну как вам?
[11:34:08]OOC: Buck Fulton/Tolwe : шл&#255;па кака&#255;-то
[11:34:11]GAME: Explosion with size (-1, -1, 2) in area Sewers 
[11:34:12]OOC: Brandon Willey/Arkblader : Хуйн&#255; лагающа&#255;
[11:34:28]OOC: Ace Myles/Silentium : Это не лаги
[11:34:30]ADMIN: ATTACK: Benjamin Potter (dangranos) implanted Benjamin Potter (dangranos) with Nanoaugmentation Implaner (Short-range Psionic Radar).
[11:34:33]OOC: Unknown/Apopheosis : Сам ты хуйн&#255; лагающа&#255;
[11:34:33]OOC: Ace Myles/Silentium : На ферне это фича
[11:34:35]OOC: Brandon Willey/Arkblader : Но эмоуты и звук когда прошел по банке - охуенны
[11:34:36]OOC: Unknown/Apopheosis : Пошел нахуй
[11:34:36]OOC: Unknown/Chrisik : подскажи код от сейфа))
[11:34:41]ADMIN: ATTACK: Benjamin Potter (dangranos) implanted Benjamin Potter (dangranos) with Nanoaugmentation Implaner (Regenerative Nanobots).
[11:34:44]OOC: Ace Myles/Silentium : А подбирай))
[11:34:48]OOC: Unknown/Chrisik : долго))
[11:34:55]OOC: Ace Myles/Silentium : Две цифры же
[11:34:59]SAY: Buck Fulton/Tolwe : ЖИЗНЬ ЭТО БОЛЬ
[11:35:00]OOC: Unknown/Chrisik : не три?
[11:35:01]OOC: Brandon Willey/Arkblader : Пошел нахер пес смердивый
[11:35:02]OOC: Ace Myles/Silentium : Минут п&#255;ть подбирать максимум
[11:35:05]OOC: Ace Myles/Silentium : Две
[11:35:07]SAY: Buck Fulton/Tolwe : ПОЧЕМУ Я СРУ ЛЕПЕСТКАМИ РОЗ
[11:35:14]EMOTE: Unknown/Apopheosis : <B>Unknown</B> seizes up and falls limp, his eyes dead and lifeless...
[11:35:15]OOC: Ace Myles/Silentium : Кто там про пса спизданул?
[11:35:27]SAY: Buck Fulton/Tolwe : лепесточки лепестки
[11:35:31]ACCESS: Logout: *no client*/(Carl Atkinson)
[11:35:31]ACCESS: Login: Apopheosis/(Unknown) from 178.219.156.7-10716156 || BYOND v510
[11:35:39]SAY: Brandon Willey/Arkblader : Я афеозису
[11:35:46]OOC: Brandon Willey/Arkblader : Я афеозису
[11:35:55]SAY: Buck Fulton/Tolwe : ЛЯ ЛЯ ЛЯ
[11:35:58]SAY: Buck Fulton/Tolwe : ЖУ ЖУ ЖУ
[11:36:11]OOC: Ace Myles/Silentium : А, это ты тот парень в канализации, кричащий &#34;КАК В ЭТО ЖИТЬ&#34;
[11:36:14]GAME: Explosion with size (-1, -1, 2) in area Sewers 
[11:36:15]ACCESS: Logout: *no client*/(DrVod)
[11:36:15]ACCESS: Login: DrVod/(Davis Scott) from 78.154.164.202-3667878335 || BYOND v510
[11:36:25]OOC: Buck Fulton/Tolwe : это &#255;
[11:36:31]SAY: Benjamin Potter/Dangranos : Ах да..
[11:36:32]SAY: Benjamin Potter/Dangranos : Мины
[11:36:37]OOC: Buck Fulton/Tolwe : пиздец кровь кака&#255;-то не кровь
[11:36:43]OOC: Carl Atkinson/Apopheosis : Силентий
[11:36:46]OOC: Carl Atkinson/Apopheosis : Запили ФОВ
[11:36:56]OOC: Atarabashi Nihondzin/EditorRUS : Не взлеттит
[11:37:03]OOC: Ace Myles/Silentium : ФОВ?
[11:37:05]OOC: Ace Myles/Silentium : А
[11:37:11]OOC: Carl Atkinson/Apopheosis : Филд Оф Вию
[11:37:13]OOC: Ace Myles/Silentium : Не, Кэт один раз запилил
[11:37:20]SAY: Buck Fulton/Tolwe : опача
[11:37:24]SAY: Buck Fulton/Tolwe : дооормы
[11:37:28]OOC: Ace Myles/Silentium : Но он лагал - и его убрали
[11:37:40]OOC: Carl Atkinson/Apopheosis : Ну так ты сделай, шоб не лагал
[11:37:53]SAY: Buck Fulton/Tolwe : колпак
[11:37:58]OOC: Ace Myles/Silentium : &#34;шоб не лагал&#34; в код не дописываетс&#255;
[11:38:11]OOC: Carl Atkinson/Apopheosis : Ну сори тогда
[11:38:22]OOC: Carl Atkinson/Apopheosis : Если спрайтов нема - могу завезти
[11:38:32]OOC: Ace Myles/Silentium : Ну вот завезёшь - тогда посмотрим
[11:38:33]OOC: Benjamin Potter/Dangranos : АААА
[11:38:35]OOC: Benjamin Potter/Dangranos : СТОЛЫ
[11:38:47]OOC: Ace Myles/Silentium : На которые нельз&#255; залезть, да
[11:38:47]SAY: Buck Fulton/Tolwe : НИЕЕЕЕЕЕТ
[11:38:47]OOC: Carl Atkinson/Apopheosis : Кидаю тогда в дискорд
[11:38:49]OOC: Ace Myles/Silentium : Это тоже фича
[11:38:51]SAY: Brandon Willey/Arkblader : А зачем тут молоток?
[11:39:05]OOC: Brandon Willey/Arkblader : А зачем тут молоток
[11:39:18]SAY: Buck Fulton/Tolwe : Приветики
[11:39:53]OOC: Brandon Willey/Arkblader : Как тут сломать стену?
[11:39:53]EMOTE: Buck Fulton/Tolwe : <B>Buck Fulton</B> screams!
[11:40:06]SAY: Buck Fulton/Tolwe : ПЕС НАПАЛ
[11:40:08]OOC: Atarabashi Nihondzin/EditorRUS : Ложноножками
[11:40:13]SAY: Buck Fulton/Tolwe : ПЕС УБИЙЦА
[11:40:29]EMOTE: Buck Fulton/Tolwe : <B>Buck Fulton</B> screams!
[11:40:54]EMOTE: Atarabashi Nihondzin/EditorRUS : <B>Atarabashi Nihondzin</B> screams!
[11:40:56]OOC: Ace Myles/Silentium : Термитом же
[11:40:58]ACCESS: Login: Aidff/(Aidff) from 46.38.8.122-1264166171 || BYOND v510
[11:40:58]ACCESS: Login: Aidff/(Aidff) from 46.38.8.122
[11:41:02]EMOTE: Atarabashi Nihondzin/EditorRUS : <B>Atarabashi Nihondzin</B> screams!
[11:41:06]SAY: Davis Scott/DrVod : Xthn
[11:41:06]EMOTE: Atarabashi Nihondzin/EditorRUS : <B>Atarabashi Nihondzin</B> screams!
[11:41:07]SAY: Atarabashi Nihondzin/EditorRUS : Сука
[11:41:09]EMOTE: Buck Fulton/Tolwe : <B>Buck Fulton</B> gasps!
[11:41:13]OOC: Atarabashi Nihondzin/EditorRUS : Пес-пидор
[11:41:19]OOC: Atarabashi Nihondzin/EditorRUS : Сломал руку в один укус, охуенно просто
[11:41:28]SAY: Atarabashi Nihondzin/EditorRUS : Бл&#255;дство
[11:41:30]SAY: Atarabashi Nihondzin/EditorRUS : Псы налетели
[11:41:32]SAY: Benjamin Potter/Dangranos : Хмм?
[11:41:34]EMOTE: Buck Fulton/Tolwe : <B>Buck Fulton</B> seizes up and falls limp, his eyes dead and lifeless...
[11:41:36]SAY: Atarabashi Nihondzin/EditorRUS : Бака все
[11:42:18]EMOTE: Atarabashi Nihondzin/EditorRUS : <B>Atarabashi Nihondzin</B> screams!
[11:42:30]SAY: Atarabashi Nihondzin/EditorRUS : Бл&#255;ть
[11:42:39]ADMIN: HELP: EditorRUS/(Atarabashi Nihondzin): Не, ну это пушка нахуй
[11:42:42]ACCESS: Logout: Arkblader/(Brandon Willey)
[11:42:43]ADMIN: HELP: EditorRUS/(Atarabashi Nihondzin): Как &#255; умудрилс&#255;
[11:42:51]OOC: Benjamin Potter/Dangranos : ВОПРОС
[11:42:53]SAY: Unknown/Chrisik : Эй.
[11:42:55]SAY: Unknown/Chrisik : Как дела?
[11:42:56]EMOTE: Brandon Willey/Arkblader : <B>Brandon Willey</B> snores.
[11:42:57]SAY: Atarabashi Nihondzin/EditorRUS : Ты кто?
[11:43:00]OOC: Benjamin Potter/Dangranos : Почему &#255; костюм не могу надеть?
[11:43:02]SAY: Benjamin Potter/Dangranos : А?
[11:43:03]SAY: Unknown/Chrisik : Сдавайс&#255; и уйдешь отсюда живым.
[11:43:05]EMOTE: Brandon Willey/Arkblader : <B>Brandon Willey</B> snores.
[11:43:09]SAY: Unknown/Chrisik : Ты один.
[11:43:10]SAY: Atarabashi Nihondzin/EditorRUS : Там пидор с пушками
[11:43:15]SAY: Unknown/Chrisik : Где там?
[11:43:19]SAY: Benjamin Potter/Dangranos : Никого не знаю
[11:43:19]SAY: Atarabashi Nihondzin/EditorRUS : Вон стоит
[11:43:27]OOC: Buck Fulton/Tolwe : агони&#255; бл&#255;ть
[11:43:28]EMOTE: Brandon Willey/Arkblader : <B>Brandon Willey</B> snores.
[11:43:30]SAY: Unknown/Chrisik : У теб&#255; тоже пушки.
[11:43:33]OOC: Buck Fulton/Tolwe : смерть от псины
[11:43:34]SAY: Atarabashi Nihondzin/EditorRUS : Но &#255; не пидор
[11:43:37]EMOTE: Atarabashi Nihondzin/EditorRUS : <B>Atarabashi Nihondzin</B> laughs.
[11:43:40]OOC: Buck Fulton/Tolwe : пиздос
[11:43:40]SAY: Unknown/Chrisik : Пидор-пидор.
[11:43:42]SAY: Unknown/Chrisik : Сдавайс&#255;.
[11:43:44]EMOTE: Brandon Willey/Arkblader : <B>Brandon Willey</B> snores.
[11:43:49]ADMIN: ATTACK: Atarabashi Nihondzin (editorrus) primed a frag grenade.
[11:43:52]GAME: Explosion with size (-1, 0, 2) in area Quartermasters 
[11:43:54]EMOTE: Unknown/Chrisik : <B>Unknown</B> screams!
[11:43:55]EMOTE: Unknown/Chrisik : <B>Unknown</B> screams!
[11:43:55]EMOTE: Unknown/Chrisik : <B>Unknown</B> seizes up and falls limp, his eyes dead and lifeless...
[11:44:02]ADMIN: ATTACK: Atarabashi Nihondzin (editorrus) shot Unknown (chrisik) with the lead.
[11:44:04]ADMIN: ATTACK: Atarabashi Nihondzin (editorrus) attacked Unknown (chrisik) with Trencher MK2.
[11:44:06]ADMIN: ATTACK: Atarabashi Nihondzin (editorrus) shot Unknown (chrisik) with the lead.
[11:44:08]ADMIN: ATTACK: Atarabashi Nihondzin (editorrus) shot Unknown (chrisik) with the lead.
[11:44:10]GAME: Carl Atkinson/Apopheosis used abandon mob.
[11:44:10]ACCESS: Logout: *no client*/(Unknown)
[11:44:10]ACCESS: Login: Apopheosis/(new player) from 178.219.156.7-10716156 || BYOND v510
[11:44:11]SAY: Atarabashi Nihondzin/EditorRUS : Все
[11:44:12]OOC: Benjamin Potter/Dangranos : ЭКВИП ПО ДАБЛКЛИКУ
[11:44:13]EMOTE: Brandon Willey/Arkblader : <B>Brandon Willey</B> snores.
[11:44:14]ACCESS: Logout: *no client*/(new player)
[11:44:14]ACCESS: Login: Apopheosis/(Jude King) from 178.219.156.7-10716156 || BYOND v510
[11:44:15]SAY: Atarabashi Nihondzin/EditorRUS : Все
[11:44:16]SAY: Atarabashi Nihondzin/EditorRUS : Он того
[11:44:17]OOC: Benjamin Potter/Dangranos : Нунахуй так
[11:44:19]OOC: Unknown/Chrisik : ыых сука а куда делась мо&#255; граната
[11:44:19]EMOTE: Brandon Willey/Arkblader : <B>Brandon Willey</B> snores.
[11:44:23]ACCESS: Logout: *no client*/(Marcus Osterwise)
[11:44:23]ACCESS: Login: Chrisik/(Unknown) from 178.251.104.50-1840030698 || BYOND v510
[11:44:26]EMOTE: Brandon Willey/Arkblader : <B>Brandon Willey</B> snores.
[11:44:28]ACCESS: Logout: Tolwe/(Buck Fulton)
[11:44:31]EMOTE: Brandon Willey/Arkblader : <B>Brandon Willey</B> snores.
[11:44:38]OOC: Marcus Osterwise/Chrisik : ладно надо похавать себе сделать может вернусь
[11:44:43]ACCESS: Logout: *no client*/(Aidff)
[11:44:43]ACCESS: Login: Aidff/(Zackary Losey) from 46.38.8.122-1264166171 || BYOND v510
[11:44:48]OOC: Marcus Osterwise/Chrisik : а билд очень старый, непривычно стало.
[11:44:51]EMOTE: Brandon Willey/Arkblader : <B>Brandon Willey</B> snores.
[11:45:11]OOC: Marcus Osterwise/Chrisik :  но чет аж на душе тепло стало когда луталс&#255;
[11:45:11]EMOTE: Brandon Willey/Arkblader : <B>Brandon Willey</B> snores.
[11:45:22]EMOTE: Brandon Willey/Arkblader : <B>Brandon Willey</B> snores.
[11:45:23]EMOTE: Brandon Willey/Arkblader : <B>Brandon Willey</B> snores.
[11:45:41]SAY: Zackary Losey/Aidff : Эхем
[11:45:51]EMOTE: Brandon Willey/Arkblader : <B>Brandon Willey</B> snores.
[11:45:53]SAY: Atarabashi Nihondzin/EditorRUS : Не стоит идти туда
[11:45:55]SAY: Atarabashi Nihondzin/EditorRUS : Уважаемый
[11:45:57]ADMIN: ATTACK: Unknown (drvod) was hit by the brick thrown by (Apopheosis)
[11:45:57]SAY: Atarabashi Nihondzin/EditorRUS : Пройдите нахуй
[11:46:00]ADMIN: ATTACK: Unknown (drvod) disarmed Jude King (apopheosis).
[11:46:01]ADMIN: ATTACK: Unknown (drvod) disarmed Jude King (apopheosis).
[11:46:02]ADMIN: ATTACK: Unknown (drvod) disarmed Jude King (apopheosis).
[11:46:03]ADMIN: ATTACK: Unknown (drvod) disarmed Jude King (apopheosis).
[11:46:04]SAY: Zackary Losey/Aidff : Ты какой-то нервный
[11:46:04]ADMIN: ATTACK: Jude King (apopheosis) disarmed Unknown (drvod).
[11:46:04]ADMIN: ATTACK: Unknown (drvod) disarmed Jude King (apopheosis).
[11:46:05]ADMIN: ATTACK: Unknown (drvod) disarmed Jude King (apopheosis).
[11:46:06]ADMIN: ATTACK: Jude King (apopheosis) disarmed Unknown (drvod).
[11:46:06]SAY: Zackary Losey/Aidff : Китаец
[11:46:07]EMOTE: Brandon Willey/Arkblader : <B>Brandon Willey</B> snores.
[11:46:08]SAY: Atarabashi Nihondzin/EditorRUS : У теб&#255; три секунды
[11:46:11]ADMIN: ATTACK: Jude King (apopheosis) attacked Unknown (drvod) with the kitchen knife.
[11:46:12]ADMIN: ATTACK: Unknown (drvod) attacked Jude King (apopheosis) with the brick.
[11:46:12]ADMIN: ATTACK: Jude King (apopheosis) attacked Unknown (drvod) with the kitchen knife.
[11:46:13]ADMIN: ATTACK: Unknown (drvod) attacked Jude King (apopheosis) with the brick.
[11:46:14]EMOTE: Brandon Willey/Arkblader : <B>Brandon Willey</B> snores.
[11:46:16]ADMIN: ATTACK: Jude King (apopheosis) attacked Unknown (drvod) with the kitchen knife.
[11:46:20]ADMIN: ATTACK: Jude King (apopheosis) attacked Unknown (drvod) with the kitchen knife.
[11:46:22]ADMIN: ATTACK: Atarabashi Nihondzin (editorrus) shot Zackary Losey (aidff) with the lead.
[11:46:22]ADMIN: ATTACK: Jude King (apopheosis) attacked Unknown (drvod) with the kitchen knife.
[11:46:23]ADMIN: ATTACK: Atarabashi Nihondzin (editorrus) shot Zackary Losey (aidff) with the lead.
[11:46:25]EMOTE: Zackary Losey/Aidff : <B>Zackary Losey</B> screams!
[11:46:25]ADMIN: ATTACK: Jude King (apopheosis) attacked Unknown (drvod) with the kitchen knife.
[11:46:26]ADMIN: ATTACK: Jude King (apopheosis) attacked Unknown (drvod) with the kitchen knife.
[11:46:27]ACCESS: Logout: Chrisik/(Unknown)
[11:46:27]ADMIN: ATTACK: Jude King (apopheosis) attacked Unknown (drvod) with the kitchen knife.
[11:46:28]EMOTE: Unknown/DrVod : <B>Unknown</B> screams!
[11:46:29]ADMIN: ATTACK: Jude King (apopheosis) attacked Unknown (drvod) with the kitchen knife.
[11:46:29]EMOTE: Unknown/DrVod : <B>Unknown</B> screams!
[11:46:30]EMOTE: Unknown/DrVod : <B>Unknown</B> screams!
[11:46:30]ADMIN: ATTACK: Jude King (apopheosis) attacked Unknown (drvod) with the kitchen knife.
[11:46:31]EMOTE: Unknown/DrVod : <B>Unknown</B> screams!
[11:46:31]ADMIN: ATTACK: Jude King (apopheosis) attacked Unknown (drvod) with the kitchen knife.
[11:46:31]SAY: Atarabashi Nihondzin/EditorRUS : Сам того захотел
[11:46:32]EMOTE: Unknown/DrVod : <B>Unknown</B> screams!
[11:46:32]EMOTE: Unknown/DrVod : <B>Unknown</B> screams!
[11:46:32]ADMIN: ATTACK: Jude King (apopheosis) attacked Unknown (drvod) with the kitchen knife.
[11:46:33]EMOTE: Unknown/DrVod : <B>Unknown</B> seizes up and falls limp, his eyes dead and lifeless...
[11:46:33]SAY: Benjamin Potter/Dangranos : А этот чего?
[11:46:33]EMOTE: Unknown/DrVod : <B>Unknown</B> screams!
[11:46:33]EMOTE: Unknown/DrVod : <B>Unknown</B> screams!
[11:46:35]ADMIN: ATTACK: Jude King (apopheosis) attacked Unknown (drvod) with the kitchen knife.
[11:46:35]ADMIN: ATTACK: Atarabashi Nihondzin (editorrus) handcuffed Zackary Losey (aidff).
[11:46:36]ADMIN: ATTACK: Jude King (apopheosis) attacked Unknown (drvod) with the kitchen knife.
[11:46:37]ADMIN: ATTACK: Jude King (apopheosis) attacked Unknown (drvod) with the kitchen knife.
[11:46:37]EMOTE: Brandon Willey/Arkblader : <B>Brandon Willey</B> snores.
[11:46:37]SAY: Atarabashi Nihondzin/EditorRUS : РД же
[11:46:42]ADMIN: ATTACK: Unknown (drvod) disarmed Jude King (apopheosis).
[11:46:46]EMOTE: Brandon Willey/Arkblader : <B>Brandon Willey</B> snores.
[11:46:52]SAY: Atarabashi Nihondzin/EditorRUS : Хм.
[11:46:52]EMOTE: Brandon Willey/Arkblader : <B>Brandon Willey</B> snores.
[11:47:16]OOC: Atarabashi Nihondzin/EditorRUS : Ух, пора бикаридин вспомнить
[11:47:27]OOC: Atarabashi Nihondzin/EditorRUS : Я уже даже рецепта не помню
[11:47:28]EMOTE: Brandon Willey/Arkblader : <B>Brandon Willey</B> snores.
[11:47:29]OOC: Benjamin Potter/Dangranos : А &#255; импланты нашел
[11:47:38]ACCESS: Logout: *no client*/(Davis Scott)
[11:47:38]ACCESS: Login: DrVod/(Unknown) from 78.154.164.202-3667878335 || BYOND v510
[11:47:51]EMOTE: Brandon Willey/Arkblader : <B>Brandon Willey</B> snores.
[11:48:23]ADMIN: ATTACK: Unknown (apopheosis) primed a frag grenade.
[11:48:25]EMOTE: Zackary Losey/Aidff : <B>Zackary Losey</B> loud call out.
[11:48:26]ADMIN: ATTACK: Benjamin Potter (dangranos) was hit by Frag Grenade MK2A7 thrown by (Apopheosis)
[11:48:26]GAME: Explosion with size (-1, 0, 2) in area Quartermasters 
[11:48:27]EMOTE: Brandon Willey/Arkblader : <B>Brandon Willey</B> snores.
[11:48:27]EMOTE: Zackary Losey/Aidff : <B>Zackary Losey</B> loud call out.
[11:48:29]EMOTE: Zackary Losey/Aidff : <B>Zackary Losey</B> coughs!
[11:48:30]EMOTE: Zackary Losey/Aidff : <B>Zackary Losey</B> bows.
[11:48:32]EMOTE: Brandon Willey/Arkblader : <B>Brandon Willey</B> snores.
[11:48:32]EMOTE: Zackary Losey/Aidff : <B>Zackary Losey</B> coughs!
[11:48:33]EMOTE: Zackary Losey/Aidff : <B>Zackary Losey</B> coughs!
[11:48:34]EMOTE: Zackary Losey/Aidff : <B>Zackary Losey</B> coughs!
[11:48:35]EMOTE: Zackary Losey/Aidff : <B>Zackary Losey</B> coughs!
[11:48:38]SAY: Atarabashi Nihondzin/EditorRUS : Браво
[11:48:39]EMOTE: Brandon Willey/Arkblader : <B>Brandon Willey</B> snores.
[11:48:40]EMOTE: Brandon Willey/Arkblader : <B>Brandon Willey</B> snores.
[11:48:42]SAY: Benjamin Potter/Dangranos : Сука
[11:48:42]EMOTE: Zackary Losey/Aidff : <B>Zackary Losey</B> seizes up and falls limp, his eyes dead and lifeless...
[11:48:47]ACCESS: Logout: *no client*/(Zackary Losey)
[11:48:47]ACCESS: Login: Aidff/(Zackary Losey) from 46.38.8.122-1264166171 || BYOND v510
[11:48:50]EMOTE: Brandon Willey/Arkblader : <B>Brandon Willey</B> snores.
[11:48:51]ADMIN: ATTACK: Benjamin Potter (dangranos) attacked Unknown (apopheosis) with the bat.
[11:48:51]ADMIN: ATTACK: Unknown (apopheosis) punched Benjamin Potter (dangranos).
[11:48:52]ADMIN: ATTACK: Benjamin Potter (dangranos) attacked Unknown (apopheosis) with the bat.
[11:48:53]EMOTE: Brandon Willey/Arkblader : <B>Brandon Willey</B> snores.
[11:48:53]ADMIN: ATTACK: Benjamin Potter (dangranos) disarmed Unknown (apopheosis).
[11:48:55]ADMIN: ATTACK: Benjamin Potter (dangranos) disarmed Unknown (apopheosis).
[11:48:56]ADMIN: ATTACK: Benjamin Potter (dangranos) disarmed Unknown (apopheosis).
[11:48:58]EMOTE: Atarabashi Nihondzin/EditorRUS : <B>Atarabashi Nihondzin</B> жует попкорн
[11:48:59]ADMIN: ATTACK: Unknown (apopheosis) attacked Benjamin Potter (dangranos) with the bat.
[11:49:01]ADMIN: ATTACK: Unknown (apopheosis) attacked Benjamin Potter (dangranos) with the bat.
[11:49:01]EMOTE: Brandon Willey/Arkblader : <B>Brandon Willey</B> snores.
[11:49:02]ADMIN: ATTACK: Unknown (apopheosis) attacked Benjamin Potter (dangranos) with the bat.
[11:49:03]ADMIN: ATTACK: Unknown (apopheosis) attacked Benjamin Potter (dangranos) with the bat.
[11:49:04]ADMIN: ATTACK: Unknown (apopheosis) attacked Benjamin Potter (dangranos) with the bat.
[11:49:05]ADMIN: ATTACK: Unknown (apopheosis) attacked Benjamin Potter (dangranos) with the bat.
[11:49:06]ADMIN: ATTACK: Unknown (apopheosis) attacked Benjamin Potter (dangranos) with the bat.
[11:49:07]SAY: Atarabashi Nihondzin/EditorRUS : Все
[11:49:07]ADMIN: ATTACK: Unknown (apopheosis) attacked Benjamin Potter (dangranos) with the bat.
[11:49:09]ADMIN: ATTACK: Unknown (apopheosis) attacked Benjamin Potter (dangranos) with the bat.
[11:49:10]ADMIN: ATTACK: Unknown (apopheosis) attacked Benjamin Potter (dangranos) with the bat.
[11:49:12]EMOTE: Benjamin Potter/Dangranos : <B>Benjamin Potter</B> screams!
[11:49:13]EMOTE: Benjamin Potter/Dangranos : <B>Benjamin Potter</B> screams!
[11:49:25]SAY: Atarabashi Nihondzin/EditorRUS : Съебал
[11:49:28]SAY: Unknown/Dangranos : С-Сука..
[11:49:32]SAY: Unknown/Dangranos : Ничего н-н-не с-с-слышу
[11:49:40]SAY: Atarabashi Nihondzin/EditorRUS : На
[11:49:42]SAY: Atarabashi Nihondzin/EditorRUS : Залатайс&#255;
[11:49:52]OOC: Unknown/Apopheosis : Вот какие страсти в бункере то
[11:49:53]EMOTE: Brandon Willey/Arkblader : <B>Brandon Willey</B> snores.
[11:50:07]EMOTE: Brandon Willey/Arkblader : <B>Brandon Willey</B> snores.
[11:50:10]EMOTE: Brandon Willey/Arkblader : <B>Brandon Willey</B> snores.
[11:50:11]EMOTE: Brandon Willey/Arkblader : <B>Brandon Willey</B> snores.
[11:50:17]SAY: Unknown/Dangranos : УШИ
[11:50:33]EMOTE: Brandon Willey/Arkblader : <B>Brandon Willey</B> snores.
[11:50:35]ADMIN: ATTACK: Unknown (apopheosis) attacked Unknown (dangranos) with the bat.
[11:50:36]ADMIN: ATTACK: Unknown (apopheosis) attacked Unknown (dangranos) with the bat.
[11:50:38]EMOTE: Brandon Willey/Arkblader : <B>Brandon Willey</B> snores.
[11:50:39]EMOTE: Brandon Willey/Arkblader : <B>Brandon Willey</B> snores.
[11:50:41]EMOTE: Brandon Willey/Arkblader : <B>Brandon Willey</B> snores.
[11:50:48]SAY: Unknown/Dangranos : Бл&#255;..
[11:50:48]EMOTE: Brandon Willey/Arkblader : <B>Brandon Willey</B> snores.
[11:50:58]EMOTE: Brandon Willey/Arkblader : <B>Brandon Willey</B> snores.
[11:51:02]EMOTE: Brandon Willey/Arkblader : <B>Brandon Willey</B> snores.
[11:51:17]EMOTE: Brandon Willey/Arkblader : <B>Brandon Willey</B> snores.
[11:51:20]EMOTE: Brandon Willey/Arkblader : <B>Brandon Willey</B> snores.
[11:51:30]SAY: Unknown/Dangranos : Где он?
[11:51:33]SAY: Atarabashi Nihondzin as (Zackary Losey)/EditorRUS : На мыло пытаетс&#255;
[11:51:35]SAY: Atarabashi Nihondzin as (Zackary Losey)/EditorRUS : Небось
[11:51:37]SAY: Atarabashi Nihondzin as (Zackary Losey)/EditorRUS : Не ходи
[11:51:48]SAY: Unknown/Dangranos : Там
[11:51:52]GAME: Davis Scott/DrVod used abandon mob.
[11:51:52]ACCESS: Logout: *no client*/(Unknown)
[11:51:52]ACCESS: Login: DrVod/(new player) from 78.154.164.202-3667878335 || BYOND v510
[11:52:06]SAY: Unknown/Dangranos : Снизу
[11:52:09]SAY: Unknown/Dangranos : Снищу
[11:52:09]EMOTE: Brandon Willey/Arkblader : <B>Brandon Willey</B> snores.
[11:52:12]EMOTE: Brandon Willey/Arkblader : <B>Brandon Willey</B> snores.
[11:52:14]EMOTE: Brandon Willey/Arkblader : <B>Brandon Willey</B> snores.
[11:52:21]ACCESS: Logout: *no client*/(new player)
[11:52:21]ACCESS: Login: DrVod/(Derrick Green) from 78.154.164.202-3667878335 || BYOND v510
[11:52:23]EMOTE: Brandon Willey/Arkblader : <B>Brandon Willey</B> snores.
[11:52:33]EMOTE: Brandon Willey/Arkblader : <B>Brandon Willey</B> snores.
[11:52:40]EMOTE: Brandon Willey/Arkblader : <B>Brandon Willey</B> snores.
[11:52:42]SAY: Atarabashi Nihondzin/EditorRUS : Не могу
[11:52:45]SAY: Atarabashi Nihondzin/EditorRUS : Карта РД не работает
[11:52:58]EMOTE: Brandon Willey/Arkblader : <B>Brandon Willey</B> snores.
[11:53:12]SAY: Atarabashi Nihondzin as (Zackary Losey)/EditorRUS : Он внизу
[11:53:17]EMOTE: Brandon Willey/Arkblader : <B>Brandon Willey</B> snores.
[11:53:18]SAY: Atarabashi Nihondzin as (Zackary Losey)/EditorRUS : Сдавайс&#255;
[11:53:19]SAY: Atarabashi Nihondzin as (Zackary Losey)/EditorRUS : Просто
[11:53:25]SAY: Unknown/Apopheosis : Сдаюсь
[11:53:26]EMOTE: Brandon Willey/Arkblader : <B>Brandon Willey</B> snores.
[11:53:41]EMOTE: Unknown/Apopheosis : <B>Unknown</B> raises a hand.
[11:53:43]OOC: Ace Myles/Silentium : Ну как вам мо&#255; параша?
[11:53:44]SAY: Atarabashi Nihondzin as (Zackary Losey)/EditorRUS : А ты у нас, собственно, кто?
[11:53:51]OOC: Unknown/Dangranos : радио где блин
[11:53:53]SAY: Unknown/Apopheosis : Я просто пришел сюда за припасами
[11:53:59]SAY: Unknown/Dangranos : На св&#255;зи?
[11:54:01]SAY: Unknown/Apopheosis : Подн&#255;лс&#255; наверх
[11:54:04]OOC: Ace Myles/Silentium : В канализации есть, в мастерской и много ещё где
[11:54:07]SAY: Unknown/Apopheosis : Твой напарник на мен&#255; напал.
[11:54:12]EMOTE: Brandon Willey/Arkblader : <B>Brandon Willey</B> snores.
[11:54:15]SAY: Unknown/Dangranos : Падать больно..
[11:54:22]SAY: Unknown/Dangranos : Это он?
[11:54:22]GAME: Zackary Losey/Aidff used abandon mob.
[11:54:22]ACCESS: Logout: *no client*/(Zackary Losey)
[11:54:22]ACCESS: Login: Aidff/(new player) from 46.38.8.122-1264166171 || BYOND v510
[11:54:27]SAY: Atarabashi Nihondzin as (Zackary Losey)/EditorRUS : Окей
[11:54:31]EMOTE: Brandon Willey/Arkblader : <B>Brandon Willey</B> snores.
[11:54:32]SAY: Atarabashi Nihondzin as (Zackary Losey)/EditorRUS : Как насчет БИТВЫ НА КУЛАКАХ?
[11:54:33]EMOTE: Brandon Willey/Arkblader : <B>Brandon Willey</B> snores.
[11:54:36]SAY: Unknown/Apopheosis : Не
[11:54:39]SAY: Unknown/Apopheosis : Это не ко мне
[11:54:47]SAY: Atarabashi Nihondzin as (Zackary Losey)/EditorRUS : Окей
[11:54:49]SAY: Atarabashi Nihondzin as (Zackary Losey)/EditorRUS : Так, минуту
[11:54:52]SAY: Atarabashi Nihondzin as (Zackary Losey)/EditorRUS : Сейчас устроим кое-что
[11:55:08]EMOTE: Brandon Willey/Arkblader : <B>Brandon Willey</B> snores.
[11:55:09]SAY: Unknown/Dangranos : Поможет?
[11:55:16]SAY: Unknown/Apopheosis : Парень
[11:55:16]OOC: Ace Myles/Silentium : https://discord.gg/36jdY
[11:55:20]OOC: Ace Myles/Silentium : Дискордоконфа
[11:55:22]OOC: Ace Myles/Silentium : Дл&#255; Фл&#255;ги
[11:55:26]SAY: Unknown/Apopheosis : Ну у теб&#255; и фетиш с этой хренью
[11:55:30]SAY: Atarabashi Nihondzin as (Zackary Losey)/EditorRUS : Да
[11:55:31]SAY: Atarabashi Nihondzin as (Zackary Losey)/EditorRUS : Это так
[11:55:33]ACCESS: Logout: *no client*/(new player)
[11:55:33]ACCESS: Login: Aidff/(Garri Papetuhen) from 46.38.8.122-1264166171 || BYOND v510
[11:55:38]SAY: Unknown/Dangranos : Хах
[11:55:49]EMOTE: Brandon Willey/Arkblader : <B>Brandon Willey</B> snores.
[11:55:57]SAY: Atarabashi Nihondzin as (Zackary Losey)/EditorRUS : Ну бл&#255;
[11:55:57]EMOTE: Brandon Willey/Arkblader : <B>Brandon Willey</B> snores.
[11:55:59]SAY: Atarabashi Nihondzin as (Zackary Losey)/EditorRUS : Ладно
[11:56:00]SAY: Atarabashi Nihondzin as (Zackary Losey)/EditorRUS : Хуй с ним
[11:56:03]SAY: Atarabashi Nihondzin as (Zackary Losey)/EditorRUS : Не моё дело
[11:56:16]EMOTE: Brandon Willey/Arkblader : <B>Brandon Willey</B> snores.
[11:56:29]EMOTE: Brandon Willey/Arkblader : <B>Brandon Willey</B> snores.
[11:56:36]OOC: Atarabashi Nihondzin as (Zackary Losey)/EditorRUS : Да &#255; ебал голод такой
[11:56:37]ADMIN: HELP: Aidff/(Garri Papetuhen): Как крафтить на твоей хуйне
[11:56:41]EMOTE: Brandon Willey/Arkblader : <B>Brandon Willey</B> snores.
[11:56:46]ADMIN: PM: Silentium/(Ace Myles)->Aidff/(Garri Papetuhen): Предметом по предмету
[11:56:50]EMOTE: Brandon Willey/Arkblader : <B>Brandon Willey</B> snores.
[11:56:56]ADMIN: ATTACK: Unknown (dangranos) punched Unknown (dangranos).
[11:56:58]EMOTE: Brandon Willey/Arkblader : <B>Brandon Willey</B> snores.
[11:56:59]OOC: Ace Myles/Silentium : Алсо
[11:57:01]OOC: Unknown/Apopheosis : Вот реально выживач пошел
[11:57:04]EMOTE: Brandon Willey/Arkblader : <B>Brandon Willey</B> snores.
[11:57:06]OOC: Ace Myles/Silentium : Мне нужны идеи, что ещё добавить в крафт
[11:57:09]EMOTE: Brandon Willey/Arkblader : <B>Brandon Willey</B> snores.
[11:57:23]SAY: Atarabashi Nihondzin as (Zackary Losey)/EditorRUS : Подожди-ка
[11:57:25]OOC: Unknown/Apopheosis : Какие нибудь лекарственные снадобь&#255;
[11:57:26]SAY: Unknown/Dangranos : А?
[11:57:29]EMOTE: Brandon Willey/Arkblader : <B>Brandon Willey</B> snores.
[11:57:31]EMOTE: Brandon Willey/Arkblader : <B>Brandon Willey</B> snores.
[11:57:37]SAY: Unknown/Dangranos : Можешь мне лицо подлечить?
[11:57:39]OOC: Ace Myles/Silentium : Бинты и так можно порезать из одежды
[11:57:42]SAY: Atarabashi Nihondzin as (Zackary Losey)/EditorRUS : Сделаю кое-какой ОСОБЕННЫЙ заказ
[11:57:46]SAY: Atarabashi Nihondzin as (Zackary Losey)/EditorRUS : Лицо?
[11:57:47]OOC: Unknown/Apopheosis : Мази там
[11:57:47]SAY: Unknown/Dangranos : Мммхм
[11:57:52]SAY: Atarabashi Nihondzin as (Zackary Losey)/EditorRUS : Кинул же бинт
[11:58:02]SAY: Unknown/Dangranos : Да не про то..
[11:58:13]OOC: Ace Myles/Silentium : А лекарственные снадобь&#255; можно сделать в химической лаборатории, как всегжа
[11:58:19]OOC: Ace Myles/Silentium : Правда рецепты пиздец какие старые
[11:58:21]EMOTE: Brandon Willey/Arkblader : <B>Brandon Willey</B> snores.
[11:58:24]OOC: Atarabashi Nihondzin as (Zackary Losey)/EditorRUS : Я ни один уже рецепт толком не помню
[11:58:28]OOC: Ace Myles/Silentium : Я уже и сам их не помню
[11:58:29]EMOTE: Brandon Willey/Arkblader : <B>Brandon Willey</B> snores.
[11:58:32]OOC: Atarabashi Nihondzin as (Zackary Losey)/EditorRUS : Бикаридины и прочее
[11:58:35]EMOTE: Brandon Willey/Arkblader : <B>Brandon Willey</B> snores.
[11:58:37]EMOTE: Brandon Willey/Arkblader : <B>Brandon Willey</B> snores.
[11:58:40]OOC: Unknown/Apopheosis : Нужно побафать все5
[11:58:50]OOC: Unknown/Apopheosis : И что бы само не регенерировалось
[11:59:03]EMOTE: Brandon Willey/Arkblader : <B>Brandon Willey</B> snores.
[11:59:20]EMOTE: Brandon Willey/Arkblader : <B>Brandon Willey</B> snores.
[11:59:34]EMOTE: Brandon Willey/Arkblader : <B>Brandon Willey</B> snores.
[11:59:51]EMOTE: Brandon Willey/Arkblader : <B>Brandon Willey</B> seizes up and falls limp, his eyes dead and lifeless...
[11:59:58]SAY: Unknown/Apopheosis : Заебись
[12:00:16]GAME: Explosion with size (-1, -1, 2) in area Sewers 
[12:00:39]ADMIN: ATTACK: Unknown (aidff) attacked Unknown (dangranos) with the shard.
[12:00:40]ADMIN: ATTACK: Unknown (aidff) attacked Unknown (dangranos) with the shard.
[12:00:51]ADMIN: ATTACK: Unknown (aidff) attacked Unknown (dangranos) with the shard.
[12:00:52]ADMIN: ATTACK: Unknown (aidff) attacked Unknown (dangranos) with the shard.
[12:00:56]ACCESS: Login: Explorer42/(Explorer42) from 176.109.238.187-2384555018 || BYOND v509
[12:00:56]ACCESS: Login: Explorer42/(Explorer42) from 176.109.238.187
[12:01:06]OOC: Atarabashi Nihondzin as (Zackary Losey)/EditorRUS : Сейчас &#255; буду ультрапидорасом
[12:01:15]GAME: Explosion with size (-1, -1, 2) in area Sewers 
[12:01:15]GAME: Explosion with size (-1, 0, 2) in area Sewers 
[12:01:15]GAME: Explosion with size (-1, 0, 2) in area Street 
[12:01:28]OOC: Unknown/Aidff : А так ты пидорас на пол шишечки?
[12:01:34]ADMIN: ATTACK: Unknown (aidff) attacked Unknown (dangranos) with the shard.
[12:01:35]ADMIN: ATTACK: Unknown (aidff) attacked Unknown (dangranos) with the shard.
[12:01:36]ADMIN: Silentium/(Ace Myles) jumped to EditorRUS/(Atarabashi Nihondzin)
[12:01:36]ADMIN: ATTACK: Unknown (aidff) attacked Unknown (dangranos) with the shard.
[12:01:39]ADMIN: ATTACK: Unknown (aidff) attacked Unknown (dangranos) with the shard.
[12:01:41]ADMIN: ATTACK: Unknown (aidff) attacked Unknown (dangranos) with the shard.
[12:01:42]ADMIN: ATTACK: Unknown (aidff) attacked Unknown (dangranos) with the shard.
[12:01:43]OOC: Ace Myles/Silentium : Карго не работает
[12:01:45]ADMIN: ATTACK: Unknown (aidff) attacked Unknown (dangranos) with the shard.
[12:01:46]ADMIN: ATTACK: Unknown (aidff) attacked Unknown (dangranos) with the shard.
[12:01:46]EMOTE: Unknown/Dangranos : <B>Unknown</B> screams!
[12:01:47]ADMIN: ATTACK: Unknown (aidff) attacked Unknown (dangranos) with the shard.
[12:01:49]OOC: Ace Myles/Silentium : Ультрапидорасом стать не сможешь
[12:01:53]OOC: Ace Myles/Silentium : Печаль
[12:01:57]ADMIN: ATTACK: Unknown (aidff) punched Unknown (dangranos).
[12:01:58]SAY: Unknown/Dangranos : С-С-Сука..
[12:02:05]ADMIN: ATTACK: Unknown (aidff) punched Unknown (dangranos).
[12:02:06]ADMIN: ATTACK: Unknown (aidff) punched Unknown (dangranos).
[12:02:07]OOC: Atarabashi Nihondzin as (Zackary Losey)/EditorRUS : Кто виноват?
[12:02:07]ADMIN: ATTACK: Unknown (aidff) punched Unknown (dangranos).
[12:02:10]OOC: Atarabashi Nihondzin as (Zackary Losey)/EditorRUS : Кого уебать?
[12:02:22]ACCESS: Login: Palputin/(Palputin) from 188.162.229.169-251502592 || BYOND v510
[12:02:22]ACCESS: Login: Palputin/(Palputin) from 188.162.229.169
[12:02:26]OOC: Ace Myles/Silentium : Да хуй знает, там после какой-то из обнов у Кэта перестали работать БТР и карго
[12:02:29]OOC: Ace Myles/Silentium : И до сих пор не работает
[12:02:37]OOC: Palputin/Palputin : пиздец
[12:02:44]SAY: Unknown/Dangranos : С-Сука
[12:02:44]OOC: Palputin/Palputin : &#255; был тут в далеком когда кэтрэт живой был
[12:02:50]ADMIN: ATTACK: Unknown (aidff) punched Unknown (dangranos).
[12:02:50]OOC: Palputin/Palputin : один раз
[12:02:50]OOC: Palputin/Palputin : р&#255;
[12:02:51]ADMIN: ATTACK: Unknown (aidff) punched Unknown (dangranos).
[12:02:52]ADMIN: ATTACK: Unknown (aidff) punched Unknown (dangranos).
[12:02:53]OOC: Atarabashi Nihondzin as (Zackary Losey)/EditorRUS : Да &#255; тоже был
[12:02:56]ADMIN: ATTACK: Unknown (aidff) attacked Unknown (dangranos) with The Coin.
[12:02:57]OOC: Atarabashi Nihondzin as (Zackary Losey)/EditorRUS : Много раз
[12:02:57]ADMIN: ATTACK: Unknown (aidff) attacked Unknown (dangranos) with The Coin.
[12:03:00]ACCESS: Logout: *no client*/(Palputin)
[12:03:00]ACCESS: Login: Palputin/(Holden Isemann) from 188.162.229.169-251502592 || BYOND v510
[12:03:05]ADMIN: ATTACK: Unknown (aidff) attacked Unknown (dangranos) with the wirecutters.
[12:03:06]ADMIN: ATTACK: Unknown (aidff) attacked Unknown (dangranos) with the wirecutters.
[12:03:07]ADMIN: ATTACK: Unknown (aidff) attacked Unknown (dangranos) with the wirecutters.
[12:03:09]ADMIN: ATTACK: Unknown (aidff) attacked Unknown (dangranos) with the wirecutters.
[12:03:09]OOC: Atarabashi Nihondzin as (Zackary Losey)/EditorRUS : Субботний Флегетон
[12:03:10]ADMIN: ATTACK: Unknown (aidff) attacked Unknown (dangranos) with the wirecutters.
[12:03:11]ADMIN: ATTACK: Unknown (aidff) attacked Unknown (dangranos) with the wirecutters.
[12:03:12]ADMIN: ATTACK: Unknown (aidff) attacked Unknown (dangranos) with the wirecutters.
[12:03:14]ADMIN: ATTACK: Unknown (aidff) attacked Unknown (dangranos) with the wirecutters.
[12:03:15]EMOTE: Unknown/Dangranos : <B>Unknown</B> screams!
[12:03:15]ADMIN: ATTACK: Unknown (aidff) attacked Unknown (dangranos) with the wirecutters.
[12:03:15]EMOTE: Unknown/Dangranos : <B>Unknown</B> screams!
[12:03:16]EMOTE: Unknown/Dangranos : <B>Unknown</B> screams!
[12:03:16]EMOTE: Unknown/Dangranos : <B>Unknown</B> screams!
[12:03:16]ADMIN: ATTACK: Unknown (aidff) attacked Unknown (dangranos) with the wirecutters.
[12:03:16]EMOTE: Unknown/Dangranos : <B>Unknown</B> seizes up and falls limp, his eyes dead and lifeless...
[12:03:16]EMOTE: Unknown/Dangranos : <B>Unknown</B> screams!
[12:03:17]EMOTE: Unknown/Dangranos : <B>Unknown</B> screams!
[12:03:18]ADMIN: ATTACK: Unknown (aidff) attacked Unknown (dangranos) with the wirecutters.
[12:03:26]OOC: Unknown/Dangranos : ну бл&#255;
[12:03:26]OOC: Atarabashi Nihondzin as (Zackary Losey)/EditorRUS : А если не работает - так небось зоны проебали
[12:03:28]ADMIN: HELP: Aidff/(Garri Papetuhen): Как выебать труп без головы
[12:03:32]ADMIN: ATTACK: Unknown (apopheosis) disarmed Derrick Green (drvod).
[12:03:34]ADMIN: ATTACK: Unknown (apopheosis) shot Derrick Green (drvod) with the Bullet.
[12:03:40]ADMIN: ATTACK: Derrick Green (drvod) disarmed Derrick Green (drvod).
[12:03:44]ADMIN: ATTACK: Unknown (apopheosis) shot Derrick Green (drvod) with the Bullet.
[12:03:47]ADMIN: PM: Silentium/(Ace Myles)->Aidff/(Garri Papetuhen): Пока что ЕРП-механа не завезлои
[12:03:50]ADMIN: ATTACK: Unknown (apopheosis) disarmed Derrick Green (drvod).
[12:03:52]ADMIN: ATTACK: Unknown (apopheosis) disarmed Derrick Green (drvod).
[12:03:54]ADMIN: ATTACK: Unknown (apopheosis) disarmed Derrick Green (drvod).
[12:03:54]OOC: Unknown/Dangranos : закаесили
[12:03:55]ADMIN: ATTACK: Unknown (apopheosis) disarmed Derrick Green (drvod).
[12:03:56]ADMIN: ATTACK: Unknown (apopheosis) disarmed Derrick Green (drvod).
[12:03:59]ADMIN: ATTACK: Unknown (apopheosis) disarmed Derrick Green (drvod).
[12:04:02]OOC: Ace Myles/Silentium : Карту &#255; провер&#255;л
[12:04:02]ADMIN: ATTACK: Unknown (apopheosis) shot Derrick Green (drvod) with the Bullet.
[12:04:03]ADMIN: ATTACK: Unknown (apopheosis) shot Derrick Green (drvod) point blank with Winchester M1887.
[12:04:03]EMOTE: Derrick Green/DrVod : <B>Derrick Green</B> screams!
[12:04:04]OOC: Ace Myles/Silentium : Всё заебись
[12:04:04]EMOTE: Derrick Green/DrVod : <B>Derrick Green</B> screams!
[12:04:09]EMOTE: Unknown/DrVod : <B>Unknown</B> screams!
[12:04:09]ADMIN: ATTACK: Unknown (apopheosis) attacked Unknown (drvod) with the circular saw.
[12:04:10]ADMIN: ATTACK: Unknown (apopheosis) attacked Unknown (drvod) with the circular saw.
[12:04:11]EMOTE: Unknown/DrVod : <B>Unknown</B> seizes up and falls limp, his eyes dead and lifeless...
[12:04:11]EMOTE: Unknown/DrVod : <B>Unknown</B> screams!
[12:04:12]ADMIN: ATTACK: Unknown (apopheosis) attacked Unknown (drvod) with the circular saw.
[12:04:12]OOC: Ace Myles/Silentium : В коде там хуйн&#255; кака&#255;-то, скорее всего
[12:04:13]ADMIN: ATTACK: Unknown (apopheosis) attacked Unknown (drvod) with the circular saw.
[12:04:17]OOC: Atarabashi Nihondzin as (Zackary Losey)/EditorRUS : Кайф обломали
[12:04:25]OOC: Ace Myles/Silentium : Но и код &#255; тоже провер&#255;л - тоже вроде всё было заебись в зонах
[12:04:32]ACCESS: Logout: *no client*/(Benjamin Potter)
[12:04:32]ACCESS: Login: Dangranos/(Unknown) from 51.254.102.185-233908530 || BYOND v510
[12:04:37]ACCESS: Logout: *no client*/(Explorer42)
[12:04:37]ACCESS: Login: Explorer42/(Richard Dice) from 176.109.238.187-2384555018 || BYOND v509
[12:04:39]ACCESS: Logout: *no client*/(Derrick Green)
[12:04:39]ACCESS: Login: DrVod/(Unknown) from 78.154.164.202-3667878335 || BYOND v510
[12:05:04]ADMIN: PM: Silentium/(Ace Myles)->EditorRUS/(Atarabashi Nihondzin): Чо ты там заказывал-то? Я сейчас вручную наспавню
[12:05:14]ACCESS: Login: Stritirok/(Stritirok) from 185.52.143.70-3919436470 || BYOND v510
[12:05:14]ACCESS: Login: Stritirok/(Stritirok) from 185.52.143.70
[12:05:27]ACCESS: Logout: Dangranos/(Unknown)
[12:05:40]ADMIN: Silentium/(Ace Myles) jumped to EditorRUS/(Atarabashi Nihondzin)
[12:05:44]ADMIN: PM: Silentium/(Ace Myles)->EditorRUS/(Atarabashi Nihondzin): Ало
[12:05:45]SAY: Atarabashi Nihondzin as (Zackary Losey)/EditorRUS : Ахем
[12:05:46]ADMIN: ATTACK: Holden Isemann (palputin) attacked Richard Dice (explorer42) with the metal rods.
[12:05:55]SAY: Atarabashi Nihondzin as (Zackary Losey)/EditorRUS : Уважаемый хуй в том костюме
[12:05:59]ADMIN: ATTACK: Holden Isemann (palputin) attacked Richard Dice (explorer42) with the metal rods.
[12:06:01]OOC: Ace Myles/Silentium : Педитор бл&#255;
[12:06:03]ADMIN: ATTACK: Holden Isemann (palputin) attacked Richard Dice (explorer42) with the metal rods.
[12:06:04]ADMIN: ATTACK: Holden Isemann (palputin) attacked Richard Dice (explorer42) with the metal rods.
[12:06:04]ADMIN: ATTACK: Richard Dice (explorer42) attacked Holden Isemann (palputin) with the metal rods.
[12:06:05]ADMIN: HELP: EditorRUS/(Atarabashi Nihondzin): Не пон&#255;л
[12:06:10]ADMIN: ATTACK: Holden Isemann (palputin) attacked Richard Dice (explorer42) with the metal rods.
[12:06:10]ADMIN: HELP: EditorRUS/(Atarabashi Nihondzin): Я не могу на ПМки отвечать?
[12:06:15]EMOTE: Richard Dice/Explorer42 : <B>Richard Dice</B> screams!
[12:06:16]EMOTE: Richard Dice/Explorer42 : <B>Richard Dice</B> screams!
[12:06:19]ADMIN: ATTACK: Holden Isemann (palputin) attacked Unknown (explorer42) with the metal rods.
[12:06:22]ADMIN: ATTACK: Unknown (explorer42) attacked Holden Isemann (palputin) with the metal rods.
[12:06:22]ADMIN: PM: Silentium/(Ace Myles)->EditorRUS/(Atarabashi Nihondzin): Да, это тоже один из старых багов
[12:06:25]ADMIN: ATTACK: Holden Isemann (palputin) attacked Unknown (explorer42) with the metal rods.
[12:06:26]ADMIN: ATTACK: Unknown (explorer42) attacked Holden Isemann (palputin) with the metal rods.
[12:06:29]ADMIN: ATTACK: Holden Isemann (palputin) attacked Unknown (explorer42) with the metal rods.
[12:06:29]ADMIN: PM: Silentium/(Ace Myles)->EditorRUS/(Atarabashi Nihondzin): Отвечай через Ф1
[12:06:30]ADMIN: ATTACK: Unknown (explorer42) attacked Holden Isemann (palputin) with the metal rods.
[12:06:30]ADMIN: ATTACK: Holden Isemann (palputin) attacked Unknown (explorer42) with the metal rods.
[12:06:31]EMOTE: Unknown/Explorer42 : <B>Unknown</B> screams!
[12:06:32]EMOTE: Unknown/Explorer42 : <B>Unknown</B> screams!
[12:06:33]ADMIN: ATTACK: Holden Isemann (palputin) attacked Unknown (explorer42) with the metal rods.
[12:06:34]EMOTE: Unknown/Explorer42 : <B>Unknown</B> screams!
[12:06:34]ADMIN: ATTACK: Holden Isemann (palputin) attacked Unknown (explorer42) with the metal rods.
[12:06:35]EMOTE: Unknown/Explorer42 : <B>Unknown</B> screams!
[12:06:35]EMOTE: Unknown/Explorer42 : <B>Unknown</B> screams!
[12:06:35]ADMIN: HELP: EditorRUS/(Atarabashi Nihondzin): Не надо уже
[12:06:36]EMOTE: Unknown/Explorer42 : <B>Unknown</B> screams!
[12:06:40]ACCESS: Logout: *no client*/(Stritirok)
[12:06:40]ACCESS: Login: Stritirok/(Frank Woodward) from 185.52.143.70-3919436470 || BYOND v510
[12:06:44]ADMIN: PM: Silentium/(Ace Myles)->EditorRUS/(Atarabashi Nihondzin): Да &#255; бы тебе наспавнил, чо ты
[12:06:52]SAY: Garri Papetuhen/Aidff : Том?
[12:07:00]OOC: Frank Woodward/Stritirok : Ох, что то так повидлирует
[12:07:00]EMOTE: Unknown/Explorer42 : <B>Unknown</B> seizes up and falls limp, his eyes dead and lifeless...
[12:07:06]ACCESS: Logout: *no client*/(Richard Dice)
[12:07:06]ACCESS: Login: Explorer42/(Unknown) from 176.109.238.187-2384555018 || BYOND v509
[12:07:06]ACCESS: Logout: *no client*/(Unknown)
[12:07:06]ACCESS: Login: DrVod/(Derrick Green) from 78.154.164.202-3667878335 || BYOND v510
[12:07:10]OOC: Ace Myles/Silentium : Это ферн
[12:07:17]OOC: Ace Myles/Silentium : Лаги в нём не баг, а фича
[12:07:26]OOC: Frank Woodward/Stritirok : Но пр&#255;м таких в прошлый раз не было же
[12:07:35]OOC: Ace Myles/Silentium : Ну, потому что голубехост
[12:07:54]OOC: Ace Myles/Silentium : А раньше был Роббастард
[12:08:01]ACCESS: Login: Hobbo-communist/(Hobbo-communist) from 92.255.221.44-3693516503 || BYOND v510
[12:08:01]ACCESS: Login: Hobbo-communist/(Hobbo-communist) from 92.255.221.44
[12:08:10]ACCESS: Logout: *no client*/(Hobbo-communist)
[12:08:10]ACCESS: Login: Hobbo-communist/(Luke Cox) from 92.255.221.44-3693516503 || BYOND v510
[12:08:28]ACCESS: Logout: Explorer42/(Unknown)
[12:08:29]ADMIN: ATTACK: Luke Cox (hobbocommunist) attacked Unknown () with the bullet casing.
[12:09:10]EMOTE: Luke Cox/Hobbo-communist : <B>Luke Cox</B> screams!
[12:09:21]SAY: Atarabashi Nihondzin as (Zackary Losey)/EditorRUS : В бункере никого нет
[12:09:22]SAY: Frank Woodward/Stritirok : Ну как оно идет?
[12:09:23]SAY: Atarabashi Nihondzin as (Zackary Losey)/EditorRUS : Впрочем
[12:09:25]ADMIN: ATTACK: Garri Papetuhen (aidff) attacked Luke Cox (hobbocommunist) with the shard.
[12:09:26]ADMIN: ATTACK: Garri Papetuhen (aidff) attacked Luke Cox (hobbocommunist) with the shard.
[12:09:27]ADMIN: ATTACK: Garri Papetuhen (aidff) attacked Luke Cox (hobbocommunist) with the shard.
[12:09:27]SAY: Atarabashi Nihondzin as (Zackary Losey)/EditorRUS : Ничего там уже тоже нет
[12:09:28]ADMIN: ATTACK: Garri Papetuhen (aidff) attacked Luke Cox (hobbocommunist) with the shard.
[12:09:28]ADMIN: Silentium/(Ace Myles) played sound title4.ogg
[12:09:29]ADMIN: ATTACK: Garri Papetuhen (aidff) attacked Luke Cox (hobbocommunist) with the shard.
[12:09:30]ADMIN: ATTACK: Garri Papetuhen (aidff) attacked Luke Cox (hobbocommunist) with the shard.
[12:09:31]EMOTE: Luke Cox/Hobbo-communist : <B>Luke Cox</B> screams!
[12:09:31]EMOTE: Luke Cox/Hobbo-communist : <B>Luke Cox</B> seizes up and falls limp, his eyes dead and lifeless...
[12:09:33]ACCESS: Logout: Hobbo-communist/(Luke Cox)
[12:09:35]ACCESS: Logout: Palputin/(Holden Isemann)
[12:09:37]ADMIN: ATTACK: Garri Papetuhen (aidff) attacked Unknown (hobbocommunist) with the wirecutters.
[12:09:38]ADMIN: ATTACK: Garri Papetuhen (aidff) attacked Unknown (hobbocommunist) with the wirecutters.
[12:09:39]ADMIN: ATTACK: Garri Papetuhen (aidff) attacked Unknown (hobbocommunist) with the wirecutters.
[12:09:41]ADMIN: ATTACK: Garri Papetuhen (aidff) attacked Unknown (hobbocommunist) with the wirecutters.
[12:09:42]ADMIN: ATTACK: Garri Papetuhen (aidff) attacked Unknown (hobbocommunist) with the wirecutters.
[12:09:43]ADMIN: ATTACK: Garri Papetuhen (aidff) attacked Unknown (hobbocommunist) with the wirecutters.
[12:09:44]ADMIN: ATTACK: Garri Papetuhen (aidff) attacked Unknown (hobbocommunist) with the wirecutters.
[12:09:45]ADMIN: ATTACK: Garri Papetuhen (aidff) attacked Unknown (hobbocommunist) with the wirecutters.
[12:09:46]ADMIN: ATTACK: Garri Papetuhen (aidff) attacked Unknown (hobbocommunist) with the wirecutters.
[12:09:48]ADMIN: ATTACK: Garri Papetuhen (aidff) attacked Unknown (hobbocommunist) with the wirecutters.
[12:10:15]EMOTE: Holden Isemann/Palputin : <B>Holden Isemann</B> snores.
[12:10:16]EMOTE: Holden Isemann/Palputin : <B>Holden Isemann</B> snores.
[12:10:29]EMOTE: Holden Isemann/Palputin : <B>Holden Isemann</B> snores.
[12:10:30]EMOTE: Holden Isemann/Palputin : <B>Holden Isemann</B> snores.
[12:10:52]EMOTE: Holden Isemann/Palputin : <B>Holden Isemann</B> snores.
[12:10:54]EMOTE: Holden Isemann/Palputin : <B>Holden Isemann</B> snores.
[12:10:58]ADMIN: HELP: Aidff/(Garri Papetuhen): У бинта нет спрайта, ну пиздец, нахуй вообще эта хуйн&#255; нужна?
[12:11:00]EMOTE: Holden Isemann/Palputin : <B>Holden Isemann</B> snores.
[12:11:06]ADMIN: Silentium/(Ace Myles) jumped to Aidff/(Garri Papetuhen)
[12:11:07]EMOTE: Holden Isemann/Palputin : <B>Holden Isemann</B> snores.
[12:11:11]EMOTE: Holden Isemann/Palputin : <B>Holden Isemann</B> snores.
[12:11:19]ADMIN: PM: Silentium/(Ace Myles)->Aidff/(Garri Papetuhen): А, &#255; просто забыл наспрайтить
[12:11:33]EMOTE: Holden Isemann/Palputin : <B>Holden Isemann</B> snores.
[12:12:13]EMOTE: Holden Isemann/Palputin : <B>Holden Isemann</B> snores.
[12:12:24]ADMIN: ATTACK: Atarabashi Nihondzin as (Zackary Losey) (editorrus) punched Atarabashi Nihondzin as (Zackary Losey) (editorrus).
[12:12:28]EMOTE: Holden Isemann/Palputin : <B>Holden Isemann</B> snores.
[12:12:35]EMOTE: Holden Isemann/Palputin : <B>Holden Isemann</B> snores.
[12:12:38]ADMIN: ATTACK: Unknown (apopheosis) shot Frank Woodward (stritirok) with the Bullet.
[12:13:02]EMOTE: Holden Isemann/Palputin : <B>Holden Isemann</B> snores.
[12:13:07]EMOTE: Holden Isemann/Palputin : <B>Holden Isemann</B> snores.
[12:13:14]SAY: Atarabashi Nihondzin as (Zackary Losey)/EditorRUS : Кого-то завалили в хранилище на поверхности
[12:13:36]ADMIN: Silentium has cleared the custom event text.
[12:13:37]EMOTE: Holden Isemann/Palputin : <B>Holden Isemann</B> snores.
[12:13:54]SAY: Frank Woodward/Stritirok : Да бл&#255;ть
[12:13:57]SAY: Frank Woodward/Stritirok : Как &#255; не научусь все
[12:14:02]ADMIN: ATTACK: Frank Woodward (stritirok) disarmed Frank Woodward (stritirok).
[12:14:15]EMOTE: Holden Isemann/Palputin : <B>Holden Isemann</B> snores.
[12:14:19]EMOTE: Holden Isemann/Palputin : <B>Holden Isemann</B> snores.
[12:14:27]EMOTE: Holden Isemann/Palputin : <B>Holden Isemann</B> snores.
[12:14:32]ADMIN: Silentium/(Ace Myles) checked antagonists.
[12:14:34]ADMIN: HELP: Aidff/(Garri Papetuhen): Фаир акс кабинет вообще можно открыть ломом там разбив или нет?
[12:14:37]EMOTE: Holden Isemann/Palputin : <B>Holden Isemann</B> snores.
[12:14:41]EMOTE: Holden Isemann/Palputin : <B>Holden Isemann</B> snores.
[12:14:43]ADMIN: PM: Silentium/(Ace Myles)->Aidff/(Garri Papetuhen): Попробуй
[12:14:45]ADMIN: Silentium/(Ace Myles) jumped to Aidff/(Garri Papetuhen)
[12:14:50]SAY: Atarabashi Nihondzin as (Zackary Losey)/EditorRUS : Уважаемый
[12:14:51]SAY: Unknown/Apopheosis : Ого.
[12:14:53]EMOTE: Holden Isemann/Palputin : <B>Holden Isemann</B> snores.
[12:14:54]SAY: Atarabashi Nihondzin as (Zackary Losey)/EditorRUS : А за что ты, собственно, убил его?
[12:14:59]SAY: Unknown/Apopheosis : Кого?
[12:15:03]EMOTE: Holden Isemann/Palputin : <B>Holden Isemann</B> snores.
[12:15:05]SAY: Atarabashi Nihondzin as (Zackary Losey)/EditorRUS : Бенджамина
[12:15:13]SAY: Garri Papetuhen/Aidff : Это кто?
[12:15:14]SAY: Unknown/Apopheosis : Я не убивал Бенджамина
[12:15:22]EMOTE: Holden Isemann/Palputin : <B>Holden Isemann</B> snores.
[12:15:23]SAY: Atarabashi Nihondzin as (Zackary Losey)/EditorRUS : Ты был р&#255;дом с его трупом
[12:15:25]SAY: Atarabashi Nihondzin as (Zackary Losey)/EditorRUS : Обезглавленным
[12:15:27]SAY: Unknown/Apopheosis : И что?
[12:15:32]EMOTE: Holden Isemann/Palputin : <B>Holden Isemann</B> snores.
[12:15:34]SAY: Atarabashi Nihondzin as (Zackary Losey)/EditorRUS : У теб&#255; есть мотив
[12:15:35]SAY: Unknown/Apopheosis : Это не значит, что &#255; его убивал
[12:15:38]ADMIN: PM: Silentium/(Ace Myles)->Aidff/(Garri Papetuhen): И да, отвечай через Ф1
[12:15:40]SAY: Garri Papetuhen/Aidff : А, ну он на мен&#255; напал с револьвером своим, только вот забыл видать, что патронов нет
[12:15:43]SAY: Atarabashi Nihondzin as (Zackary Losey)/EditorRUS : Хот&#255; он тут у всех есть
[12:15:46]EMOTE: Holden Isemann/Palputin : <B>Holden Isemann</B> snores.
[12:15:55]EMOTE: Holden Isemann/Palputin : <B>Holden Isemann</B> snores.
[12:16:00]SAY: Atarabashi Nihondzin as (Zackary Losey)/EditorRUS : Мне, в общем-то, плеваьт, он идиот
[12:16:02]EMOTE: Holden Isemann/Palputin : <B>Holden Isemann</B> snores.
[12:16:02]SAY: Unknown/Apopheosis : Я не знаю, кто убил Бенджамина.
[12:16:05]EMOTE: Holden Isemann/Palputin : <B>Holden Isemann</B> snores.
[12:16:06]ADMIN: PM: Silentium/(Ace Myles)->Aidff/(Garri Papetuhen): И попробуй ещё мультитулом
[12:16:09]SAY: Unknown/Apopheosis : Это точно не &#255;.
[12:16:15]SAY: Atarabashi Nihondzin as (Zackary Losey)/EditorRUS : Но &#255; бы не хотел лишних трупов в этой игре. Наша цель тут не поубивать друг-друга, а выбратьс&#255;.
[12:16:29]SAY: Garri Papetuhen/Aidff : Игре?
[12:16:34]ACCESS: Login: DoubleComrader43/(DoubleComrader43) from 2.62.61.110-1055963771 || BYOND v510
[12:16:34]ACCESS: Login: DoubleComrader43/(DoubleComrader43) from 2.62.61.110
[12:16:38]SAY: Garri Papetuhen/Aidff : Вс&#255; мо&#255; жизнь это просто игра?
[12:16:40]SAY: Atarabashi Nihondzin as (Zackary Losey)/EditorRUS : Ты забыл где мы находимс&#255;?*
[12:16:46]EMOTE: Holden Isemann/Palputin : <B>Holden Isemann</B> snores.
[12:16:52]OOC: Atarabashi Nihondzin as (Zackary Losey)/EditorRUS : Флегетон же шоу
[12:16:53]EMOTE: Holden Isemann/Palputin : <B>Holden Isemann</B> snores.
[12:17:00]EMOTE: Holden Isemann/Palputin : <B>Holden Isemann</B> snores.
[12:17:02]EMOTE: Holden Isemann/Palputin : <B>Holden Isemann</B> snores.
[12:17:16]ADMIN: Silentium/(Ace Myles) moved the centcom ferry
[12:17:16]ADMIN: Silentium/(Ace Myles) used secret moveferry
[12:17:16]ADMIN: HELP: EditorRUS/(Atarabashi Nihondzin): Бл&#255;ть, понерфи голод
[12:17:20]ADMIN: HELP: EditorRUS/(Atarabashi Nihondzin): Это пиздец какой-то
[12:17:22]ADMIN: PM: Silentium/(Ace Myles)->EditorRUS/(Atarabashi Nihondzin): Ни
[12:17:25]ADMIN: HELP: Aidff/(Garri Papetuhen): Без разницы, двум&#255; руками или в одной руке?
[12:17:29]EMOTE: Holden Isemann/Palputin : <B>Holden Isemann</B> snores.
[12:17:32]EMOTE: Holden Isemann/Palputin : <B>Holden Isemann</B> snores.
[12:17:33]ADMIN: PM: Silentium/(Ace Myles)->EditorRUS/(Atarabashi Nihondzin): Тебе родина дала тесак
[12:17:33]ADMIN: HELP: EditorRUS/(Atarabashi Nihondzin): Он слишком быстро про&#255;вл&#255;етс&#255;
[12:17:36]EMOTE: Holden Isemann/Palputin : <B>Holden Isemann</B> snores.
[12:17:38]ADMIN: ATTACK: Frank Woodward (stritirok) attacked Garri Papetuhen (aidff) with the makeshift hatchet.
[12:17:39]ADMIN: ATTACK: Frank Woodward (stritirok) attacked Garri Papetuhen (aidff) with the makeshift hatchet.
[12:17:44]ADMIN: PM: Silentium/(Ace Myles)->EditorRUS/(Atarabashi Nihondzin): Отрубай части тела и тесаком превращай их в м&#255;со
[12:17:50]EMOTE: Holden Isemann/Palputin : <B>Holden Isemann</B> snores.
[12:17:51]ADMIN: ATTACK: Atarabashi Nihondzin as (Zackary Losey) (editorrus) attacked Unknown () with the butcher's cleaver.
[12:17:52]ADMIN: ATTACK: Atarabashi Nihondzin as (Zackary Losey) (editorrus) attacked Unknown () with the butcher's cleaver.
[12:17:53]ADMIN: ATTACK: Atarabashi Nihondzin as (Zackary Losey) (editorrus) attacked Unknown () with the butcher's cleaver.
[12:17:54]SAY: Unknown/Apopheosis : Выходи.
[12:17:56]EMOTE: Holden Isemann/Palputin : <B>Holden Isemann</B> snores.
[12:18:01]ADMIN: HELP: EditorRUS/(Atarabashi Nihondzin): Ох лол
[12:18:03]EMOTE: Holden Isemann/Palputin : <B>Holden Isemann</B> snores.
[12:18:05]ADMIN: HELP: EditorRUS/(Atarabashi Nihondzin): А &#255; и не знал, что так можно
[12:18:06]SAY: Unknown/Apopheosis : Выходи, мразь.
[12:18:10]EMOTE: Holden Isemann/Palputin : <B>Holden Isemann</B> snores.
[12:18:15]SAY: Atarabashi Nihondzin as (Zackary Losey)/EditorRUS : Это ты кому?
[12:18:17]SAY: Garri Papetuhen/Aidff : Хочешь в ебало топором?
[12:18:32]SAY: Unknown/Apopheosis : Ну же!
[12:18:36]SAY: Garri Papetuhen/Aidff : Этот мудак зажал мен&#255; со своим стволом
[12:18:40]SAY: Garri Papetuhen/Aidff : В туалете
[12:18:43]EMOTE: Holden Isemann/Palputin : <B>Holden Isemann</B> snores.
[12:18:44]SAY: Garri Papetuhen/Aidff : В лабе
[12:18:44]ADMIN: PM: Silentium/(Ace Myles)->EditorRUS/(Atarabashi Nihondzin): А ещё в канализации есть гиббер, дл&#255; оставшегос&#255; тела
[12:18:58]EMOTE: Holden Isemann/Palputin : <B>Holden Isemann</B> snores.
[12:19:02]EMOTE: Holden Isemann/Palputin : <B>Holden Isemann</B> snores.
[12:19:07]ADMIN: PM: Silentium/(Ace Myles)->EditorRUS/(Atarabashi Nihondzin): Да и не только в канализации
[12:19:10]SAY: Unknown/Apopheosis : Атарабаши
[12:19:14]SAY: Unknown/Apopheosis : Там засел один ублюдок.
[12:19:20]EMOTE: Holden Isemann/Palputin : <B>Holden Isemann</B> snores.
[12:19:20]SAY: Unknown/Apopheosis : Его выкурить надо
[12:19:24]SAY: Garri Papetuhen/Aidff : Ублюдок тут только ты
[12:19:26]SAY: Atarabashi Nihondzin as (Zackary Losey)/EditorRUS : А хуй с тобой
[12:19:30]ADMIN: ATTACK: Atarabashi Nihondzin as (Zackary Losey) (editorrus) primed a flashbang.
[12:19:36]EMOTE: Holden Isemann/Palputin : <B>Holden Isemann</B> snores.
[12:19:38]SAY: Unknown/Apopheosis : Мл&#255;ть
[12:19:38]OOC: Atarabashi Nihondzin as (Zackary Losey)/EditorRUS : Бл&#255;ть
[12:19:42]OOC: Ace Myles/Silentium : Потрачено
[12:19:43]EMOTE: Holden Isemann/Palputin : <B>Holden Isemann</B> snores.
[12:19:44]SAY: Atarabashi Nihondzin as (Zackary Losey)/EditorRUS : Вот неудача
[12:19:50]ADMIN: ATTACK: Atarabashi Nihondzin as (Zackary Losey) (editorrus) shot Garri Papetuhen (aidff) with the lead.
[12:19:50]ADMIN: ATTACK: Garri Papetuhen (aidff) attacked Unknown (apopheosis) with the fire axe.
[12:19:53]ADMIN: ATTACK: Atarabashi Nihondzin as (Zackary Losey) (editorrus) shot Unknown (apopheosis) with the lead.
[12:19:53]ADMIN: ATTACK: Atarabashi Nihondzin as (Zackary Losey) (editorrus) shot Garri Papetuhen (aidff) with the lead.
[12:19:57]ADMIN: ATTACK: Atarabashi Nihondzin as (Zackary Losey) (editorrus) shot Garri Papetuhen (aidff) with the lead.
[12:19:57]ADMIN: ATTACK: Unknown (apopheosis) shot Garri Papetuhen (aidff) with the Fire Bullet.
[12:19:58]EMOTE: Garri Papetuhen/Aidff : <B>Garri Papetuhen</B> screams!
[12:19:58]EMOTE: Garri Papetuhen/Aidff : <B>Garri Papetuhen</B> seizes up and falls limp, his eyes dead and lifeless...
[12:20:06]ADMIN: ATTACK: Unknown (apopheosis) punched Unknown (apopheosis).
[12:20:10]EMOTE: Holden Isemann/Palputin : <B>Holden Isemann</B> snores.
[12:20:13]SAY: Atarabashi Nihondzin as (Zackary Losey)/EditorRUS : Надо потренироватьс&#255; в бросании гранат
[12:20:22]SAY: Atarabashi Nihondzin as (Zackary Losey)/EditorRUS : А, это оверсир
[12:20:22]ADMIN: HELP: DoubleComrader43/(DoubleComrader43): Товарищ педаль, можно вопрос?
[12:20:24]OOC: Unknown/Aidff : Ебать реализм, топором в ебало и он еще живой?
[12:20:29]SAY: Atarabashi Nihondzin as (Zackary Losey)/EditorRUS : Все нормально тогда
[12:20:29]ADMIN: PM: Silentium/(Ace Myles)->DoubleComrader43/(DoubleComrader43): Ну?
[12:20:30]EMOTE: Unknown/Apopheosis : <B>Unknown</B> is having trouble keeping their eyes open.
[12:20:30]SAY: Unknown/Apopheosis : Б-Бл&#255;ть
[12:20:32]OOC: Ace Myles/Silentium : Дамаг рандомный
[12:20:35]OOC: Unknown/Aidff : Фл&#255;га уже не та
[12:20:39]EMOTE: Unknown/Apopheosis : <B>Unknown</B> collapses!
[12:20:40]OOC: Ace Myles/Silentium : Ебен&#255;ша
[12:20:43]ADMIN: HELP: EditorRUS/(Atarabashi Nihondzin): Ты сам себ&#255; убил, похоже
[12:20:46]SAY: Unknown/Apopheosis : С-Сука
[12:20:47]OOC: Unknown/Aidff : Раньше было лучше
[12:20:47]ACCESS: Login: Alexix1989/(Alexix1989) from 127.0.0.1-1077927294 || BYOND v510
[12:20:47]ACCESS: Login: Alexix1989/(Alexix1989) from 127.0.0.1
[12:20:49]OOC: Atarabashi Nihondzin as (Zackary Losey)/EditorRUS : Сам себ&#255; убил, вроде
[12:20:49]ADMIN: Silentium/(Ace Myles) jumped to EditorRUS/(Atarabashi Nihondzin)
[12:20:52]ADMIN: PM: Silentium/(Ace Myles)->EditorRUS/(Atarabashi Nihondzin): Я?
[12:20:54]OOC: Frank Woodward/Stritirok : Всегда же был рандом
[12:20:56]OOC: Alexix1989/Alexix1989 : так
[12:20:57]ADMIN: HELP: EditorRUS/(Atarabashi Nihondzin): Я в ООС хотел
[12:20:57]ADMIN: PM: Silentium/(Ace Myles)->EditorRUS/(Atarabashi Nihondzin): Я вообще за гостоту сижу
[12:21:00]OOC: Alexix1989/Alexix1989 : бл&#255;т&#255;
[12:21:00]OOC: Unknown/Aidff : Garri Papetuhen is hit by the Fire Bullet in the head!
[12:21:01]OOC: Alexix1989/Alexix1989 : силентиум
[12:21:02]OOC: Alexix1989/Alexix1989 : мразь
[12:21:04]EMOTE: Unknown/Apopheosis : <B>Unknown</B> collapses!
[12:21:04]EMOTE: Holden Isemann/Palputin : <B>Holden Isemann</B> snores.
[12:21:06]EMOTE: Holden Isemann/Palputin : <B>Holden Isemann</B> snores.
[12:21:07]OOC: Ace Myles/Silentium : Чо тебе, пидор
[12:21:10]EMOTE: Holden Isemann/Palputin : <B>Holden Isemann</B> snores.
[12:21:11]EMOTE: Holden Isemann/Palputin : <B>Holden Isemann</B> snores.
[12:21:14]SAY: Unknown/Apopheosis : Б-Бл&#255;ть
[12:21:16]OOC: Alexix1989/Alexix1989 : при каждом ахелпе, который поступает сюда, у мен&#255; открываетс&#255; команда&#255; строка
[12:21:17]ACCESS: Logout: Aidff/(Garri Papetuhen)
[12:21:20]OOC: Alexix1989/Alexix1989 : и стираетс&#255; весь текст с пол&#255;
[12:21:22]OOC: Alexix1989/Alexix1989 : фикси
[12:21:23]SAY: Unknown/Apopheosis : М-Медикаментов б-бы...
[12:21:29]OOC: Ace Myles/Silentium : Это фича
[12:21:30]SAY: Atarabashi Nihondzin as (Zackary Losey)/EditorRUS : Так
[12:21:32]OOC: Alexix1989/Alexix1989 : runtime error: Cannot read null.rank#proc name: cmd admin pm (/client/proc/cmd_admin_pm)#  source file: adminpm.dm,58
[12:21:32]EMOTE: Holden Isemann/Palputin : <B>Holden Isemann</B> snores.
[12:21:37]OOC: Alexix1989/Alexix1989 : &#255; те ща по еблу дам)
[12:21:50]EMOTE: Holden Isemann/Palputin : <B>Holden Isemann</B> snores.
[12:21:52]ADMIN: HELP: Alexix1989/(Alexix1989): хуй
[12:21:54]OOC: Alexix1989/Alexix1989 : оп&#255;ть
[12:21:57]ADMIN: PM: Silentium/(Ace Myles)->Alexix1989/(Alexix1989): Хуй
[12:22:01]ADMIN: ATTACK: Atarabashi Nihondzin as (Zackary Losey) (editorrus) fed Unknown (apopheosis) with Anti-toxins pill.
[12:22:02]ADMIN: PM: Alexix1989/(Alexix1989)->Silentium/(Ace Myles): вилкой чисти
[12:22:05]EMOTE: Holden Isemann/Palputin : <B>Holden Isemann</B> snores.
[12:22:06]ADMIN: PM: Silentium/(Ace Myles)->Alexix1989/(Alexix1989): Ни
[12:22:07]ADMIN: PM: Alexix1989/(Alexix1989)->Silentium/(Ace Myles): раз раз раз раз
[12:22:12]EMOTE: Holden Isemann/Palputin : <B>Holden Isemann</B> snores.
[12:22:12]SAY: Unknown/Apopheosis : О-Ох
[12:22:13]SAY: Atarabashi Nihondzin as (Zackary Losey)/EditorRUS : Живем пока
[12:22:15]SAY: Atarabashi Nihondzin as (Zackary Losey)/EditorRUS : Но недолго
[12:22:21]EMOTE: Unknown/Apopheosis : <B>Unknown</B> collapses!
[12:22:32]OOC: Alexix1989/Alexix1989 : &#255; не могу нормально поиграть
[12:22:34]ACCESS: Logout: *no client*/(DoubleComrader43)
[12:22:34]ACCESS: Login: DoubleComrader43/(ghost) from 2.62.61.110-1055963771 || BYOND v510
[12:22:35]SAY: Unknown/Apopheosis : С-Спасибо!
[12:22:36]OOC: Alexix1989/Alexix1989 : так что не мешайте мне
[12:22:38]OOC: Atarabashi Nihondzin as (Zackary Losey)/EditorRUS : Ебана&#255; беепараша
[12:22:46]ACCESS: Logout: *no client*/(Alexix1989)
[12:22:46]ACCESS: Login: Alexix1989/(Brooke Compton) from 127.0.0.1-1077927294 || BYOND v510
[12:22:51]EMOTE: Holden Isemann/Palputin : <B>Holden Isemann</B> snores.
[12:22:53]OOC: Ace Myles/Silentium : А давайте все вместе начнём спамить в АХ
[12:22:56]EMOTE: Holden Isemann/Palputin : <B>Holden Isemann</B> snores.
[12:22:57]EMOTE: Holden Isemann/Palputin : <B>Holden Isemann</B> snores.
[12:22:59]OOC: Brooke Compton/Alexix1989 : мут
[12:23:00]OOC: Brooke Compton/Alexix1989 : бан
[12:23:03]OOC: Brooke Compton/Alexix1989 : анхост
[12:23:04]OOC: Atarabashi Nihondzin as (Zackary Losey)/EditorRUS : Гиперзин сделал, лол
[12:23:04]EMOTE: Holden Isemann/Palputin : <B>Holden Isemann</B> snores.
[12:23:06]EMOTE: Holden Isemann/Palputin : <B>Holden Isemann</B> snores.
[12:23:22]EMOTE: Holden Isemann/Palputin : <B>Holden Isemann</B> snores.
[12:23:35]EMOTE: Holden Isemann/Palputin : <B>Holden Isemann</B> snores.
[12:23:39]EMOTE: Holden Isemann/Palputin : <B>Holden Isemann</B> snores.
[12:23:44]EMOTE: Holden Isemann/Palputin : <B>Holden Isemann</B> snores.
[12:23:50]EMOTE: Frank Woodward/Stritirok : <B>Frank Woodward</B> screams!
[12:23:52]EMOTE: Holden Isemann/Palputin : <B>Holden Isemann</B> snores.
[12:23:53]EMOTE: Frank Woodward/Stritirok : <B>Frank Woodward</B> screams!
[12:23:57]EMOTE: Holden Isemann/Palputin : <B>Holden Isemann</B> snores.
[12:24:05]OOC: Atarabashi Nihondzin as (Zackary Losey)/EditorRUS : Сейчас &#255; трушно отыгрываю незнание рецепта бикаридина
[12:24:18]EMOTE: Frank Woodward/Stritirok : <B>Frank Woodward</B> seizes up and falls limp, his eyes dead and lifeless...
[12:24:25]EMOTE: Holden Isemann/Palputin : <B>Holden Isemann</B> snores.
[12:24:26]OOC: Ace Myles/Silentium : Вот видишь
[12:24:33]SAY: Unknown/Apopheosis : Б-Бл&#255;&#255;&#255;
[12:24:35]EMOTE: Holden Isemann/Palputin : <B>Holden Isemann</B> snores.
[12:24:36]OOC: Ace Myles/Silentium : Незнание порождает ролеплай
[12:24:45]ADMIN: HELP: Silentium/(Ace Myles): х
[12:24:46]ADMIN: HELP: Silentium/(Ace Myles): у
[12:24:47]ADMIN: HELP: Silentium/(Ace Myles): й
[12:24:55]EMOTE: Holden Isemann/Palputin : <B>Holden Isemann</B> snores.
[12:24:58]ADMIN: ATTACK: Atarabashi Nihondzin as (Zackary Losey) (editorrus) fed Unknown (apopheosis) with Bicaridine pill.
[12:25:05]EMOTE: Unknown/Apopheosis : <B>Unknown</B> collapses!
[12:25:10]ACCESS: Logout: *no client*/(Frank Woodward)
[12:25:10]ACCESS: Login: Stritirok/(Frank Woodward) from 185.52.143.70-3919436470 || BYOND v510
[12:25:10]SAY: Unknown/Apopheosis : Б-Бл&#255;ть
[12:25:14]SAY: Atarabashi Nihondzin as (Zackary Losey)/EditorRUS : Живем пока
[12:25:22]EMOTE: Holden Isemann/Palputin : <B>Holden Isemann</B> snores.
[12:25:30]OOC: Brooke Compton/Alexix1989 : короче
[12:25:33]EMOTE: Holden Isemann/Palputin : <B>Holden Isemann</B> snores.
[12:25:34]OOC: Brooke Compton/Alexix1989 : пусть сайлентиум фиксит
[12:25:36]SAY: Ghost/Stritirok : Папухен?
[12:25:38]OOC: Brooke Compton/Alexix1989 : а пока это последний раунд
[12:25:40]SAY: Unknown/Apopheosis : Я-Я п-посто&#255;нно с-сознание т-тер&#255;ю...
[12:25:44]OOC: Ace Myles/Silentium : Ты хуй
[12:25:47]OOC: Brooke Compton/Alexix1989 : ФИКСИ
[12:25:49]EMOTE: Holden Isemann/Palputin : <B>Holden Isemann</B> snores.
[12:25:52]OOC: Ace Myles/Silentium : Х
[12:25:53]OOC: Ace Myles/Silentium : У
[12:25:53]OOC: Ace Myles/Silentium : Й
[12:26:00]EMOTE: Unknown/Apopheosis : <B>Unknown</B> collapses!
[12:26:10]EMOTE: Holden Isemann/Palputin : <B>Holden Isemann</B> snores.
[12:26:18]EMOTE: Unknown/Apopheosis : <B>Unknown</B> seizes up and falls limp, his eyes dead and lifeless...
[12:26:20]EMOTE: Holden Isemann/Palputin : <B>Holden Isemann</B> snores.
[12:26:21]ACCESS: Logout: *no client*/(Jude King)
[12:26:21]ACCESS: Login: Apopheosis/(Unknown) from 178.219.156.7-10716156 || BYOND v510
[12:26:23]OOC: Ace Myles/Silentium : Я тебе в ёбыч пропишу, если сервер опустишь
[12:26:23]ADMIN: Alexix1989/(Brooke Compton) deleted Brooke Compton at (93,20,1)
[12:26:23]ACCESS: Logout: *no client*/(Brooke Compton)
[12:26:23]ACCESS: Login: Alexix1989/(Brooke Compton) from 127.0.0.1-1077927294 || BYOND v510
[12:26:28]OOC: Brooke Compton/Alexix1989 : фикси тогда
[12:26:32]EMOTE: Holden Isemann/Palputin : <B>Holden Isemann</B> snores.
[12:26:33]OOC: Brooke Compton/Alexix1989 : или &#255; выпилю ахелп из кода
[12:26:35]EMOTE: Holden Isemann/Palputin : <B>Holden Isemann</B> snores.
[12:26:50]EMOTE: Holden Isemann/Palputin : <B>Holden Isemann</B> snores.
[12:27:00]OOC: Ace Myles/Silentium : Я тебе анус выпилю тогда
[12:27:10]EMOTE: Holden Isemann/Palputin : <B>Holden Isemann</B> snores.
[12:27:16]ACCESS: Logout: DoubleComrader43/(Fabian Burns)
[12:27:16]OOC: Jude King/Apopheosis : Жоски да?
[12:27:17]OOC: Ace Myles/Silentium : И запилю в код автозамену Алексиса на PETOOH
[12:27:21]EMOTE: Holden Isemann/Palputin : <B>Holden Isemann</B> snores.
[12:27:24]EMOTE: Holden Isemann/Palputin : <B>Holden Isemann</B> snores.
[12:27:43]EMOTE: Holden Isemann/Palputin : <B>Holden Isemann</B> snores.
[12:27:54]ADMIN: ATTACK: Atarabashi Nihondzin as (Zackary Losey) (editorrus) fed Unknown () with Inaprovaline pill.
[12:27:56]EMOTE: Holden Isemann/Palputin : <B>Holden Isemann</B> snores.
[12:28:05]SAY: Atarabashi Nihondzin as (Zackary Losey)/EditorRUS : Вэлп
[12:28:11]SAY: Atarabashi Nihondzin as (Zackary Losey)/EditorRUS : У теб&#255; не было шансов
[12:28:28]OOC: Atarabashi Nihondzin as (Zackary Losey)/EditorRUS : Бл&#255;ть, неработающий бинт это конечто пиздос
[12:28:30]EMOTE: Holden Isemann/Palputin : <B>Holden Isemann</B> snores.
[12:28:37]OOC: Jude King/Apopheosis : Силентий
[12:28:37]OOC: Ace Myles/Silentium : Он работает
[12:28:43]OOC: Jude King/Apopheosis : Че это бл&#255;ть
[12:28:43]OOC: Atarabashi Nihondzin as (Zackary Losey)/EditorRUS : Не работает если урон слишком большой
[12:28:45]ACCESS: Logout: Stritirok/(Frank Woodward)
[12:28:49]OOC: Ace Myles/Silentium : А, это ж беепараша
[12:28:53]EMOTE: Holden Isemann/Palputin : <B>Holden Isemann</B> snores.
[12:28:56]EMOTE: Holden Isemann/Palputin : <B>Holden Isemann</B> snores.
[12:29:07]ADMIN: ATTACK: Atarabashi Nihondzin as (Zackary Losey) (editorrus) attacked Unknown () with the butcher's cleaver.
[12:29:08]ADMIN: ATTACK: Atarabashi Nihondzin as (Zackary Losey) (editorrus) attacked Unknown () with the butcher's cleaver.
[12:29:09]ADMIN: ATTACK: Atarabashi Nihondzin as (Zackary Losey) (editorrus) attacked Unknown () with the butcher's cleaver.
[12:29:10]ADMIN: ATTACK: Atarabashi Nihondzin as (Zackary Losey) (editorrus) attacked Unknown () with the butcher's cleaver.
[12:29:14]ADMIN: Silentium/(Ace Myles) jumped to Apopheosis/(Unknown)
[12:29:16]ADMIN: ATTACK: Atarabashi Nihondzin as (Zackary Losey) (editorrus) attacked Unknown () with the butcher's cleaver.
[12:29:17]ADMIN: ATTACK: Atarabashi Nihondzin as (Zackary Losey) (editorrus) attacked Unknown () with the butcher's cleaver.
[12:29:18]ADMIN: ATTACK: Atarabashi Nihondzin as (Zackary Losey) (editorrus) attacked Unknown () with the butcher's cleaver.
[12:29:19]ADMIN: ATTACK: Atarabashi Nihondzin as (Zackary Losey) (editorrus) attacked Unknown () with the butcher's cleaver.
[12:29:20]ADMIN: ATTACK: Atarabashi Nihondzin as (Zackary Losey) (editorrus) attacked Unknown () with the butcher's cleaver.
[12:29:21]ADMIN: ATTACK: Atarabashi Nihondzin as (Zackary Losey) (editorrus) attacked Unknown () with the butcher's cleaver.
[12:29:23]ADMIN: ATTACK: Atarabashi Nihondzin as (Zackary Losey) (editorrus) attacked Unknown () with the butcher's cleaver.
[12:29:23]OOC: Ace Myles/Silentium : Чо случилось-то?
[12:29:24]ADMIN: ATTACK: Atarabashi Nihondzin as (Zackary Losey) (editorrus) attacked Unknown () with the butcher's cleaver.
[12:29:25]OOC: Atarabashi Nihondzin as (Zackary Losey)/EditorRUS : Лел
[12:29:27]OOC: Ace Myles/Silentium : Всё правильно
[12:29:29]EMOTE: Holden Isemann/Palputin : <B>Holden Isemann</B> snores.
[12:29:30]OOC: Brooke Compton/Alexix1989 : хотите прекол?)
[12:29:32]EMOTE: Holden Isemann/Palputin : <B>Holden Isemann</B> snores.
[12:29:32]OOC: Brooke Compton/Alexix1989 : if(X.holder &amp;&amp; X.key!=key &amp;&amp; X.key!=C.key)
[12:29:39]OOC: Brooke Compton/Alexix1989 : Проверка, кому присылать админхелп
[12:29:46]EMOTE: Holden Isemann/Palputin : <B>Holden Isemann</B> snores.
[12:29:49]OOC: Brooke Compton/Alexix1989 : вот вам и весь быдлокод старобе&#255;
[12:30:02]EMOTE: Holden Isemann/Palputin : <B>Holden Isemann</B> snores.
[12:30:05]OOC: Brooke Compton/Alexix1989 : а, перед этим ещё и for(var/client/X)
[12:30:06]ADMIN: ATTACK: Atarabashi Nihondzin as (Zackary Losey) (editorrus) attacked Unknown () with the butcher's cleaver.
[12:30:08]ACCESS: Logout: Apopheosis/(Unknown)
[12:30:12]ADMIN: ATTACK: Atarabashi Nihondzin as (Zackary Losey) (editorrus) attacked Unknown () with the butcher's cleaver.
[12:30:13]EMOTE: Holden Isemann/Palputin : <B>Holden Isemann</B> snores.
[12:30:13]ADMIN: ATTACK: Atarabashi Nihondzin as (Zackary Losey) (editorrus) attacked Unknown () with the butcher's cleaver.
[12:30:14]ADMIN: ATTACK: Atarabashi Nihondzin as (Zackary Losey) (editorrus) attacked Unknown () with the butcher's cleaver.
[12:30:15]ADMIN: ATTACK: Atarabashi Nihondzin as (Zackary Losey) (editorrus) attacked Unknown () with the butcher's cleaver.
[12:30:21]ADMIN: ATTACK: Atarabashi Nihondzin as (Zackary Losey) (editorrus) attacked Unknown () with the butcher's cleaver.
[12:30:22]ADMIN: ATTACK: Atarabashi Nihondzin as (Zackary Losey) (editorrus) attacked Unknown () with the butcher's cleaver.
[12:30:24]ADMIN: ATTACK: Atarabashi Nihondzin as (Zackary Losey) (editorrus) attacked Unknown () with the butcher's cleaver.
[12:30:25]ADMIN: ATTACK: Atarabashi Nihondzin as (Zackary Losey) (editorrus) attacked Unknown () with the butcher's cleaver.
[12:30:26]ADMIN: ATTACK: Atarabashi Nihondzin as (Zackary Losey) (editorrus) attacked Unknown () with the butcher's cleaver.
[12:30:27]ADMIN: ATTACK: Atarabashi Nihondzin as (Zackary Losey) (editorrus) attacked Unknown () with the butcher's cleaver.
[12:30:28]ADMIN: ATTACK: Atarabashi Nihondzin as (Zackary Losey) (editorrus) attacked Unknown () with the butcher's cleaver.
[12:30:30]ADMIN: ATTACK: Atarabashi Nihondzin as (Zackary Losey) (editorrus) attacked Unknown () with the butcher's cleaver.
[12:30:31]ADMIN: ATTACK: Atarabashi Nihondzin as (Zackary Losey) (editorrus) attacked Unknown () with the butcher's cleaver.
[12:30:31]EMOTE: Holden Isemann/Palputin : <B>Holden Isemann</B> snores.
[12:30:32]ADMIN: ATTACK: Atarabashi Nihondzin as (Zackary Losey) (editorrus) attacked Unknown () with the butcher's cleaver.
[12:30:33]ADMIN: ATTACK: Atarabashi Nihondzin as (Zackary Losey) (editorrus) attacked Unknown () with the butcher's cleaver.
[12:30:34]ADMIN: ATTACK: Atarabashi Nihondzin as (Zackary Losey) (editorrus) attacked Unknown () with the butcher's cleaver.
[12:30:37]OOC: Atarabashi Nihondzin as (Zackary Losey)/EditorRUS : О да, классика
[12:30:40]EMOTE: Holden Isemann/Palputin : <B>Holden Isemann</B> snores.
[12:30:40]OOC: Atarabashi Nihondzin as (Zackary Losey)/EditorRUS : Неотрубающиес&#255; головы
[12:30:41]ADMIN: ATTACK: Atarabashi Nihondzin as (Zackary Losey) (editorrus) attacked Unknown () with the butcher's cleaver.
[12:30:42]ACCESS: Login: Apopheosis/(Unknown) from 178.219.156.7-10716156 || BYOND v510
[12:30:42]ACCESS: Login: Apopheosis/(Unknown) from 178.219.156.7
[12:30:42]ADMIN: ATTACK: Atarabashi Nihondzin as (Zackary Losey) (editorrus) attacked Unknown () with the butcher's cleaver.
[12:30:43]ADMIN: ATTACK: Atarabashi Nihondzin as (Zackary Losey) (editorrus) attacked Unknown () with the butcher's cleaver.
[12:30:43]OOC: Ace Myles/Silentium : Броньку-то сними
[12:30:44]ADMIN: ATTACK: Atarabashi Nihondzin as (Zackary Losey) (editorrus) attacked Unknown () with the butcher's cleaver.
[12:30:45]ADMIN: ATTACK: Atarabashi Nihondzin as (Zackary Losey) (editorrus) attacked Unknown () with the butcher's cleaver.
[12:30:49]ADMIN: ATTACK: Atarabashi Nihondzin as (Zackary Losey) (editorrus) attacked Unknown () with the butcher's cleaver.
[12:30:51]ADMIN: ATTACK: Atarabashi Nihondzin as (Zackary Losey) (editorrus) attacked Unknown () with the butcher's cleaver.
[12:30:52]ADMIN: ATTACK: Atarabashi Nihondzin as (Zackary Losey) (editorrus) attacked Unknown () with the butcher's cleaver.
[12:30:53]ADMIN: ATTACK: Atarabashi Nihondzin as (Zackary Losey) (editorrus) attacked Unknown () with the butcher's cleaver.
[12:30:54]ADMIN: ATTACK: Atarabashi Nihondzin as (Zackary Losey) (editorrus) attacked Unknown () with the butcher's cleaver.
[12:30:55]ADMIN: ATTACK: Atarabashi Nihondzin as (Zackary Losey) (editorrus) attacked Unknown () with the butcher's cleaver.
[12:30:56]ADMIN: ATTACK: Atarabashi Nihondzin as (Zackary Losey) (editorrus) attacked Unknown () with the butcher's cleaver.
[12:30:58]ADMIN: ATTACK: Atarabashi Nihondzin as (Zackary Losey) (editorrus) attacked Unknown () with the butcher's cleaver.
[12:30:59]ADMIN: ATTACK: Atarabashi Nihondzin as (Zackary Losey) (editorrus) attacked Unknown () with the butcher's cleaver.
[12:31:02]ADMIN: ATTACK: Atarabashi Nihondzin as (Zackary Losey) (editorrus) attacked Unknown () with the butcher's cleaver.
[12:31:03]ADMIN: ATTACK: Atarabashi Nihondzin as (Zackary Losey) (editorrus) attacked Unknown () with the butcher's cleaver.
[12:31:04]EMOTE: Holden Isemann/Palputin : <B>Holden Isemann</B> snores.
[12:31:04]ADMIN: ATTACK: Atarabashi Nihondzin as (Zackary Losey) (editorrus) attacked Unknown () with the butcher's cleaver.
[12:31:05]ADMIN: ATTACK: Atarabashi Nihondzin as (Zackary Losey) (editorrus) attacked Unknown () with the butcher's cleaver.
[12:31:07]ADMIN: ATTACK: Atarabashi Nihondzin as (Zackary Losey) (editorrus) attacked Unknown () with the butcher's cleaver.
[12:31:10]OOC: Atarabashi Nihondzin as (Zackary Losey)/EditorRUS : Охуенно все-таки
[12:31:16]EMOTE: Holden Isemann/Palputin : <B>Holden Isemann</B> snores.
[12:31:17]OOC: Atarabashi Nihondzin as (Zackary Losey)/EditorRUS : Удал&#255;ю пули тесаком из отрезанной головы
[12:31:26]EMOTE: Holden Isemann/Palputin : <B>Holden Isemann</B> snores.
[12:31:29]OOC: Jude King/Apopheosis : Эдитор - мань&#255;к D:
[12:31:32]GAME: Jude King/Apopheosis used abandon mob.
[12:31:32]ACCESS: Logout: *no client*/(Unknown)
[12:31:32]ACCESS: Login: Apopheosis/(new player) from 178.219.156.7-10716156 || BYOND v510
[12:31:34]EMOTE: Atarabashi Nihondzin as (Zackary Losey)/EditorRUS : <B>Atarabashi Nihondzin as (Zackary Losey)</B> collapses!
[12:31:35]EMOTE: Holden Isemann/Palputin : <B>Holden Isemann</B> snores.
[12:31:37]ACCESS: Logout: *no client*/(new player)
[12:31:37]ACCESS: Login: Apopheosis/(Bryson Larson) from 178.219.156.7-10716156 || BYOND v510
[12:31:40]EMOTE: Holden Isemann/Palputin : <B>Holden Isemann</B> snores.
[12:31:48]EMOTE: Holden Isemann/Palputin : <B>Holden Isemann</B> snores.
[12:31:48]OOC: Ace Myles/Silentium : Просто из частей тела можно тесаком вырезать м&#255;со
[12:31:59]SAY: Bryson Larson/Apopheosis : Ого
[12:32:07]OOC: Atarabashi Nihondzin as (Zackary Losey)/EditorRUS : You slip the meat inside the meat.
[12:32:08]OOC: Atarabashi Nihondzin as (Zackary Losey)/EditorRUS : Физика
[12:32:26]EMOTE: Holden Isemann/Palputin : <B>Holden Isemann</B> snores.
[12:32:32]EMOTE: Holden Isemann/Palputin : <B>Holden Isemann</B> snores.
[12:32:46]EMOTE: Holden Isemann/Palputin : <B>Holden Isemann</B> snores.
[12:32:56]EMOTE: Holden Isemann/Palputin : <B>Holden Isemann</B> snores.
[12:32:58]EMOTE: Holden Isemann/Palputin : <B>Holden Isemann</B> snores.
[12:33:06]EMOTE: Holden Isemann/Palputin : <B>Holden Isemann</B> snores.
[12:33:20]EMOTE: Holden Isemann/Palputin : <B>Holden Isemann</B> snores.
[12:33:49]EMOTE: Holden Isemann/Palputin : <B>Holden Isemann</B> snores.
[12:33:49]GAME: EditorRUS/(Atarabashi Nihondzin) has start fueling transport.
[12:34:03]EMOTE: Holden Isemann/Palputin : <B>Holden Isemann</B> snores.
[12:34:31]ACCESS: Logout: Apopheosis/(Bryson Larson)
[12:34:38]EMOTE: Unknown/Apopheosis : <B>Unknown</B> snores.
[12:34:39]EMOTE: Holden Isemann/Palputin : <B>Holden Isemann</B> snores.
[12:34:45]EMOTE: Unknown/Apopheosis : <B>Unknown</B> snores.
[12:34:47]EMOTE: Holden Isemann/Palputin : <B>Holden Isemann</B> snores.
[12:34:56]EMOTE: Holden Isemann/Palputin : <B>Holden Isemann</B> snores.
[12:35:05]EMOTE: Holden Isemann/Palputin : <B>Holden Isemann</B> snores.
[12:35:12]EMOTE: Unknown/Apopheosis : <B>Unknown</B> snores.
[12:35:29]EMOTE: Holden Isemann/Palputin : <B>Holden Isemann</B> snores.
[12:35:30]OOC: Atarabashi Nihondzin as (Zackary Losey)/EditorRUS : Ебать проволока имба же
[12:35:33]EMOTE: Holden Isemann/Palputin : <B>Holden Isemann</B> snores.
[12:35:34]EMOTE: Holden Isemann/Palputin : <B>Holden Isemann</B> snores.
[12:35:44]EMOTE: Unknown/Apopheosis : <B>Unknown</B> snores.
[12:35:48]EMOTE: Unknown/Apopheosis : <B>Unknown</B> snores.
[12:35:55]EMOTE: Holden Isemann/Palputin : <B>Holden Isemann</B> snores.
[12:35:55]EMOTE: Unknown/Apopheosis : <B>Unknown</B> snores.
[12:36:00]EMOTE: Unknown/Apopheosis : <B>Unknown</B> snores.
[12:36:01]EMOTE: Unknown/Apopheosis : <B>Unknown</B> snores.
[12:36:08]EMOTE: Holden Isemann/Palputin : <B>Holden Isemann</B> snores.
[12:36:20]EMOTE: Holden Isemann/Palputin : <B>Holden Isemann</B> snores.
[12:36:22]EMOTE: Holden Isemann/Palputin : <B>Holden Isemann</B> snores.
[12:36:23]EMOTE: Holden Isemann/Palputin : <B>Holden Isemann</B> snores.
[12:36:29]EMOTE: Holden Isemann/Palputin : <B>Holden Isemann</B> snores.
[12:36:30]EMOTE: Unknown/Apopheosis : <B>Unknown</B> snores.
[12:36:36]EMOTE: Unknown/Apopheosis : <B>Unknown</B> snores.
[12:36:40]EMOTE: Holden Isemann/Palputin : <B>Holden Isemann</B> snores.
[12:37:01]EMOTE: Unknown/Apopheosis : <B>Unknown</B> snores.
[12:37:05]EMOTE: Unknown/Apopheosis : <B>Unknown</B> snores.
[12:37:10]EMOTE: Holden Isemann/Palputin : <B>Holden Isemann</B> snores.
[12:37:11]EMOTE: Unknown/Apopheosis : <B>Unknown</B> snores.
[12:37:20]EMOTE: Holden Isemann/Palputin : <B>Holden Isemann</B> snores.
[12:37:29]EMOTE: Unknown/Apopheosis : <B>Unknown</B> snores.
[12:37:38]EMOTE: Holden Isemann/Palputin : <B>Holden Isemann</B> snores.
[12:37:40]EMOTE: Holden Isemann/Palputin : <B>Holden Isemann</B> snores.
[12:37:44]EMOTE: Holden Isemann/Palputin : <B>Holden Isemann</B> snores.
[12:37:46]EMOTE: Holden Isemann/Palputin : <B>Holden Isemann</B> snores.
[12:37:52]EMOTE: Unknown/Apopheosis : <B>Unknown</B> snores.
[12:37:57]EMOTE: Holden Isemann/Palputin : <B>Holden Isemann</B> snores.
[12:37:59]EMOTE: Holden Isemann/Palputin : <B>Holden Isemann</B> snores.
[12:38:07]EMOTE: Unknown/Apopheosis : <B>Unknown</B> snores.
[12:38:12]EMOTE: Unknown/Apopheosis : <B>Unknown</B> snores.
[12:38:30]EMOTE: Unknown/Apopheosis : <B>Unknown</B> snores.
[12:38:34]EMOTE: Unknown/Apopheosis : <B>Unknown</B> snores.
[12:38:35]EMOTE: Holden Isemann/Palputin : <B>Holden Isemann</B> snores.
[12:38:36]EMOTE: Holden Isemann/Palputin : <B>Holden Isemann</B> snores.
[12:38:45]EMOTE: Unknown/Apopheosis : <B>Unknown</B> snores.
[12:38:51]EMOTE: Unknown/Apopheosis : <B>Unknown</B> snores.
[12:39:04]EMOTE: Holden Isemann/Palputin : <B>Holden Isemann</B> snores.
[12:39:04]EMOTE: Unknown/Apopheosis : <B>Unknown</B> snores.
[12:39:05]EMOTE: Holden Isemann/Palputin : <B>Holden Isemann</B> snores.
[12:39:12]EMOTE: Unknown/Apopheosis : <B>Unknown</B> snores.
[12:39:16]ADMIN: HELP: EditorRUS/(Atarabashi Nihondzin): А что происходит-то с БТР?
[12:39:19]ADMIN: Alexix1989/(Brooke Compton) jumped to EditorRUS/(Atarabashi Nihondzin)
[12:39:30]EMOTE: Unknown/Apopheosis : <B>Unknown</B> snores.
[12:39:35]ADMIN: PM: Silentium/(Ace Myles)->EditorRUS/(Atarabashi Nihondzin): П&#255;ть минут заправл&#255;етс&#255; топливо и п&#255;ть минут разогреваютс&#255; двигатели
[12:39:36]EMOTE: Holden Isemann/Palputin : <B>Holden Isemann</B> snores.
[12:39:41]ADMIN: PM: Silentium/(Ace Myles)->EditorRUS/(Atarabashi Nihondzin): Итого дес&#255;ть минут до отправлени&#255;
[12:39:42]EMOTE: Holden Isemann/Palputin : <B>Holden Isemann</B> snores.
[12:39:42]EMOTE: Unknown/Apopheosis : <B>Unknown</B> snores.
[12:39:51]EMOTE: Holden Isemann/Palputin : <B>Holden Isemann</B> snores.
[12:40:03]ADMIN: PM: Silentium/(Ace Myles)->EditorRUS/(Atarabashi Nihondzin): А если ты про отправление - то оно ниху&#255; не происходит
[12:40:04]EMOTE: Unknown/Apopheosis : <B>Unknown</B> snores.
[12:40:05]ADMIN: PM: Silentium/(Ace Myles)->EditorRUS/(Atarabashi Nihondzin): Слушай
[12:40:12]ADMIN: PM: Silentium/(Ace Myles)->EditorRUS/(Atarabashi Nihondzin): Может ты пофиксишь БТР и карго?
[12:40:17]EMOTE: Holden Isemann/Palputin : <B>Holden Isemann</B> snores.
[12:40:24]EMOTE: Unknown/Apopheosis : <B>Unknown</B> snores.
[12:40:25]ADMIN: HELP: EditorRUS/(Atarabashi Nihondzin): Будто &#255; знаю в чем проблема
[12:40:28]EMOTE: Holden Isemann/Palputin : <B>Holden Isemann</B> snores.
[12:40:30]EMOTE: Holden Isemann/Palputin : <B>Holden Isemann</B> snores.
[12:40:31]ADMIN: PM: Silentium/(Ace Myles)->EditorRUS/(Atarabashi Nihondzin): Будто &#255; знаю
[12:40:34]EMOTE: Holden Isemann/Palputin : <B>Holden Isemann</B> snores.
[12:40:35]ADMIN: HELP: EditorRUS/(Atarabashi Nihondzin): Дебаг логи посмотри
[12:40:39]ADMIN: ATTACK: Atarabashi Nihondzin as (Zackary Losey) (editorrus) shot Atarabashi Nihondzin as (Zackary Losey) (editorrus) point blank with Sleuth DS.
[12:40:40]EMOTE: Atarabashi Nihondzin as (Zackary Losey)/EditorRUS : <B>Atarabashi Nihondzin as (Zackary Losey)</B> screams!
[12:40:41]EMOTE: Atarabashi Nihondzin as (Zackary Losey)/EditorRUS : <B>Atarabashi Nihondzin as (Zackary Losey)</B> screams!
[12:40:41]EMOTE: Atarabashi Nihondzin as (Zackary Losey)/EditorRUS : <B>Atarabashi Nihondzin as (Zackary Losey)</B> seizes up and falls limp, his eyes dead and lifeless...
[12:40:44]ADMIN: PM: Alexix1989/(Brooke Compton)->Silentium/(Ace Myles): Хуй
[12:40:46]ADMIN: HELP: Alexix1989/(Brooke Compton): хуй
[12:40:47]ACCESS: Logout: *no client*/(Atarabashi Nihondzin)
[12:40:47]ACCESS: Login: EditorRUS/(Unknown as (Zackary Losey)) from 31.25.28.189-325787359 || BYOND v510
[12:40:49]OOC: Brooke Compton/Alexix1989 : падаем
[12:40:49]EMOTE: Unknown/Apopheosis : <B>Unknown</B> snores.
[12:40:51]OOC: Brooke Compton/Alexix1989 : дл&#255; обновы
[12:40:55]OOC: Atarabashi Nihondzin/EditorRUS : Лол, ваншот
[12:40:57]ACCESS: Logout: EditorRUS/(Unknown as (Zackary Losey))
[12:40:58]ACCESS: Logout: Silentium/(Ace Myles)
[12:40:58]ACCESS: Logout: Alexix1989/(Brooke Compton)
[12:40:58]ACCESS: Logout: EgorkillerUA/(EgorkillerUA)
[12:40:58]ACCESS: Logout: DrVod/(Derrick Green)


Starting up. 12:44.36
---------------------

[12:44:36]ADMIN: Loading jobban_rank
[12:44:36]ADMIN: jobban_keylist was empty
[12:44:36]ADMIN: Updating jobbanfile!
[12:44:36]ADMIN: Loading Banlist
Reading donators.txt
[12:45:00]ACCESS: Login: Alexix1989/(Alexix1989) from 127.0.0.1-1077927294 || BYOND v510
[12:45:00]ACCESS: Login: Alexix1989/(Alexix1989) from 127.0.0.1
[12:45:22]ADMIN: Alexix1989/(Alexix1989) delayed the game.
[12:46:19]ACCESS: Login: Silentium/(Silentium) from 176.108.6.17-2219538517 || BYOND v509
[12:46:19]ACCESS: Login: Silentium/(Silentium) from 176.108.6.17
[12:46:34]ACCESS: Login: Gusi/(Gusi) from 178.74.65.151-2831826305 || BYOND v510
[12:46:34]ACCESS: Login: Gusi/(Gusi) from 178.74.65.151
[12:47:39]OOC: Silentium/Silentium : Что ты там наговнокодил-то?
[12:47:50]ACCESS: Logout: Gusi/(Gusi)
[12:47:50]OOC: Alexix1989/Alexix1989 : временный фикс(нет) админхелпа
[12:47:56]OOC: Alexix1989/Alexix1989 : &#255; похоже знаю в чём проблема
[12:47:59]OOC: Alexix1989/Alexix1989 : но провер&#255;ть не стал
[12:48:00]OOC: Silentium/Silentium : Error: Admin-PM: ОБРАЩАЙСЯ К АДМИМНИСТРАТОРАМ В ООС.
[12:48:18]OOC: Silentium/Silentium : За такие фиксы в печень пером тычат
[12:48:28]OOC: Alexix1989/Alexix1989 : send2adminirc(&#34;#bs12admin&#34;,&#34;HELP: \&#34;[src.key]: [msg]\&#34;&#34;)
[12:48:36]OOC: Alexix1989/Alexix1989 : вот эта хуйн&#255; походу
[12:48:39]OOC: Alexix1989/Alexix1989 : а админ пм работает, да
[12:48:51]ADMIN: PM: Alexix1989/(Alexix1989)->Alexix1989/(Alexix1989): рр
[12:48:55]ADMIN: PM: Alexix1989/(Alexix1989)->Silentium/(Silentium): лоорлрол
[12:49:11]ADMIN: PM: Silentium/(Silentium)->Alexix1989/(Alexix1989): Хуйрол
[12:49:34]ACCESS: Logout: Alexix1989/(Alexix1989)
[12:52:55]ACCESS: Logout: Silentium/(Silentium)
[12:53:04]ACCESS: Login: EditorRUS/(EditorRUS) from 31.25.28.189-325787359 || BYOND v510
[12:53:04]ACCESS: Login: EditorRUS/(EditorRUS) from 31.25.28.189
[12:53:23]ACCESS: Logout: EditorRUS/(EditorRUS)
[12:57:59]ACCESS: Login: Jason Vorheese/(Jason Vorheese) from 120.29.105.123-1565221025 || BYOND v510
[12:57:59]ACCESS: Login: Jason Vorheese/(Jason Vorheese) from 120.29.105.123
[13:04:23]ACCESS: Login: The Angelic Process/(The Angelic Process) from 68.52.68.8-94970579 || BYOND v511
[13:04:23]ACCESS: Login: The Angelic Process/(The Angelic Process) from 68.52.68.8
[13:05:00]ACCESS: Logout: The Angelic Process/(The Angelic Process)
[13:05:05]ACCESS: Logout: Jason Vorheese/(Jason Vorheese)
