

Starting up. 13:23.21
---------------------

[13:36:49]ATTACK: <font color='red'>Atarabashi Nihondzin (editorrus) implanted Atarabashi Nihondzin (editorrus) with Nanoaugmentation Implaner (Short-range Psionic Radar) (INTENT: HELP)</font>
[13:36:55]ATTACK: <font color='red'>Atarabashi Nihondzin (editorrus) implanted Atarabashi Nihondzin (editorrus) with Nanoaugmentation Implaner (Regenerative Nanobots) (INTENT: HELP)</font>
[13:37:31]ATTACK: <font color='red'>Manuel Mcintosh (apopheosis) attacked Atarabashi Nihondzin (editorrus) with brick (INTENT: HURT) (DAMTYE: BRUTE)</font>
[13:37:34]ATTACK: <font color='red'>Manuel Mcintosh (apopheosis) attacked Atarabashi Nihondzin (editorrus) with brick (INTENT: HURT) (DAMTYE: BRUTE)</font>
[13:37:39]ATTACK: <font color='red'>Manuel Mcintosh (apopheosis) attacked Atarabashi Nihondzin (editorrus) with brick (INTENT: HURT) (DAMTYE: BRUTE)</font>
[13:37:59]ATTACK: <font color='red'>Atarabashi Nihondzin (editorrus) disarmed Manuel Mcintosh (apopheosis)</font>
[13:37:59]ATTACK: <font color='red'>Manuel Mcintosh (apopheosis) punched Atarabashi Nihondzin (editorrus)</font>
[13:38:04]ATTACK: <font color='red'>Atarabashi Nihondzin (editorrus) disarmed Manuel Mcintosh (apopheosis)</font>
[13:38:16]ATTACK: <font color='red'>Atarabashi Nihondzin (editorrus) disarmed Manuel Mcintosh (apopheosis)</font>
[13:38:16]ATTACK: <font color='red'>Manuel Mcintosh (apopheosis) attacked Atarabashi Nihondzin (editorrus) with brick (INTENT: HURT) (DAMTYE: BRUTE)</font>
[13:38:18]ATTACK: <font color='red'>Manuel Mcintosh (apopheosis) attacked Atarabashi Nihondzin (editorrus) with brick (INTENT: HURT) (DAMTYE: BRUTE)</font>
[13:38:19]ATTACK: <font color='red'>Manuel Mcintosh (apopheosis) attacked Atarabashi Nihondzin (editorrus) with brick (INTENT: HURT) (DAMTYE: BRUTE)</font>
[13:38:21]ATTACK: <font color='red'>Manuel Mcintosh (apopheosis) attacked Atarabashi Nihondzin (editorrus) with brick (INTENT: HURT) (DAMTYE: BRUTE)</font>
[13:38:22]ATTACK: <font color='red'>Manuel Mcintosh (apopheosis) attacked Atarabashi Nihondzin (editorrus) with brick (INTENT: HURT) (DAMTYE: BRUTE)</font>
[13:38:23]ATTACK: <font color='red'>Manuel Mcintosh (apopheosis) attacked Atarabashi Nihondzin (editorrus) with brick (INTENT: HURT) (DAMTYE: BRUTE)</font>
[13:38:24]ATTACK: <font color='red'>Manuel Mcintosh (apopheosis) attacked Atarabashi Nihondzin (editorrus) with brick (INTENT: HURT) (DAMTYE: BRUTE)</font>
[13:38:25]ATTACK: <font color='red'>Manuel Mcintosh (apopheosis) attacked Atarabashi Nihondzin (editorrus) with brick (INTENT: HURT) (DAMTYE: BRUTE)</font>
[13:38:27]ATTACK: <font color='red'>Manuel Mcintosh (apopheosis) attacked Unknown (editorrus) with brick (INTENT: HURT) (DAMTYE: BRUTE)</font>
[13:38:28]ATTACK: <font color='red'>Manuel Mcintosh (apopheosis) attacked Unknown (editorrus) with brick (INTENT: HURT) (DAMTYE: BRUTE)</font>
[13:38:29]ATTACK: <font color='red'>Manuel Mcintosh (apopheosis) attacked Unknown (editorrus) with brick (INTENT: HURT) (DAMTYE: BRUTE)</font>
[13:38:30]ATTACK: <font color='red'>Manuel Mcintosh (apopheosis) attacked Unknown (editorrus) with brick (INTENT: HURT) (DAMTYE: BRUTE)</font>
[13:40:47]ATTACK: <font color='red'>Alex Wood (ghoststalin) shot Isaac Brinigh (drvod) with a the Bullet</font>
[13:41:01]ATTACK: <font color='red'>Alex Wood (ghoststalin) attacked Unknown (drvod) with nailed bat (INTENT: HELP) (DAMTYE: BRUTE)</font>
[13:41:10]ATTACK: <font color='red'>Alex Wood (ghoststalin) attacked Unknown (drvod) with nailed bat (INTENT: HURT) (DAMTYE: BRUTE)</font>
[13:41:11]ATTACK: <font color='red'>Manuel Mcintosh (apopheosis) attacked Levi Lafortune (neonmaniac) with large pipe (INTENT: HURT) (DAMTYE: BRUTE)</font>
[13:41:13]ATTACK: <font color='red'>Manuel Mcintosh (apopheosis) attacked Levi Lafortune (neonmaniac) with large pipe (INTENT: HURT) (DAMTYE: BRUTE)</font>
[13:41:14]ATTACK: <font color='red'>Alex Wood (ghoststalin) attacked Unknown (drvod) with nailed bat (INTENT: HURT) (DAMTYE: BRUTE)</font>
[13:41:15]ATTACK: <font color='red'>Alex Wood (ghoststalin) attacked Unknown (drvod) with nailed bat (INTENT: HURT) (DAMTYE: BRUTE)</font>
[13:41:16]ATTACK: <font color='red'>Alex Wood (ghoststalin) attacked Unknown (drvod) with nailed bat (INTENT: HURT) (DAMTYE: BRUTE)</font>
[13:41:18]ATTACK: <font color='red'>Alex Wood (ghoststalin) attacked Unknown (drvod) with nailed bat (INTENT: HURT) (DAMTYE: BRUTE)</font>
[13:41:19]ATTACK: <font color='red'>Alex Wood (ghoststalin) attacked Unknown (drvod) with nailed bat (INTENT: HURT) (DAMTYE: BRUTE)</font>
[13:41:24]ATTACK: <font color='red'>Manuel Mcintosh (apopheosis) attacked Levi Lafortune (neonmaniac) with large pipe (INTENT: HURT) (DAMTYE: BRUTE)</font>
[13:42:32]ATTACK: <font color='red'>Manuel Mcintosh (apopheosis) attacked Unknown () with large pipe (INTENT: HURT) (DAMTYE: BRUTE)</font>
[13:44:05]ATTACK: <font color='red'>Gratian Earl (truncated) disarmed Gratian Earl (truncated)</font>
[13:47:34]ATTACK: <font color='red'>Alex Wood (ghoststalin) shot Lorde Fryer (drvod) with a the Bullet</font>
[13:47:39]ATTACK: <font color='red'>Alex Wood (ghoststalin) shot Unknown as (Lorde Fryer) (drvod) with a the Bullet</font>
[13:47:40]ATTACK: <font color='red'>Manuel Mcintosh (apopheosis) shot Adrian Shaw (seel112) with a the Bullet</font>
[13:47:40]ATTACK: <font color='red'>Manuel Mcintosh (apopheosis) shot Adrian Shaw (seel112) with a the Bullet</font>
[13:47:44]ATTACK: <font color='red'>Alex Wood (ghoststalin) shot Unknown as (Lorde Fryer) (drvod) with a the Bullet</font>
[13:47:46]ATTACK: <font color='red'>Unknown as (Lorde Fryer) (drvod) disarmed Alex Wood (ghoststalin)</font>
[13:47:49]ATTACK: <font color='red'>Alex Wood (ghoststalin) shot Unknown as (Lorde Fryer) (drvod) with a the Bullet</font>
[13:47:59]ATTACK: <font color='red'>Alex Wood (ghoststalin) shot Unknown as (Lorde Fryer) (drvod) with a the Bullet</font>
[13:48:06]ATTACK: <font color='red'>Alex Wood (ghoststalin) shot Unknown as (Lorde Fryer) (drvod) with a the Bullet</font>
[13:48:07]ATTACK: <font color='red'>Gratian Earl (truncated) attacked Unknown () with bat (INTENT: DISARM) (DAMTYE: BRUTE)</font>
[13:48:08]ATTACK: <font color='red'>Gratian Earl (truncated) attacked Unknown () with bat (INTENT: DISARM) (DAMTYE: BRUTE)</font>
[13:48:09]ATTACK: <font color='red'>Gratian Earl (truncated) attacked Unknown () with bat (INTENT: DISARM) (DAMTYE: BRUTE)</font>
[13:48:10]ATTACK: <font color='red'>Gratian Earl (truncated) attacked Unknown () with bat (INTENT: DISARM) (DAMTYE: BRUTE)</font>
[13:48:11]ATTACK: <font color='red'>Gratian Earl (truncated) attacked Unknown () with bat (INTENT: DISARM) (DAMTYE: BRUTE)</font>
[13:48:12]ATTACK: <font color='red'>Gratian Earl (truncated) attacked Unknown () with bat (INTENT: DISARM) (DAMTYE: BRUTE)</font>
[13:48:25]ATTACK: <font color='red'>Alex Wood (ghoststalin) attacked Unknown as (Lorde Fryer) (drvod) with nailed bat (INTENT: HURT) (DAMTYE: BRUTE)</font>
[13:48:27]ATTACK: <font color='red'>Alex Wood (ghoststalin) attacked Unknown as (Lorde Fryer) (drvod) with nailed bat (INTENT: HURT) (DAMTYE: BRUTE)</font>
[13:48:28]ATTACK: <font color='red'>Alex Wood (ghoststalin) attacked Unknown as (Lorde Fryer) (drvod) with nailed bat (INTENT: HURT) (DAMTYE: BRUTE)</font>
[13:48:29]ATTACK: <font color='red'>Alex Wood (ghoststalin) attacked Unknown as (Lorde Fryer) (drvod) with nailed bat (INTENT: HURT) (DAMTYE: BRUTE)</font>
[13:48:30]ATTACK: <font color='red'>Alex Wood (ghoststalin) attacked Unknown as (Lorde Fryer) (drvod) with nailed bat (INTENT: HURT) (DAMTYE: BRUTE)</font>
[13:50:08]ATTACK: <font color='red'>Atarabashi Nihondzin (editorrus) attacked Unknown (neonmaniac) with fire extinguisher (INTENT: HELP) (DAMTYE: BRUTE)</font>
[13:50:09]ATTACK: <font color='red'>Atarabashi Nihondzin (editorrus) attacked Unknown (neonmaniac) with fire extinguisher (INTENT: HELP) (DAMTYE: BRUTE)</font>
[13:50:10]ATTACK: <font color='red'>Atarabashi Nihondzin (editorrus) attacked Unknown (neonmaniac) with fire extinguisher (INTENT: HELP) (DAMTYE: BRUTE)</font>
[13:50:12]ATTACK: <font color='red'>Atarabashi Nihondzin (editorrus) attacked Unknown (neonmaniac) with fire extinguisher (INTENT: HELP) (DAMTYE: BRUTE)</font>
[13:50:13]ATTACK: <font color='red'>Atarabashi Nihondzin (editorrus) attacked Unknown (neonmaniac) with fire extinguisher (INTENT: HELP) (DAMTYE: BRUTE)</font>
[13:50:14]ATTACK: <font color='red'>Atarabashi Nihondzin (editorrus) attacked Unknown (neonmaniac) with fire extinguisher (INTENT: HELP) (DAMTYE: BRUTE)</font>
[13:50:16]ATTACK: <font color='red'>Atarabashi Nihondzin (editorrus) attacked Unknown (neonmaniac) with fire extinguisher (INTENT: HELP) (DAMTYE: BRUTE)</font>
[13:50:17]ATTACK: <font color='red'>Atarabashi Nihondzin (editorrus) attacked Unknown (neonmaniac) with fire extinguisher (INTENT: HELP) (DAMTYE: BRUTE)</font>
[13:54:03]ATTACK: <font color='red'>Manuel Mcintosh (apopheosis) shot Jaden Vader (invaser777) with a the Bullet</font>
[13:54:03]ATTACK: <font color='red'>Manuel Mcintosh (apopheosis) shot Jaden Vader (invaser777) with a the Bullet</font>
[14:00:36]ATTACK: <font color='red'>Corey Wible (invaser777) attacked Bradley Williams (5554434t) with stone (INTENT: HURT) (DAMTYE: BRUTE)</font>
[14:00:37]ATTACK: <font color='red'>Corey Wible (invaser777) attacked Bradley Williams (5554434t) with stone (INTENT: HURT) (DAMTYE: BRUTE)</font>
[14:00:41]ATTACK: <font color='red'>Corey Wible (invaser777) attacked Bradley Williams (5554434t) with stone (INTENT: HURT) (DAMTYE: BRUTE)</font>
[14:00:42]ATTACK: <font color='red'>Corey Wible (invaser777) attacked Bradley Williams (5554434t) with stone (INTENT: HURT) (DAMTYE: BRUTE)</font>
[14:00:43]ATTACK: <font color='red'>Corey Wible (invaser777) attacked Bradley Williams (5554434t) with stone (INTENT: HURT) (DAMTYE: BRUTE)</font>
[14:00:44]ATTACK: <font color='red'>Corey Wible (invaser777) attacked Bradley Williams (5554434t) with stone (INTENT: HURT) (DAMTYE: BRUTE)</font>
[14:00:45]ATTACK: <font color='red'>Corey Wible (invaser777) attacked Bradley Williams (5554434t) with stone (INTENT: HURT) (DAMTYE: BRUTE)</font>
[14:00:47]ATTACK: <font color='red'>Corey Wible (invaser777) attacked Unknown (5554434t) with stone (INTENT: HURT) (DAMTYE: BRUTE)</font>
[14:00:48]ATTACK: <font color='red'>Corey Wible (invaser777) attacked Unknown (5554434t) with stone (INTENT: HURT) (DAMTYE: BRUTE)</font>
[14:00:49]ATTACK: <font color='red'>Corey Wible (invaser777) attacked Unknown (5554434t) with stone (INTENT: HURT) (DAMTYE: BRUTE)</font>
[14:00:50]ATTACK: <font color='red'>Corey Wible (invaser777) attacked Unknown (5554434t) with stone (INTENT: HURT) (DAMTYE: BRUTE)</font>
[14:00:52]ATTACK: <font color='red'>Corey Wible (invaser777) attacked Unknown (5554434t) with stone (INTENT: HURT) (DAMTYE: BRUTE)</font>
[14:01:49]ATTACK: <font color='red'>Corey Wible (invaser777) attacked Walter Compton (seel112) with stone (INTENT: HURT) (DAMTYE: BRUTE)</font>
[14:01:49]ATTACK: <font color='red'>Walter Compton (seel112) attacked Corey Wible (invaser777) with hammer (INTENT: HURT) (DAMTYE: BRUTE)</font>
[14:01:55]ATTACK: <font color='red'>Walter Compton (seel112) attacked Corey Wible (invaser777) with scout (INTENT: HURT) (DAMTYE: BRUTE)</font>
[14:01:55]ATTACK: <font color='red'>Corey Wible (invaser777) attacked Walter Compton (seel112) with stone (INTENT: HURT) (DAMTYE: BRUTE)</font>
[14:01:58]ATTACK: <font color='red'>Corey Wible (invaser777) attacked Walter Compton (seel112) with stone (INTENT: HURT) (DAMTYE: BRUTE)</font>
[14:01:59]ATTACK: <font color='red'>Corey Wible (invaser777) attacked Walter Compton (seel112) with stone (INTENT: HURT) (DAMTYE: BRUTE)</font>
[14:02:01]ATTACK: <font color='red'>Corey Wible (invaser777) attacked Walter Compton (seel112) with stone (INTENT: HURT) (DAMTYE: BRUTE)</font>
[14:02:02]ATTACK: <font color='red'>Corey Wible (invaser777) attacked Unknown (seel112) with stone (INTENT: HURT) (DAMTYE: BRUTE)</font>
[14:02:03]ATTACK: <font color='red'>Corey Wible (invaser777) attacked Unknown (seel112) with stone (INTENT: HURT) (DAMTYE: BRUTE)</font>
[14:02:08]ATTACK: <font color='red'>Corey Wible (invaser777) attacked Unknown (seel112) with stone (INTENT: HURT) (DAMTYE: BRUTE)</font>
[14:02:10]ATTACK: <font color='red'>Corey Wible (invaser777) attacked Unknown (seel112) with stone (INTENT: HURT) (DAMTYE: BRUTE)</font>
[14:02:12]ATTACK: <font color='red'>Corey Wible (invaser777) attacked Unknown (seel112) with stone (INTENT: HURT) (DAMTYE: BRUTE)</font>
[14:02:13]ATTACK: <font color='red'>Corey Wible (invaser777) attacked Unknown (seel112) with stone (INTENT: HURT) (DAMTYE: BRUTE)</font>
[14:02:14]ATTACK: <font color='red'>Corey Wible (invaser777) attacked Unknown (seel112) with stone (INTENT: HURT) (DAMTYE: BRUTE)</font>
[14:02:49]ATTACK: <font color='red'>Gratian Earl (truncated) attacked Manuel Mcintosh () with stone (INTENT: HELP) (DAMTYE: BRUTE)</font>
[14:02:50]ATTACK: <font color='red'>Gratian Earl (truncated) attacked Manuel Mcintosh () with stone (INTENT: HELP) (DAMTYE: BRUTE)</font>
[14:02:51]ATTACK: <font color='red'>Gratian Earl (truncated) attacked Manuel Mcintosh () with stone (INTENT: HELP) (DAMTYE: BRUTE)</font>
[14:02:53]ATTACK: <font color='red'>Gratian Earl (truncated) attacked Manuel Mcintosh () with stone (INTENT: HELP) (DAMTYE: BRUTE)</font>
[14:02:54]ATTACK: <font color='red'>Gratian Earl (truncated) attacked Manuel Mcintosh () with stone (INTENT: HELP) (DAMTYE: BRUTE)</font>
[14:04:07]ATTACK: <font color='red'>Atarabashi Nihondzin (editorrus) shot Goodwin Trovato (vfhr) with a the projectile</font>
[14:04:14]ATTACK: <font color='red'>Atarabashi Nihondzin (editorrus) attacked Unknown (vfhr) with makeshift hatchet (INTENT: HELP) (DAMTYE: BRUTE)</font>
[14:04:28]ATTACK: <font color='red'>Atarabashi Nihondzin (editorrus) attacked Unknown (vfhr) with butcher's cleaver (INTENT: HELP) (DAMTYE: BRUTE)</font>
[14:04:29]ATTACK: <font color='red'>Atarabashi Nihondzin (editorrus) attacked Unknown (vfhr) with butcher's cleaver (INTENT: HELP) (DAMTYE: BRUTE)</font>
[14:04:30]ATTACK: <font color='red'>Atarabashi Nihondzin (editorrus) attacked Unknown (vfhr) with butcher's cleaver (INTENT: HELP) (DAMTYE: BRUTE)</font>
[14:04:31]ATTACK: <font color='red'>Atarabashi Nihondzin (editorrus) attacked Unknown (vfhr) with butcher's cleaver (INTENT: HELP) (DAMTYE: BRUTE)</font>
[14:04:33]ATTACK: <font color='red'>Atarabashi Nihondzin (editorrus) attacked Unknown (vfhr) with butcher's cleaver (INTENT: HELP) (DAMTYE: BRUTE)</font>
[14:04:34]ATTACK: <font color='red'>Atarabashi Nihondzin (editorrus) attacked Unknown (vfhr) with butcher's cleaver (INTENT: HELP) (DAMTYE: BRUTE)</font>
[14:04:37]ATTACK: <font color='red'>Atarabashi Nihondzin (editorrus) attacked Unknown (vfhr) with butcher's cleaver (INTENT: HELP) (DAMTYE: BRUTE)</font>
[14:04:38]ATTACK: <font color='red'>Atarabashi Nihondzin (editorrus) attacked Unknown (vfhr) with butcher's cleaver (INTENT: HELP) (DAMTYE: BRUTE)</font>
[14:04:39]ATTACK: <font color='red'>Atarabashi Nihondzin (editorrus) attacked Unknown (vfhr) with butcher's cleaver (INTENT: HELP) (DAMTYE: BRUTE)</font>
[14:04:40]ATTACK: <font color='red'>Atarabashi Nihondzin (editorrus) attacked Unknown (vfhr) with butcher's cleaver (INTENT: HELP) (DAMTYE: BRUTE)</font>
[14:05:43]ATTACK: <font color='red'>Alex Wood as (Lorde Fryer) (ghoststalin) attacked Jaxon Berkheimer (apopheosis) with nailed bat (INTENT: HELP) (DAMTYE: BRUTE)</font>
[14:05:44]ATTACK: <font color='red'>Alex Wood as (Lorde Fryer) (ghoststalin) attacked Jaxon Berkheimer (apopheosis) with nailed bat (INTENT: HELP) (DAMTYE: BRUTE)</font>
[14:05:46]ATTACK: <font color='red'>Alex Wood as (Lorde Fryer) (ghoststalin) attacked Jaxon Berkheimer (apopheosis) with nailed bat (INTENT: HELP) (DAMTYE: BRUTE)</font>
[14:05:48]ATTACK: <font color='red'>Alex Wood as (Lorde Fryer) (ghoststalin) attacked Jaxon Berkheimer (apopheosis) with nailed bat (INTENT: HELP) (DAMTYE: BRUTE)</font>
[14:05:49]ATTACK: <font color='red'>Alex Wood as (Lorde Fryer) (ghoststalin) attacked Jaxon Berkheimer (apopheosis) with nailed bat (INTENT: HELP) (DAMTYE: BRUTE)</font>
[14:05:50]ATTACK: <font color='red'>Alex Wood as (Lorde Fryer) (ghoststalin) attacked Jaxon Berkheimer (apopheosis) with nailed bat (INTENT: HELP) (DAMTYE: BRUTE)</font>
[14:05:51]ATTACK: <font color='red'>Alex Wood as (Lorde Fryer) (ghoststalin) attacked Jaxon Berkheimer (apopheosis) with nailed bat (INTENT: HELP) (DAMTYE: BRUTE)</font>
[14:06:47]ATTACK: <font color='red'>Atarabashi Nihondzin (editorrus) attacked Philip Christopher (drvod) with brass knuckle (INTENT: HELP) (DAMTYE: BRUTE)</font>
[14:06:48]ATTACK: <font color='red'>Atarabashi Nihondzin (editorrus) attacked Philip Christopher (drvod) with brass knuckle (INTENT: HELP) (DAMTYE: BRUTE)</font>
[14:06:49]ATTACK: <font color='red'>Atarabashi Nihondzin (editorrus) attacked Philip Christopher (drvod) with brass knuckle (INTENT: HELP) (DAMTYE: BRUTE)</font>
[14:06:50]ATTACK: <font color='red'>Atarabashi Nihondzin (editorrus) attacked Philip Christopher (drvod) with brass knuckle (INTENT: HELP) (DAMTYE: BRUTE)</font>
[14:06:51]ATTACK: <font color='red'>Atarabashi Nihondzin (editorrus) attacked Philip Christopher (drvod) with brass knuckle (INTENT: HELP) (DAMTYE: BRUTE)</font>
[14:07:56]ATTACK: <font color='red'>Corey Wible (invaser777) was hit by Arrow thrown by (Torsmerty)</font>
[14:08:11]ATTACK: <font color='red'>Elliott Johnson as (Charlie Raub) (neonmaniac) punched Elliott Johnson as (Charlie Raub) (neonmaniac)</font>
[14:08:19]ATTACK: <font color='red'>Corey Wible (invaser777) was hit by Arrow thrown by (Torsmerty)</font>
[14:08:29]ATTACK: <font color='red'>Corey Wible (invaser777) was hit by the brick thrown by (Torsmerty)</font>
[14:08:50]ATTACK: <font color='red'>Corey Wible (invaser777) was hit by Arrow thrown by (Torsmerty)</font>
[14:09:02]ATTACK: <font color='red'>Corey Wible (invaser777) was hit by Arrow thrown by (Torsmerty)</font>
[14:09:18]ATTACK: <font color='red'>Corey Wible (invaser777) was hit by Broken Bottle thrown by (Torsmerty)</font>
[14:09:32]ATTACK: <font color='red'>Corey Wible (invaser777) was hit by the stone thrown by (Torsmerty)</font>
[14:09:41]ATTACK: <font color='red'>Corey Wible (invaser777) was hit by Broken Bottle thrown by (Torsmerty)</font>
[14:10:03]ATTACK: <font color='red'>Unknown (torsmerty) was hit by Uncle Git's Special Reserve thrown by (Invaser777)</font>
[14:10:25]ATTACK: <font color='red'>Corey Wible (invaser777) was hit by Uncle Git's Special Reserve thrown by (Torsmerty)</font>
[14:10:51]ATTACK: <font color='red'>Corey Wible (invaser777) attacked Unknown (torsmerty) with knife (INTENT: HURT) (DAMTYE: BRUTE)</font>
[14:10:54]ATTACK: <font color='red'>Corey Wible (invaser777) attacked Unknown (torsmerty) with knife (INTENT: HURT) (DAMTYE: BRUTE)</font>
[14:10:55]ATTACK: <font color='red'>Corey Wible (invaser777) attacked Unknown (torsmerty) with knife (INTENT: HURT) (DAMTYE: BRUTE)</font>
[14:10:57]ATTACK: <font color='red'>Corey Wible (invaser777) attacked Unknown (torsmerty) with knife (INTENT: HURT) (DAMTYE: BRUTE)</font>
[14:10:58]ATTACK: <font color='red'>Corey Wible (invaser777) attacked Unknown (torsmerty) with knife (INTENT: HURT) (DAMTYE: BRUTE)</font>
[14:11:31]ATTACK: <font color='red'>Alex Wood as (Lorde Fryer) (ghoststalin) shot Evan Anderson (wajtswv) with a the Bullet</font>
[14:11:31]ATTACK: <font color='red'>Alex Wood as (Lorde Fryer) (ghoststalin) shot Evan Anderson (wajtswv) with a the Bullet</font>
[14:11:35]ATTACK: <font color='red'>Alex Wood as (Lorde Fryer) (ghoststalin) shot Evan Anderson (wajtswv) with a the Bullet</font>
[14:11:36]ATTACK: <font color='red'>Alex Wood as (Lorde Fryer) (ghoststalin) shot Evan Anderson (wajtswv) with a the Bullet</font>
[14:11:44]ATTACK: <font color='red'>Alex Wood as (Lorde Fryer) (ghoststalin) attacked Evan Anderson () with Springfield A7 (INTENT: HURT) (DAMTYE: BRUTE)</font>
[14:11:49]ATTACK: <font color='red'>Alex Wood as (Lorde Fryer) (ghoststalin) attacked Evan Anderson () with Springfield A7 (INTENT: HURT) (DAMTYE: BRUTE)</font>
[14:11:52]ATTACK: <font color='red'>Alex Wood as (Lorde Fryer) (ghoststalin) attacked Evan Anderson () with Springfield A7 (INTENT: HURT) (DAMTYE: BRUTE)</font>
[14:11:57]ATTACK: <font color='red'>Alex Wood as (Lorde Fryer) (ghoststalin) shot Goodwin Dickinson (apopheosis) with a the Bullet</font>
[14:11:59]ATTACK: <font color='red'>Alex Wood as (Lorde Fryer) (ghoststalin) shot Goodwin Dickinson (apopheosis) with a the Bullet</font>
[14:12:40]ATTACK: <font color='red'>Alex Wood as (Lorde Fryer) (ghoststalin) shot Goodwin Dickinson (apopheosis) with a the Bullet</font>
[14:13:53]ATTACK: <font color='red'>Alex Wood as (Lorde Fryer) (ghoststalin) shot Atarabashi Nihondzin (editorrus) with a the lead</font>
[14:13:55]ATTACK: <font color='red'>Alex Wood as (Lorde Fryer) (ghoststalin) shot Unknown (apopheosis) with a the lead</font>
[14:14:05]ATTACK: <font color='red'>Atarabashi Nihondzin (editorrus) attacked Evan Anderson () with butcher's cleaver (INTENT: HELP) (DAMTYE: BRUTE)</font>
[14:14:05]ATTACK: <font color='red'>Alex Wood as (Lorde Fryer) (ghoststalin) shot Atarabashi Nihondzin (editorrus) with a the Bullet</font>
[14:14:16]ATTACK: <font color='red'>Alex Wood as (Lorde Fryer) (ghoststalin) attacked Unknown (editorrus) with nailed bat (INTENT: HURT) (DAMTYE: BRUTE)</font>
[14:14:17]ATTACK: <font color='red'>Alex Wood as (Lorde Fryer) (ghoststalin) attacked Unknown (editorrus) with nailed bat (INTENT: HURT) (DAMTYE: BRUTE)</font>
[14:14:18]ATTACK: <font color='red'>Alex Wood as (Lorde Fryer) (ghoststalin) attacked Unknown (editorrus) with nailed bat (INTENT: HURT) (DAMTYE: BRUTE)</font>
[14:14:19]ATTACK: <font color='red'>Alex Wood as (Lorde Fryer) (ghoststalin) attacked Unknown (editorrus) with nailed bat (INTENT: HURT) (DAMTYE: BRUTE)</font>
[14:14:21]ATTACK: <font color='red'>Alex Wood as (Lorde Fryer) (ghoststalin) attacked Unknown (editorrus) with nailed bat (INTENT: HURT) (DAMTYE: BRUTE)</font>
[14:14:22]ATTACK: <font color='red'>Alex Wood as (Lorde Fryer) (ghoststalin) attacked Unknown (editorrus) with nailed bat (INTENT: HURT) (DAMTYE: BRUTE)</font>
[14:14:24]ATTACK: <font color='red'>Alex Wood as (Lorde Fryer) (ghoststalin) attacked Unknown () with nailed bat (INTENT: HURT) (DAMTYE: BRUTE)</font>
[14:14:25]ATTACK: <font color='red'>Alex Wood as (Lorde Fryer) (ghoststalin) attacked Unknown () with nailed bat (INTENT: HURT) (DAMTYE: BRUTE)</font>
[14:14:27]ATTACK: <font color='red'>Alex Wood as (Lorde Fryer) (ghoststalin) attacked Unknown () with nailed bat (INTENT: HURT) (DAMTYE: BRUTE)</font>
[14:14:28]ATTACK: <font color='red'>Alex Wood as (Lorde Fryer) (ghoststalin) attacked Unknown () with nailed bat (INTENT: HURT) (DAMTYE: BRUTE)</font>
[14:14:29]ATTACK: <font color='red'>Alex Wood as (Lorde Fryer) (ghoststalin) attacked Unknown () with nailed bat (INTENT: HURT) (DAMTYE: BRUTE)</font>
[14:14:42]ATTACK: <font color='red'>Alex Wood as (Lorde Fryer) (ghoststalin) attacked Unknown () with nailed bat (INTENT: HURT) (DAMTYE: BRUTE)</font>
[14:16:13]ATTACK: <font color='red'>Alex Wood as (Lorde Fryer) (ghoststalin) shot Allen Hawkins (grib123) with a the lead</font>
[14:16:19]ATTACK: <font color='red'>Alex Wood as (Lorde Fryer) (ghoststalin) shot Allen Hawkins (grib123) with a the lead</font>
[14:16:22]ATTACK: <font color='red'>Alex Wood as (Lorde Fryer) (ghoststalin) shot Unknown as (Allen Hawkins) (grib123) with a the lead</font>
[14:17:40]ATTACK: <font color='red'>Huffie Eliza (neonmaniac) punched Jaylen Albright (5554434t)</font>
[14:17:49]ATTACK: <font color='red'>Brayan Shaner (wajtswv) attacked Unknown () with brick (INTENT: HURT) (DAMTYE: BRUTE)</font>
[14:17:50]ATTACK: <font color='red'>Brayan Shaner (wajtswv) attacked Unknown () with brick (INTENT: HURT) (DAMTYE: BRUTE)</font>
[14:18:33]ATTACK: <font color='red'>Brayan Shaner (wajtswv) attacked Jaylen Albright (5554434t) with brick (INTENT: HURT) (DAMTYE: BRUTE)</font>
[14:18:38]ATTACK: <font color='red'>Brayan Shaner (wajtswv) was hit by the scout thrown by (5554434t)</font>
[14:18:42]ATTACK: <font color='red'>Brayan Shaner (wajtswv) attacked Jaylen Albright (5554434t) with brick (INTENT: HURT) (DAMTYE: BRUTE)</font>
[14:18:43]ATTACK: <font color='red'>Jaylen Albright (5554434t) punched Brayan Shaner (wajtswv)</font>
[14:18:43]ATTACK: <font color='red'>Brayan Shaner (wajtswv) attacked Jaylen Albright (5554434t) with brick (INTENT: HURT) (DAMTYE: BRUTE)</font>
[14:18:49]ATTACK: <font color='red'>Brayan Shaner (wajtswv) attacked Jaylen Albright (5554434t) with brick (INTENT: HURT) (DAMTYE: BRUTE)</font>
[14:18:50]ATTACK: <font color='red'>Jaylen Albright (5554434t) punched Brayan Shaner (wajtswv)</font>
[14:18:52]ATTACK: <font color='red'>Jaylen Albright (5554434t) punched Brayan Shaner (wajtswv)</font>
[14:18:52]ATTACK: <font color='red'>Brayan Shaner (wajtswv) attacked Jaylen Albright (5554434t) with brick (INTENT: HURT) (DAMTYE: BRUTE)</font>
[14:18:53]ATTACK: <font color='red'>Jaylen Albright (5554434t) punched Brayan Shaner (wajtswv)</font>
[14:18:54]ATTACK: <font color='red'>Brayan Shaner (wajtswv) attacked Jaylen Albright (5554434t) with brick (INTENT: HURT) (DAMTYE: BRUTE)</font>
[14:18:56]ATTACK: <font color='red'>Brayan Shaner (wajtswv) attacked Unknown (5554434t) with brick (INTENT: HURT) (DAMTYE: BRUTE)</font>
[14:19:38]ATTACK: <font color='red'>Brayan Shaner (wajtswv) attacked Unknown (5554434t) with brick (INTENT: HURT) (DAMTYE: BRUTE)</font>
[14:19:39]ATTACK: <font color='red'>Brayan Shaner (wajtswv) attacked Unknown (5554434t) with brick (INTENT: HURT) (DAMTYE: BRUTE)</font>
[14:19:40]ATTACK: <font color='red'>Brayan Shaner (wajtswv) attacked Unknown (5554434t) with brick (INTENT: HURT) (DAMTYE: BRUTE)</font>
[14:19:41]ATTACK: <font color='red'>Brayan Shaner (wajtswv) attacked Unknown (5554434t) with brick (INTENT: HURT) (DAMTYE: BRUTE)</font>
[14:19:43]ATTACK: <font color='red'>Brayan Shaner (wajtswv) attacked Unknown (5554434t) with brick (INTENT: HURT) (DAMTYE: BRUTE)</font>
[14:19:44]ATTACK: <font color='red'>Brayan Shaner (wajtswv) attacked Unknown (5554434t) with brick (INTENT: HURT) (DAMTYE: BRUTE)</font>
[14:19:45]ATTACK: <font color='red'>Brayan Shaner (wajtswv) attacked Unknown (5554434t) with brick (INTENT: HURT) (DAMTYE: BRUTE)</font>
[14:19:46]ATTACK: <font color='red'>Brayan Shaner (wajtswv) attacked Unknown (5554434t) with brick (INTENT: HURT) (DAMTYE: BRUTE)</font>
[14:20:15]ATTACK: <font color='red'>Unknown (neonmaniac) was hit by the knife thrown by (NeonManiac)</font>
[14:21:02]ATTACK: <font color='red'>Lorde Fryer (ghoststalin) shot Roman Thorley (leeroyjenkns) with a the lead</font>
[14:21:07]ATTACK: <font color='red'>Lorde Fryer (ghoststalin) shot Roman Thorley (leeroyjenkns) with a the lead</font>
[14:21:14]ATTACK: <font color='red'>Lorde Fryer (ghoststalin) shot Gratian Earl (truncated) with a the Bullet</font>
[14:21:19]ATTACK: <font color='red'>Lorde Fryer (ghoststalin) shot Unknown () with a the Bullet</font>
[14:22:33]ATTACK: <font color='red'>Atarabashi Nihondzin (editorrus) attacked Lorde Fryer (ghoststalin) with hammer (INTENT: HELP) (DAMTYE: BRUTE)</font>
[14:23:12]ATTACK: <font color='red'>Lorde Fryer (ghoststalin) shot Alice Whiteheart as (Lorde Fryer) (valentine1488) with a the Bullet</font>
[14:23:45]ATTACK: <font color='red'>Lorde Fryer (ghoststalin) primed a frag grenade.</font>
[14:24:00]ATTACK: <font color='red'>Lorde Fryer (ghoststalin) shot Unknown as (Lorde Fryer) (valentine1488) with a the Bullet</font>
[14:24:04]ATTACK: <font color='red'>Lorde Fryer (ghoststalin) shot Unknown as (Lorde Fryer) (valentine1488) with a the Bullet</font>
[14:24:05]ATTACK: <font color='red'>Atarabashi Nihondzin (editorrus) primed a frag grenade.</font>
[14:24:08]ATTACK: <font color='red'>Lorde Fryer (ghoststalin) attacked Unknown as (Lorde Fryer) (valentine1488) with chainsaw (INTENT: HURT) (DAMTYE: BRUTE)</font>
[14:24:10]ATTACK: <font color='red'>Lorde Fryer (ghoststalin) attacked Unknown as (Lorde Fryer) (valentine1488) with chainsaw (INTENT: HURT) (DAMTYE: BRUTE)</font>
[14:24:11]ATTACK: <font color='red'>Lorde Fryer (ghoststalin) attacked Unknown as (Lorde Fryer) (valentine1488) with chainsaw (INTENT: HURT) (DAMTYE: BRUTE)</font>
[14:24:12]ATTACK: <font color='red'>Lorde Fryer (ghoststalin) attacked Unknown as (Lorde Fryer) (valentine1488) with chainsaw (INTENT: HURT) (DAMTYE: BRUTE)</font>
[14:24:13]ATTACK: <font color='red'>Lorde Fryer (ghoststalin) attacked Unknown as (Lorde Fryer) (valentine1488) with chainsaw (INTENT: HURT) (DAMTYE: BRUTE)</font>
[14:24:14]ATTACK: <font color='red'>Lorde Fryer (ghoststalin) attacked Unknown as (Lorde Fryer) (valentine1488) with chainsaw (INTENT: HURT) (DAMTYE: BRUTE)</font>
[14:24:54]ATTACK: <font color='red'>Atarabashi Nihondzin (editorrus) primed a frag grenade.</font>
[14:25:41]ATTACK: <font color='red'>Elliott Callison (torsmerty) punched Elliott Callison (torsmerty)</font>
[14:25:44]ATTACK: <font color='red'>Elliott Callison (torsmerty) punched Elliott Callison (torsmerty)</font>
[14:25:55]ATTACK: <font color='red'>Atarabashi Nihondzin (editorrus) attacked Lorde Fryer (ghoststalin) with hammer (INTENT: HURT) (DAMTYE: BRUTE)</font>
[14:26:00]ATTACK: <font color='red'>Lorde Fryer (ghoststalin) attacked Atarabashi Nihondzin (editorrus) with chainsaw (INTENT: HURT) (DAMTYE: BRUTE)</font>
[14:26:01]ATTACK: <font color='red'>Lorde Fryer (ghoststalin) attacked Atarabashi Nihondzin (editorrus) with chainsaw (INTENT: HURT) (DAMTYE: BRUTE)</font>
[14:26:03]ATTACK: <font color='red'>Lorde Fryer (ghoststalin) attacked Atarabashi Nihondzin (editorrus) with chainsaw (INTENT: HURT) (DAMTYE: BRUTE)</font>
[14:26:04]ATTACK: <font color='red'>Lorde Fryer (ghoststalin) attacked Unknown (editorrus) with chainsaw (INTENT: HURT) (DAMTYE: BRUTE)</font>
[14:26:05]ATTACK: <font color='red'>Lorde Fryer (ghoststalin) attacked Unknown (editorrus) with chainsaw (INTENT: HURT) (DAMTYE: BRUTE)</font>
[14:26:09]ATTACK: <font color='red'>Allen Hawkins (grib123) attacked Lorde Fryer (ghoststalin) with large pipe (INTENT: HELP) (DAMTYE: BRUTE)</font>
[14:26:09]ATTACK: <font color='red'>Lorde Fryer (ghoststalin) attacked Allen Hawkins (grib123) with chainsaw (INTENT: HURT) (DAMTYE: BRUTE)</font>
[14:26:10]ATTACK: <font color='red'>Allen Hawkins (grib123) attacked Lorde Fryer (ghoststalin) with large pipe (INTENT: HELP) (DAMTYE: BRUTE)</font>
[14:26:12]ATTACK: <font color='red'>Allen Hawkins (grib123) attacked Lorde Fryer (ghoststalin) with large pipe (INTENT: HELP) (DAMTYE: BRUTE)</font>
[14:26:13]ATTACK: <font color='red'>Allen Hawkins (grib123) attacked Lorde Fryer (ghoststalin) with large pipe (INTENT: HELP) (DAMTYE: BRUTE)</font>
[14:26:17]ATTACK: <font color='red'>Lorde Fryer (ghoststalin) attacked Allen Hawkins (grib123) with chainsaw (INTENT: HURT) (DAMTYE: BRUTE)</font>
[14:26:17]ATTACK: <font color='red'>Elliott Callison (torsmerty) punched Elliott Callison (torsmerty)</font>
[14:26:18]ATTACK: <font color='red'>Allen Hawkins (grib123) attacked Lorde Fryer (ghoststalin) with large pipe (INTENT: HELP) (DAMTYE: BRUTE)</font>
[14:26:18]ATTACK: <font color='red'>Elliott Callison (torsmerty) punched Elliott Callison (torsmerty)</font>
[14:26:21]ATTACK: <font color='red'>Elliott Callison (torsmerty) punched Elliott Callison (torsmerty)</font>
[14:26:22]ATTACK: <font color='red'>Elliott Callison (torsmerty) punched Elliott Callison (torsmerty)</font>
[14:26:23]ATTACK: <font color='red'>Elliott Callison (torsmerty) punched Elliott Callison (torsmerty)</font>
[14:27:18]ATTACK: <font color='red'>Lorde Fryer (ghoststalin) shot Allen Hawkins (grib123) with a the Bullet</font>
[14:27:23]ATTACK: <font color='red'>Lorde Fryer (ghoststalin) shot Unknown (grib123) with a the Bullet</font>
[14:28:09]ATTACK: <font color='red'>Lorde Fryer (ghoststalin) attacked Unknown (editorrus) with hammer (INTENT: HURT) (DAMTYE: BRUTE)</font>
[14:28:58]ATTACK: <font color='red'>Lorde Fryer (ghoststalin) attacked Unknown (grib123) with hammer (INTENT: HURT) (DAMTYE: BRUTE)</font>
[14:28:59]ATTACK: <font color='red'>Lorde Fryer (ghoststalin) attacked Unknown (grib123) with hammer (INTENT: HURT) (DAMTYE: BRUTE)</font>
[14:29:00]ATTACK: <font color='red'>Lorde Fryer (ghoststalin) attacked Unknown (grib123) with hammer (INTENT: HURT) (DAMTYE: BRUTE)</font>
[14:29:01]ATTACK: <font color='red'>Lorde Fryer (ghoststalin) attacked Unknown (grib123) with hammer (INTENT: HURT) (DAMTYE: BRUTE)</font>
[14:29:02]ATTACK: <font color='red'>Lorde Fryer (ghoststalin) attacked Unknown (grib123) with hammer (INTENT: HURT) (DAMTYE: BRUTE)</font>
[14:29:03]ATTACK: <font color='red'>Lorde Fryer (ghoststalin) attacked Unknown (grib123) with hammer (INTENT: HURT) (DAMTYE: BRUTE)</font>
[14:29:04]ATTACK: <font color='red'>Lorde Fryer (ghoststalin) attacked Unknown (grib123) with hammer (INTENT: HURT) (DAMTYE: BRUTE)</font>
[14:29:06]ATTACK: <font color='red'>Lorde Fryer (ghoststalin) attacked Unknown (grib123) with hammer (INTENT: HURT) (DAMTYE: BRUTE)</font>
[14:29:07]ATTACK: <font color='red'>Lorde Fryer (ghoststalin) attacked Unknown (grib123) with hammer (INTENT: HURT) (DAMTYE: BRUTE)</font>
[14:29:08]ATTACK: <font color='red'>Lorde Fryer (ghoststalin) attacked Unknown (grib123) with hammer (INTENT: HURT) (DAMTYE: BRUTE)</font>
[14:29:10]ATTACK: <font color='red'>Lorde Fryer (ghoststalin) attacked Unknown (grib123) with hammer (INTENT: HURT) (DAMTYE: BRUTE)</font>
[14:29:16]ATTACK: <font color='red'>Lorde Fryer (ghoststalin) attacked Unknown (grib123) with hammer (INTENT: HURT) (DAMTYE: BRUTE)</font>
[14:29:18]ATTACK: <font color='red'>Lorde Fryer (ghoststalin) attacked Unknown (grib123) with hammer (INTENT: HURT) (DAMTYE: BRUTE)</font>
[14:29:19]ATTACK: <font color='red'>Lorde Fryer (ghoststalin) attacked Unknown (grib123) with hammer (INTENT: HURT) (DAMTYE: BRUTE)</font>
[14:29:20]ATTACK: <font color='red'>Lorde Fryer (ghoststalin) attacked Unknown (grib123) with hammer (INTENT: HURT) (DAMTYE: BRUTE)</font>
[14:29:21]ATTACK: <font color='red'>Lorde Fryer (ghoststalin) attacked Unknown (grib123) with hammer (INTENT: HURT) (DAMTYE: BRUTE)</font>
[14:29:22]ATTACK: <font color='red'>Lorde Fryer (ghoststalin) attacked Unknown (grib123) with hammer (INTENT: HURT) (DAMTYE: BRUTE)</font>
[14:29:24]ATTACK: <font color='red'>Lorde Fryer (ghoststalin) attacked Unknown (grib123) with hammer (INTENT: HURT) (DAMTYE: BRUTE)</font>
[14:29:25]ATTACK: <font color='red'>Lorde Fryer (ghoststalin) attacked Unknown (grib123) with hammer (INTENT: HURT) (DAMTYE: BRUTE)</font>
[14:29:26]ATTACK: <font color='red'>Lorde Fryer (ghoststalin) attacked Unknown (grib123) with hammer (INTENT: HURT) (DAMTYE: BRUTE)</font>
[14:29:27]ATTACK: <font color='red'>Lorde Fryer (ghoststalin) attacked Unknown (grib123) with hammer (INTENT: HURT) (DAMTYE: BRUTE)</font>
[14:29:28]ATTACK: <font color='red'>Lorde Fryer (ghoststalin) attacked Unknown (grib123) with hammer (INTENT: HURT) (DAMTYE: BRUTE)</font>
[14:29:29]ATTACK: <font color='red'>Lorde Fryer (ghoststalin) attacked Unknown (grib123) with hammer (INTENT: HURT) (DAMTYE: BRUTE)</font>
[14:29:31]ATTACK: <font color='red'>Lorde Fryer (ghoststalin) attacked Unknown (grib123) with hammer (INTENT: HURT) (DAMTYE: BRUTE)</font>
[14:29:32]ATTACK: <font color='red'>Lorde Fryer (ghoststalin) attacked Unknown (grib123) with hammer (INTENT: HURT) (DAMTYE: BRUTE)</font>
[14:29:33]ATTACK: <font color='red'>Lorde Fryer (ghoststalin) attacked Unknown (grib123) with hammer (INTENT: HURT) (DAMTYE: BRUTE)</font>
[14:29:34]ATTACK: <font color='red'>Lorde Fryer (ghoststalin) attacked Unknown (grib123) with hammer (INTENT: HURT) (DAMTYE: BRUTE)</font>
[14:29:35]ATTACK: <font color='red'>Lorde Fryer (ghoststalin) attacked Unknown (grib123) with hammer (INTENT: HURT) (DAMTYE: BRUTE)</font>
[14:29:39]ATTACK: <font color='red'>Lorde Fryer (ghoststalin) shot Unknown (grib123) with a the Bullet</font>
[14:29:41]ATTACK: <font color='red'>Lorde Fryer (ghoststalin) shot Unknown (grib123) with a the Bullet</font>
[14:29:43]ATTACK: <font color='red'>Lorde Fryer (ghoststalin) shot Unknown (grib123) with a the Bullet</font>
[14:29:45]ATTACK: <font color='red'>Lorde Fryer (ghoststalin) attacked Unknown (grib123) with hammer (INTENT: HURT) (DAMTYE: BRUTE)</font>
[14:29:45]ATTACK: <font color='red'>Brayan Shaner (wajtswv) attacked Unknown as (Allen Hawkins) () with makeshift hatchet (INTENT: HURT) (DAMTYE: BRUTE)</font>
[14:29:46]ATTACK: <font color='red'>Lorde Fryer (ghoststalin) attacked Unknown (grib123) with hammer (INTENT: HURT) (DAMTYE: BRUTE)</font>
[14:29:47]ATTACK: <font color='red'>Brayan Shaner (wajtswv) attacked Unknown as (Allen Hawkins) () with makeshift hatchet (INTENT: HURT) (DAMTYE: BRUTE)</font>
[14:29:47]ATTACK: <font color='red'>Lorde Fryer (ghoststalin) attacked Unknown (grib123) with hammer (INTENT: HURT) (DAMTYE: BRUTE)</font>
[14:29:48]ATTACK: <font color='red'>Brayan Shaner (wajtswv) attacked Unknown as (Allen Hawkins) () with makeshift hatchet (INTENT: HURT) (DAMTYE: BRUTE)</font>
[14:29:48]ATTACK: <font color='red'>Lorde Fryer (ghoststalin) attacked Unknown (grib123) with hammer (INTENT: HURT) (DAMTYE: BRUTE)</font>
[14:29:49]ATTACK: <font color='red'>Brayan Shaner (wajtswv) attacked Unknown as (Allen Hawkins) () with makeshift hatchet (INTENT: HURT) (DAMTYE: BRUTE)</font>
[14:29:49]ATTACK: <font color='red'>Lorde Fryer (ghoststalin) attacked Unknown (grib123) with hammer (INTENT: HURT) (DAMTYE: BRUTE)</font>
[14:29:50]ATTACK: <font color='red'>Brayan Shaner (wajtswv) attacked Unknown as (Allen Hawkins) () with makeshift hatchet (INTENT: HURT) (DAMTYE: BRUTE)</font>
[14:29:51]ATTACK: <font color='red'>Lorde Fryer (ghoststalin) attacked Unknown (grib123) with hammer (INTENT: HURT) (DAMTYE: BRUTE)</font>
[14:29:55]ATTACK: <font color='red'>Brayan Shaner (wajtswv) attacked Unknown as (Allen Hawkins) () with makeshift hatchet (INTENT: HURT) (DAMTYE: BRUTE)</font>


Starting up. 14:30.34
---------------------

[14:34:14]ATTACK: <font color='red'>Atarabashi Nihondzin (editorrus) implanted Atarabashi Nihondzin (editorrus) with Nanoaugmentation Implaner (Regenerative Nanobots) (INTENT: DISARM)</font>
[14:34:22]ATTACK: <font color='red'>Alex Wood (ghoststalin) attacked Felix Yeskey (apopheosis) with brick (INTENT: HURT) (DAMTYE: BRUTE)</font>
[14:34:23]ATTACK: <font color='red'>Atarabashi Nihondzin (editorrus) implanted Atarabashi Nihondzin (editorrus) with Nanoaugmentation Implaner (Short-range Psionic Radar) (INTENT: DISARM)</font>
[14:34:23]ATTACK: <font color='red'>Alex Wood (ghoststalin) attacked Felix Yeskey (apopheosis) with brick (INTENT: HURT) (DAMTYE: BRUTE)</font>
[14:34:24]ATTACK: <font color='red'>Alex Wood (ghoststalin) attacked Felix Yeskey (apopheosis) with brick (INTENT: HURT) (DAMTYE: BRUTE)</font>
[14:34:30]ATTACK: <font color='red'>Felix Yeskey (apopheosis) disarmed Alex Wood (ghoststalin)</font>
[14:34:48]ATTACK: <font color='red'>Atarabashi Nihondzin (editorrus) attacked Robert Ratcat (catratcat) with bat (INTENT: DISARM) (DAMTYE: BRUTE)</font>
[14:34:54]ATTACK: <font color='red'>Atarabashi Nihondzin (editorrus) attacked Robert Ratcat (catratcat) with bat (INTENT: DISARM) (DAMTYE: BRUTE)</font>
[14:34:59]ATTACK: <font color='red'>Atarabashi Nihondzin (editorrus) attacked Robert Ratcat (catratcat) with bat (INTENT: DISARM) (DAMTYE: BRUTE)</font>
[14:35:00]ATTACK: <font color='red'>Atarabashi Nihondzin (editorrus) attacked Robert Ratcat (catratcat) with bat (INTENT: DISARM) (DAMTYE: BRUTE)</font>
[14:35:01]ATTACK: <font color='red'>Atarabashi Nihondzin (editorrus) attacked Robert Ratcat (catratcat) with bat (INTENT: DISARM) (DAMTYE: BRUTE)</font>
[14:35:03]ATTACK: <font color='red'>Atarabashi Nihondzin (editorrus) attacked Robert Ratcat (catratcat) with bat (INTENT: DISARM) (DAMTYE: BRUTE)</font>
[14:35:04]ATTACK: <font color='red'>Atarabashi Nihondzin (editorrus) attacked Unknown (catratcat) with bat (INTENT: DISARM) (DAMTYE: BRUTE)</font>
[14:35:05]ATTACK: <font color='red'>Atarabashi Nihondzin (editorrus) attacked Unknown (catratcat) with bat (INTENT: DISARM) (DAMTYE: BRUTE)</font>
[14:35:06]ATTACK: <font color='red'>Atarabashi Nihondzin (editorrus) attacked Unknown (catratcat) with bat (INTENT: DISARM) (DAMTYE: BRUTE)</font>
[14:35:08]ATTACK: <font color='red'>Atarabashi Nihondzin (editorrus) attacked Unknown (catratcat) with bat (INTENT: DISARM) (DAMTYE: BRUTE)</font>
[14:36:36]ATTACK: <font color='red'>Alex Wood (ghoststalin) shot Felix Yeskey (apopheosis) with a the lead</font>
[14:36:39]ATTACK: <font color='red'>Alex Wood (ghoststalin) shot Felix Yeskey (apopheosis) with a the lead</font>
[14:36:56]ATTACK: <font color='red'>Alex Wood (ghoststalin) shot Atarabashi Nihondzin (editorrus) with a the lead</font>
[14:37:03]ATTACK: <font color='red'>Alex Wood (ghoststalin) shot Unknown (editorrus) with a the lead</font>
[14:37:10]ATTACK: <font color='red'>Alex Wood (ghoststalin) shot Unknown (editorrus) with a the Fire Bullet</font>
[14:38:45]ATTACK: <font color='red'>Alex Wood as (Felix Yeskey) (ghoststalin) shot Riley Webb (leeroyjenkns) with a the lead</font>
[14:38:46]ATTACK: <font color='red'>Alex Wood as (Felix Yeskey) (ghoststalin) shot Riley Webb (leeroyjenkns) with a the lead</font>
[14:38:54]ATTACK: <font color='red'>Alex Wood as (Felix Yeskey) (ghoststalin) shot Unknown (leeroyjenkns) with a the lead</font>
[14:39:45]ATTACK: <font color='red'>Alex Wood as (Felix Yeskey) (ghoststalin) attacked Unknown (leeroyjenkns) with Trencher MK2 (INTENT: HURT) (DAMTYE: BRUTE)</font>
[14:39:47]ATTACK: <font color='red'>Alex Wood as (Felix Yeskey) (ghoststalin) attacked Unknown (leeroyjenkns) with Trencher MK2 (INTENT: HURT) (DAMTYE: BRUTE)</font>
[14:39:48]ATTACK: <font color='red'>Alex Wood as (Felix Yeskey) (ghoststalin) attacked Unknown (leeroyjenkns) with Trencher MK2 (INTENT: HURT) (DAMTYE: BRUTE)</font>
[14:39:49]ATTACK: <font color='red'>Alex Wood as (Felix Yeskey) (ghoststalin) attacked Unknown (leeroyjenkns) with Trencher MK2 (INTENT: HURT) (DAMTYE: BRUTE)</font>
[14:39:50]ATTACK: <font color='red'>Alex Wood as (Felix Yeskey) (ghoststalin) attacked Unknown (leeroyjenkns) with Trencher MK2 (INTENT: HURT) (DAMTYE: BRUTE)</font>
[14:39:51]ATTACK: <font color='red'>Alex Wood as (Felix Yeskey) (ghoststalin) attacked Unknown (leeroyjenkns) with Trencher MK2 (INTENT: HURT) (DAMTYE: BRUTE)</font>
[14:42:32]ATTACK: <font color='red'>Alex Wood as (Felix Yeskey) (ghoststalin) attacked Alex Wood as (Felix Yeskey) (ghoststalin) with Bar Charge (INTENT: HURT) (DAMTYE: BRUTE)</font>
[14:49:04]ATTACK: <font color='red'>Atarabashi Nihondzin (editorrus) shot Alex Wood as (Felix Yeskey) (ghoststalin) with a the projectile</font>
[14:49:15]ATTACK: <font color='red'>Alex Wood as (Felix Yeskey) (ghoststalin) shot Atarabashi Nihondzin (editorrus) with a the Bullet</font>
[14:49:35]ATTACK: <font color='red'>Alex Wood as (Felix Yeskey) (ghoststalin) was hit by the soap thrown by (EditorRUS)</font>
[14:49:38]ATTACK: <font color='red'>Alex Wood as (Felix Yeskey) (ghoststalin) shot Unknown (editorrus) with a the Bullet</font>
[14:49:38]ATTACK: <font color='red'>Unknown (editorrus) disarmed Alex Wood as (Felix Yeskey) (ghoststalin)</font>
[14:49:44]ATTACK: <font color='red'>Alex Wood as (Felix Yeskey) (ghoststalin) shot Unknown (editorrus) with a the Bullet</font>
[14:54:27]ATTACK: <font color='red'>Unknown (editorrus) shot Alex Wood as (Felix Yeskey) (ghoststalin) with a the projectile</font>
[14:54:31]ATTACK: <font color='red'>Unknown as (Felix Yeskey) (ghoststalin) shot Unknown (editorrus) with a the Bullet</font>
[14:58:00]ATTACK: <font color='red'>Jacob Woodward (apopheosis) attacked Robert Ratcat (catratcat) with brick (INTENT: HELP) (DAMTYE: BRUTE)</font>
[14:58:01]ATTACK: <font color='red'>Jacob Woodward (apopheosis) attacked Robert Ratcat (catratcat) with brick (INTENT: HELP) (DAMTYE: BRUTE)</font>
[14:58:25]ATTACK: <font color='red'>Jacob Woodward (apopheosis) attacked Robert Ratcat (catratcat) with brick (INTENT: HELP) (DAMTYE: BRUTE)</font>
[14:58:26]ATTACK: <font color='red'>Jacob Woodward (apopheosis) attacked Robert Ratcat (catratcat) with brick (INTENT: HELP) (DAMTYE: BRUTE)</font>
[15:00:52]ATTACK: <font color='red'>Ebun Skinner as (Felix Yeskey) (difilex) primed a frag grenade.</font>
[15:03:26]ATTACK: <font color='red'>Ebun Skinner as (Felix Yeskey) (difilex) primed a frag grenade.</font>
[15:03:28]ATTACK: <font color='red'>Ebun Skinner as (Felix Yeskey) (difilex) was hit by Frag Grenade MK2A7 thrown by (Difilex)</font>
[15:08:15]ATTACK: <font color='red'>Alex Wood (ghoststalin) attacked Jacob Woodward as (Robert Ratcat) (apopheosis) with hammer (INTENT: HURT) (DAMTYE: BRUTE)</font>
[15:08:18]ATTACK: <font color='red'>Alex Wood (ghoststalin) shot Jacob Woodward as (Robert Ratcat) (apopheosis) with a the Bullet</font>
[15:08:18]ATTACK: <font color='red'>Alex Wood (ghoststalin) shot Jacob Woodward as (Robert Ratcat) (apopheosis) with a the Bullet</font>
[15:08:18]ATTACK: <font color='red'>Alex Wood (ghoststalin) shot Unknown (alexix1989) with a the Bullet</font>
[15:08:18]ATTACK: <font color='red'>Alex Wood (ghoststalin) shot Unknown (alexix1989) with a the Bullet</font>
[15:08:34]ATTACK: <font color='red'>Jacob Woodward as (Robert Ratcat) (apopheosis) shot Alex Wood (ghoststalin) with a the Bullet</font>
[15:08:39]ATTACK: <font color='red'>Jacob Woodward as (Robert Ratcat) (apopheosis) shot Alex Wood (ghoststalin) with a the Bullet</font>
[15:08:40]ATTACK: <font color='red'>Jacob Woodward as (Robert Ratcat) (apopheosis) shot Alex Wood (ghoststalin) with a the Bullet</font>
[15:08:43]ATTACK: <font color='red'>Jacob Woodward as (Robert Ratcat) (apopheosis) shot Unknown (ghoststalin) with a the Bullet</font>
[15:08:44]ATTACK: <font color='red'>Jacob Woodward as (Robert Ratcat) (apopheosis) shot Unknown (ghoststalin) with a the Bullet</font>
[15:08:44]ATTACK: <font color='red'>Jacob Woodward as (Robert Ratcat) (apopheosis) shot Unknown (ghoststalin) with a the Bullet</font>
[15:08:45]ATTACK: <font color='red'>Jacob Woodward as (Robert Ratcat) (apopheosis) attacked Unknown (ghoststalin) with Hamlet SMG (INTENT: HELP) (DAMTYE: BRUTE)</font>
[15:08:46]ATTACK: <font color='red'>Jacob Woodward as (Robert Ratcat) (apopheosis) attacked Unknown (ghoststalin) with Hamlet SMG (INTENT: HELP) (DAMTYE: BRUTE)</font>
[15:08:54]ATTACK: <font color='red'>Jacob Woodward as (Robert Ratcat) (apopheosis) attacked Unknown (alexix1989) with Hamlet SMG (INTENT: HELP) (DAMTYE: BRUTE)</font>
[15:09:00]ATTACK: <font color='red'>Jacob Woodward as (Robert Ratcat) (apopheosis) shot Unknown (alexix1989) with a the Bullet</font>
[15:09:01]ATTACK: <font color='red'>Jacob Woodward as (Robert Ratcat) (apopheosis) shot Unknown (alexix1989) with a the Bullet</font>
