

Starting up. 15:10.31
---------------------



Starting up. 15:14.20
---------------------



Starting up. 15:18.18
---------------------



Starting up. 15:20.38
---------------------



Starting up. 16:14.18
---------------------



Starting up. 16:23.01
---------------------



Starting up. 16:26.58
---------------------



Starting up. 17:53.32
---------------------

[18:15:55]ATTACK: <font color='red'>William Stern (wajtswv) attacked Justin Sutton (invaser777) with brick (INTENT: HURT) (DAMTYE: BRUTE)</font>
[18:15:57]ATTACK: <font color='red'>William Stern (wajtswv) attacked Justin Sutton (invaser777) with brick (INTENT: HURT) (DAMTYE: BRUTE)</font>
[18:15:58]ATTACK: <font color='red'>William Stern (wajtswv) attacked Justin Sutton (invaser777) with brick (INTENT: HURT) (DAMTYE: BRUTE)</font>
[18:16:01]ATTACK: <font color='red'>William Stern (wajtswv) attacked Unknown (invaser777) with brick (INTENT: HURT) (DAMTYE: BRUTE)</font>
[18:16:02]ATTACK: <font color='red'>William Stern (wajtswv) attacked Unknown (invaser777) with brick (INTENT: HURT) (DAMTYE: BRUTE)</font>
[18:16:03]ATTACK: <font color='red'>William Stern (wajtswv) attacked Unknown (invaser777) with brick (INTENT: HURT) (DAMTYE: BRUTE)</font>
[18:16:04]ATTACK: <font color='red'>William Stern (wajtswv) attacked Unknown (invaser777) with brick (INTENT: HURT) (DAMTYE: BRUTE)</font>
[18:16:06]ATTACK: <font color='red'>William Stern (wajtswv) attacked Unknown (invaser777) with brick (INTENT: HURT) (DAMTYE: BRUTE)</font>
[18:16:07]ATTACK: <font color='red'>William Stern (wajtswv) attacked Unknown (invaser777) with brick (INTENT: HURT) (DAMTYE: BRUTE)</font>
[18:16:08]ATTACK: <font color='red'>William Stern (wajtswv) attacked Unknown (invaser777) with brick (INTENT: HURT) (DAMTYE: BRUTE)</font>
[18:16:08]ATTACK: <font color='red'>Phillip Rowley (masturbator) attacked Riley Webb (leeroyjenkns) with chain (INTENT: HURT) (DAMTYE: BRUTE)</font>
[18:16:11]ATTACK: <font color='red'>Phillip Rowley (masturbator) attacked Riley Webb (leeroyjenkns) with chain (INTENT: HURT) (DAMTYE: BRUTE)</font>
[18:16:12]ATTACK: <font color='red'>Phillip Rowley (masturbator) attacked Riley Webb (leeroyjenkns) with chain (INTENT: HURT) (DAMTYE: BRUTE)</font>
[18:16:14]ATTACK: <font color='red'>Phillip Rowley (masturbator) attacked Riley Webb (leeroyjenkns) with chain (INTENT: HURT) (DAMTYE: BRUTE)</font>
[18:16:15]ATTACK: <font color='red'>Phillip Rowley (masturbator) attacked Riley Webb (leeroyjenkns) with chain (INTENT: HURT) (DAMTYE: BRUTE)</font>
[18:16:16]ATTACK: <font color='red'>Phillip Rowley (masturbator) attacked Riley Webb (leeroyjenkns) with chain (INTENT: HURT) (DAMTYE: BRUTE)</font>
[18:16:17]ATTACK: <font color='red'>Phillip Rowley (masturbator) attacked Unknown (leeroyjenkns) with chain (INTENT: HURT) (DAMTYE: BRUTE)</font>
[18:16:19]ATTACK: <font color='red'>Phillip Rowley (masturbator) punched Unknown (leeroyjenkns)</font>
[18:18:15]ATTACK: <font color='red'>Likot Uvendeb (biomechanicmann) attacked William Stern (wajtswv) with chain (INTENT: HURT) (DAMTYE: BRUTE)</font>
[18:18:17]ATTACK: <font color='red'>William Stern (wajtswv) attacked Likot Uvendeb (biomechanicmann) with brick (INTENT: HURT) (DAMTYE: BRUTE)</font>
[18:18:24]ATTACK: <font color='red'>William Stern (wajtswv) attacked Likot Uvendeb (biomechanicmann) with brick (INTENT: HURT) (DAMTYE: BRUTE)</font>
[18:18:33]ATTACK: <font color='red'>William Stern (wajtswv) attacked Likot Uvendeb (biomechanicmann) with brick (INTENT: HURT) (DAMTYE: BRUTE)</font>
[18:18:33]ATTACK: <font color='red'>Likot Uvendeb (biomechanicmann) attacked William Stern (wajtswv) with chain (INTENT: HURT) (DAMTYE: BRUTE)</font>
[18:18:34]ATTACK: <font color='red'>William Stern (wajtswv) attacked Likot Uvendeb (biomechanicmann) with brick (INTENT: HURT) (DAMTYE: BRUTE)</font>
[18:18:34]ATTACK: <font color='red'>Likot Uvendeb (biomechanicmann) attacked William Stern (wajtswv) with chain (INTENT: HURT) (DAMTYE: BRUTE)</font>
[18:18:36]ATTACK: <font color='red'>Likot Uvendeb (biomechanicmann) attacked William Stern (wajtswv) with chain (INTENT: HURT) (DAMTYE: BRUTE)</font>
[18:18:36]ATTACK: <font color='red'>William Stern (wajtswv) attacked Likot Uvendeb (biomechanicmann) with brick (INTENT: HURT) (DAMTYE: BRUTE)</font>
[18:18:37]ATTACK: <font color='red'>William Stern (wajtswv) attacked Likot Uvendeb (biomechanicmann) with brick (INTENT: HURT) (DAMTYE: BRUTE)</font>
[18:18:37]ATTACK: <font color='red'>Likot Uvendeb (biomechanicmann) attacked William Stern (wajtswv) with chain (INTENT: HURT) (DAMTYE: BRUTE)</font>
[18:18:38]ATTACK: <font color='red'>William Stern (wajtswv) attacked Likot Uvendeb (biomechanicmann) with brick (INTENT: HURT) (DAMTYE: BRUTE)</font>
[18:18:41]ATTACK: <font color='red'>Unknown (wajtswv) attacked Likot Uvendeb (biomechanicmann) with brick (INTENT: HURT) (DAMTYE: BRUTE)</font>
[18:18:44]ATTACK: <font color='red'>Unknown (wajtswv) attacked Likot Uvendeb (biomechanicmann) with brick (INTENT: HURT) (DAMTYE: BRUTE)</font>
[18:18:46]ATTACK: <font color='red'>Unknown (wajtswv) attacked Unknown (biomechanicmann) with brick (INTENT: HURT) (DAMTYE: BRUTE)</font>
[18:18:47]ATTACK: <font color='red'>Unknown (wajtswv) attacked Unknown (biomechanicmann) with brick (INTENT: HURT) (DAMTYE: BRUTE)</font>
[18:18:48]ATTACK: <font color='red'>Unknown (wajtswv) attacked Unknown (biomechanicmann) with brick (INTENT: HURT) (DAMTYE: BRUTE)</font>
[18:25:44]ATTACK: <font color='red'>Josiah Atkinson (biomechanicmann) implanted Josiah Atkinson (biomechanicmann) with Nanoaugmentation Implaner (Short-range Psionic Radar) (INTENT: HELP)</font>
[18:25:56]ATTACK: <font color='red'>Josiah Atkinson (biomechanicmann) implanted Josiah Atkinson (biomechanicmann) with Nanoaugmentation Implaner (Regenerative Nanobots) (INTENT: HELP)</font>
[18:28:40]ATTACK: <font color='red'>Ace Myles (silentium) attacked Frank Thorley (drvod) with butcher's cleaver (INTENT: DISARM) (DAMTYE: BRUTE)</font>
[18:28:43]ATTACK: <font color='red'>Ace Myles (silentium) attacked Frank Thorley (drvod) with butcher's cleaver (INTENT: DISARM) (DAMTYE: BRUTE)</font>
[18:28:45]ATTACK: <font color='red'>Ace Myles (silentium) attacked Frank Thorley (drvod) with butcher's cleaver (INTENT: DISARM) (DAMTYE: BRUTE)</font>
[18:28:46]ATTACK: <font color='red'>Ace Myles (silentium) attacked Unknown as (Frank Thorley) (drvod) with butcher's cleaver (INTENT: DISARM) (DAMTYE: BRUTE)</font>
[18:28:47]ATTACK: <font color='red'>Ace Myles (silentium) attacked Unknown as (Frank Thorley) (drvod) with butcher's cleaver (INTENT: DISARM) (DAMTYE: BRUTE)</font>
[18:28:48]ATTACK: <font color='red'>Phoenix Marshall (longlivethenewflesh) attacked Ryker Wilo (rzzone) with stone (INTENT: HURT) (DAMTYE: BRUTE)</font>
[18:28:49]ATTACK: <font color='red'>Phoenix Marshall (longlivethenewflesh) attacked Ryker Wilo (rzzone) with stone (INTENT: HURT) (DAMTYE: BRUTE)</font>
[18:28:51]ATTACK: <font color='red'>Phoenix Marshall (longlivethenewflesh) attacked Ryker Wilo (rzzone) with stone (INTENT: HURT) (DAMTYE: BRUTE)</font>
[18:28:52]ATTACK: <font color='red'>Phoenix Marshall (longlivethenewflesh) attacked Ryker Wilo (rzzone) with stone (INTENT: HURT) (DAMTYE: BRUTE)</font>
[18:28:56]ATTACK: <font color='red'>Phoenix Marshall (longlivethenewflesh) attacked Unknown (rzzone) with stone (INTENT: HURT) (DAMTYE: BRUTE)</font>
[18:28:57]ATTACK: <font color='red'>Phoenix Marshall (longlivethenewflesh) attacked Unknown (rzzone) with stone (INTENT: HURT) (DAMTYE: BRUTE)</font>
[18:28:58]ATTACK: <font color='red'>Phoenix Marshall (longlivethenewflesh) attacked Unknown (rzzone) with stone (INTENT: HURT) (DAMTYE: BRUTE)</font>
[18:28:59]ATTACK: <font color='red'>Phoenix Marshall (longlivethenewflesh) attacked Unknown (rzzone) with stone (INTENT: HURT) (DAMTYE: BRUTE)</font>
[18:29:02]ATTACK: <font color='red'>Phoenix Marshall (longlivethenewflesh) attacked Unknown (rzzone) with stone (INTENT: HURT) (DAMTYE: BRUTE)</font>
[18:40:25]ATTACK: <font color='red'>Phoenix Marshall (longlivethenewflesh) attacked Phoenix Marshall (longlivethenewflesh) with corn cob (INTENT: HURT) (DAMTYE: BRUTE)</font>
[18:40:29]ATTACK: <font color='red'>Phoenix Marshall (longlivethenewflesh) attacked Phoenix Marshall (longlivethenewflesh) with corn cob (INTENT: HELP) (DAMTYE: BRUTE)</font>
[18:41:02]ATTACK: <font color='red'>Phillip Rowley (masturbator) was hit by Winchester M1887 thrown by (Masturbator)</font>
[18:41:58]ATTACK: <font color='red'>Michael Murray (rudik) attacked Phillip Rowley (masturbator) with scalpel (INTENT: HURT) (DAMTYE: BRUTE)</font>
[18:42:02]ATTACK: <font color='red'>Phillip Rowley (masturbator) shot Michael Murray (rudik) with a the Bullet</font>
[18:42:03]ATTACK: <font color='red'>Phillip Rowley (masturbator) attacked Michael Murray (rudik) with Winchester M1887 (INTENT: HELP) (DAMTYE: BRUTE)</font>
[18:42:06]ATTACK: <font color='red'>Phillip Rowley (masturbator) attacked Michael Murray (rudik) with Winchester M1887 (INTENT: HELP) (DAMTYE: BRUTE)</font>
[18:42:07]ATTACK: <font color='red'>Phillip Rowley (masturbator) attacked Michael Murray (rudik) with Winchester M1887 (INTENT: HELP) (DAMTYE: BRUTE)</font>
[18:42:09]ATTACK: <font color='red'>Phillip Rowley (masturbator) attacked Michael Murray (rudik) with Winchester M1887 (INTENT: HELP) (DAMTYE: BRUTE)</font>
[18:42:10]ATTACK: <font color='red'>Phillip Rowley (masturbator) attacked Michael Murray (rudik) with Winchester M1887 (INTENT: HELP) (DAMTYE: BRUTE)</font>
[18:42:11]ATTACK: <font color='red'>Phillip Rowley (masturbator) attacked Michael Murray (rudik) with Winchester M1887 (INTENT: HELP) (DAMTYE: BRUTE)</font>
[18:42:15]ATTACK: <font color='red'>Phillip Rowley (masturbator) attacked Michael Murray (rudik) with Winchester M1887 (INTENT: HELP) (DAMTYE: BRUTE)</font>
[18:42:16]ATTACK: <font color='red'>Phillip Rowley (masturbator) attacked Michael Murray (rudik) with Winchester M1887 (INTENT: HELP) (DAMTYE: BRUTE)</font>
[18:42:17]ATTACK: <font color='red'>Phillip Rowley (masturbator) attacked Michael Murray (rudik) with Winchester M1887 (INTENT: HELP) (DAMTYE: BRUTE)</font>
[18:42:18]ATTACK: <font color='red'>Phillip Rowley (masturbator) attacked Michael Murray (rudik) with Winchester M1887 (INTENT: HELP) (DAMTYE: BRUTE)</font>
[18:42:19]ATTACK: <font color='red'>Phillip Rowley (masturbator) attacked Michael Murray (rudik) with Winchester M1887 (INTENT: HELP) (DAMTYE: BRUTE)</font>
[18:42:21]ATTACK: <font color='red'>Phillip Rowley (masturbator) attacked Michael Murray (rudik) with Winchester M1887 (INTENT: HELP) (DAMTYE: BRUTE)</font>
[18:42:29]ATTACK: <font color='red'>Phillip Rowley (masturbator) attacked Michael Murray () with Winchester M1887 (INTENT: HELP) (DAMTYE: BRUTE)</font>
[18:44:11]ATTACK: <font color='red'>Phillip Rowley (masturbator) disarmed Michael Murray ()</font>
[18:50:31]ATTACK: <font color='red'>Josiah Atkinson (biomechanicmann) shot Luke Skywalker (rudik) with a the Bullet</font>
[18:50:31]ATTACK: <font color='red'>Josiah Atkinson (biomechanicmann) shot Phoenix Marshall (longlivethenewflesh) with a the Bullet</font>
[18:50:32]ATTACK: <font color='red'>Josiah Atkinson (biomechanicmann) shot Phoenix Marshall (longlivethenewflesh) with a the Bullet</font>
[18:50:58]ATTACK: <font color='red'>Josiah Atkinson (biomechanicmann) attacked Unknown (rudik) with chainsaw (INTENT: DISARM) (DAMTYE: BRUTE)</font>
[18:51:00]ATTACK: <font color='red'>Josiah Atkinson (biomechanicmann) attacked Unknown (rudik) with chainsaw (INTENT: DISARM) (DAMTYE: BRUTE)</font>
[18:51:02]ATTACK: <font color='red'>Josiah Atkinson (biomechanicmann) attacked Unknown (rudik) with chainsaw (INTENT: DISARM) (DAMTYE: BRUTE)</font>
[18:51:03]ATTACK: <font color='red'>Josiah Atkinson (biomechanicmann) attacked Unknown (rudik) with chainsaw (INTENT: DISARM) (DAMTYE: BRUTE)</font>
[18:51:04]ATTACK: <font color='red'>Josiah Atkinson (biomechanicmann) attacked Unknown (rudik) with chainsaw (INTENT: DISARM) (DAMTYE: BRUTE)</font>
[18:51:05]ATTACK: <font color='red'>Josiah Atkinson (biomechanicmann) attacked Unknown (rudik) with chainsaw (INTENT: DISARM) (DAMTYE: BRUTE)</font>
[18:51:06]ATTACK: <font color='red'>Josiah Atkinson (biomechanicmann) attacked Unknown (rudik) with chainsaw (INTENT: DISARM) (DAMTYE: BRUTE)</font>
[18:51:09]ATTACK: <font color='red'>Josiah Atkinson (biomechanicmann) attacked Unknown (rudik) with chainsaw (INTENT: DISARM) (DAMTYE: BRUTE)</font>
[18:51:10]ATTACK: <font color='red'>Josiah Atkinson (biomechanicmann) attacked Unknown () with chainsaw (INTENT: DISARM) (DAMTYE: BRUTE)</font>
[18:51:12]ATTACK: <font color='red'>Josiah Atkinson (biomechanicmann) attacked Unknown () with chainsaw (INTENT: DISARM) (DAMTYE: BRUTE)</font>
[18:51:13]ATTACK: <font color='red'>Josiah Atkinson (biomechanicmann) attacked Unknown () with chainsaw (INTENT: DISARM) (DAMTYE: BRUTE)</font>
[19:08:08]ATTACK: <font color='red'>Ryker Wilo (rzzone) attacked Ryker Wilo (rzzone) with brick (INTENT: HURT) (DAMTYE: BRUTE)</font>
[19:08:09]ATTACK: <font color='red'>Ryker Wilo (rzzone) attacked Ryker Wilo (rzzone) with brick (INTENT: HURT) (DAMTYE: BRUTE)</font>
[19:24:45]ATTACK: <font color='red'>Alex Wood (ghoststalin) attacked Alex Wood (ghoststalin) with stone (INTENT: HELP) (DAMTYE: BRUTE)</font>
[19:32:17]ATTACK: <font color='red'>Frank Thorley (nikaks) attacked Ace Myles (silentium) with butcher's cleaver (INTENT: HELP) (DAMTYE: BRUTE)</font>
[19:32:18]ATTACK: <font color='red'>Frank Thorley (nikaks) attacked Ace Myles (silentium) with butcher's cleaver (INTENT: HELP) (DAMTYE: BRUTE)</font>
[19:32:20]ATTACK: <font color='red'>Frank Thorley (nikaks) attacked Ace Myles (silentium) with butcher's cleaver (INTENT: HELP) (DAMTYE: BRUTE)</font>
[19:32:21]ATTACK: <font color='red'>Frank Thorley (nikaks) attacked Unknown (silentium) with butcher's cleaver (INTENT: HELP) (DAMTYE: BRUTE)</font>


Starting up. 19:50.17
---------------------

