

Starting up. 14:12.01
---------------------

[14:12:01]ADMIN: Loading jobban_rank
[14:12:01]ADMIN: jobban_keylist was empty
[14:12:01]ADMIN: Updating jobbanfile!
[14:12:01]ADMIN: Loading Banlist
Reading donators.txt
[14:12:51]ACCESS: Login: Silentium/(Silentium) from 127.0.0.1-9016090 || BYOND v509
[14:12:51]ACCESS: Login: Silentium/(Silentium) from 127.0.0.1
[14:13:15]ADMIN: Silentium has started the game.
[14:13:16]ACCESS: Logout: *no client*/(Silentium)
[14:13:16]ACCESS: Login: Silentium/(Ace Myles) from 127.0.0.1-9016090 || BYOND v509
[14:17:17]EMOTE: Ace Myles/Silentium : <B>Ace Myles</B> loud call out.
[14:17:18]EMOTE: Ace Myles/Silentium : <B>Ace Myles</B> loud call out.
[14:17:19]EMOTE: Ace Myles/Silentium : <B>Ace Myles</B> loud call out.
[14:17:20]EMOTE: Ace Myles/Silentium : <B>Ace Myles</B> loud call out.
[14:17:21]EMOTE: Ace Myles/Silentium : <B>Ace Myles</B> loud call out.
[14:17:22]EMOTE: Ace Myles/Silentium : <B>Ace Myles</B> loud call out.
[14:25:06]EMOTE: Ace Myles/Silentium : <B>Ace Myles</B> seizes up and falls limp, his eyes dead and lifeless...
[14:25:22]ACCESS: Logout: *no client*/(Ace Myles)
[14:25:22]ACCESS: Login: Silentium/(Ace Myles) from 127.0.0.1-9016090 || BYOND v509
[14:25:38]ADMIN: Silentium/(Ace Myles) jumped to the Law Office
[14:25:41]GAME: Rebooting because of no live players
[14:25:51]ACCESS: Logout: Silentium/(Ace Myles)


Starting up. 14:26.06
---------------------

[14:26:06]ADMIN: Loading jobban_rank
[14:26:06]ADMIN: jobban_keylist was empty
[14:26:06]ADMIN: Updating jobbanfile!
[14:26:06]ADMIN: Loading Banlist
Reading donators.txt
