

Starting up. 14:50.35
---------------------

[14:50:35]ADMIN: Loading jobban_rank
[14:50:35]ADMIN: jobban_keylist was empty
[14:50:35]ADMIN: Updating jobbanfile!
[14:50:35]ADMIN: Loading Banlist
Reading donators.txt
[14:51:47]ACCESS: Login: Silentium/(Silentium) from 127.0.0.1-9016090 || BYOND v509
[14:51:47]ACCESS: Login: Silentium/(Silentium) from 127.0.0.1
[14:52:34]ADMIN: Silentium has started the game.
[14:52:35]ACCESS: Logout: *no client*/(Silentium)
[14:52:35]ACCESS: Login: Silentium/(Ace Myles) from 127.0.0.1-9016090 || BYOND v509
[14:54:31]ADMIN: Silentium/(Ace Myles) created a /obj/item/weapon/rasp
[14:54:45]ADMIN: Silentium/(Ace Myles) created a /obj/item/weapon/gun/projectile/craftrifle
[14:54:52]ADMIN: Silentium/(Ace Myles) created a /obj/item/weapon/gun/projectile/craftrifle
[14:54:59]ADMIN: Silentium/(Ace Myles) created a /obj/item/weapon/gun/projectile/zipgun
[14:56:13]ADMIN: Silentium/(Ace Myles) created a /obj/item/ammo_casing/c38s
[14:56:17]ADMIN: Silentium/(Ace Myles) created a /obj/item/ammo_casing/shotgun
[14:56:32]ADMIN: Silentium/(Ace Myles) created a /obj/item/ammo_casing/fbullet
[14:56:40]ADMIN: Silentium/(Ace Myles) created a /obj/item/ammo_casing/gauss
[14:58:04]ADMIN: Silentium/(Ace Myles) created a /obj/item/ammo_casing/c9mm
[14:59:38]ADMIN: Silentium/(Ace Myles) created a /mob/living/carbon/human
[15:00:30]ADMIN: ATTACK: Ace Myles (silentium) shot the human () with the Bullet.
[15:00:31]EMOTE: human/ : <B>The human</B> screams!
[15:00:32]EMOTE: human/ : <B>The human</B> screams!
[15:01:08]EMOTE: Unknown/ : <B>Unknown</B> is having trouble keeping their eyes open.
[15:03:11]ACCESS: Logout: Silentium/(Ace Myles)


Starting up. 16:30.37
---------------------

[16:30:37]ADMIN: Loading jobban_rank
[16:30:37]ADMIN: jobban_keylist was empty
[16:30:37]ADMIN: Updating jobbanfile!
[16:30:37]ADMIN: Loading Banlist
Reading donators.txt
[16:31:49]ACCESS: Login: Silentium/(Silentium) from 127.0.0.1-9016090 || BYOND v509
[16:31:49]ACCESS: Login: Silentium/(Silentium) from 127.0.0.1
[16:32:25]ADMIN: Silentium has started the game.
[16:32:26]ACCESS: Logout: *no client*/(Silentium)
[16:32:26]ACCESS: Login: Silentium/(Ace Myles) from 127.0.0.1-9016090 || BYOND v509
[16:34:41]ACCESS: Logout: Silentium/(Ace Myles)


Starting up. 16:54.59
---------------------

[16:54:59]ADMIN: Loading jobban_rank
[16:54:59]ADMIN: jobban_keylist was empty
[16:54:59]ADMIN: Updating jobbanfile!
[16:54:59]ADMIN: Loading Banlist
Reading donators.txt
[16:55:55]ACCESS: Login: Silentium/(Silentium) from 127.0.0.1-9016090 || BYOND v509
[16:55:55]ACCESS: Login: Silentium/(Silentium) from 127.0.0.1
[16:56:32]ADMIN: Silentium has started the game.
[16:56:32]ACCESS: Logout: *no client*/(Silentium)
[16:56:32]ACCESS: Login: Silentium/(Ace Myles) from 127.0.0.1-9016090 || BYOND v509
[16:56:48]ADMIN: Silentium/(Ace Myles) jumped to the Bar
[16:57:01]ADMIN: Silentium/(Ace Myles) deleted the wooden barricade at (13,52,2)
[16:57:13]ADMIN: Silentium/(Ace Myles) deleted the wooden barricade at (37,39,2)
[16:57:27]ADMIN: Silentium/(Ace Myles) deleted Airlock at (37,52,1)
[16:57:59]EMOTE: Ace Myles/Silentium : <B>Ace Myles</B> screams!
[16:58:05]SAY: Ace Myles/Silentium : П-Пиздец
[16:58:29]ADMIN: Silentium/(Ace Myles) healed / revived Silentium/(Ace Myles)
[16:58:32]EMOTE: Ace Myles/Silentium : <B>Ace Myles</B> screams!
[16:58:37]ADMIN: Silentium/(Ace Myles) healed / revived Silentium/(Ace Myles)
[16:59:27]ADMIN: Silentium/(Ace Myles) has toggled Silentium/(Ace Myles)'s nodamage to On
[17:00:02]ADMIN: Silentium/(Ace Myles) jumped to the Law Office
[17:00:13]EMOTE: Ace Myles/Silentium : <B>Ace Myles</B> is having trouble keeping their eyes open.
[17:00:25]ACCESS: Logout: Silentium/(Ace Myles)


Starting up. 17:06.58
---------------------

[17:06:58]ADMIN: Loading jobban_rank
[17:06:58]ADMIN: jobban_keylist was empty
[17:06:58]ADMIN: Updating jobbanfile!
[17:06:58]ADMIN: Loading Banlist
Reading donators.txt
[17:07:15]ACCESS: Login: Silentium/(Silentium) from 127.0.0.1-9016090 || BYOND v509
[17:07:15]ACCESS: Login: Silentium/(Silentium) from 127.0.0.1
[17:07:27]ADMIN: Silentium has started the game.
[17:07:28]ACCESS: Logout: *no client*/(Silentium)
[17:07:28]ACCESS: Login: Silentium/(Ace Myles) from 127.0.0.1-9016090 || BYOND v509
[17:07:34]ADMIN: Silentium/(Ace Myles) has granted Silentium full access.
[17:07:40]ADMIN: Silentium/(Ace Myles) jumped to the Law Office
[17:07:53]ADMIN: Silentium/(Ace Myles) deleted Airlock at (37,52,1)
[17:09:59]ADMIN: Silentium/(Ace Myles) modified pop-up turret cover's emagged to 1
[17:10:18]ADMIN: Silentium/(Ace Myles) modified pop-up turret cover's emagged to 0
[17:12:32]ACCESS: Logout: Silentium/(Ace Myles)


Starting up. 17:13.32
---------------------

[17:13:32]ADMIN: Loading jobban_rank
[17:13:32]ADMIN: jobban_keylist was empty
[17:13:32]ADMIN: Updating jobbanfile!
[17:13:32]ADMIN: Loading Banlist
Reading donators.txt
[17:15:23]ACCESS: Login: Silentium/(Silentium) from 127.0.0.1-9016090 || BYOND v509
[17:15:23]ACCESS: Login: Silentium/(Silentium) from 127.0.0.1
[17:15:58]ADMIN: Silentium has started the game.
[17:15:59]ACCESS: Logout: *no client*/(Silentium)
[17:15:59]ACCESS: Login: Silentium/(Ace Myles) from 127.0.0.1-9016090 || BYOND v509
[17:16:11]ADMIN: Silentium/(Ace Myles) jumped to the Law Office
[17:16:20]ADMIN: Silentium/(Ace Myles) jumped to the Law Office
[17:16:27]ADMIN: Silentium/(Ace Myles) deleted Airlock at (37,52,1)
[17:16:47]ADMIN: Silentium/(Ace Myles) modified Turret deactivation control's on to 0
[17:16:50]ADMIN: Silentium/(Ace Myles) modified Turret deactivation control's on to 1
[17:16:58]ACCESS: Logout: Silentium/(Ace Myles)
